<?xml version="1.0" encoding="UTF-8"?>
<testsuites name="Function_test" time="3628.673" tests="19" failures="0" errors="0">
   <testsuite name="Function_test" tests="19" failures="0" errors="0" time="3628.673" skipped="0" timestamp="2023-12-22 15:52:56" hostname="Pavitra I R - DESKTOP-MFB1Q4P" id="Test Suites/Function_test">
      <properties>
         <property name="deviceName" value=""/>
         <property name="devicePlatform" value=""/>
         <property name="logFolder" value="C:\\Users\\Pavitra I R\\Katalon Studio\\Admetrics\\Reports\\20231222_155247\\Function_test\\20231222_155247"/>
         <property name="logFiles" value="C:\\Users\\Pavitra I R\\Katalon Studio\\Admetrics\\Reports\\20231222_155247\\Function_test\\20231222_155247\\execution0.log"/>
         <property name="attachments" value=""/>
         <property name="hostName" value="Pavitra I R - DESKTOP-MFB1Q4P"/>
         <property name="os" value="Windows 10 64bit"/>
         <property name="katalonVersion" value="8.6.8.208"/>
         <property name="browser" value="Chrome 120.0.0.0"/>
         <property name="hostAddress" value="192.168.29.24"/>
         <property name="sessionId" value="fa0861135a23799512737fc5eb2c93a4"/>
         <property name="seleniumVersion" value="3.141.59"/>
         <property name="proxyInformation" value="ProxyInformation { proxyOption=NO_PROXY, proxyServerType=HTTP, username=, password=********, proxyServerAddress=, proxyServerPort=0, executionList=&quot;&quot;, isApplyToDesiredCapabilities=true }"/>
         <property name="platform" value="Windows 10"/>
      </properties>
      <testcase name="Test Cases/Login_Page/test_verify_project_title" time="69.544" classname="Test Cases/Login_Page/test_verify_project_title" status="PASSED">
         <system-out><![CDATA[2023-12-22 15:52:56 - [TEST_CASE][PASSED] - Test Cases/Login_Page/test_verify_project_title: Test Cases/Login_Page/test_verify_project_title

2023-12-22 15:52:56 - [TEST_STEP][PASSED] - openBrowser(""): Browser is opened with url: ''

2023-12-22 15:52:57 - [MESSAGE][INFO] - Starting 'Chrome' driver

2023-12-22 15:52:57 - [MESSAGE][INFO] - Action delay is set to 0 milliseconds

2023-12-22 15:52:59 - [MESSAGE][PASSED] - Browser is opened with url: ''

2023-12-22 15:52:59 - [TEST_STEP][PASSED] - maximizeWindow(): Current window maximized

2023-12-22 15:52:59 - [MESSAGE][PASSED] - Current window maximized

2023-12-22 15:52:59 - [TEST_STEP][PASSED] - navigateToUrl("https://dash.admetrics.ai/#/login
"): Navigate to 'https://dash.admetrics.ai/#/login' successfully

2023-12-22 15:53:00 - [MESSAGE][PASSED] - Navigate to 'https://dash.admetrics.ai/#/login' successfully

2023-12-22 15:53:00 - [TEST_STEP][PASSED] - verifyElementVisible(findTestObject("Object Repository/Page_Project_Title/Page_/img_User ID_logoImg mr-3")): Object 'Object Repository/Page_Project_Title/Page_/img_User ID_logoImg mr-3' is visible

2023-12-22 15:53:31 - [MESSAGE][INFO] - Unable to find the element located by 'By.xpath: //div[@id='background']/div/div/div/div/div/img'. Please recheck the objects properties to make sure the desired element is located. 

2023-12-22 15:53:31 - [MESSAGE][WARNING] - [SELF-HEALING] Failed to find element with id 'Object Repository/Page_Project_Title/Page_/img_User ID_logoImg mr-3'. Try using Self-healing.

2023-12-22 15:53:32 - [MESSAGE][WARNING] - [SELF-HEALING] The current locator of test object 'Object Repository/Page_Project_Title/Page_/img_User ID_logoImg mr-3' was broken. Propose an alternative one: '//img'.

2023-12-22 15:53:32 - [MESSAGE][PASSED] - Object 'Object Repository/Page_Project_Title/Page_/img_User ID_logoImg mr-3' is visible

2023-12-22 15:53:32 - [TEST_STEP][PASSED] - verifyElementText(findTestObject("Object Repository/Page_Project_Title/Page_/p_admetrics"), "admetrics"): Actual text and expected text of test object 'Object Repository/Page_Project_Title/Page_/p_admetrics' are matched.

2023-12-22 15:54:03 - [MESSAGE][INFO] - Unable to find the element located by 'By.xpath: //div[@id='background']/div/div/div/div/p'. Please recheck the objects properties to make sure the desired element is located. 

2023-12-22 15:54:03 - [MESSAGE][WARNING] - [SELF-HEALING] Failed to find element with id 'Object Repository/Page_Project_Title/Page_/p_admetrics'. Try using Self-healing.

2023-12-22 15:54:03 - [MESSAGE][WARNING] - [SELF-HEALING] The current locator of test object 'Object Repository/Page_Project_Title/Page_/p_admetrics' was broken. Propose an alternative one: '(.//*[normalize-space(text()) and normalize-space(.)='User ID'])[1]/preceding::p[1]'.

2023-12-22 15:54:03 - [MESSAGE][PASSED] - Actual text and expected text of test object 'Object Repository/Page_Project_Title/Page_/p_admetrics' are matched.

2023-12-22 15:54:03 - [TEST_STEP][PASSED] - verifyElementText(findTestObject("Object Repository/Page_Project_Title/Page_/label_User ID"), "User ID"): Actual text and expected text of test object 'Object Repository/Page_Project_Title/Page_/label_User ID' are matched.

2023-12-22 15:54:04 - [MESSAGE][PASSED] - Actual text and expected text of test object 'Object Repository/Page_Project_Title/Page_/label_User ID' are matched.

2023-12-22 15:54:04 - [TEST_STEP][PASSED] - verifyElementText(findTestObject("Object Repository/Page_Project_Title/Page_/input_User ID_username"), ""): Actual text and expected text of test object 'Object Repository/Page_Project_Title/Page_/input_User ID_username' are matched.

2023-12-22 15:54:04 - [MESSAGE][PASSED] - Actual text and expected text of test object 'Object Repository/Page_Project_Title/Page_/input_User ID_username' are matched.

2023-12-22 15:54:04 - [TEST_STEP][PASSED] - verifyElementText(findTestObject("Object Repository/Page_Project_Title/Page_/label_Password"), "Password"): Actual text and expected text of test object 'Object Repository/Page_Project_Title/Page_/label_Password' are matched.

2023-12-22 15:54:04 - [MESSAGE][PASSED] - Actual text and expected text of test object 'Object Repository/Page_Project_Title/Page_/label_Password' are matched.

2023-12-22 15:54:04 - [TEST_STEP][PASSED] - verifyElementText(findTestObject("Object Repository/Page_Project_Title/Page_/input_Password_password"), ""): Actual text and expected text of test object 'Object Repository/Page_Project_Title/Page_/input_Password_password' are matched.

2023-12-22 15:54:05 - [MESSAGE][PASSED] - Actual text and expected text of test object 'Object Repository/Page_Project_Title/Page_/input_Password_password' are matched.

2023-12-22 15:54:05 - [TEST_STEP][PASSED] - verifyElementText(findTestObject("Object Repository/Page_Project_Title/Page_/button_Login"), "Login"): Actual text and expected text of test object 'Object Repository/Page_Project_Title/Page_/button_Login' are matched.

2023-12-22 15:54:05 - [MESSAGE][PASSED] - Actual text and expected text of test object 'Object Repository/Page_Project_Title/Page_/button_Login' are matched.

2023-12-22 15:54:05 - [TEST_STEP][PASSED] - verifyElementClickable(findTestObject("Object Repository/Page_Project_Title/Page_/button_Login")): Object 'Object Repository/Page_Project_Title/Page_/button_Login' is clickable

2023-12-22 15:54:06 - [MESSAGE][PASSED] - Object 'Object Repository/Page_Project_Title/Page_/button_Login' is clickable]]></system-out>
         <system-err><![CDATA[]]></system-err>
      </testcase>
      <testcase name="Test Cases/Login_Page/test_empty_credentials" time="1.896" classname="Test Cases/Login_Page/test_empty_credentials" status="PASSED">
         <system-out><![CDATA[2023-12-22 15:54:06 - [TEST_CASE][PASSED] - Test Cases/Login_Page/test_empty_credentials: Test Cases/Login_Page/test_empty_credentials

2023-12-22 15:54:06 - [TEST_STEP][PASSED] - click(findTestObject("Object Repository/Page_Empty_credentials/Page_/input_User ID_username")): Object: 'Object Repository/Page_Empty_credentials/Page_/input_User ID_username' is clicked on

2023-12-22 15:54:07 - [MESSAGE][PASSED] - Object: 'Object Repository/Page_Empty_credentials/Page_/input_User ID_username' is clicked on

2023-12-22 15:54:07 - [TEST_STEP][PASSED] - click(findTestObject("Object Repository/Page_Empty_credentials/Page_/button_Login")): Object: 'Object Repository/Page_Empty_credentials/Page_/button_Login' is clicked on

2023-12-22 15:54:07 - [MESSAGE][PASSED] - Object: 'Object Repository/Page_Empty_credentials/Page_/button_Login' is clicked on

2023-12-22 15:54:07 - [TEST_STEP][PASSED] - verifyElementText(findTestObject("Object Repository/Page_Empty_credentials/Page_/span_Invalid Credentials"), "Invalid Credentials"): Actual text and expected text of test object 'Object Repository/Page_Empty_credentials/Page_/span_Invalid Credentials' are matched.

2023-12-22 15:54:08 - [MESSAGE][PASSED] - Actual text and expected text of test object 'Object Repository/Page_Empty_credentials/Page_/span_Invalid Credentials' are matched.]]></system-out>
         <system-err><![CDATA[]]></system-err>
      </testcase>
      <testcase name="Test Cases/Login_Page/test_invalidusername_validpassword" time="2.774" classname="Test Cases/Login_Page/test_invalidusername_validpassword" status="PASSED">
         <system-out><![CDATA[2023-12-22 15:54:08 - [TEST_CASE][PASSED] - Test Cases/Login_Page/test_invalidusername_validpassword: Test Cases/Login_Page/test_invalidusername_validpassword

2023-12-22 15:54:08 - [TEST_STEP][PASSED] - setText(findTestObject("Object Repository/Page_invalid_valid/Page_/input_User ID_username"), "tibil"): Text 'tibil' is set on object 'Object Repository/Page_invalid_valid/Page_/input_User ID_username'

2023-12-22 15:54:09 - [MESSAGE][PASSED] - Text 'tibil' is set on object 'Object Repository/Page_invalid_valid/Page_/input_User ID_username'

2023-12-22 15:54:09 - [TEST_STEP][PASSED] - setEncryptedText(findTestObject("Object Repository/Page_invalid_valid/Page_/input_Password_password"), "7Dxoto1EjKfQbGop/Ov+1g=="): Text ****** has been set on object 'Object Repository/Page_invalid_valid/Page_/input_Password_password'

2023-12-22 15:54:09 - [MESSAGE][PASSED] - Text ****** has been set on object 'Object Repository/Page_invalid_valid/Page_/input_Password_password'

2023-12-22 15:54:09 - [TEST_STEP][PASSED] - click(findTestObject("Object Repository/Page_invalid_valid/Page_/button_Login")): Object: 'Object Repository/Page_invalid_valid/Page_/button_Login' is clicked on

2023-12-22 15:54:10 - [MESSAGE][PASSED] - Object: 'Object Repository/Page_invalid_valid/Page_/button_Login' is clicked on

2023-12-22 15:54:10 - [TEST_STEP][PASSED] - verifyElementText(findTestObject("Object Repository/Page_invalid_valid/Page_/span_Invalid Credentials"), "Invalid Credentials"): Actual text and expected text of test object 'Object Repository/Page_invalid_valid/Page_/span_Invalid Credentials' are matched.

2023-12-22 15:54:10 - [MESSAGE][PASSED] - Actual text and expected text of test object 'Object Repository/Page_invalid_valid/Page_/span_Invalid Credentials' are matched.]]></system-out>
         <system-err><![CDATA[]]></system-err>
      </testcase>
      <testcase name="Test Cases/Login_Page/test_validate_login_page" time="3.042" classname="Test Cases/Login_Page/test_validate_login_page" status="PASSED">
         <system-out><![CDATA[2023-12-22 15:54:10 - [TEST_CASE][PASSED] - Test Cases/Login_Page/test_validate_login_page: Test Cases/Login_Page/test_validate_login_page

2023-12-22 15:54:11 - [TEST_STEP][PASSED] - setText(findTestObject("Object Repository/Page_Invalid/Page_/input_User ID_username"), username): Text '' is set on object 'Object Repository/Page_Invalid/Page_/input_User ID_username'

2023-12-22 15:54:12 - [MESSAGE][PASSED] - Text '' is set on object 'Object Repository/Page_Invalid/Page_/input_User ID_username'

2023-12-22 15:54:12 - [TEST_STEP][PASSED] - setEncryptedText(findTestObject("Object Repository/Page_Invalid/Page_/input_Password_password"), password): Text ****** has been set on object 'Object Repository/Page_Invalid/Page_/input_Password_password'

2023-12-22 15:54:12 - [MESSAGE][PASSED] - Text ****** has been set on object 'Object Repository/Page_Invalid/Page_/input_Password_password'

2023-12-22 15:54:12 - [TEST_STEP][PASSED] - click(findTestObject("Object Repository/Page_Invalid/Page_/button_Login")): Object: 'Object Repository/Page_Invalid/Page_/button_Login' is clicked on

2023-12-22 15:54:13 - [MESSAGE][PASSED] - Object: 'Object Repository/Page_Invalid/Page_/button_Login' is clicked on

2023-12-22 15:54:13 - [TEST_STEP][PASSED] - verifyElementText(findTestObject("Object Repository/Page_Invalid/Page_/span_Invalid Credentials"), "Invalid Credentials"): Actual text and expected text of test object 'Object Repository/Page_Invalid/Page_/span_Invalid Credentials' are matched.

2023-12-22 15:54:13 - [MESSAGE][PASSED] - Actual text and expected text of test object 'Object Repository/Page_Invalid/Page_/span_Invalid Credentials' are matched.]]></system-out>
         <system-err><![CDATA[]]></system-err>
      </testcase>
      <testcase name="Test Cases/Login_Page/test_validusername_invalipassword" time="2.812" classname="Test Cases/Login_Page/test_validusername_invalipassword" status="PASSED">
         <system-out><![CDATA[2023-12-22 15:54:13 - [TEST_CASE][PASSED] - Test Cases/Login_Page/test_validusername_invalipassword: Test Cases/Login_Page/test_validusername_invalipassword

2023-12-22 15:54:14 - [TEST_STEP][PASSED] - setText(findTestObject("Object Repository/Page_valid_invalid/Page_/input_User ID_username"), "admin"): Text 'admin' is set on object 'Object Repository/Page_valid_invalid/Page_/input_User ID_username'

2023-12-22 15:54:15 - [MESSAGE][PASSED] - Text 'admin' is set on object 'Object Repository/Page_valid_invalid/Page_/input_User ID_username'

2023-12-22 15:54:15 - [TEST_STEP][PASSED] - setEncryptedText(findTestObject("Object Repository/Page_valid_invalid/Page_/input_Password_password"), "RSNArcc3BqI="): Text ****** has been set on object 'Object Repository/Page_valid_invalid/Page_/input_Password_password'

2023-12-22 15:54:15 - [MESSAGE][PASSED] - Text ****** has been set on object 'Object Repository/Page_valid_invalid/Page_/input_Password_password'

2023-12-22 15:54:15 - [TEST_STEP][PASSED] - click(findTestObject("Object Repository/Page_valid_invalid/Page_/button_Login")): Object: 'Object Repository/Page_valid_invalid/Page_/button_Login' is clicked on

2023-12-22 15:54:16 - [MESSAGE][PASSED] - Object: 'Object Repository/Page_valid_invalid/Page_/button_Login' is clicked on

2023-12-22 15:54:16 - [TEST_STEP][PASSED] - verifyElementText(findTestObject("Object Repository/Page_valid_invalid/Page_/span_Invalid Credentials"), "Invalid Credentials"): Actual text and expected text of test object 'Object Repository/Page_valid_invalid/Page_/span_Invalid Credentials' are matched.

2023-12-22 15:54:16 - [MESSAGE][PASSED] - Actual text and expected text of test object 'Object Repository/Page_valid_invalid/Page_/span_Invalid Credentials' are matched.]]></system-out>
         <system-err><![CDATA[]]></system-err>
      </testcase>
      <testcase name="Test Cases/Login_Page/test_valid_login" time="8.681" classname="Test Cases/Login_Page/test_valid_login" status="PASSED">
         <system-out><![CDATA[2023-12-22 15:54:16 - [TEST_CASE][PASSED] - Test Cases/Login_Page/test_valid_login: Test Cases/Login_Page/test_valid_login

2023-12-22 15:54:17 - [TEST_STEP][PASSED] - setText(findTestObject("Object Repository/Page_valid_login/Page_/input_User ID_username"), username): Text 'admin' is set on object 'Object Repository/Page_valid_login/Page_/input_User ID_username'

2023-12-22 15:54:17 - [MESSAGE][PASSED] - Text 'admin' is set on object 'Object Repository/Page_valid_login/Page_/input_User ID_username'

2023-12-22 15:54:17 - [TEST_STEP][PASSED] - setEncryptedText(findTestObject("Object Repository/Page_valid_login/Page_/input_Password_password"), password): Text ****** has been set on object 'Object Repository/Page_valid_login/Page_/input_Password_password'

2023-12-22 15:54:18 - [MESSAGE][PASSED] - Text ****** has been set on object 'Object Repository/Page_valid_login/Page_/input_Password_password'

2023-12-22 15:54:18 - [TEST_STEP][PASSED] - click(findTestObject("Object Repository/Page_valid_login/Page_/button_Login")): Object: 'Object Repository/Page_valid_login/Page_/button_Login' is clicked on

2023-12-22 15:54:18 - [MESSAGE][PASSED] - Object: 'Object Repository/Page_valid_login/Page_/button_Login' is clicked on

2023-12-22 15:54:18 - [TEST_STEP][PASSED] - verifyElementText(findTestObject("Object Repository/Page_Menu/Page_/span_Spend Report"), "Spend Report"): Actual text and expected text of test object 'Object Repository/Page_Menu/Page_/span_Spend Report' are matched.

2023-12-22 15:54:23 - [MESSAGE][PASSED] - Actual text and expected text of test object 'Object Repository/Page_Menu/Page_/span_Spend Report' are matched.

2023-12-22 15:54:23 - [TEST_STEP][PASSED] - delay(2): Delayed 2 second(s)

2023-12-22 15:54:25 - [MESSAGE][PASSED] - Delayed 2 second(s)]]></system-out>
         <system-err><![CDATA[]]></system-err>
      </testcase>
      <testcase name="Test Cases/Dashboard_Page/test_verify_menu" time="25.461" classname="Test Cases/Dashboard_Page/test_verify_menu" status="PASSED">
         <system-out><![CDATA[2023-12-22 15:54:25 - [TEST_CASE][PASSED] - Test Cases/Dashboard_Page/test_verify_menu: Test Cases/Dashboard_Page/test_verify_menu

2023-12-22 15:54:25 - [TEST_STEP][PASSED] - verifyElementVisible(findTestObject("Object Repository/Page_Menu/Page_/img")): Object 'Object Repository/Page_Menu/Page_/img' is visible

2023-12-22 15:54:26 - [MESSAGE][PASSED] - Object 'Object Repository/Page_Menu/Page_/img' is visible

2023-12-22 15:54:26 - [TEST_STEP][PASSED] - verifyElementText(findTestObject("Object Repository/Page_Menu/Page_/span_admetrics"), "admetrics"): Actual text and expected text of test object 'Object Repository/Page_Menu/Page_/span_admetrics' are matched.

2023-12-22 15:54:26 - [MESSAGE][PASSED] - Actual text and expected text of test object 'Object Repository/Page_Menu/Page_/span_admetrics' are matched.

2023-12-22 15:54:26 - [TEST_STEP][PASSED] - verifyElementClickable(findTestObject("Object Repository/Page_Menu/Page_/div_admetrics_spinner diagonal part-1")): Object 'Object Repository/Page_Menu/Page_/div_admetrics_spinner diagonal part-1' is clickable

2023-12-22 15:54:27 - [MESSAGE][PASSED] - Object 'Object Repository/Page_Menu/Page_/div_admetrics_spinner diagonal part-1' is clickable

2023-12-22 15:54:27 - [TEST_STEP][PASSED] - click(findTestObject("Object Repository/Page_Menu/Page_/div_admetrics_spinner diagonal part-2")): Object: 'Object Repository/Page_Menu/Page_/div_admetrics_spinner diagonal part-2' is clicked on

2023-12-22 15:54:27 - [MESSAGE][PASSED] - Object: 'Object Repository/Page_Menu/Page_/div_admetrics_spinner diagonal part-2' is clicked on

2023-12-22 15:54:27 - [TEST_STEP][PASSED] - click(findTestObject("Object Repository/Page_Menu/Page_/div_admetrics_spinner horizontal")): Object: 'Object Repository/Page_Menu/Page_/div_admetrics_spinner horizontal' is clicked on

2023-12-22 15:54:28 - [MESSAGE][PASSED] - Object: 'Object Repository/Page_Menu/Page_/div_admetrics_spinner horizontal' is clicked on

2023-12-22 15:54:28 - [TEST_STEP][PASSED] - verifyElementClickable(findTestObject("Object Repository/Page_Menu/Page_/div_admetrics_spinner horizontal_1")): Object 'Object Repository/Page_Menu/Page_/div_admetrics_spinner horizontal_1' is clickable

2023-12-22 15:54:29 - [MESSAGE][PASSED] - Object 'Object Repository/Page_Menu/Page_/div_admetrics_spinner horizontal_1' is clickable

2023-12-22 15:54:29 - [TEST_STEP][PASSED] - click(findTestObject("Object Repository/Page_Menu/Page_/div_admetrics_spinner diagonal part-2")): Object: 'Object Repository/Page_Menu/Page_/div_admetrics_spinner diagonal part-2' is clicked on

2023-12-22 15:54:29 - [MESSAGE][PASSED] - Object: 'Object Repository/Page_Menu/Page_/div_admetrics_spinner diagonal part-2' is clicked on

2023-12-22 15:54:29 - [TEST_STEP][PASSED] - click(findTestObject("Object Repository/Page_Menu/Page_/label_admetrics_sidebarIconToggle")): Object: 'Object Repository/Page_Menu/Page_/label_admetrics_sidebarIconToggle' is clicked on

2023-12-22 15:54:30 - [MESSAGE][PASSED] - Object: 'Object Repository/Page_Menu/Page_/label_admetrics_sidebarIconToggle' is clicked on

2023-12-22 15:54:30 - [TEST_STEP][PASSED] - verifyElementVisible(findTestObject("Object Repository/Page_Menu/Page_/img_admetrics_menuIcon")): Object 'Object Repository/Page_Menu/Page_/img_admetrics_menuIcon' is visible

2023-12-22 15:54:30 - [MESSAGE][PASSED] - Object 'Object Repository/Page_Menu/Page_/img_admetrics_menuIcon' is visible

2023-12-22 15:54:30 - [TEST_STEP][PASSED] - click(findTestObject("Object Repository/Page_Menu/Page_/li_Spend Report")): Object: 'Object Repository/Page_Menu/Page_/li_Spend Report' is clicked on

2023-12-22 15:54:31 - [MESSAGE][PASSED] - Object: 'Object Repository/Page_Menu/Page_/li_Spend Report' is clicked on

2023-12-22 15:54:31 - [TEST_STEP][PASSED] - verifyElementText(findTestObject("Object Repository/Page_Menu/Page_/p_Spend Report"), "Spend Report"): Actual text and expected text of test object 'Object Repository/Page_Menu/Page_/p_Spend Report' are matched.

2023-12-22 15:54:31 - [MESSAGE][PASSED] - Actual text and expected text of test object 'Object Repository/Page_Menu/Page_/p_Spend Report' are matched.

2023-12-22 15:54:31 - [TEST_STEP][PASSED] - click(findTestObject("Object Repository/Page_Menu/Page_/div_admetrics_spinner horizontal_1")): Object: 'Object Repository/Page_Menu/Page_/div_admetrics_spinner horizontal_1' is clicked on

2023-12-22 15:54:32 - [MESSAGE][PASSED] - Object: 'Object Repository/Page_Menu/Page_/div_admetrics_spinner horizontal_1' is clicked on

2023-12-22 15:54:32 - [TEST_STEP][PASSED] - verifyElementClickable(findTestObject("Object Repository/Page_Menu/Page_/li_Spend Report")): Object 'Object Repository/Page_Menu/Page_/li_Spend Report' is clickable

2023-12-22 15:54:32 - [MESSAGE][PASSED] - Object 'Object Repository/Page_Menu/Page_/li_Spend Report' is clickable

2023-12-22 15:54:32 - [TEST_STEP][PASSED] - click(findTestObject("Object Repository/Page_Menu/Page_/label_admetrics_sidebarIconToggle")): Object: 'Object Repository/Page_Menu/Page_/label_admetrics_sidebarIconToggle' is clicked on

2023-12-22 15:54:32 - [MESSAGE][PASSED] - Object: 'Object Repository/Page_Menu/Page_/label_admetrics_sidebarIconToggle' is clicked on

2023-12-22 15:54:32 - [TEST_STEP][PASSED] - verifyElementText(findTestObject("Object Repository/Page_Menu/Page_/span_Spend Report"), "Spend Report"): Actual text and expected text of test object 'Object Repository/Page_Menu/Page_/span_Spend Report' are matched.

2023-12-22 15:54:33 - [MESSAGE][PASSED] - Actual text and expected text of test object 'Object Repository/Page_Menu/Page_/span_Spend Report' are matched.

2023-12-22 15:54:33 - [TEST_STEP][PASSED] - verifyElementVisible(findTestObject("Object Repository/Page_Menu/Page_/img_Spend Report_menuIcon")): Object 'Object Repository/Page_Menu/Page_/img_Spend Report_menuIcon' is visible

2023-12-22 15:54:33 - [MESSAGE][PASSED] - Object 'Object Repository/Page_Menu/Page_/img_Spend Report_menuIcon' is visible

2023-12-22 15:54:33 - [TEST_STEP][PASSED] - click(findTestObject("Object Repository/Page_Menu/Page_/li_Spend Monitoring")): Object: 'Object Repository/Page_Menu/Page_/li_Spend Monitoring' is clicked on

2023-12-22 15:54:34 - [MESSAGE][PASSED] - Object: 'Object Repository/Page_Menu/Page_/li_Spend Monitoring' is clicked on

2023-12-22 15:54:34 - [TEST_STEP][PASSED] - verifyElementClickable(findTestObject("Object Repository/Page_Menu/Page_/li_Spend Monitoring")): Object 'Object Repository/Page_Menu/Page_/li_Spend Monitoring' is clickable

2023-12-22 15:54:36 - [MESSAGE][PASSED] - Object 'Object Repository/Page_Menu/Page_/li_Spend Monitoring' is clickable

2023-12-22 15:54:36 - [TEST_STEP][PASSED] - click(findTestObject("Object Repository/Page_Menu/Page_/div_admetrics_spinner diagonal part-2")): Object: 'Object Repository/Page_Menu/Page_/div_admetrics_spinner diagonal part-2' is clicked on

2023-12-22 15:54:36 - [MESSAGE][PASSED] - Object: 'Object Repository/Page_Menu/Page_/div_admetrics_spinner diagonal part-2' is clicked on

2023-12-22 15:54:36 - [TEST_STEP][PASSED] - verifyElementText(findTestObject("Object Repository/Page_Menu/Page_/p_Spend Monitoring Report"), "Spend Monitoring Report"): Actual text and expected text of test object 'Object Repository/Page_Menu/Page_/p_Spend Monitoring Report' are matched.

2023-12-22 15:54:37 - [MESSAGE][PASSED] - Actual text and expected text of test object 'Object Repository/Page_Menu/Page_/p_Spend Monitoring Report' are matched.

2023-12-22 15:54:37 - [TEST_STEP][PASSED] - click(findTestObject("Object Repository/Page_Menu/Page_/div_admetrics_spinner diagonal part-2_1")): Object: 'Object Repository/Page_Menu/Page_/div_admetrics_spinner diagonal part-2_1' is clicked on

2023-12-22 15:54:37 - [MESSAGE][PASSED] - Object: 'Object Repository/Page_Menu/Page_/div_admetrics_spinner diagonal part-2_1' is clicked on

2023-12-22 15:54:37 - [TEST_STEP][PASSED] - verifyElementVisible(findTestObject("Object Repository/Page_Menu/Page_/img_Spend Monitoring_menuIcon")): Object 'Object Repository/Page_Menu/Page_/img_Spend Monitoring_menuIcon' is visible

2023-12-22 15:54:38 - [MESSAGE][PASSED] - Object 'Object Repository/Page_Menu/Page_/img_Spend Monitoring_menuIcon' is visible

2023-12-22 15:54:38 - [TEST_STEP][PASSED] - click(findTestObject("Object Repository/Page_Menu/Page_/li_Performance")): Object: 'Object Repository/Page_Menu/Page_/li_Performance' is clicked on

2023-12-22 15:54:38 - [MESSAGE][PASSED] - Object: 'Object Repository/Page_Menu/Page_/li_Performance' is clicked on

2023-12-22 15:54:38 - [TEST_STEP][PASSED] - verifyElementClickable(findTestObject("Object Repository/Page_Menu/Page_/li_Performance")): Object 'Object Repository/Page_Menu/Page_/li_Performance' is clickable

2023-12-22 15:54:40 - [MESSAGE][PASSED] - Object 'Object Repository/Page_Menu/Page_/li_Performance' is clickable

2023-12-22 15:54:40 - [TEST_STEP][PASSED] - verifyElementText(findTestObject("Object Repository/Page_Menu/Page_/p_Performance Report"), "Performance Report"): Actual text and expected text of test object 'Object Repository/Page_Menu/Page_/p_Performance Report' are matched.

2023-12-22 15:54:41 - [MESSAGE][PASSED] - Actual text and expected text of test object 'Object Repository/Page_Menu/Page_/p_Performance Report' are matched.

2023-12-22 15:54:41 - [TEST_STEP][PASSED] - click(findTestObject("Object Repository/Page_Menu/Page_/div_admetrics_spinner diagonal part-2")): Object: 'Object Repository/Page_Menu/Page_/div_admetrics_spinner diagonal part-2' is clicked on

2023-12-22 15:54:41 - [MESSAGE][PASSED] - Object: 'Object Repository/Page_Menu/Page_/div_admetrics_spinner diagonal part-2' is clicked on

2023-12-22 15:54:41 - [TEST_STEP][PASSED] - click(findTestObject("Object Repository/Page_Menu/Page_/label_admetrics_sidebarIconToggle")): Object: 'Object Repository/Page_Menu/Page_/label_admetrics_sidebarIconToggle' is clicked on

2023-12-22 15:54:42 - [MESSAGE][PASSED] - Object: 'Object Repository/Page_Menu/Page_/label_admetrics_sidebarIconToggle' is clicked on

2023-12-22 15:54:42 - [TEST_STEP][PASSED] - verifyElementVisible(findTestObject("Object Repository/Page_Menu/Page_/img_Performance_menuIcon")): Object 'Object Repository/Page_Menu/Page_/img_Performance_menuIcon' is visible

2023-12-22 15:54:42 - [MESSAGE][PASSED] - Object 'Object Repository/Page_Menu/Page_/img_Performance_menuIcon' is visible

2023-12-22 15:54:42 - [TEST_STEP][PASSED] - click(findTestObject("Object Repository/Page_Menu/Page_/li_Campaign")): Object: 'Object Repository/Page_Menu/Page_/li_Campaign' is clicked on

2023-12-22 15:54:43 - [MESSAGE][PASSED] - Object: 'Object Repository/Page_Menu/Page_/li_Campaign' is clicked on

2023-12-22 15:54:43 - [TEST_STEP][PASSED] - verifyElementClickable(findTestObject("Object Repository/Page_Menu/Page_/li_Campaign")): Object 'Object Repository/Page_Menu/Page_/li_Campaign' is clickable

2023-12-22 15:54:46 - [MESSAGE][PASSED] - Object 'Object Repository/Page_Menu/Page_/li_Campaign' is clickable

2023-12-22 15:54:46 - [TEST_STEP][PASSED] - click(findTestObject("Object Repository/Page_Menu/Page_/label_admetrics_sidebarIconToggle_1")): Object: 'Object Repository/Page_Menu/Page_/label_admetrics_sidebarIconToggle_1' is clicked on

2023-12-22 15:54:46 - [MESSAGE][PASSED] - Object: 'Object Repository/Page_Menu/Page_/label_admetrics_sidebarIconToggle_1' is clicked on

2023-12-22 15:54:46 - [TEST_STEP][PASSED] - verifyElementText(findTestObject("Object Repository/Page_Menu/Page_/p_Campaign Analytics"), "Campaign Analytics"): Actual text and expected text of test object 'Object Repository/Page_Menu/Page_/p_Campaign Analytics' are matched.

2023-12-22 15:54:47 - [MESSAGE][PASSED] - Actual text and expected text of test object 'Object Repository/Page_Menu/Page_/p_Campaign Analytics' are matched.

2023-12-22 15:54:47 - [TEST_STEP][PASSED] - click(findTestObject("Object Repository/Page_Menu/Page_/label_admetrics_sidebarIconToggle")): Object: 'Object Repository/Page_Menu/Page_/label_admetrics_sidebarIconToggle' is clicked on

2023-12-22 15:54:47 - [MESSAGE][PASSED] - Object: 'Object Repository/Page_Menu/Page_/label_admetrics_sidebarIconToggle' is clicked on

2023-12-22 15:54:47 - [TEST_STEP][PASSED] - verifyElementClickable(findTestObject("Object Repository/Page_Menu/Page_/i_Campaign_signOut")): Object 'Object Repository/Page_Menu/Page_/i_Campaign_signOut' is clickable

2023-12-22 15:54:48 - [MESSAGE][PASSED] - Object 'Object Repository/Page_Menu/Page_/i_Campaign_signOut' is clickable

2023-12-22 15:54:48 - [TEST_STEP][PASSED] - click(findTestObject("Object Repository/Page_Menu/Page_/i_Campaign_signOut")): Object: 'Object Repository/Page_Menu/Page_/i_Campaign_signOut' is clicked on

2023-12-22 15:54:48 - [MESSAGE][PASSED] - Object: 'Object Repository/Page_Menu/Page_/i_Campaign_signOut' is clicked on

2023-12-22 15:54:48 - [TEST_STEP][PASSED] - delay(2): Delayed 2 second(s)

2023-12-22 15:54:50 - [MESSAGE][PASSED] - Delayed 2 second(s)]]></system-out>
         <system-err><![CDATA[]]></system-err>
      </testcase>
      <testcase name="Test Cases/Spend_Report/test_monthly_spend_report" time="25.142" classname="Test Cases/Spend_Report/test_monthly_spend_report" status="PASSED">
         <system-out><![CDATA[2023-12-22 15:54:50 - [TEST_CASE][PASSED] - Test Cases/Spend_Report/test_monthly_spend_report: Test Cases/Spend_Report/test_monthly_spend_report

2023-12-22 15:54:51 - [TEST_STEP][PASSED] - callTestCase(findTestCase("Reusable_Functions/Login"), [:], CONTINUE_ON_FAILURE): Call Test Case 'Test Cases/Reusable_Functions/Login' successfully

2023-12-22 15:54:51 - [TEST_CASE][PASSED] - Test Cases/Reusable_Functions/Login: Test Cases/Reusable_Functions/Login

2023-12-22 15:54:51 - [TEST_STEP][PASSED] - openBrowser(""): Browser is opened with url: ''

2023-12-22 15:54:51 - [MESSAGE][WARNING] - A browser is already opened. Closing browser and opening a new one

2023-12-22 15:54:52 - [MESSAGE][INFO] - Starting 'Chrome' driver

2023-12-22 15:54:52 - [MESSAGE][INFO] - Action delay is set to 0 milliseconds

2023-12-22 15:54:54 - [MESSAGE][PASSED] - Browser is opened with url: ''

2023-12-22 15:54:54 - [TEST_STEP][PASSED] - maximizeWindow(): Current window maximized

2023-12-22 15:54:54 - [MESSAGE][PASSED] - Current window maximized

2023-12-22 15:54:54 - [TEST_STEP][PASSED] - navigateToUrl(url): Navigate to 'https://dash.admetrics.ai/' successfully

2023-12-22 15:54:56 - [MESSAGE][PASSED] - Navigate to 'https://dash.admetrics.ai/' successfully

2023-12-22 15:54:56 - [TEST_STEP][PASSED] - setText(findTestObject("Page_valid_login/Page_/input_User ID_username"), username): Text 'admin' is set on object 'Object Repository/Page_valid_login/Page_/input_User ID_username'

2023-12-22 15:54:57 - [MESSAGE][PASSED] - Text 'admin' is set on object 'Object Repository/Page_valid_login/Page_/input_User ID_username'

2023-12-22 15:54:57 - [TEST_STEP][PASSED] - setEncryptedText(findTestObject("Page_valid_login/Page_/input_Password_password"), password): Text ****** has been set on object 'Object Repository/Page_valid_login/Page_/input_Password_password'

2023-12-22 15:54:57 - [MESSAGE][PASSED] - Text ****** has been set on object 'Object Repository/Page_valid_login/Page_/input_Password_password'

2023-12-22 15:54:57 - [TEST_STEP][PASSED] - click(findTestObject("Page_valid_login/Page_/button_Login")): Object: 'Object Repository/Page_valid_login/Page_/button_Login' is clicked on

2023-12-22 15:54:58 - [MESSAGE][PASSED] - Object: 'Object Repository/Page_valid_login/Page_/button_Login' is clicked on

2023-12-22 15:54:58 - [MESSAGE][PASSED] - Call Test Case 'Test Cases/Reusable_Functions/Login' successfully

2023-12-22 15:54:58 - [TEST_STEP][PASSED] - verifyElementClickable(findTestObject("Object Repository/Page_Monthly_Spend_Report/Page_/div_Monthly Spend Report")): Object 'Object Repository/Page_Monthly_Spend_Report/Page_/div_Monthly Spend Report' is clickable

2023-12-22 15:55:02 - [MESSAGE][PASSED] - Object 'Object Repository/Page_Monthly_Spend_Report/Page_/div_Monthly Spend Report' is clickable

2023-12-22 15:55:02 - [TEST_STEP][PASSED] - click(findTestObject("Object Repository/Page_Monthly_Spend_Report/Page_/div_Monthly Spend Report")): Object: 'Object Repository/Page_Monthly_Spend_Report/Page_/div_Monthly Spend Report' is clicked on

2023-12-22 15:55:02 - [MESSAGE][PASSED] - Object: 'Object Repository/Page_Monthly_Spend_Report/Page_/div_Monthly Spend Report' is clicked on

2023-12-22 15:55:02 - [TEST_STEP][PASSED] - verifyElementClickable(findTestObject("Object Repository/Page_Monthly_Spend_Report/Page_/svg_Enter a date range_mat-datepicker-toggl_ef015c")): Object 'Object Repository/Page_Monthly_Spend_Report/Page_/svg_Enter a date range_mat-datepicker-toggl_ef015c' is clickable

2023-12-22 15:55:04 - [MESSAGE][PASSED] - Object 'Object Repository/Page_Monthly_Spend_Report/Page_/svg_Enter a date range_mat-datepicker-toggl_ef015c' is clickable

2023-12-22 15:55:04 - [TEST_STEP][PASSED] - verifyElementClickable(findTestObject("Object Repository/Page_Monthly_Spend_Report/Page_/mat-icon_clear")): Object 'Object Repository/Page_Monthly_Spend_Report/Page_/mat-icon_clear' is clickable

2023-12-22 15:55:04 - [MESSAGE][PASSED] - Object 'Object Repository/Page_Monthly_Spend_Report/Page_/mat-icon_clear' is clickable

2023-12-22 15:55:04 - [TEST_STEP][PASSED] - click(findTestObject("Object Repository/Page_Monthly_Spend_Report/Page_/svg_Enter a date range_mat-datepicker-toggl_ef015c")): Object: 'Object Repository/Page_Monthly_Spend_Report/Page_/svg_Enter a date range_mat-datepicker-toggl_ef015c' is clicked on

2023-12-22 15:55:05 - [MESSAGE][PASSED] - Object: 'Object Repository/Page_Monthly_Spend_Report/Page_/svg_Enter a date range_mat-datepicker-toggl_ef015c' is clicked on

2023-12-22 15:55:05 - [TEST_STEP][PASSED] - verifyElementClickable(findTestObject("Object Repository/Page_Monthly_Spend_Report/Page_/button_SEPT 2023_mat-focus-indicator mat-ca_7a0138")): Object 'Object Repository/Page_Monthly_Spend_Report/Page_/button_SEPT 2023_mat-focus-indicator mat-ca_7a0138' is clickable

2023-12-22 15:55:06 - [MESSAGE][PASSED] - Object 'Object Repository/Page_Monthly_Spend_Report/Page_/button_SEPT 2023_mat-focus-indicator mat-ca_7a0138' is clickable

2023-12-22 15:55:06 - [TEST_STEP][PASSED] - verifyElementClickable(findTestObject("Object Repository/Page_Monthly_Spend_Report/Page_/button_SEPT 2023_mat-focus-indicator mat-ca_7a0138")): Object 'Object Repository/Page_Monthly_Spend_Report/Page_/button_SEPT 2023_mat-focus-indicator mat-ca_7a0138' is clickable

2023-12-22 15:55:06 - [MESSAGE][PASSED] - Object 'Object Repository/Page_Monthly_Spend_Report/Page_/button_SEPT 2023_mat-focus-indicator mat-ca_7a0138' is clickable

2023-12-22 15:55:06 - [TEST_STEP][PASSED] - click(findTestObject("Object Repository/Page_Monthly_Spend_Report/Page_/button_SEPT 2023_mat-focus-indicator mat-ca_7a0138")): Object: 'Object Repository/Page_Monthly_Spend_Report/Page_/button_SEPT 2023_mat-focus-indicator mat-ca_7a0138' is clicked on

2023-12-22 15:55:07 - [MESSAGE][PASSED] - Object: 'Object Repository/Page_Monthly_Spend_Report/Page_/button_SEPT 2023_mat-focus-indicator mat-ca_7a0138' is clicked on

2023-12-22 15:55:07 - [TEST_STEP][PASSED] - click(findTestObject("Object Repository/Page_Monthly_Spend_Report/Page_/div_1")): Object: 'Object Repository/Page_Monthly_Spend_Report/Page_/div_1' is clicked on

2023-12-22 15:55:08 - [MESSAGE][PASSED] - Object: 'Object Repository/Page_Monthly_Spend_Report/Page_/div_1' is clicked on

2023-12-22 15:55:08 - [TEST_STEP][PASSED] - click(findTestObject("Object Repository/Page_Monthly_Spend_Report/Page_/div_31")): Object: 'Object Repository/Page_Monthly_Spend_Report/Page_/div_31' is clicked on

2023-12-22 15:55:08 - [MESSAGE][PASSED] - Object: 'Object Repository/Page_Monthly_Spend_Report/Page_/div_31' is clicked on

2023-12-22 15:55:08 - [TEST_STEP][PASSED] - delay(2): Delayed 2 second(s)

2023-12-22 15:55:10 - [MESSAGE][PASSED] - Delayed 2 second(s)

2023-12-22 15:55:10 - [TEST_STEP][PASSED] - callTestCase(findTestCase("Reusable_Functions/Fullscreen"), [:], CONTINUE_ON_FAILURE): Call Test Case 'Test Cases/Reusable_Functions/Fullscreen' successfully

2023-12-22 15:55:10 - [TEST_CASE][PASSED] - Test Cases/Reusable_Functions/Fullscreen: Test Cases/Reusable_Functions/Fullscreen

2023-12-22 15:55:11 - [TEST_STEP][PASSED] - verifyElementClickable(findTestObject("Object Repository/Page_Fullscreen/Page_/img")): Object 'Object Repository/Page_Fullscreen/Page_/img' is clickable

2023-12-22 15:55:11 - [MESSAGE][PASSED] - Object 'Object Repository/Page_Fullscreen/Page_/img' is clickable

2023-12-22 15:55:11 - [TEST_STEP][PASSED] - click(findTestObject("Object Repository/Page_Fullscreen/Page_/img")): Object: 'Object Repository/Page_Fullscreen/Page_/img' is clicked on

2023-12-22 15:55:11 - [MESSAGE][PASSED] - Object: 'Object Repository/Page_Fullscreen/Page_/img' is clicked on

2023-12-22 15:55:11 - [TEST_STEP][PASSED] - delay(2): Delayed 2 second(s)

2023-12-22 15:55:13 - [MESSAGE][PASSED] - Delayed 2 second(s)

2023-12-22 15:55:13 - [TEST_STEP][PASSED] - executeJavaScript("document.exitFullscreen();", null): Execute JavaScript 'document.exitFullscreen();' successfully

2023-12-22 15:55:13 - [MESSAGE][PASSED] - Execute JavaScript 'document.exitFullscreen();' successfully

2023-12-22 15:55:13 - [TEST_STEP][PASSED] - delay(2): Delayed 2 second(s)

2023-12-22 15:55:15 - [MESSAGE][PASSED] - Delayed 2 second(s)

2023-12-22 15:55:15 - [MESSAGE][PASSED] - Call Test Case 'Test Cases/Reusable_Functions/Fullscreen' successfully]]></system-out>
         <system-err><![CDATA[]]></system-err>
      </testcase>
      <testcase name="Test Cases/Spend_Report/test_weekly_spend_report" time="78.498" classname="Test Cases/Spend_Report/test_weekly_spend_report" status="PASSED">
         <system-out><![CDATA[2023-12-22 15:55:15 - [TEST_CASE][PASSED] - Test Cases/Spend_Report/test_weekly_spend_report: Test Cases/Spend_Report/test_weekly_spend_report

2023-12-22 15:55:16 - [TEST_STEP][PASSED] - verifyElementClickable(findTestObject("Object Repository/Page_Weekly_Spend_Report/Page_/div_Weekly Spend Report")): Object 'Object Repository/Page_Weekly_Spend_Report/Page_/div_Weekly Spend Report' is clickable

2023-12-22 15:55:16 - [MESSAGE][PASSED] - Object 'Object Repository/Page_Weekly_Spend_Report/Page_/div_Weekly Spend Report' is clickable

2023-12-22 15:55:16 - [TEST_STEP][PASSED] - click(findTestObject("Object Repository/Page_Weekly_Spend_Report/Page_/div_Weekly Spend Report")): Object: 'Object Repository/Page_Weekly_Spend_Report/Page_/div_Weekly Spend Report' is clicked on

2023-12-22 15:55:17 - [MESSAGE][PASSED] - Object: 'Object Repository/Page_Weekly_Spend_Report/Page_/div_Weekly Spend Report' is clicked on

2023-12-22 15:55:17 - [TEST_STEP][PASSED] - verifyElementClickable(findTestObject("Object Repository/Page_Weekly_Spend_Report/Page_/svg_Enter a date range_mat-datepicker-toggl_ef015c")): Object 'Object Repository/Page_Weekly_Spend_Report/Page_/svg_Enter a date range_mat-datepicker-toggl_ef015c' is clickable

2023-12-22 15:55:19 - [MESSAGE][PASSED] - Object 'Object Repository/Page_Weekly_Spend_Report/Page_/svg_Enter a date range_mat-datepicker-toggl_ef015c' is clickable

2023-12-22 15:55:19 - [TEST_STEP][PASSED] - verifyElementClickable(findTestObject("Object Repository/Page_Weekly_Spend_Report/Page_/mat-icon_clear")): Object 'Object Repository/Page_Weekly_Spend_Report/Page_/mat-icon_clear' is clickable

2023-12-22 15:55:19 - [MESSAGE][PASSED] - Object 'Object Repository/Page_Weekly_Spend_Report/Page_/mat-icon_clear' is clickable

2023-12-22 15:55:19 - [TEST_STEP][PASSED] - click(findTestObject("Object Repository/Page_Monthly_Spend_Report/Page_/svg_Enter a date range_mat-datepicker-toggl_ef015c")): Object: 'Object Repository/Page_Monthly_Spend_Report/Page_/svg_Enter a date range_mat-datepicker-toggl_ef015c' is clicked on

2023-12-22 15:55:19 - [MESSAGE][PASSED] - Object: 'Object Repository/Page_Monthly_Spend_Report/Page_/svg_Enter a date range_mat-datepicker-toggl_ef015c' is clicked on

2023-12-22 15:55:19 - [TEST_STEP][PASSED] - verifyElementClickable(findTestObject("Object Repository/Page_Weekly_Spend_Report/Page_/button_NOV 2023_mat-focus-indicator mat-cal_145c8e")): Object 'Object Repository/Page_Weekly_Spend_Report/Page_/button_NOV 2023_mat-focus-indicator mat-cal_145c8e' is clickable

2023-12-22 15:55:20 - [MESSAGE][PASSED] - Object 'Object Repository/Page_Weekly_Spend_Report/Page_/button_NOV 2023_mat-focus-indicator mat-cal_145c8e' is clickable

2023-12-22 15:55:20 - [TEST_STEP][PASSED] - verifyElementClickable(findTestObject("Object Repository/Page_Weekly_Spend_Report/Page_/button_NOV 2023_mat-focus-indicator mat-cal_145c8e")): Object 'Object Repository/Page_Weekly_Spend_Report/Page_/button_NOV 2023_mat-focus-indicator mat-cal_145c8e' is clickable

2023-12-22 15:55:21 - [MESSAGE][PASSED] - Object 'Object Repository/Page_Weekly_Spend_Report/Page_/button_NOV 2023_mat-focus-indicator mat-cal_145c8e' is clickable

2023-12-22 15:55:21 - [TEST_STEP][PASSED] - click(findTestObject("Object Repository/Page_Weekly_Spend_Report/Page_/button_NOV 2023_mat-focus-indicator mat-cal_145c8e")): Object: 'Object Repository/Page_Weekly_Spend_Report/Page_/button_NOV 2023_mat-focus-indicator mat-cal_145c8e' is clicked on

2023-12-22 15:55:21 - [MESSAGE][PASSED] - Object: 'Object Repository/Page_Weekly_Spend_Report/Page_/button_NOV 2023_mat-focus-indicator mat-cal_145c8e' is clicked on

2023-12-22 15:55:21 - [TEST_STEP][PASSED] - click(findTestObject("Object Repository/Page_Weekly_Spend_Report/Page_/button_NOV 2023_mat-focus-indicator mat-cal_145c8e")): Object: 'Object Repository/Page_Weekly_Spend_Report/Page_/button_NOV 2023_mat-focus-indicator mat-cal_145c8e' is clicked on

2023-12-22 15:55:22 - [MESSAGE][PASSED] - Object: 'Object Repository/Page_Weekly_Spend_Report/Page_/button_NOV 2023_mat-focus-indicator mat-cal_145c8e' is clicked on

2023-12-22 15:55:22 - [TEST_STEP][PASSED] - click(findTestObject("Object Repository/Page_Weekly_Spend_Report/Page_/div_1")): Object: 'Object Repository/Page_Weekly_Spend_Report/Page_/div_1' is clicked on

2023-12-22 15:55:53 - [MESSAGE][INFO] - Unable to find the element located by 'By.xpath: //mat-calendar[@id='mat-datepicker-0']/div/mat-month-view/table/tbody/tr/td[2]/button/div'. Please recheck the objects properties to make sure the desired element is located. 

2023-12-22 15:55:53 - [MESSAGE][WARNING] - [SELF-HEALING] Failed to find element with id 'Object Repository/Page_Weekly_Spend_Report/Page_/div_1'. Try using Self-healing.

2023-12-22 15:55:54 - [MESSAGE][WARNING] - [SELF-HEALING] The current locator of test object 'Object Repository/Page_Weekly_Spend_Report/Page_/div_1' was broken. Propose an alternative one: '(.//*[normalize-space(text()) and normalize-space(.)='Saturday'])[1]/following::div[1]'.

2023-12-22 15:55:54 - [MESSAGE][PASSED] - Object: 'Object Repository/Page_Weekly_Spend_Report/Page_/div_1' is clicked on

2023-12-22 15:55:54 - [TEST_STEP][PASSED] - click(findTestObject("Object Repository/Page_Weekly_Spend_Report/Page_/div_30")): Object: 'Object Repository/Page_Weekly_Spend_Report/Page_/div_30' is clicked on

2023-12-22 15:56:25 - [MESSAGE][INFO] - Unable to find the element located by 'By.xpath: //mat-calendar[@id='mat-datepicker-0']/div/mat-month-view/table/tbody/tr[5]/td[7]/button/div'. Please recheck the objects properties to make sure the desired element is located. 

2023-12-22 15:56:25 - [MESSAGE][WARNING] - [SELF-HEALING] Failed to find element with id 'Object Repository/Page_Weekly_Spend_Report/Page_/div_30'. Try using Self-healing.

2023-12-22 15:56:25 - [MESSAGE][WARNING] - [SELF-HEALING] The current locator of test object 'Object Repository/Page_Weekly_Spend_Report/Page_/div_30' was broken. Propose an alternative one: '(.//*[normalize-space(text()) and normalize-space(.)='Saturday'])[1]/following::div[59]'.

2023-12-22 15:56:25 - [MESSAGE][PASSED] - Object: 'Object Repository/Page_Weekly_Spend_Report/Page_/div_30' is clicked on

2023-12-22 15:56:25 - [TEST_STEP][PASSED] - callTestCase(findTestCase("Reusable_Functions/Fullscreen"), [:], CONTINUE_ON_FAILURE): Call Test Case 'Test Cases/Reusable_Functions/Fullscreen' successfully

2023-12-22 15:56:25 - [TEST_CASE][PASSED] - Test Cases/Reusable_Functions/Fullscreen: Test Cases/Reusable_Functions/Fullscreen

2023-12-22 15:56:25 - [TEST_STEP][PASSED] - verifyElementClickable(findTestObject("Object Repository/Page_Fullscreen/Page_/img")): Object 'Object Repository/Page_Fullscreen/Page_/img' is clickable

2023-12-22 15:56:29 - [MESSAGE][PASSED] - Object 'Object Repository/Page_Fullscreen/Page_/img' is clickable

2023-12-22 15:56:29 - [TEST_STEP][PASSED] - click(findTestObject("Object Repository/Page_Fullscreen/Page_/img")): Object: 'Object Repository/Page_Fullscreen/Page_/img' is clicked on

2023-12-22 15:56:30 - [MESSAGE][PASSED] - Object: 'Object Repository/Page_Fullscreen/Page_/img' is clicked on

2023-12-22 15:56:30 - [TEST_STEP][PASSED] - delay(2): Delayed 2 second(s)

2023-12-22 15:56:32 - [MESSAGE][PASSED] - Delayed 2 second(s)

2023-12-22 15:56:32 - [TEST_STEP][PASSED] - executeJavaScript("document.exitFullscreen();", null): Execute JavaScript 'document.exitFullscreen();' successfully

2023-12-22 15:56:32 - [MESSAGE][PASSED] - Execute JavaScript 'document.exitFullscreen();' successfully

2023-12-22 15:56:32 - [TEST_STEP][PASSED] - delay(2): Delayed 2 second(s)

2023-12-22 15:56:34 - [MESSAGE][PASSED] - Delayed 2 second(s)

2023-12-22 15:56:34 - [MESSAGE][INFO] - 

2023-12-22 15:56:34 - [MESSAGE][INFO] - ===================== Self-healing Report ====================

2023-12-22 15:56:34 - [MESSAGE][INFO] - One of the failed test object locators has been recovered by Self-healing. Please refer to the Self-healing Insights tab for more details.

2023-12-22 15:56:34 - [MESSAGE][INFO] - To learn more about Self-healing, please read https://docs.katalon.com/katalon-studio/docs/self-healing.html

2023-12-22 15:56:34 - [MESSAGE][INFO] - ==============================================================

2023-12-22 15:56:34 - [MESSAGE][PASSED] - Call Test Case 'Test Cases/Reusable_Functions/Fullscreen' successfully]]></system-out>
         <system-err><![CDATA[]]></system-err>
      </testcase>
      <testcase name="Test Cases/Spend_Report/test_daily_spend_report" time="78.091" classname="Test Cases/Spend_Report/test_daily_spend_report" status="PASSED">
         <system-out><![CDATA[2023-12-22 15:56:34 - [TEST_CASE][PASSED] - Test Cases/Spend_Report/test_daily_spend_report: Test Cases/Spend_Report/test_daily_spend_report

2023-12-22 15:56:34 - [TEST_STEP][PASSED] - verifyElementClickable(findTestObject("Object Repository/Page_Daily_Spend_Report/Page_/div_Daily Spend Report")): Object 'Object Repository/Page_Daily_Spend_Report/Page_/div_Daily Spend Report' is clickable

2023-12-22 15:56:35 - [MESSAGE][PASSED] - Object 'Object Repository/Page_Daily_Spend_Report/Page_/div_Daily Spend Report' is clickable

2023-12-22 15:56:35 - [TEST_STEP][PASSED] - click(findTestObject("Object Repository/Page_Daily_Spend_Report/Page_/div_Daily Spend Report")): Object: 'Object Repository/Page_Daily_Spend_Report/Page_/div_Daily Spend Report' is clicked on

2023-12-22 15:56:35 - [MESSAGE][PASSED] - Object: 'Object Repository/Page_Daily_Spend_Report/Page_/div_Daily Spend Report' is clicked on

2023-12-22 15:56:35 - [TEST_STEP][PASSED] - verifyElementClickable(findTestObject("Object Repository/Page_Daily_Spend_Report/Page_/svg_Enter a date range_mat-datepicker-toggl_ef015c")): Object 'Object Repository/Page_Daily_Spend_Report/Page_/svg_Enter a date range_mat-datepicker-toggl_ef015c' is clickable

2023-12-22 15:56:37 - [MESSAGE][PASSED] - Object 'Object Repository/Page_Daily_Spend_Report/Page_/svg_Enter a date range_mat-datepicker-toggl_ef015c' is clickable

2023-12-22 15:56:37 - [TEST_STEP][PASSED] - verifyElementClickable(findTestObject("Object Repository/Page_Daily_Spend_Report/Page_/mat-icon_clear")): Object 'Object Repository/Page_Daily_Spend_Report/Page_/mat-icon_clear' is clickable

2023-12-22 15:56:38 - [MESSAGE][PASSED] - Object 'Object Repository/Page_Daily_Spend_Report/Page_/mat-icon_clear' is clickable

2023-12-22 15:56:38 - [TEST_STEP][PASSED] - click(findTestObject("Object Repository/Page_Monthly_Spend_Report/Page_/svg_Enter a date range_mat-datepicker-toggl_ef015c")): Object: 'Object Repository/Page_Monthly_Spend_Report/Page_/svg_Enter a date range_mat-datepicker-toggl_ef015c' is clicked on

2023-12-22 15:56:38 - [MESSAGE][PASSED] - Object: 'Object Repository/Page_Monthly_Spend_Report/Page_/svg_Enter a date range_mat-datepicker-toggl_ef015c' is clicked on

2023-12-22 15:56:38 - [TEST_STEP][PASSED] - click(findTestObject("Object Repository/Page_Daily_Spend_Report/Page_/button_NOV 2023_mat-focus-indicator mat-cal_145c8e")): Object: 'Object Repository/Page_Daily_Spend_Report/Page_/button_NOV 2023_mat-focus-indicator mat-cal_145c8e' is clicked on

2023-12-22 15:56:39 - [MESSAGE][PASSED] - Object: 'Object Repository/Page_Daily_Spend_Report/Page_/button_NOV 2023_mat-focus-indicator mat-cal_145c8e' is clicked on

2023-12-22 15:56:39 - [TEST_STEP][PASSED] - click(findTestObject("Object Repository/Page_Daily_Spend_Report/Page_/button_NOV 2023_mat-focus-indicator mat-cal_145c8e")): Object: 'Object Repository/Page_Daily_Spend_Report/Page_/button_NOV 2023_mat-focus-indicator mat-cal_145c8e' is clicked on

2023-12-22 15:56:40 - [MESSAGE][PASSED] - Object: 'Object Repository/Page_Daily_Spend_Report/Page_/button_NOV 2023_mat-focus-indicator mat-cal_145c8e' is clicked on

2023-12-22 15:56:40 - [TEST_STEP][PASSED] - click(findTestObject("Object Repository/Page_Daily_Spend_Report/Page_/div_1")): Object: 'Object Repository/Page_Daily_Spend_Report/Page_/div_1' is clicked on

2023-12-22 15:57:12 - [MESSAGE][INFO] - Unable to find the element located by 'By.xpath: //mat-calendar[@id='mat-datepicker-1']/div/mat-month-view/table/tbody/tr/td[2]/button/div'. Please recheck the objects properties to make sure the desired element is located. 

2023-12-22 15:57:12 - [MESSAGE][WARNING] - [SELF-HEALING] Failed to find element with id 'Object Repository/Page_Daily_Spend_Report/Page_/div_1'. Try using Self-healing.

2023-12-22 15:57:12 - [MESSAGE][WARNING] - [SELF-HEALING] The current locator of test object 'Object Repository/Page_Daily_Spend_Report/Page_/div_1' was broken. Propose an alternative one: '(.//*[normalize-space(text()) and normalize-space(.)='Saturday'])[1]/following::div[1]'.

2023-12-22 15:57:12 - [MESSAGE][PASSED] - Object: 'Object Repository/Page_Daily_Spend_Report/Page_/div_1' is clicked on

2023-12-22 15:57:12 - [TEST_STEP][PASSED] - click(findTestObject("Object Repository/Page_Daily_Spend_Report/Page_/div_30")): Object: 'Object Repository/Page_Daily_Spend_Report/Page_/div_30' is clicked on

2023-12-22 15:57:43 - [MESSAGE][INFO] - Unable to find the element located by 'By.xpath: //mat-calendar[@id='mat-datepicker-1']/div/mat-month-view/table/tbody/tr[5]/td[7]/button/div'. Please recheck the objects properties to make sure the desired element is located. 

2023-12-22 15:57:43 - [MESSAGE][WARNING] - [SELF-HEALING] Failed to find element with id 'Object Repository/Page_Daily_Spend_Report/Page_/div_30'. Try using Self-healing.

2023-12-22 15:57:44 - [MESSAGE][WARNING] - [SELF-HEALING] The current locator of test object 'Object Repository/Page_Daily_Spend_Report/Page_/div_30' was broken. Propose an alternative one: '(.//*[normalize-space(text()) and normalize-space(.)='Saturday'])[1]/following::div[59]'.

2023-12-22 15:57:44 - [MESSAGE][PASSED] - Object: 'Object Repository/Page_Daily_Spend_Report/Page_/div_30' is clicked on

2023-12-22 15:57:44 - [TEST_STEP][PASSED] - delay(2): Delayed 2 second(s)

2023-12-22 15:57:46 - [MESSAGE][PASSED] - Delayed 2 second(s)

2023-12-22 15:57:46 - [TEST_STEP][PASSED] - click(findTestObject("Object Repository/Page_Daily_Spend_Report/Page_/canvas_Enter a date range_chartjs-render-monitor")): Object: 'Object Repository/Page_Daily_Spend_Report/Page_/canvas_Enter a date range_chartjs-render-monitor' is clicked on

2023-12-22 15:57:46 - [MESSAGE][PASSED] - Object: 'Object Repository/Page_Daily_Spend_Report/Page_/canvas_Enter a date range_chartjs-render-monitor' is clicked on

2023-12-22 15:57:46 - [TEST_STEP][PASSED] - click(findTestObject("Object Repository/Page_Daily_Spend_Report/Page_/canvas_Enter a date range_chartjs-render-monitor")): Object: 'Object Repository/Page_Daily_Spend_Report/Page_/canvas_Enter a date range_chartjs-render-monitor' is clicked on

2023-12-22 15:57:47 - [MESSAGE][PASSED] - Object: 'Object Repository/Page_Daily_Spend_Report/Page_/canvas_Enter a date range_chartjs-render-monitor' is clicked on

2023-12-22 15:57:47 - [TEST_STEP][PASSED] - click(findTestObject("Object Repository/Page_Daily_Spend_Report/Page_/canvas_Enter a date range_chartjs-render-monitor")): Object: 'Object Repository/Page_Daily_Spend_Report/Page_/canvas_Enter a date range_chartjs-render-monitor' is clicked on

2023-12-22 15:57:47 - [MESSAGE][PASSED] - Object: 'Object Repository/Page_Daily_Spend_Report/Page_/canvas_Enter a date range_chartjs-render-monitor' is clicked on

2023-12-22 15:57:47 - [TEST_STEP][PASSED] - callTestCase(findTestCase("Reusable_Functions/Fullscreen"), [:], CONTINUE_ON_FAILURE): Call Test Case 'Test Cases/Reusable_Functions/Fullscreen' successfully

2023-12-22 15:57:47 - [TEST_CASE][PASSED] - Test Cases/Reusable_Functions/Fullscreen: Test Cases/Reusable_Functions/Fullscreen

2023-12-22 15:57:47 - [TEST_STEP][PASSED] - verifyElementClickable(findTestObject("Object Repository/Page_Fullscreen/Page_/img")): Object 'Object Repository/Page_Fullscreen/Page_/img' is clickable

2023-12-22 15:57:48 - [MESSAGE][PASSED] - Object 'Object Repository/Page_Fullscreen/Page_/img' is clickable

2023-12-22 15:57:48 - [TEST_STEP][PASSED] - click(findTestObject("Object Repository/Page_Fullscreen/Page_/img")): Object: 'Object Repository/Page_Fullscreen/Page_/img' is clicked on

2023-12-22 15:57:48 - [MESSAGE][PASSED] - Object: 'Object Repository/Page_Fullscreen/Page_/img' is clicked on

2023-12-22 15:57:48 - [TEST_STEP][PASSED] - delay(2): Delayed 2 second(s)

2023-12-22 15:57:50 - [MESSAGE][PASSED] - Delayed 2 second(s)

2023-12-22 15:57:50 - [TEST_STEP][PASSED] - executeJavaScript("document.exitFullscreen();", null): Execute JavaScript 'document.exitFullscreen();' successfully

2023-12-22 15:57:50 - [MESSAGE][PASSED] - Execute JavaScript 'document.exitFullscreen();' successfully

2023-12-22 15:57:50 - [TEST_STEP][PASSED] - delay(2): Delayed 2 second(s)

2023-12-22 15:57:52 - [MESSAGE][PASSED] - Delayed 2 second(s)

2023-12-22 15:57:52 - [MESSAGE][INFO] - 

2023-12-22 15:57:52 - [MESSAGE][INFO] - ===================== Self-healing Report ====================

2023-12-22 15:57:52 - [MESSAGE][INFO] - One of the failed test object locators has been recovered by Self-healing. Please refer to the Self-healing Insights tab for more details.

2023-12-22 15:57:52 - [MESSAGE][INFO] - To learn more about Self-healing, please read https://docs.katalon.com/katalon-studio/docs/self-healing.html

2023-12-22 15:57:52 - [MESSAGE][INFO] - ==============================================================

2023-12-22 15:57:52 - [MESSAGE][PASSED] - Call Test Case 'Test Cases/Reusable_Functions/Fullscreen' successfully]]></system-out>
         <system-err><![CDATA[]]></system-err>
      </testcase>
      <testcase name="Test Cases/Spend_Monitoring/test_daily_spend_monitoring_report" time="79.159" classname="Test Cases/Spend_Monitoring/test_daily_spend_monitoring_report" status="PASSED">
         <system-out><![CDATA[2023-12-22 15:57:52 - [TEST_CASE][PASSED] - Test Cases/Spend_Monitoring/test_daily_spend_monitoring_report: Test Cases/Spend_Monitoring/test_daily_spend_monitoring_report

2023-12-22 15:57:53 - [TEST_STEP][PASSED] - verifyElementClickable(findTestObject("Object Repository/Page_Daily_Spends_Monitoring_Report/Page_/li_Spend Monitoring")): Object 'Object Repository/Page_Daily_Spends_Monitoring_Report/Page_/li_Spend Monitoring' is clickable

2023-12-22 15:57:53 - [MESSAGE][PASSED] - Object 'Object Repository/Page_Daily_Spends_Monitoring_Report/Page_/li_Spend Monitoring' is clickable

2023-12-22 15:57:53 - [TEST_STEP][PASSED] - click(findTestObject("Object Repository/Page_Daily_Spends_Monitoring_Report/Page_/li_Spend Monitoring")): Object: 'Object Repository/Page_Daily_Spends_Monitoring_Report/Page_/li_Spend Monitoring' is clicked on

2023-12-22 15:57:54 - [MESSAGE][PASSED] - Object: 'Object Repository/Page_Daily_Spends_Monitoring_Report/Page_/li_Spend Monitoring' is clicked on

2023-12-22 15:57:54 - [TEST_STEP][PASSED] - verifyElementClickable(findTestObject("Object Repository/Page_Daily_Spends_Monitoring_Report/Page_/div_Daily Spends Monitoring Report")): Object 'Object Repository/Page_Daily_Spends_Monitoring_Report/Page_/div_Daily Spends Monitoring Report' is clickable

2023-12-22 15:57:56 - [MESSAGE][PASSED] - Object 'Object Repository/Page_Daily_Spends_Monitoring_Report/Page_/div_Daily Spends Monitoring Report' is clickable

2023-12-22 15:57:56 - [TEST_STEP][PASSED] - click(findTestObject("Object Repository/Page_Daily_Spends_Monitoring_Report/Page_/div_Daily Spends Monitoring Report")): Object: 'Object Repository/Page_Daily_Spends_Monitoring_Report/Page_/div_Daily Spends Monitoring Report' is clicked on

2023-12-22 15:57:56 - [MESSAGE][PASSED] - Object: 'Object Repository/Page_Daily_Spends_Monitoring_Report/Page_/div_Daily Spends Monitoring Report' is clicked on

2023-12-22 15:57:56 - [TEST_STEP][PASSED] - verifyElementClickable(findTestObject("Object Repository/Page_Daily_Spends_Monitoring_Report/Page_/svg_Enter a date range_mat-datepicker-toggl_ef015c")): Object 'Object Repository/Page_Daily_Spends_Monitoring_Report/Page_/svg_Enter a date range_mat-datepicker-toggl_ef015c' is clickable

2023-12-22 15:57:58 - [MESSAGE][PASSED] - Object 'Object Repository/Page_Daily_Spends_Monitoring_Report/Page_/svg_Enter a date range_mat-datepicker-toggl_ef015c' is clickable

2023-12-22 15:57:58 - [TEST_STEP][PASSED] - verifyElementClickable(findTestObject("Object Repository/Page_Daily_Spends_Monitoring_Report/Page_/mat-icon_clear")): Object 'Object Repository/Page_Daily_Spends_Monitoring_Report/Page_/mat-icon_clear' is clickable

2023-12-22 15:57:58 - [MESSAGE][PASSED] - Object 'Object Repository/Page_Daily_Spends_Monitoring_Report/Page_/mat-icon_clear' is clickable

2023-12-22 15:57:58 - [TEST_STEP][PASSED] - click(findTestObject("Object Repository/Page_Daily_Spends_Monitoring_Report/Page_/svg_Enter a date range_mat-datepicker-toggl_ef015c")): Object: 'Object Repository/Page_Daily_Spends_Monitoring_Report/Page_/svg_Enter a date range_mat-datepicker-toggl_ef015c' is clicked on

2023-12-22 15:57:58 - [MESSAGE][PASSED] - Object: 'Object Repository/Page_Daily_Spends_Monitoring_Report/Page_/svg_Enter a date range_mat-datepicker-toggl_ef015c' is clicked on

2023-12-22 15:57:58 - [TEST_STEP][PASSED] - verifyElementClickable(findTestObject("Object Repository/Page_Daily_Spends_Monitoring_Report/Page_/button_DEC 2023_mat-focus-indicator mat-cal_bd9491")): Object 'Object Repository/Page_Daily_Spends_Monitoring_Report/Page_/button_DEC 2023_mat-focus-indicator mat-cal_bd9491' is clickable

2023-12-22 15:57:59 - [MESSAGE][PASSED] - Object 'Object Repository/Page_Daily_Spends_Monitoring_Report/Page_/button_DEC 2023_mat-focus-indicator mat-cal_bd9491' is clickable

2023-12-22 15:57:59 - [TEST_STEP][PASSED] - verifyElementClickable(findTestObject("Object Repository/Page_Daily_Spends_Monitoring_Report/Page_/button_DEC 2023_mat-focus-indicator mat-cal_bd9491")): Object 'Object Repository/Page_Daily_Spends_Monitoring_Report/Page_/button_DEC 2023_mat-focus-indicator mat-cal_bd9491' is clickable

2023-12-22 15:58:00 - [MESSAGE][PASSED] - Object 'Object Repository/Page_Daily_Spends_Monitoring_Report/Page_/button_DEC 2023_mat-focus-indicator mat-cal_bd9491' is clickable

2023-12-22 15:58:00 - [TEST_STEP][PASSED] - click(findTestObject("Object Repository/Page_Daily_Spends_Monitoring_Report/Page_/button_DEC 2023_mat-focus-indicator mat-cal_bd9491")): Object: 'Object Repository/Page_Daily_Spends_Monitoring_Report/Page_/button_DEC 2023_mat-focus-indicator mat-cal_bd9491' is clicked on

2023-12-22 15:58:00 - [MESSAGE][PASSED] - Object: 'Object Repository/Page_Daily_Spends_Monitoring_Report/Page_/button_DEC 2023_mat-focus-indicator mat-cal_bd9491' is clicked on

2023-12-22 15:58:00 - [TEST_STEP][PASSED] - click(findTestObject("Object Repository/Page_Daily_Spends_Monitoring_Report/Page_/button_DEC 2023_mat-focus-indicator mat-cal_bd9491")): Object: 'Object Repository/Page_Daily_Spends_Monitoring_Report/Page_/button_DEC 2023_mat-focus-indicator mat-cal_bd9491' is clicked on

2023-12-22 15:58:01 - [MESSAGE][PASSED] - Object: 'Object Repository/Page_Daily_Spends_Monitoring_Report/Page_/button_DEC 2023_mat-focus-indicator mat-cal_bd9491' is clicked on

2023-12-22 15:58:01 - [TEST_STEP][PASSED] - click(findTestObject("Object Repository/Page_Daily_Spends_Monitoring_Report/Page_/div_1")): Object: 'Object Repository/Page_Daily_Spends_Monitoring_Report/Page_/div_1' is clicked on

2023-12-22 15:58:32 - [MESSAGE][INFO] - Unable to find the element located by 'By.xpath: //mat-calendar[@id='mat-datepicker-2']/div/mat-month-view/table/tbody/tr[2]/td/button/div'. Please recheck the objects properties to make sure the desired element is located. 

2023-12-22 15:58:32 - [MESSAGE][WARNING] - [SELF-HEALING] Failed to find element with id 'Object Repository/Page_Daily_Spends_Monitoring_Report/Page_/div_1'. Try using Self-healing.

2023-12-22 15:58:33 - [MESSAGE][WARNING] - [SELF-HEALING] The current locator of test object 'Object Repository/Page_Daily_Spends_Monitoring_Report/Page_/div_1' was broken. Propose an alternative one: '(.//*[normalize-space(text()) and normalize-space(.)='OCT'])[1]/following::div[1]'.

2023-12-22 15:58:33 - [MESSAGE][PASSED] - Object: 'Object Repository/Page_Daily_Spends_Monitoring_Report/Page_/div_1' is clicked on

2023-12-22 15:58:33 - [TEST_STEP][PASSED] - click(findTestObject("Object Repository/Page_Daily_Spends_Monitoring_Report/Page_/div_31")): Object: 'Object Repository/Page_Daily_Spends_Monitoring_Report/Page_/div_31' is clicked on

2023-12-22 15:59:04 - [MESSAGE][INFO] - Unable to find the element located by 'By.xpath: //mat-calendar[@id='mat-datepicker-2']/div/mat-month-view/table/tbody/tr[6]/td[3]/button/div'. Please recheck the objects properties to make sure the desired element is located. 

2023-12-22 15:59:04 - [MESSAGE][WARNING] - [SELF-HEALING] Failed to find element with id 'Object Repository/Page_Daily_Spends_Monitoring_Report/Page_/div_31'. Try using Self-healing.

2023-12-22 15:59:04 - [MESSAGE][WARNING] - [SELF-HEALING] The current locator of test object 'Object Repository/Page_Daily_Spends_Monitoring_Report/Page_/div_31' was broken. Propose an alternative one: '(.//*[normalize-space(text()) and normalize-space(.)='Saturday'])[1]/following::div[61]'.

2023-12-22 15:59:04 - [MESSAGE][PASSED] - Object: 'Object Repository/Page_Daily_Spends_Monitoring_Report/Page_/div_31' is clicked on

2023-12-22 15:59:04 - [TEST_STEP][PASSED] - delay(2): Delayed 2 second(s)

2023-12-22 15:59:06 - [MESSAGE][PASSED] - Delayed 2 second(s)

2023-12-22 15:59:06 - [TEST_STEP][PASSED] - callTestCase(findTestCase("Reusable_Functions/Fullscreen"), [:], CONTINUE_ON_FAILURE): Call Test Case 'Test Cases/Reusable_Functions/Fullscreen' successfully

2023-12-22 15:59:06 - [TEST_CASE][PASSED] - Test Cases/Reusable_Functions/Fullscreen: Test Cases/Reusable_Functions/Fullscreen

2023-12-22 15:59:06 - [TEST_STEP][PASSED] - verifyElementClickable(findTestObject("Object Repository/Page_Fullscreen/Page_/img")): Object 'Object Repository/Page_Fullscreen/Page_/img' is clickable

2023-12-22 15:59:07 - [MESSAGE][PASSED] - Object 'Object Repository/Page_Fullscreen/Page_/img' is clickable

2023-12-22 15:59:07 - [TEST_STEP][PASSED] - click(findTestObject("Object Repository/Page_Fullscreen/Page_/img")): Object: 'Object Repository/Page_Fullscreen/Page_/img' is clicked on

2023-12-22 15:59:07 - [MESSAGE][PASSED] - Object: 'Object Repository/Page_Fullscreen/Page_/img' is clicked on

2023-12-22 15:59:07 - [TEST_STEP][PASSED] - delay(2): Delayed 2 second(s)

2023-12-22 15:59:09 - [MESSAGE][PASSED] - Delayed 2 second(s)

2023-12-22 15:59:09 - [TEST_STEP][PASSED] - executeJavaScript("document.exitFullscreen();", null): Execute JavaScript 'document.exitFullscreen();' successfully

2023-12-22 15:59:09 - [MESSAGE][PASSED] - Execute JavaScript 'document.exitFullscreen();' successfully

2023-12-22 15:59:09 - [TEST_STEP][PASSED] - delay(2): Delayed 2 second(s)

2023-12-22 15:59:11 - [MESSAGE][PASSED] - Delayed 2 second(s)

2023-12-22 15:59:11 - [MESSAGE][INFO] - 

2023-12-22 15:59:11 - [MESSAGE][INFO] - ===================== Self-healing Report ====================

2023-12-22 15:59:11 - [MESSAGE][INFO] - One of the failed test object locators has been recovered by Self-healing. Please refer to the Self-healing Insights tab for more details.

2023-12-22 15:59:11 - [MESSAGE][INFO] - To learn more about Self-healing, please read https://docs.katalon.com/katalon-studio/docs/self-healing.html

2023-12-22 15:59:11 - [MESSAGE][INFO] - ==============================================================

2023-12-22 15:59:11 - [MESSAGE][PASSED] - Call Test Case 'Test Cases/Reusable_Functions/Fullscreen' successfully]]></system-out>
         <system-err><![CDATA[]]></system-err>
      </testcase>
      <testcase name="Test Cases/Spend_Monitoring/test_weekly_spend_monitoring_report" time="77.295" classname="Test Cases/Spend_Monitoring/test_weekly_spend_monitoring_report" status="PASSED">
         <system-out><![CDATA[2023-12-22 15:59:11 - [TEST_CASE][PASSED] - Test Cases/Spend_Monitoring/test_weekly_spend_monitoring_report: Test Cases/Spend_Monitoring/test_weekly_spend_monitoring_report

2023-12-22 15:59:12 - [TEST_STEP][PASSED] - verifyElementClickable(findTestObject("Object Repository/Page_Weekly_Spend_Monitoring_Report/Page_/li_Spend Monitoring")): Object 'Object Repository/Page_Weekly_Spend_Monitoring_Report/Page_/li_Spend Monitoring' is clickable

2023-12-22 15:59:12 - [MESSAGE][PASSED] - Object 'Object Repository/Page_Weekly_Spend_Monitoring_Report/Page_/li_Spend Monitoring' is clickable

2023-12-22 15:59:12 - [TEST_STEP][PASSED] - click(findTestObject("Object Repository/Page_Weekly_Spend_Monitoring_Report/Page_/li_Spend Monitoring")): Object: 'Object Repository/Page_Weekly_Spend_Monitoring_Report/Page_/li_Spend Monitoring' is clicked on

2023-12-22 15:59:13 - [MESSAGE][PASSED] - Object: 'Object Repository/Page_Weekly_Spend_Monitoring_Report/Page_/li_Spend Monitoring' is clicked on

2023-12-22 15:59:13 - [TEST_STEP][PASSED] - verifyElementClickable(findTestObject("Object Repository/Page_Weekly_Spend_Monitoring_Report/Page_/div_Weekly Spends Monitoring Report")): Object 'Object Repository/Page_Weekly_Spend_Monitoring_Report/Page_/div_Weekly Spends Monitoring Report' is clickable

2023-12-22 15:59:13 - [MESSAGE][PASSED] - Object 'Object Repository/Page_Weekly_Spend_Monitoring_Report/Page_/div_Weekly Spends Monitoring Report' is clickable

2023-12-22 15:59:13 - [TEST_STEP][PASSED] - click(findTestObject("Object Repository/Page_Weekly_Spend_Monitoring_Report/Page_/div_Weekly Spends Monitoring Report")): Object: 'Object Repository/Page_Weekly_Spend_Monitoring_Report/Page_/div_Weekly Spends Monitoring Report' is clicked on

2023-12-22 15:59:14 - [MESSAGE][PASSED] - Object: 'Object Repository/Page_Weekly_Spend_Monitoring_Report/Page_/div_Weekly Spends Monitoring Report' is clicked on

2023-12-22 15:59:14 - [TEST_STEP][PASSED] - verifyElementClickable(findTestObject("Object Repository/Page_Daily_Spends_Monitoring_Report/Page_/svg_Enter a date range_mat-datepicker-toggl_ef015c")): Object 'Object Repository/Page_Daily_Spends_Monitoring_Report/Page_/svg_Enter a date range_mat-datepicker-toggl_ef015c' is clickable

2023-12-22 15:59:15 - [MESSAGE][PASSED] - Object 'Object Repository/Page_Daily_Spends_Monitoring_Report/Page_/svg_Enter a date range_mat-datepicker-toggl_ef015c' is clickable

2023-12-22 15:59:15 - [TEST_STEP][PASSED] - verifyElementClickable(findTestObject("Object Repository/Page_Weekly_Spend_Monitoring_Report/Page_/mat-icon_clear")): Object 'Object Repository/Page_Weekly_Spend_Monitoring_Report/Page_/mat-icon_clear' is clickable

2023-12-22 15:59:16 - [MESSAGE][PASSED] - Object 'Object Repository/Page_Weekly_Spend_Monitoring_Report/Page_/mat-icon_clear' is clickable

2023-12-22 15:59:16 - [TEST_STEP][PASSED] - click(findTestObject("Object Repository/Page_Weekly_Spend_Monitoring_Report/Page_/svg_Enter a date range_mat-datepicker-toggl_ef015c")): Object: 'Object Repository/Page_Weekly_Spend_Monitoring_Report/Page_/svg_Enter a date range_mat-datepicker-toggl_ef015c' is clicked on

2023-12-22 15:59:16 - [MESSAGE][PASSED] - Object: 'Object Repository/Page_Weekly_Spend_Monitoring_Report/Page_/svg_Enter a date range_mat-datepicker-toggl_ef015c' is clicked on

2023-12-22 15:59:16 - [TEST_STEP][PASSED] - verifyElementClickable(findTestObject("Object Repository/Page_Weekly_Spend_Monitoring_Report/Page_/button_NOV 2023_mat-focus-indicator mat-cal_145c8e")): Object 'Object Repository/Page_Weekly_Spend_Monitoring_Report/Page_/button_NOV 2023_mat-focus-indicator mat-cal_145c8e' is clickable

2023-12-22 15:59:17 - [MESSAGE][PASSED] - Object 'Object Repository/Page_Weekly_Spend_Monitoring_Report/Page_/button_NOV 2023_mat-focus-indicator mat-cal_145c8e' is clickable

2023-12-22 15:59:17 - [TEST_STEP][PASSED] - verifyElementClickable(findTestObject("Object Repository/Page_Weekly_Spend_Monitoring_Report/Page_/button_NOV 2023_mat-focus-indicator mat-cal_145c8e")): Object 'Object Repository/Page_Weekly_Spend_Monitoring_Report/Page_/button_NOV 2023_mat-focus-indicator mat-cal_145c8e' is clickable

2023-12-22 15:59:18 - [MESSAGE][PASSED] - Object 'Object Repository/Page_Weekly_Spend_Monitoring_Report/Page_/button_NOV 2023_mat-focus-indicator mat-cal_145c8e' is clickable

2023-12-22 15:59:18 - [TEST_STEP][PASSED] - click(findTestObject("Object Repository/Page_Weekly_Spend_Monitoring_Report/Page_/button_NOV 2023_mat-focus-indicator mat-cal_145c8e")): Object: 'Object Repository/Page_Weekly_Spend_Monitoring_Report/Page_/button_NOV 2023_mat-focus-indicator mat-cal_145c8e' is clicked on

2023-12-22 15:59:18 - [MESSAGE][PASSED] - Object: 'Object Repository/Page_Weekly_Spend_Monitoring_Report/Page_/button_NOV 2023_mat-focus-indicator mat-cal_145c8e' is clicked on

2023-12-22 15:59:18 - [TEST_STEP][PASSED] - click(findTestObject("Object Repository/Page_Weekly_Spend_Monitoring_Report/Page_/button_NOV 2023_mat-focus-indicator mat-cal_145c8e")): Object: 'Object Repository/Page_Weekly_Spend_Monitoring_Report/Page_/button_NOV 2023_mat-focus-indicator mat-cal_145c8e' is clicked on

2023-12-22 15:59:19 - [MESSAGE][PASSED] - Object: 'Object Repository/Page_Weekly_Spend_Monitoring_Report/Page_/button_NOV 2023_mat-focus-indicator mat-cal_145c8e' is clicked on

2023-12-22 15:59:19 - [TEST_STEP][PASSED] - click(findTestObject("Object Repository/Page_Weekly_Spend_Monitoring_Report/Page_/div_1")): Object: 'Object Repository/Page_Weekly_Spend_Monitoring_Report/Page_/div_1' is clicked on

2023-12-22 15:59:50 - [MESSAGE][INFO] - Unable to find the element located by 'By.xpath: //mat-calendar[@id='mat-datepicker-1']/div/mat-month-view/table/tbody/tr/td[2]/button/div'. Please recheck the objects properties to make sure the desired element is located. 

2023-12-22 15:59:50 - [MESSAGE][WARNING] - [SELF-HEALING] Failed to find element with id 'Object Repository/Page_Weekly_Spend_Monitoring_Report/Page_/div_1'. Try using Self-healing.

2023-12-22 15:59:51 - [MESSAGE][WARNING] - [SELF-HEALING] The current locator of test object 'Object Repository/Page_Weekly_Spend_Monitoring_Report/Page_/div_1' was broken. Propose an alternative one: '(.//*[normalize-space(text()) and normalize-space(.)='SEPT'])[1]/following::div[1]'.

2023-12-22 15:59:51 - [MESSAGE][PASSED] - Object: 'Object Repository/Page_Weekly_Spend_Monitoring_Report/Page_/div_1' is clicked on

2023-12-22 15:59:51 - [TEST_STEP][PASSED] - click(findTestObject("Object Repository/Page_Weekly_Spend_Monitoring_Report/Page_/div_30")): Object: 'Object Repository/Page_Weekly_Spend_Monitoring_Report/Page_/div_30' is clicked on

2023-12-22 16:00:22 - [MESSAGE][INFO] - Unable to find the element located by 'By.xpath: //mat-calendar[@id='mat-datepicker-1']/div/mat-month-view/table/tbody/tr[5]/td[7]/button/div'. Please recheck the objects properties to make sure the desired element is located. 

2023-12-22 16:00:22 - [MESSAGE][WARNING] - [SELF-HEALING] Failed to find element with id 'Object Repository/Page_Weekly_Spend_Monitoring_Report/Page_/div_30'. Try using Self-healing.

2023-12-22 16:00:22 - [MESSAGE][WARNING] - [SELF-HEALING] The current locator of test object 'Object Repository/Page_Weekly_Spend_Monitoring_Report/Page_/div_30' was broken. Propose an alternative one: '(.//*[normalize-space(text()) and normalize-space(.)='SEPT'])[1]/following::div[59]'.

2023-12-22 16:00:22 - [MESSAGE][PASSED] - Object: 'Object Repository/Page_Weekly_Spend_Monitoring_Report/Page_/div_30' is clicked on

2023-12-22 16:00:22 - [TEST_STEP][PASSED] - callTestCase(findTestCase("Reusable_Functions/Fullscreen"), [:], CONTINUE_ON_FAILURE): Call Test Case 'Test Cases/Reusable_Functions/Fullscreen' successfully

2023-12-22 16:00:22 - [TEST_CASE][PASSED] - Test Cases/Reusable_Functions/Fullscreen: Test Cases/Reusable_Functions/Fullscreen

2023-12-22 16:00:22 - [TEST_STEP][PASSED] - verifyElementClickable(findTestObject("Object Repository/Page_Fullscreen/Page_/img")): Object 'Object Repository/Page_Fullscreen/Page_/img' is clickable

2023-12-22 16:00:24 - [MESSAGE][PASSED] - Object 'Object Repository/Page_Fullscreen/Page_/img' is clickable

2023-12-22 16:00:24 - [TEST_STEP][PASSED] - click(findTestObject("Object Repository/Page_Fullscreen/Page_/img")): Object: 'Object Repository/Page_Fullscreen/Page_/img' is clicked on

2023-12-22 16:00:24 - [MESSAGE][PASSED] - Object: 'Object Repository/Page_Fullscreen/Page_/img' is clicked on

2023-12-22 16:00:24 - [TEST_STEP][PASSED] - delay(2): Delayed 2 second(s)

2023-12-22 16:00:27 - [MESSAGE][PASSED] - Delayed 2 second(s)

2023-12-22 16:00:27 - [TEST_STEP][PASSED] - executeJavaScript("document.exitFullscreen();", null): Execute JavaScript 'document.exitFullscreen();' successfully

2023-12-22 16:00:27 - [MESSAGE][PASSED] - Execute JavaScript 'document.exitFullscreen();' successfully

2023-12-22 16:00:27 - [TEST_STEP][PASSED] - delay(2): Delayed 2 second(s)

2023-12-22 16:00:29 - [MESSAGE][PASSED] - Delayed 2 second(s)

2023-12-22 16:00:29 - [MESSAGE][INFO] - 

2023-12-22 16:00:29 - [MESSAGE][INFO] - ===================== Self-healing Report ====================

2023-12-22 16:00:29 - [MESSAGE][INFO] - One of the failed test object locators has been recovered by Self-healing. Please refer to the Self-healing Insights tab for more details.

2023-12-22 16:00:29 - [MESSAGE][INFO] - To learn more about Self-healing, please read https://docs.katalon.com/katalon-studio/docs/self-healing.html

2023-12-22 16:00:29 - [MESSAGE][INFO] - ==============================================================

2023-12-22 16:00:29 - [MESSAGE][PASSED] - Call Test Case 'Test Cases/Reusable_Functions/Fullscreen' successfully]]></system-out>
         <system-err><![CDATA[]]></system-err>
      </testcase>
      <testcase name="Test Cases/Spend_Monitoring/test_mtd_spend_monitor" time="219.455" classname="Test Cases/Spend_Monitoring/test_mtd_spend_monitor" status="PASSED">
         <system-out><![CDATA[2023-12-22 16:00:29 - [TEST_CASE][PASSED] - Test Cases/Spend_Monitoring/test_mtd_spend_monitor: Test Cases/Spend_Monitoring/test_mtd_spend_monitor

2023-12-22 16:00:29 - [TEST_STEP][PASSED] - verifyElementClickable(findTestObject("Object Repository/Page_MTD_Spend_Monitoring/Page_/li_Spend Monitoring")): Object 'Object Repository/Page_MTD_Spend_Monitoring/Page_/li_Spend Monitoring' is clickable

2023-12-22 16:00:29 - [MESSAGE][PASSED] - Object 'Object Repository/Page_MTD_Spend_Monitoring/Page_/li_Spend Monitoring' is clickable

2023-12-22 16:00:29 - [TEST_STEP][PASSED] - click(findTestObject("Object Repository/Page_MTD_Spend_Monitoring/Page_/li_Spend Monitoring")): Object: 'Object Repository/Page_MTD_Spend_Monitoring/Page_/li_Spend Monitoring' is clicked on

2023-12-22 16:00:30 - [MESSAGE][PASSED] - Object: 'Object Repository/Page_MTD_Spend_Monitoring/Page_/li_Spend Monitoring' is clicked on

2023-12-22 16:00:30 - [TEST_STEP][PASSED] - verifyElementClickable(findTestObject("Object Repository/Page_MTD_Spend_Monitoring/Page_/div_MTD Spend Monitoring")): Object 'Object Repository/Page_MTD_Spend_Monitoring/Page_/div_MTD Spend Monitoring' is clickable

2023-12-22 16:00:30 - [MESSAGE][PASSED] - Object 'Object Repository/Page_MTD_Spend_Monitoring/Page_/div_MTD Spend Monitoring' is clickable

2023-12-22 16:00:30 - [TEST_STEP][PASSED] - click(findTestObject("Object Repository/Page_MTD_Spend_Monitoring/Page_/div_MTD Spend Monitoring")): Object: 'Object Repository/Page_MTD_Spend_Monitoring/Page_/div_MTD Spend Monitoring' is clicked on

2023-12-22 16:00:31 - [MESSAGE][PASSED] - Object: 'Object Repository/Page_MTD_Spend_Monitoring/Page_/div_MTD Spend Monitoring' is clicked on

2023-12-22 16:00:31 - [TEST_STEP][PASSED] - verifyElementPresent(findTestObject("Object Repository/Page_MTD_Spend_Monitoring/Page_/h1_56.79"), 0): Object 'Object Repository/Page_MTD_Spend_Monitoring/Page_/h1_56.79' is present

2023-12-22 16:00:31 - [MESSAGE][WARNING] - Timeout '0' is invalid. Using default page load timeout: '30'

2023-12-22 16:00:33 - [MESSAGE][PASSED] - Object 'Object Repository/Page_MTD_Spend_Monitoring/Page_/h1_56.79' is present

2023-12-22 16:00:33 - [TEST_STEP][PASSED] - verifyElementText(findTestObject("Object Repository/Page_MTD_Spend_Monitoring/Page_/div_achievement"), "% achievement"): Actual text and expected text of test object 'Object Repository/Page_MTD_Spend_Monitoring/Page_/div_achievement' are matched.

2023-12-22 16:00:34 - [MESSAGE][PASSED] - Actual text and expected text of test object 'Object Repository/Page_MTD_Spend_Monitoring/Page_/div_achievement' are matched.

2023-12-22 16:00:34 - [TEST_STEP][PASSED] - verifyElementText(findTestObject("Object Repository/Page_MTD_Spend_Monitoring/Page_/p_MTD Spend Prorated"), "MTD Spend Prorated"): Actual text and expected text of test object 'Object Repository/Page_MTD_Spend_Monitoring/Page_/p_MTD Spend Prorated' are matched.

2023-12-22 16:00:34 - [MESSAGE][PASSED] - Actual text and expected text of test object 'Object Repository/Page_MTD_Spend_Monitoring/Page_/p_MTD Spend Prorated' are matched.

2023-12-22 16:00:34 - [TEST_STEP][PASSED] - verifyElementText(findTestObject("Object Repository/Page_MTD_Spend_Monitoring/Page_/div_Items per page"), "Items per page:"): Actual text and expected text of test object 'Object Repository/Page_MTD_Spend_Monitoring/Page_/div_Items per page' are matched.

2023-12-22 16:00:34 - [MESSAGE][PASSED] - Actual text and expected text of test object 'Object Repository/Page_MTD_Spend_Monitoring/Page_/div_Items per page' are matched.

2023-12-22 16:00:34 - [TEST_STEP][PASSED] - verifyElementClickable(findTestObject("Object Repository/Page_MTD_Spend_Monitoring/Page_/div_Items per page_mat-select-arrow-wrapper_b66081")): Object 'Object Repository/Page_MTD_Spend_Monitoring/Page_/div_Items per page_mat-select-arrow-wrapper_b66081' is clickable

2023-12-22 16:00:35 - [MESSAGE][PASSED] - Object 'Object Repository/Page_MTD_Spend_Monitoring/Page_/div_Items per page_mat-select-arrow-wrapper_b66081' is clickable

2023-12-22 16:00:35 - [TEST_STEP][PASSED] - click(findTestObject("Object Repository/Page_MTD_Spend_Monitoring/Page_/div_Items per page_mat-select-arrow-wrapper_b66081")): Object: 'Object Repository/Page_MTD_Spend_Monitoring/Page_/div_Items per page_mat-select-arrow-wrapper_b66081' is clicked on

2023-12-22 16:00:35 - [MESSAGE][PASSED] - Object: 'Object Repository/Page_MTD_Spend_Monitoring/Page_/div_Items per page_mat-select-arrow-wrapper_b66081' is clicked on

2023-12-22 16:00:35 - [TEST_STEP][PASSED] - click(findTestObject("Object Repository/Page_MTD_Spend_Monitoring/Page_/div_20")): Object: 'Object Repository/Page_MTD_Spend_Monitoring/Page_/div_20' is clicked on

2023-12-22 16:00:36 - [MESSAGE][PASSED] - Object: 'Object Repository/Page_MTD_Spend_Monitoring/Page_/div_20' is clicked on

2023-12-22 16:00:36 - [TEST_STEP][PASSED] - click(findTestObject("Object Repository/Page_MTD_Spend_Monitoring/Page_/div_Items per page_mat-select-arrow ng-tns-c110-10")): Object: 'Object Repository/Page_MTD_Spend_Monitoring/Page_/div_Items per page_mat-select-arrow ng-tns-c110-10' is clicked on

2023-12-22 16:00:36 - [MESSAGE][PASSED] - Object: 'Object Repository/Page_MTD_Spend_Monitoring/Page_/div_Items per page_mat-select-arrow ng-tns-c110-10' is clicked on

2023-12-22 16:00:36 - [TEST_STEP][PASSED] - click(findTestObject("Object Repository/Page_MTD_Spend_Monitoring/Page_/div_10")): Object: 'Object Repository/Page_MTD_Spend_Monitoring/Page_/div_10' is clicked on

2023-12-22 16:00:37 - [MESSAGE][PASSED] - Object: 'Object Repository/Page_MTD_Spend_Monitoring/Page_/div_10' is clicked on

2023-12-22 16:00:37 - [TEST_STEP][PASSED] - click(findTestObject("Object Repository/Page_MTD_Spend_Monitoring/Page_/div_Items per page_mat-select-arrow-wrapper_b66081")): Object: 'Object Repository/Page_MTD_Spend_Monitoring/Page_/div_Items per page_mat-select-arrow-wrapper_b66081' is clicked on

2023-12-22 16:00:38 - [MESSAGE][PASSED] - Object: 'Object Repository/Page_MTD_Spend_Monitoring/Page_/div_Items per page_mat-select-arrow-wrapper_b66081' is clicked on

2023-12-22 16:00:38 - [TEST_STEP][PASSED] - click(findTestObject("Object Repository/Page_MTD_Spend_Monitoring/Page_/div_5")): Object: 'Object Repository/Page_MTD_Spend_Monitoring/Page_/div_5' is clicked on

2023-12-22 16:00:38 - [MESSAGE][PASSED] - Object: 'Object Repository/Page_MTD_Spend_Monitoring/Page_/div_5' is clicked on

2023-12-22 16:00:38 - [TEST_STEP][PASSED] - callTestCase(findTestCase("Reusable_Functions/Arrow_buttons"), [:], CONTINUE_ON_FAILURE): Call Test Case 'Test Cases/Reusable_Functions/Arrow_buttons' successfully

2023-12-22 16:00:38 - [TEST_CASE][PASSED] - Test Cases/Reusable_Functions/Arrow_buttons: Test Cases/Reusable_Functions/Arrow_buttons

2023-12-22 16:00:39 - [TEST_STEP][PASSED] - verifyElementClickable(findTestObject("Object Repository/Page_Arrow_Buttons/Page_/svg_Items per page_mat-paginator-icon")): Object 'Object Repository/Page_Arrow_Buttons/Page_/svg_Items per page_mat-paginator-icon' is clickable

2023-12-22 16:00:39 - [MESSAGE][PASSED] - Object 'Object Repository/Page_Arrow_Buttons/Page_/svg_Items per page_mat-paginator-icon' is clickable

2023-12-22 16:00:39 - [TEST_STEP][PASSED] - click(findTestObject("Object Repository/Page_Arrow_Buttons/Page_/svg_Items per page_mat-paginator-icon")): Object: 'Object Repository/Page_Arrow_Buttons/Page_/svg_Items per page_mat-paginator-icon' is clicked on

2023-12-22 16:00:39 - [MESSAGE][PASSED] - Object: 'Object Repository/Page_Arrow_Buttons/Page_/svg_Items per page_mat-paginator-icon' is clicked on

2023-12-22 16:00:39 - [TEST_STEP][PASSED] - verifyElementClickable(findTestObject("Object Repository/Page_Arrow_Buttons/Page_/svg_Items per page_mat-paginator-icon_1")): Object 'Object Repository/Page_Arrow_Buttons/Page_/svg_Items per page_mat-paginator-icon_1' is clickable

2023-12-22 16:00:40 - [MESSAGE][PASSED] - Object 'Object Repository/Page_Arrow_Buttons/Page_/svg_Items per page_mat-paginator-icon_1' is clickable

2023-12-22 16:00:40 - [TEST_STEP][PASSED] - click(findTestObject("Object Repository/Page_Arrow_Buttons/Page_/svg_Items per page_mat-paginator-icon_1")): Object: 'Object Repository/Page_Arrow_Buttons/Page_/svg_Items per page_mat-paginator-icon_1' is clicked on

2023-12-22 16:00:40 - [MESSAGE][PASSED] - Object: 'Object Repository/Page_Arrow_Buttons/Page_/svg_Items per page_mat-paginator-icon_1' is clicked on

2023-12-22 16:00:40 - [MESSAGE][PASSED] - Call Test Case 'Test Cases/Reusable_Functions/Arrow_buttons' successfully

2023-12-22 16:00:40 - [TEST_STEP][PASSED] - verifyElementClickable(findTestObject("Object Repository/Page_MTD_Spend_Monitoring/Page_/svg_Items per page_mat-paginator-icon")): Object 'Object Repository/Page_MTD_Spend_Monitoring/Page_/svg_Items per page_mat-paginator-icon' is clickable

2023-12-22 16:00:41 - [MESSAGE][PASSED] - Object 'Object Repository/Page_MTD_Spend_Monitoring/Page_/svg_Items per page_mat-paginator-icon' is clickable

2023-12-22 16:00:41 - [TEST_STEP][PASSED] - verifyElementClickable(findTestObject("Object Repository/Page_MTD_Spend_Monitoring/Page_/svg_Items per page_mat-paginator-icon_1")): Object 'Object Repository/Page_MTD_Spend_Monitoring/Page_/svg_Items per page_mat-paginator-icon_1' is clickable

2023-12-22 16:00:41 - [MESSAGE][PASSED] - Object 'Object Repository/Page_MTD_Spend_Monitoring/Page_/svg_Items per page_mat-paginator-icon_1' is clickable

2023-12-22 16:00:41 - [TEST_STEP][PASSED] - click(findTestObject("Object Repository/Page_MTD_Spend_Monitoring/Page_/svg_Items per page_mat-paginator-icon_1_2_3")): Object: 'Object Repository/Page_MTD_Spend_Monitoring/Page_/svg_Items per page_mat-paginator-icon_1_2_3' is clicked on

2023-12-22 16:00:42 - [MESSAGE][PASSED] - Object: 'Object Repository/Page_MTD_Spend_Monitoring/Page_/svg_Items per page_mat-paginator-icon_1_2_3' is clicked on

2023-12-22 16:00:42 - [TEST_STEP][PASSED] - verifyElementText(findTestObject("Object Repository/Page_MTD_Spend_Monitoring/Page_/p_Monthly Spend Vs Target"), "Monthly Spend Vs Target"): Actual text and expected text of test object 'Object Repository/Page_MTD_Spend_Monitoring/Page_/p_Monthly Spend Vs Target' are matched.

2023-12-22 16:00:42 - [MESSAGE][PASSED] - Actual text and expected text of test object 'Object Repository/Page_MTD_Spend_Monitoring/Page_/p_Monthly Spend Vs Target' are matched.

2023-12-22 16:00:42 - [TEST_STEP][PASSED] - verifyElementText(findTestObject("Object Repository/Page_MTD_Spend_Monitoring/Page_/div_Items per page"), "Items per page:"): Actual text and expected text of test object 'Object Repository/Page_MTD_Spend_Monitoring/Page_/div_Items per page' are matched.

2023-12-22 16:00:43 - [MESSAGE][PASSED] - Actual text and expected text of test object 'Object Repository/Page_MTD_Spend_Monitoring/Page_/div_Items per page' are matched.

2023-12-22 16:00:43 - [TEST_STEP][PASSED] - verifyElementClickable(findTestObject("Object Repository/Page_MTD_Spend_Monitoring/Page_/div_Items per page_mat-select-arrow-wrapper_a107c1")): Object 'Object Repository/Page_MTD_Spend_Monitoring/Page_/div_Items per page_mat-select-arrow-wrapper_a107c1' is clickable

2023-12-22 16:00:43 - [MESSAGE][PASSED] - Object 'Object Repository/Page_MTD_Spend_Monitoring/Page_/div_Items per page_mat-select-arrow-wrapper_a107c1' is clickable

2023-12-22 16:00:43 - [TEST_STEP][PASSED] - click(findTestObject("Object Repository/Page_MTD_Spend_Monitoring/Page_/div_Items per page_mat-select-arrow ng-tns-c110-12")): Object: 'Object Repository/Page_MTD_Spend_Monitoring/Page_/div_Items per page_mat-select-arrow ng-tns-c110-12' is clicked on

2023-12-22 16:00:43 - [MESSAGE][PASSED] - Object: 'Object Repository/Page_MTD_Spend_Monitoring/Page_/div_Items per page_mat-select-arrow ng-tns-c110-12' is clicked on

2023-12-22 16:00:43 - [TEST_STEP][PASSED] - click(findTestObject("Object Repository/Page_MTD_Spend_Monitoring/Page_/div_20")): Object: 'Object Repository/Page_MTD_Spend_Monitoring/Page_/div_20' is clicked on

2023-12-22 16:01:15 - [MESSAGE][INFO] - Unable to find the element located by 'By.xpath: //mat-option[@id='mat-option-2']/span'. Please recheck the objects properties to make sure the desired element is located. 

2023-12-22 16:01:15 - [MESSAGE][WARNING] - [SELF-HEALING] Failed to find element with id 'Object Repository/Page_MTD_Spend_Monitoring/Page_/div_20'. Try using Self-healing.

2023-12-22 16:01:15 - [MESSAGE][WARNING] - [SELF-HEALING] The current locator of test object 'Object Repository/Page_MTD_Spend_Monitoring/Page_/div_20' was broken. Propose an alternative one: '(.//*[normalize-space(text()) and normalize-space(.)='Logout'])[1]/following::span[3]'.

2023-12-22 16:01:15 - [MESSAGE][PASSED] - Object: 'Object Repository/Page_MTD_Spend_Monitoring/Page_/div_20' is clicked on

2023-12-22 16:01:15 - [TEST_STEP][PASSED] - click(findTestObject("Object Repository/Page_MTD_Spend_Monitoring/Page_/div_Items per page_mat-select-arrow-wrapper_a107c1")): Object: 'Object Repository/Page_MTD_Spend_Monitoring/Page_/div_Items per page_mat-select-arrow-wrapper_a107c1' is clicked on

2023-12-22 16:01:16 - [MESSAGE][PASSED] - Object: 'Object Repository/Page_MTD_Spend_Monitoring/Page_/div_Items per page_mat-select-arrow-wrapper_a107c1' is clicked on

2023-12-22 16:01:16 - [TEST_STEP][PASSED] - click(findTestObject("Object Repository/Page_MTD_Spend_Monitoring/Page_/div_10")): Object: 'Object Repository/Page_MTD_Spend_Monitoring/Page_/div_10' is clicked on

2023-12-22 16:01:47 - [MESSAGE][INFO] - Unable to find the element located by 'By.xpath: //mat-option[@id='mat-option-1']/span'. Please recheck the objects properties to make sure the desired element is located. 

2023-12-22 16:01:47 - [MESSAGE][WARNING] - [SELF-HEALING] Failed to find element with id 'Object Repository/Page_MTD_Spend_Monitoring/Page_/div_10'. Try using Self-healing.

2023-12-22 16:01:47 - [MESSAGE][WARNING] - [SELF-HEALING] The current locator of test object 'Object Repository/Page_MTD_Spend_Monitoring/Page_/div_10' was broken. Propose an alternative one: '(.//*[normalize-space(text()) and normalize-space(.)='Logout'])[1]/following::span[2]'.

2023-12-22 16:01:47 - [MESSAGE][PASSED] - Object: 'Object Repository/Page_MTD_Spend_Monitoring/Page_/div_10' is clicked on

2023-12-22 16:01:47 - [TEST_STEP][PASSED] - click(findTestObject("Object Repository/Page_MTD_Spend_Monitoring/Page_/div_Items per page_mat-select-arrow ng-tns-c110-12")): Object: 'Object Repository/Page_MTD_Spend_Monitoring/Page_/div_Items per page_mat-select-arrow ng-tns-c110-12' is clicked on

2023-12-22 16:01:48 - [MESSAGE][PASSED] - Object: 'Object Repository/Page_MTD_Spend_Monitoring/Page_/div_Items per page_mat-select-arrow ng-tns-c110-12' is clicked on

2023-12-22 16:01:48 - [TEST_STEP][PASSED] - click(findTestObject("Object Repository/Page_MTD_Spend_Monitoring/Page_/div_5")): Object: 'Object Repository/Page_MTD_Spend_Monitoring/Page_/div_5' is clicked on

2023-12-22 16:02:20 - [MESSAGE][INFO] - Unable to find the element located by 'By.xpath: //mat-option[@id='mat-option-0']/span'. Please recheck the objects properties to make sure the desired element is located. 

2023-12-22 16:02:20 - [MESSAGE][WARNING] - [SELF-HEALING] Failed to find element with id 'Object Repository/Page_MTD_Spend_Monitoring/Page_/div_5'. Try using Self-healing.

2023-12-22 16:02:20 - [MESSAGE][WARNING] - [SELF-HEALING] The current locator of test object 'Object Repository/Page_MTD_Spend_Monitoring/Page_/div_5' was broken. Propose an alternative one: '(.//*[normalize-space(text()) and normalize-space(.)='Logout'])[1]/following::span[1]'.

2023-12-22 16:02:20 - [MESSAGE][PASSED] - Object: 'Object Repository/Page_MTD_Spend_Monitoring/Page_/div_5' is clicked on

2023-12-22 16:02:20 - [TEST_STEP][PASSED] - callTestCase(findTestCase("Reusable_Functions/Arrow_buttons"), [:], CONTINUE_ON_FAILURE): Call Test Case 'Test Cases/Reusable_Functions/Arrow_buttons' successfully

2023-12-22 16:02:20 - [TEST_CASE][PASSED] - Test Cases/Reusable_Functions/Arrow_buttons: Test Cases/Reusable_Functions/Arrow_buttons

2023-12-22 16:02:20 - [TEST_STEP][PASSED] - verifyElementClickable(findTestObject("Object Repository/Page_Arrow_Buttons/Page_/svg_Items per page_mat-paginator-icon")): Object 'Object Repository/Page_Arrow_Buttons/Page_/svg_Items per page_mat-paginator-icon' is clickable

2023-12-22 16:02:21 - [MESSAGE][PASSED] - Object 'Object Repository/Page_Arrow_Buttons/Page_/svg_Items per page_mat-paginator-icon' is clickable

2023-12-22 16:02:21 - [TEST_STEP][PASSED] - click(findTestObject("Object Repository/Page_Arrow_Buttons/Page_/svg_Items per page_mat-paginator-icon")): Object: 'Object Repository/Page_Arrow_Buttons/Page_/svg_Items per page_mat-paginator-icon' is clicked on

2023-12-22 16:02:21 - [MESSAGE][PASSED] - Object: 'Object Repository/Page_Arrow_Buttons/Page_/svg_Items per page_mat-paginator-icon' is clicked on

2023-12-22 16:02:21 - [TEST_STEP][PASSED] - verifyElementClickable(findTestObject("Object Repository/Page_Arrow_Buttons/Page_/svg_Items per page_mat-paginator-icon_1")): Object 'Object Repository/Page_Arrow_Buttons/Page_/svg_Items per page_mat-paginator-icon_1' is clickable

2023-12-22 16:02:22 - [MESSAGE][PASSED] - Object 'Object Repository/Page_Arrow_Buttons/Page_/svg_Items per page_mat-paginator-icon_1' is clickable

2023-12-22 16:02:22 - [TEST_STEP][PASSED] - click(findTestObject("Object Repository/Page_Arrow_Buttons/Page_/svg_Items per page_mat-paginator-icon_1")): Object: 'Object Repository/Page_Arrow_Buttons/Page_/svg_Items per page_mat-paginator-icon_1' is clicked on

2023-12-22 16:02:22 - [MESSAGE][PASSED] - Object: 'Object Repository/Page_Arrow_Buttons/Page_/svg_Items per page_mat-paginator-icon_1' is clicked on

2023-12-22 16:02:22 - [MESSAGE][INFO] - 

2023-12-22 16:02:22 - [MESSAGE][INFO] - ===================== Self-healing Report ====================

2023-12-22 16:02:22 - [MESSAGE][INFO] - One of the failed test object locators has been recovered by Self-healing. Please refer to the Self-healing Insights tab for more details.

2023-12-22 16:02:22 - [MESSAGE][INFO] - To learn more about Self-healing, please read https://docs.katalon.com/katalon-studio/docs/self-healing.html

2023-12-22 16:02:22 - [MESSAGE][INFO] - ==============================================================

2023-12-22 16:02:22 - [MESSAGE][PASSED] - Call Test Case 'Test Cases/Reusable_Functions/Arrow_buttons' successfully

2023-12-22 16:02:22 - [TEST_STEP][PASSED] - verifyElementClickable(findTestObject("Object Repository/Page_MTD_Spend_Monitoring/Page_/svg_Items per page_mat-paginator-icon_1_2")): Object 'Object Repository/Page_MTD_Spend_Monitoring/Page_/svg_Items per page_mat-paginator-icon_1_2' is clickable

2023-12-22 16:02:22 - [MESSAGE][PASSED] - Object 'Object Repository/Page_MTD_Spend_Monitoring/Page_/svg_Items per page_mat-paginator-icon_1_2' is clickable

2023-12-22 16:02:22 - [TEST_STEP][PASSED] - verifyElementClickable(findTestObject("Object Repository/Page_MTD_Spend_Monitoring/Page_/svg_Items per page_mat-paginator-icon_1_2_3")): Object 'Object Repository/Page_MTD_Spend_Monitoring/Page_/svg_Items per page_mat-paginator-icon_1_2_3' is clickable

2023-12-22 16:02:23 - [MESSAGE][PASSED] - Object 'Object Repository/Page_MTD_Spend_Monitoring/Page_/svg_Items per page_mat-paginator-icon_1_2_3' is clickable

2023-12-22 16:02:23 - [TEST_STEP][PASSED] - click(findTestObject("Object Repository/Page_MTD_Spend_Monitoring/Page_/svg_Items per page_mat-paginator-icon_1_2_3")): Object: 'Object Repository/Page_MTD_Spend_Monitoring/Page_/svg_Items per page_mat-paginator-icon_1_2_3' is clicked on

2023-12-22 16:02:23 - [MESSAGE][PASSED] - Object: 'Object Repository/Page_MTD_Spend_Monitoring/Page_/svg_Items per page_mat-paginator-icon_1_2_3' is clicked on

2023-12-22 16:02:23 - [TEST_STEP][PASSED] - verifyElementText(findTestObject("Object Repository/Page_MTD_Spend_Monitoring/Page_/p_MTD Spend Vs Target by Channel"), "MTD Spend Vs Target by Channel"): Actual text and expected text of test object 'Object Repository/Page_MTD_Spend_Monitoring/Page_/p_MTD Spend Vs Target by Channel' are matched.

2023-12-22 16:02:24 - [MESSAGE][PASSED] - Actual text and expected text of test object 'Object Repository/Page_MTD_Spend_Monitoring/Page_/p_MTD Spend Vs Target by Channel' are matched.

2023-12-22 16:02:24 - [TEST_STEP][PASSED] - verifyElementText(findTestObject("Object Repository/Page_MTD_Spend_Monitoring/Page_/div_Items per page"), "Items per page:"): Actual text and expected text of test object 'Object Repository/Page_MTD_Spend_Monitoring/Page_/div_Items per page' are matched.

2023-12-22 16:02:24 - [MESSAGE][PASSED] - Actual text and expected text of test object 'Object Repository/Page_MTD_Spend_Monitoring/Page_/div_Items per page' are matched.

2023-12-22 16:02:24 - [TEST_STEP][PASSED] - verifyElementClickable(findTestObject("Object Repository/Page_MTD_Spend_Monitoring/Page_/div_Items per page_mat-select-arrow-wrapper_9322e4")): Object 'Object Repository/Page_MTD_Spend_Monitoring/Page_/div_Items per page_mat-select-arrow-wrapper_9322e4' is clickable

2023-12-22 16:02:24 - [MESSAGE][PASSED] - Object 'Object Repository/Page_MTD_Spend_Monitoring/Page_/div_Items per page_mat-select-arrow-wrapper_9322e4' is clickable

2023-12-22 16:02:24 - [TEST_STEP][PASSED] - click(findTestObject("Object Repository/Page_MTD_Spend_Monitoring/Page_/div_Items per page_mat-select-arrow ng-tns-c110-14")): Object: 'Object Repository/Page_MTD_Spend_Monitoring/Page_/div_Items per page_mat-select-arrow ng-tns-c110-14' is clicked on

2023-12-22 16:02:25 - [MESSAGE][PASSED] - Object: 'Object Repository/Page_MTD_Spend_Monitoring/Page_/div_Items per page_mat-select-arrow ng-tns-c110-14' is clicked on

2023-12-22 16:02:25 - [TEST_STEP][PASSED] - click(findTestObject("Object Repository/Page_MTD_Spend_Monitoring/Page_/div_20")): Object: 'Object Repository/Page_MTD_Spend_Monitoring/Page_/div_20' is clicked on

2023-12-22 16:02:56 - [MESSAGE][INFO] - Unable to find the element located by 'By.xpath: //mat-option[@id='mat-option-2']/span'. Please recheck the objects properties to make sure the desired element is located. 

2023-12-22 16:02:56 - [MESSAGE][WARNING] - [SELF-HEALING] Failed to find element with id 'Object Repository/Page_MTD_Spend_Monitoring/Page_/div_20'. Try using Self-healing.

2023-12-22 16:02:56 - [MESSAGE][WARNING] - [SELF-HEALING] The current locator of test object 'Object Repository/Page_MTD_Spend_Monitoring/Page_/div_20' was broken. Propose an alternative one: '(.//*[normalize-space(text()) and normalize-space(.)='Logout'])[1]/following::span[3]'.

2023-12-22 16:02:56 - [MESSAGE][PASSED] - Object: 'Object Repository/Page_MTD_Spend_Monitoring/Page_/div_20' is clicked on

2023-12-22 16:02:56 - [TEST_STEP][PASSED] - click(findTestObject("Object Repository/Page_MTD_Spend_Monitoring/Page_/div_Items per page_mat-select-arrow-wrapper_9322e4")): Object: 'Object Repository/Page_MTD_Spend_Monitoring/Page_/div_Items per page_mat-select-arrow-wrapper_9322e4' is clicked on

2023-12-22 16:02:57 - [MESSAGE][PASSED] - Object: 'Object Repository/Page_MTD_Spend_Monitoring/Page_/div_Items per page_mat-select-arrow-wrapper_9322e4' is clicked on

2023-12-22 16:02:57 - [TEST_STEP][PASSED] - click(findTestObject("Object Repository/Page_MTD_Spend_Monitoring/Page_/div_10")): Object: 'Object Repository/Page_MTD_Spend_Monitoring/Page_/div_10' is clicked on

2023-12-22 16:03:28 - [MESSAGE][INFO] - Unable to find the element located by 'By.xpath: //mat-option[@id='mat-option-1']/span'. Please recheck the objects properties to make sure the desired element is located. 

2023-12-22 16:03:28 - [MESSAGE][WARNING] - [SELF-HEALING] Failed to find element with id 'Object Repository/Page_MTD_Spend_Monitoring/Page_/div_10'. Try using Self-healing.

2023-12-22 16:03:29 - [MESSAGE][WARNING] - [SELF-HEALING] The current locator of test object 'Object Repository/Page_MTD_Spend_Monitoring/Page_/div_10' was broken. Propose an alternative one: '(.//*[normalize-space(text()) and normalize-space(.)='Logout'])[1]/following::span[2]'.

2023-12-22 16:03:29 - [MESSAGE][PASSED] - Object: 'Object Repository/Page_MTD_Spend_Monitoring/Page_/div_10' is clicked on

2023-12-22 16:03:29 - [TEST_STEP][PASSED] - click(findTestObject("Object Repository/Page_MTD_Spend_Monitoring/Page_/div_Items per page_mat-select-arrow ng-tns-c110-14")): Object: 'Object Repository/Page_MTD_Spend_Monitoring/Page_/div_Items per page_mat-select-arrow ng-tns-c110-14' is clicked on

2023-12-22 16:03:29 - [MESSAGE][PASSED] - Object: 'Object Repository/Page_MTD_Spend_Monitoring/Page_/div_Items per page_mat-select-arrow ng-tns-c110-14' is clicked on

2023-12-22 16:03:29 - [TEST_STEP][PASSED] - click(findTestObject("Object Repository/Page_MTD_Spend_Monitoring/Page_/div_5")): Object: 'Object Repository/Page_MTD_Spend_Monitoring/Page_/div_5' is clicked on

2023-12-22 16:04:01 - [MESSAGE][INFO] - Unable to find the element located by 'By.xpath: //mat-option[@id='mat-option-0']/span'. Please recheck the objects properties to make sure the desired element is located. 

2023-12-22 16:04:01 - [MESSAGE][WARNING] - [SELF-HEALING] Failed to find element with id 'Object Repository/Page_MTD_Spend_Monitoring/Page_/div_5'. Try using Self-healing.

2023-12-22 16:04:01 - [MESSAGE][WARNING] - [SELF-HEALING] The current locator of test object 'Object Repository/Page_MTD_Spend_Monitoring/Page_/div_5' was broken. Propose an alternative one: '(.//*[normalize-space(text()) and normalize-space(.)='Logout'])[1]/following::span[1]'.

2023-12-22 16:04:01 - [MESSAGE][PASSED] - Object: 'Object Repository/Page_MTD_Spend_Monitoring/Page_/div_5' is clicked on

2023-12-22 16:04:01 - [TEST_STEP][PASSED] - callTestCase(findTestCase("Reusable_Functions/Arrow_buttons"), [:], CONTINUE_ON_FAILURE): Call Test Case 'Test Cases/Reusable_Functions/Arrow_buttons' successfully

2023-12-22 16:04:01 - [TEST_CASE][PASSED] - Test Cases/Reusable_Functions/Arrow_buttons: Test Cases/Reusable_Functions/Arrow_buttons

2023-12-22 16:04:01 - [TEST_STEP][PASSED] - verifyElementClickable(findTestObject("Object Repository/Page_Arrow_Buttons/Page_/svg_Items per page_mat-paginator-icon")): Object 'Object Repository/Page_Arrow_Buttons/Page_/svg_Items per page_mat-paginator-icon' is clickable

2023-12-22 16:04:02 - [MESSAGE][PASSED] - Object 'Object Repository/Page_Arrow_Buttons/Page_/svg_Items per page_mat-paginator-icon' is clickable

2023-12-22 16:04:02 - [TEST_STEP][PASSED] - click(findTestObject("Object Repository/Page_Arrow_Buttons/Page_/svg_Items per page_mat-paginator-icon")): Object: 'Object Repository/Page_Arrow_Buttons/Page_/svg_Items per page_mat-paginator-icon' is clicked on

2023-12-22 16:04:02 - [MESSAGE][PASSED] - Object: 'Object Repository/Page_Arrow_Buttons/Page_/svg_Items per page_mat-paginator-icon' is clicked on

2023-12-22 16:04:02 - [TEST_STEP][PASSED] - verifyElementClickable(findTestObject("Object Repository/Page_Arrow_Buttons/Page_/svg_Items per page_mat-paginator-icon_1")): Object 'Object Repository/Page_Arrow_Buttons/Page_/svg_Items per page_mat-paginator-icon_1' is clickable

2023-12-22 16:04:03 - [MESSAGE][PASSED] - Object 'Object Repository/Page_Arrow_Buttons/Page_/svg_Items per page_mat-paginator-icon_1' is clickable

2023-12-22 16:04:03 - [TEST_STEP][PASSED] - click(findTestObject("Object Repository/Page_Arrow_Buttons/Page_/svg_Items per page_mat-paginator-icon_1")): Object: 'Object Repository/Page_Arrow_Buttons/Page_/svg_Items per page_mat-paginator-icon_1' is clicked on

2023-12-22 16:04:03 - [MESSAGE][PASSED] - Object: 'Object Repository/Page_Arrow_Buttons/Page_/svg_Items per page_mat-paginator-icon_1' is clicked on

2023-12-22 16:04:03 - [MESSAGE][INFO] - 

2023-12-22 16:04:03 - [MESSAGE][INFO] - ===================== Self-healing Report ====================

2023-12-22 16:04:03 - [MESSAGE][INFO] - One of the failed test object locators has been recovered by Self-healing. Please refer to the Self-healing Insights tab for more details.

2023-12-22 16:04:03 - [MESSAGE][INFO] - To learn more about Self-healing, please read https://docs.katalon.com/katalon-studio/docs/self-healing.html

2023-12-22 16:04:03 - [MESSAGE][INFO] - ==============================================================

2023-12-22 16:04:03 - [MESSAGE][PASSED] - Call Test Case 'Test Cases/Reusable_Functions/Arrow_buttons' successfully

2023-12-22 16:04:03 - [TEST_STEP][PASSED] - callTestCase(findTestCase("Reusable_Functions/Fullscreen"), [:], CONTINUE_ON_FAILURE): Call Test Case 'Test Cases/Reusable_Functions/Fullscreen' successfully

2023-12-22 16:04:03 - [TEST_CASE][PASSED] - Test Cases/Reusable_Functions/Fullscreen: Test Cases/Reusable_Functions/Fullscreen

2023-12-22 16:04:03 - [TEST_STEP][PASSED] - verifyElementClickable(findTestObject("Object Repository/Page_Fullscreen/Page_/img")): Object 'Object Repository/Page_Fullscreen/Page_/img' is clickable

2023-12-22 16:04:04 - [MESSAGE][PASSED] - Object 'Object Repository/Page_Fullscreen/Page_/img' is clickable

2023-12-22 16:04:04 - [TEST_STEP][PASSED] - click(findTestObject("Object Repository/Page_Fullscreen/Page_/img")): Object: 'Object Repository/Page_Fullscreen/Page_/img' is clicked on

2023-12-22 16:04:04 - [MESSAGE][PASSED] - Object: 'Object Repository/Page_Fullscreen/Page_/img' is clicked on

2023-12-22 16:04:04 - [TEST_STEP][PASSED] - delay(2): Delayed 2 second(s)

2023-12-22 16:04:06 - [MESSAGE][PASSED] - Delayed 2 second(s)

2023-12-22 16:04:06 - [TEST_STEP][PASSED] - executeJavaScript("document.exitFullscreen();", null): Execute JavaScript 'document.exitFullscreen();' successfully

2023-12-22 16:04:06 - [MESSAGE][PASSED] - Execute JavaScript 'document.exitFullscreen();' successfully

2023-12-22 16:04:06 - [TEST_STEP][PASSED] - delay(2): Delayed 2 second(s)

2023-12-22 16:04:08 - [MESSAGE][PASSED] - Delayed 2 second(s)

2023-12-22 16:04:08 - [MESSAGE][INFO] - 

2023-12-22 16:04:08 - [MESSAGE][INFO] - ===================== Self-healing Report ====================

2023-12-22 16:04:08 - [MESSAGE][INFO] - One of the failed test object locators has been recovered by Self-healing. Please refer to the Self-healing Insights tab for more details.

2023-12-22 16:04:08 - [MESSAGE][INFO] - To learn more about Self-healing, please read https://docs.katalon.com/katalon-studio/docs/self-healing.html

2023-12-22 16:04:08 - [MESSAGE][INFO] - ==============================================================

2023-12-22 16:04:08 - [MESSAGE][PASSED] - Call Test Case 'Test Cases/Reusable_Functions/Fullscreen' successfully]]></system-out>
         <system-err><![CDATA[]]></system-err>
      </testcase>
      <testcase name="Test Cases/Performance_Report/test_weekly_buyer_cac_report" time="368.393" classname="Test Cases/Performance_Report/test_weekly_buyer_cac_report" status="PASSED">
         <system-out><![CDATA[2023-12-22 16:04:08 - [TEST_CASE][PASSED] - Test Cases/Performance_Report/test_weekly_buyer_cac_report: Test Cases/Performance_Report/test_weekly_buyer_cac_report

2023-12-22 16:04:09 - [TEST_STEP][PASSED] - verifyElementClickable(findTestObject("Object Repository/Page_Weekly_Buyer_CAC_Report/Page_/li_Performance")): Object 'Object Repository/Page_Weekly_Buyer_CAC_Report/Page_/li_Performance' is clickable

2023-12-22 16:04:09 - [MESSAGE][PASSED] - Object 'Object Repository/Page_Weekly_Buyer_CAC_Report/Page_/li_Performance' is clickable

2023-12-22 16:04:09 - [TEST_STEP][PASSED] - click(findTestObject("Object Repository/Page_Weekly_Buyer_CAC_Report/Page_/li_Performance")): Object: 'Object Repository/Page_Weekly_Buyer_CAC_Report/Page_/li_Performance' is clicked on

2023-12-22 16:04:09 - [MESSAGE][PASSED] - Object: 'Object Repository/Page_Weekly_Buyer_CAC_Report/Page_/li_Performance' is clicked on

2023-12-22 16:04:09 - [TEST_STEP][PASSED] - verifyElementClickable(findTestObject("Object Repository/Page_Weekly_Buyer_CAC_Report/Page_/div_Weekly Buyer CAC Report")): Object 'Object Repository/Page_Weekly_Buyer_CAC_Report/Page_/div_Weekly Buyer CAC Report' is clickable

2023-12-22 16:04:41 - [MESSAGE][INFO] - Unable to find the element located by 'By.xpath: //div[@id='mat-tab-label-1-0']/div'. Please recheck the objects properties to make sure the desired element is located. 

2023-12-22 16:04:41 - [MESSAGE][WARNING] - [SELF-HEALING] Failed to find element with id 'Object Repository/Page_Weekly_Buyer_CAC_Report/Page_/div_Weekly Buyer CAC Report'. Try using Self-healing.

2023-12-22 16:04:41 - [MESSAGE][WARNING] - [SELF-HEALING] The current locator of test object 'Object Repository/Page_Weekly_Buyer_CAC_Report/Page_/div_Weekly Buyer CAC Report' was broken. Propose an alternative one: '(.//*[normalize-space(text()) and normalize-space(.)='Campaign'])[1]/following::div[14]'.

2023-12-22 16:04:41 - [MESSAGE][PASSED] - Object 'Object Repository/Page_Weekly_Buyer_CAC_Report/Page_/div_Weekly Buyer CAC Report' is clickable

2023-12-22 16:04:41 - [TEST_STEP][PASSED] - click(findTestObject("Object Repository/Page_Weekly_Buyer_CAC_Report/Page_/div_Weekly Buyer CAC Report")): Object: 'Object Repository/Page_Weekly_Buyer_CAC_Report/Page_/div_Weekly Buyer CAC Report' is clicked on

2023-12-22 16:05:12 - [MESSAGE][INFO] - Unable to find the element located by 'By.xpath: //div[@id='mat-tab-label-1-0']/div'. Please recheck the objects properties to make sure the desired element is located. 

2023-12-22 16:05:12 - [MESSAGE][WARNING] - [SELF-HEALING] Failed to find element with id 'Object Repository/Page_Weekly_Buyer_CAC_Report/Page_/div_Weekly Buyer CAC Report'. Try using Self-healing.

2023-12-22 16:05:12 - [MESSAGE][WARNING] - [SELF-HEALING] The current locator of test object 'Object Repository/Page_Weekly_Buyer_CAC_Report/Page_/div_Weekly Buyer CAC Report' was broken. Propose an alternative one: '(.//*[normalize-space(text()) and normalize-space(.)='Campaign'])[1]/following::div[14]'.

2023-12-22 16:05:12 - [MESSAGE][PASSED] - Object: 'Object Repository/Page_Weekly_Buyer_CAC_Report/Page_/div_Weekly Buyer CAC Report' is clicked on

2023-12-22 16:05:12 - [TEST_STEP][PASSED] - verifyElementClickable(findTestObject("Object Repository/Page_Weekly_Buyer_CAC_Report/Page_/svg_Enter a date range_mat-datepicker-toggl_ef015c")): Object 'Object Repository/Page_Weekly_Buyer_CAC_Report/Page_/svg_Enter a date range_mat-datepicker-toggl_ef015c' is clickable

2023-12-22 16:05:13 - [MESSAGE][PASSED] - Object 'Object Repository/Page_Weekly_Buyer_CAC_Report/Page_/svg_Enter a date range_mat-datepicker-toggl_ef015c' is clickable

2023-12-22 16:05:13 - [TEST_STEP][PASSED] - verifyElementClickable(findTestObject("Object Repository/Page_Weekly_Buyer_CAC_Report/Page_/mat-icon_clear")): Object 'Object Repository/Page_Weekly_Buyer_CAC_Report/Page_/mat-icon_clear' is clickable

2023-12-22 16:05:44 - [MESSAGE][INFO] - Unable to find the element located by 'By.xpath: //mat-tab-body[@id='mat-tab-content-1-0']/div/app-weekly-buyer-cac-trendline-chart/div/div/div/app-time-series-filter-panel/div/mat-form-field/div/div/div/mat-icon'. Please recheck the objects properties to make sure the desired element is located. 

2023-12-22 16:05:44 - [MESSAGE][WARNING] - [SELF-HEALING] Failed to find element with id 'Object Repository/Page_Weekly_Buyer_CAC_Report/Page_/mat-icon_clear'. Try using Self-healing.

2023-12-22 16:05:45 - [MESSAGE][WARNING] - [SELF-HEALING] The current locator of test object 'Object Repository/Page_Weekly_Buyer_CAC_Report/Page_/mat-icon_clear' was broken. Propose an alternative one: '(.//*[normalize-space(text()) and normalize-space(.)='–'])[1]/following::mat-icon[1]'.

2023-12-22 16:05:45 - [MESSAGE][PASSED] - Object 'Object Repository/Page_Weekly_Buyer_CAC_Report/Page_/mat-icon_clear' is clickable

2023-12-22 16:05:45 - [TEST_STEP][PASSED] - click(findTestObject("Object Repository/Page_Weekly_Buyer_CAC_Report/Page_/svg_Enter a date range_mat-datepicker-toggl_ef015c")): Object: 'Object Repository/Page_Weekly_Buyer_CAC_Report/Page_/svg_Enter a date range_mat-datepicker-toggl_ef015c' is clicked on

2023-12-22 16:05:45 - [MESSAGE][PASSED] - Object: 'Object Repository/Page_Weekly_Buyer_CAC_Report/Page_/svg_Enter a date range_mat-datepicker-toggl_ef015c' is clicked on

2023-12-22 16:05:45 - [TEST_STEP][PASSED] - click(findTestObject("Object Repository/Page_Weekly_Buyer_CAC_Report/Page_/button_NOV 2023_mat-focus-indicator mat-cal_145c8e")): Object: 'Object Repository/Page_Weekly_Buyer_CAC_Report/Page_/button_NOV 2023_mat-focus-indicator mat-cal_145c8e' is clicked on

2023-12-22 16:05:46 - [MESSAGE][PASSED] - Object: 'Object Repository/Page_Weekly_Buyer_CAC_Report/Page_/button_NOV 2023_mat-focus-indicator mat-cal_145c8e' is clicked on

2023-12-22 16:05:46 - [TEST_STEP][PASSED] - click(findTestObject("Object Repository/Page_Weekly_Buyer_CAC_Report/Page_/div_1")): Object: 'Object Repository/Page_Weekly_Buyer_CAC_Report/Page_/div_1' is clicked on

2023-12-22 16:06:17 - [MESSAGE][INFO] - Unable to find the element located by 'By.xpath: //mat-calendar[@id='mat-datepicker-1']/div/mat-month-view/table/tbody/tr[2]/td/button/div'. Please recheck the objects properties to make sure the desired element is located. 

2023-12-22 16:06:17 - [MESSAGE][WARNING] - [SELF-HEALING] Failed to find element with id 'Object Repository/Page_Weekly_Buyer_CAC_Report/Page_/div_1'. Try using Self-healing.

2023-12-22 16:06:18 - [MESSAGE][WARNING] - [SELF-HEALING] The current locator of test object 'Object Repository/Page_Weekly_Buyer_CAC_Report/Page_/div_1' was broken. Propose an alternative one: '(.//*[normalize-space(text()) and normalize-space(.)='OCT'])[1]/following::div[1]'.

2023-12-22 16:06:18 - [MESSAGE][PASSED] - Object: 'Object Repository/Page_Weekly_Buyer_CAC_Report/Page_/div_1' is clicked on

2023-12-22 16:06:18 - [TEST_STEP][PASSED] - click(findTestObject("Object Repository/Page_Weekly_Buyer_CAC_Report/Page_/div_31")): Object: 'Object Repository/Page_Weekly_Buyer_CAC_Report/Page_/div_31' is clicked on

2023-12-22 16:06:49 - [MESSAGE][INFO] - Unable to find the element located by 'By.xpath: //mat-calendar[@id='mat-datepicker-1']/div/mat-month-view/table/tbody/tr[6]/td[3]/button/div'. Please recheck the objects properties to make sure the desired element is located. 

2023-12-22 16:06:49 - [MESSAGE][WARNING] - [SELF-HEALING] Failed to find element with id 'Object Repository/Page_Weekly_Buyer_CAC_Report/Page_/div_31'. Try using Self-healing.

2023-12-22 16:06:50 - [MESSAGE][WARNING] - [SELF-HEALING] The current locator of test object 'Object Repository/Page_Weekly_Buyer_CAC_Report/Page_/div_31' was broken. Propose an alternative one: '(.//*[normalize-space(text()) and normalize-space(.)='OCT'])[1]/following::div[61]'.

2023-12-22 16:06:50 - [MESSAGE][PASSED] - Object: 'Object Repository/Page_Weekly_Buyer_CAC_Report/Page_/div_31' is clicked on

2023-12-22 16:06:50 - [TEST_STEP][PASSED] - verifyElementText(findTestObject("Object Repository/Page_Weekly_Buyer_CAC_Report/Page_/h2_Buyer CAC"), "Buyer CAC"): Actual text and expected text of test object 'Object Repository/Page_Weekly_Buyer_CAC_Report/Page_/h2_Buyer CAC' are matched.

2023-12-22 16:06:53 - [MESSAGE][PASSED] - Actual text and expected text of test object 'Object Repository/Page_Weekly_Buyer_CAC_Report/Page_/h2_Buyer CAC' are matched.

2023-12-22 16:06:53 - [TEST_STEP][PASSED] - verifyElementText(findTestObject("Object Repository/Page_Weekly_Buyer_CAC_Report/Page_/div_Weeks"), "Weeks"): Actual text and expected text of test object 'Object Repository/Page_Weekly_Buyer_CAC_Report/Page_/div_Weeks' are matched.

2023-12-22 16:06:53 - [MESSAGE][PASSED] - Actual text and expected text of test object 'Object Repository/Page_Weekly_Buyer_CAC_Report/Page_/div_Weeks' are matched.

2023-12-22 16:06:53 - [TEST_STEP][PASSED] - verifyElementClickable(findTestObject("Object Repository/Page_Weekly_Buyer_CAC_Report/Page_/div_Weeks_mat-sort-header-arrow ng-trigger _303ad2")): Object 'Object Repository/Page_Weekly_Buyer_CAC_Report/Page_/div_Weeks_mat-sort-header-arrow ng-trigger _303ad2' is clickable

2023-12-22 16:06:53 - [MESSAGE][PASSED] - Object 'Object Repository/Page_Weekly_Buyer_CAC_Report/Page_/div_Weeks_mat-sort-header-arrow ng-trigger _303ad2' is clickable

2023-12-22 16:06:53 - [TEST_STEP][PASSED] - click(findTestObject("Object Repository/Page_Weekly_Buyer_CAC_Report/Page_/div_Weeks_mat-sort-header-arrow ng-trigger _303ad2")): Object: 'Object Repository/Page_Weekly_Buyer_CAC_Report/Page_/div_Weeks_mat-sort-header-arrow ng-trigger _303ad2' is clicked on

2023-12-22 16:06:54 - [MESSAGE][PASSED] - Object: 'Object Repository/Page_Weekly_Buyer_CAC_Report/Page_/div_Weeks_mat-sort-header-arrow ng-trigger _303ad2' is clicked on

2023-12-22 16:06:54 - [TEST_STEP][PASSED] - verifyElementText(findTestObject("Object Repository/Page_Weekly_Buyer_CAC_Report/Page_/div_Buyer Spend"), "Buyer Spend"): Actual text and expected text of test object 'Object Repository/Page_Weekly_Buyer_CAC_Report/Page_/div_Buyer Spend' are matched.

2023-12-22 16:06:54 - [MESSAGE][PASSED] - Actual text and expected text of test object 'Object Repository/Page_Weekly_Buyer_CAC_Report/Page_/div_Buyer Spend' are matched.

2023-12-22 16:06:54 - [TEST_STEP][PASSED] - verifyElementClickable(findTestObject("Object Repository/Page_Weekly_Buyer_CAC_Report/Page_/div_Buyer Spend_mat-sort-header-stem ng-tns-c99-12_1")): Object 'Object Repository/Page_Weekly_Buyer_CAC_Report/Page_/div_Buyer Spend_mat-sort-header-stem ng-tns-c99-12_1' is clickable

2023-12-22 16:06:55 - [MESSAGE][PASSED] - Object 'Object Repository/Page_Weekly_Buyer_CAC_Report/Page_/div_Buyer Spend_mat-sort-header-stem ng-tns-c99-12_1' is clickable

2023-12-22 16:06:55 - [TEST_STEP][PASSED] - click(findTestObject("Object Repository/Page_Weekly_Buyer_CAC_Report/Page_/div_Buyer Spend_mat-sort-header-stem ng-tns-c99-12")): Object: 'Object Repository/Page_Weekly_Buyer_CAC_Report/Page_/div_Buyer Spend_mat-sort-header-stem ng-tns-c99-12' is clicked on

2023-12-22 16:06:55 - [MESSAGE][PASSED] - Object: 'Object Repository/Page_Weekly_Buyer_CAC_Report/Page_/div_Buyer Spend_mat-sort-header-stem ng-tns-c99-12' is clicked on

2023-12-22 16:06:55 - [TEST_STEP][PASSED] - verifyElementText(findTestObject("Object Repository/Page_Weekly_Buyer_CAC_Report/Page_/div_Number of Project"), "Number of Project"): Actual text and expected text of test object 'Object Repository/Page_Weekly_Buyer_CAC_Report/Page_/div_Number of Project' are matched.

2023-12-22 16:06:56 - [MESSAGE][PASSED] - Actual text and expected text of test object 'Object Repository/Page_Weekly_Buyer_CAC_Report/Page_/div_Number of Project' are matched.

2023-12-22 16:06:56 - [TEST_STEP][PASSED] - verifyElementClickable(findTestObject("Object Repository/Page_Weekly_Buyer_CAC_Report/Page_/div_Number of Project_mat-sort-header-arrow_2710b1")): Object 'Object Repository/Page_Weekly_Buyer_CAC_Report/Page_/div_Number of Project_mat-sort-header-arrow_2710b1' is clickable

2023-12-22 16:06:56 - [MESSAGE][PASSED] - Object 'Object Repository/Page_Weekly_Buyer_CAC_Report/Page_/div_Number of Project_mat-sort-header-arrow_2710b1' is clickable

2023-12-22 16:06:56 - [TEST_STEP][PASSED] - click(findTestObject("Object Repository/Page_Weekly_Buyer_CAC_Report/Page_/div_Number of Project_mat-sort-header-arrow_de0971")): Object: 'Object Repository/Page_Weekly_Buyer_CAC_Report/Page_/div_Number of Project_mat-sort-header-arrow_de0971' is clicked on

2023-12-22 16:06:56 - [MESSAGE][PASSED] - Object: 'Object Repository/Page_Weekly_Buyer_CAC_Report/Page_/div_Number of Project_mat-sort-header-arrow_de0971' is clicked on

2023-12-22 16:06:56 - [TEST_STEP][PASSED] - verifyElementText(findTestObject("Object Repository/Page_Weekly_Buyer_CAC_Report/Page_/div_Buyer CAC"), "Buyer CAC"): Actual text and expected text of test object 'Object Repository/Page_Weekly_Buyer_CAC_Report/Page_/div_Buyer CAC' are matched.

2023-12-22 16:06:57 - [MESSAGE][PASSED] - Actual text and expected text of test object 'Object Repository/Page_Weekly_Buyer_CAC_Report/Page_/div_Buyer CAC' are matched.

2023-12-22 16:06:57 - [TEST_STEP][PASSED] - verifyElementClickable(findTestObject("Object Repository/Page_Weekly_Buyer_CAC_Report/Page_/div_Buyer CAC_mat-sort-header-arrow ng-trig_22d852")): Object 'Object Repository/Page_Weekly_Buyer_CAC_Report/Page_/div_Buyer CAC_mat-sort-header-arrow ng-trig_22d852' is clickable

2023-12-22 16:06:57 - [MESSAGE][PASSED] - Object 'Object Repository/Page_Weekly_Buyer_CAC_Report/Page_/div_Buyer CAC_mat-sort-header-arrow ng-trig_22d852' is clickable

2023-12-22 16:06:57 - [TEST_STEP][PASSED] - click(findTestObject("Object Repository/Page_Weekly_Buyer_CAC_Report/Page_/div_Buyer CAC_mat-sort-header-arrow ng-trig_6f2de1")): Object: 'Object Repository/Page_Weekly_Buyer_CAC_Report/Page_/div_Buyer CAC_mat-sort-header-arrow ng-trig_6f2de1' is clicked on

2023-12-22 16:06:58 - [MESSAGE][PASSED] - Object: 'Object Repository/Page_Weekly_Buyer_CAC_Report/Page_/div_Buyer CAC_mat-sort-header-arrow ng-trig_6f2de1' is clicked on

2023-12-22 16:06:58 - [TEST_STEP][PASSED] - verifyElementText(findTestObject("Object Repository/Page_Weekly_Buyer_CAC_Report/Page_/div_Items per page"), "Items per page:"): Actual text and expected text of test object 'Object Repository/Page_Weekly_Buyer_CAC_Report/Page_/div_Items per page' are matched.

2023-12-22 16:06:59 - [MESSAGE][PASSED] - Actual text and expected text of test object 'Object Repository/Page_Weekly_Buyer_CAC_Report/Page_/div_Items per page' are matched.

2023-12-22 16:06:59 - [TEST_STEP][PASSED] - verifyElementClickable(findTestObject("Object Repository/Page_Weekly_Buyer_CAC_Report/Page_/div_Items per page_mat-select-arrow-wrapper_b66081")): Object 'Object Repository/Page_Weekly_Buyer_CAC_Report/Page_/div_Items per page_mat-select-arrow-wrapper_b66081' is clickable

2023-12-22 16:07:30 - [MESSAGE][INFO] - Unable to find the element located by 'By.xpath: //mat-select[@id='mat-select-0']/div/div[2]'. Please recheck the objects properties to make sure the desired element is located. 

2023-12-22 16:07:30 - [MESSAGE][WARNING] - [SELF-HEALING] Failed to find element with id 'Object Repository/Page_Weekly_Buyer_CAC_Report/Page_/div_Items per page_mat-select-arrow-wrapper_b66081'. Try using Self-healing.

2023-12-22 16:07:30 - [MESSAGE][WARNING] - [SELF-HEALING] The current locator of test object 'Object Repository/Page_Weekly_Buyer_CAC_Report/Page_/div_Items per page_mat-select-arrow-wrapper_b66081' was broken. Propose an alternative one: '(.//*[normalize-space(text()) and normalize-space(.)='Items per page:'])[1]/following::div[6]'.

2023-12-22 16:07:30 - [MESSAGE][PASSED] - Object 'Object Repository/Page_Weekly_Buyer_CAC_Report/Page_/div_Items per page_mat-select-arrow-wrapper_b66081' is clickable

2023-12-22 16:07:30 - [TEST_STEP][PASSED] - click(findTestObject("Object Repository/Page_Weekly_Buyer_CAC_Report/Page_/div_Items per page_mat-select-arrow ng-tns-c110-10")): Object: 'Object Repository/Page_Weekly_Buyer_CAC_Report/Page_/div_Items per page_mat-select-arrow ng-tns-c110-10' is clicked on

2023-12-22 16:08:02 - [MESSAGE][INFO] - Unable to find the element located by 'By.xpath: //mat-select[@id='mat-select-0']/div/div[2]/div'. Please recheck the objects properties to make sure the desired element is located. 

2023-12-22 16:08:02 - [MESSAGE][WARNING] - [SELF-HEALING] Failed to find element with id 'Object Repository/Page_Weekly_Buyer_CAC_Report/Page_/div_Items per page_mat-select-arrow ng-tns-c110-10'. Try using Self-healing.

2023-12-22 16:08:02 - [MESSAGE][WARNING] - [SELF-HEALING] The current locator of test object 'Object Repository/Page_Weekly_Buyer_CAC_Report/Page_/div_Items per page_mat-select-arrow ng-tns-c110-10' was broken. Propose an alternative one: '//mat-select/div/div[2]/div'.

2023-12-22 16:08:02 - [MESSAGE][PASSED] - Object: 'Object Repository/Page_Weekly_Buyer_CAC_Report/Page_/div_Items per page_mat-select-arrow ng-tns-c110-10' is clicked on

2023-12-22 16:08:02 - [TEST_STEP][PASSED] - click(findTestObject("Object Repository/Page_Weekly_Buyer_CAC_Report/Page_/span_10")): Object: 'Object Repository/Page_Weekly_Buyer_CAC_Report/Page_/span_10' is clicked on

2023-12-22 16:08:34 - [MESSAGE][INFO] - Unable to find the element located by 'By.xpath: //mat-option[@id='mat-option-1']/span'. Please recheck the objects properties to make sure the desired element is located. 

2023-12-22 16:08:34 - [MESSAGE][WARNING] - [SELF-HEALING] Failed to find element with id 'Object Repository/Page_Weekly_Buyer_CAC_Report/Page_/span_10'. Try using Self-healing.

2023-12-22 16:08:34 - [MESSAGE][WARNING] - [SELF-HEALING] The current locator of test object 'Object Repository/Page_Weekly_Buyer_CAC_Report/Page_/span_10' was broken. Propose an alternative one: '(.//*[normalize-space(text()) and normalize-space(.)='Sort'])[1]/following::span[2]'.

2023-12-22 16:08:34 - [MESSAGE][PASSED] - Object: 'Object Repository/Page_Weekly_Buyer_CAC_Report/Page_/span_10' is clicked on

2023-12-22 16:08:34 - [TEST_STEP][PASSED] - click(findTestObject("Object Repository/Page_Weekly_Buyer_CAC_Report/Page_/div_Items per page_mat-select-arrow ng-tns-c110-10")): Object: 'Object Repository/Page_Weekly_Buyer_CAC_Report/Page_/div_Items per page_mat-select-arrow ng-tns-c110-10' is clicked on

2023-12-22 16:09:05 - [MESSAGE][INFO] - Unable to find the element located by 'By.xpath: //mat-select[@id='mat-select-0']/div/div[2]/div'. Please recheck the objects properties to make sure the desired element is located. 

2023-12-22 16:09:05 - [MESSAGE][WARNING] - [SELF-HEALING] Failed to find element with id 'Object Repository/Page_Weekly_Buyer_CAC_Report/Page_/div_Items per page_mat-select-arrow ng-tns-c110-10'. Try using Self-healing.

2023-12-22 16:09:05 - [MESSAGE][WARNING] - [SELF-HEALING] The current locator of test object 'Object Repository/Page_Weekly_Buyer_CAC_Report/Page_/div_Items per page_mat-select-arrow ng-tns-c110-10' was broken. Propose an alternative one: '//mat-select/div/div[2]/div'.

2023-12-22 16:09:05 - [MESSAGE][PASSED] - Object: 'Object Repository/Page_Weekly_Buyer_CAC_Report/Page_/div_Items per page_mat-select-arrow ng-tns-c110-10' is clicked on

2023-12-22 16:09:05 - [TEST_STEP][PASSED] - click(findTestObject("Object Repository/Page_Weekly_Buyer_CAC_Report/Page_/span_20")): Object: 'Object Repository/Page_Weekly_Buyer_CAC_Report/Page_/span_20' is clicked on

2023-12-22 16:09:37 - [MESSAGE][INFO] - Unable to find the element located by 'By.xpath: //mat-option[@id='mat-option-2']/span'. Please recheck the objects properties to make sure the desired element is located. 

2023-12-22 16:09:37 - [MESSAGE][WARNING] - [SELF-HEALING] Failed to find element with id 'Object Repository/Page_Weekly_Buyer_CAC_Report/Page_/span_20'. Try using Self-healing.

2023-12-22 16:09:37 - [MESSAGE][WARNING] - [SELF-HEALING] The current locator of test object 'Object Repository/Page_Weekly_Buyer_CAC_Report/Page_/span_20' was broken. Propose an alternative one: '(.//*[normalize-space(text()) and normalize-space(.)='Sort'])[1]/following::span[3]'.

2023-12-22 16:09:37 - [MESSAGE][PASSED] - Object: 'Object Repository/Page_Weekly_Buyer_CAC_Report/Page_/span_20' is clicked on

2023-12-22 16:09:37 - [TEST_STEP][PASSED] - click(findTestObject("Object Repository/Page_Weekly_Buyer_CAC_Report/Page_/div_20")): Object: 'Object Repository/Page_Weekly_Buyer_CAC_Report/Page_/div_20' is clicked on

2023-12-22 16:09:38 - [MESSAGE][PASSED] - Object: 'Object Repository/Page_Weekly_Buyer_CAC_Report/Page_/div_20' is clicked on

2023-12-22 16:09:38 - [TEST_STEP][PASSED] - click(findTestObject("Object Repository/Page_Weekly_Buyer_CAC_Report/Page_/span_30")): Object: 'Object Repository/Page_Weekly_Buyer_CAC_Report/Page_/span_30' is clicked on

2023-12-22 16:10:09 - [MESSAGE][INFO] - Unable to find the element located by 'By.xpath: //mat-option[@id='mat-option-3']/span'. Please recheck the objects properties to make sure the desired element is located. 

2023-12-22 16:10:09 - [MESSAGE][WARNING] - [SELF-HEALING] Failed to find element with id 'Object Repository/Page_Weekly_Buyer_CAC_Report/Page_/span_30'. Try using Self-healing.

2023-12-22 16:10:09 - [MESSAGE][WARNING] - [SELF-HEALING] The current locator of test object 'Object Repository/Page_Weekly_Buyer_CAC_Report/Page_/span_30' was broken. Propose an alternative one: '(.//*[normalize-space(text()) and normalize-space(.)='Sort'])[1]/following::span[4]'.

2023-12-22 16:10:09 - [MESSAGE][PASSED] - Object: 'Object Repository/Page_Weekly_Buyer_CAC_Report/Page_/span_30' is clicked on

2023-12-22 16:10:09 - [TEST_STEP][PASSED] - callTestCase(findTestCase("Reusable_Functions/Arrow_buttons"), [:], CONTINUE_ON_FAILURE): Call Test Case 'Test Cases/Reusable_Functions/Arrow_buttons' successfully

2023-12-22 16:10:10 - [TEST_CASE][PASSED] - Test Cases/Reusable_Functions/Arrow_buttons: Test Cases/Reusable_Functions/Arrow_buttons

2023-12-22 16:10:10 - [TEST_STEP][PASSED] - verifyElementClickable(findTestObject("Object Repository/Page_Arrow_Buttons/Page_/svg_Items per page_mat-paginator-icon")): Object 'Object Repository/Page_Arrow_Buttons/Page_/svg_Items per page_mat-paginator-icon' is clickable

2023-12-22 16:10:10 - [MESSAGE][PASSED] - Object 'Object Repository/Page_Arrow_Buttons/Page_/svg_Items per page_mat-paginator-icon' is clickable

2023-12-22 16:10:10 - [TEST_STEP][PASSED] - click(findTestObject("Object Repository/Page_Arrow_Buttons/Page_/svg_Items per page_mat-paginator-icon")): Object: 'Object Repository/Page_Arrow_Buttons/Page_/svg_Items per page_mat-paginator-icon' is clicked on

2023-12-22 16:10:10 - [MESSAGE][PASSED] - Object: 'Object Repository/Page_Arrow_Buttons/Page_/svg_Items per page_mat-paginator-icon' is clicked on

2023-12-22 16:10:10 - [TEST_STEP][PASSED] - verifyElementClickable(findTestObject("Object Repository/Page_Arrow_Buttons/Page_/svg_Items per page_mat-paginator-icon_1")): Object 'Object Repository/Page_Arrow_Buttons/Page_/svg_Items per page_mat-paginator-icon_1' is clickable

2023-12-22 16:10:11 - [MESSAGE][PASSED] - Object 'Object Repository/Page_Arrow_Buttons/Page_/svg_Items per page_mat-paginator-icon_1' is clickable

2023-12-22 16:10:11 - [TEST_STEP][PASSED] - click(findTestObject("Object Repository/Page_Arrow_Buttons/Page_/svg_Items per page_mat-paginator-icon_1")): Object: 'Object Repository/Page_Arrow_Buttons/Page_/svg_Items per page_mat-paginator-icon_1' is clicked on

2023-12-22 16:10:11 - [MESSAGE][PASSED] - Object: 'Object Repository/Page_Arrow_Buttons/Page_/svg_Items per page_mat-paginator-icon_1' is clicked on

2023-12-22 16:10:11 - [MESSAGE][INFO] - 

2023-12-22 16:10:11 - [MESSAGE][INFO] - ===================== Self-healing Report ====================

2023-12-22 16:10:11 - [MESSAGE][INFO] - One of the failed test object locators has been recovered by Self-healing. Please refer to the Self-healing Insights tab for more details.

2023-12-22 16:10:11 - [MESSAGE][INFO] - To learn more about Self-healing, please read https://docs.katalon.com/katalon-studio/docs/self-healing.html

2023-12-22 16:10:11 - [MESSAGE][INFO] - ==============================================================

2023-12-22 16:10:11 - [MESSAGE][PASSED] - Call Test Case 'Test Cases/Reusable_Functions/Arrow_buttons' successfully

2023-12-22 16:10:11 - [TEST_STEP][PASSED] - callTestCase(findTestCase("Reusable_Functions/Fullscreen"), [:], CONTINUE_ON_FAILURE): Call Test Case 'Test Cases/Reusable_Functions/Fullscreen' successfully

2023-12-22 16:10:11 - [TEST_CASE][PASSED] - Test Cases/Reusable_Functions/Fullscreen: Test Cases/Reusable_Functions/Fullscreen

2023-12-22 16:10:11 - [TEST_STEP][PASSED] - verifyElementClickable(findTestObject("Object Repository/Page_Fullscreen/Page_/img")): Object 'Object Repository/Page_Fullscreen/Page_/img' is clickable

2023-12-22 16:10:12 - [MESSAGE][PASSED] - Object 'Object Repository/Page_Fullscreen/Page_/img' is clickable

2023-12-22 16:10:12 - [TEST_STEP][PASSED] - click(findTestObject("Object Repository/Page_Fullscreen/Page_/img")): Object: 'Object Repository/Page_Fullscreen/Page_/img' is clicked on

2023-12-22 16:10:12 - [MESSAGE][PASSED] - Object: 'Object Repository/Page_Fullscreen/Page_/img' is clicked on

2023-12-22 16:10:12 - [TEST_STEP][PASSED] - delay(2): Delayed 2 second(s)

2023-12-22 16:10:14 - [MESSAGE][PASSED] - Delayed 2 second(s)

2023-12-22 16:10:14 - [TEST_STEP][PASSED] - executeJavaScript("document.exitFullscreen();", null): Execute JavaScript 'document.exitFullscreen();' successfully

2023-12-22 16:10:14 - [MESSAGE][PASSED] - Execute JavaScript 'document.exitFullscreen();' successfully

2023-12-22 16:10:14 - [TEST_STEP][PASSED] - delay(2): Delayed 2 second(s)

2023-12-22 16:10:16 - [MESSAGE][PASSED] - Delayed 2 second(s)

2023-12-22 16:10:16 - [MESSAGE][INFO] - 

2023-12-22 16:10:16 - [MESSAGE][INFO] - ===================== Self-healing Report ====================

2023-12-22 16:10:16 - [MESSAGE][INFO] - One of the failed test object locators has been recovered by Self-healing. Please refer to the Self-healing Insights tab for more details.

2023-12-22 16:10:16 - [MESSAGE][INFO] - To learn more about Self-healing, please read https://docs.katalon.com/katalon-studio/docs/self-healing.html

2023-12-22 16:10:16 - [MESSAGE][INFO] - ==============================================================

2023-12-22 16:10:16 - [MESSAGE][PASSED] - Call Test Case 'Test Cases/Reusable_Functions/Fullscreen' successfully]]></system-out>
         <system-err><![CDATA[]]></system-err>
      </testcase>
      <testcase name="Test Cases/Performance_Report/test_weekly_seller_cac_report" time="402.602" classname="Test Cases/Performance_Report/test_weekly_seller_cac_report" status="PASSED">
         <system-out><![CDATA[2023-12-22 16:10:16 - [TEST_CASE][PASSED] - Test Cases/Performance_Report/test_weekly_seller_cac_report: Test Cases/Performance_Report/test_weekly_seller_cac_report

2023-12-22 16:10:17 - [TEST_STEP][PASSED] - verifyElementClickable(findTestObject("Object Repository/Page_Weekly_Seller_CAC_Report/Page_/li_Performance")): Object 'Object Repository/Page_Weekly_Seller_CAC_Report/Page_/li_Performance' is clickable

2023-12-22 16:10:17 - [MESSAGE][PASSED] - Object 'Object Repository/Page_Weekly_Seller_CAC_Report/Page_/li_Performance' is clickable

2023-12-22 16:10:17 - [TEST_STEP][PASSED] - click(findTestObject("Object Repository/Page_Weekly_Seller_CAC_Report/Page_/li_Performance")): Object: 'Object Repository/Page_Weekly_Seller_CAC_Report/Page_/li_Performance' is clicked on

2023-12-22 16:10:18 - [MESSAGE][PASSED] - Object: 'Object Repository/Page_Weekly_Seller_CAC_Report/Page_/li_Performance' is clicked on

2023-12-22 16:10:18 - [TEST_STEP][PASSED] - verifyElementClickable(findTestObject("Object Repository/Page_Weekly_Seller_CAC_Report/Page_/div_Weekly Seller CAC Report")): Object 'Object Repository/Page_Weekly_Seller_CAC_Report/Page_/div_Weekly Seller CAC Report' is clickable

2023-12-22 16:10:49 - [MESSAGE][INFO] - Unable to find the element located by 'By.xpath: //div[@id='mat-tab-label-1-1']/div'. Please recheck the objects properties to make sure the desired element is located. 

2023-12-22 16:10:49 - [MESSAGE][WARNING] - [SELF-HEALING] Failed to find element with id 'Object Repository/Page_Weekly_Seller_CAC_Report/Page_/div_Weekly Seller CAC Report'. Try using Self-healing.

2023-12-22 16:10:50 - [MESSAGE][WARNING] - [SELF-HEALING] The current locator of test object 'Object Repository/Page_Weekly_Seller_CAC_Report/Page_/div_Weekly Seller CAC Report' was broken. Propose an alternative one: '(.//*[normalize-space(text()) and normalize-space(.)='Weekly Buyer CAC Report'])[1]/following::div[2]'.

2023-12-22 16:10:50 - [MESSAGE][PASSED] - Object 'Object Repository/Page_Weekly_Seller_CAC_Report/Page_/div_Weekly Seller CAC Report' is clickable

2023-12-22 16:10:50 - [TEST_STEP][PASSED] - click(findTestObject("Object Repository/Page_Weekly_Seller_CAC_Report/Page_/div_Weekly Seller CAC Report")): Object: 'Object Repository/Page_Weekly_Seller_CAC_Report/Page_/div_Weekly Seller CAC Report' is clicked on

2023-12-22 16:11:21 - [MESSAGE][INFO] - Unable to find the element located by 'By.xpath: //div[@id='mat-tab-label-1-1']/div'. Please recheck the objects properties to make sure the desired element is located. 

2023-12-22 16:11:21 - [MESSAGE][WARNING] - [SELF-HEALING] Failed to find element with id 'Object Repository/Page_Weekly_Seller_CAC_Report/Page_/div_Weekly Seller CAC Report'. Try using Self-healing.

2023-12-22 16:11:21 - [MESSAGE][WARNING] - [SELF-HEALING] The current locator of test object 'Object Repository/Page_Weekly_Seller_CAC_Report/Page_/div_Weekly Seller CAC Report' was broken. Propose an alternative one: '(.//*[normalize-space(text()) and normalize-space(.)='Weekly Buyer CAC Report'])[1]/following::div[2]'.

2023-12-22 16:11:21 - [MESSAGE][PASSED] - Object: 'Object Repository/Page_Weekly_Seller_CAC_Report/Page_/div_Weekly Seller CAC Report' is clicked on

2023-12-22 16:11:21 - [TEST_STEP][PASSED] - verifyElementClickable(findTestObject("Object Repository/Page_Weekly_Buyer_CAC_Report/Page_/svg_Enter a date range_mat-datepicker-toggl_ef015c")): Object 'Object Repository/Page_Weekly_Buyer_CAC_Report/Page_/svg_Enter a date range_mat-datepicker-toggl_ef015c' is clickable

2023-12-22 16:11:23 - [MESSAGE][PASSED] - Object 'Object Repository/Page_Weekly_Buyer_CAC_Report/Page_/svg_Enter a date range_mat-datepicker-toggl_ef015c' is clickable

2023-12-22 16:11:23 - [TEST_STEP][PASSED] - verifyElementClickable(findTestObject("Object Repository/Page_Weekly_Seller_CAC_Report/Page_/mat-icon_clear")): Object 'Object Repository/Page_Weekly_Seller_CAC_Report/Page_/mat-icon_clear' is clickable

2023-12-22 16:11:54 - [MESSAGE][INFO] - Unable to find the element located by 'By.xpath: //mat-tab-body[@id='mat-tab-content-1-1']/div/app-weekly-seller-cac-trendline-chart/div/div/div/app-time-series-filter-panel/div/mat-form-field/div/div/div/mat-icon'. Please recheck the objects properties to make sure the desired element is located. 

2023-12-22 16:11:54 - [MESSAGE][WARNING] - [SELF-HEALING] Failed to find element with id 'Object Repository/Page_Weekly_Seller_CAC_Report/Page_/mat-icon_clear'. Try using Self-healing.

2023-12-22 16:11:55 - [MESSAGE][WARNING] - [SELF-HEALING] The current locator of test object 'Object Repository/Page_Weekly_Seller_CAC_Report/Page_/mat-icon_clear' was broken. Propose an alternative one: '(.//*[normalize-space(text()) and normalize-space(.)='–'])[1]/following::mat-icon[1]'.

2023-12-22 16:11:55 - [MESSAGE][PASSED] - Object 'Object Repository/Page_Weekly_Seller_CAC_Report/Page_/mat-icon_clear' is clickable

2023-12-22 16:11:55 - [TEST_STEP][PASSED] - click(findTestObject("Object Repository/Page_Weekly_Seller_CAC_Report/Page_/svg_Enter a date range_mat-datepicker-toggl_ef015c")): Object: 'Object Repository/Page_Weekly_Seller_CAC_Report/Page_/svg_Enter a date range_mat-datepicker-toggl_ef015c' is clicked on

2023-12-22 16:11:55 - [MESSAGE][PASSED] - Object: 'Object Repository/Page_Weekly_Seller_CAC_Report/Page_/svg_Enter a date range_mat-datepicker-toggl_ef015c' is clicked on

2023-12-22 16:11:55 - [TEST_STEP][PASSED] - verifyElementClickable(findTestObject("Object Repository/Page_Weekly_Seller_CAC_Report/Page_/button_NOV 2023_mat-focus-indicator mat-cal_145c8e")): Object 'Object Repository/Page_Weekly_Seller_CAC_Report/Page_/button_NOV 2023_mat-focus-indicator mat-cal_145c8e' is clickable

2023-12-22 16:11:56 - [MESSAGE][PASSED] - Object 'Object Repository/Page_Weekly_Seller_CAC_Report/Page_/button_NOV 2023_mat-focus-indicator mat-cal_145c8e' is clickable

2023-12-22 16:11:56 - [TEST_STEP][PASSED] - verifyElementClickable(findTestObject("Object Repository/Page_Weekly_Seller_CAC_Report/Page_/button_NOV 2023_mat-focus-indicator mat-cal_145c8e")): Object 'Object Repository/Page_Weekly_Seller_CAC_Report/Page_/button_NOV 2023_mat-focus-indicator mat-cal_145c8e' is clickable

2023-12-22 16:11:57 - [MESSAGE][PASSED] - Object 'Object Repository/Page_Weekly_Seller_CAC_Report/Page_/button_NOV 2023_mat-focus-indicator mat-cal_145c8e' is clickable

2023-12-22 16:11:57 - [TEST_STEP][PASSED] - click(findTestObject("Object Repository/Page_Weekly_Seller_CAC_Report/Page_/button_NOV 2023_mat-focus-indicator mat-cal_145c8e")): Object: 'Object Repository/Page_Weekly_Seller_CAC_Report/Page_/button_NOV 2023_mat-focus-indicator mat-cal_145c8e' is clicked on

2023-12-22 16:11:57 - [MESSAGE][PASSED] - Object: 'Object Repository/Page_Weekly_Seller_CAC_Report/Page_/button_NOV 2023_mat-focus-indicator mat-cal_145c8e' is clicked on

2023-12-22 16:11:57 - [TEST_STEP][PASSED] - click(findTestObject("Object Repository/Page_Weekly_Seller_CAC_Report/Page_/button_NOV 2023_mat-focus-indicator mat-cal_145c8e")): Object: 'Object Repository/Page_Weekly_Seller_CAC_Report/Page_/button_NOV 2023_mat-focus-indicator mat-cal_145c8e' is clicked on

2023-12-22 16:11:58 - [MESSAGE][PASSED] - Object: 'Object Repository/Page_Weekly_Seller_CAC_Report/Page_/button_NOV 2023_mat-focus-indicator mat-cal_145c8e' is clicked on

2023-12-22 16:11:58 - [TEST_STEP][PASSED] - click(findTestObject("Object Repository/Page_Weekly_Seller_CAC_Report/Page_/button_NOV 2023_mat-focus-indicator mat-cal_145c8e")): Object: 'Object Repository/Page_Weekly_Seller_CAC_Report/Page_/button_NOV 2023_mat-focus-indicator mat-cal_145c8e' is clicked on

2023-12-22 16:11:59 - [MESSAGE][PASSED] - Object: 'Object Repository/Page_Weekly_Seller_CAC_Report/Page_/button_NOV 2023_mat-focus-indicator mat-cal_145c8e' is clicked on

2023-12-22 16:11:59 - [TEST_STEP][PASSED] - click(findTestObject("Object Repository/Page_Weekly_Seller_CAC_Report/Page_/div_1")): Object: 'Object Repository/Page_Weekly_Seller_CAC_Report/Page_/div_1' is clicked on

2023-12-22 16:12:31 - [MESSAGE][INFO] - Unable to find the element located by 'By.xpath: //mat-calendar[@id='mat-datepicker-2']/div/mat-month-view/table/tbody/tr[2]/td[2]/button/div'. Please recheck the objects properties to make sure the desired element is located. 

2023-12-22 16:12:31 - [MESSAGE][WARNING] - [SELF-HEALING] Failed to find element with id 'Object Repository/Page_Weekly_Seller_CAC_Report/Page_/div_1'. Try using Self-healing.

2023-12-22 16:12:31 - [MESSAGE][WARNING] - [SELF-HEALING] The current locator of test object 'Object Repository/Page_Weekly_Seller_CAC_Report/Page_/div_1' was broken. Propose an alternative one: '(.//*[normalize-space(text()) and normalize-space(.)='AUG'])[1]/following::div[1]'.

2023-12-22 16:12:31 - [MESSAGE][PASSED] - Object: 'Object Repository/Page_Weekly_Seller_CAC_Report/Page_/div_1' is clicked on

2023-12-22 16:12:31 - [TEST_STEP][PASSED] - click(findTestObject("Object Repository/Page_Weekly_Seller_CAC_Report/Page_/div_31")): Object: 'Object Repository/Page_Weekly_Seller_CAC_Report/Page_/div_31' is clicked on

2023-12-22 16:13:02 - [MESSAGE][INFO] - Unable to find the element located by 'By.xpath: //mat-calendar[@id='mat-datepicker-2']/div/mat-month-view/table/tbody/tr[6]/td[5]/button/div'. Please recheck the objects properties to make sure the desired element is located. 

2023-12-22 16:13:02 - [MESSAGE][WARNING] - [SELF-HEALING] Failed to find element with id 'Object Repository/Page_Weekly_Seller_CAC_Report/Page_/div_31'. Try using Self-healing.

2023-12-22 16:13:03 - [MESSAGE][WARNING] - [SELF-HEALING] The current locator of test object 'Object Repository/Page_Weekly_Seller_CAC_Report/Page_/div_31' was broken. Propose an alternative one: '(.//*[normalize-space(text()) and normalize-space(.)='AUG'])[1]/following::div[61]'.

2023-12-22 16:13:03 - [MESSAGE][PASSED] - Object: 'Object Repository/Page_Weekly_Seller_CAC_Report/Page_/div_31' is clicked on

2023-12-22 16:13:03 - [TEST_STEP][PASSED] - verifyElementText(findTestObject("Object Repository/Page_Weekly_Seller_CAC_Report/Page_/h2_Seller CAC"), "Seller CAC"): Actual text and expected text of test object 'Object Repository/Page_Weekly_Seller_CAC_Report/Page_/h2_Seller CAC' are matched.

2023-12-22 16:13:05 - [MESSAGE][PASSED] - Actual text and expected text of test object 'Object Repository/Page_Weekly_Seller_CAC_Report/Page_/h2_Seller CAC' are matched.

2023-12-22 16:13:05 - [TEST_STEP][PASSED] - verifyElementText(findTestObject("Object Repository/Page_Weekly_Seller_CAC_Report/Page_/div_Weeks"), "Weeks"): Actual text and expected text of test object 'Object Repository/Page_Weekly_Seller_CAC_Report/Page_/div_Weeks' are matched.

2023-12-22 16:13:05 - [MESSAGE][PASSED] - Actual text and expected text of test object 'Object Repository/Page_Weekly_Seller_CAC_Report/Page_/div_Weeks' are matched.

2023-12-22 16:13:05 - [TEST_STEP][PASSED] - verifyElementClickable(findTestObject("Object Repository/Page_Weekly_Seller_CAC_Report/Page_/div_Weeks_mat-sort-header-stem ng-tns-c99-19")): Object 'Object Repository/Page_Weekly_Seller_CAC_Report/Page_/div_Weeks_mat-sort-header-stem ng-tns-c99-19' is clickable

2023-12-22 16:13:05 - [MESSAGE][PASSED] - Object 'Object Repository/Page_Weekly_Seller_CAC_Report/Page_/div_Weeks_mat-sort-header-stem ng-tns-c99-19' is clickable

2023-12-22 16:13:05 - [TEST_STEP][PASSED] - click(findTestObject("Object Repository/Page_Weekly_Seller_CAC_Report/Page_/div_Weeks_mat-sort-header-arrow ng-trigger _5f670c")): Object: 'Object Repository/Page_Weekly_Seller_CAC_Report/Page_/div_Weeks_mat-sort-header-arrow ng-trigger _5f670c' is clicked on

2023-12-22 16:13:06 - [MESSAGE][PASSED] - Object: 'Object Repository/Page_Weekly_Seller_CAC_Report/Page_/div_Weeks_mat-sort-header-arrow ng-trigger _5f670c' is clicked on

2023-12-22 16:13:06 - [TEST_STEP][PASSED] - verifyElementText(findTestObject("Object Repository/Page_Weekly_Seller_CAC_Report/Page_/div_Seller Spend"), "Seller Spend"): Actual text and expected text of test object 'Object Repository/Page_Weekly_Seller_CAC_Report/Page_/div_Seller Spend' are matched.

2023-12-22 16:13:06 - [MESSAGE][PASSED] - Actual text and expected text of test object 'Object Repository/Page_Weekly_Seller_CAC_Report/Page_/div_Seller Spend' are matched.

2023-12-22 16:13:06 - [TEST_STEP][PASSED] - verifyElementClickable(findTestObject("Object Repository/Page_Weekly_Seller_CAC_Report/Page_/div_Seller Spend_mat-sort-header-stem ng-tn_acea68")): Object 'Object Repository/Page_Weekly_Seller_CAC_Report/Page_/div_Seller Spend_mat-sort-header-stem ng-tn_acea68' is clickable

2023-12-22 16:13:07 - [MESSAGE][PASSED] - Object 'Object Repository/Page_Weekly_Seller_CAC_Report/Page_/div_Seller Spend_mat-sort-header-stem ng-tn_acea68' is clickable

2023-12-22 16:13:07 - [TEST_STEP][PASSED] - verifyElementText(findTestObject("Object Repository/Page_Weekly_Seller_CAC_Report/Page_/div_Number of Applications"), "Number of Applications"): Actual text and expected text of test object 'Object Repository/Page_Weekly_Seller_CAC_Report/Page_/div_Number of Applications' are matched.

2023-12-22 16:13:07 - [MESSAGE][PASSED] - Actual text and expected text of test object 'Object Repository/Page_Weekly_Seller_CAC_Report/Page_/div_Number of Applications' are matched.

2023-12-22 16:13:07 - [TEST_STEP][PASSED] - verifyElementClickable(findTestObject("Object Repository/Page_Weekly_Seller_CAC_Report/Page_/div_Number of Applications_mat-sort-header-_eaa14e_1")): Object 'Object Repository/Page_Weekly_Seller_CAC_Report/Page_/div_Number of Applications_mat-sort-header-_eaa14e_1' is clickable

2023-12-22 16:13:07 - [MESSAGE][PASSED] - Object 'Object Repository/Page_Weekly_Seller_CAC_Report/Page_/div_Number of Applications_mat-sort-header-_eaa14e_1' is clickable

2023-12-22 16:13:07 - [TEST_STEP][PASSED] - click(findTestObject("Object Repository/Page_Weekly_Seller_CAC_Report/Page_/div_Number of Applications_mat-sort-header-_eaa14e")): Object: 'Object Repository/Page_Weekly_Seller_CAC_Report/Page_/div_Number of Applications_mat-sort-header-_eaa14e' is clicked on

2023-12-22 16:13:08 - [MESSAGE][PASSED] - Object: 'Object Repository/Page_Weekly_Seller_CAC_Report/Page_/div_Number of Applications_mat-sort-header-_eaa14e' is clicked on

2023-12-22 16:13:08 - [TEST_STEP][PASSED] - verifyElementText(findTestObject("Object Repository/Page_Weekly_Seller_CAC_Report/Page_/div_Seller CAC"), "Seller CAC"): Actual text and expected text of test object 'Object Repository/Page_Weekly_Seller_CAC_Report/Page_/div_Seller CAC' are matched.

2023-12-22 16:13:08 - [MESSAGE][PASSED] - Actual text and expected text of test object 'Object Repository/Page_Weekly_Seller_CAC_Report/Page_/div_Seller CAC' are matched.

2023-12-22 16:13:08 - [TEST_STEP][PASSED] - verifyElementClickable(findTestObject("Object Repository/Page_Weekly_Seller_CAC_Report/Page_/div_Seller CAC_mat-sort-header-arrow ng-tri_917ba4")): Object 'Object Repository/Page_Weekly_Seller_CAC_Report/Page_/div_Seller CAC_mat-sort-header-arrow ng-tri_917ba4' is clickable

2023-12-22 16:13:09 - [MESSAGE][PASSED] - Object 'Object Repository/Page_Weekly_Seller_CAC_Report/Page_/div_Seller CAC_mat-sort-header-arrow ng-tri_917ba4' is clickable

2023-12-22 16:13:09 - [TEST_STEP][PASSED] - click(findTestObject("Object Repository/Page_Weekly_Seller_CAC_Report/Page_/div_Seller CAC_mat-sort-header-stem ng-tns-c99-22")): Object: 'Object Repository/Page_Weekly_Seller_CAC_Report/Page_/div_Seller CAC_mat-sort-header-stem ng-tns-c99-22' is clicked on

2023-12-22 16:13:09 - [MESSAGE][PASSED] - Object: 'Object Repository/Page_Weekly_Seller_CAC_Report/Page_/div_Seller CAC_mat-sort-header-stem ng-tns-c99-22' is clicked on

2023-12-22 16:13:09 - [TEST_STEP][PASSED] - verifyElementText(findTestObject("Object Repository/Page_Weekly_Seller_CAC_Report/Page_/div_Items per page"), "Items per page:"): Actual text and expected text of test object 'Object Repository/Page_Weekly_Seller_CAC_Report/Page_/div_Items per page' are matched.

2023-12-22 16:13:10 - [MESSAGE][PASSED] - Actual text and expected text of test object 'Object Repository/Page_Weekly_Seller_CAC_Report/Page_/div_Items per page' are matched.

2023-12-22 16:13:10 - [TEST_STEP][PASSED] - verifyElementClickable(findTestObject("Object Repository/Page_Weekly_Seller_CAC_Report/Page_/div_Items per page_mat-select-arrow-wrapper_f05958")): Object 'Object Repository/Page_Weekly_Seller_CAC_Report/Page_/div_Items per page_mat-select-arrow-wrapper_f05958' is clickable

2023-12-22 16:13:41 - [MESSAGE][INFO] - Unable to find the element located by 'By.xpath: //mat-select[@id='mat-select-2']/div/div[2]'. Please recheck the objects properties to make sure the desired element is located. 

2023-12-22 16:13:41 - [MESSAGE][WARNING] - [SELF-HEALING] Failed to find element with id 'Object Repository/Page_Weekly_Seller_CAC_Report/Page_/div_Items per page_mat-select-arrow-wrapper_f05958'. Try using Self-healing.

2023-12-22 16:13:41 - [MESSAGE][WARNING] - [SELF-HEALING] The current locator of test object 'Object Repository/Page_Weekly_Seller_CAC_Report/Page_/div_Items per page_mat-select-arrow-wrapper_f05958' was broken. Propose an alternative one: '(.//*[normalize-space(text()) and normalize-space(.)='Items per page:'])[1]/following::div[6]'.

2023-12-22 16:13:41 - [MESSAGE][PASSED] - Object 'Object Repository/Page_Weekly_Seller_CAC_Report/Page_/div_Items per page_mat-select-arrow-wrapper_f05958' is clickable

2023-12-22 16:13:41 - [TEST_STEP][PASSED] - click(findTestObject("Object Repository/Page_Weekly_Seller_CAC_Report/Page_/div_Items per page_mat-select-arrow ng-tns-c110-18")): Object: 'Object Repository/Page_Weekly_Seller_CAC_Report/Page_/div_Items per page_mat-select-arrow ng-tns-c110-18' is clicked on

2023-12-22 16:14:12 - [MESSAGE][INFO] - Unable to find the element located by 'By.xpath: //mat-select[@id='mat-select-2']/div/div[2]/div'. Please recheck the objects properties to make sure the desired element is located. 

2023-12-22 16:14:12 - [MESSAGE][WARNING] - [SELF-HEALING] Failed to find element with id 'Object Repository/Page_Weekly_Seller_CAC_Report/Page_/div_Items per page_mat-select-arrow ng-tns-c110-18'. Try using Self-healing.

2023-12-22 16:14:13 - [MESSAGE][WARNING] - [SELF-HEALING] The current locator of test object 'Object Repository/Page_Weekly_Seller_CAC_Report/Page_/div_Items per page_mat-select-arrow ng-tns-c110-18' was broken. Propose an alternative one: '//mat-select/div/div[2]/div'.

2023-12-22 16:14:13 - [MESSAGE][PASSED] - Object: 'Object Repository/Page_Weekly_Seller_CAC_Report/Page_/div_Items per page_mat-select-arrow ng-tns-c110-18' is clicked on

2023-12-22 16:14:13 - [TEST_STEP][PASSED] - click(findTestObject("Object Repository/Page_Weekly_Seller_CAC_Report/Page_/span_10")): Object: 'Object Repository/Page_Weekly_Seller_CAC_Report/Page_/span_10' is clicked on

2023-12-22 16:14:44 - [MESSAGE][INFO] - Unable to find the element located by 'By.xpath: //mat-option[@id='mat-option-5']/span'. Please recheck the objects properties to make sure the desired element is located. 

2023-12-22 16:14:44 - [MESSAGE][WARNING] - [SELF-HEALING] Failed to find element with id 'Object Repository/Page_Weekly_Seller_CAC_Report/Page_/span_10'. Try using Self-healing.

2023-12-22 16:14:45 - [MESSAGE][WARNING] - [SELF-HEALING] The current locator of test object 'Object Repository/Page_Weekly_Seller_CAC_Report/Page_/span_10' was broken. Propose an alternative one: '(.//*[normalize-space(text()) and normalize-space(.)='Sort'])[1]/following::span[2]'.

2023-12-22 16:14:45 - [MESSAGE][PASSED] - Object: 'Object Repository/Page_Weekly_Seller_CAC_Report/Page_/span_10' is clicked on

2023-12-22 16:14:45 - [TEST_STEP][PASSED] - click(findTestObject("Object Repository/Page_Weekly_Seller_CAC_Report/Page_/div_Items per page_mat-select-arrow-wrapper_f05958")): Object: 'Object Repository/Page_Weekly_Seller_CAC_Report/Page_/div_Items per page_mat-select-arrow-wrapper_f05958' is clicked on

2023-12-22 16:15:16 - [MESSAGE][INFO] - Unable to find the element located by 'By.xpath: //mat-select[@id='mat-select-2']/div/div[2]'. Please recheck the objects properties to make sure the desired element is located. 

2023-12-22 16:15:16 - [MESSAGE][WARNING] - [SELF-HEALING] Failed to find element with id 'Object Repository/Page_Weekly_Seller_CAC_Report/Page_/div_Items per page_mat-select-arrow-wrapper_f05958'. Try using Self-healing.

2023-12-22 16:15:16 - [MESSAGE][WARNING] - [SELF-HEALING] The current locator of test object 'Object Repository/Page_Weekly_Seller_CAC_Report/Page_/div_Items per page_mat-select-arrow-wrapper_f05958' was broken. Propose an alternative one: '(.//*[normalize-space(text()) and normalize-space(.)='Items per page:'])[1]/following::div[6]'.

2023-12-22 16:15:16 - [MESSAGE][PASSED] - Object: 'Object Repository/Page_Weekly_Seller_CAC_Report/Page_/div_Items per page_mat-select-arrow-wrapper_f05958' is clicked on

2023-12-22 16:15:16 - [TEST_STEP][PASSED] - click(findTestObject("Object Repository/Page_Weekly_Seller_CAC_Report/Page_/span_20")): Object: 'Object Repository/Page_Weekly_Seller_CAC_Report/Page_/span_20' is clicked on

2023-12-22 16:15:48 - [MESSAGE][INFO] - Unable to find the element located by 'By.xpath: //mat-option[@id='mat-option-6']/span'. Please recheck the objects properties to make sure the desired element is located. 

2023-12-22 16:15:48 - [MESSAGE][WARNING] - [SELF-HEALING] Failed to find element with id 'Object Repository/Page_Weekly_Seller_CAC_Report/Page_/span_20'. Try using Self-healing.

2023-12-22 16:15:48 - [MESSAGE][WARNING] - [SELF-HEALING] The current locator of test object 'Object Repository/Page_Weekly_Seller_CAC_Report/Page_/span_20' was broken. Propose an alternative one: '(.//*[normalize-space(text()) and normalize-space(.)='Sort'])[1]/following::span[3]'.

2023-12-22 16:15:48 - [MESSAGE][PASSED] - Object: 'Object Repository/Page_Weekly_Seller_CAC_Report/Page_/span_20' is clicked on

2023-12-22 16:15:48 - [TEST_STEP][PASSED] - click(findTestObject("Object Repository/Page_Weekly_Seller_CAC_Report/Page_/div_Items per page_mat-select-arrow ng-tns-c110-18")): Object: 'Object Repository/Page_Weekly_Seller_CAC_Report/Page_/div_Items per page_mat-select-arrow ng-tns-c110-18' is clicked on

2023-12-22 16:16:19 - [MESSAGE][INFO] - Unable to find the element located by 'By.xpath: //mat-select[@id='mat-select-2']/div/div[2]/div'. Please recheck the objects properties to make sure the desired element is located. 

2023-12-22 16:16:19 - [MESSAGE][WARNING] - [SELF-HEALING] Failed to find element with id 'Object Repository/Page_Weekly_Seller_CAC_Report/Page_/div_Items per page_mat-select-arrow ng-tns-c110-18'. Try using Self-healing.

2023-12-22 16:16:20 - [MESSAGE][WARNING] - [SELF-HEALING] The current locator of test object 'Object Repository/Page_Weekly_Seller_CAC_Report/Page_/div_Items per page_mat-select-arrow ng-tns-c110-18' was broken. Propose an alternative one: '//mat-select/div/div[2]/div'.

2023-12-22 16:16:20 - [MESSAGE][PASSED] - Object: 'Object Repository/Page_Weekly_Seller_CAC_Report/Page_/div_Items per page_mat-select-arrow ng-tns-c110-18' is clicked on

2023-12-22 16:16:20 - [TEST_STEP][PASSED] - click(findTestObject("Object Repository/Page_Weekly_Seller_CAC_Report/Page_/span_30")): Object: 'Object Repository/Page_Weekly_Seller_CAC_Report/Page_/span_30' is clicked on

2023-12-22 16:16:51 - [MESSAGE][INFO] - Unable to find the element located by 'By.xpath: //mat-option[@id='mat-option-7']/span'. Please recheck the objects properties to make sure the desired element is located. 

2023-12-22 16:16:51 - [MESSAGE][WARNING] - [SELF-HEALING] Failed to find element with id 'Object Repository/Page_Weekly_Seller_CAC_Report/Page_/span_30'. Try using Self-healing.

2023-12-22 16:16:51 - [MESSAGE][WARNING] - [SELF-HEALING] The current locator of test object 'Object Repository/Page_Weekly_Seller_CAC_Report/Page_/span_30' was broken. Propose an alternative one: '(.//*[normalize-space(text()) and normalize-space(.)='Sort'])[1]/following::span[4]'.

2023-12-22 16:16:51 - [MESSAGE][PASSED] - Object: 'Object Repository/Page_Weekly_Seller_CAC_Report/Page_/span_30' is clicked on

2023-12-22 16:16:51 - [TEST_STEP][PASSED] - verifyElementClickable(findTestObject("Object Repository/Page_Weekly_Seller_CAC_Report/Page_/svg_Items per page_mat-paginator-icon")): Object 'Object Repository/Page_Weekly_Seller_CAC_Report/Page_/svg_Items per page_mat-paginator-icon' is clickable

2023-12-22 16:16:52 - [MESSAGE][PASSED] - Object 'Object Repository/Page_Weekly_Seller_CAC_Report/Page_/svg_Items per page_mat-paginator-icon' is clickable

2023-12-22 16:16:52 - [TEST_STEP][PASSED] - verifyElementClickable(findTestObject("Object Repository/Page_Weekly_Seller_CAC_Report/Page_/svg_Items per page_mat-paginator-icon_1")): Object 'Object Repository/Page_Weekly_Seller_CAC_Report/Page_/svg_Items per page_mat-paginator-icon_1' is clickable

2023-12-22 16:16:52 - [MESSAGE][PASSED] - Object 'Object Repository/Page_Weekly_Seller_CAC_Report/Page_/svg_Items per page_mat-paginator-icon_1' is clickable

2023-12-22 16:16:52 - [TEST_STEP][PASSED] - callTestCase(findTestCase("Reusable_Functions/Arrow_buttons"), [:], CONTINUE_ON_FAILURE): Call Test Case 'Test Cases/Reusable_Functions/Arrow_buttons' successfully

2023-12-22 16:16:52 - [TEST_CASE][PASSED] - Test Cases/Reusable_Functions/Arrow_buttons: Test Cases/Reusable_Functions/Arrow_buttons

2023-12-22 16:16:52 - [TEST_STEP][PASSED] - verifyElementClickable(findTestObject("Object Repository/Page_Arrow_Buttons/Page_/svg_Items per page_mat-paginator-icon")): Object 'Object Repository/Page_Arrow_Buttons/Page_/svg_Items per page_mat-paginator-icon' is clickable

2023-12-22 16:16:53 - [MESSAGE][PASSED] - Object 'Object Repository/Page_Arrow_Buttons/Page_/svg_Items per page_mat-paginator-icon' is clickable

2023-12-22 16:16:53 - [TEST_STEP][PASSED] - click(findTestObject("Object Repository/Page_Arrow_Buttons/Page_/svg_Items per page_mat-paginator-icon")): Object: 'Object Repository/Page_Arrow_Buttons/Page_/svg_Items per page_mat-paginator-icon' is clicked on

2023-12-22 16:16:53 - [MESSAGE][PASSED] - Object: 'Object Repository/Page_Arrow_Buttons/Page_/svg_Items per page_mat-paginator-icon' is clicked on

2023-12-22 16:16:53 - [TEST_STEP][PASSED] - verifyElementClickable(findTestObject("Object Repository/Page_Arrow_Buttons/Page_/svg_Items per page_mat-paginator-icon_1")): Object 'Object Repository/Page_Arrow_Buttons/Page_/svg_Items per page_mat-paginator-icon_1' is clickable

2023-12-22 16:16:54 - [MESSAGE][PASSED] - Object 'Object Repository/Page_Arrow_Buttons/Page_/svg_Items per page_mat-paginator-icon_1' is clickable

2023-12-22 16:16:54 - [TEST_STEP][PASSED] - click(findTestObject("Object Repository/Page_Arrow_Buttons/Page_/svg_Items per page_mat-paginator-icon_1")): Object: 'Object Repository/Page_Arrow_Buttons/Page_/svg_Items per page_mat-paginator-icon_1' is clicked on

2023-12-22 16:16:54 - [MESSAGE][PASSED] - Object: 'Object Repository/Page_Arrow_Buttons/Page_/svg_Items per page_mat-paginator-icon_1' is clicked on

2023-12-22 16:16:54 - [MESSAGE][INFO] - 

2023-12-22 16:16:54 - [MESSAGE][INFO] - ===================== Self-healing Report ====================

2023-12-22 16:16:54 - [MESSAGE][INFO] - One of the failed test object locators has been recovered by Self-healing. Please refer to the Self-healing Insights tab for more details.

2023-12-22 16:16:54 - [MESSAGE][INFO] - To learn more about Self-healing, please read https://docs.katalon.com/katalon-studio/docs/self-healing.html

2023-12-22 16:16:54 - [MESSAGE][INFO] - ==============================================================

2023-12-22 16:16:54 - [MESSAGE][PASSED] - Call Test Case 'Test Cases/Reusable_Functions/Arrow_buttons' successfully

2023-12-22 16:16:54 - [TEST_STEP][PASSED] - callTestCase(findTestCase("Reusable_Functions/Fullscreen"), [:], CONTINUE_ON_FAILURE): Call Test Case 'Test Cases/Reusable_Functions/Fullscreen' successfully

2023-12-22 16:16:54 - [TEST_CASE][PASSED] - Test Cases/Reusable_Functions/Fullscreen: Test Cases/Reusable_Functions/Fullscreen

2023-12-22 16:16:54 - [TEST_STEP][PASSED] - verifyElementClickable(findTestObject("Object Repository/Page_Fullscreen/Page_/img")): Object 'Object Repository/Page_Fullscreen/Page_/img' is clickable

2023-12-22 16:16:55 - [MESSAGE][PASSED] - Object 'Object Repository/Page_Fullscreen/Page_/img' is clickable

2023-12-22 16:16:55 - [TEST_STEP][PASSED] - click(findTestObject("Object Repository/Page_Fullscreen/Page_/img")): Object: 'Object Repository/Page_Fullscreen/Page_/img' is clicked on

2023-12-22 16:16:55 - [MESSAGE][PASSED] - Object: 'Object Repository/Page_Fullscreen/Page_/img' is clicked on

2023-12-22 16:16:55 - [TEST_STEP][PASSED] - delay(2): Delayed 2 second(s)

2023-12-22 16:16:57 - [MESSAGE][PASSED] - Delayed 2 second(s)

2023-12-22 16:16:57 - [TEST_STEP][PASSED] - executeJavaScript("document.exitFullscreen();", null): Execute JavaScript 'document.exitFullscreen();' successfully

2023-12-22 16:16:57 - [MESSAGE][PASSED] - Execute JavaScript 'document.exitFullscreen();' successfully

2023-12-22 16:16:57 - [TEST_STEP][PASSED] - delay(2): Delayed 2 second(s)

2023-12-22 16:16:59 - [MESSAGE][PASSED] - Delayed 2 second(s)

2023-12-22 16:16:59 - [MESSAGE][INFO] - 

2023-12-22 16:16:59 - [MESSAGE][INFO] - ===================== Self-healing Report ====================

2023-12-22 16:16:59 - [MESSAGE][INFO] - One of the failed test object locators has been recovered by Self-healing. Please refer to the Self-healing Insights tab for more details.

2023-12-22 16:16:59 - [MESSAGE][INFO] - To learn more about Self-healing, please read https://docs.katalon.com/katalon-studio/docs/self-healing.html

2023-12-22 16:16:59 - [MESSAGE][INFO] - ==============================================================

2023-12-22 16:16:59 - [MESSAGE][PASSED] - Call Test Case 'Test Cases/Reusable_Functions/Fullscreen' successfully]]></system-out>
         <system-err><![CDATA[]]></system-err>
      </testcase>
      <testcase name="Test Cases/Performance_Report/test_daily_buyer_cac_report" time="867.368" classname="Test Cases/Performance_Report/test_daily_buyer_cac_report" status="PASSED">
         <system-out><![CDATA[2023-12-22 16:16:59 - [TEST_CASE][PASSED] - Test Cases/Performance_Report/test_daily_buyer_cac_report: Test Cases/Performance_Report/test_daily_buyer_cac_report

2023-12-22 16:17:00 - [TEST_STEP][PASSED] - verifyElementClickable(findTestObject("Object Repository/Page_Daily_Buyer_CAC_Report/Page_/li_Performance")): Object 'Object Repository/Page_Daily_Buyer_CAC_Report/Page_/li_Performance' is clickable

2023-12-22 16:17:00 - [MESSAGE][PASSED] - Object 'Object Repository/Page_Daily_Buyer_CAC_Report/Page_/li_Performance' is clickable

2023-12-22 16:17:00 - [TEST_STEP][PASSED] - click(findTestObject("Object Repository/Page_Daily_Buyer_CAC_Report/Page_/li_Performance")): Object: 'Object Repository/Page_Daily_Buyer_CAC_Report/Page_/li_Performance' is clicked on

2023-12-22 16:17:00 - [MESSAGE][PASSED] - Object: 'Object Repository/Page_Daily_Buyer_CAC_Report/Page_/li_Performance' is clicked on

2023-12-22 16:17:00 - [TEST_STEP][PASSED] - verifyElementClickable(findTestObject("Object Repository/Page_Daily_Buyer_CAC_Report/Page_/div_Daily Buyer CAC Report")): Object 'Object Repository/Page_Daily_Buyer_CAC_Report/Page_/div_Daily Buyer CAC Report' is clickable

2023-12-22 16:17:32 - [MESSAGE][INFO] - Unable to find the element located by 'By.xpath: //div[@id='mat-tab-label-1-2']/div'. Please recheck the objects properties to make sure the desired element is located. 

2023-12-22 16:17:32 - [MESSAGE][WARNING] - [SELF-HEALING] Failed to find element with id 'Object Repository/Page_Daily_Buyer_CAC_Report/Page_/div_Daily Buyer CAC Report'. Try using Self-healing.

2023-12-22 16:17:32 - [MESSAGE][WARNING] - [SELF-HEALING] The current locator of test object 'Object Repository/Page_Daily_Buyer_CAC_Report/Page_/div_Daily Buyer CAC Report' was broken. Propose an alternative one: '(.//*[normalize-space(text()) and normalize-space(.)='Weekly Seller CAC Report'])[1]/following::div[2]'.

2023-12-22 16:17:32 - [MESSAGE][PASSED] - Object 'Object Repository/Page_Daily_Buyer_CAC_Report/Page_/div_Daily Buyer CAC Report' is clickable

2023-12-22 16:17:32 - [TEST_STEP][PASSED] - click(findTestObject("Object Repository/Page_Daily_Buyer_CAC_Report/Page_/div_Daily Buyer CAC Report")): Object: 'Object Repository/Page_Daily_Buyer_CAC_Report/Page_/div_Daily Buyer CAC Report' is clicked on

2023-12-22 16:18:03 - [MESSAGE][INFO] - Unable to find the element located by 'By.xpath: //div[@id='mat-tab-label-1-2']/div'. Please recheck the objects properties to make sure the desired element is located. 

2023-12-22 16:18:03 - [MESSAGE][WARNING] - [SELF-HEALING] Failed to find element with id 'Object Repository/Page_Daily_Buyer_CAC_Report/Page_/div_Daily Buyer CAC Report'. Try using Self-healing.

2023-12-22 16:18:04 - [MESSAGE][WARNING] - [SELF-HEALING] The current locator of test object 'Object Repository/Page_Daily_Buyer_CAC_Report/Page_/div_Daily Buyer CAC Report' was broken. Propose an alternative one: '(.//*[normalize-space(text()) and normalize-space(.)='Weekly Seller CAC Report'])[1]/following::div[2]'.

2023-12-22 16:18:04 - [MESSAGE][PASSED] - Object: 'Object Repository/Page_Daily_Buyer_CAC_Report/Page_/div_Daily Buyer CAC Report' is clicked on

2023-12-22 16:18:04 - [TEST_STEP][PASSED] - verifyElementClickable(findTestObject("Object Repository/Page_Daily_Buyer_CAC_Report/Page_/svg_Enter a date range_mat-datepicker-toggl_ef015c")): Object 'Object Repository/Page_Daily_Buyer_CAC_Report/Page_/svg_Enter a date range_mat-datepicker-toggl_ef015c' is clickable

2023-12-22 16:18:06 - [MESSAGE][PASSED] - Object 'Object Repository/Page_Daily_Buyer_CAC_Report/Page_/svg_Enter a date range_mat-datepicker-toggl_ef015c' is clickable

2023-12-22 16:18:06 - [TEST_STEP][PASSED] - verifyElementClickable(findTestObject("Object Repository/Page_Daily_Buyer_CAC_Report/Page_/mat-icon_clear")): Object 'Object Repository/Page_Daily_Buyer_CAC_Report/Page_/mat-icon_clear' is clickable

2023-12-22 16:18:37 - [MESSAGE][INFO] - Unable to find the element located by 'By.xpath: //mat-tab-body[@id='mat-tab-content-1-2']/div/app-daily-buyer-cac-trendline-chart/div/div/div/app-time-series-filter-panel/div/mat-form-field/div/div/div/mat-icon'. Please recheck the objects properties to make sure the desired element is located. 

2023-12-22 16:18:37 - [MESSAGE][WARNING] - [SELF-HEALING] Failed to find element with id 'Object Repository/Page_Daily_Buyer_CAC_Report/Page_/mat-icon_clear'. Try using Self-healing.

2023-12-22 16:18:38 - [MESSAGE][WARNING] - [SELF-HEALING] The current locator of test object 'Object Repository/Page_Daily_Buyer_CAC_Report/Page_/mat-icon_clear' was broken. Propose an alternative one: '(.//*[normalize-space(text()) and normalize-space(.)='–'])[1]/following::mat-icon[1]'.

2023-12-22 16:18:38 - [MESSAGE][PASSED] - Object 'Object Repository/Page_Daily_Buyer_CAC_Report/Page_/mat-icon_clear' is clickable

2023-12-22 16:18:38 - [TEST_STEP][PASSED] - click(findTestObject("Object Repository/Page_Daily_Buyer_CAC_Report/Page_/svg_Enter a date range_mat-datepicker-toggl_ef015c")): Object: 'Object Repository/Page_Daily_Buyer_CAC_Report/Page_/svg_Enter a date range_mat-datepicker-toggl_ef015c' is clicked on

2023-12-22 16:18:38 - [MESSAGE][PASSED] - Object: 'Object Repository/Page_Daily_Buyer_CAC_Report/Page_/svg_Enter a date range_mat-datepicker-toggl_ef015c' is clicked on

2023-12-22 16:18:38 - [TEST_STEP][PASSED] - verifyElementClickable(findTestObject("Object Repository/Page_Daily_Buyer_CAC_Report/Page_/button_DEC 2023_mat-focus-indicator mat-cal_bd9491")): Object 'Object Repository/Page_Daily_Buyer_CAC_Report/Page_/button_DEC 2023_mat-focus-indicator mat-cal_bd9491' is clickable

2023-12-22 16:18:39 - [MESSAGE][PASSED] - Object 'Object Repository/Page_Daily_Buyer_CAC_Report/Page_/button_DEC 2023_mat-focus-indicator mat-cal_bd9491' is clickable

2023-12-22 16:18:39 - [TEST_STEP][PASSED] - verifyElementClickable(findTestObject("Object Repository/Page_Daily_Buyer_CAC_Report/Page_/button_DEC 2023_mat-focus-indicator mat-cal_bd9491")): Object 'Object Repository/Page_Daily_Buyer_CAC_Report/Page_/button_DEC 2023_mat-focus-indicator mat-cal_bd9491' is clickable

2023-12-22 16:18:40 - [MESSAGE][PASSED] - Object 'Object Repository/Page_Daily_Buyer_CAC_Report/Page_/button_DEC 2023_mat-focus-indicator mat-cal_bd9491' is clickable

2023-12-22 16:18:40 - [TEST_STEP][PASSED] - click(findTestObject("Object Repository/Page_Daily_Buyer_CAC_Report/Page_/button_DEC 2023_mat-focus-indicator mat-cal_bd9491")): Object: 'Object Repository/Page_Daily_Buyer_CAC_Report/Page_/button_DEC 2023_mat-focus-indicator mat-cal_bd9491' is clicked on

2023-12-22 16:18:40 - [MESSAGE][PASSED] - Object: 'Object Repository/Page_Daily_Buyer_CAC_Report/Page_/button_DEC 2023_mat-focus-indicator mat-cal_bd9491' is clicked on

2023-12-22 16:18:40 - [TEST_STEP][PASSED] - click(findTestObject("Object Repository/Page_Daily_Buyer_CAC_Report/Page_/button_DEC 2023_mat-focus-indicator mat-cal_bd9491")): Object: 'Object Repository/Page_Daily_Buyer_CAC_Report/Page_/button_DEC 2023_mat-focus-indicator mat-cal_bd9491' is clicked on

2023-12-22 16:18:41 - [MESSAGE][PASSED] - Object: 'Object Repository/Page_Daily_Buyer_CAC_Report/Page_/button_DEC 2023_mat-focus-indicator mat-cal_bd9491' is clicked on

2023-12-22 16:18:41 - [TEST_STEP][PASSED] - click(findTestObject("Object Repository/Page_Daily_Buyer_CAC_Report/Page_/button_DEC 2023_mat-focus-indicator mat-cal_bd9491")): Object: 'Object Repository/Page_Daily_Buyer_CAC_Report/Page_/button_DEC 2023_mat-focus-indicator mat-cal_bd9491' is clicked on

2023-12-22 16:18:42 - [MESSAGE][PASSED] - Object: 'Object Repository/Page_Daily_Buyer_CAC_Report/Page_/button_DEC 2023_mat-focus-indicator mat-cal_bd9491' is clicked on

2023-12-22 16:18:42 - [TEST_STEP][PASSED] - click(findTestObject("Object Repository/Page_Daily_Buyer_CAC_Report/Page_/div_1")): Object: 'Object Repository/Page_Daily_Buyer_CAC_Report/Page_/div_1' is clicked on

2023-12-22 16:19:13 - [MESSAGE][INFO] - Unable to find the element located by 'By.xpath: //mat-calendar[@id='mat-datepicker-2']/div/mat-month-view/table/tbody/tr/td[2]/button/div'. Please recheck the objects properties to make sure the desired element is located. 

2023-12-22 16:19:13 - [MESSAGE][WARNING] - [SELF-HEALING] Failed to find element with id 'Object Repository/Page_Daily_Buyer_CAC_Report/Page_/div_1'. Try using Self-healing.

2023-12-22 16:19:14 - [MESSAGE][WARNING] - [SELF-HEALING] The current locator of test object 'Object Repository/Page_Daily_Buyer_CAC_Report/Page_/div_1' was broken. Propose an alternative one: '(.//*[normalize-space(text()) and normalize-space(.)='SEPT'])[1]/following::div[1]'.

2023-12-22 16:19:14 - [MESSAGE][PASSED] - Object: 'Object Repository/Page_Daily_Buyer_CAC_Report/Page_/div_1' is clicked on

2023-12-22 16:19:14 - [TEST_STEP][PASSED] - click(findTestObject("Object Repository/Page_Daily_Buyer_CAC_Report/Page_/div_30")): Object: 'Object Repository/Page_Daily_Buyer_CAC_Report/Page_/div_30' is clicked on

2023-12-22 16:19:45 - [MESSAGE][INFO] - Unable to find the element located by 'By.xpath: //mat-calendar[@id='mat-datepicker-2']/div/mat-month-view/table/tbody/tr[5]/td[7]/button/div'. Please recheck the objects properties to make sure the desired element is located. 

2023-12-22 16:19:45 - [MESSAGE][WARNING] - [SELF-HEALING] Failed to find element with id 'Object Repository/Page_Daily_Buyer_CAC_Report/Page_/div_30'. Try using Self-healing.

2023-12-22 16:19:45 - [MESSAGE][WARNING] - [SELF-HEALING] The current locator of test object 'Object Repository/Page_Daily_Buyer_CAC_Report/Page_/div_30' was broken. Propose an alternative one: '(.//*[normalize-space(text()) and normalize-space(.)='SEPT'])[1]/following::div[59]'.

2023-12-22 16:19:45 - [MESSAGE][PASSED] - Object: 'Object Repository/Page_Daily_Buyer_CAC_Report/Page_/div_30' is clicked on

2023-12-22 16:19:45 - [TEST_STEP][PASSED] - verifyElementText(findTestObject("Object Repository/Page_Daily_Buyer_CAC_Report/Page_/h2_Buyer CAC"), "Buyer CAC"): Actual text and expected text of test object 'Object Repository/Page_Daily_Buyer_CAC_Report/Page_/h2_Buyer CAC' are matched.

2023-12-22 16:19:48 - [MESSAGE][PASSED] - Actual text and expected text of test object 'Object Repository/Page_Daily_Buyer_CAC_Report/Page_/h2_Buyer CAC' are matched.

2023-12-22 16:19:48 - [TEST_STEP][PASSED] - verifyElementText(findTestObject("Object Repository/Page_Daily_Buyer_CAC_Report/Page_/div_Date"), "Date"): Actual text and expected text of test object 'Object Repository/Page_Daily_Buyer_CAC_Report/Page_/div_Date' are matched.

2023-12-22 16:19:48 - [MESSAGE][PASSED] - Actual text and expected text of test object 'Object Repository/Page_Daily_Buyer_CAC_Report/Page_/div_Date' are matched.

2023-12-22 16:19:48 - [TEST_STEP][PASSED] - verifyElementClickable(findTestObject("Object Repository/Page_Daily_Buyer_CAC_Report/Page_/div_Date_mat-sort-header-arrow ng-trigger n_aadfd3")): Object 'Object Repository/Page_Daily_Buyer_CAC_Report/Page_/div_Date_mat-sort-header-arrow ng-trigger n_aadfd3' is clickable

2023-12-22 16:19:48 - [MESSAGE][PASSED] - Object 'Object Repository/Page_Daily_Buyer_CAC_Report/Page_/div_Date_mat-sort-header-arrow ng-trigger n_aadfd3' is clickable

2023-12-22 16:19:48 - [TEST_STEP][PASSED] - click(findTestObject("Object Repository/Page_Daily_Buyer_CAC_Report/Page_/div_Date_mat-sort-header-arrow ng-trigger n_1345cc")): Object: 'Object Repository/Page_Daily_Buyer_CAC_Report/Page_/div_Date_mat-sort-header-arrow ng-trigger n_1345cc' is clicked on

2023-12-22 16:19:49 - [MESSAGE][PASSED] - Object: 'Object Repository/Page_Daily_Buyer_CAC_Report/Page_/div_Date_mat-sort-header-arrow ng-trigger n_1345cc' is clicked on

2023-12-22 16:19:49 - [TEST_STEP][PASSED] - verifyElementText(findTestObject("Object Repository/Page_Daily_Buyer_CAC_Report/Page_/div_Campaign Spend"), "Campaign Spend"): Actual text and expected text of test object 'Object Repository/Page_Daily_Buyer_CAC_Report/Page_/div_Campaign Spend' are matched.

2023-12-22 16:19:49 - [MESSAGE][PASSED] - Actual text and expected text of test object 'Object Repository/Page_Daily_Buyer_CAC_Report/Page_/div_Campaign Spend' are matched.

2023-12-22 16:19:49 - [TEST_STEP][PASSED] - verifyElementClickable(findTestObject("Object Repository/Page_Daily_Buyer_CAC_Report/Page_/div_Campaign Spend_mat-sort-header-arrow ng_607840")): Object 'Object Repository/Page_Daily_Buyer_CAC_Report/Page_/div_Campaign Spend_mat-sort-header-arrow ng_607840' is clickable

2023-12-22 16:19:50 - [MESSAGE][PASSED] - Object 'Object Repository/Page_Daily_Buyer_CAC_Report/Page_/div_Campaign Spend_mat-sort-header-arrow ng_607840' is clickable

2023-12-22 16:19:50 - [TEST_STEP][PASSED] - click(findTestObject("Object Repository/Page_Daily_Buyer_CAC_Report/Page_/div_Campaign Spend_mat-sort-header-arrow ng_492f16")): Object: 'Object Repository/Page_Daily_Buyer_CAC_Report/Page_/div_Campaign Spend_mat-sort-header-arrow ng_492f16' is clicked on

2023-12-22 16:19:50 - [MESSAGE][PASSED] - Object: 'Object Repository/Page_Daily_Buyer_CAC_Report/Page_/div_Campaign Spend_mat-sort-header-arrow ng_492f16' is clicked on

2023-12-22 16:19:50 - [TEST_STEP][PASSED] - verifyElementText(findTestObject("Object Repository/Page_Daily_Buyer_CAC_Report/Page_/div_Approved Projects"), "Approved Projects"): Actual text and expected text of test object 'Object Repository/Page_Daily_Buyer_CAC_Report/Page_/div_Approved Projects' are matched.

2023-12-22 16:19:51 - [MESSAGE][PASSED] - Actual text and expected text of test object 'Object Repository/Page_Daily_Buyer_CAC_Report/Page_/div_Approved Projects' are matched.

2023-12-22 16:19:51 - [TEST_STEP][PASSED] - verifyElementClickable(findTestObject("Object Repository/Page_Daily_Buyer_CAC_Report/Page_/div_Approved Projects_mat-sort-header-point_61a2d1_1")): Object 'Object Repository/Page_Daily_Buyer_CAC_Report/Page_/div_Approved Projects_mat-sort-header-point_61a2d1_1' is clickable

2023-12-22 16:19:51 - [MESSAGE][PASSED] - Object 'Object Repository/Page_Daily_Buyer_CAC_Report/Page_/div_Approved Projects_mat-sort-header-point_61a2d1_1' is clickable

2023-12-22 16:19:51 - [TEST_STEP][PASSED] - click(findTestObject("Object Repository/Page_Daily_Buyer_CAC_Report/Page_/div_Approved Projects_mat-sort-header-stem _f9f6c0")): Object: 'Object Repository/Page_Daily_Buyer_CAC_Report/Page_/div_Approved Projects_mat-sort-header-stem _f9f6c0' is clicked on

2023-12-22 16:19:51 - [MESSAGE][PASSED] - Object: 'Object Repository/Page_Daily_Buyer_CAC_Report/Page_/div_Approved Projects_mat-sort-header-stem _f9f6c0' is clicked on

2023-12-22 16:19:51 - [TEST_STEP][PASSED] - verifyElementText(findTestObject("Object Repository/Page_Daily_Buyer_CAC_Report/Page_/div_Buyer CAC"), "Buyer CAC"): Actual text and expected text of test object 'Object Repository/Page_Daily_Buyer_CAC_Report/Page_/div_Buyer CAC' are matched.

2023-12-22 16:19:52 - [MESSAGE][PASSED] - Actual text and expected text of test object 'Object Repository/Page_Daily_Buyer_CAC_Report/Page_/div_Buyer CAC' are matched.

2023-12-22 16:19:52 - [TEST_STEP][PASSED] - verifyElementClickable(findTestObject("Object Repository/Page_Daily_Buyer_CAC_Report/Page_/div_Buyer CAC_mat-sort-header-arrow ng-trig_8a0ef6")): Object 'Object Repository/Page_Daily_Buyer_CAC_Report/Page_/div_Buyer CAC_mat-sort-header-arrow ng-trig_8a0ef6' is clickable

2023-12-22 16:19:52 - [MESSAGE][PASSED] - Object 'Object Repository/Page_Daily_Buyer_CAC_Report/Page_/div_Buyer CAC_mat-sort-header-arrow ng-trig_8a0ef6' is clickable

2023-12-22 16:19:52 - [TEST_STEP][PASSED] - click(findTestObject("Object Repository/Page_Daily_Buyer_CAC_Report/Page_/div_Buyer CAC_mat-sort-header-arrow ng-trig_8f550c")): Object: 'Object Repository/Page_Daily_Buyer_CAC_Report/Page_/div_Buyer CAC_mat-sort-header-arrow ng-trig_8f550c' is clicked on

2023-12-22 16:19:53 - [MESSAGE][PASSED] - Object: 'Object Repository/Page_Daily_Buyer_CAC_Report/Page_/div_Buyer CAC_mat-sort-header-arrow ng-trig_8f550c' is clicked on

2023-12-22 16:19:53 - [TEST_STEP][PASSED] - verifyElementText(findTestObject("Object Repository/Page_Daily_Buyer_CAC_Report/Page_/div_Items per page"), "Items per page:"): Actual text and expected text of test object 'Object Repository/Page_Daily_Buyer_CAC_Report/Page_/div_Items per page' are matched.

2023-12-22 16:19:53 - [MESSAGE][PASSED] - Actual text and expected text of test object 'Object Repository/Page_Daily_Buyer_CAC_Report/Page_/div_Items per page' are matched.

2023-12-22 16:19:53 - [TEST_STEP][PASSED] - verifyElementClickable(findTestObject("Object Repository/Page_Daily_Buyer_CAC_Report/Page_/div_Items per page_mat-select-arrow-wrapper_5ef953")): Object 'Object Repository/Page_Daily_Buyer_CAC_Report/Page_/div_Items per page_mat-select-arrow-wrapper_5ef953' is clickable

2023-12-22 16:20:24 - [MESSAGE][INFO] - Unable to find the element located by 'By.xpath: //mat-select[@id='mat-select-6']/div/div[2]'. Please recheck the objects properties to make sure the desired element is located. 

2023-12-22 16:20:24 - [MESSAGE][WARNING] - [SELF-HEALING] Failed to find element with id 'Object Repository/Page_Daily_Buyer_CAC_Report/Page_/div_Items per page_mat-select-arrow-wrapper_5ef953'. Try using Self-healing.

2023-12-22 16:20:25 - [MESSAGE][WARNING] - [SELF-HEALING] The current locator of test object 'Object Repository/Page_Daily_Buyer_CAC_Report/Page_/div_Items per page_mat-select-arrow-wrapper_5ef953' was broken. Propose an alternative one: '(.//*[normalize-space(text()) and normalize-space(.)='Items per page:'])[1]/following::div[6]'.

2023-12-22 16:20:25 - [MESSAGE][PASSED] - Object 'Object Repository/Page_Daily_Buyer_CAC_Report/Page_/div_Items per page_mat-select-arrow-wrapper_5ef953' is clickable

2023-12-22 16:20:25 - [TEST_STEP][PASSED] - click(findTestObject("Object Repository/Page_Daily_Buyer_CAC_Report/Page_/div_Items per page_mat-select-arrow ng-tns-c110-21")): Object: 'Object Repository/Page_Daily_Buyer_CAC_Report/Page_/div_Items per page_mat-select-arrow ng-tns-c110-21' is clicked on

2023-12-22 16:20:56 - [MESSAGE][INFO] - Unable to find the element located by 'By.xpath: //mat-select[@id='mat-select-6']/div/div[2]/div'. Please recheck the objects properties to make sure the desired element is located. 

2023-12-22 16:20:56 - [MESSAGE][WARNING] - [SELF-HEALING] Failed to find element with id 'Object Repository/Page_Daily_Buyer_CAC_Report/Page_/div_Items per page_mat-select-arrow ng-tns-c110-21'. Try using Self-healing.

2023-12-22 16:20:56 - [MESSAGE][WARNING] - [SELF-HEALING] The current locator of test object 'Object Repository/Page_Daily_Buyer_CAC_Report/Page_/div_Items per page_mat-select-arrow ng-tns-c110-21' was broken. Propose an alternative one: '//mat-select/div/div[2]/div'.

2023-12-22 16:20:56 - [MESSAGE][PASSED] - Object: 'Object Repository/Page_Daily_Buyer_CAC_Report/Page_/div_Items per page_mat-select-arrow ng-tns-c110-21' is clicked on

2023-12-22 16:20:56 - [TEST_STEP][PASSED] - click(findTestObject("Object Repository/Page_Daily_Buyer_CAC_Report/Page_/span_10")): Object: 'Object Repository/Page_Daily_Buyer_CAC_Report/Page_/span_10' is clicked on

2023-12-22 16:21:27 - [MESSAGE][INFO] - Unable to find the element located by 'By.xpath: //mat-option[@id='mat-option-13']/span'. Please recheck the objects properties to make sure the desired element is located. 

2023-12-22 16:21:27 - [MESSAGE][WARNING] - [SELF-HEALING] Failed to find element with id 'Object Repository/Page_Daily_Buyer_CAC_Report/Page_/span_10'. Try using Self-healing.

2023-12-22 16:21:28 - [MESSAGE][WARNING] - [SELF-HEALING] The current locator of test object 'Object Repository/Page_Daily_Buyer_CAC_Report/Page_/span_10' was broken. Propose an alternative one: '(.//*[normalize-space(text()) and normalize-space(.)='Sort'])[1]/following::span[2]'.

2023-12-22 16:21:28 - [MESSAGE][PASSED] - Object: 'Object Repository/Page_Daily_Buyer_CAC_Report/Page_/span_10' is clicked on

2023-12-22 16:21:28 - [TEST_STEP][PASSED] - verifyElementClickable(findTestObject("Object Repository/Page_Daily_Buyer_CAC_Report/Page_/svg_Items per page_mat-paginator-icon")): Object 'Object Repository/Page_Daily_Buyer_CAC_Report/Page_/svg_Items per page_mat-paginator-icon' is clickable

2023-12-22 16:21:28 - [MESSAGE][PASSED] - Object 'Object Repository/Page_Daily_Buyer_CAC_Report/Page_/svg_Items per page_mat-paginator-icon' is clickable

2023-12-22 16:21:28 - [TEST_STEP][PASSED] - click(findTestObject("Object Repository/Page_Daily_Buyer_CAC_Report/Page_/svg_Items per page_mat-paginator-icon")): Object: 'Object Repository/Page_Daily_Buyer_CAC_Report/Page_/svg_Items per page_mat-paginator-icon' is clicked on

2023-12-22 16:21:29 - [MESSAGE][PASSED] - Object: 'Object Repository/Page_Daily_Buyer_CAC_Report/Page_/svg_Items per page_mat-paginator-icon' is clicked on

2023-12-22 16:21:29 - [TEST_STEP][PASSED] - verifyElementClickable(findTestObject("Object Repository/Page_Daily_Buyer_CAC_Report/Page_/svg_Items per page_mat-paginator-icon_1")): Object 'Object Repository/Page_Daily_Buyer_CAC_Report/Page_/svg_Items per page_mat-paginator-icon_1' is clickable

2023-12-22 16:21:29 - [MESSAGE][PASSED] - Object 'Object Repository/Page_Daily_Buyer_CAC_Report/Page_/svg_Items per page_mat-paginator-icon_1' is clickable

2023-12-22 16:21:29 - [TEST_STEP][PASSED] - click(findTestObject("Object Repository/Page_Daily_Buyer_CAC_Report/Page_/div_Items per page_mat-select-arrow ng-tns-c110-21")): Object: 'Object Repository/Page_Daily_Buyer_CAC_Report/Page_/div_Items per page_mat-select-arrow ng-tns-c110-21' is clicked on

2023-12-22 16:22:01 - [MESSAGE][INFO] - Unable to find the element located by 'By.xpath: //mat-select[@id='mat-select-6']/div/div[2]/div'. Please recheck the objects properties to make sure the desired element is located. 

2023-12-22 16:22:01 - [MESSAGE][WARNING] - [SELF-HEALING] Failed to find element with id 'Object Repository/Page_Daily_Buyer_CAC_Report/Page_/div_Items per page_mat-select-arrow ng-tns-c110-21'. Try using Self-healing.

2023-12-22 16:22:01 - [MESSAGE][WARNING] - [SELF-HEALING] The current locator of test object 'Object Repository/Page_Daily_Buyer_CAC_Report/Page_/div_Items per page_mat-select-arrow ng-tns-c110-21' was broken. Propose an alternative one: '//mat-select/div/div[2]/div'.

2023-12-22 16:22:01 - [MESSAGE][PASSED] - Object: 'Object Repository/Page_Daily_Buyer_CAC_Report/Page_/div_Items per page_mat-select-arrow ng-tns-c110-21' is clicked on

2023-12-22 16:22:01 - [TEST_STEP][PASSED] - click(findTestObject("Object Repository/Page_Daily_Buyer_CAC_Report/Page_/span_20")): Object: 'Object Repository/Page_Daily_Buyer_CAC_Report/Page_/span_20' is clicked on

2023-12-22 16:22:32 - [MESSAGE][INFO] - Unable to find the element located by 'By.xpath: //mat-option[@id='mat-option-14']/span'. Please recheck the objects properties to make sure the desired element is located. 

2023-12-22 16:22:32 - [MESSAGE][WARNING] - [SELF-HEALING] Failed to find element with id 'Object Repository/Page_Daily_Buyer_CAC_Report/Page_/span_20'. Try using Self-healing.

2023-12-22 16:22:33 - [MESSAGE][WARNING] - [SELF-HEALING] The current locator of test object 'Object Repository/Page_Daily_Buyer_CAC_Report/Page_/span_20' was broken. Propose an alternative one: '(.//*[normalize-space(text()) and normalize-space(.)='Sort'])[1]/following::span[3]'.

2023-12-22 16:22:33 - [MESSAGE][PASSED] - Object: 'Object Repository/Page_Daily_Buyer_CAC_Report/Page_/span_20' is clicked on

2023-12-22 16:22:33 - [TEST_STEP][PASSED] - click(findTestObject("Object Repository/Page_Daily_Buyer_CAC_Report/Page_/div_Items per page_mat-select-arrow ng-tns-c110-21")): Object: 'Object Repository/Page_Daily_Buyer_CAC_Report/Page_/div_Items per page_mat-select-arrow ng-tns-c110-21' is clicked on

2023-12-22 16:23:04 - [MESSAGE][INFO] - Unable to find the element located by 'By.xpath: //mat-select[@id='mat-select-6']/div/div[2]/div'. Please recheck the objects properties to make sure the desired element is located. 

2023-12-22 16:23:04 - [MESSAGE][WARNING] - [SELF-HEALING] Failed to find element with id 'Object Repository/Page_Daily_Buyer_CAC_Report/Page_/div_Items per page_mat-select-arrow ng-tns-c110-21'. Try using Self-healing.

2023-12-22 16:23:04 - [MESSAGE][WARNING] - [SELF-HEALING] The current locator of test object 'Object Repository/Page_Daily_Buyer_CAC_Report/Page_/div_Items per page_mat-select-arrow ng-tns-c110-21' was broken. Propose an alternative one: '//mat-select/div/div[2]/div'.

2023-12-22 16:23:04 - [MESSAGE][PASSED] - Object: 'Object Repository/Page_Daily_Buyer_CAC_Report/Page_/div_Items per page_mat-select-arrow ng-tns-c110-21' is clicked on

2023-12-22 16:23:04 - [TEST_STEP][PASSED] - click(findTestObject("Object Repository/Page_Daily_Buyer_CAC_Report/Page_/span_30")): Object: 'Object Repository/Page_Daily_Buyer_CAC_Report/Page_/span_30' is clicked on

2023-12-22 16:23:36 - [MESSAGE][INFO] - Unable to find the element located by 'By.xpath: //mat-option[@id='mat-option-15']/span'. Please recheck the objects properties to make sure the desired element is located. 

2023-12-22 16:23:36 - [MESSAGE][WARNING] - [SELF-HEALING] Failed to find element with id 'Object Repository/Page_Daily_Buyer_CAC_Report/Page_/span_30'. Try using Self-healing.

2023-12-22 16:23:36 - [MESSAGE][WARNING] - [SELF-HEALING] The current locator of test object 'Object Repository/Page_Daily_Buyer_CAC_Report/Page_/span_30' was broken. Propose an alternative one: '(.//*[normalize-space(text()) and normalize-space(.)='Sort'])[1]/following::span[4]'.

2023-12-22 16:23:36 - [MESSAGE][PASSED] - Object: 'Object Repository/Page_Daily_Buyer_CAC_Report/Page_/span_30' is clicked on

2023-12-22 16:23:36 - [TEST_STEP][PASSED] - callTestCase(findTestCase("Reusable_Functions/Arrow_buttons"), [:], CONTINUE_ON_FAILURE): Call Test Case 'Test Cases/Reusable_Functions/Arrow_buttons' successfully

2023-12-22 16:23:36 - [TEST_CASE][PASSED] - Test Cases/Reusable_Functions/Arrow_buttons: Test Cases/Reusable_Functions/Arrow_buttons

2023-12-22 16:23:36 - [TEST_STEP][PASSED] - verifyElementClickable(findTestObject("Object Repository/Page_Arrow_Buttons/Page_/svg_Items per page_mat-paginator-icon")): Object 'Object Repository/Page_Arrow_Buttons/Page_/svg_Items per page_mat-paginator-icon' is clickable

2023-12-22 16:23:37 - [MESSAGE][PASSED] - Object 'Object Repository/Page_Arrow_Buttons/Page_/svg_Items per page_mat-paginator-icon' is clickable

2023-12-22 16:23:37 - [TEST_STEP][PASSED] - click(findTestObject("Object Repository/Page_Arrow_Buttons/Page_/svg_Items per page_mat-paginator-icon")): Object: 'Object Repository/Page_Arrow_Buttons/Page_/svg_Items per page_mat-paginator-icon' is clicked on

2023-12-22 16:23:37 - [MESSAGE][PASSED] - Object: 'Object Repository/Page_Arrow_Buttons/Page_/svg_Items per page_mat-paginator-icon' is clicked on

2023-12-22 16:23:37 - [TEST_STEP][PASSED] - verifyElementClickable(findTestObject("Object Repository/Page_Arrow_Buttons/Page_/svg_Items per page_mat-paginator-icon_1")): Object 'Object Repository/Page_Arrow_Buttons/Page_/svg_Items per page_mat-paginator-icon_1' is clickable

2023-12-22 16:23:38 - [MESSAGE][PASSED] - Object 'Object Repository/Page_Arrow_Buttons/Page_/svg_Items per page_mat-paginator-icon_1' is clickable

2023-12-22 16:23:38 - [TEST_STEP][PASSED] - click(findTestObject("Object Repository/Page_Arrow_Buttons/Page_/svg_Items per page_mat-paginator-icon_1")): Object: 'Object Repository/Page_Arrow_Buttons/Page_/svg_Items per page_mat-paginator-icon_1' is clicked on

2023-12-22 16:23:38 - [MESSAGE][PASSED] - Object: 'Object Repository/Page_Arrow_Buttons/Page_/svg_Items per page_mat-paginator-icon_1' is clicked on

2023-12-22 16:23:38 - [MESSAGE][INFO] - 

2023-12-22 16:23:38 - [MESSAGE][INFO] - ===================== Self-healing Report ====================

2023-12-22 16:23:38 - [MESSAGE][INFO] - One of the failed test object locators has been recovered by Self-healing. Please refer to the Self-healing Insights tab for more details.

2023-12-22 16:23:38 - [MESSAGE][INFO] - To learn more about Self-healing, please read https://docs.katalon.com/katalon-studio/docs/self-healing.html

2023-12-22 16:23:38 - [MESSAGE][INFO] - ==============================================================

2023-12-22 16:23:38 - [MESSAGE][PASSED] - Call Test Case 'Test Cases/Reusable_Functions/Arrow_buttons' successfully

2023-12-22 16:23:38 - [TEST_STEP][PASSED] - verifyElementText(findTestObject("Object Repository/Page_Daily_Buyer_CAC_Report/Page_/h2_Project By Channel Source"), "Project By Channel Source"): Actual text and expected text of test object 'Object Repository/Page_Daily_Buyer_CAC_Report/Page_/h2_Project By Channel Source' are matched.

2023-12-22 16:23:39 - [MESSAGE][PASSED] - Actual text and expected text of test object 'Object Repository/Page_Daily_Buyer_CAC_Report/Page_/h2_Project By Channel Source' are matched.

2023-12-22 16:23:39 - [TEST_STEP][PASSED] - verifyElementText(findTestObject("Object Repository/Page_Daily_Buyer_CAC_Report/Page_/div_Date"), "Date"): Actual text and expected text of test object 'Object Repository/Page_Daily_Buyer_CAC_Report/Page_/div_Date' are matched.

2023-12-22 16:23:39 - [MESSAGE][PASSED] - Actual text and expected text of test object 'Object Repository/Page_Daily_Buyer_CAC_Report/Page_/div_Date' are matched.

2023-12-22 16:23:39 - [TEST_STEP][PASSED] - verifyElementClickable(findTestObject("Object Repository/Page_Daily_Buyer_CAC_Report/Page_/div_Date_mat-sort-header-arrow ng-trigger n_0ecd9d")): Object 'Object Repository/Page_Daily_Buyer_CAC_Report/Page_/div_Date_mat-sort-header-arrow ng-trigger n_0ecd9d' is clickable

2023-12-22 16:23:39 - [MESSAGE][PASSED] - Object 'Object Repository/Page_Daily_Buyer_CAC_Report/Page_/div_Date_mat-sort-header-arrow ng-trigger n_0ecd9d' is clickable

2023-12-22 16:23:39 - [TEST_STEP][PASSED] - click(findTestObject("Object Repository/Page_Daily_Buyer_CAC_Report/Page_/div_Date_mat-sort-header-arrow ng-trigger n_0ecd9d")): Object: 'Object Repository/Page_Daily_Buyer_CAC_Report/Page_/div_Date_mat-sort-header-arrow ng-trigger n_0ecd9d' is clicked on

2023-12-22 16:23:40 - [MESSAGE][PASSED] - Object: 'Object Repository/Page_Daily_Buyer_CAC_Report/Page_/div_Date_mat-sort-header-arrow ng-trigger n_0ecd9d' is clicked on

2023-12-22 16:23:40 - [TEST_STEP][PASSED] - verifyElementText(findTestObject("Object Repository/Page_Daily_Buyer_CAC_Report/Page_/div_Day"), "Day"): Actual text and expected text of test object 'Object Repository/Page_Daily_Buyer_CAC_Report/Page_/div_Day' are matched.

2023-12-22 16:23:40 - [MESSAGE][PASSED] - Actual text and expected text of test object 'Object Repository/Page_Daily_Buyer_CAC_Report/Page_/div_Day' are matched.

2023-12-22 16:23:40 - [TEST_STEP][PASSED] - verifyElementClickable(findTestObject("Object Repository/Page_Daily_Buyer_CAC_Report/Page_/div_Day_mat-sort-header-arrow ng-trigger ng_6a69be")): Object 'Object Repository/Page_Daily_Buyer_CAC_Report/Page_/div_Day_mat-sort-header-arrow ng-trigger ng_6a69be' is clickable

2023-12-22 16:23:41 - [MESSAGE][PASSED] - Object 'Object Repository/Page_Daily_Buyer_CAC_Report/Page_/div_Day_mat-sort-header-arrow ng-trigger ng_6a69be' is clickable

2023-12-22 16:23:41 - [TEST_STEP][PASSED] - click(findTestObject("Object Repository/Page_Daily_Buyer_CAC_Report/Page_/div_Day_mat-sort-header-arrow ng-trigger ng_6a69be")): Object: 'Object Repository/Page_Daily_Buyer_CAC_Report/Page_/div_Day_mat-sort-header-arrow ng-trigger ng_6a69be' is clicked on

2023-12-22 16:23:41 - [MESSAGE][PASSED] - Object: 'Object Repository/Page_Daily_Buyer_CAC_Report/Page_/div_Day_mat-sort-header-arrow ng-trigger ng_6a69be' is clicked on

2023-12-22 16:23:41 - [TEST_STEP][PASSED] - verifyElementText(findTestObject("Object Repository/Page_Daily_Buyer_CAC_Report/Page_/div_GoogleCPC"), "Google/CPC"): Actual text and expected text of test object 'Object Repository/Page_Daily_Buyer_CAC_Report/Page_/div_GoogleCPC' are matched.

2023-12-22 16:23:42 - [MESSAGE][PASSED] - Actual text and expected text of test object 'Object Repository/Page_Daily_Buyer_CAC_Report/Page_/div_GoogleCPC' are matched.

2023-12-22 16:23:42 - [TEST_STEP][PASSED] - verifyElementClickable(findTestObject("Object Repository/Page_Daily_Buyer_CAC_Report/Page_/div_GoogleCPC_mat-sort-header-arrow ng-trig_257927")): Object 'Object Repository/Page_Daily_Buyer_CAC_Report/Page_/div_GoogleCPC_mat-sort-header-arrow ng-trig_257927' is clickable

2023-12-22 16:23:42 - [MESSAGE][PASSED] - Object 'Object Repository/Page_Daily_Buyer_CAC_Report/Page_/div_GoogleCPC_mat-sort-header-arrow ng-trig_257927' is clickable

2023-12-22 16:23:42 - [TEST_STEP][PASSED] - click(findTestObject("Object Repository/Page_Daily_Buyer_CAC_Report/Page_/div_GoogleCPC_mat-sort-header-arrow ng-trig_0980d9")): Object: 'Object Repository/Page_Daily_Buyer_CAC_Report/Page_/div_GoogleCPC_mat-sort-header-arrow ng-trig_0980d9' is clicked on

2023-12-22 16:23:43 - [MESSAGE][PASSED] - Object: 'Object Repository/Page_Daily_Buyer_CAC_Report/Page_/div_GoogleCPC_mat-sort-header-arrow ng-trig_0980d9' is clicked on

2023-12-22 16:23:43 - [TEST_STEP][PASSED] - verifyElementText(findTestObject("Object Repository/Page_Daily_Buyer_CAC_Report/Page_/div_Others"), "Others"): Actual text and expected text of test object 'Object Repository/Page_Daily_Buyer_CAC_Report/Page_/div_Others' are matched.

2023-12-22 16:23:43 - [MESSAGE][PASSED] - Actual text and expected text of test object 'Object Repository/Page_Daily_Buyer_CAC_Report/Page_/div_Others' are matched.

2023-12-22 16:23:43 - [TEST_STEP][PASSED] - verifyElementClickable(findTestObject("Object Repository/Page_Daily_Buyer_CAC_Report/Page_/div_Others_mat-sort-header-stem ng-tns-c99-31")): Object 'Object Repository/Page_Daily_Buyer_CAC_Report/Page_/div_Others_mat-sort-header-stem ng-tns-c99-31' is clickable

2023-12-22 16:23:43 - [MESSAGE][PASSED] - Object 'Object Repository/Page_Daily_Buyer_CAC_Report/Page_/div_Others_mat-sort-header-stem ng-tns-c99-31' is clickable

2023-12-22 16:23:43 - [TEST_STEP][PASSED] - click(findTestObject("Object Repository/Page_Daily_Buyer_CAC_Report/Page_/div_Others_mat-sort-header-arrow ng-trigger_a75e61")): Object: 'Object Repository/Page_Daily_Buyer_CAC_Report/Page_/div_Others_mat-sort-header-arrow ng-trigger_a75e61' is clicked on

2023-12-22 16:23:44 - [MESSAGE][PASSED] - Object: 'Object Repository/Page_Daily_Buyer_CAC_Report/Page_/div_Others_mat-sort-header-arrow ng-trigger_a75e61' is clicked on

2023-12-22 16:23:44 - [TEST_STEP][PASSED] - verifyElementText(findTestObject("Object Repository/Page_Daily_Buyer_CAC_Report/Page_/div_Grand Total"), "Grand Total"): Actual text and expected text of test object 'Object Repository/Page_Daily_Buyer_CAC_Report/Page_/div_Grand Total' are matched.

2023-12-22 16:23:44 - [MESSAGE][PASSED] - Actual text and expected text of test object 'Object Repository/Page_Daily_Buyer_CAC_Report/Page_/div_Grand Total' are matched.

2023-12-22 16:23:44 - [TEST_STEP][PASSED] - verifyElementClickable(findTestObject("Object Repository/Page_Daily_Buyer_CAC_Report/Page_/div_Grand Total_mat-sort-header-arrow ng-tr_cec26e")): Object 'Object Repository/Page_Daily_Buyer_CAC_Report/Page_/div_Grand Total_mat-sort-header-arrow ng-tr_cec26e' is clickable

2023-12-22 16:23:45 - [MESSAGE][PASSED] - Object 'Object Repository/Page_Daily_Buyer_CAC_Report/Page_/div_Grand Total_mat-sort-header-arrow ng-tr_cec26e' is clickable

2023-12-22 16:23:45 - [TEST_STEP][PASSED] - click(findTestObject("Object Repository/Page_Daily_Buyer_CAC_Report/Page_/div_Grand Total_mat-sort-header-arrow ng-tr_c9f67f")): Object: 'Object Repository/Page_Daily_Buyer_CAC_Report/Page_/div_Grand Total_mat-sort-header-arrow ng-tr_c9f67f' is clicked on

2023-12-22 16:23:45 - [MESSAGE][PASSED] - Object: 'Object Repository/Page_Daily_Buyer_CAC_Report/Page_/div_Grand Total_mat-sort-header-arrow ng-tr_c9f67f' is clicked on

2023-12-22 16:23:45 - [TEST_STEP][PASSED] - verifyElementText(findTestObject("Object Repository/Page_Daily_Buyer_CAC_Report/Page_/div_Items per page"), "Items per page:"): Actual text and expected text of test object 'Object Repository/Page_Daily_Buyer_CAC_Report/Page_/div_Items per page' are matched.

2023-12-22 16:23:46 - [MESSAGE][PASSED] - Actual text and expected text of test object 'Object Repository/Page_Daily_Buyer_CAC_Report/Page_/div_Items per page' are matched.

2023-12-22 16:23:46 - [TEST_STEP][PASSED] - verifyElementClickable(findTestObject("Object Repository/Page_Daily_Buyer_CAC_Report/Page_/div_Items per page_mat-select-arrow ng-tns-c110-19")): Object 'Object Repository/Page_Daily_Buyer_CAC_Report/Page_/div_Items per page_mat-select-arrow ng-tns-c110-19' is clickable

2023-12-22 16:24:17 - [MESSAGE][INFO] - Unable to find the element located by 'By.xpath: //mat-select[@id='mat-select-4']/div/div[2]/div'. Please recheck the objects properties to make sure the desired element is located. 

2023-12-22 16:24:17 - [MESSAGE][WARNING] - [SELF-HEALING] Failed to find element with id 'Object Repository/Page_Daily_Buyer_CAC_Report/Page_/div_Items per page_mat-select-arrow ng-tns-c110-19'. Try using Self-healing.

2023-12-22 16:24:17 - [MESSAGE][WARNING] - [SELF-HEALING] The current locator of test object 'Object Repository/Page_Daily_Buyer_CAC_Report/Page_/div_Items per page_mat-select-arrow ng-tns-c110-19' was broken. Propose an alternative one: '//app-total-projects-by-source-channel-table/div/div/div/app-material-heat-chart-drilldown-table/div/mat-paginator/div/div/div/mat-form-field/div/div/div/mat-select/div/div[2]/div'.

2023-12-22 16:24:17 - [MESSAGE][PASSED] - Object 'Object Repository/Page_Daily_Buyer_CAC_Report/Page_/div_Items per page_mat-select-arrow ng-tns-c110-19' is clickable

2023-12-22 16:24:17 - [TEST_STEP][PASSED] - click(findTestObject("Object Repository/Page_Daily_Buyer_CAC_Report/Page_/div_Items per page_mat-select-arrow-wrapper_6ffc19")): Object: 'Object Repository/Page_Daily_Buyer_CAC_Report/Page_/div_Items per page_mat-select-arrow-wrapper_6ffc19' is clicked on

2023-12-22 16:24:48 - [MESSAGE][INFO] - Unable to find the element located by 'By.xpath: //mat-select[@id='mat-select-4']/div/div[2]'. Please recheck the objects properties to make sure the desired element is located. 

2023-12-22 16:24:48 - [MESSAGE][WARNING] - [SELF-HEALING] Failed to find element with id 'Object Repository/Page_Daily_Buyer_CAC_Report/Page_/div_Items per page_mat-select-arrow-wrapper_6ffc19'. Try using Self-healing.

2023-12-22 16:24:49 - [MESSAGE][WARNING] - [SELF-HEALING] The current locator of test object 'Object Repository/Page_Daily_Buyer_CAC_Report/Page_/div_Items per page_mat-select-arrow-wrapper_6ffc19' was broken. Propose an alternative one: '(.//*[normalize-space(text()) and normalize-space(.)='Items per page:'])[2]/following::div[6]'.

2023-12-22 16:24:49 - [MESSAGE][PASSED] - Object: 'Object Repository/Page_Daily_Buyer_CAC_Report/Page_/div_Items per page_mat-select-arrow-wrapper_6ffc19' is clicked on

2023-12-22 16:24:49 - [TEST_STEP][PASSED] - click(findTestObject("Object Repository/Page_Daily_Buyer_CAC_Report/Page_/span_10")): Object: 'Object Repository/Page_Daily_Buyer_CAC_Report/Page_/span_10' is clicked on

2023-12-22 16:25:20 - [MESSAGE][INFO] - Unable to find the element located by 'By.xpath: //mat-option[@id='mat-option-13']/span'. Please recheck the objects properties to make sure the desired element is located. 

2023-12-22 16:25:20 - [MESSAGE][WARNING] - [SELF-HEALING] Failed to find element with id 'Object Repository/Page_Daily_Buyer_CAC_Report/Page_/span_10'. Try using Self-healing.

2023-12-22 16:25:20 - [MESSAGE][WARNING] - [SELF-HEALING] The current locator of test object 'Object Repository/Page_Daily_Buyer_CAC_Report/Page_/span_10' was broken. Propose an alternative one: '(.//*[normalize-space(text()) and normalize-space(.)='Sort'])[1]/following::span[2]'.

2023-12-22 16:25:21 - [MESSAGE][PASSED] - Object: 'Object Repository/Page_Daily_Buyer_CAC_Report/Page_/span_10' is clicked on

2023-12-22 16:25:21 - [TEST_STEP][PASSED] - click(findTestObject("Object Repository/Page_Daily_Buyer_CAC_Report/Page_/div_Items per page_mat-select-arrow-wrapper_6ffc19")): Object: 'Object Repository/Page_Daily_Buyer_CAC_Report/Page_/div_Items per page_mat-select-arrow-wrapper_6ffc19' is clicked on

2023-12-22 16:25:52 - [MESSAGE][INFO] - Unable to find the element located by 'By.xpath: //mat-select[@id='mat-select-4']/div/div[2]'. Please recheck the objects properties to make sure the desired element is located. 

2023-12-22 16:25:52 - [MESSAGE][WARNING] - [SELF-HEALING] Failed to find element with id 'Object Repository/Page_Daily_Buyer_CAC_Report/Page_/div_Items per page_mat-select-arrow-wrapper_6ffc19'. Try using Self-healing.

2023-12-22 16:25:52 - [MESSAGE][WARNING] - [SELF-HEALING] The current locator of test object 'Object Repository/Page_Daily_Buyer_CAC_Report/Page_/div_Items per page_mat-select-arrow-wrapper_6ffc19' was broken. Propose an alternative one: '(.//*[normalize-space(text()) and normalize-space(.)='Items per page:'])[2]/following::div[6]'.

2023-12-22 16:25:52 - [MESSAGE][PASSED] - Object: 'Object Repository/Page_Daily_Buyer_CAC_Report/Page_/div_Items per page_mat-select-arrow-wrapper_6ffc19' is clicked on

2023-12-22 16:25:52 - [TEST_STEP][PASSED] - click(findTestObject("Object Repository/Page_Daily_Buyer_CAC_Report/Page_/span_20")): Object: 'Object Repository/Page_Daily_Buyer_CAC_Report/Page_/span_20' is clicked on

2023-12-22 16:26:23 - [MESSAGE][INFO] - Unable to find the element located by 'By.xpath: //mat-option[@id='mat-option-14']/span'. Please recheck the objects properties to make sure the desired element is located. 

2023-12-22 16:26:23 - [MESSAGE][WARNING] - [SELF-HEALING] Failed to find element with id 'Object Repository/Page_Daily_Buyer_CAC_Report/Page_/span_20'. Try using Self-healing.

2023-12-22 16:26:24 - [MESSAGE][WARNING] - [SELF-HEALING] The current locator of test object 'Object Repository/Page_Daily_Buyer_CAC_Report/Page_/span_20' was broken. Propose an alternative one: '(.//*[normalize-space(text()) and normalize-space(.)='Sort'])[1]/following::span[3]'.

2023-12-22 16:26:24 - [MESSAGE][PASSED] - Object: 'Object Repository/Page_Daily_Buyer_CAC_Report/Page_/span_20' is clicked on

2023-12-22 16:26:24 - [TEST_STEP][PASSED] - click(findTestObject("Object Repository/Page_Daily_Buyer_CAC_Report/Page_/div_Items per page_mat-select-arrow-wrapper_6ffc19")): Object: 'Object Repository/Page_Daily_Buyer_CAC_Report/Page_/div_Items per page_mat-select-arrow-wrapper_6ffc19' is clicked on

2023-12-22 16:26:55 - [MESSAGE][INFO] - Unable to find the element located by 'By.xpath: //mat-select[@id='mat-select-4']/div/div[2]'. Please recheck the objects properties to make sure the desired element is located. 

2023-12-22 16:26:55 - [MESSAGE][WARNING] - [SELF-HEALING] Failed to find element with id 'Object Repository/Page_Daily_Buyer_CAC_Report/Page_/div_Items per page_mat-select-arrow-wrapper_6ffc19'. Try using Self-healing.

2023-12-22 16:26:55 - [MESSAGE][WARNING] - [SELF-HEALING] The current locator of test object 'Object Repository/Page_Daily_Buyer_CAC_Report/Page_/div_Items per page_mat-select-arrow-wrapper_6ffc19' was broken. Propose an alternative one: '(.//*[normalize-space(text()) and normalize-space(.)='Items per page:'])[2]/following::div[6]'.

2023-12-22 16:26:56 - [MESSAGE][PASSED] - Object: 'Object Repository/Page_Daily_Buyer_CAC_Report/Page_/div_Items per page_mat-select-arrow-wrapper_6ffc19' is clicked on

2023-12-22 16:26:56 - [TEST_STEP][PASSED] - click(findTestObject("Object Repository/Page_Daily_Buyer_CAC_Report/Page_/span_30")): Object: 'Object Repository/Page_Daily_Buyer_CAC_Report/Page_/span_30' is clicked on

2023-12-22 16:27:27 - [MESSAGE][INFO] - Unable to find the element located by 'By.xpath: //mat-option[@id='mat-option-15']/span'. Please recheck the objects properties to make sure the desired element is located. 

2023-12-22 16:27:27 - [MESSAGE][WARNING] - [SELF-HEALING] Failed to find element with id 'Object Repository/Page_Daily_Buyer_CAC_Report/Page_/span_30'. Try using Self-healing.

2023-12-22 16:27:27 - [MESSAGE][WARNING] - [SELF-HEALING] The current locator of test object 'Object Repository/Page_Daily_Buyer_CAC_Report/Page_/span_30' was broken. Propose an alternative one: '(.//*[normalize-space(text()) and normalize-space(.)='Sort'])[1]/following::span[4]'.

2023-12-22 16:27:27 - [MESSAGE][PASSED] - Object: 'Object Repository/Page_Daily_Buyer_CAC_Report/Page_/span_30' is clicked on

2023-12-22 16:27:27 - [TEST_STEP][PASSED] - callTestCase(findTestCase("Reusable_Functions/Arrow_buttons"), [:], CONTINUE_ON_FAILURE): Call Test Case 'Test Cases/Reusable_Functions/Arrow_buttons' successfully

2023-12-22 16:27:27 - [TEST_CASE][PASSED] - Test Cases/Reusable_Functions/Arrow_buttons: Test Cases/Reusable_Functions/Arrow_buttons

2023-12-22 16:27:27 - [TEST_STEP][PASSED] - verifyElementClickable(findTestObject("Object Repository/Page_Arrow_Buttons/Page_/svg_Items per page_mat-paginator-icon")): Object 'Object Repository/Page_Arrow_Buttons/Page_/svg_Items per page_mat-paginator-icon' is clickable

2023-12-22 16:27:28 - [MESSAGE][PASSED] - Object 'Object Repository/Page_Arrow_Buttons/Page_/svg_Items per page_mat-paginator-icon' is clickable

2023-12-22 16:27:28 - [TEST_STEP][PASSED] - click(findTestObject("Object Repository/Page_Arrow_Buttons/Page_/svg_Items per page_mat-paginator-icon")): Object: 'Object Repository/Page_Arrow_Buttons/Page_/svg_Items per page_mat-paginator-icon' is clicked on

2023-12-22 16:27:28 - [MESSAGE][PASSED] - Object: 'Object Repository/Page_Arrow_Buttons/Page_/svg_Items per page_mat-paginator-icon' is clicked on

2023-12-22 16:27:28 - [TEST_STEP][PASSED] - verifyElementClickable(findTestObject("Object Repository/Page_Arrow_Buttons/Page_/svg_Items per page_mat-paginator-icon_1")): Object 'Object Repository/Page_Arrow_Buttons/Page_/svg_Items per page_mat-paginator-icon_1' is clickable

2023-12-22 16:27:29 - [MESSAGE][PASSED] - Object 'Object Repository/Page_Arrow_Buttons/Page_/svg_Items per page_mat-paginator-icon_1' is clickable

2023-12-22 16:27:29 - [TEST_STEP][PASSED] - click(findTestObject("Object Repository/Page_Arrow_Buttons/Page_/svg_Items per page_mat-paginator-icon_1")): Object: 'Object Repository/Page_Arrow_Buttons/Page_/svg_Items per page_mat-paginator-icon_1' is clicked on

2023-12-22 16:27:29 - [MESSAGE][PASSED] - Object: 'Object Repository/Page_Arrow_Buttons/Page_/svg_Items per page_mat-paginator-icon_1' is clicked on

2023-12-22 16:27:29 - [MESSAGE][INFO] - 

2023-12-22 16:27:29 - [MESSAGE][INFO] - ===================== Self-healing Report ====================

2023-12-22 16:27:29 - [MESSAGE][INFO] - One of the failed test object locators has been recovered by Self-healing. Please refer to the Self-healing Insights tab for more details.

2023-12-22 16:27:29 - [MESSAGE][INFO] - To learn more about Self-healing, please read https://docs.katalon.com/katalon-studio/docs/self-healing.html

2023-12-22 16:27:29 - [MESSAGE][INFO] - ==============================================================

2023-12-22 16:27:29 - [MESSAGE][PASSED] - Call Test Case 'Test Cases/Reusable_Functions/Arrow_buttons' successfully

2023-12-22 16:27:29 - [TEST_STEP][PASSED] - verifyElementClickable(findTestObject("Object Repository/Page_Daily_Buyer_CAC_Report/Page_/svg_Items per page_mat-paginator-icon_1_2")): Object 'Object Repository/Page_Daily_Buyer_CAC_Report/Page_/svg_Items per page_mat-paginator-icon_1_2' is clickable

2023-12-22 16:27:30 - [MESSAGE][PASSED] - Object 'Object Repository/Page_Daily_Buyer_CAC_Report/Page_/svg_Items per page_mat-paginator-icon_1_2' is clickable

2023-12-22 16:27:30 - [TEST_STEP][PASSED] - verifyElementText(findTestObject("Object Repository/Page_Daily_Buyer_CAC_Report/Page_/h2_Project By Campaign Source"), "Project By Campaign Source"): Actual text and expected text of test object 'Object Repository/Page_Daily_Buyer_CAC_Report/Page_/h2_Project By Campaign Source' are matched.

2023-12-22 16:27:30 - [MESSAGE][PASSED] - Actual text and expected text of test object 'Object Repository/Page_Daily_Buyer_CAC_Report/Page_/h2_Project By Campaign Source' are matched.

2023-12-22 16:27:30 - [TEST_STEP][PASSED] - verifyElementText(findTestObject("Object Repository/Page_Daily_Buyer_CAC_Report/Page_/div_Date"), "Date"): Actual text and expected text of test object 'Object Repository/Page_Daily_Buyer_CAC_Report/Page_/div_Date' are matched.

2023-12-22 16:27:31 - [MESSAGE][PASSED] - Actual text and expected text of test object 'Object Repository/Page_Daily_Buyer_CAC_Report/Page_/div_Date' are matched.

2023-12-22 16:27:31 - [TEST_STEP][PASSED] - verifyElementClickable(findTestObject("Object Repository/Page_Daily_Buyer_CAC_Report/Page_/div_Date_mat-sort-header-pointer-left ng-tn_4ba7f5")): Object 'Object Repository/Page_Daily_Buyer_CAC_Report/Page_/div_Date_mat-sort-header-pointer-left ng-tn_4ba7f5' is clickable

2023-12-22 16:27:31 - [MESSAGE][PASSED] - Object 'Object Repository/Page_Daily_Buyer_CAC_Report/Page_/div_Date_mat-sort-header-pointer-left ng-tn_4ba7f5' is clickable

2023-12-22 16:27:31 - [TEST_STEP][PASSED] - click(findTestObject("Object Repository/Page_Daily_Buyer_CAC_Report/Page_/div_Date_mat-sort-header-stem ng-tns-c99-22")): Object: 'Object Repository/Page_Daily_Buyer_CAC_Report/Page_/div_Date_mat-sort-header-stem ng-tns-c99-22' is clicked on

2023-12-22 16:27:32 - [MESSAGE][PASSED] - Object: 'Object Repository/Page_Daily_Buyer_CAC_Report/Page_/div_Date_mat-sort-header-stem ng-tns-c99-22' is clicked on

2023-12-22 16:27:32 - [TEST_STEP][PASSED] - verifyElementText(findTestObject("Object Repository/Page_Daily_Buyer_CAC_Report/Page_/div_Day"), "Day"): Actual text and expected text of test object 'Object Repository/Page_Daily_Buyer_CAC_Report/Page_/div_Day' are matched.

2023-12-22 16:27:32 - [MESSAGE][PASSED] - Actual text and expected text of test object 'Object Repository/Page_Daily_Buyer_CAC_Report/Page_/div_Day' are matched.

2023-12-22 16:27:32 - [TEST_STEP][PASSED] - verifyElementClickable(findTestObject("Object Repository/Page_Daily_Buyer_CAC_Report/Page_/div_Day_mat-sort-header-stem ng-tns-c99-23_1")): Object 'Object Repository/Page_Daily_Buyer_CAC_Report/Page_/div_Day_mat-sort-header-stem ng-tns-c99-23_1' is clickable

2023-12-22 16:27:32 - [MESSAGE][PASSED] - Object 'Object Repository/Page_Daily_Buyer_CAC_Report/Page_/div_Day_mat-sort-header-stem ng-tns-c99-23_1' is clickable

2023-12-22 16:27:32 - [TEST_STEP][PASSED] - click(findTestObject("Object Repository/Page_Daily_Buyer_CAC_Report/Page_/div_Day_mat-sort-header-stem ng-tns-c99-23")): Object: 'Object Repository/Page_Daily_Buyer_CAC_Report/Page_/div_Day_mat-sort-header-stem ng-tns-c99-23' is clicked on

2023-12-22 16:27:33 - [MESSAGE][PASSED] - Object: 'Object Repository/Page_Daily_Buyer_CAC_Report/Page_/div_Day_mat-sort-header-stem ng-tns-c99-23' is clicked on

2023-12-22 16:27:33 - [TEST_STEP][PASSED] - verifyElementText(findTestObject("Object Repository/Page_Daily_Buyer_CAC_Report/Page_/div_Email"), "Email"): Actual text and expected text of test object 'Object Repository/Page_Daily_Buyer_CAC_Report/Page_/div_Email' are matched.

2023-12-22 16:27:33 - [MESSAGE][PASSED] - Actual text and expected text of test object 'Object Repository/Page_Daily_Buyer_CAC_Report/Page_/div_Email' are matched.

2023-12-22 16:27:33 - [TEST_STEP][PASSED] - verifyElementClickable(findTestObject("Object Repository/Page_Daily_Buyer_CAC_Report/Page_/div_Email_mat-sort-header-stem ng-tns-c99-24")): Object 'Object Repository/Page_Daily_Buyer_CAC_Report/Page_/div_Email_mat-sort-header-stem ng-tns-c99-24' is clickable

2023-12-22 16:27:34 - [MESSAGE][PASSED] - Object 'Object Repository/Page_Daily_Buyer_CAC_Report/Page_/div_Email_mat-sort-header-stem ng-tns-c99-24' is clickable

2023-12-22 16:27:34 - [TEST_STEP][PASSED] - verifyElementText(findTestObject("Object Repository/Page_Daily_Buyer_CAC_Report/Page_/div_Search 50 OFF"), "Search 50% OFF"): Actual text and expected text of test object 'Object Repository/Page_Daily_Buyer_CAC_Report/Page_/div_Search 50 OFF' are matched.

2023-12-22 16:27:34 - [MESSAGE][PASSED] - Actual text and expected text of test object 'Object Repository/Page_Daily_Buyer_CAC_Report/Page_/div_Search 50 OFF' are matched.

2023-12-22 16:27:34 - [TEST_STEP][PASSED] - verifyElementClickable(findTestObject("Object Repository/Page_Daily_Buyer_CAC_Report/Page_/div_Search 50 OFF_mat-sort-header-stem ng-t_55310d_1")): Object 'Object Repository/Page_Daily_Buyer_CAC_Report/Page_/div_Search 50 OFF_mat-sort-header-stem ng-t_55310d_1' is clickable

2023-12-22 16:27:34 - [MESSAGE][PASSED] - Object 'Object Repository/Page_Daily_Buyer_CAC_Report/Page_/div_Search 50 OFF_mat-sort-header-stem ng-t_55310d_1' is clickable

2023-12-22 16:27:34 - [TEST_STEP][PASSED] - click(findTestObject("Object Repository/Page_Daily_Buyer_CAC_Report/Page_/div_Search 50 OFF_mat-sort-header-arrow ng-_cf7398")): Object: 'Object Repository/Page_Daily_Buyer_CAC_Report/Page_/div_Search 50 OFF_mat-sort-header-arrow ng-_cf7398' is clicked on

2023-12-22 16:27:35 - [MESSAGE][PASSED] - Object: 'Object Repository/Page_Daily_Buyer_CAC_Report/Page_/div_Search 50 OFF_mat-sort-header-arrow ng-_cf7398' is clicked on

2023-12-22 16:27:35 - [TEST_STEP][PASSED] - verifyElementText(findTestObject("Object Repository/Page_Daily_Buyer_CAC_Report/Page_/div_WIZ_Moonlyte_Buyer_Freelancer_Google_Se_df922d"), "WIZ_Moonlyte_Buyer_Freelancer_Google_Search_Ads_Jan_2023"): Actual text and expected text of test object 'Object Repository/Page_Daily_Buyer_CAC_Report/Page_/div_WIZ_Moonlyte_Buyer_Freelancer_Google_Se_df922d' are matched.

2023-12-22 16:27:35 - [MESSAGE][PASSED] - Actual text and expected text of test object 'Object Repository/Page_Daily_Buyer_CAC_Report/Page_/div_WIZ_Moonlyte_Buyer_Freelancer_Google_Se_df922d' are matched.

2023-12-22 16:27:35 - [TEST_STEP][PASSED] - verifyElementClickable(findTestObject("Object Repository/Page_Daily_Buyer_CAC_Report/Page_/div_WIZ_Moonlyte_Buyer_Freelancer_Google_Se_81df23")): Object 'Object Repository/Page_Daily_Buyer_CAC_Report/Page_/div_WIZ_Moonlyte_Buyer_Freelancer_Google_Se_81df23' is clickable

2023-12-22 16:27:36 - [MESSAGE][PASSED] - Object 'Object Repository/Page_Daily_Buyer_CAC_Report/Page_/div_WIZ_Moonlyte_Buyer_Freelancer_Google_Se_81df23' is clickable

2023-12-22 16:27:36 - [TEST_STEP][PASSED] - click(findTestObject("Object Repository/Page_Daily_Buyer_CAC_Report/Page_/div_WIZ_Moonlyte_Buyer_Freelancer_Google_Se_6d66ee")): Object: 'Object Repository/Page_Daily_Buyer_CAC_Report/Page_/div_WIZ_Moonlyte_Buyer_Freelancer_Google_Se_6d66ee' is clicked on

2023-12-22 16:27:36 - [MESSAGE][PASSED] - Object: 'Object Repository/Page_Daily_Buyer_CAC_Report/Page_/div_WIZ_Moonlyte_Buyer_Freelancer_Google_Se_6d66ee' is clicked on

2023-12-22 16:27:36 - [TEST_STEP][PASSED] - verifyElementText(findTestObject("Object Repository/Page_Daily_Buyer_CAC_Report/Page_/div_Grand Total"), "Grand Total"): Actual text and expected text of test object 'Object Repository/Page_Daily_Buyer_CAC_Report/Page_/div_Grand Total' are matched.

2023-12-22 16:27:37 - [MESSAGE][PASSED] - Actual text and expected text of test object 'Object Repository/Page_Daily_Buyer_CAC_Report/Page_/div_Grand Total' are matched.

2023-12-22 16:27:37 - [TEST_STEP][PASSED] - verifyElementClickable(findTestObject("Object Repository/Page_Daily_Buyer_CAC_Report/Page_/div_Grand Total_mat-sort-header-stem ng-tns-c99-27")): Object 'Object Repository/Page_Daily_Buyer_CAC_Report/Page_/div_Grand Total_mat-sort-header-stem ng-tns-c99-27' is clickable

2023-12-22 16:27:37 - [MESSAGE][PASSED] - Object 'Object Repository/Page_Daily_Buyer_CAC_Report/Page_/div_Grand Total_mat-sort-header-stem ng-tns-c99-27' is clickable

2023-12-22 16:27:37 - [TEST_STEP][PASSED] - click(findTestObject("Object Repository/Page_Daily_Buyer_CAC_Report/Page_/div_Grand Total_mat-sort-header-stem ng-tns-c99-27")): Object: 'Object Repository/Page_Daily_Buyer_CAC_Report/Page_/div_Grand Total_mat-sort-header-stem ng-tns-c99-27' is clicked on

2023-12-22 16:27:37 - [MESSAGE][PASSED] - Object: 'Object Repository/Page_Daily_Buyer_CAC_Report/Page_/div_Grand Total_mat-sort-header-stem ng-tns-c99-27' is clicked on

2023-12-22 16:27:37 - [TEST_STEP][PASSED] - verifyElementText(findTestObject("Object Repository/Page_Daily_Buyer_CAC_Report/Page_/div_Items per page"), "Items per page:"): Actual text and expected text of test object 'Object Repository/Page_Daily_Buyer_CAC_Report/Page_/div_Items per page' are matched.

2023-12-22 16:27:38 - [MESSAGE][PASSED] - Actual text and expected text of test object 'Object Repository/Page_Daily_Buyer_CAC_Report/Page_/div_Items per page' are matched.

2023-12-22 16:27:38 - [TEST_STEP][PASSED] - verifyElementClickable(findTestObject("Object Repository/Page_Daily_Buyer_CAC_Report/Page_/div_Items per page_mat-select-arrow-wrapper_615eef")): Object 'Object Repository/Page_Daily_Buyer_CAC_Report/Page_/div_Items per page_mat-select-arrow-wrapper_615eef' is clickable

2023-12-22 16:28:09 - [MESSAGE][INFO] - Unable to find the element located by 'By.xpath: //mat-select[@id='mat-select-2']/div/div[2]'. Please recheck the objects properties to make sure the desired element is located. 

2023-12-22 16:28:09 - [MESSAGE][WARNING] - [SELF-HEALING] Failed to find element with id 'Object Repository/Page_Daily_Buyer_CAC_Report/Page_/div_Items per page_mat-select-arrow-wrapper_615eef'. Try using Self-healing.

2023-12-22 16:28:09 - [MESSAGE][WARNING] - [SELF-HEALING] The current locator of test object 'Object Repository/Page_Daily_Buyer_CAC_Report/Page_/div_Items per page_mat-select-arrow-wrapper_615eef' was broken. Propose an alternative one: '(.//*[normalize-space(text()) and normalize-space(.)='Items per page:'])[3]/following::div[6]'.

2023-12-22 16:28:09 - [MESSAGE][PASSED] - Object 'Object Repository/Page_Daily_Buyer_CAC_Report/Page_/div_Items per page_mat-select-arrow-wrapper_615eef' is clickable

2023-12-22 16:28:09 - [TEST_STEP][PASSED] - click(findTestObject("Object Repository/Page_Daily_Buyer_CAC_Report/Page_/div_Items per page_mat-select-arrow-wrapper_615eef")): Object: 'Object Repository/Page_Daily_Buyer_CAC_Report/Page_/div_Items per page_mat-select-arrow-wrapper_615eef' is clicked on

2023-12-22 16:28:41 - [MESSAGE][INFO] - Unable to find the element located by 'By.xpath: //mat-select[@id='mat-select-2']/div/div[2]'. Please recheck the objects properties to make sure the desired element is located. 

2023-12-22 16:28:41 - [MESSAGE][WARNING] - [SELF-HEALING] Failed to find element with id 'Object Repository/Page_Daily_Buyer_CAC_Report/Page_/div_Items per page_mat-select-arrow-wrapper_615eef'. Try using Self-healing.

2023-12-22 16:28:41 - [MESSAGE][WARNING] - [SELF-HEALING] The current locator of test object 'Object Repository/Page_Daily_Buyer_CAC_Report/Page_/div_Items per page_mat-select-arrow-wrapper_615eef' was broken. Propose an alternative one: '(.//*[normalize-space(text()) and normalize-space(.)='Items per page:'])[3]/following::div[6]'.

2023-12-22 16:28:41 - [MESSAGE][PASSED] - Object: 'Object Repository/Page_Daily_Buyer_CAC_Report/Page_/div_Items per page_mat-select-arrow-wrapper_615eef' is clicked on

2023-12-22 16:28:41 - [TEST_STEP][PASSED] - click(findTestObject("Object Repository/Page_Daily_Buyer_CAC_Report/Page_/span_10")): Object: 'Object Repository/Page_Daily_Buyer_CAC_Report/Page_/span_10' is clicked on

2023-12-22 16:29:12 - [MESSAGE][INFO] - Unable to find the element located by 'By.xpath: //mat-option[@id='mat-option-13']/span'. Please recheck the objects properties to make sure the desired element is located. 

2023-12-22 16:29:12 - [MESSAGE][WARNING] - [SELF-HEALING] Failed to find element with id 'Object Repository/Page_Daily_Buyer_CAC_Report/Page_/span_10'. Try using Self-healing.

2023-12-22 16:29:13 - [MESSAGE][WARNING] - [SELF-HEALING] The current locator of test object 'Object Repository/Page_Daily_Buyer_CAC_Report/Page_/span_10' was broken. Propose an alternative one: '(.//*[normalize-space(text()) and normalize-space(.)='Sort'])[1]/following::span[2]'.

2023-12-22 16:29:13 - [MESSAGE][PASSED] - Object: 'Object Repository/Page_Daily_Buyer_CAC_Report/Page_/span_10' is clicked on

2023-12-22 16:29:13 - [TEST_STEP][PASSED] - click(findTestObject("Object Repository/Page_Daily_Buyer_CAC_Report/Page_/div_Items per page_mat-select-arrow-wrapper_615eef")): Object: 'Object Repository/Page_Daily_Buyer_CAC_Report/Page_/div_Items per page_mat-select-arrow-wrapper_615eef' is clicked on

2023-12-22 16:29:44 - [MESSAGE][INFO] - Unable to find the element located by 'By.xpath: //mat-select[@id='mat-select-2']/div/div[2]'. Please recheck the objects properties to make sure the desired element is located. 

2023-12-22 16:29:44 - [MESSAGE][WARNING] - [SELF-HEALING] Failed to find element with id 'Object Repository/Page_Daily_Buyer_CAC_Report/Page_/div_Items per page_mat-select-arrow-wrapper_615eef'. Try using Self-healing.

2023-12-22 16:29:44 - [MESSAGE][WARNING] - [SELF-HEALING] The current locator of test object 'Object Repository/Page_Daily_Buyer_CAC_Report/Page_/div_Items per page_mat-select-arrow-wrapper_615eef' was broken. Propose an alternative one: '(.//*[normalize-space(text()) and normalize-space(.)='Items per page:'])[3]/following::div[6]'.

2023-12-22 16:29:44 - [MESSAGE][PASSED] - Object: 'Object Repository/Page_Daily_Buyer_CAC_Report/Page_/div_Items per page_mat-select-arrow-wrapper_615eef' is clicked on

2023-12-22 16:29:44 - [TEST_STEP][PASSED] - click(findTestObject("Object Repository/Page_Daily_Buyer_CAC_Report/Page_/span_20")): Object: 'Object Repository/Page_Daily_Buyer_CAC_Report/Page_/span_20' is clicked on

2023-12-22 16:30:16 - [MESSAGE][INFO] - Unable to find the element located by 'By.xpath: //mat-option[@id='mat-option-14']/span'. Please recheck the objects properties to make sure the desired element is located. 

2023-12-22 16:30:16 - [MESSAGE][WARNING] - [SELF-HEALING] Failed to find element with id 'Object Repository/Page_Daily_Buyer_CAC_Report/Page_/span_20'. Try using Self-healing.

2023-12-22 16:30:16 - [MESSAGE][WARNING] - [SELF-HEALING] The current locator of test object 'Object Repository/Page_Daily_Buyer_CAC_Report/Page_/span_20' was broken. Propose an alternative one: '(.//*[normalize-space(text()) and normalize-space(.)='Sort'])[1]/following::span[3]'.

2023-12-22 16:30:16 - [MESSAGE][PASSED] - Object: 'Object Repository/Page_Daily_Buyer_CAC_Report/Page_/span_20' is clicked on

2023-12-22 16:30:16 - [TEST_STEP][PASSED] - click(findTestObject("Object Repository/Page_Daily_Buyer_CAC_Report/Page_/div_Items per page_mat-select-arrow-wrapper_615eef")): Object: 'Object Repository/Page_Daily_Buyer_CAC_Report/Page_/div_Items per page_mat-select-arrow-wrapper_615eef' is clicked on

2023-12-22 16:30:47 - [MESSAGE][INFO] - Unable to find the element located by 'By.xpath: //mat-select[@id='mat-select-2']/div/div[2]'. Please recheck the objects properties to make sure the desired element is located. 

2023-12-22 16:30:47 - [MESSAGE][WARNING] - [SELF-HEALING] Failed to find element with id 'Object Repository/Page_Daily_Buyer_CAC_Report/Page_/div_Items per page_mat-select-arrow-wrapper_615eef'. Try using Self-healing.

2023-12-22 16:30:48 - [MESSAGE][WARNING] - [SELF-HEALING] The current locator of test object 'Object Repository/Page_Daily_Buyer_CAC_Report/Page_/div_Items per page_mat-select-arrow-wrapper_615eef' was broken. Propose an alternative one: '(.//*[normalize-space(text()) and normalize-space(.)='Items per page:'])[3]/following::div[6]'.

2023-12-22 16:30:48 - [MESSAGE][PASSED] - Object: 'Object Repository/Page_Daily_Buyer_CAC_Report/Page_/div_Items per page_mat-select-arrow-wrapper_615eef' is clicked on

2023-12-22 16:30:48 - [TEST_STEP][PASSED] - click(findTestObject("Object Repository/Page_Daily_Buyer_CAC_Report/Page_/span_30")): Object: 'Object Repository/Page_Daily_Buyer_CAC_Report/Page_/span_30' is clicked on

2023-12-22 16:31:19 - [MESSAGE][INFO] - Unable to find the element located by 'By.xpath: //mat-option[@id='mat-option-15']/span'. Please recheck the objects properties to make sure the desired element is located. 

2023-12-22 16:31:19 - [MESSAGE][WARNING] - [SELF-HEALING] Failed to find element with id 'Object Repository/Page_Daily_Buyer_CAC_Report/Page_/span_30'. Try using Self-healing.

2023-12-22 16:31:19 - [MESSAGE][WARNING] - [SELF-HEALING] The current locator of test object 'Object Repository/Page_Daily_Buyer_CAC_Report/Page_/span_30' was broken. Propose an alternative one: '(.//*[normalize-space(text()) and normalize-space(.)='Sort'])[1]/following::span[4]'.

2023-12-22 16:31:19 - [MESSAGE][PASSED] - Object: 'Object Repository/Page_Daily_Buyer_CAC_Report/Page_/span_30' is clicked on

2023-12-22 16:31:19 - [TEST_STEP][PASSED] - callTestCase(findTestCase("Reusable_Functions/Arrow_buttons"), [:], CONTINUE_ON_FAILURE): Call Test Case 'Test Cases/Reusable_Functions/Arrow_buttons' successfully

2023-12-22 16:31:19 - [TEST_CASE][PASSED] - Test Cases/Reusable_Functions/Arrow_buttons: Test Cases/Reusable_Functions/Arrow_buttons

2023-12-22 16:31:19 - [TEST_STEP][PASSED] - verifyElementClickable(findTestObject("Object Repository/Page_Arrow_Buttons/Page_/svg_Items per page_mat-paginator-icon")): Object 'Object Repository/Page_Arrow_Buttons/Page_/svg_Items per page_mat-paginator-icon' is clickable

2023-12-22 16:31:20 - [MESSAGE][PASSED] - Object 'Object Repository/Page_Arrow_Buttons/Page_/svg_Items per page_mat-paginator-icon' is clickable

2023-12-22 16:31:20 - [TEST_STEP][PASSED] - click(findTestObject("Object Repository/Page_Arrow_Buttons/Page_/svg_Items per page_mat-paginator-icon")): Object: 'Object Repository/Page_Arrow_Buttons/Page_/svg_Items per page_mat-paginator-icon' is clicked on

2023-12-22 16:31:20 - [MESSAGE][PASSED] - Object: 'Object Repository/Page_Arrow_Buttons/Page_/svg_Items per page_mat-paginator-icon' is clicked on

2023-12-22 16:31:20 - [TEST_STEP][PASSED] - verifyElementClickable(findTestObject("Object Repository/Page_Arrow_Buttons/Page_/svg_Items per page_mat-paginator-icon_1")): Object 'Object Repository/Page_Arrow_Buttons/Page_/svg_Items per page_mat-paginator-icon_1' is clickable

2023-12-22 16:31:21 - [MESSAGE][PASSED] - Object 'Object Repository/Page_Arrow_Buttons/Page_/svg_Items per page_mat-paginator-icon_1' is clickable

2023-12-22 16:31:21 - [TEST_STEP][PASSED] - click(findTestObject("Object Repository/Page_Arrow_Buttons/Page_/svg_Items per page_mat-paginator-icon_1")): Object: 'Object Repository/Page_Arrow_Buttons/Page_/svg_Items per page_mat-paginator-icon_1' is clicked on

2023-12-22 16:31:21 - [MESSAGE][PASSED] - Object: 'Object Repository/Page_Arrow_Buttons/Page_/svg_Items per page_mat-paginator-icon_1' is clicked on

2023-12-22 16:31:21 - [MESSAGE][INFO] - 

2023-12-22 16:31:21 - [MESSAGE][INFO] - ===================== Self-healing Report ====================

2023-12-22 16:31:21 - [MESSAGE][INFO] - One of the failed test object locators has been recovered by Self-healing. Please refer to the Self-healing Insights tab for more details.

2023-12-22 16:31:21 - [MESSAGE][INFO] - To learn more about Self-healing, please read https://docs.katalon.com/katalon-studio/docs/self-healing.html

2023-12-22 16:31:21 - [MESSAGE][INFO] - ==============================================================

2023-12-22 16:31:21 - [MESSAGE][PASSED] - Call Test Case 'Test Cases/Reusable_Functions/Arrow_buttons' successfully

2023-12-22 16:31:21 - [TEST_STEP][PASSED] - callTestCase(findTestCase("Reusable_Functions/Fullscreen"), [:], CONTINUE_ON_FAILURE): Call Test Case 'Test Cases/Reusable_Functions/Fullscreen' successfully

2023-12-22 16:31:21 - [TEST_CASE][PASSED] - Test Cases/Reusable_Functions/Fullscreen: Test Cases/Reusable_Functions/Fullscreen

2023-12-22 16:31:21 - [TEST_STEP][PASSED] - verifyElementClickable(findTestObject("Object Repository/Page_Fullscreen/Page_/img")): Object 'Object Repository/Page_Fullscreen/Page_/img' is clickable

2023-12-22 16:31:22 - [MESSAGE][PASSED] - Object 'Object Repository/Page_Fullscreen/Page_/img' is clickable

2023-12-22 16:31:22 - [TEST_STEP][PASSED] - click(findTestObject("Object Repository/Page_Fullscreen/Page_/img")): Object: 'Object Repository/Page_Fullscreen/Page_/img' is clicked on

2023-12-22 16:31:22 - [MESSAGE][PASSED] - Object: 'Object Repository/Page_Fullscreen/Page_/img' is clicked on

2023-12-22 16:31:22 - [TEST_STEP][PASSED] - delay(2): Delayed 2 second(s)

2023-12-22 16:31:24 - [MESSAGE][PASSED] - Delayed 2 second(s)

2023-12-22 16:31:24 - [TEST_STEP][PASSED] - executeJavaScript("document.exitFullscreen();", null): Execute JavaScript 'document.exitFullscreen();' successfully

2023-12-22 16:31:24 - [MESSAGE][PASSED] - Execute JavaScript 'document.exitFullscreen();' successfully

2023-12-22 16:31:24 - [TEST_STEP][PASSED] - delay(2): Delayed 2 second(s)

2023-12-22 16:31:26 - [MESSAGE][PASSED] - Delayed 2 second(s)

2023-12-22 16:31:26 - [MESSAGE][INFO] - 

2023-12-22 16:31:26 - [MESSAGE][INFO] - ===================== Self-healing Report ====================

2023-12-22 16:31:26 - [MESSAGE][INFO] - One of the failed test object locators has been recovered by Self-healing. Please refer to the Self-healing Insights tab for more details.

2023-12-22 16:31:26 - [MESSAGE][INFO] - To learn more about Self-healing, please read https://docs.katalon.com/katalon-studio/docs/self-healing.html

2023-12-22 16:31:26 - [MESSAGE][INFO] - ==============================================================

2023-12-22 16:31:26 - [MESSAGE][PASSED] - Call Test Case 'Test Cases/Reusable_Functions/Fullscreen' successfully]]></system-out>
         <system-err><![CDATA[]]></system-err>
      </testcase>
      <testcase name="Test Cases/Campaign/test_camaign_cac_report" time="536.985" classname="Test Cases/Campaign/test_camaign_cac_report" status="PASSED">
         <system-out><![CDATA[2023-12-22 16:31:26 - [TEST_CASE][PASSED] - Test Cases/Campaign/test_camaign_cac_report: Test Cases/Campaign/test_camaign_cac_report

2023-12-22 16:31:27 - [TEST_STEP][PASSED] - verifyElementClickable(findTestObject("Object Repository/Page_Campaign_CAC_Report1/Page_/li_Campaign")): Object 'Object Repository/Page_Campaign_CAC_Report1/Page_/li_Campaign' is clickable

2023-12-22 16:31:27 - [MESSAGE][PASSED] - Object 'Object Repository/Page_Campaign_CAC_Report1/Page_/li_Campaign' is clickable

2023-12-22 16:31:27 - [TEST_STEP][PASSED] - click(findTestObject("Object Repository/Page_Campaign_CAC_Report1/Page_/li_Campaign")): Object: 'Object Repository/Page_Campaign_CAC_Report1/Page_/li_Campaign' is clicked on

2023-12-22 16:31:28 - [MESSAGE][PASSED] - Object: 'Object Repository/Page_Campaign_CAC_Report1/Page_/li_Campaign' is clicked on

2023-12-22 16:31:28 - [TEST_STEP][PASSED] - verifyElementClickable(findTestObject("Object Repository/Page_Campaign_CAC_Report1/Page_/div_Campaign CAC")): Object 'Object Repository/Page_Campaign_CAC_Report1/Page_/div_Campaign CAC' is clickable

2023-12-22 16:31:59 - [MESSAGE][INFO] - Unable to find the element located by 'By.xpath: //div[@id='mat-tab-label-1-0']/div'. Please recheck the objects properties to make sure the desired element is located. 

2023-12-22 16:31:59 - [MESSAGE][WARNING] - [SELF-HEALING] Failed to find element with id 'Object Repository/Page_Campaign_CAC_Report1/Page_/div_Campaign CAC'. Try using Self-healing.

2023-12-22 16:31:59 - [MESSAGE][WARNING] - [SELF-HEALING] The current locator of test object 'Object Repository/Page_Campaign_CAC_Report1/Page_/div_Campaign CAC' was broken. Propose an alternative one: '(.//*[normalize-space(text()) and normalize-space(.)='Campaign'])[1]/following::div[14]'.

2023-12-22 16:32:00 - [MESSAGE][PASSED] - Object 'Object Repository/Page_Campaign_CAC_Report1/Page_/div_Campaign CAC' is clickable

2023-12-22 16:32:00 - [TEST_STEP][PASSED] - click(findTestObject("Object Repository/Page_Campaign_CAC_Report1/Page_/div_Campaign CAC")): Object: 'Object Repository/Page_Campaign_CAC_Report1/Page_/div_Campaign CAC' is clicked on

2023-12-22 16:32:31 - [MESSAGE][INFO] - Unable to find the element located by 'By.xpath: //div[@id='mat-tab-label-1-0']/div'. Please recheck the objects properties to make sure the desired element is located. 

2023-12-22 16:32:31 - [MESSAGE][WARNING] - [SELF-HEALING] Failed to find element with id 'Object Repository/Page_Campaign_CAC_Report1/Page_/div_Campaign CAC'. Try using Self-healing.

2023-12-22 16:32:31 - [MESSAGE][WARNING] - [SELF-HEALING] The current locator of test object 'Object Repository/Page_Campaign_CAC_Report1/Page_/div_Campaign CAC' was broken. Propose an alternative one: '(.//*[normalize-space(text()) and normalize-space(.)='Campaign'])[1]/following::div[14]'.

2023-12-22 16:32:31 - [MESSAGE][PASSED] - Object: 'Object Repository/Page_Campaign_CAC_Report1/Page_/div_Campaign CAC' is clicked on

2023-12-22 16:32:31 - [TEST_STEP][PASSED] - verifyElementClickable(findTestObject("Object Repository/Page_Campaign_CAC_Report1/Page_/svg_Enter a date range_mat-datepicker-toggl_ef015c")): Object 'Object Repository/Page_Campaign_CAC_Report1/Page_/svg_Enter a date range_mat-datepicker-toggl_ef015c' is clickable

2023-12-22 16:32:32 - [MESSAGE][PASSED] - Object 'Object Repository/Page_Campaign_CAC_Report1/Page_/svg_Enter a date range_mat-datepicker-toggl_ef015c' is clickable

2023-12-22 16:32:32 - [TEST_STEP][PASSED] - verifyElementClickable(findTestObject("Object Repository/Page_Campaign_CAC_Report1/Page_/mat-icon_clear")): Object 'Object Repository/Page_Campaign_CAC_Report1/Page_/mat-icon_clear' is clickable

2023-12-22 16:33:03 - [MESSAGE][INFO] - Unable to find the element located by 'By.xpath: //mat-tab-body[@id='mat-tab-content-1-0']/div/app-campaign-cac/div/div/div/app-time-series-filter-panel/div/mat-form-field/div/div/div/mat-icon'. Please recheck the objects properties to make sure the desired element is located. 

2023-12-22 16:33:03 - [MESSAGE][WARNING] - [SELF-HEALING] Failed to find element with id 'Object Repository/Page_Campaign_CAC_Report1/Page_/mat-icon_clear'. Try using Self-healing.

2023-12-22 16:33:04 - [MESSAGE][WARNING] - [SELF-HEALING] The current locator of test object 'Object Repository/Page_Campaign_CAC_Report1/Page_/mat-icon_clear' was broken. Propose an alternative one: '(.//*[normalize-space(text()) and normalize-space(.)='–'])[1]/following::mat-icon[1]'.

2023-12-22 16:33:04 - [MESSAGE][PASSED] - Object 'Object Repository/Page_Campaign_CAC_Report1/Page_/mat-icon_clear' is clickable

2023-12-22 16:33:04 - [TEST_STEP][PASSED] - click(findTestObject("Object Repository/Page_Campaign_CAC_Report1/Page_/svg_Enter a date range_mat-datepicker-toggl_ef015c")): Object: 'Object Repository/Page_Campaign_CAC_Report1/Page_/svg_Enter a date range_mat-datepicker-toggl_ef015c' is clicked on

2023-12-22 16:33:04 - [MESSAGE][PASSED] - Object: 'Object Repository/Page_Campaign_CAC_Report1/Page_/svg_Enter a date range_mat-datepicker-toggl_ef015c' is clicked on

2023-12-22 16:33:04 - [TEST_STEP][PASSED] - verifyElementClickable(findTestObject("Object Repository/Page_Campaign_CAC_Report1/Page_/button_DEC 2023_mat-focus-indicator mat-cal_bd9491")): Object 'Object Repository/Page_Campaign_CAC_Report1/Page_/button_DEC 2023_mat-focus-indicator mat-cal_bd9491' is clickable

2023-12-22 16:33:05 - [MESSAGE][PASSED] - Object 'Object Repository/Page_Campaign_CAC_Report1/Page_/button_DEC 2023_mat-focus-indicator mat-cal_bd9491' is clickable

2023-12-22 16:33:05 - [TEST_STEP][PASSED] - verifyElementClickable(findTestObject("Object Repository/Page_Campaign_CAC_Report1/Page_/button_DEC 2023_mat-focus-indicator mat-cal_bd9491")): Object 'Object Repository/Page_Campaign_CAC_Report1/Page_/button_DEC 2023_mat-focus-indicator mat-cal_bd9491' is clickable

2023-12-22 16:33:05 - [MESSAGE][PASSED] - Object 'Object Repository/Page_Campaign_CAC_Report1/Page_/button_DEC 2023_mat-focus-indicator mat-cal_bd9491' is clickable

2023-12-22 16:33:05 - [TEST_STEP][PASSED] - click(findTestObject("Object Repository/Page_Campaign_CAC_Report1/Page_/button_DEC 2023_mat-focus-indicator mat-cal_bd9491")): Object: 'Object Repository/Page_Campaign_CAC_Report1/Page_/button_DEC 2023_mat-focus-indicator mat-cal_bd9491' is clicked on

2023-12-22 16:33:06 - [MESSAGE][PASSED] - Object: 'Object Repository/Page_Campaign_CAC_Report1/Page_/button_DEC 2023_mat-focus-indicator mat-cal_bd9491' is clicked on

2023-12-22 16:33:06 - [TEST_STEP][PASSED] - click(findTestObject("Object Repository/Page_Campaign_CAC_Report1/Page_/button_DEC 2023_mat-focus-indicator mat-cal_bd9491")): Object: 'Object Repository/Page_Campaign_CAC_Report1/Page_/button_DEC 2023_mat-focus-indicator mat-cal_bd9491' is clicked on

2023-12-22 16:33:07 - [MESSAGE][PASSED] - Object: 'Object Repository/Page_Campaign_CAC_Report1/Page_/button_DEC 2023_mat-focus-indicator mat-cal_bd9491' is clicked on

2023-12-22 16:33:07 - [TEST_STEP][PASSED] - click(findTestObject("Object Repository/Page_Campaign_CAC_Report1/Page_/div_1")): Object: 'Object Repository/Page_Campaign_CAC_Report1/Page_/div_1' is clicked on

2023-12-22 16:33:38 - [MESSAGE][INFO] - Unable to find the element located by 'By.xpath: //mat-calendar[@id='mat-datepicker-1']/div/mat-month-view/table/tbody/tr[2]/td/button/div'. Please recheck the objects properties to make sure the desired element is located. 

2023-12-22 16:33:38 - [MESSAGE][WARNING] - [SELF-HEALING] Failed to find element with id 'Object Repository/Page_Campaign_CAC_Report1/Page_/div_1'. Try using Self-healing.

2023-12-22 16:33:39 - [MESSAGE][WARNING] - [SELF-HEALING] The current locator of test object 'Object Repository/Page_Campaign_CAC_Report1/Page_/div_1' was broken. Propose an alternative one: '(.//*[normalize-space(text()) and normalize-space(.)='Saturday'])[1]/following::div[1]'.

2023-12-22 16:33:39 - [MESSAGE][PASSED] - Object: 'Object Repository/Page_Campaign_CAC_Report1/Page_/div_1' is clicked on

2023-12-22 16:33:39 - [TEST_STEP][PASSED] - click(findTestObject("Object Repository/Page_Campaign_CAC_Report1/Page_/div_31")): Object: 'Object Repository/Page_Campaign_CAC_Report1/Page_/div_31' is clicked on

2023-12-22 16:34:10 - [MESSAGE][INFO] - Unable to find the element located by 'By.xpath: //mat-calendar[@id='mat-datepicker-1']/div/mat-month-view/table/tbody/tr[6]/td[3]/button/div'. Please recheck the objects properties to make sure the desired element is located. 

2023-12-22 16:34:10 - [MESSAGE][WARNING] - [SELF-HEALING] Failed to find element with id 'Object Repository/Page_Campaign_CAC_Report1/Page_/div_31'. Try using Self-healing.

2023-12-22 16:34:10 - [MESSAGE][WARNING] - [SELF-HEALING] The current locator of test object 'Object Repository/Page_Campaign_CAC_Report1/Page_/div_31' was broken. Propose an alternative one: '(.//*[normalize-space(text()) and normalize-space(.)='Saturday'])[1]/following::div[61]'.

2023-12-22 16:34:10 - [MESSAGE][PASSED] - Object: 'Object Repository/Page_Campaign_CAC_Report1/Page_/div_31' is clicked on

2023-12-22 16:34:10 - [TEST_STEP][PASSED] - verifyElementText(findTestObject("Object Repository/Page_Campaign_CAC_Report1/Page_/div_Select Channel"), "Select Channel"): Actual text and expected text of test object 'Object Repository/Page_Campaign_CAC_Report1/Page_/div_Select Channel' are matched.

2023-12-22 16:34:12 - [MESSAGE][PASSED] - Actual text and expected text of test object 'Object Repository/Page_Campaign_CAC_Report1/Page_/div_Select Channel' are matched.

2023-12-22 16:34:12 - [TEST_STEP][PASSED] - verifyElementClickable(findTestObject("Object Repository/Page_Campaign_CAC_Report1/Page_/span_Google Ads_ng-arrow-wrapper")): Object 'Object Repository/Page_Campaign_CAC_Report1/Page_/span_Google Ads_ng-arrow-wrapper' is clickable

2023-12-22 16:34:12 - [MESSAGE][PASSED] - Object 'Object Repository/Page_Campaign_CAC_Report1/Page_/span_Google Ads_ng-arrow-wrapper' is clickable

2023-12-22 16:34:12 - [TEST_STEP][PASSED] - click(findTestObject("Object Repository/Page_Campaign_CAC_Report1/Page_/span_Google Ads_ng-arrow-wrapper")): Object: 'Object Repository/Page_Campaign_CAC_Report1/Page_/span_Google Ads_ng-arrow-wrapper' is clicked on

2023-12-22 16:34:13 - [MESSAGE][PASSED] - Object: 'Object Repository/Page_Campaign_CAC_Report1/Page_/span_Google Ads_ng-arrow-wrapper' is clicked on

2023-12-22 16:34:13 - [TEST_STEP][PASSED] - click(findTestObject("Object Repository/Page_Campaign_CAC_Report1/Page_/span_Google Ads_ng-arrow-wrapper")): Object: 'Object Repository/Page_Campaign_CAC_Report1/Page_/span_Google Ads_ng-arrow-wrapper' is clicked on

2023-12-22 16:34:13 - [MESSAGE][PASSED] - Object: 'Object Repository/Page_Campaign_CAC_Report1/Page_/span_Google Ads_ng-arrow-wrapper' is clicked on

2023-12-22 16:34:13 - [TEST_STEP][PASSED] - verifyElementText(findTestObject("Object Repository/Page_Campaign_CAC_Report1/Page_/div_Select Businessline"), "Select Businessline"): Actual text and expected text of test object 'Object Repository/Page_Campaign_CAC_Report1/Page_/div_Select Businessline' are matched.

2023-12-22 16:34:14 - [MESSAGE][PASSED] - Actual text and expected text of test object 'Object Repository/Page_Campaign_CAC_Report1/Page_/div_Select Businessline' are matched.

2023-12-22 16:34:14 - [TEST_STEP][PASSED] - verifyElementClickable(findTestObject("Object Repository/Page_Campaign_CAC_Report1/Page_/span_Buyer_ng-arrow-wrapper")): Object 'Object Repository/Page_Campaign_CAC_Report1/Page_/span_Buyer_ng-arrow-wrapper' is clickable

2023-12-22 16:34:14 - [MESSAGE][PASSED] - Object 'Object Repository/Page_Campaign_CAC_Report1/Page_/span_Buyer_ng-arrow-wrapper' is clickable

2023-12-22 16:34:14 - [TEST_STEP][PASSED] - click(findTestObject("Object Repository/Page_Campaign_CAC_Report1/Page_/span_Buyer_ng-arrow-wrapper")): Object: 'Object Repository/Page_Campaign_CAC_Report1/Page_/span_Buyer_ng-arrow-wrapper' is clicked on

2023-12-22 16:34:14 - [MESSAGE][PASSED] - Object: 'Object Repository/Page_Campaign_CAC_Report1/Page_/span_Buyer_ng-arrow-wrapper' is clicked on

2023-12-22 16:34:14 - [TEST_STEP][PASSED] - click(findTestObject("Object Repository/Page_Campaign_CAC_Report1/Page_/span_Buyer_ng-arrow-wrapper")): Object: 'Object Repository/Page_Campaign_CAC_Report1/Page_/span_Buyer_ng-arrow-wrapper' is clicked on

2023-12-22 16:34:15 - [MESSAGE][PASSED] - Object: 'Object Repository/Page_Campaign_CAC_Report1/Page_/span_Buyer_ng-arrow-wrapper' is clicked on

2023-12-22 16:34:15 - [TEST_STEP][PASSED] - verifyElementText(findTestObject("Object Repository/Page_Campaign_CAC_Report1/Page_/div_Select Campaign Status"), "Select Campaign Status"): Actual text and expected text of test object 'Object Repository/Page_Campaign_CAC_Report1/Page_/div_Select Campaign Status' are matched.

2023-12-22 16:34:16 - [MESSAGE][PASSED] - Actual text and expected text of test object 'Object Repository/Page_Campaign_CAC_Report1/Page_/div_Select Campaign Status' are matched.

2023-12-22 16:34:16 - [TEST_STEP][PASSED] - verifyElementClickable(findTestObject("Object Repository/Page_Campaign_CAC_Report1/Page_/span_ENABLED_ng-arrow-wrapper")): Object 'Object Repository/Page_Campaign_CAC_Report1/Page_/span_ENABLED_ng-arrow-wrapper' is clickable

2023-12-22 16:34:16 - [MESSAGE][PASSED] - Object 'Object Repository/Page_Campaign_CAC_Report1/Page_/span_ENABLED_ng-arrow-wrapper' is clickable

2023-12-22 16:34:16 - [TEST_STEP][PASSED] - click(findTestObject("Object Repository/Page_Campaign_CAC_Report1/Page_/span_ENABLED_ng-arrow-wrapper")): Object: 'Object Repository/Page_Campaign_CAC_Report1/Page_/span_ENABLED_ng-arrow-wrapper' is clicked on

2023-12-22 16:34:16 - [MESSAGE][PASSED] - Object: 'Object Repository/Page_Campaign_CAC_Report1/Page_/span_ENABLED_ng-arrow-wrapper' is clicked on

2023-12-22 16:34:16 - [TEST_STEP][PASSED] - click(findTestObject("Object Repository/Page_Campaign_CAC_Report1/Page_/span_ENABLED_ng-arrow-wrapper")): Object: 'Object Repository/Page_Campaign_CAC_Report1/Page_/span_ENABLED_ng-arrow-wrapper' is clicked on

2023-12-22 16:34:17 - [MESSAGE][PASSED] - Object: 'Object Repository/Page_Campaign_CAC_Report1/Page_/span_ENABLED_ng-arrow-wrapper' is clicked on

2023-12-22 16:34:17 - [TEST_STEP][PASSED] - verifyElementText(findTestObject("Object Repository/Page_Campaign_CAC_Report1/Page_/input_text"), ""): Actual text and expected text of test object 'Object Repository/Page_Campaign_CAC_Report1/Page_/input_text' are matched.

2023-12-22 16:34:17 - [MESSAGE][PASSED] - Actual text and expected text of test object 'Object Repository/Page_Campaign_CAC_Report1/Page_/input_text' are matched.

2023-12-22 16:34:17 - [TEST_STEP][PASSED] - verifyElementClickable(findTestObject("Object Repository/Page_Campaign_CAC_Report1/Page_/span_Select Campaign Name_ng-arrow-wrapper")): Object 'Object Repository/Page_Campaign_CAC_Report1/Page_/span_Select Campaign Name_ng-arrow-wrapper' is clickable

2023-12-22 16:34:49 - [MESSAGE][INFO] - Unable to find the element located by 'By.xpath: //mat-tab-body[@id='mat-tab-content-1-0']/div/app-campaign-cac/div/div/div[2]/app-filter-panel/div/div/div/div/div[4]/ng-select/div/span'. Please recheck the objects properties to make sure the desired element is located. 

2023-12-22 16:34:49 - [MESSAGE][WARNING] - [SELF-HEALING] Failed to find element with id 'Object Repository/Page_Campaign_CAC_Report1/Page_/span_Select Campaign Name_ng-arrow-wrapper'. Try using Self-healing.

2023-12-22 16:34:49 - [MESSAGE][INFO] - [SELF-HEALING] Failed Locator: '//mat-tab-body[@id='mat-tab-content-1-0']/div/app-campaign-cac/div/div/div[2]/app-filter-panel/div/div/div/div/div[4]/ng-select/div/span'.

2023-12-22 16:34:49 - [MESSAGE][INFO] - [SELF-HEALING] Working Locator: '(.//*[normalize-space(text()) and normalize-space(.)='Select Campaign Name'])[1]/following::span[1]'.

2023-12-22 16:34:50 - [MESSAGE][INFO] - [SELF-HEALING] Screenshot: C:/Users/Pavitra I R/Katalon Studio/Admetrics/Reports/Self-healing/Object Repository/Page_Campaign_CAC_Report1/Page_/span_Select Campaign Name_ng-arrow-wrapper_neighbor.png

2023-12-22 16:34:50 - [MESSAGE][WARNING] - [SELF-HEALING] The current locator of test object 'Object Repository/Page_Campaign_CAC_Report1/Page_/span_Select Campaign Name_ng-arrow-wrapper' was broken. Propose an alternative one: '(.//*[normalize-space(text()) and normalize-space(.)='Select Campaign Name'])[1]/following::span[1]'.

2023-12-22 16:34:50 - [MESSAGE][PASSED] - Object 'Object Repository/Page_Campaign_CAC_Report1/Page_/span_Select Campaign Name_ng-arrow-wrapper' is clickable

2023-12-22 16:34:50 - [TEST_STEP][PASSED] - click(findTestObject("Object Repository/Page_Campaign_CAC_Report1/Page_/span_Select Campaign Name_ng-arrow-wrapper_1")): Object: 'Object Repository/Page_Campaign_CAC_Report1/Page_/span_Select Campaign Name_ng-arrow-wrapper_1' is clicked on

2023-12-22 16:35:21 - [MESSAGE][INFO] - Unable to find the element located by 'By.xpath: //mat-tab-body[@id='mat-tab-content-1-0']/div/app-campaign-cac/div/div/div[2]/app-filter-panel/div/div/div/div/div[4]/ng-select/div/span'. Please recheck the objects properties to make sure the desired element is located. 

2023-12-22 16:35:21 - [MESSAGE][WARNING] - [SELF-HEALING] Failed to find element with id 'Object Repository/Page_Campaign_CAC_Report1/Page_/span_Select Campaign Name_ng-arrow-wrapper_1'. Try using Self-healing.

2023-12-22 16:35:21 - [MESSAGE][INFO] - [SELF-HEALING] Failed Locator: '//mat-tab-body[@id='mat-tab-content-1-0']/div/app-campaign-cac/div/div/div[2]/app-filter-panel/div/div/div/div/div[4]/ng-select/div/span'.

2023-12-22 16:35:22 - [MESSAGE][INFO] - [SELF-HEALING] Working Locator: '(.//*[normalize-space(text()) and normalize-space(.)='Select Campaign Name'])[1]/following::span[1]'.

2023-12-22 16:35:22 - [MESSAGE][INFO] - [SELF-HEALING] Screenshot: C:/Users/Pavitra I R/Katalon Studio/Admetrics/Reports/Self-healing/Object Repository/Page_Campaign_CAC_Report1/Page_/span_Select Campaign Name_ng-arrow-wrapper_1_neighbor.png

2023-12-22 16:35:22 - [MESSAGE][WARNING] - [SELF-HEALING] The current locator of test object 'Object Repository/Page_Campaign_CAC_Report1/Page_/span_Select Campaign Name_ng-arrow-wrapper_1' was broken. Propose an alternative one: '(.//*[normalize-space(text()) and normalize-space(.)='Select Campaign Name'])[1]/following::span[1]'.

2023-12-22 16:35:22 - [MESSAGE][PASSED] - Object: 'Object Repository/Page_Campaign_CAC_Report1/Page_/span_Select Campaign Name_ng-arrow-wrapper_1' is clicked on

2023-12-22 16:35:22 - [TEST_STEP][PASSED] - click(findTestObject("Object Repository/Page_Campaign_CAC_Report1/Page_/span_Select Campaign Name_ng-arrow-wrapper_1_2")): Object: 'Object Repository/Page_Campaign_CAC_Report1/Page_/span_Select Campaign Name_ng-arrow-wrapper_1_2' is clicked on

2023-12-22 16:35:53 - [MESSAGE][INFO] - Unable to find the element located by 'By.xpath: //mat-tab-body[@id='mat-tab-content-1-0']/div/app-campaign-cac/div/div/div[2]/app-filter-panel/div/div/div/div/div[4]/ng-select/div/span'. Please recheck the objects properties to make sure the desired element is located. 

2023-12-22 16:35:53 - [MESSAGE][WARNING] - [SELF-HEALING] Failed to find element with id 'Object Repository/Page_Campaign_CAC_Report1/Page_/span_Select Campaign Name_ng-arrow-wrapper_1_2'. Try using Self-healing.

2023-12-22 16:35:53 - [MESSAGE][INFO] - [SELF-HEALING] Failed Locator: '//mat-tab-body[@id='mat-tab-content-1-0']/div/app-campaign-cac/div/div/div[2]/app-filter-panel/div/div/div/div/div[4]/ng-select/div/span'.

2023-12-22 16:35:54 - [MESSAGE][INFO] - [SELF-HEALING] Working Locator: '(.//*[normalize-space(text()) and normalize-space(.)='Select Campaign Name'])[1]/following::span[1]'.

2023-12-22 16:35:54 - [MESSAGE][INFO] - [SELF-HEALING] Screenshot: C:/Users/Pavitra I R/Katalon Studio/Admetrics/Reports/Self-healing/Object Repository/Page_Campaign_CAC_Report1/Page_/span_Select Campaign Name_ng-arrow-wrapper_1_2_neighbor.png

2023-12-22 16:35:54 - [MESSAGE][WARNING] - [SELF-HEALING] The current locator of test object 'Object Repository/Page_Campaign_CAC_Report1/Page_/span_Select Campaign Name_ng-arrow-wrapper_1_2' was broken. Propose an alternative one: '(.//*[normalize-space(text()) and normalize-space(.)='Select Campaign Name'])[1]/following::span[1]'.

2023-12-22 16:35:54 - [MESSAGE][PASSED] - Object: 'Object Repository/Page_Campaign_CAC_Report1/Page_/span_Select Campaign Name_ng-arrow-wrapper_1_2' is clicked on

2023-12-22 16:35:54 - [TEST_STEP][PASSED] - verifyElementText(findTestObject("Object Repository/Page_Campaign_CAC_Report1/Page_/h2_Campaign CAC"), "Campaign CAC"): Actual text and expected text of test object 'Object Repository/Page_Campaign_CAC_Report1/Page_/h2_Campaign CAC' are matched.

2023-12-22 16:35:54 - [MESSAGE][PASSED] - Actual text and expected text of test object 'Object Repository/Page_Campaign_CAC_Report1/Page_/h2_Campaign CAC' are matched.

2023-12-22 16:35:54 - [TEST_STEP][PASSED] - verifyElementText(findTestObject("Object Repository/Page_Campaign_CAC_Report1/Page_/div_Date"), "Date"): Actual text and expected text of test object 'Object Repository/Page_Campaign_CAC_Report1/Page_/div_Date' are matched.

2023-12-22 16:35:55 - [MESSAGE][PASSED] - Actual text and expected text of test object 'Object Repository/Page_Campaign_CAC_Report1/Page_/div_Date' are matched.

2023-12-22 16:35:55 - [TEST_STEP][PASSED] - verifyElementClickable(findTestObject("Object Repository/Page_Campaign_CAC_Report1/Page_/div_Date_mat-sort-header-arrow ng-trigger n_0c7fb0")): Object 'Object Repository/Page_Campaign_CAC_Report1/Page_/div_Date_mat-sort-header-arrow ng-trigger n_0c7fb0' is clickable

2023-12-22 16:35:55 - [MESSAGE][PASSED] - Object 'Object Repository/Page_Campaign_CAC_Report1/Page_/div_Date_mat-sort-header-arrow ng-trigger n_0c7fb0' is clickable

2023-12-22 16:35:55 - [TEST_STEP][PASSED] - click(findTestObject("Object Repository/Page_Campaign_CAC_Report1/Page_/div_Date_mat-sort-header-arrow ng-trigger n_e54b1f")): Object: 'Object Repository/Page_Campaign_CAC_Report1/Page_/div_Date_mat-sort-header-arrow ng-trigger n_e54b1f' is clicked on

2023-12-22 16:35:56 - [MESSAGE][PASSED] - Object: 'Object Repository/Page_Campaign_CAC_Report1/Page_/div_Date_mat-sort-header-arrow ng-trigger n_e54b1f' is clicked on

2023-12-22 16:35:56 - [TEST_STEP][PASSED] - verifyElementText(findTestObject("Object Repository/Page_Campaign_CAC_Report1/Page_/div_Campaign Name"), "Campaign Name"): Actual text and expected text of test object 'Object Repository/Page_Campaign_CAC_Report1/Page_/div_Campaign Name' are matched.

2023-12-22 16:35:56 - [MESSAGE][PASSED] - Actual text and expected text of test object 'Object Repository/Page_Campaign_CAC_Report1/Page_/div_Campaign Name' are matched.

2023-12-22 16:35:56 - [TEST_STEP][PASSED] - verifyElementClickable(findTestObject("Object Repository/Page_Campaign_CAC_Report1/Page_/div_Campaign Name_mat-sort-header-pointer-r_b7128a_1")): Object 'Object Repository/Page_Campaign_CAC_Report1/Page_/div_Campaign Name_mat-sort-header-pointer-r_b7128a_1' is clickable

2023-12-22 16:35:56 - [MESSAGE][PASSED] - Object 'Object Repository/Page_Campaign_CAC_Report1/Page_/div_Campaign Name_mat-sort-header-pointer-r_b7128a_1' is clickable

2023-12-22 16:35:56 - [TEST_STEP][PASSED] - click(findTestObject("Object Repository/Page_Campaign_CAC_Report1/Page_/div_Campaign Name_mat-sort-header-stem ng-t_af6e04")): Object: 'Object Repository/Page_Campaign_CAC_Report1/Page_/div_Campaign Name_mat-sort-header-stem ng-t_af6e04' is clicked on

2023-12-22 16:35:57 - [MESSAGE][PASSED] - Object: 'Object Repository/Page_Campaign_CAC_Report1/Page_/div_Campaign Name_mat-sort-header-stem ng-t_af6e04' is clicked on

2023-12-22 16:35:57 - [TEST_STEP][PASSED] - verifyElementText(findTestObject("Object Repository/Page_Campaign_CAC_Report1/Page_/div_Campaign Spend"), "Campaign Spend"): Actual text and expected text of test object 'Object Repository/Page_Campaign_CAC_Report1/Page_/div_Campaign Spend' are matched.

2023-12-22 16:35:57 - [MESSAGE][PASSED] - Actual text and expected text of test object 'Object Repository/Page_Campaign_CAC_Report1/Page_/div_Campaign Spend' are matched.

2023-12-22 16:35:57 - [TEST_STEP][PASSED] - verifyElementClickable(findTestObject("Object Repository/Page_Campaign_CAC_Report1/Page_/div_Campaign Spend_mat-sort-header-arrow ng_2e20a7")): Object 'Object Repository/Page_Campaign_CAC_Report1/Page_/div_Campaign Spend_mat-sort-header-arrow ng_2e20a7' is clickable

2023-12-22 16:35:58 - [MESSAGE][PASSED] - Object 'Object Repository/Page_Campaign_CAC_Report1/Page_/div_Campaign Spend_mat-sort-header-arrow ng_2e20a7' is clickable

2023-12-22 16:35:58 - [TEST_STEP][PASSED] - click(findTestObject("Object Repository/Page_Campaign_CAC_Report1/Page_/div_Campaign Spend_mat-sort-header-stem ng-_0cf940")): Object: 'Object Repository/Page_Campaign_CAC_Report1/Page_/div_Campaign Spend_mat-sort-header-stem ng-_0cf940' is clicked on

2023-12-22 16:35:58 - [MESSAGE][PASSED] - Object: 'Object Repository/Page_Campaign_CAC_Report1/Page_/div_Campaign Spend_mat-sort-header-stem ng-_0cf940' is clicked on

2023-12-22 16:35:58 - [TEST_STEP][PASSED] - verifyElementText(findTestObject("Object Repository/Page_Campaign_CAC_Report1/Page_/div_No Conversion"), "No Conversion"): Actual text and expected text of test object 'Object Repository/Page_Campaign_CAC_Report1/Page_/div_No Conversion' are matched.

2023-12-22 16:35:59 - [MESSAGE][PASSED] - Actual text and expected text of test object 'Object Repository/Page_Campaign_CAC_Report1/Page_/div_No Conversion' are matched.

2023-12-22 16:35:59 - [TEST_STEP][PASSED] - verifyElementClickable(findTestObject("Object Repository/Page_Campaign_CAC_Report1/Page_/div_No Conversion_mat-sort-header-arrow ng-_4616e3")): Object 'Object Repository/Page_Campaign_CAC_Report1/Page_/div_No Conversion_mat-sort-header-arrow ng-_4616e3' is clickable

2023-12-22 16:35:59 - [MESSAGE][PASSED] - Object 'Object Repository/Page_Campaign_CAC_Report1/Page_/div_No Conversion_mat-sort-header-arrow ng-_4616e3' is clickable

2023-12-22 16:35:59 - [TEST_STEP][PASSED] - click(findTestObject("Object Repository/Page_Campaign_CAC_Report1/Page_/div_No Conversion_mat-sort-header-arrow ng-_4616e3")): Object: 'Object Repository/Page_Campaign_CAC_Report1/Page_/div_No Conversion_mat-sort-header-arrow ng-_4616e3' is clicked on

2023-12-22 16:35:59 - [MESSAGE][PASSED] - Object: 'Object Repository/Page_Campaign_CAC_Report1/Page_/div_No Conversion_mat-sort-header-arrow ng-_4616e3' is clicked on

2023-12-22 16:35:59 - [TEST_STEP][PASSED] - verifyElementText(findTestObject("Object Repository/Page_Campaign_CAC_Report1/Page_/div_Campaign CAC"), "Campaign CAC"): Actual text and expected text of test object 'Object Repository/Page_Campaign_CAC_Report1/Page_/div_Campaign CAC' are matched.

2023-12-22 16:36:31 - [MESSAGE][INFO] - Unable to find the element located by 'By.xpath: //div[@id='mat-tab-label-1-0']/div'. Please recheck the objects properties to make sure the desired element is located. 

2023-12-22 16:36:31 - [MESSAGE][WARNING] - [SELF-HEALING] Failed to find element with id 'Object Repository/Page_Campaign_CAC_Report1/Page_/div_Campaign CAC'. Try using Self-healing.

2023-12-22 16:36:31 - [MESSAGE][WARNING] - [SELF-HEALING] The current locator of test object 'Object Repository/Page_Campaign_CAC_Report1/Page_/div_Campaign CAC' was broken. Propose an alternative one: '(.//*[normalize-space(text()) and normalize-space(.)='Campaign'])[1]/following::div[14]'.

2023-12-22 16:36:31 - [MESSAGE][PASSED] - Actual text and expected text of test object 'Object Repository/Page_Campaign_CAC_Report1/Page_/div_Campaign CAC' are matched.

2023-12-22 16:36:31 - [TEST_STEP][PASSED] - verifyElementClickable(findTestObject("Object Repository/Page_Campaign_CAC_Report1/Page_/div_Campaign CAC_mat-sort-header-stem ng-tn_de3c71_1")): Object 'Object Repository/Page_Campaign_CAC_Report1/Page_/div_Campaign CAC_mat-sort-header-stem ng-tn_de3c71_1' is clickable

2023-12-22 16:36:32 - [MESSAGE][PASSED] - Object 'Object Repository/Page_Campaign_CAC_Report1/Page_/div_Campaign CAC_mat-sort-header-stem ng-tn_de3c71_1' is clickable

2023-12-22 16:36:32 - [TEST_STEP][PASSED] - click(findTestObject("Object Repository/Page_Campaign_CAC_Report1/Page_/div_Campaign CAC_mat-sort-header-arrow ng-t_da4635")): Object: 'Object Repository/Page_Campaign_CAC_Report1/Page_/div_Campaign CAC_mat-sort-header-arrow ng-t_da4635' is clicked on

2023-12-22 16:36:32 - [MESSAGE][PASSED] - Object: 'Object Repository/Page_Campaign_CAC_Report1/Page_/div_Campaign CAC_mat-sort-header-arrow ng-t_da4635' is clicked on

2023-12-22 16:36:32 - [TEST_STEP][PASSED] - verifyElementText(findTestObject("Object Repository/Page_Campaign_CAC_Report1/Page_/div_Items per page"), "Items per page:"): Actual text and expected text of test object 'Object Repository/Page_Campaign_CAC_Report1/Page_/div_Items per page' are matched.

2023-12-22 16:36:33 - [MESSAGE][PASSED] - Actual text and expected text of test object 'Object Repository/Page_Campaign_CAC_Report1/Page_/div_Items per page' are matched.

2023-12-22 16:36:33 - [TEST_STEP][PASSED] - verifyElementClickable(findTestObject("Object Repository/Page_Campaign_CAC_Report1/Page_/div_Items per page_mat-select-arrow ng-tns-c110-10")): Object 'Object Repository/Page_Campaign_CAC_Report1/Page_/div_Items per page_mat-select-arrow ng-tns-c110-10' is clickable

2023-12-22 16:37:04 - [MESSAGE][INFO] - Unable to find the element located by 'By.xpath: //mat-select[@id='mat-select-0']/div/div[2]/div'. Please recheck the objects properties to make sure the desired element is located. 

2023-12-22 16:37:04 - [MESSAGE][WARNING] - [SELF-HEALING] Failed to find element with id 'Object Repository/Page_Campaign_CAC_Report1/Page_/div_Items per page_mat-select-arrow ng-tns-c110-10'. Try using Self-healing.

2023-12-22 16:37:04 - [MESSAGE][INFO] - [SELF-HEALING] Failed Locator: '//mat-select[@id='mat-select-0']/div/div[2]/div'.

2023-12-22 16:37:04 - [MESSAGE][INFO] - [SELF-HEALING] Working Locator: '//mat-select/div/div[2]/div'.

2023-12-22 16:37:04 - [MESSAGE][INFO] - [SELF-HEALING] Screenshot: C:/Users/Pavitra I R/Katalon Studio/Admetrics/Reports/Self-healing/Object Repository/Page_Campaign_CAC_Report1/Page_/div_Items per page_mat-select-arrow ng-tns-c110-10_position.png

2023-12-22 16:37:04 - [MESSAGE][WARNING] - [SELF-HEALING] The current locator of test object 'Object Repository/Page_Campaign_CAC_Report1/Page_/div_Items per page_mat-select-arrow ng-tns-c110-10' was broken. Propose an alternative one: '//mat-select/div/div[2]/div'.

2023-12-22 16:37:04 - [MESSAGE][PASSED] - Object 'Object Repository/Page_Campaign_CAC_Report1/Page_/div_Items per page_mat-select-arrow ng-tns-c110-10' is clickable

2023-12-22 16:37:04 - [TEST_STEP][PASSED] - click(findTestObject("Object Repository/Page_Campaign_CAC_Report1/Page_/div_Items per page_mat-select-arrow-wrapper_b66081")): Object: 'Object Repository/Page_Campaign_CAC_Report1/Page_/div_Items per page_mat-select-arrow-wrapper_b66081' is clicked on

2023-12-22 16:37:36 - [MESSAGE][INFO] - Unable to find the element located by 'By.xpath: //mat-select[@id='mat-select-0']/div/div[2]'. Please recheck the objects properties to make sure the desired element is located. 

2023-12-22 16:37:36 - [MESSAGE][WARNING] - [SELF-HEALING] Failed to find element with id 'Object Repository/Page_Campaign_CAC_Report1/Page_/div_Items per page_mat-select-arrow-wrapper_b66081'. Try using Self-healing.

2023-12-22 16:37:36 - [MESSAGE][INFO] - [SELF-HEALING] Failed Locator: '//mat-select[@id='mat-select-0']/div/div[2]'.

2023-12-22 16:37:36 - [MESSAGE][INFO] - [SELF-HEALING] Working Locator: '(.//*[normalize-space(text()) and normalize-space(.)='Items per page:'])[1]/following::div[6]'.

2023-12-22 16:37:36 - [MESSAGE][INFO] - [SELF-HEALING] Screenshot: C:/Users/Pavitra I R/Katalon Studio/Admetrics/Reports/Self-healing/Object Repository/Page_Campaign_CAC_Report1/Page_/div_Items per page_mat-select-arrow-wrapper_b66081_neighbor.png

2023-12-22 16:37:36 - [MESSAGE][WARNING] - [SELF-HEALING] The current locator of test object 'Object Repository/Page_Campaign_CAC_Report1/Page_/div_Items per page_mat-select-arrow-wrapper_b66081' was broken. Propose an alternative one: '(.//*[normalize-space(text()) and normalize-space(.)='Items per page:'])[1]/following::div[6]'.

2023-12-22 16:37:36 - [MESSAGE][PASSED] - Object: 'Object Repository/Page_Campaign_CAC_Report1/Page_/div_Items per page_mat-select-arrow-wrapper_b66081' is clicked on

2023-12-22 16:37:36 - [TEST_STEP][PASSED] - click(findTestObject("Object Repository/Page_Campaign_CAC_Report1/Page_/span_10")): Object: 'Object Repository/Page_Campaign_CAC_Report1/Page_/span_10' is clicked on

2023-12-22 16:38:08 - [MESSAGE][INFO] - Unable to find the element located by 'By.xpath: //mat-option[@id='mat-option-1']/span'. Please recheck the objects properties to make sure the desired element is located. 

2023-12-22 16:38:08 - [MESSAGE][WARNING] - [SELF-HEALING] Failed to find element with id 'Object Repository/Page_Campaign_CAC_Report1/Page_/span_10'. Try using Self-healing.

2023-12-22 16:38:08 - [MESSAGE][INFO] - [SELF-HEALING] Failed Locator: '//mat-option[@id='mat-option-1']/span'.

2023-12-22 16:38:08 - [MESSAGE][INFO] - [SELF-HEALING] Working Locator: '(.//*[normalize-space(text()) and normalize-space(.)='Sort'])[1]/following::span[2]'.

2023-12-22 16:38:08 - [MESSAGE][INFO] - [SELF-HEALING] Screenshot: C:/Users/Pavitra I R/Katalon Studio/Admetrics/Reports/Self-healing/Object Repository/Page_Campaign_CAC_Report1/Page_/span_10_neighbor.png

2023-12-22 16:38:08 - [MESSAGE][WARNING] - [SELF-HEALING] The current locator of test object 'Object Repository/Page_Campaign_CAC_Report1/Page_/span_10' was broken. Propose an alternative one: '(.//*[normalize-space(text()) and normalize-space(.)='Sort'])[1]/following::span[2]'.

2023-12-22 16:38:08 - [MESSAGE][PASSED] - Object: 'Object Repository/Page_Campaign_CAC_Report1/Page_/span_10' is clicked on

2023-12-22 16:38:08 - [TEST_STEP][PASSED] - click(findTestObject("Object Repository/Page_Campaign_CAC_Report1/Page_/div_Items per page_mat-select-arrow-wrapper_b66081")): Object: 'Object Repository/Page_Campaign_CAC_Report1/Page_/div_Items per page_mat-select-arrow-wrapper_b66081' is clicked on

2023-12-22 16:38:40 - [MESSAGE][INFO] - Unable to find the element located by 'By.xpath: //mat-select[@id='mat-select-0']/div/div[2]'. Please recheck the objects properties to make sure the desired element is located. 

2023-12-22 16:38:40 - [MESSAGE][WARNING] - [SELF-HEALING] Failed to find element with id 'Object Repository/Page_Campaign_CAC_Report1/Page_/div_Items per page_mat-select-arrow-wrapper_b66081'. Try using Self-healing.

2023-12-22 16:38:40 - [MESSAGE][WARNING] - [SELF-HEALING] The current locator of test object 'Object Repository/Page_Campaign_CAC_Report1/Page_/div_Items per page_mat-select-arrow-wrapper_b66081' was broken. Propose an alternative one: '(.//*[normalize-space(text()) and normalize-space(.)='Items per page:'])[1]/following::div[6]'.

2023-12-22 16:38:40 - [MESSAGE][PASSED] - Object: 'Object Repository/Page_Campaign_CAC_Report1/Page_/div_Items per page_mat-select-arrow-wrapper_b66081' is clicked on

2023-12-22 16:38:40 - [TEST_STEP][PASSED] - click(findTestObject("Object Repository/Page_Campaign_CAC_Report1/Page_/span_20")): Object: 'Object Repository/Page_Campaign_CAC_Report1/Page_/span_20' is clicked on

2023-12-22 16:39:11 - [MESSAGE][INFO] - Unable to find the element located by 'By.xpath: //mat-option[@id='mat-option-2']/span'. Please recheck the objects properties to make sure the desired element is located. 

2023-12-22 16:39:11 - [MESSAGE][WARNING] - [SELF-HEALING] Failed to find element with id 'Object Repository/Page_Campaign_CAC_Report1/Page_/span_20'. Try using Self-healing.

2023-12-22 16:39:12 - [MESSAGE][INFO] - [SELF-HEALING] Failed Locator: '//mat-option[@id='mat-option-2']/span'.

2023-12-22 16:39:12 - [MESSAGE][INFO] - [SELF-HEALING] Working Locator: '(.//*[normalize-space(text()) and normalize-space(.)='Sort'])[1]/following::span[3]'.

2023-12-22 16:39:12 - [MESSAGE][INFO] - [SELF-HEALING] Screenshot: C:/Users/Pavitra I R/Katalon Studio/Admetrics/Reports/Self-healing/Object Repository/Page_Campaign_CAC_Report1/Page_/span_20_neighbor.png

2023-12-22 16:39:12 - [MESSAGE][WARNING] - [SELF-HEALING] The current locator of test object 'Object Repository/Page_Campaign_CAC_Report1/Page_/span_20' was broken. Propose an alternative one: '(.//*[normalize-space(text()) and normalize-space(.)='Sort'])[1]/following::span[3]'.

2023-12-22 16:39:12 - [MESSAGE][PASSED] - Object: 'Object Repository/Page_Campaign_CAC_Report1/Page_/span_20' is clicked on

2023-12-22 16:39:12 - [TEST_STEP][PASSED] - click(findTestObject("Object Repository/Page_Campaign_CAC_Report1/Page_/div_Items per page_mat-select-arrow-wrapper_b66081")): Object: 'Object Repository/Page_Campaign_CAC_Report1/Page_/div_Items per page_mat-select-arrow-wrapper_b66081' is clicked on

2023-12-22 16:39:43 - [MESSAGE][INFO] - Unable to find the element located by 'By.xpath: //mat-select[@id='mat-select-0']/div/div[2]'. Please recheck the objects properties to make sure the desired element is located. 

2023-12-22 16:39:43 - [MESSAGE][WARNING] - [SELF-HEALING] Failed to find element with id 'Object Repository/Page_Campaign_CAC_Report1/Page_/div_Items per page_mat-select-arrow-wrapper_b66081'. Try using Self-healing.

2023-12-22 16:39:44 - [MESSAGE][WARNING] - [SELF-HEALING] The current locator of test object 'Object Repository/Page_Campaign_CAC_Report1/Page_/div_Items per page_mat-select-arrow-wrapper_b66081' was broken. Propose an alternative one: '(.//*[normalize-space(text()) and normalize-space(.)='Items per page:'])[1]/following::div[6]'.

2023-12-22 16:39:44 - [MESSAGE][PASSED] - Object: 'Object Repository/Page_Campaign_CAC_Report1/Page_/div_Items per page_mat-select-arrow-wrapper_b66081' is clicked on

2023-12-22 16:39:44 - [TEST_STEP][PASSED] - click(findTestObject("Object Repository/Page_Campaign_CAC_Report1/Page_/span_30")): Object: 'Object Repository/Page_Campaign_CAC_Report1/Page_/span_30' is clicked on

2023-12-22 16:40:15 - [MESSAGE][INFO] - Unable to find the element located by 'By.xpath: //mat-option[@id='mat-option-3']/span'. Please recheck the objects properties to make sure the desired element is located. 

2023-12-22 16:40:15 - [MESSAGE][WARNING] - [SELF-HEALING] Failed to find element with id 'Object Repository/Page_Campaign_CAC_Report1/Page_/span_30'. Try using Self-healing.

2023-12-22 16:40:15 - [MESSAGE][INFO] - [SELF-HEALING] Failed Locator: '//mat-option[@id='mat-option-3']/span'.

2023-12-22 16:40:16 - [MESSAGE][INFO] - [SELF-HEALING] Working Locator: '(.//*[normalize-space(text()) and normalize-space(.)='Sort'])[1]/following::span[4]'.

2023-12-22 16:40:16 - [MESSAGE][INFO] - [SELF-HEALING] Screenshot: C:/Users/Pavitra I R/Katalon Studio/Admetrics/Reports/Self-healing/Object Repository/Page_Campaign_CAC_Report1/Page_/span_30_neighbor.png

2023-12-22 16:40:16 - [MESSAGE][WARNING] - [SELF-HEALING] The current locator of test object 'Object Repository/Page_Campaign_CAC_Report1/Page_/span_30' was broken. Propose an alternative one: '(.//*[normalize-space(text()) and normalize-space(.)='Sort'])[1]/following::span[4]'.

2023-12-22 16:40:16 - [MESSAGE][PASSED] - Object: 'Object Repository/Page_Campaign_CAC_Report1/Page_/span_30' is clicked on

2023-12-22 16:40:16 - [TEST_STEP][PASSED] - callTestCase(findTestCase("Reusable_Functions/Arrow_buttons"), [:], CONTINUE_ON_FAILURE): Call Test Case 'Test Cases/Reusable_Functions/Arrow_buttons' successfully

2023-12-22 16:40:16 - [TEST_CASE][PASSED] - Test Cases/Reusable_Functions/Arrow_buttons: Test Cases/Reusable_Functions/Arrow_buttons

2023-12-22 16:40:16 - [TEST_STEP][PASSED] - verifyElementClickable(findTestObject("Object Repository/Page_Arrow_Buttons/Page_/svg_Items per page_mat-paginator-icon")): Object 'Object Repository/Page_Arrow_Buttons/Page_/svg_Items per page_mat-paginator-icon' is clickable

2023-12-22 16:40:16 - [MESSAGE][PASSED] - Object 'Object Repository/Page_Arrow_Buttons/Page_/svg_Items per page_mat-paginator-icon' is clickable

2023-12-22 16:40:16 - [TEST_STEP][PASSED] - click(findTestObject("Object Repository/Page_Arrow_Buttons/Page_/svg_Items per page_mat-paginator-icon")): Object: 'Object Repository/Page_Arrow_Buttons/Page_/svg_Items per page_mat-paginator-icon' is clicked on

2023-12-22 16:40:17 - [MESSAGE][PASSED] - Object: 'Object Repository/Page_Arrow_Buttons/Page_/svg_Items per page_mat-paginator-icon' is clicked on

2023-12-22 16:40:17 - [TEST_STEP][PASSED] - verifyElementClickable(findTestObject("Object Repository/Page_Arrow_Buttons/Page_/svg_Items per page_mat-paginator-icon_1")): Object 'Object Repository/Page_Arrow_Buttons/Page_/svg_Items per page_mat-paginator-icon_1' is clickable

2023-12-22 16:40:18 - [MESSAGE][PASSED] - Object 'Object Repository/Page_Arrow_Buttons/Page_/svg_Items per page_mat-paginator-icon_1' is clickable

2023-12-22 16:40:18 - [TEST_STEP][PASSED] - click(findTestObject("Object Repository/Page_Arrow_Buttons/Page_/svg_Items per page_mat-paginator-icon_1")): Object: 'Object Repository/Page_Arrow_Buttons/Page_/svg_Items per page_mat-paginator-icon_1' is clicked on

2023-12-22 16:40:18 - [MESSAGE][PASSED] - Object: 'Object Repository/Page_Arrow_Buttons/Page_/svg_Items per page_mat-paginator-icon_1' is clicked on

2023-12-22 16:40:18 - [MESSAGE][INFO] - 

2023-12-22 16:40:18 - [MESSAGE][INFO] - ===================== Self-healing Report ====================

2023-12-22 16:40:18 - [MESSAGE][INFO] - One of the failed test object locators has been recovered by Self-healing. Please refer to the Self-healing Insights tab for more details.

2023-12-22 16:40:18 - [MESSAGE][INFO] - To learn more about Self-healing, please read https://docs.katalon.com/katalon-studio/docs/self-healing.html

2023-12-22 16:40:18 - [MESSAGE][INFO] - ==============================================================

2023-12-22 16:40:18 - [MESSAGE][PASSED] - Call Test Case 'Test Cases/Reusable_Functions/Arrow_buttons' successfully

2023-12-22 16:40:18 - [TEST_STEP][PASSED] - callTestCase(findTestCase("Reusable_Functions/Fullscreen"), [:], CONTINUE_ON_FAILURE): Call Test Case 'Test Cases/Reusable_Functions/Fullscreen' successfully

2023-12-22 16:40:18 - [TEST_CASE][PASSED] - Test Cases/Reusable_Functions/Fullscreen: Test Cases/Reusable_Functions/Fullscreen

2023-12-22 16:40:18 - [TEST_STEP][PASSED] - verifyElementClickable(findTestObject("Object Repository/Page_Fullscreen/Page_/img")): Object 'Object Repository/Page_Fullscreen/Page_/img' is clickable

2023-12-22 16:40:19 - [MESSAGE][PASSED] - Object 'Object Repository/Page_Fullscreen/Page_/img' is clickable

2023-12-22 16:40:19 - [TEST_STEP][PASSED] - click(findTestObject("Object Repository/Page_Fullscreen/Page_/img")): Object: 'Object Repository/Page_Fullscreen/Page_/img' is clicked on

2023-12-22 16:40:19 - [MESSAGE][PASSED] - Object: 'Object Repository/Page_Fullscreen/Page_/img' is clicked on

2023-12-22 16:40:19 - [TEST_STEP][PASSED] - delay(2): Delayed 2 second(s)

2023-12-22 16:40:21 - [MESSAGE][PASSED] - Delayed 2 second(s)

2023-12-22 16:40:21 - [TEST_STEP][PASSED] - executeJavaScript("document.exitFullscreen();", null): Execute JavaScript 'document.exitFullscreen();' successfully

2023-12-22 16:40:21 - [MESSAGE][PASSED] - Execute JavaScript 'document.exitFullscreen();' successfully

2023-12-22 16:40:21 - [TEST_STEP][PASSED] - delay(2): Delayed 2 second(s)

2023-12-22 16:40:23 - [MESSAGE][PASSED] - Delayed 2 second(s)

2023-12-22 16:40:23 - [MESSAGE][INFO] - 

2023-12-22 16:40:23 - [MESSAGE][INFO] - ===================== Self-healing Report ====================

2023-12-22 16:40:23 - [MESSAGE][INFO] - One of the failed test object locators has been recovered by Self-healing. Please refer to the Self-healing Insights tab for more details.

2023-12-22 16:40:23 - [MESSAGE][INFO] - To learn more about Self-healing, please read https://docs.katalon.com/katalon-studio/docs/self-healing.html

2023-12-22 16:40:23 - [MESSAGE][INFO] - ==============================================================

2023-12-22 16:40:23 - [MESSAGE][PASSED] - Call Test Case 'Test Cases/Reusable_Functions/Fullscreen' successfully]]></system-out>
         <system-err><![CDATA[]]></system-err>
      </testcase>
      <testcase name="Test Cases/Campaign/test_campaign_conversion_report" time="272.967" classname="Test Cases/Campaign/test_campaign_conversion_report" status="PASSED">
         <system-out><![CDATA[2023-12-22 16:40:23 - [TEST_CASE][PASSED] - Test Cases/Campaign/test_campaign_conversion_report: Test Cases/Campaign/test_campaign_conversion_report

2023-12-22 16:40:24 - [TEST_STEP][PASSED] - verifyElementClickable(findTestObject("Object Repository/Page_Campaign_Conversion_Report/Page_/li_Campaign")): Object 'Object Repository/Page_Campaign_Conversion_Report/Page_/li_Campaign' is clickable

2023-12-22 16:40:24 - [MESSAGE][PASSED] - Object 'Object Repository/Page_Campaign_Conversion_Report/Page_/li_Campaign' is clickable

2023-12-22 16:40:24 - [TEST_STEP][PASSED] - click(findTestObject("Object Repository/Page_Campaign_Conversion_Report/Page_/i_Performance_img")): Object: 'Object Repository/Page_Campaign_Conversion_Report/Page_/i_Performance_img' is clicked on

2023-12-22 16:40:25 - [MESSAGE][PASSED] - Object: 'Object Repository/Page_Campaign_Conversion_Report/Page_/i_Performance_img' is clicked on

2023-12-22 16:40:25 - [TEST_STEP][PASSED] - verifyElementClickable(findTestObject("Object Repository/Page_Campaign_Conversion_Report/Page_/div_Campaign Conversions")): Object 'Object Repository/Page_Campaign_Conversion_Report/Page_/div_Campaign Conversions' is clickable

2023-12-22 16:40:56 - [MESSAGE][INFO] - Unable to find the element located by 'By.xpath: //div[@id='mat-tab-label-1-1']/div'. Please recheck the objects properties to make sure the desired element is located. 

2023-12-22 16:40:56 - [MESSAGE][WARNING] - [SELF-HEALING] Failed to find element with id 'Object Repository/Page_Campaign_Conversion_Report/Page_/div_Campaign Conversions'. Try using Self-healing.

2023-12-22 16:40:57 - [MESSAGE][WARNING] - [SELF-HEALING] The current locator of test object 'Object Repository/Page_Campaign_Conversion_Report/Page_/div_Campaign Conversions' was broken. Propose an alternative one: '(.//*[normalize-space(text()) and normalize-space(.)='Campaign CAC'])[1]/following::div[2]'.

2023-12-22 16:40:57 - [MESSAGE][PASSED] - Object 'Object Repository/Page_Campaign_Conversion_Report/Page_/div_Campaign Conversions' is clickable

2023-12-22 16:40:57 - [TEST_STEP][PASSED] - click(findTestObject("Object Repository/Page_Campaign_Conversion_Report/Page_/div_Campaign Conversions")): Object: 'Object Repository/Page_Campaign_Conversion_Report/Page_/div_Campaign Conversions' is clicked on

2023-12-22 16:41:28 - [MESSAGE][INFO] - Unable to find the element located by 'By.xpath: //div[@id='mat-tab-label-1-1']/div'. Please recheck the objects properties to make sure the desired element is located. 

2023-12-22 16:41:28 - [MESSAGE][WARNING] - [SELF-HEALING] Failed to find element with id 'Object Repository/Page_Campaign_Conversion_Report/Page_/div_Campaign Conversions'. Try using Self-healing.

2023-12-22 16:41:28 - [MESSAGE][WARNING] - [SELF-HEALING] The current locator of test object 'Object Repository/Page_Campaign_Conversion_Report/Page_/div_Campaign Conversions' was broken. Propose an alternative one: '(.//*[normalize-space(text()) and normalize-space(.)='Campaign CAC'])[1]/following::div[2]'.

2023-12-22 16:41:28 - [MESSAGE][PASSED] - Object: 'Object Repository/Page_Campaign_Conversion_Report/Page_/div_Campaign Conversions' is clicked on

2023-12-22 16:41:28 - [TEST_STEP][PASSED] - verifyElementClickable(findTestObject("Object Repository/Page_Campaign_CAC_Report1/Page_/svg_Enter a date range_mat-datepicker-toggl_ef015c")): Object 'Object Repository/Page_Campaign_CAC_Report1/Page_/svg_Enter a date range_mat-datepicker-toggl_ef015c' is clickable

2023-12-22 16:41:31 - [MESSAGE][PASSED] - Object 'Object Repository/Page_Campaign_CAC_Report1/Page_/svg_Enter a date range_mat-datepicker-toggl_ef015c' is clickable

2023-12-22 16:41:31 - [TEST_STEP][PASSED] - verifyElementClickable(findTestObject("Object Repository/Page_Campaign_Conversion_Report/Page_/mat-icon_clear")): Object 'Object Repository/Page_Campaign_Conversion_Report/Page_/mat-icon_clear' is clickable

2023-12-22 16:42:02 - [MESSAGE][INFO] - Unable to find the element located by 'By.xpath: //mat-tab-body[@id='mat-tab-content-1-1']/div/app-campaign-conversion/div/div/div/app-time-series-filter-panel/div/mat-form-field/div/div/div/mat-icon'. Please recheck the objects properties to make sure the desired element is located. 

2023-12-22 16:42:02 - [MESSAGE][WARNING] - [SELF-HEALING] Failed to find element with id 'Object Repository/Page_Campaign_Conversion_Report/Page_/mat-icon_clear'. Try using Self-healing.

2023-12-22 16:42:03 - [MESSAGE][WARNING] - [SELF-HEALING] The current locator of test object 'Object Repository/Page_Campaign_Conversion_Report/Page_/mat-icon_clear' was broken. Propose an alternative one: '(.//*[normalize-space(text()) and normalize-space(.)='–'])[1]/following::mat-icon[1]'.

2023-12-22 16:42:03 - [MESSAGE][PASSED] - Object 'Object Repository/Page_Campaign_Conversion_Report/Page_/mat-icon_clear' is clickable

2023-12-22 16:42:03 - [TEST_STEP][PASSED] - click(findTestObject("Object Repository/Page_Campaign_CAC_Report1/Page_/svg_Enter a date range_mat-datepicker-toggl_ef015c")): Object: 'Object Repository/Page_Campaign_CAC_Report1/Page_/svg_Enter a date range_mat-datepicker-toggl_ef015c' is clicked on

2023-12-22 16:42:03 - [MESSAGE][PASSED] - Object: 'Object Repository/Page_Campaign_CAC_Report1/Page_/svg_Enter a date range_mat-datepicker-toggl_ef015c' is clicked on

2023-12-22 16:42:03 - [TEST_STEP][PASSED] - verifyElementClickable(findTestObject("Object Repository/Page_Campaign_Conversion_Report/Page_/button_DEC 2023_mat-focus-indicator mat-cal_bd9491")): Object 'Object Repository/Page_Campaign_Conversion_Report/Page_/button_DEC 2023_mat-focus-indicator mat-cal_bd9491' is clickable

2023-12-22 16:42:04 - [MESSAGE][PASSED] - Object 'Object Repository/Page_Campaign_Conversion_Report/Page_/button_DEC 2023_mat-focus-indicator mat-cal_bd9491' is clickable

2023-12-22 16:42:04 - [TEST_STEP][PASSED] - verifyElementClickable(findTestObject("Object Repository/Page_Campaign_Conversion_Report/Page_/button_DEC 2023_mat-focus-indicator mat-cal_bd9491")): Object 'Object Repository/Page_Campaign_Conversion_Report/Page_/button_DEC 2023_mat-focus-indicator mat-cal_bd9491' is clickable

2023-12-22 16:42:04 - [MESSAGE][PASSED] - Object 'Object Repository/Page_Campaign_Conversion_Report/Page_/button_DEC 2023_mat-focus-indicator mat-cal_bd9491' is clickable

2023-12-22 16:42:04 - [TEST_STEP][PASSED] - click(findTestObject("Object Repository/Page_Campaign_Conversion_Report/Page_/button_DEC 2023_mat-focus-indicator mat-cal_bd9491")): Object: 'Object Repository/Page_Campaign_Conversion_Report/Page_/button_DEC 2023_mat-focus-indicator mat-cal_bd9491' is clicked on

2023-12-22 16:42:05 - [MESSAGE][PASSED] - Object: 'Object Repository/Page_Campaign_Conversion_Report/Page_/button_DEC 2023_mat-focus-indicator mat-cal_bd9491' is clicked on

2023-12-22 16:42:05 - [TEST_STEP][PASSED] - click(findTestObject("Object Repository/Page_Campaign_Conversion_Report/Page_/button_DEC 2023_mat-focus-indicator mat-cal_bd9491")): Object: 'Object Repository/Page_Campaign_Conversion_Report/Page_/button_DEC 2023_mat-focus-indicator mat-cal_bd9491' is clicked on

2023-12-22 16:42:06 - [MESSAGE][PASSED] - Object: 'Object Repository/Page_Campaign_Conversion_Report/Page_/button_DEC 2023_mat-focus-indicator mat-cal_bd9491' is clicked on

2023-12-22 16:42:06 - [TEST_STEP][PASSED] - click(findTestObject("Object Repository/Page_Campaign_Conversion_Report/Page_/div_1")): Object: 'Object Repository/Page_Campaign_Conversion_Report/Page_/div_1' is clicked on

2023-12-22 16:42:37 - [MESSAGE][INFO] - Unable to find the element located by 'By.xpath: //mat-calendar[@id='mat-datepicker-2']/div/mat-month-view/table/tbody/tr[2]/td/button/div'. Please recheck the objects properties to make sure the desired element is located. 

2023-12-22 16:42:37 - [MESSAGE][WARNING] - [SELF-HEALING] Failed to find element with id 'Object Repository/Page_Campaign_Conversion_Report/Page_/div_1'. Try using Self-healing.

2023-12-22 16:42:38 - [MESSAGE][WARNING] - [SELF-HEALING] The current locator of test object 'Object Repository/Page_Campaign_Conversion_Report/Page_/div_1' was broken. Propose an alternative one: '(.//*[normalize-space(text()) and normalize-space(.)='OCT'])[1]/following::div[1]'.

2023-12-22 16:42:38 - [MESSAGE][PASSED] - Object: 'Object Repository/Page_Campaign_Conversion_Report/Page_/div_1' is clicked on

2023-12-22 16:42:38 - [TEST_STEP][PASSED] - click(findTestObject("Object Repository/Page_Campaign_Conversion_Report/Page_/div_31")): Object: 'Object Repository/Page_Campaign_Conversion_Report/Page_/div_31' is clicked on

2023-12-22 16:43:09 - [MESSAGE][INFO] - Unable to find the element located by 'By.xpath: //mat-calendar[@id='mat-datepicker-2']/div/mat-month-view/table/tbody/tr[6]/td[3]/button/div'. Please recheck the objects properties to make sure the desired element is located. 

2023-12-22 16:43:09 - [MESSAGE][WARNING] - [SELF-HEALING] Failed to find element with id 'Object Repository/Page_Campaign_Conversion_Report/Page_/div_31'. Try using Self-healing.

2023-12-22 16:43:09 - [MESSAGE][WARNING] - [SELF-HEALING] The current locator of test object 'Object Repository/Page_Campaign_Conversion_Report/Page_/div_31' was broken. Propose an alternative one: '(.//*[normalize-space(text()) and normalize-space(.)='Saturday'])[1]/following::div[61]'.

2023-12-22 16:43:09 - [MESSAGE][PASSED] - Object: 'Object Repository/Page_Campaign_Conversion_Report/Page_/div_31' is clicked on

2023-12-22 16:43:09 - [TEST_STEP][PASSED] - verifyElementText(findTestObject("Object Repository/Page_Campaign_Conversion_Report/Page_/div_Select Channel"), "Select Channel"): Actual text and expected text of test object 'Object Repository/Page_Campaign_Conversion_Report/Page_/div_Select Channel' are matched.

2023-12-22 16:43:11 - [MESSAGE][PASSED] - Actual text and expected text of test object 'Object Repository/Page_Campaign_Conversion_Report/Page_/div_Select Channel' are matched.

2023-12-22 16:43:11 - [TEST_STEP][PASSED] - verifyElementClickable(findTestObject("Object Repository/Page_Campaign_Conversion_Report/Page_/span_Google Ads_ng-arrow-wrapper")): Object 'Object Repository/Page_Campaign_Conversion_Report/Page_/span_Google Ads_ng-arrow-wrapper' is clickable

2023-12-22 16:43:11 - [MESSAGE][PASSED] - Object 'Object Repository/Page_Campaign_Conversion_Report/Page_/span_Google Ads_ng-arrow-wrapper' is clickable

2023-12-22 16:43:11 - [TEST_STEP][PASSED] - click(findTestObject("Object Repository/Page_Campaign_Conversion_Report/Page_/input_text")): Object: 'Object Repository/Page_Campaign_Conversion_Report/Page_/input_text' is clicked on

2023-12-22 16:43:12 - [MESSAGE][PASSED] - Object: 'Object Repository/Page_Campaign_Conversion_Report/Page_/input_text' is clicked on

2023-12-22 16:43:12 - [TEST_STEP][PASSED] - click(findTestObject("Object Repository/Page_Campaign_Conversion_Report/Page_/input_text")): Object: 'Object Repository/Page_Campaign_Conversion_Report/Page_/input_text' is clicked on

2023-12-22 16:43:12 - [MESSAGE][PASSED] - Object: 'Object Repository/Page_Campaign_Conversion_Report/Page_/input_text' is clicked on

2023-12-22 16:43:12 - [TEST_STEP][PASSED] - click(findTestObject("Object Repository/Page_Campaign_Conversion_Report/Page_/span_Google Ads_ng-arrow-wrapper")): Object: 'Object Repository/Page_Campaign_Conversion_Report/Page_/span_Google Ads_ng-arrow-wrapper' is clicked on

2023-12-22 16:43:13 - [MESSAGE][PASSED] - Object: 'Object Repository/Page_Campaign_Conversion_Report/Page_/span_Google Ads_ng-arrow-wrapper' is clicked on

2023-12-22 16:43:13 - [TEST_STEP][PASSED] - verifyElementText(findTestObject("Object Repository/Page_Campaign_Conversion_Report/Page_/div_Select Businessline"), "Select Businessline"): Actual text and expected text of test object 'Object Repository/Page_Campaign_Conversion_Report/Page_/div_Select Businessline' are matched.

2023-12-22 16:43:13 - [MESSAGE][PASSED] - Actual text and expected text of test object 'Object Repository/Page_Campaign_Conversion_Report/Page_/div_Select Businessline' are matched.

2023-12-22 16:43:13 - [TEST_STEP][PASSED] - verifyElementClickable(findTestObject("Object Repository/Page_Campaign_Conversion_Report/Page_/span_Buyer_ng-arrow-wrapper")): Object 'Object Repository/Page_Campaign_Conversion_Report/Page_/span_Buyer_ng-arrow-wrapper' is clickable

2023-12-22 16:43:13 - [MESSAGE][PASSED] - Object 'Object Repository/Page_Campaign_Conversion_Report/Page_/span_Buyer_ng-arrow-wrapper' is clickable

2023-12-22 16:43:13 - [TEST_STEP][PASSED] - click(findTestObject("Object Repository/Page_Campaign_Conversion_Report/Page_/span_Buyer_ng-arrow-wrapper")): Object: 'Object Repository/Page_Campaign_Conversion_Report/Page_/span_Buyer_ng-arrow-wrapper' is clicked on

2023-12-22 16:43:14 - [MESSAGE][PASSED] - Object: 'Object Repository/Page_Campaign_Conversion_Report/Page_/span_Buyer_ng-arrow-wrapper' is clicked on

2023-12-22 16:43:14 - [TEST_STEP][PASSED] - click(findTestObject("Object Repository/Page_Campaign_Conversion_Report/Page_/span_Buyer_ng-arrow-wrapper")): Object: 'Object Repository/Page_Campaign_Conversion_Report/Page_/span_Buyer_ng-arrow-wrapper' is clicked on

2023-12-22 16:43:14 - [MESSAGE][PASSED] - Object: 'Object Repository/Page_Campaign_Conversion_Report/Page_/span_Buyer_ng-arrow-wrapper' is clicked on

2023-12-22 16:43:14 - [TEST_STEP][PASSED] - verifyElementText(findTestObject("Object Repository/Page_Campaign_Conversion_Report/Page_/div_Select Campaign Status"), "Select Campaign Status"): Actual text and expected text of test object 'Object Repository/Page_Campaign_Conversion_Report/Page_/div_Select Campaign Status' are matched.

2023-12-22 16:43:15 - [MESSAGE][PASSED] - Actual text and expected text of test object 'Object Repository/Page_Campaign_Conversion_Report/Page_/div_Select Campaign Status' are matched.

2023-12-22 16:43:15 - [TEST_STEP][PASSED] - verifyElementClickable(findTestObject("Object Repository/Page_Campaign_Conversion_Report/Page_/span_ENABLED_ng-arrow-wrapper")): Object 'Object Repository/Page_Campaign_Conversion_Report/Page_/span_ENABLED_ng-arrow-wrapper' is clickable

2023-12-22 16:43:15 - [MESSAGE][PASSED] - Object 'Object Repository/Page_Campaign_Conversion_Report/Page_/span_ENABLED_ng-arrow-wrapper' is clickable

2023-12-22 16:43:15 - [TEST_STEP][PASSED] - click(findTestObject("Object Repository/Page_Campaign_Conversion_Report/Page_/span_ENABLED_ng-arrow-wrapper")): Object: 'Object Repository/Page_Campaign_Conversion_Report/Page_/span_ENABLED_ng-arrow-wrapper' is clicked on

2023-12-22 16:43:15 - [MESSAGE][PASSED] - Object: 'Object Repository/Page_Campaign_Conversion_Report/Page_/span_ENABLED_ng-arrow-wrapper' is clicked on

2023-12-22 16:43:15 - [TEST_STEP][PASSED] - click(findTestObject("Object Repository/Page_Campaign_Conversion_Report/Page_/span_ENABLED_ng-arrow-wrapper")): Object: 'Object Repository/Page_Campaign_Conversion_Report/Page_/span_ENABLED_ng-arrow-wrapper' is clicked on

2023-12-22 16:43:16 - [MESSAGE][PASSED] - Object: 'Object Repository/Page_Campaign_Conversion_Report/Page_/span_ENABLED_ng-arrow-wrapper' is clicked on

2023-12-22 16:43:16 - [TEST_STEP][PASSED] - verifyElementText(findTestObject("Object Repository/Page_Campaign_Conversion_Report/Page_/input_text"), ""): Actual text and expected text of test object 'Object Repository/Page_Campaign_Conversion_Report/Page_/input_text' are matched.

2023-12-22 16:43:16 - [MESSAGE][PASSED] - Actual text and expected text of test object 'Object Repository/Page_Campaign_Conversion_Report/Page_/input_text' are matched.

2023-12-22 16:43:16 - [TEST_STEP][PASSED] - verifyElementClickable(findTestObject("Object Repository/Page_Campaign_Conversion_Report/Page_/span_Select Campaign Name_ng-arrow-wrapper")): Object 'Object Repository/Page_Campaign_Conversion_Report/Page_/span_Select Campaign Name_ng-arrow-wrapper' is clickable

2023-12-22 16:43:48 - [MESSAGE][INFO] - Unable to find the element located by 'By.xpath: //mat-tab-body[@id='mat-tab-content-1-1']/div/app-campaign-conversion/div/div/div[2]/app-filter-panel/div/div/div/div/div[4]/ng-select/div/span'. Please recheck the objects properties to make sure the desired element is located. 

2023-12-22 16:43:48 - [MESSAGE][WARNING] - [SELF-HEALING] Failed to find element with id 'Object Repository/Page_Campaign_Conversion_Report/Page_/span_Select Campaign Name_ng-arrow-wrapper'. Try using Self-healing.

2023-12-22 16:43:48 - [MESSAGE][WARNING] - [SELF-HEALING] The current locator of test object 'Object Repository/Page_Campaign_Conversion_Report/Page_/span_Select Campaign Name_ng-arrow-wrapper' was broken. Propose an alternative one: '(.//*[normalize-space(text()) and normalize-space(.)='Select Campaign Name'])[1]/following::span[1]'.

2023-12-22 16:43:48 - [MESSAGE][PASSED] - Object 'Object Repository/Page_Campaign_Conversion_Report/Page_/span_Select Campaign Name_ng-arrow-wrapper' is clickable

2023-12-22 16:43:48 - [TEST_STEP][PASSED] - click(findTestObject("Object Repository/Page_Campaign_Conversion_Report/Page_/span_Select Campaign Name_ng-arrow-wrapper_1")): Object: 'Object Repository/Page_Campaign_Conversion_Report/Page_/span_Select Campaign Name_ng-arrow-wrapper_1' is clicked on

2023-12-22 16:44:19 - [MESSAGE][INFO] - Unable to find the element located by 'By.xpath: //mat-tab-body[@id='mat-tab-content-1-1']/div/app-campaign-conversion/div/div/div[2]/app-filter-panel/div/div/div/div/div[4]/ng-select/div/span'. Please recheck the objects properties to make sure the desired element is located. 

2023-12-22 16:44:19 - [MESSAGE][WARNING] - [SELF-HEALING] Failed to find element with id 'Object Repository/Page_Campaign_Conversion_Report/Page_/span_Select Campaign Name_ng-arrow-wrapper_1'. Try using Self-healing.

2023-12-22 16:44:20 - [MESSAGE][WARNING] - [SELF-HEALING] The current locator of test object 'Object Repository/Page_Campaign_Conversion_Report/Page_/span_Select Campaign Name_ng-arrow-wrapper_1' was broken. Propose an alternative one: '(.//*[normalize-space(text()) and normalize-space(.)='Select Campaign Name'])[1]/following::span[1]'.

2023-12-22 16:44:20 - [MESSAGE][PASSED] - Object: 'Object Repository/Page_Campaign_Conversion_Report/Page_/span_Select Campaign Name_ng-arrow-wrapper_1' is clicked on

2023-12-22 16:44:20 - [TEST_STEP][PASSED] - click(findTestObject("Object Repository/Page_Campaign_Conversion_Report/Page_/span_Select Campaign Name_ng-arrow-wrapper_1_2")): Object: 'Object Repository/Page_Campaign_Conversion_Report/Page_/span_Select Campaign Name_ng-arrow-wrapper_1_2' is clicked on

2023-12-22 16:44:51 - [MESSAGE][INFO] - Unable to find the element located by 'By.xpath: //mat-tab-body[@id='mat-tab-content-1-1']/div/app-campaign-conversion/div/div/div[2]/app-filter-panel/div/div/div/div/div[4]/ng-select/div/span'. Please recheck the objects properties to make sure the desired element is located. 

2023-12-22 16:44:51 - [MESSAGE][WARNING] - [SELF-HEALING] Failed to find element with id 'Object Repository/Page_Campaign_Conversion_Report/Page_/span_Select Campaign Name_ng-arrow-wrapper_1_2'. Try using Self-healing.

2023-12-22 16:44:51 - [MESSAGE][WARNING] - [SELF-HEALING] The current locator of test object 'Object Repository/Page_Campaign_Conversion_Report/Page_/span_Select Campaign Name_ng-arrow-wrapper_1_2' was broken. Propose an alternative one: '(.//*[normalize-space(text()) and normalize-space(.)='Select Campaign Name'])[1]/following::span[1]'.

2023-12-22 16:44:51 - [MESSAGE][PASSED] - Object: 'Object Repository/Page_Campaign_Conversion_Report/Page_/span_Select Campaign Name_ng-arrow-wrapper_1_2' is clicked on

2023-12-22 16:44:51 - [TEST_STEP][PASSED] - callTestCase(findTestCase("Reusable_Functions/Fullscreen"), [:], CONTINUE_ON_FAILURE): Call Test Case 'Test Cases/Reusable_Functions/Fullscreen' successfully

2023-12-22 16:44:51 - [TEST_CASE][PASSED] - Test Cases/Reusable_Functions/Fullscreen: Test Cases/Reusable_Functions/Fullscreen

2023-12-22 16:44:51 - [TEST_STEP][PASSED] - verifyElementClickable(findTestObject("Object Repository/Page_Fullscreen/Page_/img")): Object 'Object Repository/Page_Fullscreen/Page_/img' is clickable

2023-12-22 16:44:52 - [MESSAGE][PASSED] - Object 'Object Repository/Page_Fullscreen/Page_/img' is clickable

2023-12-22 16:44:52 - [TEST_STEP][PASSED] - click(findTestObject("Object Repository/Page_Fullscreen/Page_/img")): Object: 'Object Repository/Page_Fullscreen/Page_/img' is clicked on

2023-12-22 16:44:52 - [MESSAGE][PASSED] - Object: 'Object Repository/Page_Fullscreen/Page_/img' is clicked on

2023-12-22 16:44:52 - [TEST_STEP][PASSED] - delay(2): Delayed 2 second(s)

2023-12-22 16:44:54 - [MESSAGE][PASSED] - Delayed 2 second(s)

2023-12-22 16:44:54 - [TEST_STEP][PASSED] - executeJavaScript("document.exitFullscreen();", null): Execute JavaScript 'document.exitFullscreen();' successfully

2023-12-22 16:44:54 - [MESSAGE][PASSED] - Execute JavaScript 'document.exitFullscreen();' successfully

2023-12-22 16:44:54 - [TEST_STEP][PASSED] - delay(2): Delayed 2 second(s)

2023-12-22 16:44:56 - [MESSAGE][PASSED] - Delayed 2 second(s)

2023-12-22 16:44:56 - [MESSAGE][INFO] - 

2023-12-22 16:44:56 - [MESSAGE][INFO] - ===================== Self-healing Report ====================

2023-12-22 16:44:56 - [MESSAGE][INFO] - One of the failed test object locators has been recovered by Self-healing. Please refer to the Self-healing Insights tab for more details.

2023-12-22 16:44:56 - [MESSAGE][INFO] - To learn more about Self-healing, please read https://docs.katalon.com/katalon-studio/docs/self-healing.html

2023-12-22 16:44:56 - [MESSAGE][INFO] - ==============================================================

2023-12-22 16:44:56 - [MESSAGE][PASSED] - Call Test Case 'Test Cases/Reusable_Functions/Fullscreen' successfully]]></system-out>
         <system-err><![CDATA[]]></system-err>
      </testcase>
      <testcase name="Test Cases/Campaign/test_campaign_metric_table" time="508.046" classname="Test Cases/Campaign/test_campaign_metric_table" status="PASSED">
         <system-out><![CDATA[2023-12-22 16:44:56 - [TEST_CASE][PASSED] - Test Cases/Campaign/test_campaign_metric_table: Test Cases/Campaign/test_campaign_metric_table

2023-12-22 16:44:57 - [TEST_STEP][PASSED] - verifyElementClickable(findTestObject("Object Repository/Page_Campaign_Metric_Table/Page_/li_Campaign")): Object 'Object Repository/Page_Campaign_Metric_Table/Page_/li_Campaign' is clickable

2023-12-22 16:44:58 - [MESSAGE][PASSED] - Object 'Object Repository/Page_Campaign_Metric_Table/Page_/li_Campaign' is clickable

2023-12-22 16:44:58 - [TEST_STEP][PASSED] - click(findTestObject("Object Repository/Page_Campaign_Metric_Table/Page_/li_Campaign")): Object: 'Object Repository/Page_Campaign_Metric_Table/Page_/li_Campaign' is clicked on

2023-12-22 16:44:58 - [MESSAGE][PASSED] - Object: 'Object Repository/Page_Campaign_Metric_Table/Page_/li_Campaign' is clicked on

2023-12-22 16:44:58 - [TEST_STEP][PASSED] - verifyElementClickable(findTestObject("Object Repository/Page_Campaign_Metric_Table/Page_/div_Campaign Metrics")): Object 'Object Repository/Page_Campaign_Metric_Table/Page_/div_Campaign Metrics' is clickable

2023-12-22 16:45:29 - [MESSAGE][INFO] - Unable to find the element located by 'By.xpath: //div[@id='mat-tab-label-1-2']/div'. Please recheck the objects properties to make sure the desired element is located. 

2023-12-22 16:45:29 - [MESSAGE][WARNING] - [SELF-HEALING] Failed to find element with id 'Object Repository/Page_Campaign_Metric_Table/Page_/div_Campaign Metrics'. Try using Self-healing.

2023-12-22 16:45:29 - [MESSAGE][WARNING] - [SELF-HEALING] The current locator of test object 'Object Repository/Page_Campaign_Metric_Table/Page_/div_Campaign Metrics' was broken. Propose an alternative one: '(.//*[normalize-space(text()) and normalize-space(.)='Campaign Conversions'])[1]/following::div[2]'.

2023-12-22 16:45:29 - [MESSAGE][PASSED] - Object 'Object Repository/Page_Campaign_Metric_Table/Page_/div_Campaign Metrics' is clickable

2023-12-22 16:45:29 - [TEST_STEP][PASSED] - click(findTestObject("Object Repository/Page_Campaign_Metric_Table/Page_/div_Campaign Metrics")): Object: 'Object Repository/Page_Campaign_Metric_Table/Page_/div_Campaign Metrics' is clicked on

2023-12-22 16:46:01 - [MESSAGE][INFO] - Unable to find the element located by 'By.xpath: //div[@id='mat-tab-label-1-2']/div'. Please recheck the objects properties to make sure the desired element is located. 

2023-12-22 16:46:01 - [MESSAGE][WARNING] - [SELF-HEALING] Failed to find element with id 'Object Repository/Page_Campaign_Metric_Table/Page_/div_Campaign Metrics'. Try using Self-healing.

2023-12-22 16:46:01 - [MESSAGE][WARNING] - [SELF-HEALING] The current locator of test object 'Object Repository/Page_Campaign_Metric_Table/Page_/div_Campaign Metrics' was broken. Propose an alternative one: '(.//*[normalize-space(text()) and normalize-space(.)='Campaign Conversions'])[1]/following::div[2]'.

2023-12-22 16:46:01 - [MESSAGE][PASSED] - Object: 'Object Repository/Page_Campaign_Metric_Table/Page_/div_Campaign Metrics' is clicked on

2023-12-22 16:46:01 - [TEST_STEP][PASSED] - verifyElementClickable(findTestObject("Object Repository/Page_Campaign_Metric_Table/Page_/svg_Enter a date range_mat-datepicker-toggl_ef015c")): Object 'Object Repository/Page_Campaign_Metric_Table/Page_/svg_Enter a date range_mat-datepicker-toggl_ef015c' is clickable

2023-12-22 16:46:03 - [MESSAGE][PASSED] - Object 'Object Repository/Page_Campaign_Metric_Table/Page_/svg_Enter a date range_mat-datepicker-toggl_ef015c' is clickable

2023-12-22 16:46:03 - [TEST_STEP][PASSED] - verifyElementClickable(findTestObject("Object Repository/Page_Campaign_Metric_Table/Page_/mat-icon_clear")): Object 'Object Repository/Page_Campaign_Metric_Table/Page_/mat-icon_clear' is clickable

2023-12-22 16:46:35 - [MESSAGE][INFO] - Unable to find the element located by 'By.xpath: //mat-tab-body[@id='mat-tab-content-1-2']/div/app-campaign-metric/div/div/div/app-time-series-filter-panel/div/mat-form-field/div/div/div/mat-icon'. Please recheck the objects properties to make sure the desired element is located. 

2023-12-22 16:46:35 - [MESSAGE][WARNING] - [SELF-HEALING] Failed to find element with id 'Object Repository/Page_Campaign_Metric_Table/Page_/mat-icon_clear'. Try using Self-healing.

2023-12-22 16:46:35 - [MESSAGE][INFO] - [SELF-HEALING] Failed Locator: '//mat-tab-body[@id='mat-tab-content-1-2']/div/app-campaign-metric/div/div/div/app-time-series-filter-panel/div/mat-form-field/div/div/div/mat-icon'.

2023-12-22 16:46:35 - [MESSAGE][INFO] - [SELF-HEALING] Working Locator: '(.//*[normalize-space(text()) and normalize-space(.)='–'])[1]/following::mat-icon[1]'.

2023-12-22 16:46:36 - [MESSAGE][INFO] - [SELF-HEALING] Screenshot: C:/Users/Pavitra I R/Katalon Studio/Admetrics/Reports/Self-healing/Object Repository/Page_Campaign_Metric_Table/Page_/mat-icon_clear_neighbor.png

2023-12-22 16:46:36 - [MESSAGE][WARNING] - [SELF-HEALING] The current locator of test object 'Object Repository/Page_Campaign_Metric_Table/Page_/mat-icon_clear' was broken. Propose an alternative one: '(.//*[normalize-space(text()) and normalize-space(.)='–'])[1]/following::mat-icon[1]'.

2023-12-22 16:46:36 - [MESSAGE][PASSED] - Object 'Object Repository/Page_Campaign_Metric_Table/Page_/mat-icon_clear' is clickable

2023-12-22 16:46:36 - [TEST_STEP][PASSED] - click(findTestObject("Object Repository/Page_Campaign_Metric_Table/Page_/svg_Enter a date range_mat-datepicker-toggl_ef015c")): Object: 'Object Repository/Page_Campaign_Metric_Table/Page_/svg_Enter a date range_mat-datepicker-toggl_ef015c' is clicked on

2023-12-22 16:46:36 - [MESSAGE][PASSED] - Object: 'Object Repository/Page_Campaign_Metric_Table/Page_/svg_Enter a date range_mat-datepicker-toggl_ef015c' is clicked on

2023-12-22 16:46:36 - [TEST_STEP][PASSED] - verifyElementClickable(findTestObject("Object Repository/Page_Campaign_Metric_Table/Page_/button_DEC 2023_mat-focus-indicator mat-cal_bd9491")): Object 'Object Repository/Page_Campaign_Metric_Table/Page_/button_DEC 2023_mat-focus-indicator mat-cal_bd9491' is clickable

2023-12-22 16:46:37 - [MESSAGE][PASSED] - Object 'Object Repository/Page_Campaign_Metric_Table/Page_/button_DEC 2023_mat-focus-indicator mat-cal_bd9491' is clickable

2023-12-22 16:46:37 - [TEST_STEP][PASSED] - verifyElementClickable(findTestObject("Object Repository/Page_Campaign_Metric_Table/Page_/button_DEC 2023_mat-focus-indicator mat-cal_bd9491")): Object 'Object Repository/Page_Campaign_Metric_Table/Page_/button_DEC 2023_mat-focus-indicator mat-cal_bd9491' is clickable

2023-12-22 16:46:37 - [MESSAGE][PASSED] - Object 'Object Repository/Page_Campaign_Metric_Table/Page_/button_DEC 2023_mat-focus-indicator mat-cal_bd9491' is clickable

2023-12-22 16:46:37 - [TEST_STEP][PASSED] - click(findTestObject("Object Repository/Page_Campaign_Metric_Table/Page_/button_DEC 2023_mat-focus-indicator mat-cal_bd9491")): Object: 'Object Repository/Page_Campaign_Metric_Table/Page_/button_DEC 2023_mat-focus-indicator mat-cal_bd9491' is clicked on

2023-12-22 16:46:38 - [MESSAGE][PASSED] - Object: 'Object Repository/Page_Campaign_Metric_Table/Page_/button_DEC 2023_mat-focus-indicator mat-cal_bd9491' is clicked on

2023-12-22 16:46:38 - [TEST_STEP][PASSED] - click(findTestObject("Object Repository/Page_Campaign_Metric_Table/Page_/button_DEC 2023_mat-focus-indicator mat-cal_bd9491")): Object: 'Object Repository/Page_Campaign_Metric_Table/Page_/button_DEC 2023_mat-focus-indicator mat-cal_bd9491' is clicked on

2023-12-22 16:46:39 - [MESSAGE][PASSED] - Object: 'Object Repository/Page_Campaign_Metric_Table/Page_/button_DEC 2023_mat-focus-indicator mat-cal_bd9491' is clicked on

2023-12-22 16:46:39 - [TEST_STEP][PASSED] - click(findTestObject("Object Repository/Page_Campaign_Metric_Table/Page_/div_1")): Object: 'Object Repository/Page_Campaign_Metric_Table/Page_/div_1' is clicked on

2023-12-22 16:47:10 - [MESSAGE][INFO] - Unable to find the element located by 'By.xpath: //mat-calendar[@id='mat-datepicker-2']/div/mat-month-view/table/tbody/tr[2]/td/button/div'. Please recheck the objects properties to make sure the desired element is located. 

2023-12-22 16:47:10 - [MESSAGE][WARNING] - [SELF-HEALING] Failed to find element with id 'Object Repository/Page_Campaign_Metric_Table/Page_/div_1'. Try using Self-healing.

2023-12-22 16:47:10 - [MESSAGE][WARNING] - [SELF-HEALING] The current locator of test object 'Object Repository/Page_Campaign_Metric_Table/Page_/div_1' was broken. Propose an alternative one: '(.//*[normalize-space(text()) and normalize-space(.)='OCT'])[1]/following::div[1]'.

2023-12-22 16:47:10 - [MESSAGE][PASSED] - Object: 'Object Repository/Page_Campaign_Metric_Table/Page_/div_1' is clicked on

2023-12-22 16:47:10 - [TEST_STEP][PASSED] - click(findTestObject("Object Repository/Page_Campaign_Metric_Table/Page_/div_31")): Object: 'Object Repository/Page_Campaign_Metric_Table/Page_/div_31' is clicked on

2023-12-22 16:47:42 - [MESSAGE][INFO] - Unable to find the element located by 'By.xpath: //mat-calendar[@id='mat-datepicker-2']/div/mat-month-view/table/tbody/tr[6]/td[3]/button/div'. Please recheck the objects properties to make sure the desired element is located. 

2023-12-22 16:47:42 - [MESSAGE][WARNING] - [SELF-HEALING] Failed to find element with id 'Object Repository/Page_Campaign_Metric_Table/Page_/div_31'. Try using Self-healing.

2023-12-22 16:47:42 - [MESSAGE][WARNING] - [SELF-HEALING] The current locator of test object 'Object Repository/Page_Campaign_Metric_Table/Page_/div_31' was broken. Propose an alternative one: '(.//*[normalize-space(text()) and normalize-space(.)='OCT'])[1]/following::div[61]'.

2023-12-22 16:47:42 - [MESSAGE][PASSED] - Object: 'Object Repository/Page_Campaign_Metric_Table/Page_/div_31' is clicked on

2023-12-22 16:47:42 - [TEST_STEP][PASSED] - verifyElementText(findTestObject("Object Repository/Page_Campaign_Metric_Table/Page_/div_Select Channel"), "Select Channel"): Actual text and expected text of test object 'Object Repository/Page_Campaign_Metric_Table/Page_/div_Select Channel' are matched.

2023-12-22 16:47:43 - [MESSAGE][PASSED] - Actual text and expected text of test object 'Object Repository/Page_Campaign_Metric_Table/Page_/div_Select Channel' are matched.

2023-12-22 16:47:43 - [TEST_STEP][PASSED] - verifyElementClickable(findTestObject("Object Repository/Page_Campaign_Metric_Table/Page_/span_Google Ads_ng-arrow-wrapper")): Object 'Object Repository/Page_Campaign_Metric_Table/Page_/span_Google Ads_ng-arrow-wrapper' is clickable

2023-12-22 16:47:44 - [MESSAGE][PASSED] - Object 'Object Repository/Page_Campaign_Metric_Table/Page_/span_Google Ads_ng-arrow-wrapper' is clickable

2023-12-22 16:47:44 - [TEST_STEP][PASSED] - click(findTestObject("Object Repository/Page_Campaign_Metric_Table/Page_/span_Google Ads_ng-arrow-wrapper")): Object: 'Object Repository/Page_Campaign_Metric_Table/Page_/span_Google Ads_ng-arrow-wrapper' is clicked on

2023-12-22 16:47:44 - [MESSAGE][PASSED] - Object: 'Object Repository/Page_Campaign_Metric_Table/Page_/span_Google Ads_ng-arrow-wrapper' is clicked on

2023-12-22 16:47:44 - [TEST_STEP][PASSED] - click(findTestObject("Object Repository/Page_Campaign_Metric_Table/Page_/span_Google Ads_ng-arrow-wrapper")): Object: 'Object Repository/Page_Campaign_Metric_Table/Page_/span_Google Ads_ng-arrow-wrapper' is clicked on

2023-12-22 16:47:45 - [MESSAGE][PASSED] - Object: 'Object Repository/Page_Campaign_Metric_Table/Page_/span_Google Ads_ng-arrow-wrapper' is clicked on

2023-12-22 16:47:45 - [TEST_STEP][PASSED] - verifyElementText(findTestObject("Object Repository/Page_Campaign_Metric_Table/Page_/div_Select Businessline"), "Select Businessline"): Actual text and expected text of test object 'Object Repository/Page_Campaign_Metric_Table/Page_/div_Select Businessline' are matched.

2023-12-22 16:47:45 - [MESSAGE][PASSED] - Actual text and expected text of test object 'Object Repository/Page_Campaign_Metric_Table/Page_/div_Select Businessline' are matched.

2023-12-22 16:47:45 - [TEST_STEP][PASSED] - verifyElementClickable(findTestObject("Object Repository/Page_Campaign_Metric_Table/Page_/span_Buyer_ng-arrow-wrapper")): Object 'Object Repository/Page_Campaign_Metric_Table/Page_/span_Buyer_ng-arrow-wrapper' is clickable

2023-12-22 16:47:46 - [MESSAGE][PASSED] - Object 'Object Repository/Page_Campaign_Metric_Table/Page_/span_Buyer_ng-arrow-wrapper' is clickable

2023-12-22 16:47:46 - [TEST_STEP][PASSED] - click(findTestObject("Object Repository/Page_Campaign_Metric_Table/Page_/span_Buyer_ng-arrow-wrapper")): Object: 'Object Repository/Page_Campaign_Metric_Table/Page_/span_Buyer_ng-arrow-wrapper' is clicked on

2023-12-22 16:47:46 - [MESSAGE][PASSED] - Object: 'Object Repository/Page_Campaign_Metric_Table/Page_/span_Buyer_ng-arrow-wrapper' is clicked on

2023-12-22 16:47:46 - [TEST_STEP][PASSED] - click(findTestObject("Object Repository/Page_Campaign_Metric_Table/Page_/span_Buyer_ng-arrow-wrapper")): Object: 'Object Repository/Page_Campaign_Metric_Table/Page_/span_Buyer_ng-arrow-wrapper' is clicked on

2023-12-22 16:47:47 - [MESSAGE][PASSED] - Object: 'Object Repository/Page_Campaign_Metric_Table/Page_/span_Buyer_ng-arrow-wrapper' is clicked on

2023-12-22 16:47:47 - [TEST_STEP][PASSED] - verifyElementText(findTestObject("Object Repository/Page_Campaign_Metric_Table/Page_/div_Select Campaign Status"), "Select Campaign Status"): Actual text and expected text of test object 'Object Repository/Page_Campaign_Metric_Table/Page_/div_Select Campaign Status' are matched.

2023-12-22 16:47:47 - [MESSAGE][PASSED] - Actual text and expected text of test object 'Object Repository/Page_Campaign_Metric_Table/Page_/div_Select Campaign Status' are matched.

2023-12-22 16:47:47 - [TEST_STEP][PASSED] - verifyElementClickable(findTestObject("Object Repository/Page_Campaign_Metric_Table/Page_/span_ENABLED_ng-arrow-wrapper")): Object 'Object Repository/Page_Campaign_Metric_Table/Page_/span_ENABLED_ng-arrow-wrapper' is clickable

2023-12-22 16:47:47 - [MESSAGE][PASSED] - Object 'Object Repository/Page_Campaign_Metric_Table/Page_/span_ENABLED_ng-arrow-wrapper' is clickable

2023-12-22 16:47:47 - [TEST_STEP][PASSED] - click(findTestObject("Object Repository/Page_Campaign_Metric_Table/Page_/span_ENABLED_ng-arrow-wrapper")): Object: 'Object Repository/Page_Campaign_Metric_Table/Page_/span_ENABLED_ng-arrow-wrapper' is clicked on

2023-12-22 16:47:48 - [MESSAGE][PASSED] - Object: 'Object Repository/Page_Campaign_Metric_Table/Page_/span_ENABLED_ng-arrow-wrapper' is clicked on

2023-12-22 16:47:48 - [TEST_STEP][PASSED] - click(findTestObject("Object Repository/Page_Campaign_Metric_Table/Page_/span_ENABLED_ng-arrow-wrapper")): Object: 'Object Repository/Page_Campaign_Metric_Table/Page_/span_ENABLED_ng-arrow-wrapper' is clicked on

2023-12-22 16:47:48 - [MESSAGE][PASSED] - Object: 'Object Repository/Page_Campaign_Metric_Table/Page_/span_ENABLED_ng-arrow-wrapper' is clicked on

2023-12-22 16:47:48 - [TEST_STEP][PASSED] - verifyElementText(findTestObject("Object Repository/Page_Campaign_Metric_Table/Page_/input_text"), ""): Actual text and expected text of test object 'Object Repository/Page_Campaign_Metric_Table/Page_/input_text' are matched.

2023-12-22 16:47:49 - [MESSAGE][PASSED] - Actual text and expected text of test object 'Object Repository/Page_Campaign_Metric_Table/Page_/input_text' are matched.

2023-12-22 16:47:49 - [TEST_STEP][PASSED] - verifyElementClickable(findTestObject("Object Repository/Page_Campaign_Metric_Table/Page_/span_Select Campaign Name_ng-arrow-wrapper")): Object 'Object Repository/Page_Campaign_Metric_Table/Page_/span_Select Campaign Name_ng-arrow-wrapper' is clickable

2023-12-22 16:48:20 - [MESSAGE][INFO] - Unable to find the element located by 'By.xpath: //mat-tab-body[@id='mat-tab-content-1-2']/div/app-campaign-metric/div/div/div[2]/app-filter-panel/div/div/div/div/div[4]/ng-select/div/span'. Please recheck the objects properties to make sure the desired element is located. 

2023-12-22 16:48:20 - [MESSAGE][WARNING] - [SELF-HEALING] Failed to find element with id 'Object Repository/Page_Campaign_Metric_Table/Page_/span_Select Campaign Name_ng-arrow-wrapper'. Try using Self-healing.

2023-12-22 16:48:21 - [MESSAGE][INFO] - [SELF-HEALING] Failed Locator: '//mat-tab-body[@id='mat-tab-content-1-2']/div/app-campaign-metric/div/div/div[2]/app-filter-panel/div/div/div/div/div[4]/ng-select/div/span'.

2023-12-22 16:48:21 - [MESSAGE][INFO] - [SELF-HEALING] Working Locator: '(.//*[normalize-space(text()) and normalize-space(.)='Select Campaign Name'])[1]/following::span[1]'.

2023-12-22 16:48:21 - [MESSAGE][INFO] - [SELF-HEALING] Screenshot: C:/Users/Pavitra I R/Katalon Studio/Admetrics/Reports/Self-healing/Object Repository/Page_Campaign_Metric_Table/Page_/span_Select Campaign Name_ng-arrow-wrapper_neighbor.png

2023-12-22 16:48:21 - [MESSAGE][WARNING] - [SELF-HEALING] The current locator of test object 'Object Repository/Page_Campaign_Metric_Table/Page_/span_Select Campaign Name_ng-arrow-wrapper' was broken. Propose an alternative one: '(.//*[normalize-space(text()) and normalize-space(.)='Select Campaign Name'])[1]/following::span[1]'.

2023-12-22 16:48:21 - [MESSAGE][PASSED] - Object 'Object Repository/Page_Campaign_Metric_Table/Page_/span_Select Campaign Name_ng-arrow-wrapper' is clickable

2023-12-22 16:48:21 - [TEST_STEP][PASSED] - click(findTestObject("Object Repository/Page_Campaign_Metric_Table/Page_/span_Select Campaign Name_ng-arrow-wrapper_1")): Object: 'Object Repository/Page_Campaign_Metric_Table/Page_/span_Select Campaign Name_ng-arrow-wrapper_1' is clicked on

2023-12-22 16:48:52 - [MESSAGE][INFO] - Unable to find the element located by 'By.xpath: //mat-tab-body[@id='mat-tab-content-1-2']/div/app-campaign-metric/div/div/div[2]/app-filter-panel/div/div/div/div/div[4]/ng-select/div/span'. Please recheck the objects properties to make sure the desired element is located. 

2023-12-22 16:48:52 - [MESSAGE][WARNING] - [SELF-HEALING] Failed to find element with id 'Object Repository/Page_Campaign_Metric_Table/Page_/span_Select Campaign Name_ng-arrow-wrapper_1'. Try using Self-healing.

2023-12-22 16:48:53 - [MESSAGE][INFO] - [SELF-HEALING] Failed Locator: '//mat-tab-body[@id='mat-tab-content-1-2']/div/app-campaign-metric/div/div/div[2]/app-filter-panel/div/div/div/div/div[4]/ng-select/div/span'.

2023-12-22 16:48:53 - [MESSAGE][INFO] - [SELF-HEALING] Working Locator: '(.//*[normalize-space(text()) and normalize-space(.)='Select Campaign Name'])[1]/following::span[1]'.

2023-12-22 16:48:53 - [MESSAGE][INFO] - [SELF-HEALING] Screenshot: C:/Users/Pavitra I R/Katalon Studio/Admetrics/Reports/Self-healing/Object Repository/Page_Campaign_Metric_Table/Page_/span_Select Campaign Name_ng-arrow-wrapper_1_neighbor.png

2023-12-22 16:48:53 - [MESSAGE][WARNING] - [SELF-HEALING] The current locator of test object 'Object Repository/Page_Campaign_Metric_Table/Page_/span_Select Campaign Name_ng-arrow-wrapper_1' was broken. Propose an alternative one: '(.//*[normalize-space(text()) and normalize-space(.)='Select Campaign Name'])[1]/following::span[1]'.

2023-12-22 16:48:53 - [MESSAGE][PASSED] - Object: 'Object Repository/Page_Campaign_Metric_Table/Page_/span_Select Campaign Name_ng-arrow-wrapper_1' is clicked on

2023-12-22 16:48:53 - [TEST_STEP][PASSED] - click(findTestObject("Object Repository/Page_Campaign_Metric_Table/Page_/span_Select Campaign Name_ng-arrow-wrapper_1_2")): Object: 'Object Repository/Page_Campaign_Metric_Table/Page_/span_Select Campaign Name_ng-arrow-wrapper_1_2' is clicked on

2023-12-22 16:49:24 - [MESSAGE][INFO] - Unable to find the element located by 'By.xpath: //mat-tab-body[@id='mat-tab-content-1-2']/div/app-campaign-metric/div/div/div[2]/app-filter-panel/div/div/div/div/div[4]/ng-select/div/span'. Please recheck the objects properties to make sure the desired element is located. 

2023-12-22 16:49:24 - [MESSAGE][WARNING] - [SELF-HEALING] Failed to find element with id 'Object Repository/Page_Campaign_Metric_Table/Page_/span_Select Campaign Name_ng-arrow-wrapper_1_2'. Try using Self-healing.

2023-12-22 16:49:25 - [MESSAGE][INFO] - [SELF-HEALING] Failed Locator: '//mat-tab-body[@id='mat-tab-content-1-2']/div/app-campaign-metric/div/div/div[2]/app-filter-panel/div/div/div/div/div[4]/ng-select/div/span'.

2023-12-22 16:49:25 - [MESSAGE][INFO] - [SELF-HEALING] Working Locator: '(.//*[normalize-space(text()) and normalize-space(.)='Select Campaign Name'])[1]/following::span[1]'.

2023-12-22 16:49:25 - [MESSAGE][INFO] - [SELF-HEALING] Screenshot: C:/Users/Pavitra I R/Katalon Studio/Admetrics/Reports/Self-healing/Object Repository/Page_Campaign_Metric_Table/Page_/span_Select Campaign Name_ng-arrow-wrapper_1_2_neighbor.png

2023-12-22 16:49:25 - [MESSAGE][WARNING] - [SELF-HEALING] The current locator of test object 'Object Repository/Page_Campaign_Metric_Table/Page_/span_Select Campaign Name_ng-arrow-wrapper_1_2' was broken. Propose an alternative one: '(.//*[normalize-space(text()) and normalize-space(.)='Select Campaign Name'])[1]/following::span[1]'.

2023-12-22 16:49:25 - [MESSAGE][PASSED] - Object: 'Object Repository/Page_Campaign_Metric_Table/Page_/span_Select Campaign Name_ng-arrow-wrapper_1_2' is clicked on

2023-12-22 16:49:25 - [TEST_STEP][PASSED] - verifyElementText(findTestObject("Object Repository/Page_Campaign_Metric_Table/Page_/h2_Campaign Metrics"), "Campaign Metrics"): Actual text and expected text of test object 'Object Repository/Page_Campaign_Metric_Table/Page_/h2_Campaign Metrics' are matched.

2023-12-22 16:49:26 - [MESSAGE][PASSED] - Actual text and expected text of test object 'Object Repository/Page_Campaign_Metric_Table/Page_/h2_Campaign Metrics' are matched.

2023-12-22 16:49:26 - [TEST_STEP][PASSED] - verifyElementText(findTestObject("Object Repository/Page_Campaign_Metric_Table/Page_/div_Date"), "Date"): Actual text and expected text of test object 'Object Repository/Page_Campaign_Metric_Table/Page_/div_Date' are matched.

2023-12-22 16:49:26 - [MESSAGE][PASSED] - Actual text and expected text of test object 'Object Repository/Page_Campaign_Metric_Table/Page_/div_Date' are matched.

2023-12-22 16:49:26 - [TEST_STEP][PASSED] - verifyElementClickable(findTestObject("Object Repository/Page_Campaign_Metric_Table/Page_/div_Date_mat-sort-header-arrow ng-trigger n_bdec84")): Object 'Object Repository/Page_Campaign_Metric_Table/Page_/div_Date_mat-sort-header-arrow ng-trigger n_bdec84' is clickable

2023-12-22 16:49:27 - [MESSAGE][PASSED] - Object 'Object Repository/Page_Campaign_Metric_Table/Page_/div_Date_mat-sort-header-arrow ng-trigger n_bdec84' is clickable

2023-12-22 16:49:27 - [TEST_STEP][PASSED] - click(findTestObject("Object Repository/Page_Campaign_Metric_Table/Page_/div_Date_mat-sort-header-arrow ng-trigger n_b9fd18")): Object: 'Object Repository/Page_Campaign_Metric_Table/Page_/div_Date_mat-sort-header-arrow ng-trigger n_b9fd18' is clicked on

2023-12-22 16:49:27 - [MESSAGE][PASSED] - Object: 'Object Repository/Page_Campaign_Metric_Table/Page_/div_Date_mat-sort-header-arrow ng-trigger n_b9fd18' is clicked on

2023-12-22 16:49:27 - [TEST_STEP][PASSED] - verifyElementText(findTestObject("Object Repository/Page_Campaign_Metric_Table/Page_/div_Channel"), "Channel"): Actual text and expected text of test object 'Object Repository/Page_Campaign_Metric_Table/Page_/div_Channel' are matched.

2023-12-22 16:49:27 - [MESSAGE][PASSED] - Actual text and expected text of test object 'Object Repository/Page_Campaign_Metric_Table/Page_/div_Channel' are matched.

2023-12-22 16:49:27 - [TEST_STEP][PASSED] - verifyElementClickable(findTestObject("Object Repository/Page_Campaign_Metric_Table/Page_/div_Channel_mat-sort-header-stem ng-tns-c99-20_1")): Object 'Object Repository/Page_Campaign_Metric_Table/Page_/div_Channel_mat-sort-header-stem ng-tns-c99-20_1' is clickable

2023-12-22 16:49:28 - [MESSAGE][PASSED] - Object 'Object Repository/Page_Campaign_Metric_Table/Page_/div_Channel_mat-sort-header-stem ng-tns-c99-20_1' is clickable

2023-12-22 16:49:28 - [TEST_STEP][PASSED] - click(findTestObject("Object Repository/Page_Campaign_Metric_Table/Page_/div_Channel_mat-sort-header-stem ng-tns-c99-20")): Object: 'Object Repository/Page_Campaign_Metric_Table/Page_/div_Channel_mat-sort-header-stem ng-tns-c99-20' is clicked on

2023-12-22 16:49:28 - [MESSAGE][PASSED] - Object: 'Object Repository/Page_Campaign_Metric_Table/Page_/div_Channel_mat-sort-header-stem ng-tns-c99-20' is clicked on

2023-12-22 16:49:28 - [TEST_STEP][PASSED] - verifyElementText(findTestObject("Object Repository/Page_Campaign_Metric_Table/Page_/div_Campaign Name"), "Campaign Name"): Actual text and expected text of test object 'Object Repository/Page_Campaign_Metric_Table/Page_/div_Campaign Name' are matched.

2023-12-22 16:49:29 - [MESSAGE][PASSED] - Actual text and expected text of test object 'Object Repository/Page_Campaign_Metric_Table/Page_/div_Campaign Name' are matched.

2023-12-22 16:49:29 - [TEST_STEP][PASSED] - verifyElementClickable(findTestObject("Object Repository/Page_Campaign_Metric_Table/Page_/div_Campaign Name_mat-sort-header-stem ng-t_b9447f_1")): Object 'Object Repository/Page_Campaign_Metric_Table/Page_/div_Campaign Name_mat-sort-header-stem ng-t_b9447f_1' is clickable

2023-12-22 16:49:29 - [MESSAGE][PASSED] - Object 'Object Repository/Page_Campaign_Metric_Table/Page_/div_Campaign Name_mat-sort-header-stem ng-t_b9447f_1' is clickable

2023-12-22 16:49:29 - [TEST_STEP][PASSED] - click(findTestObject("Object Repository/Page_Campaign_Metric_Table/Page_/div_Campaign Name_mat-sort-header-stem ng-t_b9447f")): Object: 'Object Repository/Page_Campaign_Metric_Table/Page_/div_Campaign Name_mat-sort-header-stem ng-t_b9447f' is clicked on

2023-12-22 16:49:30 - [MESSAGE][PASSED] - Object: 'Object Repository/Page_Campaign_Metric_Table/Page_/div_Campaign Name_mat-sort-header-stem ng-t_b9447f' is clicked on

2023-12-22 16:49:30 - [TEST_STEP][PASSED] - verifyElementText(findTestObject("Object Repository/Page_Campaign_Metric_Table/Page_/div_Clicks"), "Clicks"): Actual text and expected text of test object 'Object Repository/Page_Campaign_Metric_Table/Page_/div_Clicks' are matched.

2023-12-22 16:49:30 - [MESSAGE][PASSED] - Actual text and expected text of test object 'Object Repository/Page_Campaign_Metric_Table/Page_/div_Clicks' are matched.

2023-12-22 16:49:30 - [TEST_STEP][PASSED] - verifyElementClickable(findTestObject("Object Repository/Page_Campaign_Metric_Table/Page_/div_Clicks_mat-sort-header-arrow ng-trigger_b734c1")): Object 'Object Repository/Page_Campaign_Metric_Table/Page_/div_Clicks_mat-sort-header-arrow ng-trigger_b734c1' is clickable

2023-12-22 16:49:30 - [MESSAGE][PASSED] - Object 'Object Repository/Page_Campaign_Metric_Table/Page_/div_Clicks_mat-sort-header-arrow ng-trigger_b734c1' is clickable

2023-12-22 16:49:30 - [TEST_STEP][PASSED] - click(findTestObject("Object Repository/Page_Campaign_Metric_Table/Page_/div_Clicks_mat-sort-header-arrow ng-trigger_8074dd")): Object: 'Object Repository/Page_Campaign_Metric_Table/Page_/div_Clicks_mat-sort-header-arrow ng-trigger_8074dd' is clicked on

2023-12-22 16:49:31 - [MESSAGE][PASSED] - Object: 'Object Repository/Page_Campaign_Metric_Table/Page_/div_Clicks_mat-sort-header-arrow ng-trigger_8074dd' is clicked on

2023-12-22 16:49:31 - [TEST_STEP][PASSED] - verifyElementText(findTestObject("Object Repository/Page_Campaign_Metric_Table/Page_/div_Impressions"), "Impressions"): Actual text and expected text of test object 'Object Repository/Page_Campaign_Metric_Table/Page_/div_Impressions' are matched.

2023-12-22 16:49:31 - [MESSAGE][PASSED] - Actual text and expected text of test object 'Object Repository/Page_Campaign_Metric_Table/Page_/div_Impressions' are matched.

2023-12-22 16:49:31 - [TEST_STEP][PASSED] - verifyElementClickable(findTestObject("Object Repository/Page_Campaign_Metric_Table/Page_/div_Impressions_mat-sort-header-stem ng-tns-c99-23")): Object 'Object Repository/Page_Campaign_Metric_Table/Page_/div_Impressions_mat-sort-header-stem ng-tns-c99-23' is clickable

2023-12-22 16:49:32 - [MESSAGE][PASSED] - Object 'Object Repository/Page_Campaign_Metric_Table/Page_/div_Impressions_mat-sort-header-stem ng-tns-c99-23' is clickable

2023-12-22 16:49:32 - [TEST_STEP][PASSED] - click(findTestObject("Object Repository/Page_Campaign_Metric_Table/Page_/div_Impressions_mat-sort-header-stem ng-tns-c99-23")): Object: 'Object Repository/Page_Campaign_Metric_Table/Page_/div_Impressions_mat-sort-header-stem ng-tns-c99-23' is clicked on

2023-12-22 16:49:32 - [MESSAGE][PASSED] - Object: 'Object Repository/Page_Campaign_Metric_Table/Page_/div_Impressions_mat-sort-header-stem ng-tns-c99-23' is clicked on

2023-12-22 16:49:32 - [TEST_STEP][PASSED] - verifyElementText(findTestObject("Object Repository/Page_Campaign_Metric_Table/Page_/div_CTR"), "CTR"): Actual text and expected text of test object 'Object Repository/Page_Campaign_Metric_Table/Page_/div_CTR' are matched.

2023-12-22 16:49:33 - [MESSAGE][PASSED] - Actual text and expected text of test object 'Object Repository/Page_Campaign_Metric_Table/Page_/div_CTR' are matched.

2023-12-22 16:49:33 - [TEST_STEP][PASSED] - verifyElementClickable(findTestObject("Object Repository/Page_Campaign_Metric_Table/Page_/div_CTR_mat-sort-header-arrow ng-trigger ng_a76ce1")): Object 'Object Repository/Page_Campaign_Metric_Table/Page_/div_CTR_mat-sort-header-arrow ng-trigger ng_a76ce1' is clickable

2023-12-22 16:49:33 - [MESSAGE][PASSED] - Object 'Object Repository/Page_Campaign_Metric_Table/Page_/div_CTR_mat-sort-header-arrow ng-trigger ng_a76ce1' is clickable

2023-12-22 16:49:33 - [TEST_STEP][PASSED] - click(findTestObject("Object Repository/Page_Campaign_Metric_Table/Page_/div_CTR_mat-sort-header-arrow ng-trigger ng_379991")): Object: 'Object Repository/Page_Campaign_Metric_Table/Page_/div_CTR_mat-sort-header-arrow ng-trigger ng_379991' is clicked on

2023-12-22 16:49:34 - [MESSAGE][PASSED] - Object: 'Object Repository/Page_Campaign_Metric_Table/Page_/div_CTR_mat-sort-header-arrow ng-trigger ng_379991' is clicked on

2023-12-22 16:49:34 - [TEST_STEP][PASSED] - verifyElementText(findTestObject("Object Repository/Page_Campaign_Metric_Table/Page_/div_Reach"), "Reach"): Actual text and expected text of test object 'Object Repository/Page_Campaign_Metric_Table/Page_/div_Reach' are matched.

2023-12-22 16:49:34 - [MESSAGE][PASSED] - Actual text and expected text of test object 'Object Repository/Page_Campaign_Metric_Table/Page_/div_Reach' are matched.

2023-12-22 16:49:34 - [TEST_STEP][PASSED] - verifyElementClickable(findTestObject("Object Repository/Page_Campaign_Metric_Table/Page_/div_Reach_mat-sort-header-arrow ng-trigger _8c97b8")): Object 'Object Repository/Page_Campaign_Metric_Table/Page_/div_Reach_mat-sort-header-arrow ng-trigger _8c97b8' is clickable

2023-12-22 16:49:35 - [MESSAGE][PASSED] - Object 'Object Repository/Page_Campaign_Metric_Table/Page_/div_Reach_mat-sort-header-arrow ng-trigger _8c97b8' is clickable

2023-12-22 16:49:35 - [TEST_STEP][PASSED] - click(findTestObject("Object Repository/Page_Campaign_Metric_Table/Page_/div_Reach_mat-sort-header-pointer-right ng-_fc1ecb")): Object: 'Object Repository/Page_Campaign_Metric_Table/Page_/div_Reach_mat-sort-header-pointer-right ng-_fc1ecb' is clicked on

2023-12-22 16:49:35 - [MESSAGE][PASSED] - Object: 'Object Repository/Page_Campaign_Metric_Table/Page_/div_Reach_mat-sort-header-pointer-right ng-_fc1ecb' is clicked on

2023-12-22 16:49:35 - [TEST_STEP][PASSED] - verifyElementText(findTestObject("Object Repository/Page_Campaign_Metric_Table/Page_/div_Spend"), "Spend"): Actual text and expected text of test object 'Object Repository/Page_Campaign_Metric_Table/Page_/div_Spend' are matched.

2023-12-22 16:49:36 - [MESSAGE][PASSED] - Actual text and expected text of test object 'Object Repository/Page_Campaign_Metric_Table/Page_/div_Spend' are matched.

2023-12-22 16:49:36 - [TEST_STEP][PASSED] - verifyElementClickable(findTestObject("Object Repository/Page_Campaign_Metric_Table/Page_/div_Spend_mat-sort-header-arrow ng-trigger _89bf05")): Object 'Object Repository/Page_Campaign_Metric_Table/Page_/div_Spend_mat-sort-header-arrow ng-trigger _89bf05' is clickable

2023-12-22 16:49:36 - [MESSAGE][PASSED] - Object 'Object Repository/Page_Campaign_Metric_Table/Page_/div_Spend_mat-sort-header-arrow ng-trigger _89bf05' is clickable

2023-12-22 16:49:36 - [TEST_STEP][PASSED] - click(findTestObject("Object Repository/Page_Campaign_Metric_Table/Page_/div_Spend_mat-sort-header-arrow ng-trigger _89bf05")): Object: 'Object Repository/Page_Campaign_Metric_Table/Page_/div_Spend_mat-sort-header-arrow ng-trigger _89bf05' is clicked on

2023-12-22 16:49:36 - [MESSAGE][PASSED] - Object: 'Object Repository/Page_Campaign_Metric_Table/Page_/div_Spend_mat-sort-header-arrow ng-trigger _89bf05' is clicked on

2023-12-22 16:49:36 - [TEST_STEP][PASSED] - verifyElementText(findTestObject("Object Repository/Page_Campaign_Metric_Table/Page_/div_Items per page"), "Items per page:"): Actual text and expected text of test object 'Object Repository/Page_Campaign_Metric_Table/Page_/div_Items per page' are matched.

2023-12-22 16:49:37 - [MESSAGE][PASSED] - Actual text and expected text of test object 'Object Repository/Page_Campaign_Metric_Table/Page_/div_Items per page' are matched.

2023-12-22 16:49:37 - [TEST_STEP][PASSED] - verifyElementClickable(findTestObject("Object Repository/Page_Campaign_Metric_Table/Page_/div_Items per page_mat-select-arrow ng-tns-c110-18")): Object 'Object Repository/Page_Campaign_Metric_Table/Page_/div_Items per page_mat-select-arrow ng-tns-c110-18' is clickable

2023-12-22 16:50:08 - [MESSAGE][INFO] - Unable to find the element located by 'By.xpath: //mat-select[@id='mat-select-2']/div/div[2]/div'. Please recheck the objects properties to make sure the desired element is located. 

2023-12-22 16:50:08 - [MESSAGE][WARNING] - [SELF-HEALING] Failed to find element with id 'Object Repository/Page_Campaign_Metric_Table/Page_/div_Items per page_mat-select-arrow ng-tns-c110-18'. Try using Self-healing.

2023-12-22 16:50:08 - [MESSAGE][INFO] - [SELF-HEALING] Failed Locator: '//mat-select[@id='mat-select-2']/div/div[2]/div'.

2023-12-22 16:50:09 - [MESSAGE][INFO] - [SELF-HEALING] Working Locator: '//mat-select/div/div[2]/div'.

2023-12-22 16:50:09 - [MESSAGE][INFO] - [SELF-HEALING] Screenshot: C:/Users/Pavitra I R/Katalon Studio/Admetrics/Reports/Self-healing/Object Repository/Page_Campaign_Metric_Table/Page_/div_Items per page_mat-select-arrow ng-tns-c110-18_position.png

2023-12-22 16:50:09 - [MESSAGE][WARNING] - [SELF-HEALING] The current locator of test object 'Object Repository/Page_Campaign_Metric_Table/Page_/div_Items per page_mat-select-arrow ng-tns-c110-18' was broken. Propose an alternative one: '//mat-select/div/div[2]/div'.

2023-12-22 16:50:09 - [MESSAGE][PASSED] - Object 'Object Repository/Page_Campaign_Metric_Table/Page_/div_Items per page_mat-select-arrow ng-tns-c110-18' is clickable

2023-12-22 16:50:09 - [TEST_STEP][PASSED] - click(findTestObject("Object Repository/Page_Campaign_Metric_Table/Page_/div_Items per page_mat-select-arrow ng-tns-c110-18")): Object: 'Object Repository/Page_Campaign_Metric_Table/Page_/div_Items per page_mat-select-arrow ng-tns-c110-18' is clicked on

2023-12-22 16:50:40 - [MESSAGE][INFO] - Unable to find the element located by 'By.xpath: //mat-select[@id='mat-select-2']/div/div[2]/div'. Please recheck the objects properties to make sure the desired element is located. 

2023-12-22 16:50:40 - [MESSAGE][WARNING] - [SELF-HEALING] Failed to find element with id 'Object Repository/Page_Campaign_Metric_Table/Page_/div_Items per page_mat-select-arrow ng-tns-c110-18'. Try using Self-healing.

2023-12-22 16:50:40 - [MESSAGE][WARNING] - [SELF-HEALING] The current locator of test object 'Object Repository/Page_Campaign_Metric_Table/Page_/div_Items per page_mat-select-arrow ng-tns-c110-18' was broken. Propose an alternative one: '//mat-select/div/div[2]/div'.

2023-12-22 16:50:41 - [MESSAGE][PASSED] - Object: 'Object Repository/Page_Campaign_Metric_Table/Page_/div_Items per page_mat-select-arrow ng-tns-c110-18' is clicked on

2023-12-22 16:50:41 - [TEST_STEP][PASSED] - click(findTestObject("Object Repository/Page_Campaign_Metric_Table/Page_/span_10")): Object: 'Object Repository/Page_Campaign_Metric_Table/Page_/span_10' is clicked on

2023-12-22 16:51:12 - [MESSAGE][INFO] - Unable to find the element located by 'By.xpath: //mat-option[@id='mat-option-5']/span'. Please recheck the objects properties to make sure the desired element is located. 

2023-12-22 16:51:12 - [MESSAGE][WARNING] - [SELF-HEALING] Failed to find element with id 'Object Repository/Page_Campaign_Metric_Table/Page_/span_10'. Try using Self-healing.

2023-12-22 16:51:12 - [MESSAGE][WARNING] - [SELF-HEALING] The current locator of test object 'Object Repository/Page_Campaign_Metric_Table/Page_/span_10' was broken. Propose an alternative one: '(.//*[normalize-space(text()) and normalize-space(.)='Sort'])[1]/following::span[2]'.

2023-12-22 16:51:12 - [MESSAGE][PASSED] - Object: 'Object Repository/Page_Campaign_Metric_Table/Page_/span_10' is clicked on

2023-12-22 16:51:12 - [TEST_STEP][PASSED] - click(findTestObject("Object Repository/Page_Campaign_Metric_Table/Page_/div_Items per page_mat-select-arrow-wrapper_f05958")): Object: 'Object Repository/Page_Campaign_Metric_Table/Page_/div_Items per page_mat-select-arrow-wrapper_f05958' is clicked on

2023-12-22 16:51:44 - [MESSAGE][INFO] - Unable to find the element located by 'By.xpath: //mat-select[@id='mat-select-2']/div/div[2]'. Please recheck the objects properties to make sure the desired element is located. 

2023-12-22 16:51:44 - [MESSAGE][WARNING] - [SELF-HEALING] Failed to find element with id 'Object Repository/Page_Campaign_Metric_Table/Page_/div_Items per page_mat-select-arrow-wrapper_f05958'. Try using Self-healing.

2023-12-22 16:51:44 - [MESSAGE][INFO] - [SELF-HEALING] Failed Locator: '//mat-select[@id='mat-select-2']/div/div[2]'.

2023-12-22 16:51:44 - [MESSAGE][INFO] - [SELF-HEALING] Working Locator: '(.//*[normalize-space(text()) and normalize-space(.)='Items per page:'])[1]/following::div[6]'.

2023-12-22 16:51:44 - [MESSAGE][INFO] - [SELF-HEALING] Screenshot: C:/Users/Pavitra I R/Katalon Studio/Admetrics/Reports/Self-healing/Object Repository/Page_Campaign_Metric_Table/Page_/div_Items per page_mat-select-arrow-wrapper_f05958_neighbor.png

2023-12-22 16:51:44 - [MESSAGE][WARNING] - [SELF-HEALING] The current locator of test object 'Object Repository/Page_Campaign_Metric_Table/Page_/div_Items per page_mat-select-arrow-wrapper_f05958' was broken. Propose an alternative one: '(.//*[normalize-space(text()) and normalize-space(.)='Items per page:'])[1]/following::div[6]'.

2023-12-22 16:51:44 - [MESSAGE][PASSED] - Object: 'Object Repository/Page_Campaign_Metric_Table/Page_/div_Items per page_mat-select-arrow-wrapper_f05958' is clicked on

2023-12-22 16:51:44 - [TEST_STEP][PASSED] - click(findTestObject("Object Repository/Page_Campaign_Metric_Table/Page_/span_20")): Object: 'Object Repository/Page_Campaign_Metric_Table/Page_/span_20' is clicked on

2023-12-22 16:52:16 - [MESSAGE][INFO] - Unable to find the element located by 'By.xpath: //mat-option[@id='mat-option-6']/span'. Please recheck the objects properties to make sure the desired element is located. 

2023-12-22 16:52:16 - [MESSAGE][WARNING] - [SELF-HEALING] Failed to find element with id 'Object Repository/Page_Campaign_Metric_Table/Page_/span_20'. Try using Self-healing.

2023-12-22 16:52:16 - [MESSAGE][WARNING] - [SELF-HEALING] The current locator of test object 'Object Repository/Page_Campaign_Metric_Table/Page_/span_20' was broken. Propose an alternative one: '(.//*[normalize-space(text()) and normalize-space(.)='Sort'])[1]/following::span[3]'.

2023-12-22 16:52:16 - [MESSAGE][PASSED] - Object: 'Object Repository/Page_Campaign_Metric_Table/Page_/span_20' is clicked on

2023-12-22 16:52:16 - [TEST_STEP][PASSED] - click(findTestObject("Object Repository/Page_Campaign_Metric_Table/Page_/div_Items per page_mat-select-arrow-wrapper_f05958")): Object: 'Object Repository/Page_Campaign_Metric_Table/Page_/div_Items per page_mat-select-arrow-wrapper_f05958' is clicked on

2023-12-22 16:52:47 - [MESSAGE][INFO] - Unable to find the element located by 'By.xpath: //mat-select[@id='mat-select-2']/div/div[2]'. Please recheck the objects properties to make sure the desired element is located. 

2023-12-22 16:52:47 - [MESSAGE][WARNING] - [SELF-HEALING] Failed to find element with id 'Object Repository/Page_Campaign_Metric_Table/Page_/div_Items per page_mat-select-arrow-wrapper_f05958'. Try using Self-healing.

2023-12-22 16:52:48 - [MESSAGE][WARNING] - [SELF-HEALING] The current locator of test object 'Object Repository/Page_Campaign_Metric_Table/Page_/div_Items per page_mat-select-arrow-wrapper_f05958' was broken. Propose an alternative one: '(.//*[normalize-space(text()) and normalize-space(.)='Items per page:'])[1]/following::div[6]'.

2023-12-22 16:52:48 - [MESSAGE][PASSED] - Object: 'Object Repository/Page_Campaign_Metric_Table/Page_/div_Items per page_mat-select-arrow-wrapper_f05958' is clicked on

2023-12-22 16:52:48 - [TEST_STEP][PASSED] - click(findTestObject("Object Repository/Page_Campaign_Metric_Table/Page_/span_30")): Object: 'Object Repository/Page_Campaign_Metric_Table/Page_/span_30' is clicked on

2023-12-22 16:53:19 - [MESSAGE][INFO] - Unable to find the element located by 'By.xpath: //mat-option[@id='mat-option-7']/span'. Please recheck the objects properties to make sure the desired element is located. 

2023-12-22 16:53:19 - [MESSAGE][WARNING] - [SELF-HEALING] Failed to find element with id 'Object Repository/Page_Campaign_Metric_Table/Page_/span_30'. Try using Self-healing.

2023-12-22 16:53:19 - [MESSAGE][WARNING] - [SELF-HEALING] The current locator of test object 'Object Repository/Page_Campaign_Metric_Table/Page_/span_30' was broken. Propose an alternative one: '(.//*[normalize-space(text()) and normalize-space(.)='Sort'])[1]/following::span[4]'.

2023-12-22 16:53:19 - [MESSAGE][PASSED] - Object: 'Object Repository/Page_Campaign_Metric_Table/Page_/span_30' is clicked on

2023-12-22 16:53:19 - [TEST_STEP][PASSED] - callTestCase(findTestCase("Reusable_Functions/Arrow_buttons"), [:], CONTINUE_ON_FAILURE): Call Test Case 'Test Cases/Reusable_Functions/Arrow_buttons' successfully

2023-12-22 16:53:19 - [TEST_CASE][PASSED] - Test Cases/Reusable_Functions/Arrow_buttons: Test Cases/Reusable_Functions/Arrow_buttons

2023-12-22 16:53:19 - [TEST_STEP][PASSED] - verifyElementClickable(findTestObject("Object Repository/Page_Arrow_Buttons/Page_/svg_Items per page_mat-paginator-icon")): Object 'Object Repository/Page_Arrow_Buttons/Page_/svg_Items per page_mat-paginator-icon' is clickable

2023-12-22 16:53:20 - [MESSAGE][PASSED] - Object 'Object Repository/Page_Arrow_Buttons/Page_/svg_Items per page_mat-paginator-icon' is clickable

2023-12-22 16:53:20 - [TEST_STEP][PASSED] - click(findTestObject("Object Repository/Page_Arrow_Buttons/Page_/svg_Items per page_mat-paginator-icon")): Object: 'Object Repository/Page_Arrow_Buttons/Page_/svg_Items per page_mat-paginator-icon' is clicked on

2023-12-22 16:53:20 - [MESSAGE][PASSED] - Object: 'Object Repository/Page_Arrow_Buttons/Page_/svg_Items per page_mat-paginator-icon' is clicked on

2023-12-22 16:53:20 - [TEST_STEP][PASSED] - verifyElementClickable(findTestObject("Object Repository/Page_Arrow_Buttons/Page_/svg_Items per page_mat-paginator-icon_1")): Object 'Object Repository/Page_Arrow_Buttons/Page_/svg_Items per page_mat-paginator-icon_1' is clickable

2023-12-22 16:53:21 - [MESSAGE][PASSED] - Object 'Object Repository/Page_Arrow_Buttons/Page_/svg_Items per page_mat-paginator-icon_1' is clickable

2023-12-22 16:53:21 - [TEST_STEP][PASSED] - click(findTestObject("Object Repository/Page_Arrow_Buttons/Page_/svg_Items per page_mat-paginator-icon_1")): Object: 'Object Repository/Page_Arrow_Buttons/Page_/svg_Items per page_mat-paginator-icon_1' is clicked on

2023-12-22 16:53:22 - [MESSAGE][PASSED] - Object: 'Object Repository/Page_Arrow_Buttons/Page_/svg_Items per page_mat-paginator-icon_1' is clicked on

2023-12-22 16:53:22 - [MESSAGE][INFO] - 

2023-12-22 16:53:22 - [MESSAGE][INFO] - ===================== Self-healing Report ====================

2023-12-22 16:53:22 - [MESSAGE][INFO] - One of the failed test object locators has been recovered by Self-healing. Please refer to the Self-healing Insights tab for more details.

2023-12-22 16:53:22 - [MESSAGE][INFO] - To learn more about Self-healing, please read https://docs.katalon.com/katalon-studio/docs/self-healing.html

2023-12-22 16:53:22 - [MESSAGE][INFO] - ==============================================================

2023-12-22 16:53:22 - [MESSAGE][PASSED] - Call Test Case 'Test Cases/Reusable_Functions/Arrow_buttons' successfully

2023-12-22 16:53:22 - [TEST_STEP][PASSED] - delay(2): Delayed 2 second(s)

2023-12-22 16:53:24 - [MESSAGE][PASSED] - Delayed 2 second(s)

2023-12-22 16:53:24 - [TEST_STEP][PASSED] - closeBrowser(): Browser is closed

2023-12-22 16:53:25 - [MESSAGE][PASSED] - Browser is closed]]></system-out>
         <system-err><![CDATA[]]></system-err>
      </testcase>
      <system-out><![CDATA[2023-12-22 15:52:56 - [TEST_SUITE][PASSED] - Function_test: Test Cases/Campaign/test_campaign_metric_table]]></system-out>
      <system-err><![CDATA[]]></system-err>
   </testsuite>
</testsuites>
