<?xml version="1.0" encoding="UTF-8"?>
<testsuites name="Function_test" time="4167.94" tests="52" failures="0" errors="0">
   <testsuite name="Function_test" tests="52" failures="0" errors="0" time="4167.94" skipped="0" timestamp="11-01-2024T15:29:38" hostname="Pavitra I R - DESKTOP-MFB1Q4P" id="Test Suites/Function_test">
      <properties>
         <property name="deviceName" value=""/>
         <property name="devicePlatform" value=""/>
         <property name="logFolder" value="C:\\Users\\Pavitra I R\\Katalon Studio\\Admetrics\\Reports\\20240111_152932\\Function_test\\20240111_152932"/>
         <property name="logFiles" value="C:\\Users\\Pavitra I R\\Katalon Studio\\Admetrics\\Reports\\20240111_152932\\Function_test\\20240111_152932\\execution0.log"/>
         <property name="attachments" value=""/>
         <property name="hostName" value="Pavitra I R - DESKTOP-MFB1Q4P"/>
         <property name="os" value="Windows 10 64bit"/>
         <property name="katalonVersion" value="9.2.0.212"/>
         <property name="browser" value="Chrome 120.0.0.0"/>
         <property name="hostAddress" value="192.168.1.115"/>
         <property name="sessionId" value="6cd24d19268fd64c1f44f429edf3bb8d"/>
         <property name="seleniumVersion" value="3.141.59"/>
         <property name="proxyInformation" value="ProxyInformation { proxyOption=NO_PROXY, proxyServerType=HTTP, username=, password=********, proxyServerAddress=, proxyServerPort=0, executionList=&quot;&quot;, isApplyToDesiredCapabilities=true }"/>
         <property name="platform" value="Windows 10"/>
      </properties>
      <testcase name="Test Cases/Login_Page/test_verify_project_title" time="68.324" classname="Test Cases/Login_Page/test_verify_project_title" status="PASSED">
         <system-out><![CDATA[11-01-2024T15:29:38 - [TEST_CASE][PASSED] - Test Cases/Login_Page/test_verify_project_title: Test Cases/Login_Page/test_verify_project_title

11-01-2024T15:29:38 - [TEST_STEP][PASSED] - openBrowser(""): Browser is opened with url: ''

11-01-2024T15:29:39 - [MESSAGE][INFO] - Starting 'Chrome' driver

11-01-2024T15:29:39 - [MESSAGE][INFO] - Action delay is set to 0 milliseconds

11-01-2024T15:29:40 - [MESSAGE][PASSED] - Browser is opened with url: ''

11-01-2024T15:29:40 - [TEST_STEP][PASSED] - maximizeWindow(): Current window maximized

11-01-2024T15:29:40 - [MESSAGE][PASSED] - Current window maximized

11-01-2024T15:29:40 - [TEST_STEP][PASSED] - navigateToUrl("https://dash.admetrics.ai/#/login
"): Navigate to 'https://dash.admetrics.ai/#/login' successfully

11-01-2024T15:29:41 - [MESSAGE][PASSED] - Navigate to 'https://dash.admetrics.ai/#/login' successfully

11-01-2024T15:29:41 - [TEST_STEP][PASSED] - verifyElementVisible(findTestObject("Object Repository/Page_Project_Title/Page_/img_User ID_logoImg mr-3")): Object 'Object Repository/Page_Project_Title/Page_/img_User ID_logoImg mr-3' is visible

11-01-2024T15:30:12 - [MESSAGE][INFO] - Unable to find the element located by 'By.xpath: //div[@id='background']/div/div/div/div/div/img'. Please recheck the objects properties to make sure the desired element is located. 

11-01-2024T15:30:12 - [MESSAGE][WARNING] - [SELF-HEALING] Failed to find element with id 'Object Repository/Page_Project_Title/Page_/img_User ID_logoImg mr-3'. Try using Self-healing.

11-01-2024T15:30:12 - [MESSAGE][WARNING] - [SELF-HEALING] The current locator of test object 'Object Repository/Page_Project_Title/Page_/img_User ID_logoImg mr-3' was broken. Propose an alternative one: '//img'.

11-01-2024T15:30:13 - [MESSAGE][PASSED] - Object 'Object Repository/Page_Project_Title/Page_/img_User ID_logoImg mr-3' is visible

11-01-2024T15:30:13 - [TEST_STEP][PASSED] - verifyElementText(findTestObject("Object Repository/Page_Project_Title/Page_/p_admetrics"), "admetrics"): Actual text and expected text of test object 'Object Repository/Page_Project_Title/Page_/p_admetrics' are matched.

11-01-2024T15:30:44 - [MESSAGE][INFO] - Unable to find the element located by 'By.xpath: //div[@id='background']/div/div/div/div/p'. Please recheck the objects properties to make sure the desired element is located. 

11-01-2024T15:30:44 - [MESSAGE][WARNING] - [SELF-HEALING] Failed to find element with id 'Object Repository/Page_Project_Title/Page_/p_admetrics'. Try using Self-healing.

11-01-2024T15:30:44 - [MESSAGE][WARNING] - [SELF-HEALING] The current locator of test object 'Object Repository/Page_Project_Title/Page_/p_admetrics' was broken. Propose an alternative one: '(.//*[normalize-space(text()) and normalize-space(.)='User ID'])[1]/preceding::p[1]'.

11-01-2024T15:30:44 - [MESSAGE][PASSED] - Actual text and expected text of test object 'Object Repository/Page_Project_Title/Page_/p_admetrics' are matched.

11-01-2024T15:30:44 - [TEST_STEP][PASSED] - verifyElementText(findTestObject("Object Repository/Page_Project_Title/Page_/label_User ID"), "User ID"): Actual text and expected text of test object 'Object Repository/Page_Project_Title/Page_/label_User ID' are matched.

11-01-2024T15:30:44 - [MESSAGE][PASSED] - Actual text and expected text of test object 'Object Repository/Page_Project_Title/Page_/label_User ID' are matched.

11-01-2024T15:30:44 - [TEST_STEP][PASSED] - verifyElementText(findTestObject("Object Repository/Page_Project_Title/Page_/input_User ID_username"), ""): Actual text and expected text of test object 'Object Repository/Page_Project_Title/Page_/input_User ID_username' are matched.

11-01-2024T15:30:45 - [MESSAGE][PASSED] - Actual text and expected text of test object 'Object Repository/Page_Project_Title/Page_/input_User ID_username' are matched.

11-01-2024T15:30:45 - [TEST_STEP][PASSED] - verifyElementText(findTestObject("Object Repository/Page_Project_Title/Page_/label_Password"), "Password"): Actual text and expected text of test object 'Object Repository/Page_Project_Title/Page_/label_Password' are matched.

11-01-2024T15:30:45 - [MESSAGE][PASSED] - Actual text and expected text of test object 'Object Repository/Page_Project_Title/Page_/label_Password' are matched.

11-01-2024T15:30:45 - [TEST_STEP][PASSED] - verifyElementText(findTestObject("Object Repository/Page_Project_Title/Page_/input_Password_password"), ""): Actual text and expected text of test object 'Object Repository/Page_Project_Title/Page_/input_Password_password' are matched.

11-01-2024T15:30:46 - [MESSAGE][PASSED] - Actual text and expected text of test object 'Object Repository/Page_Project_Title/Page_/input_Password_password' are matched.

11-01-2024T15:30:46 - [TEST_STEP][PASSED] - verifyElementText(findTestObject("Object Repository/Page_Project_Title/Page_/button_Login"), "Login"): Actual text and expected text of test object 'Object Repository/Page_Project_Title/Page_/button_Login' are matched.

11-01-2024T15:30:46 - [MESSAGE][PASSED] - Actual text and expected text of test object 'Object Repository/Page_Project_Title/Page_/button_Login' are matched.

11-01-2024T15:30:46 - [TEST_STEP][PASSED] - verifyElementClickable(findTestObject("Object Repository/Page_Project_Title/Page_/button_Login")): Object 'Object Repository/Page_Project_Title/Page_/button_Login' is clickable

11-01-2024T15:30:46 - [MESSAGE][PASSED] - Object 'Object Repository/Page_Project_Title/Page_/button_Login' is clickable]]></system-out>
         <system-err><![CDATA[]]></system-err>
      </testcase>
      <testcase name="Test Cases/Login_Page/test_empty_credentials" time="1.605" classname="Test Cases/Login_Page/test_empty_credentials" status="PASSED">
         <system-out><![CDATA[11-01-2024T15:30:46 - [TEST_CASE][PASSED] - Test Cases/Login_Page/test_empty_credentials: Test Cases/Login_Page/test_empty_credentials

11-01-2024T15:30:47 - [TEST_STEP][PASSED] - click(findTestObject("Object Repository/Page_Empty_credentials/Page_/input_User ID_username")): Object: 'Object Repository/Page_Empty_credentials/Page_/input_User ID_username' is clicked on

11-01-2024T15:30:47 - [MESSAGE][PASSED] - Object: 'Object Repository/Page_Empty_credentials/Page_/input_User ID_username' is clicked on

11-01-2024T15:30:47 - [TEST_STEP][PASSED] - click(findTestObject("Object Repository/Page_Empty_credentials/Page_/button_Login")): Object: 'Object Repository/Page_Empty_credentials/Page_/button_Login' is clicked on

11-01-2024T15:30:48 - [MESSAGE][PASSED] - Object: 'Object Repository/Page_Empty_credentials/Page_/button_Login' is clicked on

11-01-2024T15:30:48 - [TEST_STEP][PASSED] - verifyElementText(findTestObject("Object Repository/Page_Empty_credentials/Page_/span_Invalid Credentials"), "Invalid Credentials"): Actual text and expected text of test object 'Object Repository/Page_Empty_credentials/Page_/span_Invalid Credentials' are matched.

11-01-2024T15:30:48 - [MESSAGE][PASSED] - Actual text and expected text of test object 'Object Repository/Page_Empty_credentials/Page_/span_Invalid Credentials' are matched.]]></system-out>
         <system-err><![CDATA[]]></system-err>
      </testcase>
      <testcase name="Test Cases/Login_Page/test_invalidusername_validpassword" time="2.031" classname="Test Cases/Login_Page/test_invalidusername_validpassword" status="PASSED">
         <system-out><![CDATA[11-01-2024T15:30:48 - [TEST_CASE][PASSED] - Test Cases/Login_Page/test_invalidusername_validpassword: Test Cases/Login_Page/test_invalidusername_validpassword

11-01-2024T15:30:48 - [TEST_STEP][PASSED] - setText(findTestObject("Object Repository/Page_invalid_valid/Page_/input_User ID_username"), "tibil"): Text 'tibil' is set on object 'Object Repository/Page_invalid_valid/Page_/input_User ID_username'

11-01-2024T15:30:49 - [MESSAGE][PASSED] - Text 'tibil' is set on object 'Object Repository/Page_invalid_valid/Page_/input_User ID_username'

11-01-2024T15:30:49 - [TEST_STEP][PASSED] - setEncryptedText(findTestObject("Object Repository/Page_invalid_valid/Page_/input_Password_password"), "7Dxoto1EjKfQbGop/Ov+1g=="): Text ****** has been set on object 'Object Repository/Page_invalid_valid/Page_/input_Password_password'

11-01-2024T15:30:49 - [MESSAGE][PASSED] - Text ****** has been set on object 'Object Repository/Page_invalid_valid/Page_/input_Password_password'

11-01-2024T15:30:49 - [TEST_STEP][PASSED] - click(findTestObject("Object Repository/Page_invalid_valid/Page_/button_Login")): Object: 'Object Repository/Page_invalid_valid/Page_/button_Login' is clicked on

11-01-2024T15:30:50 - [MESSAGE][PASSED] - Object: 'Object Repository/Page_invalid_valid/Page_/button_Login' is clicked on

11-01-2024T15:30:50 - [TEST_STEP][PASSED] - verifyElementText(findTestObject("Object Repository/Page_invalid_valid/Page_/span_Invalid Credentials"), "Invalid Credentials"): Actual text and expected text of test object 'Object Repository/Page_invalid_valid/Page_/span_Invalid Credentials' are matched.

11-01-2024T15:30:50 - [MESSAGE][PASSED] - Actual text and expected text of test object 'Object Repository/Page_invalid_valid/Page_/span_Invalid Credentials' are matched.]]></system-out>
         <system-err><![CDATA[]]></system-err>
      </testcase>
      <testcase name="Test Cases/Login_Page/test_validate_login_page" time="2.003" classname="Test Cases/Login_Page/test_validate_login_page" status="PASSED">
         <system-out><![CDATA[11-01-2024T15:30:50 - [TEST_CASE][PASSED] - Test Cases/Login_Page/test_validate_login_page: Test Cases/Login_Page/test_validate_login_page

11-01-2024T15:30:50 - [TEST_STEP][PASSED] - setText(findTestObject("Object Repository/Page_Invalid/Page_/input_User ID_username"), username): Text '' is set on object 'Object Repository/Page_Invalid/Page_/input_User ID_username'

11-01-2024T15:30:51 - [MESSAGE][PASSED] - Text '' is set on object 'Object Repository/Page_Invalid/Page_/input_User ID_username'

11-01-2024T15:30:51 - [TEST_STEP][PASSED] - setEncryptedText(findTestObject("Object Repository/Page_Invalid/Page_/input_Password_password"), password): Text ****** has been set on object 'Object Repository/Page_Invalid/Page_/input_Password_password'

11-01-2024T15:30:51 - [MESSAGE][PASSED] - Text ****** has been set on object 'Object Repository/Page_Invalid/Page_/input_Password_password'

11-01-2024T15:30:51 - [TEST_STEP][PASSED] - click(findTestObject("Object Repository/Page_Invalid/Page_/button_Login")): Object: 'Object Repository/Page_Invalid/Page_/button_Login' is clicked on

11-01-2024T15:30:52 - [MESSAGE][PASSED] - Object: 'Object Repository/Page_Invalid/Page_/button_Login' is clicked on

11-01-2024T15:30:52 - [TEST_STEP][PASSED] - verifyElementText(findTestObject("Object Repository/Page_Invalid/Page_/span_Invalid Credentials"), "Invalid Credentials"): Actual text and expected text of test object 'Object Repository/Page_Invalid/Page_/span_Invalid Credentials' are matched.

11-01-2024T15:30:52 - [MESSAGE][PASSED] - Actual text and expected text of test object 'Object Repository/Page_Invalid/Page_/span_Invalid Credentials' are matched.]]></system-out>
         <system-err><![CDATA[]]></system-err>
      </testcase>
      <testcase name="Test Cases/Login_Page/test_validusername_invalipassword" time="2.089" classname="Test Cases/Login_Page/test_validusername_invalipassword" status="PASSED">
         <system-out><![CDATA[11-01-2024T15:30:52 - [TEST_CASE][PASSED] - Test Cases/Login_Page/test_validusername_invalipassword: Test Cases/Login_Page/test_validusername_invalipassword

11-01-2024T15:30:52 - [TEST_STEP][PASSED] - setText(findTestObject("Object Repository/Page_valid_invalid/Page_/input_User ID_username"), "admin"): Text 'admin' is set on object 'Object Repository/Page_valid_invalid/Page_/input_User ID_username'

11-01-2024T15:30:53 - [MESSAGE][PASSED] - Text 'admin' is set on object 'Object Repository/Page_valid_invalid/Page_/input_User ID_username'

11-01-2024T15:30:53 - [TEST_STEP][PASSED] - setEncryptedText(findTestObject("Object Repository/Page_valid_invalid/Page_/input_Password_password"), "RSNArcc3BqI="): Text ****** has been set on object 'Object Repository/Page_valid_invalid/Page_/input_Password_password'

11-01-2024T15:30:53 - [MESSAGE][PASSED] - Text ****** has been set on object 'Object Repository/Page_valid_invalid/Page_/input_Password_password'

11-01-2024T15:30:53 - [TEST_STEP][PASSED] - click(findTestObject("Object Repository/Page_valid_invalid/Page_/button_Login")): Object: 'Object Repository/Page_valid_invalid/Page_/button_Login' is clicked on

11-01-2024T15:30:54 - [MESSAGE][PASSED] - Object: 'Object Repository/Page_valid_invalid/Page_/button_Login' is clicked on

11-01-2024T15:30:54 - [TEST_STEP][PASSED] - verifyElementText(findTestObject("Object Repository/Page_valid_invalid/Page_/span_Invalid Credentials"), "Invalid Credentials"): Actual text and expected text of test object 'Object Repository/Page_valid_invalid/Page_/span_Invalid Credentials' are matched.

11-01-2024T15:30:54 - [MESSAGE][PASSED] - Actual text and expected text of test object 'Object Repository/Page_valid_invalid/Page_/span_Invalid Credentials' are matched.]]></system-out>
         <system-err><![CDATA[]]></system-err>
      </testcase>
      <testcase name="Test Cases/Login_Page/test_valid_login" time="5.467" classname="Test Cases/Login_Page/test_valid_login" status="PASSED">
         <system-out><![CDATA[11-01-2024T15:30:54 - [TEST_CASE][PASSED] - Test Cases/Login_Page/test_valid_login: Test Cases/Login_Page/test_valid_login

11-01-2024T15:30:54 - [TEST_STEP][PASSED] - setText(findTestObject("Object Repository/Page_valid_login/Page_/input_User ID_username"), username): Text 'admin' is set on object 'Object Repository/Page_valid_login/Page_/input_User ID_username'

11-01-2024T15:30:55 - [MESSAGE][PASSED] - Text 'admin' is set on object 'Object Repository/Page_valid_login/Page_/input_User ID_username'

11-01-2024T15:30:55 - [TEST_STEP][PASSED] - setEncryptedText(findTestObject("Object Repository/Page_valid_login/Page_/input_Password_password"), password): Text ****** has been set on object 'Object Repository/Page_valid_login/Page_/input_Password_password'

11-01-2024T15:30:56 - [MESSAGE][PASSED] - Text ****** has been set on object 'Object Repository/Page_valid_login/Page_/input_Password_password'

11-01-2024T15:30:56 - [TEST_STEP][PASSED] - click(findTestObject("Object Repository/Page_valid_login/Page_/button_Login")): Object: 'Object Repository/Page_valid_login/Page_/button_Login' is clicked on

11-01-2024T15:30:56 - [MESSAGE][PASSED] - Object: 'Object Repository/Page_valid_login/Page_/button_Login' is clicked on

11-01-2024T15:30:56 - [TEST_STEP][PASSED] - verifyElementText(findTestObject("Object Repository/Page_Menu/Page_/span_Spend Report"), "Spend Report"): Actual text and expected text of test object 'Object Repository/Page_Menu/Page_/span_Spend Report' are matched.

11-01-2024T15:30:58 - [MESSAGE][PASSED] - Actual text and expected text of test object 'Object Repository/Page_Menu/Page_/span_Spend Report' are matched.

11-01-2024T15:30:58 - [TEST_STEP][PASSED] - delay(2): Delayed 2 second(s)

11-01-2024T15:31:00 - [MESSAGE][PASSED] - Delayed 2 second(s)]]></system-out>
         <system-err><![CDATA[]]></system-err>
      </testcase>
      <testcase name="Test Cases/Login_Page/test_verify_menu" time="22.962" classname="Test Cases/Login_Page/test_verify_menu" status="PASSED">
         <system-out><![CDATA[11-01-2024T15:31:00 - [TEST_CASE][PASSED] - Test Cases/Login_Page/test_verify_menu: Test Cases/Login_Page/test_verify_menu

11-01-2024T15:31:00 - [TEST_STEP][PASSED] - verifyElementVisible(findTestObject("Object Repository/Page_Menu/Page_/img")): Object 'Object Repository/Page_Menu/Page_/img' is visible

11-01-2024T15:31:00 - [MESSAGE][PASSED] - Object 'Object Repository/Page_Menu/Page_/img' is visible

11-01-2024T15:31:00 - [TEST_STEP][PASSED] - verifyElementText(findTestObject("Object Repository/Page_Menu/Page_/span_admetrics"), "admetrics"): Actual text and expected text of test object 'Object Repository/Page_Menu/Page_/span_admetrics' are matched.

11-01-2024T15:31:01 - [MESSAGE][PASSED] - Actual text and expected text of test object 'Object Repository/Page_Menu/Page_/span_admetrics' are matched.

11-01-2024T15:31:01 - [TEST_STEP][PASSED] - verifyElementClickable(findTestObject("Object Repository/Page_Menu/Page_/div_admetrics_spinner diagonal part-1")): Object 'Object Repository/Page_Menu/Page_/div_admetrics_spinner diagonal part-1' is clickable

11-01-2024T15:31:01 - [MESSAGE][PASSED] - Object 'Object Repository/Page_Menu/Page_/div_admetrics_spinner diagonal part-1' is clickable

11-01-2024T15:31:01 - [TEST_STEP][PASSED] - click(findTestObject("Object Repository/Page_Menu/Page_/div_admetrics_spinner diagonal part-2")): Object: 'Object Repository/Page_Menu/Page_/div_admetrics_spinner diagonal part-2' is clicked on

11-01-2024T15:31:01 - [MESSAGE][PASSED] - Object: 'Object Repository/Page_Menu/Page_/div_admetrics_spinner diagonal part-2' is clicked on

11-01-2024T15:31:01 - [TEST_STEP][PASSED] - click(findTestObject("Object Repository/Page_Menu/Page_/div_admetrics_spinner horizontal")): Object: 'Object Repository/Page_Menu/Page_/div_admetrics_spinner horizontal' is clicked on

11-01-2024T15:31:02 - [MESSAGE][PASSED] - Object: 'Object Repository/Page_Menu/Page_/div_admetrics_spinner horizontal' is clicked on

11-01-2024T15:31:02 - [TEST_STEP][PASSED] - verifyElementClickable(findTestObject("Object Repository/Page_Menu/Page_/div_admetrics_spinner horizontal_1")): Object 'Object Repository/Page_Menu/Page_/div_admetrics_spinner horizontal_1' is clickable

11-01-2024T15:31:03 - [MESSAGE][PASSED] - Object 'Object Repository/Page_Menu/Page_/div_admetrics_spinner horizontal_1' is clickable

11-01-2024T15:31:03 - [TEST_STEP][PASSED] - click(findTestObject("Object Repository/Page_Menu/Page_/div_admetrics_spinner diagonal part-2")): Object: 'Object Repository/Page_Menu/Page_/div_admetrics_spinner diagonal part-2' is clicked on

11-01-2024T15:31:03 - [MESSAGE][PASSED] - Object: 'Object Repository/Page_Menu/Page_/div_admetrics_spinner diagonal part-2' is clicked on

11-01-2024T15:31:03 - [TEST_STEP][PASSED] - click(findTestObject("Object Repository/Page_Menu/Page_/label_admetrics_sidebarIconToggle")): Object: 'Object Repository/Page_Menu/Page_/label_admetrics_sidebarIconToggle' is clicked on

11-01-2024T15:31:04 - [MESSAGE][PASSED] - Object: 'Object Repository/Page_Menu/Page_/label_admetrics_sidebarIconToggle' is clicked on

11-01-2024T15:31:04 - [TEST_STEP][PASSED] - verifyElementVisible(findTestObject("Object Repository/Page_Menu/Page_/img_admetrics_menuIcon")): Object 'Object Repository/Page_Menu/Page_/img_admetrics_menuIcon' is visible

11-01-2024T15:31:04 - [MESSAGE][PASSED] - Object 'Object Repository/Page_Menu/Page_/img_admetrics_menuIcon' is visible

11-01-2024T15:31:04 - [TEST_STEP][PASSED] - click(findTestObject("Object Repository/Page_Menu/Page_/li_Spend Report")): Object: 'Object Repository/Page_Menu/Page_/li_Spend Report' is clicked on

11-01-2024T15:31:04 - [MESSAGE][PASSED] - Object: 'Object Repository/Page_Menu/Page_/li_Spend Report' is clicked on

11-01-2024T15:31:04 - [TEST_STEP][PASSED] - verifyElementText(findTestObject("Object Repository/Page_Menu/Page_/p_Spend Report"), "Spend Report"): Actual text and expected text of test object 'Object Repository/Page_Menu/Page_/p_Spend Report' are matched.

11-01-2024T15:31:05 - [MESSAGE][PASSED] - Actual text and expected text of test object 'Object Repository/Page_Menu/Page_/p_Spend Report' are matched.

11-01-2024T15:31:05 - [TEST_STEP][PASSED] - click(findTestObject("Object Repository/Page_Menu/Page_/div_admetrics_spinner horizontal_1")): Object: 'Object Repository/Page_Menu/Page_/div_admetrics_spinner horizontal_1' is clicked on

11-01-2024T15:31:05 - [MESSAGE][PASSED] - Object: 'Object Repository/Page_Menu/Page_/div_admetrics_spinner horizontal_1' is clicked on

11-01-2024T15:31:05 - [TEST_STEP][PASSED] - verifyElementClickable(findTestObject("Object Repository/Page_Menu/Page_/li_Spend Report")): Object 'Object Repository/Page_Menu/Page_/li_Spend Report' is clickable

11-01-2024T15:31:06 - [MESSAGE][PASSED] - Object 'Object Repository/Page_Menu/Page_/li_Spend Report' is clickable

11-01-2024T15:31:06 - [TEST_STEP][PASSED] - click(findTestObject("Object Repository/Page_Menu/Page_/label_admetrics_sidebarIconToggle")): Object: 'Object Repository/Page_Menu/Page_/label_admetrics_sidebarIconToggle' is clicked on

11-01-2024T15:31:06 - [MESSAGE][PASSED] - Object: 'Object Repository/Page_Menu/Page_/label_admetrics_sidebarIconToggle' is clicked on

11-01-2024T15:31:06 - [TEST_STEP][PASSED] - verifyElementText(findTestObject("Object Repository/Page_Menu/Page_/span_Spend Report"), "Spend Report"): Actual text and expected text of test object 'Object Repository/Page_Menu/Page_/span_Spend Report' are matched.

11-01-2024T15:31:07 - [MESSAGE][PASSED] - Actual text and expected text of test object 'Object Repository/Page_Menu/Page_/span_Spend Report' are matched.

11-01-2024T15:31:07 - [TEST_STEP][PASSED] - verifyElementVisible(findTestObject("Object Repository/Page_Menu/Page_/img_Spend Report_menuIcon")): Object 'Object Repository/Page_Menu/Page_/img_Spend Report_menuIcon' is visible

11-01-2024T15:31:07 - [MESSAGE][PASSED] - Object 'Object Repository/Page_Menu/Page_/img_Spend Report_menuIcon' is visible

11-01-2024T15:31:07 - [TEST_STEP][PASSED] - click(findTestObject("Object Repository/Page_Menu/Page_/li_Spend Monitoring")): Object: 'Object Repository/Page_Menu/Page_/li_Spend Monitoring' is clicked on

11-01-2024T15:31:07 - [MESSAGE][PASSED] - Object: 'Object Repository/Page_Menu/Page_/li_Spend Monitoring' is clicked on

11-01-2024T15:31:07 - [TEST_STEP][PASSED] - verifyElementClickable(findTestObject("Object Repository/Page_Menu/Page_/li_Spend Monitoring")): Object 'Object Repository/Page_Menu/Page_/li_Spend Monitoring' is clickable

11-01-2024T15:31:08 - [MESSAGE][PASSED] - Object 'Object Repository/Page_Menu/Page_/li_Spend Monitoring' is clickable

11-01-2024T15:31:08 - [TEST_STEP][PASSED] - click(findTestObject("Object Repository/Page_Menu/Page_/div_admetrics_spinner diagonal part-2")): Object: 'Object Repository/Page_Menu/Page_/div_admetrics_spinner diagonal part-2' is clicked on

11-01-2024T15:31:10 - [MESSAGE][PASSED] - Object: 'Object Repository/Page_Menu/Page_/div_admetrics_spinner diagonal part-2' is clicked on

11-01-2024T15:31:10 - [TEST_STEP][PASSED] - verifyElementText(findTestObject("Object Repository/Page_Menu/Page_/p_Spend Monitoring Report"), "Spend Monitoring Report"): Actual text and expected text of test object 'Object Repository/Page_Menu/Page_/p_Spend Monitoring Report' are matched.

11-01-2024T15:31:10 - [MESSAGE][PASSED] - Actual text and expected text of test object 'Object Repository/Page_Menu/Page_/p_Spend Monitoring Report' are matched.

11-01-2024T15:31:10 - [TEST_STEP][PASSED] - click(findTestObject("Object Repository/Page_Menu/Page_/div_admetrics_spinner diagonal part-2_1")): Object: 'Object Repository/Page_Menu/Page_/div_admetrics_spinner diagonal part-2_1' is clicked on

11-01-2024T15:31:11 - [MESSAGE][PASSED] - Object: 'Object Repository/Page_Menu/Page_/div_admetrics_spinner diagonal part-2_1' is clicked on

11-01-2024T15:31:11 - [TEST_STEP][PASSED] - verifyElementVisible(findTestObject("Object Repository/Page_Menu/Page_/img_Spend Monitoring_menuIcon")): Object 'Object Repository/Page_Menu/Page_/img_Spend Monitoring_menuIcon' is visible

11-01-2024T15:31:11 - [MESSAGE][PASSED] - Object 'Object Repository/Page_Menu/Page_/img_Spend Monitoring_menuIcon' is visible

11-01-2024T15:31:11 - [TEST_STEP][PASSED] - click(findTestObject("Object Repository/Page_Menu/Page_/li_Performance")): Object: 'Object Repository/Page_Menu/Page_/li_Performance' is clicked on

11-01-2024T15:31:11 - [MESSAGE][PASSED] - Object: 'Object Repository/Page_Menu/Page_/li_Performance' is clicked on

11-01-2024T15:31:11 - [TEST_STEP][PASSED] - verifyElementClickable(findTestObject("Object Repository/Page_Menu/Page_/li_Performance")): Object 'Object Repository/Page_Menu/Page_/li_Performance' is clickable

11-01-2024T15:31:13 - [MESSAGE][PASSED] - Object 'Object Repository/Page_Menu/Page_/li_Performance' is clickable

11-01-2024T15:31:13 - [TEST_STEP][PASSED] - verifyElementText(findTestObject("Object Repository/Page_Menu/Page_/p_Performance Report"), "Performance Report"): Actual text and expected text of test object 'Object Repository/Page_Menu/Page_/p_Performance Report' are matched.

11-01-2024T15:31:14 - [MESSAGE][PASSED] - Actual text and expected text of test object 'Object Repository/Page_Menu/Page_/p_Performance Report' are matched.

11-01-2024T15:31:14 - [TEST_STEP][PASSED] - click(findTestObject("Object Repository/Page_Menu/Page_/div_admetrics_spinner diagonal part-2")): Object: 'Object Repository/Page_Menu/Page_/div_admetrics_spinner diagonal part-2' is clicked on

11-01-2024T15:31:14 - [MESSAGE][PASSED] - Object: 'Object Repository/Page_Menu/Page_/div_admetrics_spinner diagonal part-2' is clicked on

11-01-2024T15:31:14 - [TEST_STEP][PASSED] - click(findTestObject("Object Repository/Page_Menu/Page_/label_admetrics_sidebarIconToggle")): Object: 'Object Repository/Page_Menu/Page_/label_admetrics_sidebarIconToggle' is clicked on

11-01-2024T15:31:15 - [MESSAGE][PASSED] - Object: 'Object Repository/Page_Menu/Page_/label_admetrics_sidebarIconToggle' is clicked on

11-01-2024T15:31:15 - [TEST_STEP][PASSED] - verifyElementVisible(findTestObject("Object Repository/Page_Menu/Page_/img_Performance_menuIcon")): Object 'Object Repository/Page_Menu/Page_/img_Performance_menuIcon' is visible

11-01-2024T15:31:15 - [MESSAGE][PASSED] - Object 'Object Repository/Page_Menu/Page_/img_Performance_menuIcon' is visible

11-01-2024T15:31:15 - [TEST_STEP][PASSED] - click(findTestObject("Object Repository/Page_Menu/Page_/li_Campaign")): Object: 'Object Repository/Page_Menu/Page_/li_Campaign' is clicked on

11-01-2024T15:31:15 - [MESSAGE][PASSED] - Object: 'Object Repository/Page_Menu/Page_/li_Campaign' is clicked on

11-01-2024T15:31:15 - [TEST_STEP][PASSED] - verifyElementClickable(findTestObject("Object Repository/Page_Menu/Page_/li_Campaign")): Object 'Object Repository/Page_Menu/Page_/li_Campaign' is clickable

11-01-2024T15:31:18 - [MESSAGE][PASSED] - Object 'Object Repository/Page_Menu/Page_/li_Campaign' is clickable

11-01-2024T15:31:18 - [TEST_STEP][PASSED] - click(findTestObject("Object Repository/Page_Menu/Page_/label_admetrics_sidebarIconToggle_1")): Object: 'Object Repository/Page_Menu/Page_/label_admetrics_sidebarIconToggle_1' is clicked on

11-01-2024T15:31:19 - [MESSAGE][PASSED] - Object: 'Object Repository/Page_Menu/Page_/label_admetrics_sidebarIconToggle_1' is clicked on

11-01-2024T15:31:19 - [TEST_STEP][PASSED] - verifyElementText(findTestObject("Object Repository/Page_Menu/Page_/p_Campaign Analytics"), "Campaign Analytics"): Actual text and expected text of test object 'Object Repository/Page_Menu/Page_/p_Campaign Analytics' are matched.

11-01-2024T15:31:19 - [MESSAGE][PASSED] - Actual text and expected text of test object 'Object Repository/Page_Menu/Page_/p_Campaign Analytics' are matched.

11-01-2024T15:31:19 - [TEST_STEP][PASSED] - click(findTestObject("Object Repository/Page_Menu/Page_/label_admetrics_sidebarIconToggle")): Object: 'Object Repository/Page_Menu/Page_/label_admetrics_sidebarIconToggle' is clicked on

11-01-2024T15:31:20 - [MESSAGE][PASSED] - Object: 'Object Repository/Page_Menu/Page_/label_admetrics_sidebarIconToggle' is clicked on

11-01-2024T15:31:20 - [TEST_STEP][PASSED] - verifyElementClickable(findTestObject("Object Repository/Page_Menu/Page_/i_Campaign_signOut")): Object 'Object Repository/Page_Menu/Page_/i_Campaign_signOut' is clickable

11-01-2024T15:31:20 - [MESSAGE][PASSED] - Object 'Object Repository/Page_Menu/Page_/i_Campaign_signOut' is clickable

11-01-2024T15:31:20 - [TEST_STEP][PASSED] - click(findTestObject("Object Repository/Page_Menu/Page_/i_Campaign_signOut")): Object: 'Object Repository/Page_Menu/Page_/i_Campaign_signOut' is clicked on

11-01-2024T15:31:21 - [MESSAGE][PASSED] - Object: 'Object Repository/Page_Menu/Page_/i_Campaign_signOut' is clicked on

11-01-2024T15:31:21 - [TEST_STEP][PASSED] - delay(2): Delayed 2 second(s)

11-01-2024T15:31:23 - [MESSAGE][PASSED] - Delayed 2 second(s)]]></system-out>
         <system-err><![CDATA[]]></system-err>
      </testcase>
      <testcase name="Test Cases/Spend_Report/test_verify_navigating_spend_report" time="10.804" classname="Test Cases/Spend_Report/test_verify_navigating_spend_report" status="PASSED">
         <system-out><![CDATA[11-01-2024T15:31:23 - [TEST_CASE][PASSED] - Test Cases/Spend_Report/test_verify_navigating_spend_report: Test Cases/Spend_Report/test_verify_navigating_spend_report

11-01-2024T15:31:23 - [TEST_STEP][PASSED] - callTestCase(findTestCase("Reusable_Functions/Login"), [:], CONTINUE_ON_FAILURE): Call Test Case 'Test Cases/Reusable_Functions/Login' successfully

11-01-2024T15:31:23 - [TEST_CASE][PASSED] - Test Cases/Reusable_Functions/Login: Test Cases/Reusable_Functions/Login

11-01-2024T15:31:23 - [TEST_STEP][PASSED] - openBrowser(""): Browser is opened with url: ''

11-01-2024T15:31:23 - [MESSAGE][WARNING] - A browser is already opened. Closing browser and opening a new one

11-01-2024T15:31:23 - [MESSAGE][INFO] - Starting 'Chrome' driver

11-01-2024T15:31:23 - [MESSAGE][INFO] - Action delay is set to 0 milliseconds

11-01-2024T15:31:24 - [MESSAGE][PASSED] - Browser is opened with url: ''

11-01-2024T15:31:24 - [TEST_STEP][PASSED] - maximizeWindow(): Current window maximized

11-01-2024T15:31:24 - [MESSAGE][PASSED] - Current window maximized

11-01-2024T15:31:24 - [TEST_STEP][PASSED] - navigateToUrl(url): Navigate to 'https://dash.admetrics.ai/' successfully

11-01-2024T15:31:25 - [MESSAGE][PASSED] - Navigate to 'https://dash.admetrics.ai/' successfully

11-01-2024T15:31:25 - [TEST_STEP][PASSED] - setText(findTestObject("Page_valid_login/Page_/input_User ID_username"), username): Text 'admin' is set on object 'Object Repository/Page_valid_login/Page_/input_User ID_username'

11-01-2024T15:31:26 - [MESSAGE][PASSED] - Text 'admin' is set on object 'Object Repository/Page_valid_login/Page_/input_User ID_username'

11-01-2024T15:31:26 - [TEST_STEP][PASSED] - setEncryptedText(findTestObject("Page_valid_login/Page_/input_Password_password"), password): Text ****** has been set on object 'Object Repository/Page_valid_login/Page_/input_Password_password'

11-01-2024T15:31:27 - [MESSAGE][PASSED] - Text ****** has been set on object 'Object Repository/Page_valid_login/Page_/input_Password_password'

11-01-2024T15:31:27 - [TEST_STEP][PASSED] - click(findTestObject("Page_valid_login/Page_/button_Login")): Object: 'Object Repository/Page_valid_login/Page_/button_Login' is clicked on

11-01-2024T15:31:27 - [MESSAGE][PASSED] - Object: 'Object Repository/Page_valid_login/Page_/button_Login' is clicked on

11-01-2024T15:31:27 - [MESSAGE][PASSED] - Call Test Case 'Test Cases/Reusable_Functions/Login' successfully

11-01-2024T15:31:27 - [TEST_STEP][PASSED] - verifyElementClickable(findTestObject("Object Repository/Page_Verify_Navigating_Spend_Report/Page_/li_Spend Report")): Object 'Object Repository/Page_Verify_Navigating_Spend_Report/Page_/li_Spend Report' is clickable

11-01-2024T15:31:31 - [MESSAGE][PASSED] - Object 'Object Repository/Page_Verify_Navigating_Spend_Report/Page_/li_Spend Report' is clickable

11-01-2024T15:31:31 - [TEST_STEP][PASSED] - click(findTestObject("Object Repository/Page_Verify_Navigating_Spend_Report/Page_/li_Spend Report")): Object: 'Object Repository/Page_Verify_Navigating_Spend_Report/Page_/li_Spend Report' is clicked on

11-01-2024T15:31:31 - [MESSAGE][PASSED] - Object: 'Object Repository/Page_Verify_Navigating_Spend_Report/Page_/li_Spend Report' is clicked on

11-01-2024T15:31:31 - [TEST_STEP][PASSED] - verifyElementPresent(findTestObject("Object Repository/Page_Verify_Navigating_Spend_Report/Page_/p_Spend Report"), 0): Object 'Object Repository/Page_Verify_Navigating_Spend_Report/Page_/p_Spend Report' is present

11-01-2024T15:31:31 - [MESSAGE][WARNING] - Timeout '0' is invalid. Using default page load timeout: '30'

11-01-2024T15:31:31 - [MESSAGE][PASSED] - Object 'Object Repository/Page_Verify_Navigating_Spend_Report/Page_/p_Spend Report' is present

11-01-2024T15:31:31 - [TEST_STEP][PASSED] - verifyElementText(findTestObject("Object Repository/Page_Verify_Navigating_Spend_Report/Page_/p_Spend Report"), "Spend Report"): Actual text and expected text of test object 'Object Repository/Page_Verify_Navigating_Spend_Report/Page_/p_Spend Report' are matched.

11-01-2024T15:31:32 - [MESSAGE][PASSED] - Actual text and expected text of test object 'Object Repository/Page_Verify_Navigating_Spend_Report/Page_/p_Spend Report' are matched.

11-01-2024T15:31:32 - [TEST_STEP][PASSED] - delay(2): Delayed 2 second(s)

11-01-2024T15:31:34 - [MESSAGE][PASSED] - Delayed 2 second(s)]]></system-out>
         <system-err><![CDATA[]]></system-err>
      </testcase>
      <testcase name="Test Cases/Spend_Report/test_weekly_tab" time="3.123" classname="Test Cases/Spend_Report/test_weekly_tab" status="PASSED">
         <system-out><![CDATA[11-01-2024T15:31:34 - [TEST_CASE][PASSED] - Test Cases/Spend_Report/test_weekly_tab: Test Cases/Spend_Report/test_weekly_tab

11-01-2024T15:31:34 - [TEST_STEP][PASSED] - verifyElementText(findTestObject("Object Repository/Page_Weekly_Tab/Page_/div_Weekly Spend Report"), "Weekly Spend Report"): Actual text and expected text of test object 'Object Repository/Page_Weekly_Tab/Page_/div_Weekly Spend Report' are matched.

11-01-2024T15:31:34 - [MESSAGE][PASSED] - Actual text and expected text of test object 'Object Repository/Page_Weekly_Tab/Page_/div_Weekly Spend Report' are matched.

11-01-2024T15:31:34 - [TEST_STEP][PASSED] - verifyElementClickable(findTestObject("Object Repository/Page_Weekly_Tab/Page_/div_Weekly Spend Report")): Object 'Object Repository/Page_Weekly_Tab/Page_/div_Weekly Spend Report' is clickable

11-01-2024T15:31:34 - [MESSAGE][PASSED] - Object 'Object Repository/Page_Weekly_Tab/Page_/div_Weekly Spend Report' is clickable

11-01-2024T15:31:34 - [TEST_STEP][PASSED] - click(findTestObject("Object Repository/Page_Weekly_Tab/Page_/div_Weekly Spend Report")): Object: 'Object Repository/Page_Weekly_Tab/Page_/div_Weekly Spend Report' is clicked on

11-01-2024T15:31:35 - [MESSAGE][PASSED] - Object: 'Object Repository/Page_Weekly_Tab/Page_/div_Weekly Spend Report' is clicked on

11-01-2024T15:31:35 - [TEST_STEP][PASSED] - delay(2): Delayed 2 second(s)

11-01-2024T15:31:37 - [MESSAGE][PASSED] - Delayed 2 second(s)]]></system-out>
         <system-err><![CDATA[]]></system-err>
      </testcase>
      <testcase name="Test Cases/Spend_Report/test_weekly_calender" time="138.576" classname="Test Cases/Spend_Report/test_weekly_calender" status="PASSED">
         <system-out><![CDATA[11-01-2024T15:31:37 - [TEST_CASE][PASSED] - Test Cases/Spend_Report/test_weekly_calender: Test Cases/Spend_Report/test_weekly_calender

11-01-2024T15:31:37 - [TEST_STEP][PASSED] - callTestCase(findTestCase("Reusable_Functions/Calender"), [:], CONTINUE_ON_FAILURE): Call Test Case 'Test Cases/Reusable_Functions/Calender' successfully

11-01-2024T15:31:37 - [TEST_CASE][PASSED] - Test Cases/Reusable_Functions/Calender: Test Cases/Reusable_Functions/Calender

11-01-2024T15:31:37 - [TEST_STEP][PASSED] - verifyElementClickable(findTestObject("Object Repository/Page_Calender/Page_/mat-icon_clear")): Object 'Object Repository/Page_Calender/Page_/mat-icon_clear' is clickable

11-01-2024T15:31:37 - [MESSAGE][PASSED] - Object 'Object Repository/Page_Calender/Page_/mat-icon_clear' is clickable

11-01-2024T15:31:37 - [TEST_STEP][PASSED] - click(findTestObject("Object Repository/Page_Calender/Page_/mat-icon_clear")): Object: 'Object Repository/Page_Calender/Page_/mat-icon_clear' is clicked on

11-01-2024T15:31:37 - [MESSAGE][PASSED] - Object: 'Object Repository/Page_Calender/Page_/mat-icon_clear' is clicked on

11-01-2024T15:31:37 - [TEST_STEP][PASSED] - verifyElementClickable(findTestObject("Object Repository/Page_Calender/Page_/svg_mat-datepicker-toggle-default-icon ng-s_f1b13c")): Object 'Object Repository/Page_Calender/Page_/svg_mat-datepicker-toggle-default-icon ng-s_f1b13c' is clickable

11-01-2024T15:32:09 - [MESSAGE][INFO] - Unable to find the element located by 'By.xpath: '. Please recheck the objects properties to make sure the desired element is located. 

11-01-2024T15:32:09 - [MESSAGE][WARNING] - [SELF-HEALING] Failed to find element with id 'Object Repository/Page_Calender/Page_/svg_mat-datepicker-toggle-default-icon ng-s_f1b13c'. Try using Self-healing.

11-01-2024T15:32:09 - [MESSAGE][WARNING] - [SELF-HEALING] The current locator of test object 'Object Repository/Page_Calender/Page_/svg_mat-datepicker-toggle-default-icon ng-s_f1b13c' was broken. Propose an alternative one: 'svg.mat-datepicker-toggle-default-icon.ng-star-inserted'.

11-01-2024T15:32:09 - [MESSAGE][PASSED] - Object 'Object Repository/Page_Calender/Page_/svg_mat-datepicker-toggle-default-icon ng-s_f1b13c' is clickable

11-01-2024T15:32:09 - [TEST_STEP][PASSED] - click(findTestObject("Object Repository/Page_Calender/Page_/svg_mat-datepicker-toggle-default-icon ng-s_f1b13c")): Object: 'Object Repository/Page_Calender/Page_/svg_mat-datepicker-toggle-default-icon ng-s_f1b13c' is clicked on

11-01-2024T15:32:40 - [MESSAGE][INFO] - Unable to find the element located by 'By.xpath: '. Please recheck the objects properties to make sure the desired element is located. 

11-01-2024T15:32:40 - [MESSAGE][WARNING] - [SELF-HEALING] Failed to find element with id 'Object Repository/Page_Calender/Page_/svg_mat-datepicker-toggle-default-icon ng-s_f1b13c'. Try using Self-healing.

11-01-2024T15:32:40 - [MESSAGE][WARNING] - [SELF-HEALING] The current locator of test object 'Object Repository/Page_Calender/Page_/svg_mat-datepicker-toggle-default-icon ng-s_f1b13c' was broken. Propose an alternative one: 'svg.mat-datepicker-toggle-default-icon.ng-star-inserted'.

11-01-2024T15:32:40 - [MESSAGE][PASSED] - Object: 'Object Repository/Page_Calender/Page_/svg_mat-datepicker-toggle-default-icon ng-s_f1b13c' is clicked on

11-01-2024T15:32:40 - [TEST_STEP][PASSED] - verifyElementClickable(findTestObject("Object Repository/Page_Calender/Page_/button_mat-focus-indicator mat-calendar-pre_09dfc7")): Object 'Object Repository/Page_Calender/Page_/button_mat-focus-indicator mat-calendar-pre_09dfc7' is clickable

11-01-2024T15:32:41 - [MESSAGE][PASSED] - Object 'Object Repository/Page_Calender/Page_/button_mat-focus-indicator mat-calendar-pre_09dfc7' is clickable

11-01-2024T15:32:41 - [TEST_STEP][PASSED] - verifyElementClickable(findTestObject("Object Repository/Page_Calender/Page_/button_mat-focus-indicator mat-calendar-pre_09dfc7")): Object 'Object Repository/Page_Calender/Page_/button_mat-focus-indicator mat-calendar-pre_09dfc7' is clickable

11-01-2024T15:32:42 - [MESSAGE][PASSED] - Object 'Object Repository/Page_Calender/Page_/button_mat-focus-indicator mat-calendar-pre_09dfc7' is clickable

11-01-2024T15:32:42 - [TEST_STEP][PASSED] - verifyElementClickable(findTestObject("Object Repository/Page_Calender/Page_/span_DEC 2023")): Object 'Object Repository/Page_Calender/Page_/span_DEC 2023' is clickable

11-01-2024T15:32:42 - [MESSAGE][PASSED] - Object 'Object Repository/Page_Calender/Page_/span_DEC 2023' is clickable

11-01-2024T15:32:42 - [TEST_STEP][PASSED] - click(findTestObject("Object Repository/Page_Calender/Page_/polygon")): Object: 'Object Repository/Page_Calender/Page_/polygon' is clicked on

11-01-2024T15:33:13 - [MESSAGE][INFO] - Unable to find the element located by 'By.xpath: '. Please recheck the objects properties to make sure the desired element is located. 

11-01-2024T15:33:13 - [MESSAGE][WARNING] - [SELF-HEALING] Failed to find element with id 'Object Repository/Page_Calender/Page_/polygon'. Try using Self-healing.

11-01-2024T15:33:13 - [MESSAGE][WARNING] - [SELF-HEALING] The current locator of test object 'Object Repository/Page_Calender/Page_/polygon' was broken. Propose an alternative one: 'polygon'.

11-01-2024T15:33:13 - [MESSAGE][PASSED] - Object: 'Object Repository/Page_Calender/Page_/polygon' is clicked on

11-01-2024T15:33:13 - [TEST_STEP][PASSED] - click(findTestObject("Object Repository/Page_Calender/Page_/svg_mat-calendar-arrow mat-calendar-invert")): Object: 'Object Repository/Page_Calender/Page_/svg_mat-calendar-arrow mat-calendar-invert' is clicked on

11-01-2024T15:33:45 - [MESSAGE][INFO] - Unable to find the element located by 'By.xpath: '. Please recheck the objects properties to make sure the desired element is located. 

11-01-2024T15:33:45 - [MESSAGE][WARNING] - [SELF-HEALING] Failed to find element with id 'Object Repository/Page_Calender/Page_/svg_mat-calendar-arrow mat-calendar-invert'. Try using Self-healing.

11-01-2024T15:33:45 - [MESSAGE][WARNING] - [SELF-HEALING] The current locator of test object 'Object Repository/Page_Calender/Page_/svg_mat-calendar-arrow mat-calendar-invert' was broken. Propose an alternative one: 'svg.mat-calendar-arrow.mat-calendar-invert'.

11-01-2024T15:33:45 - [MESSAGE][PASSED] - Object: 'Object Repository/Page_Calender/Page_/svg_mat-calendar-arrow mat-calendar-invert' is clicked on

11-01-2024T15:33:45 - [TEST_STEP][PASSED] - click(findTestObject("Object Repository/Page_Calender/Page_/button_mat-focus-indicator mat-calendar-pre_09dfc7")): Object: 'Object Repository/Page_Calender/Page_/button_mat-focus-indicator mat-calendar-pre_09dfc7' is clicked on

11-01-2024T15:33:46 - [MESSAGE][PASSED] - Object: 'Object Repository/Page_Calender/Page_/button_mat-focus-indicator mat-calendar-pre_09dfc7' is clicked on

11-01-2024T15:33:46 - [TEST_STEP][PASSED] - click(findTestObject("Object Repository/Page_Calender/Page_/button_mat-focus-indicator mat-calendar-pre_09dfc7")): Object: 'Object Repository/Page_Calender/Page_/button_mat-focus-indicator mat-calendar-pre_09dfc7' is clicked on

11-01-2024T15:33:47 - [MESSAGE][PASSED] - Object: 'Object Repository/Page_Calender/Page_/button_mat-focus-indicator mat-calendar-pre_09dfc7' is clicked on

11-01-2024T15:33:47 - [TEST_STEP][PASSED] - click(findTestObject("Object Repository/Page_Calender/Page_/div_1")): Object: 'Object Repository/Page_Calender/Page_/div_1' is clicked on

11-01-2024T15:33:48 - [MESSAGE][PASSED] - Object: 'Object Repository/Page_Calender/Page_/div_1' is clicked on

11-01-2024T15:33:48 - [TEST_STEP][PASSED] - click(findTestObject("Object Repository/Page_Calender/Page_/div_31")): Object: 'Object Repository/Page_Calender/Page_/div_31' is clicked on

11-01-2024T15:33:49 - [MESSAGE][PASSED] - Object: 'Object Repository/Page_Calender/Page_/div_31' is clicked on

11-01-2024T15:33:49 - [MESSAGE][INFO] - 

11-01-2024T15:33:49 - [MESSAGE][INFO] - ===================== Self-healing Report ====================

11-01-2024T15:33:49 - [MESSAGE][INFO] - One of the failed test object locators has been recovered by Self-healing. Please refer to the Self-healing Insights tab for more details.

11-01-2024T15:33:49 - [MESSAGE][INFO] - To learn more about Self-healing, please read https://docs.katalon.com/katalon-studio/docs/self-healing.html

11-01-2024T15:33:49 - [MESSAGE][INFO] - ==============================================================

11-01-2024T15:33:49 - [MESSAGE][PASSED] - Call Test Case 'Test Cases/Reusable_Functions/Calender' successfully

11-01-2024T15:33:49 - [TEST_STEP][PASSED] - callTestCase(findTestCase("Reusable_Functions/Fullscreen"), [:], CONTINUE_ON_FAILURE): Call Test Case 'Test Cases/Reusable_Functions/Fullscreen' successfully

11-01-2024T15:33:49 - [TEST_CASE][PASSED] - Test Cases/Reusable_Functions/Fullscreen: Test Cases/Reusable_Functions/Fullscreen

11-01-2024T15:33:49 - [TEST_STEP][PASSED] - verifyElementClickable(findTestObject("Object Repository/Page_Fullscreen/Page_/img")): Object 'Object Repository/Page_Fullscreen/Page_/img' is clickable

11-01-2024T15:33:51 - [MESSAGE][PASSED] - Object 'Object Repository/Page_Fullscreen/Page_/img' is clickable

11-01-2024T15:33:51 - [TEST_STEP][PASSED] - click(findTestObject("Object Repository/Page_Fullscreen/Page_/img")): Object: 'Object Repository/Page_Fullscreen/Page_/img' is clicked on

11-01-2024T15:33:51 - [MESSAGE][PASSED] - Object: 'Object Repository/Page_Fullscreen/Page_/img' is clicked on

11-01-2024T15:33:51 - [TEST_STEP][PASSED] - delay(2): Delayed 2 second(s)

11-01-2024T15:33:53 - [MESSAGE][PASSED] - Delayed 2 second(s)

11-01-2024T15:33:53 - [TEST_STEP][PASSED] - executeJavaScript("document.exitFullscreen();", null): Execute JavaScript 'document.exitFullscreen();' successfully

11-01-2024T15:33:53 - [MESSAGE][PASSED] - Execute JavaScript 'document.exitFullscreen();' successfully

11-01-2024T15:33:53 - [TEST_STEP][PASSED] - delay(2): Delayed 2 second(s)

11-01-2024T15:33:55 - [MESSAGE][PASSED] - Delayed 2 second(s)

11-01-2024T15:33:55 - [MESSAGE][INFO] - 

11-01-2024T15:33:55 - [MESSAGE][INFO] - ===================== Self-healing Report ====================

11-01-2024T15:33:55 - [MESSAGE][INFO] - One of the failed test object locators has been recovered by Self-healing. Please refer to the Self-healing Insights tab for more details.

11-01-2024T15:33:55 - [MESSAGE][INFO] - To learn more about Self-healing, please read https://docs.katalon.com/katalon-studio/docs/self-healing.html

11-01-2024T15:33:55 - [MESSAGE][INFO] - ==============================================================

11-01-2024T15:33:55 - [MESSAGE][PASSED] - Call Test Case 'Test Cases/Reusable_Functions/Fullscreen' successfully]]></system-out>
         <system-err><![CDATA[]]></system-err>
      </testcase>
      <testcase name="Test Cases/Spend_Report/test_monthly_tab" time="1.03" classname="Test Cases/Spend_Report/test_monthly_tab" status="PASSED">
         <system-out><![CDATA[11-01-2024T15:33:55 - [TEST_CASE][PASSED] - Test Cases/Spend_Report/test_monthly_tab: Test Cases/Spend_Report/test_monthly_tab

11-01-2024T15:33:55 - [TEST_STEP][PASSED] - verifyElementText(findTestObject("Object Repository/Page_Monthly_Tab/Page_/div_Monthly Spend Report"), "Monthly Spend Report"): Actual text and expected text of test object 'Object Repository/Page_Monthly_Tab/Page_/div_Monthly Spend Report' are matched.

11-01-2024T15:33:56 - [MESSAGE][PASSED] - Actual text and expected text of test object 'Object Repository/Page_Monthly_Tab/Page_/div_Monthly Spend Report' are matched.

11-01-2024T15:33:56 - [TEST_STEP][PASSED] - verifyElementClickable(findTestObject("Object Repository/Page_Monthly_Tab/Page_/div_Monthly Spend Report")): Object 'Object Repository/Page_Monthly_Tab/Page_/div_Monthly Spend Report' is clickable

11-01-2024T15:33:56 - [MESSAGE][PASSED] - Object 'Object Repository/Page_Monthly_Tab/Page_/div_Monthly Spend Report' is clickable

11-01-2024T15:33:56 - [TEST_STEP][PASSED] - click(findTestObject("Object Repository/Page_Monthly_Tab/Page_/div_Monthly Spend Report")): Object: 'Object Repository/Page_Monthly_Tab/Page_/div_Monthly Spend Report' is clicked on

11-01-2024T15:33:56 - [MESSAGE][PASSED] - Object: 'Object Repository/Page_Monthly_Tab/Page_/div_Monthly Spend Report' is clicked on]]></system-out>
         <system-err><![CDATA[]]></system-err>
      </testcase>
      <testcase name="Test Cases/Spend_Report/test_monthly_calender" time="293.122" classname="Test Cases/Spend_Report/test_monthly_calender" status="PASSED">
         <system-out><![CDATA[11-01-2024T15:33:56 - [TEST_CASE][PASSED] - Test Cases/Spend_Report/test_monthly_calender: Test Cases/Spend_Report/test_monthly_calender

11-01-2024T15:33:56 - [TEST_STEP][PASSED] - callTestCase(findTestCase("Reusable_Functions/Calender"), [:], CONTINUE_ON_FAILURE): Call Test Case 'Test Cases/Reusable_Functions/Calender' successfully

11-01-2024T15:33:56 - [TEST_CASE][PASSED] - Test Cases/Reusable_Functions/Calender: Test Cases/Reusable_Functions/Calender

11-01-2024T15:33:56 - [TEST_STEP][PASSED] - verifyElementClickable(findTestObject("Object Repository/Page_Calender/Page_/mat-icon_clear")): Object 'Object Repository/Page_Calender/Page_/mat-icon_clear' is clickable

11-01-2024T15:34:28 - [MESSAGE][INFO] - Unable to find the element located by 'By.xpath: //mat-tab-body[@id='mat-tab-content-0-0']/div/app-weekly-admetric/div/div/div/app-time-series-filter-panel/div/mat-form-field/div/div/div/mat-icon'. Please recheck the objects properties to make sure the desired element is located. 

11-01-2024T15:34:28 - [MESSAGE][WARNING] - [SELF-HEALING] Failed to find element with id 'Object Repository/Page_Calender/Page_/mat-icon_clear'. Try using Self-healing.

11-01-2024T15:34:28 - [MESSAGE][WARNING] - [SELF-HEALING] The current locator of test object 'Object Repository/Page_Calender/Page_/mat-icon_clear' was broken. Propose an alternative one: '//mat-icon'.

11-01-2024T15:34:28 - [MESSAGE][PASSED] - Object 'Object Repository/Page_Calender/Page_/mat-icon_clear' is clickable

11-01-2024T15:34:28 - [TEST_STEP][PASSED] - click(findTestObject("Object Repository/Page_Calender/Page_/mat-icon_clear")): Object: 'Object Repository/Page_Calender/Page_/mat-icon_clear' is clicked on

11-01-2024T15:34:59 - [MESSAGE][INFO] - Unable to find the element located by 'By.xpath: //mat-tab-body[@id='mat-tab-content-0-0']/div/app-weekly-admetric/div/div/div/app-time-series-filter-panel/div/mat-form-field/div/div/div/mat-icon'. Please recheck the objects properties to make sure the desired element is located. 

11-01-2024T15:34:59 - [MESSAGE][WARNING] - [SELF-HEALING] Failed to find element with id 'Object Repository/Page_Calender/Page_/mat-icon_clear'. Try using Self-healing.

11-01-2024T15:34:59 - [MESSAGE][WARNING] - [SELF-HEALING] The current locator of test object 'Object Repository/Page_Calender/Page_/mat-icon_clear' was broken. Propose an alternative one: '//mat-icon'.

11-01-2024T15:34:59 - [MESSAGE][PASSED] - Object: 'Object Repository/Page_Calender/Page_/mat-icon_clear' is clicked on

11-01-2024T15:34:59 - [TEST_STEP][PASSED] - verifyElementClickable(findTestObject("Object Repository/Page_Calender/Page_/svg_mat-datepicker-toggle-default-icon ng-s_f1b13c")): Object 'Object Repository/Page_Calender/Page_/svg_mat-datepicker-toggle-default-icon ng-s_f1b13c' is clickable

11-01-2024T15:35:30 - [MESSAGE][INFO] - Unable to find the element located by 'By.xpath: '. Please recheck the objects properties to make sure the desired element is located. 

11-01-2024T15:35:30 - [MESSAGE][WARNING] - [SELF-HEALING] Failed to find element with id 'Object Repository/Page_Calender/Page_/svg_mat-datepicker-toggle-default-icon ng-s_f1b13c'. Try using Self-healing.

11-01-2024T15:35:31 - [MESSAGE][WARNING] - [SELF-HEALING] The current locator of test object 'Object Repository/Page_Calender/Page_/svg_mat-datepicker-toggle-default-icon ng-s_f1b13c' was broken. Propose an alternative one: 'svg.mat-datepicker-toggle-default-icon.ng-star-inserted'.

11-01-2024T15:35:31 - [MESSAGE][PASSED] - Object 'Object Repository/Page_Calender/Page_/svg_mat-datepicker-toggle-default-icon ng-s_f1b13c' is clickable

11-01-2024T15:35:31 - [TEST_STEP][PASSED] - click(findTestObject("Object Repository/Page_Calender/Page_/svg_mat-datepicker-toggle-default-icon ng-s_f1b13c")): Object: 'Object Repository/Page_Calender/Page_/svg_mat-datepicker-toggle-default-icon ng-s_f1b13c' is clicked on

11-01-2024T15:36:02 - [MESSAGE][INFO] - Unable to find the element located by 'By.xpath: '. Please recheck the objects properties to make sure the desired element is located. 

11-01-2024T15:36:02 - [MESSAGE][WARNING] - [SELF-HEALING] Failed to find element with id 'Object Repository/Page_Calender/Page_/svg_mat-datepicker-toggle-default-icon ng-s_f1b13c'. Try using Self-healing.

11-01-2024T15:36:02 - [MESSAGE][WARNING] - [SELF-HEALING] The current locator of test object 'Object Repository/Page_Calender/Page_/svg_mat-datepicker-toggle-default-icon ng-s_f1b13c' was broken. Propose an alternative one: 'svg.mat-datepicker-toggle-default-icon.ng-star-inserted'.

11-01-2024T15:36:02 - [MESSAGE][PASSED] - Object: 'Object Repository/Page_Calender/Page_/svg_mat-datepicker-toggle-default-icon ng-s_f1b13c' is clicked on

11-01-2024T15:36:02 - [TEST_STEP][PASSED] - verifyElementClickable(findTestObject("Object Repository/Page_Calender/Page_/button_mat-focus-indicator mat-calendar-pre_09dfc7")): Object 'Object Repository/Page_Calender/Page_/button_mat-focus-indicator mat-calendar-pre_09dfc7' is clickable

11-01-2024T15:36:03 - [MESSAGE][PASSED] - Object 'Object Repository/Page_Calender/Page_/button_mat-focus-indicator mat-calendar-pre_09dfc7' is clickable

11-01-2024T15:36:03 - [TEST_STEP][PASSED] - verifyElementClickable(findTestObject("Object Repository/Page_Calender/Page_/button_mat-focus-indicator mat-calendar-pre_09dfc7")): Object 'Object Repository/Page_Calender/Page_/button_mat-focus-indicator mat-calendar-pre_09dfc7' is clickable

11-01-2024T15:36:04 - [MESSAGE][PASSED] - Object 'Object Repository/Page_Calender/Page_/button_mat-focus-indicator mat-calendar-pre_09dfc7' is clickable

11-01-2024T15:36:04 - [TEST_STEP][PASSED] - verifyElementClickable(findTestObject("Object Repository/Page_Calender/Page_/span_DEC 2023")): Object 'Object Repository/Page_Calender/Page_/span_DEC 2023' is clickable

11-01-2024T15:36:35 - [MESSAGE][INFO] - Unable to find the element located by 'By.xpath: //mat-calendar[@id='mat-datepicker-0']/mat-calendar-header/div/div/button/span'. Please recheck the objects properties to make sure the desired element is located. 

11-01-2024T15:36:35 - [MESSAGE][WARNING] - [SELF-HEALING] Failed to find element with id 'Object Repository/Page_Calender/Page_/span_DEC 2023'. Try using Self-healing.

11-01-2024T15:36:35 - [MESSAGE][WARNING] - [SELF-HEALING] The current locator of test object 'Object Repository/Page_Calender/Page_/span_DEC 2023' was broken. Propose an alternative one: '//div/div/button/span'.

11-01-2024T15:36:35 - [MESSAGE][PASSED] - Object 'Object Repository/Page_Calender/Page_/span_DEC 2023' is clickable

11-01-2024T15:36:35 - [TEST_STEP][PASSED] - click(findTestObject("Object Repository/Page_Calender/Page_/polygon")): Object: 'Object Repository/Page_Calender/Page_/polygon' is clicked on

11-01-2024T15:37:06 - [MESSAGE][INFO] - Unable to find the element located by 'By.xpath: '. Please recheck the objects properties to make sure the desired element is located. 

11-01-2024T15:37:06 - [MESSAGE][WARNING] - [SELF-HEALING] Failed to find element with id 'Object Repository/Page_Calender/Page_/polygon'. Try using Self-healing.

11-01-2024T15:37:06 - [MESSAGE][WARNING] - [SELF-HEALING] The current locator of test object 'Object Repository/Page_Calender/Page_/polygon' was broken. Propose an alternative one: 'polygon'.

11-01-2024T15:37:06 - [MESSAGE][PASSED] - Object: 'Object Repository/Page_Calender/Page_/polygon' is clicked on

11-01-2024T15:37:06 - [TEST_STEP][PASSED] - click(findTestObject("Object Repository/Page_Calender/Page_/svg_mat-calendar-arrow mat-calendar-invert")): Object: 'Object Repository/Page_Calender/Page_/svg_mat-calendar-arrow mat-calendar-invert' is clicked on

11-01-2024T15:37:38 - [MESSAGE][INFO] - Unable to find the element located by 'By.xpath: '. Please recheck the objects properties to make sure the desired element is located. 

11-01-2024T15:37:38 - [MESSAGE][WARNING] - [SELF-HEALING] Failed to find element with id 'Object Repository/Page_Calender/Page_/svg_mat-calendar-arrow mat-calendar-invert'. Try using Self-healing.

11-01-2024T15:37:38 - [MESSAGE][WARNING] - [SELF-HEALING] The current locator of test object 'Object Repository/Page_Calender/Page_/svg_mat-calendar-arrow mat-calendar-invert' was broken. Propose an alternative one: 'svg.mat-calendar-arrow.mat-calendar-invert'.

11-01-2024T15:37:38 - [MESSAGE][PASSED] - Object: 'Object Repository/Page_Calender/Page_/svg_mat-calendar-arrow mat-calendar-invert' is clicked on

11-01-2024T15:37:38 - [TEST_STEP][PASSED] - click(findTestObject("Object Repository/Page_Calender/Page_/button_mat-focus-indicator mat-calendar-pre_09dfc7")): Object: 'Object Repository/Page_Calender/Page_/button_mat-focus-indicator mat-calendar-pre_09dfc7' is clicked on

11-01-2024T15:37:39 - [MESSAGE][PASSED] - Object: 'Object Repository/Page_Calender/Page_/button_mat-focus-indicator mat-calendar-pre_09dfc7' is clicked on

11-01-2024T15:37:39 - [TEST_STEP][PASSED] - click(findTestObject("Object Repository/Page_Calender/Page_/button_mat-focus-indicator mat-calendar-pre_09dfc7")): Object: 'Object Repository/Page_Calender/Page_/button_mat-focus-indicator mat-calendar-pre_09dfc7' is clicked on

11-01-2024T15:37:40 - [MESSAGE][PASSED] - Object: 'Object Repository/Page_Calender/Page_/button_mat-focus-indicator mat-calendar-pre_09dfc7' is clicked on

11-01-2024T15:37:40 - [TEST_STEP][PASSED] - click(findTestObject("Object Repository/Page_Calender/Page_/div_1")): Object: 'Object Repository/Page_Calender/Page_/div_1' is clicked on

11-01-2024T15:38:11 - [MESSAGE][INFO] - Unable to find the element located by 'By.xpath: //mat-calendar[@id='mat-datepicker-0']/div/mat-month-view/table/tbody/tr[2]/td/button/div'. Please recheck the objects properties to make sure the desired element is located. 

11-01-2024T15:38:11 - [MESSAGE][WARNING] - [SELF-HEALING] Failed to find element with id 'Object Repository/Page_Calender/Page_/div_1'. Try using Self-healing.

11-01-2024T15:38:11 - [MESSAGE][WARNING] - [SELF-HEALING] The current locator of test object 'Object Repository/Page_Calender/Page_/div_1' was broken. Propose an alternative one: '//td/button/div'.

11-01-2024T15:38:11 - [MESSAGE][PASSED] - Object: 'Object Repository/Page_Calender/Page_/div_1' is clicked on

11-01-2024T15:38:11 - [TEST_STEP][PASSED] - click(findTestObject("Object Repository/Page_Calender/Page_/div_31")): Object: 'Object Repository/Page_Calender/Page_/div_31' is clicked on

11-01-2024T15:38:43 - [MESSAGE][INFO] - Unable to find the element located by 'By.xpath: //mat-calendar[@id='mat-datepicker-0']/div/mat-month-view/table/tbody/tr[6]/td[3]/button/div'. Please recheck the objects properties to make sure the desired element is located. 

11-01-2024T15:38:43 - [MESSAGE][WARNING] - [SELF-HEALING] Failed to find element with id 'Object Repository/Page_Calender/Page_/div_31'. Try using Self-healing.

11-01-2024T15:38:43 - [MESSAGE][WARNING] - [SELF-HEALING] The current locator of test object 'Object Repository/Page_Calender/Page_/div_31' was broken. Propose an alternative one: '//tr[6]/td[3]/button/div'.

11-01-2024T15:38:43 - [MESSAGE][PASSED] - Object: 'Object Repository/Page_Calender/Page_/div_31' is clicked on

11-01-2024T15:38:43 - [MESSAGE][INFO] - 

11-01-2024T15:38:43 - [MESSAGE][INFO] - ===================== Self-healing Report ====================

11-01-2024T15:38:43 - [MESSAGE][INFO] - One of the failed test object locators has been recovered by Self-healing. Please refer to the Self-healing Insights tab for more details.

11-01-2024T15:38:43 - [MESSAGE][INFO] - To learn more about Self-healing, please read https://docs.katalon.com/katalon-studio/docs/self-healing.html

11-01-2024T15:38:43 - [MESSAGE][INFO] - ==============================================================

11-01-2024T15:38:43 - [MESSAGE][PASSED] - Call Test Case 'Test Cases/Reusable_Functions/Calender' successfully

11-01-2024T15:38:43 - [TEST_STEP][PASSED] - callTestCase(findTestCase("Reusable_Functions/Fullscreen"), [:], CONTINUE_ON_FAILURE): Call Test Case 'Test Cases/Reusable_Functions/Fullscreen' successfully

11-01-2024T15:38:43 - [TEST_CASE][PASSED] - Test Cases/Reusable_Functions/Fullscreen: Test Cases/Reusable_Functions/Fullscreen

11-01-2024T15:38:43 - [TEST_STEP][PASSED] - verifyElementClickable(findTestObject("Object Repository/Page_Fullscreen/Page_/img")): Object 'Object Repository/Page_Fullscreen/Page_/img' is clickable

11-01-2024T15:38:45 - [MESSAGE][PASSED] - Object 'Object Repository/Page_Fullscreen/Page_/img' is clickable

11-01-2024T15:38:45 - [TEST_STEP][PASSED] - click(findTestObject("Object Repository/Page_Fullscreen/Page_/img")): Object: 'Object Repository/Page_Fullscreen/Page_/img' is clicked on

11-01-2024T15:38:45 - [MESSAGE][PASSED] - Object: 'Object Repository/Page_Fullscreen/Page_/img' is clicked on

11-01-2024T15:38:45 - [TEST_STEP][PASSED] - delay(2): Delayed 2 second(s)

11-01-2024T15:38:47 - [MESSAGE][PASSED] - Delayed 2 second(s)

11-01-2024T15:38:47 - [TEST_STEP][PASSED] - executeJavaScript("document.exitFullscreen();", null): Execute JavaScript 'document.exitFullscreen();' successfully

11-01-2024T15:38:47 - [MESSAGE][PASSED] - Execute JavaScript 'document.exitFullscreen();' successfully

11-01-2024T15:38:47 - [TEST_STEP][PASSED] - delay(2): Delayed 2 second(s)

11-01-2024T15:38:49 - [MESSAGE][PASSED] - Delayed 2 second(s)

11-01-2024T15:38:49 - [MESSAGE][INFO] - 

11-01-2024T15:38:49 - [MESSAGE][INFO] - ===================== Self-healing Report ====================

11-01-2024T15:38:49 - [MESSAGE][INFO] - One of the failed test object locators has been recovered by Self-healing. Please refer to the Self-healing Insights tab for more details.

11-01-2024T15:38:49 - [MESSAGE][INFO] - To learn more about Self-healing, please read https://docs.katalon.com/katalon-studio/docs/self-healing.html

11-01-2024T15:38:49 - [MESSAGE][INFO] - ==============================================================

11-01-2024T15:38:49 - [MESSAGE][PASSED] - Call Test Case 'Test Cases/Reusable_Functions/Fullscreen' successfully]]></system-out>
         <system-err><![CDATA[]]></system-err>
      </testcase>
      <testcase name="Test Cases/Spend_Report/test_daily_tab" time="3.25" classname="Test Cases/Spend_Report/test_daily_tab" status="PASSED">
         <system-out><![CDATA[11-01-2024T15:38:49 - [TEST_CASE][PASSED] - Test Cases/Spend_Report/test_daily_tab: Test Cases/Spend_Report/test_daily_tab

11-01-2024T15:38:50 - [TEST_STEP][PASSED] - verifyElementText(findTestObject("Object Repository/Page_Daily_Tab/Page_/div_Daily Spend Report"), "Daily Spend Report"): Actual text and expected text of test object 'Object Repository/Page_Daily_Tab/Page_/div_Daily Spend Report' are matched.

11-01-2024T15:38:50 - [MESSAGE][PASSED] - Actual text and expected text of test object 'Object Repository/Page_Daily_Tab/Page_/div_Daily Spend Report' are matched.

11-01-2024T15:38:50 - [TEST_STEP][PASSED] - verifyElementClickable(findTestObject("Object Repository/Page_Daily_Tab/Page_/div_Daily Spend Report")): Object 'Object Repository/Page_Daily_Tab/Page_/div_Daily Spend Report' is clickable

11-01-2024T15:38:50 - [MESSAGE][PASSED] - Object 'Object Repository/Page_Daily_Tab/Page_/div_Daily Spend Report' is clickable

11-01-2024T15:38:50 - [TEST_STEP][PASSED] - click(findTestObject("Object Repository/Page_Daily_Tab/Page_/div_Daily Spend Report")): Object: 'Object Repository/Page_Daily_Tab/Page_/div_Daily Spend Report' is clicked on

11-01-2024T15:38:51 - [MESSAGE][PASSED] - Object: 'Object Repository/Page_Daily_Tab/Page_/div_Daily Spend Report' is clicked on

11-01-2024T15:38:51 - [TEST_STEP][PASSED] - delay(2): Delayed 2 second(s)

11-01-2024T15:38:53 - [MESSAGE][PASSED] - Delayed 2 second(s)]]></system-out>
         <system-err><![CDATA[]]></system-err>
      </testcase>
      <testcase name="Test Cases/Spend_Report/test_daily_calender" time="293.213" classname="Test Cases/Spend_Report/test_daily_calender" status="PASSED">
         <system-out><![CDATA[11-01-2024T15:38:53 - [TEST_CASE][PASSED] - Test Cases/Spend_Report/test_daily_calender: Test Cases/Spend_Report/test_daily_calender

11-01-2024T15:38:53 - [TEST_STEP][PASSED] - callTestCase(findTestCase("Reusable_Functions/Calender"), [:], CONTINUE_ON_FAILURE): Call Test Case 'Test Cases/Reusable_Functions/Calender' successfully

11-01-2024T15:38:53 - [TEST_CASE][PASSED] - Test Cases/Reusable_Functions/Calender: Test Cases/Reusable_Functions/Calender

11-01-2024T15:38:53 - [TEST_STEP][PASSED] - verifyElementClickable(findTestObject("Object Repository/Page_Calender/Page_/mat-icon_clear")): Object 'Object Repository/Page_Calender/Page_/mat-icon_clear' is clickable

11-01-2024T15:39:24 - [MESSAGE][INFO] - Unable to find the element located by 'By.xpath: //mat-tab-body[@id='mat-tab-content-0-0']/div/app-weekly-admetric/div/div/div/app-time-series-filter-panel/div/mat-form-field/div/div/div/mat-icon'. Please recheck the objects properties to make sure the desired element is located. 

11-01-2024T15:39:24 - [MESSAGE][WARNING] - [SELF-HEALING] Failed to find element with id 'Object Repository/Page_Calender/Page_/mat-icon_clear'. Try using Self-healing.

11-01-2024T15:39:24 - [MESSAGE][WARNING] - [SELF-HEALING] The current locator of test object 'Object Repository/Page_Calender/Page_/mat-icon_clear' was broken. Propose an alternative one: '//mat-icon'.

11-01-2024T15:39:24 - [MESSAGE][PASSED] - Object 'Object Repository/Page_Calender/Page_/mat-icon_clear' is clickable

11-01-2024T15:39:24 - [TEST_STEP][PASSED] - click(findTestObject("Object Repository/Page_Calender/Page_/mat-icon_clear")): Object: 'Object Repository/Page_Calender/Page_/mat-icon_clear' is clicked on

11-01-2024T15:39:56 - [MESSAGE][INFO] - Unable to find the element located by 'By.xpath: //mat-tab-body[@id='mat-tab-content-0-0']/div/app-weekly-admetric/div/div/div/app-time-series-filter-panel/div/mat-form-field/div/div/div/mat-icon'. Please recheck the objects properties to make sure the desired element is located. 

11-01-2024T15:39:56 - [MESSAGE][WARNING] - [SELF-HEALING] Failed to find element with id 'Object Repository/Page_Calender/Page_/mat-icon_clear'. Try using Self-healing.

11-01-2024T15:39:56 - [MESSAGE][WARNING] - [SELF-HEALING] The current locator of test object 'Object Repository/Page_Calender/Page_/mat-icon_clear' was broken. Propose an alternative one: '//mat-icon'.

11-01-2024T15:39:56 - [MESSAGE][PASSED] - Object: 'Object Repository/Page_Calender/Page_/mat-icon_clear' is clicked on

11-01-2024T15:39:56 - [TEST_STEP][PASSED] - verifyElementClickable(findTestObject("Object Repository/Page_Calender/Page_/svg_mat-datepicker-toggle-default-icon ng-s_f1b13c")): Object 'Object Repository/Page_Calender/Page_/svg_mat-datepicker-toggle-default-icon ng-s_f1b13c' is clickable

11-01-2024T15:40:27 - [MESSAGE][INFO] - Unable to find the element located by 'By.xpath: '. Please recheck the objects properties to make sure the desired element is located. 

11-01-2024T15:40:27 - [MESSAGE][WARNING] - [SELF-HEALING] Failed to find element with id 'Object Repository/Page_Calender/Page_/svg_mat-datepicker-toggle-default-icon ng-s_f1b13c'. Try using Self-healing.

11-01-2024T15:40:27 - [MESSAGE][WARNING] - [SELF-HEALING] The current locator of test object 'Object Repository/Page_Calender/Page_/svg_mat-datepicker-toggle-default-icon ng-s_f1b13c' was broken. Propose an alternative one: 'svg.mat-datepicker-toggle-default-icon.ng-star-inserted'.

11-01-2024T15:40:27 - [MESSAGE][PASSED] - Object 'Object Repository/Page_Calender/Page_/svg_mat-datepicker-toggle-default-icon ng-s_f1b13c' is clickable

11-01-2024T15:40:27 - [TEST_STEP][PASSED] - click(findTestObject("Object Repository/Page_Calender/Page_/svg_mat-datepicker-toggle-default-icon ng-s_f1b13c")): Object: 'Object Repository/Page_Calender/Page_/svg_mat-datepicker-toggle-default-icon ng-s_f1b13c' is clicked on

11-01-2024T15:40:59 - [MESSAGE][INFO] - Unable to find the element located by 'By.xpath: '. Please recheck the objects properties to make sure the desired element is located. 

11-01-2024T15:40:59 - [MESSAGE][WARNING] - [SELF-HEALING] Failed to find element with id 'Object Repository/Page_Calender/Page_/svg_mat-datepicker-toggle-default-icon ng-s_f1b13c'. Try using Self-healing.

11-01-2024T15:40:59 - [MESSAGE][WARNING] - [SELF-HEALING] The current locator of test object 'Object Repository/Page_Calender/Page_/svg_mat-datepicker-toggle-default-icon ng-s_f1b13c' was broken. Propose an alternative one: 'svg.mat-datepicker-toggle-default-icon.ng-star-inserted'.

11-01-2024T15:40:59 - [MESSAGE][PASSED] - Object: 'Object Repository/Page_Calender/Page_/svg_mat-datepicker-toggle-default-icon ng-s_f1b13c' is clicked on

11-01-2024T15:40:59 - [TEST_STEP][PASSED] - verifyElementClickable(findTestObject("Object Repository/Page_Calender/Page_/button_mat-focus-indicator mat-calendar-pre_09dfc7")): Object 'Object Repository/Page_Calender/Page_/button_mat-focus-indicator mat-calendar-pre_09dfc7' is clickable

11-01-2024T15:41:00 - [MESSAGE][PASSED] - Object 'Object Repository/Page_Calender/Page_/button_mat-focus-indicator mat-calendar-pre_09dfc7' is clickable

11-01-2024T15:41:00 - [TEST_STEP][PASSED] - verifyElementClickable(findTestObject("Object Repository/Page_Calender/Page_/button_mat-focus-indicator mat-calendar-pre_09dfc7")): Object 'Object Repository/Page_Calender/Page_/button_mat-focus-indicator mat-calendar-pre_09dfc7' is clickable

11-01-2024T15:41:00 - [MESSAGE][PASSED] - Object 'Object Repository/Page_Calender/Page_/button_mat-focus-indicator mat-calendar-pre_09dfc7' is clickable

11-01-2024T15:41:00 - [TEST_STEP][PASSED] - verifyElementClickable(findTestObject("Object Repository/Page_Calender/Page_/span_DEC 2023")): Object 'Object Repository/Page_Calender/Page_/span_DEC 2023' is clickable

11-01-2024T15:41:31 - [MESSAGE][INFO] - Unable to find the element located by 'By.xpath: //mat-calendar[@id='mat-datepicker-0']/mat-calendar-header/div/div/button/span'. Please recheck the objects properties to make sure the desired element is located. 

11-01-2024T15:41:31 - [MESSAGE][WARNING] - [SELF-HEALING] Failed to find element with id 'Object Repository/Page_Calender/Page_/span_DEC 2023'. Try using Self-healing.

11-01-2024T15:41:31 - [MESSAGE][WARNING] - [SELF-HEALING] The current locator of test object 'Object Repository/Page_Calender/Page_/span_DEC 2023' was broken. Propose an alternative one: '//div/div/button/span'.

11-01-2024T15:41:31 - [MESSAGE][PASSED] - Object 'Object Repository/Page_Calender/Page_/span_DEC 2023' is clickable

11-01-2024T15:41:31 - [TEST_STEP][PASSED] - click(findTestObject("Object Repository/Page_Calender/Page_/polygon")): Object: 'Object Repository/Page_Calender/Page_/polygon' is clicked on

11-01-2024T15:42:03 - [MESSAGE][INFO] - Unable to find the element located by 'By.xpath: '. Please recheck the objects properties to make sure the desired element is located. 

11-01-2024T15:42:03 - [MESSAGE][WARNING] - [SELF-HEALING] Failed to find element with id 'Object Repository/Page_Calender/Page_/polygon'. Try using Self-healing.

11-01-2024T15:42:03 - [MESSAGE][WARNING] - [SELF-HEALING] The current locator of test object 'Object Repository/Page_Calender/Page_/polygon' was broken. Propose an alternative one: 'polygon'.

11-01-2024T15:42:03 - [MESSAGE][PASSED] - Object: 'Object Repository/Page_Calender/Page_/polygon' is clicked on

11-01-2024T15:42:03 - [TEST_STEP][PASSED] - click(findTestObject("Object Repository/Page_Calender/Page_/svg_mat-calendar-arrow mat-calendar-invert")): Object: 'Object Repository/Page_Calender/Page_/svg_mat-calendar-arrow mat-calendar-invert' is clicked on

11-01-2024T15:42:34 - [MESSAGE][INFO] - Unable to find the element located by 'By.xpath: '. Please recheck the objects properties to make sure the desired element is located. 

11-01-2024T15:42:34 - [MESSAGE][WARNING] - [SELF-HEALING] Failed to find element with id 'Object Repository/Page_Calender/Page_/svg_mat-calendar-arrow mat-calendar-invert'. Try using Self-healing.

11-01-2024T15:42:34 - [MESSAGE][WARNING] - [SELF-HEALING] The current locator of test object 'Object Repository/Page_Calender/Page_/svg_mat-calendar-arrow mat-calendar-invert' was broken. Propose an alternative one: 'svg.mat-calendar-arrow.mat-calendar-invert'.

11-01-2024T15:42:35 - [MESSAGE][PASSED] - Object: 'Object Repository/Page_Calender/Page_/svg_mat-calendar-arrow mat-calendar-invert' is clicked on

11-01-2024T15:42:35 - [TEST_STEP][PASSED] - click(findTestObject("Object Repository/Page_Calender/Page_/button_mat-focus-indicator mat-calendar-pre_09dfc7")): Object: 'Object Repository/Page_Calender/Page_/button_mat-focus-indicator mat-calendar-pre_09dfc7' is clicked on

11-01-2024T15:42:36 - [MESSAGE][PASSED] - Object: 'Object Repository/Page_Calender/Page_/button_mat-focus-indicator mat-calendar-pre_09dfc7' is clicked on

11-01-2024T15:42:36 - [TEST_STEP][PASSED] - click(findTestObject("Object Repository/Page_Calender/Page_/button_mat-focus-indicator mat-calendar-pre_09dfc7")): Object: 'Object Repository/Page_Calender/Page_/button_mat-focus-indicator mat-calendar-pre_09dfc7' is clicked on

11-01-2024T15:42:36 - [MESSAGE][PASSED] - Object: 'Object Repository/Page_Calender/Page_/button_mat-focus-indicator mat-calendar-pre_09dfc7' is clicked on

11-01-2024T15:42:36 - [TEST_STEP][PASSED] - click(findTestObject("Object Repository/Page_Calender/Page_/div_1")): Object: 'Object Repository/Page_Calender/Page_/div_1' is clicked on

11-01-2024T15:43:08 - [MESSAGE][INFO] - Unable to find the element located by 'By.xpath: //mat-calendar[@id='mat-datepicker-0']/div/mat-month-view/table/tbody/tr[2]/td/button/div'. Please recheck the objects properties to make sure the desired element is located. 

11-01-2024T15:43:08 - [MESSAGE][WARNING] - [SELF-HEALING] Failed to find element with id 'Object Repository/Page_Calender/Page_/div_1'. Try using Self-healing.

11-01-2024T15:43:08 - [MESSAGE][WARNING] - [SELF-HEALING] The current locator of test object 'Object Repository/Page_Calender/Page_/div_1' was broken. Propose an alternative one: '//td/button/div'.

11-01-2024T15:43:08 - [MESSAGE][PASSED] - Object: 'Object Repository/Page_Calender/Page_/div_1' is clicked on

11-01-2024T15:43:08 - [TEST_STEP][PASSED] - click(findTestObject("Object Repository/Page_Calender/Page_/div_31")): Object: 'Object Repository/Page_Calender/Page_/div_31' is clicked on

11-01-2024T15:43:39 - [MESSAGE][INFO] - Unable to find the element located by 'By.xpath: //mat-calendar[@id='mat-datepicker-0']/div/mat-month-view/table/tbody/tr[6]/td[3]/button/div'. Please recheck the objects properties to make sure the desired element is located. 

11-01-2024T15:43:39 - [MESSAGE][WARNING] - [SELF-HEALING] Failed to find element with id 'Object Repository/Page_Calender/Page_/div_31'. Try using Self-healing.

11-01-2024T15:43:39 - [MESSAGE][WARNING] - [SELF-HEALING] The current locator of test object 'Object Repository/Page_Calender/Page_/div_31' was broken. Propose an alternative one: '//tr[6]/td[3]/button/div'.

11-01-2024T15:43:39 - [MESSAGE][PASSED] - Object: 'Object Repository/Page_Calender/Page_/div_31' is clicked on

11-01-2024T15:43:39 - [MESSAGE][INFO] - 

11-01-2024T15:43:39 - [MESSAGE][INFO] - ===================== Self-healing Report ====================

11-01-2024T15:43:39 - [MESSAGE][INFO] - One of the failed test object locators has been recovered by Self-healing. Please refer to the Self-healing Insights tab for more details.

11-01-2024T15:43:39 - [MESSAGE][INFO] - To learn more about Self-healing, please read https://docs.katalon.com/katalon-studio/docs/self-healing.html

11-01-2024T15:43:39 - [MESSAGE][INFO] - ==============================================================

11-01-2024T15:43:39 - [MESSAGE][PASSED] - Call Test Case 'Test Cases/Reusable_Functions/Calender' successfully

11-01-2024T15:43:39 - [TEST_STEP][PASSED] - callTestCase(findTestCase("Reusable_Functions/Fullscreen"), [:], CONTINUE_ON_FAILURE): Call Test Case 'Test Cases/Reusable_Functions/Fullscreen' successfully

11-01-2024T15:43:39 - [TEST_CASE][PASSED] - Test Cases/Reusable_Functions/Fullscreen: Test Cases/Reusable_Functions/Fullscreen

11-01-2024T15:43:39 - [TEST_STEP][PASSED] - verifyElementClickable(findTestObject("Object Repository/Page_Fullscreen/Page_/img")): Object 'Object Repository/Page_Fullscreen/Page_/img' is clickable

11-01-2024T15:43:41 - [MESSAGE][PASSED] - Object 'Object Repository/Page_Fullscreen/Page_/img' is clickable

11-01-2024T15:43:41 - [TEST_STEP][PASSED] - click(findTestObject("Object Repository/Page_Fullscreen/Page_/img")): Object: 'Object Repository/Page_Fullscreen/Page_/img' is clicked on

11-01-2024T15:43:42 - [MESSAGE][PASSED] - Object: 'Object Repository/Page_Fullscreen/Page_/img' is clicked on

11-01-2024T15:43:42 - [TEST_STEP][PASSED] - delay(2): Delayed 2 second(s)

11-01-2024T15:43:44 - [MESSAGE][PASSED] - Delayed 2 second(s)

11-01-2024T15:43:44 - [TEST_STEP][PASSED] - executeJavaScript("document.exitFullscreen();", null): Execute JavaScript 'document.exitFullscreen();' successfully

11-01-2024T15:43:44 - [MESSAGE][PASSED] - Execute JavaScript 'document.exitFullscreen();' successfully

11-01-2024T15:43:44 - [TEST_STEP][PASSED] - delay(2): Delayed 2 second(s)

11-01-2024T15:43:46 - [MESSAGE][PASSED] - Delayed 2 second(s)

11-01-2024T15:43:46 - [MESSAGE][INFO] - 

11-01-2024T15:43:46 - [MESSAGE][INFO] - ===================== Self-healing Report ====================

11-01-2024T15:43:46 - [MESSAGE][INFO] - One of the failed test object locators has been recovered by Self-healing. Please refer to the Self-healing Insights tab for more details.

11-01-2024T15:43:46 - [MESSAGE][INFO] - To learn more about Self-healing, please read https://docs.katalon.com/katalon-studio/docs/self-healing.html

11-01-2024T15:43:46 - [MESSAGE][INFO] - ==============================================================

11-01-2024T15:43:46 - [MESSAGE][PASSED] - Call Test Case 'Test Cases/Reusable_Functions/Fullscreen' successfully]]></system-out>
         <system-err><![CDATA[]]></system-err>
      </testcase>
      <testcase name="Test Cases/Spend_Report/test_weekly_zoom" time="7.049" classname="Test Cases/Spend_Report/test_weekly_zoom" status="PASSED">
         <system-out><![CDATA[11-01-2024T15:43:46 - [TEST_CASE][PASSED] - Test Cases/Spend_Report/test_weekly_zoom: Test Cases/Spend_Report/test_weekly_zoom

11-01-2024T15:43:46 - [TEST_STEP][PASSED] - click(findTestObject("Object Repository/Page_Weekly_Zoom/Page_/div_Weekly Spend Report")): Object: 'Object Repository/Page_Weekly_Zoom/Page_/div_Weekly Spend Report' is clicked on

11-01-2024T15:43:46 - [MESSAGE][PASSED] - Object: 'Object Repository/Page_Weekly_Zoom/Page_/div_Weekly Spend Report' is clicked on

11-01-2024T15:43:46 - [TEST_STEP][PASSED] - verifyElementClickable(findTestObject("Object Repository/Page_Weekly_Zoom/Page_/img")): Object 'Object Repository/Page_Weekly_Zoom/Page_/img' is clickable

11-01-2024T15:43:48 - [MESSAGE][PASSED] - Object 'Object Repository/Page_Weekly_Zoom/Page_/img' is clickable

11-01-2024T15:43:48 - [TEST_STEP][PASSED] - click(findTestObject("Object Repository/Page_Weekly_Zoom/Page_/img")): Object: 'Object Repository/Page_Weekly_Zoom/Page_/img' is clicked on

11-01-2024T15:43:49 - [MESSAGE][PASSED] - Object: 'Object Repository/Page_Weekly_Zoom/Page_/img' is clicked on

11-01-2024T15:43:49 - [TEST_STEP][PASSED] - delay(2): Delayed 2 second(s)

11-01-2024T15:43:51 - [MESSAGE][PASSED] - Delayed 2 second(s)

11-01-2024T15:43:51 - [TEST_STEP][PASSED] - executeJavaScript("document.exitFullscreen();", null): Execute JavaScript 'document.exitFullscreen();' successfully

11-01-2024T15:43:51 - [MESSAGE][PASSED] - Execute JavaScript 'document.exitFullscreen();' successfully

11-01-2024T15:43:51 - [TEST_STEP][PASSED] - delay(2): Delayed 2 second(s)

11-01-2024T15:43:53 - [MESSAGE][PASSED] - Delayed 2 second(s)]]></system-out>
         <system-err><![CDATA[]]></system-err>
      </testcase>
      <testcase name="Test Cases/Spend_Report/test_monthly_zoom" time="6.741" classname="Test Cases/Spend_Report/test_monthly_zoom" status="PASSED">
         <system-out><![CDATA[11-01-2024T15:43:53 - [TEST_CASE][PASSED] - Test Cases/Spend_Report/test_monthly_zoom: Test Cases/Spend_Report/test_monthly_zoom

11-01-2024T15:43:53 - [TEST_STEP][PASSED] - click(findTestObject("Object Repository/Page_Monthly_Zoom/Page_/div_Monthly Spend Report")): Object: 'Object Repository/Page_Monthly_Zoom/Page_/div_Monthly Spend Report' is clicked on

11-01-2024T15:43:53 - [MESSAGE][PASSED] - Object: 'Object Repository/Page_Monthly_Zoom/Page_/div_Monthly Spend Report' is clicked on

11-01-2024T15:43:53 - [TEST_STEP][PASSED] - verifyElementClickable(findTestObject("Object Repository/Page_Monthly_Zoom/Page_/img")): Object 'Object Repository/Page_Monthly_Zoom/Page_/img' is clickable

11-01-2024T15:43:55 - [MESSAGE][PASSED] - Object 'Object Repository/Page_Monthly_Zoom/Page_/img' is clickable

11-01-2024T15:43:55 - [TEST_STEP][PASSED] - click(findTestObject("Object Repository/Page_Monthly_Zoom/Page_/img")): Object: 'Object Repository/Page_Monthly_Zoom/Page_/img' is clicked on

11-01-2024T15:43:56 - [MESSAGE][PASSED] - Object: 'Object Repository/Page_Monthly_Zoom/Page_/img' is clicked on

11-01-2024T15:43:56 - [TEST_STEP][PASSED] - delay(2): Delayed 2 second(s)

11-01-2024T15:43:58 - [MESSAGE][PASSED] - Delayed 2 second(s)

11-01-2024T15:43:58 - [TEST_STEP][PASSED] - executeJavaScript("document.exitFullscreen();", null): Execute JavaScript 'document.exitFullscreen();' successfully

11-01-2024T15:43:58 - [MESSAGE][PASSED] - Execute JavaScript 'document.exitFullscreen();' successfully

11-01-2024T15:43:58 - [TEST_STEP][PASSED] - delay(2): Delayed 2 second(s)

11-01-2024T15:44:00 - [MESSAGE][PASSED] - Delayed 2 second(s)]]></system-out>
         <system-err><![CDATA[]]></system-err>
      </testcase>
      <testcase name="Test Cases/Spend_Report/test_daily_zoom" time="6.314" classname="Test Cases/Spend_Report/test_daily_zoom" status="PASSED">
         <system-out><![CDATA[11-01-2024T15:44:00 - [TEST_CASE][PASSED] - Test Cases/Spend_Report/test_daily_zoom: Test Cases/Spend_Report/test_daily_zoom

11-01-2024T15:44:00 - [TEST_STEP][PASSED] - click(findTestObject("Object Repository/Page_Daily_Zoom/Page_/div_Daily Spend Report")): Object: 'Object Repository/Page_Daily_Zoom/Page_/div_Daily Spend Report' is clicked on

11-01-2024T15:44:00 - [MESSAGE][PASSED] - Object: 'Object Repository/Page_Daily_Zoom/Page_/div_Daily Spend Report' is clicked on

11-01-2024T15:44:00 - [TEST_STEP][PASSED] - verifyElementClickable(findTestObject("Object Repository/Page_Daily_Zoom/Page_/img")): Object 'Object Repository/Page_Daily_Zoom/Page_/img' is clickable

11-01-2024T15:44:02 - [MESSAGE][PASSED] - Object 'Object Repository/Page_Daily_Zoom/Page_/img' is clickable

11-01-2024T15:44:02 - [TEST_STEP][PASSED] - click(findTestObject("Object Repository/Page_Daily_Zoom/Page_/img")): Object: 'Object Repository/Page_Daily_Zoom/Page_/img' is clicked on

11-01-2024T15:44:02 - [MESSAGE][PASSED] - Object: 'Object Repository/Page_Daily_Zoom/Page_/img' is clicked on

11-01-2024T15:44:02 - [TEST_STEP][PASSED] - delay(2): Delayed 2 second(s)

11-01-2024T15:44:04 - [MESSAGE][PASSED] - Delayed 2 second(s)

11-01-2024T15:44:04 - [TEST_STEP][PASSED] - executeJavaScript("document.exitFullscreen();", null): Execute JavaScript 'document.exitFullscreen();' successfully

11-01-2024T15:44:04 - [MESSAGE][PASSED] - Execute JavaScript 'document.exitFullscreen();' successfully

11-01-2024T15:44:04 - [TEST_STEP][PASSED] - delay(2): Delayed 2 second(s)

11-01-2024T15:44:06 - [MESSAGE][PASSED] - Delayed 2 second(s)]]></system-out>
         <system-err><![CDATA[]]></system-err>
      </testcase>
      <testcase name="Test Cases/Spend Monitoring/test_verify_navigating_spend_monitor" time="5.212" classname="Test Cases/Spend Monitoring/test_verify_navigating_spend_monitor" status="PASSED">
         <system-out><![CDATA[11-01-2024T15:44:06 - [TEST_CASE][PASSED] - Test Cases/Spend Monitoring/test_verify_navigating_spend_monitor: Test Cases/Spend Monitoring/test_verify_navigating_spend_monitor

11-01-2024T15:44:06 - [TEST_STEP][PASSED] - verifyElementClickable(findTestObject("Object Repository/Page_Verify_Navigating_Spend_Monitoring/Page_/li_Spend Monitoring")): Object 'Object Repository/Page_Verify_Navigating_Spend_Monitoring/Page_/li_Spend Monitoring' is clickable

11-01-2024T15:44:06 - [MESSAGE][PASSED] - Object 'Object Repository/Page_Verify_Navigating_Spend_Monitoring/Page_/li_Spend Monitoring' is clickable

11-01-2024T15:44:06 - [TEST_STEP][PASSED] - click(findTestObject("Object Repository/Page_Verify_Navigating_Spend_Monitoring/Page_/li_Spend Monitoring")): Object: 'Object Repository/Page_Verify_Navigating_Spend_Monitoring/Page_/li_Spend Monitoring' is clicked on

11-01-2024T15:44:07 - [MESSAGE][PASSED] - Object: 'Object Repository/Page_Verify_Navigating_Spend_Monitoring/Page_/li_Spend Monitoring' is clicked on

11-01-2024T15:44:07 - [TEST_STEP][PASSED] - verifyElementPresent(findTestObject("Object Repository/Page_Verify_Navigating_Spend_Monitoring/Page_/p_Spend Monitoring Report"), 0): Object 'Object Repository/Page_Verify_Navigating_Spend_Monitoring/Page_/p_Spend Monitoring Report' is present

11-01-2024T15:44:07 - [MESSAGE][WARNING] - Timeout '0' is invalid. Using default page load timeout: '30'

11-01-2024T15:44:09 - [MESSAGE][PASSED] - Object 'Object Repository/Page_Verify_Navigating_Spend_Monitoring/Page_/p_Spend Monitoring Report' is present

11-01-2024T15:44:09 - [TEST_STEP][PASSED] - verifyElementText(findTestObject("Object Repository/Page_Verify_Navigating_Spend_Monitoring/Page_/p_Spend Monitoring Report"), "Spend Monitoring Report"): Actual text and expected text of test object 'Object Repository/Page_Verify_Navigating_Spend_Monitoring/Page_/p_Spend Monitoring Report' are matched.

11-01-2024T15:44:09 - [MESSAGE][PASSED] - Actual text and expected text of test object 'Object Repository/Page_Verify_Navigating_Spend_Monitoring/Page_/p_Spend Monitoring Report' are matched.

11-01-2024T15:44:09 - [TEST_STEP][PASSED] - delay(2): Delayed 2 second(s)

11-01-2024T15:44:11 - [MESSAGE][PASSED] - Delayed 2 second(s)]]></system-out>
         <system-err><![CDATA[]]></system-err>
      </testcase>
      <testcase name="Test Cases/Spend Monitoring/test_weekly_spend_monitoring_tab" time="1.338" classname="Test Cases/Spend Monitoring/test_weekly_spend_monitoring_tab" status="PASSED">
         <system-out><![CDATA[11-01-2024T15:44:11 - [TEST_CASE][PASSED] - Test Cases/Spend Monitoring/test_weekly_spend_monitoring_tab: Test Cases/Spend Monitoring/test_weekly_spend_monitoring_tab

11-01-2024T15:44:11 - [TEST_STEP][PASSED] - click(findTestObject("Object Repository/Page_Weekly_Spend_Monitoring_Tab/Page_/li_Spend Monitoring")): Object: 'Object Repository/Page_Weekly_Spend_Monitoring_Tab/Page_/li_Spend Monitoring' is clicked on

11-01-2024T15:44:12 - [MESSAGE][PASSED] - Object: 'Object Repository/Page_Weekly_Spend_Monitoring_Tab/Page_/li_Spend Monitoring' is clicked on

11-01-2024T15:44:12 - [TEST_STEP][PASSED] - verifyElementText(findTestObject("Object Repository/Page_Weekly_Spend_Monitoring_Tab/Page_/div_Weekly Spends Monitoring Report"), "Weekly Spends Monitoring Report"): Actual text and expected text of test object 'Object Repository/Page_Weekly_Spend_Monitoring_Tab/Page_/div_Weekly Spends Monitoring Report' are matched.

11-01-2024T15:44:12 - [MESSAGE][PASSED] - Actual text and expected text of test object 'Object Repository/Page_Weekly_Spend_Monitoring_Tab/Page_/div_Weekly Spends Monitoring Report' are matched.

11-01-2024T15:44:12 - [TEST_STEP][PASSED] - verifyElementClickable(findTestObject("Object Repository/Page_Weekly_Spend_Monitoring_Tab/Page_/div_Weekly Spends Monitoring Report")): Object 'Object Repository/Page_Weekly_Spend_Monitoring_Tab/Page_/div_Weekly Spends Monitoring Report' is clickable

11-01-2024T15:44:12 - [MESSAGE][PASSED] - Object 'Object Repository/Page_Weekly_Spend_Monitoring_Tab/Page_/div_Weekly Spends Monitoring Report' is clickable

11-01-2024T15:44:12 - [TEST_STEP][PASSED] - click(findTestObject("Object Repository/Page_Weekly_Spend_Monitoring_Tab/Page_/div_Weekly Spends Monitoring Report")): Object: 'Object Repository/Page_Weekly_Spend_Monitoring_Tab/Page_/div_Weekly Spends Monitoring Report' is clicked on

11-01-2024T15:44:13 - [MESSAGE][PASSED] - Object: 'Object Repository/Page_Weekly_Spend_Monitoring_Tab/Page_/div_Weekly Spends Monitoring Report' is clicked on]]></system-out>
         <system-err><![CDATA[]]></system-err>
      </testcase>
      <testcase name="Test Cases/Spend Monitoring/test_weekly_spend_monitoring_calender" time="292.597" classname="Test Cases/Spend Monitoring/test_weekly_spend_monitoring_calender" status="PASSED">
         <system-out><![CDATA[11-01-2024T15:44:13 - [TEST_CASE][PASSED] - Test Cases/Spend Monitoring/test_weekly_spend_monitoring_calender: Test Cases/Spend Monitoring/test_weekly_spend_monitoring_calender

11-01-2024T15:44:13 - [TEST_STEP][PASSED] - callTestCase(findTestCase("Reusable_Functions/Calender"), [:], CONTINUE_ON_FAILURE): Call Test Case 'Test Cases/Reusable_Functions/Calender' successfully

11-01-2024T15:44:13 - [TEST_CASE][PASSED] - Test Cases/Reusable_Functions/Calender: Test Cases/Reusable_Functions/Calender

11-01-2024T15:44:13 - [TEST_STEP][PASSED] - verifyElementClickable(findTestObject("Object Repository/Page_Calender/Page_/mat-icon_clear")): Object 'Object Repository/Page_Calender/Page_/mat-icon_clear' is clickable

11-01-2024T15:44:44 - [MESSAGE][INFO] - Unable to find the element located by 'By.xpath: //mat-tab-body[@id='mat-tab-content-0-0']/div/app-weekly-admetric/div/div/div/app-time-series-filter-panel/div/mat-form-field/div/div/div/mat-icon'. Please recheck the objects properties to make sure the desired element is located. 

11-01-2024T15:44:44 - [MESSAGE][WARNING] - [SELF-HEALING] Failed to find element with id 'Object Repository/Page_Calender/Page_/mat-icon_clear'. Try using Self-healing.

11-01-2024T15:44:44 - [MESSAGE][WARNING] - [SELF-HEALING] The current locator of test object 'Object Repository/Page_Calender/Page_/mat-icon_clear' was broken. Propose an alternative one: '//mat-icon'.

11-01-2024T15:44:44 - [MESSAGE][PASSED] - Object 'Object Repository/Page_Calender/Page_/mat-icon_clear' is clickable

11-01-2024T15:44:44 - [TEST_STEP][PASSED] - click(findTestObject("Object Repository/Page_Calender/Page_/mat-icon_clear")): Object: 'Object Repository/Page_Calender/Page_/mat-icon_clear' is clicked on

11-01-2024T15:45:15 - [MESSAGE][INFO] - Unable to find the element located by 'By.xpath: //mat-tab-body[@id='mat-tab-content-0-0']/div/app-weekly-admetric/div/div/div/app-time-series-filter-panel/div/mat-form-field/div/div/div/mat-icon'. Please recheck the objects properties to make sure the desired element is located. 

11-01-2024T15:45:15 - [MESSAGE][WARNING] - [SELF-HEALING] Failed to find element with id 'Object Repository/Page_Calender/Page_/mat-icon_clear'. Try using Self-healing.

11-01-2024T15:45:16 - [MESSAGE][WARNING] - [SELF-HEALING] The current locator of test object 'Object Repository/Page_Calender/Page_/mat-icon_clear' was broken. Propose an alternative one: '//mat-icon'.

11-01-2024T15:45:16 - [MESSAGE][PASSED] - Object: 'Object Repository/Page_Calender/Page_/mat-icon_clear' is clicked on

11-01-2024T15:45:16 - [TEST_STEP][PASSED] - verifyElementClickable(findTestObject("Object Repository/Page_Calender/Page_/svg_mat-datepicker-toggle-default-icon ng-s_f1b13c")): Object 'Object Repository/Page_Calender/Page_/svg_mat-datepicker-toggle-default-icon ng-s_f1b13c' is clickable

11-01-2024T15:45:47 - [MESSAGE][INFO] - Unable to find the element located by 'By.xpath: '. Please recheck the objects properties to make sure the desired element is located. 

11-01-2024T15:45:47 - [MESSAGE][WARNING] - [SELF-HEALING] Failed to find element with id 'Object Repository/Page_Calender/Page_/svg_mat-datepicker-toggle-default-icon ng-s_f1b13c'. Try using Self-healing.

11-01-2024T15:45:47 - [MESSAGE][WARNING] - [SELF-HEALING] The current locator of test object 'Object Repository/Page_Calender/Page_/svg_mat-datepicker-toggle-default-icon ng-s_f1b13c' was broken. Propose an alternative one: 'svg.mat-datepicker-toggle-default-icon.ng-star-inserted'.

11-01-2024T15:45:47 - [MESSAGE][PASSED] - Object 'Object Repository/Page_Calender/Page_/svg_mat-datepicker-toggle-default-icon ng-s_f1b13c' is clickable

11-01-2024T15:45:47 - [TEST_STEP][PASSED] - click(findTestObject("Object Repository/Page_Calender/Page_/svg_mat-datepicker-toggle-default-icon ng-s_f1b13c")): Object: 'Object Repository/Page_Calender/Page_/svg_mat-datepicker-toggle-default-icon ng-s_f1b13c' is clicked on

11-01-2024T15:46:18 - [MESSAGE][INFO] - Unable to find the element located by 'By.xpath: '. Please recheck the objects properties to make sure the desired element is located. 

11-01-2024T15:46:18 - [MESSAGE][WARNING] - [SELF-HEALING] Failed to find element with id 'Object Repository/Page_Calender/Page_/svg_mat-datepicker-toggle-default-icon ng-s_f1b13c'. Try using Self-healing.

11-01-2024T15:46:19 - [MESSAGE][WARNING] - [SELF-HEALING] The current locator of test object 'Object Repository/Page_Calender/Page_/svg_mat-datepicker-toggle-default-icon ng-s_f1b13c' was broken. Propose an alternative one: 'svg.mat-datepicker-toggle-default-icon.ng-star-inserted'.

11-01-2024T15:46:19 - [MESSAGE][PASSED] - Object: 'Object Repository/Page_Calender/Page_/svg_mat-datepicker-toggle-default-icon ng-s_f1b13c' is clicked on

11-01-2024T15:46:19 - [TEST_STEP][PASSED] - verifyElementClickable(findTestObject("Object Repository/Page_Calender/Page_/button_mat-focus-indicator mat-calendar-pre_09dfc7")): Object 'Object Repository/Page_Calender/Page_/button_mat-focus-indicator mat-calendar-pre_09dfc7' is clickable

11-01-2024T15:46:20 - [MESSAGE][PASSED] - Object 'Object Repository/Page_Calender/Page_/button_mat-focus-indicator mat-calendar-pre_09dfc7' is clickable

11-01-2024T15:46:20 - [TEST_STEP][PASSED] - verifyElementClickable(findTestObject("Object Repository/Page_Calender/Page_/button_mat-focus-indicator mat-calendar-pre_09dfc7")): Object 'Object Repository/Page_Calender/Page_/button_mat-focus-indicator mat-calendar-pre_09dfc7' is clickable

11-01-2024T15:46:20 - [MESSAGE][PASSED] - Object 'Object Repository/Page_Calender/Page_/button_mat-focus-indicator mat-calendar-pre_09dfc7' is clickable

11-01-2024T15:46:20 - [TEST_STEP][PASSED] - verifyElementClickable(findTestObject("Object Repository/Page_Calender/Page_/span_DEC 2023")): Object 'Object Repository/Page_Calender/Page_/span_DEC 2023' is clickable

11-01-2024T15:46:51 - [MESSAGE][INFO] - Unable to find the element located by 'By.xpath: //mat-calendar[@id='mat-datepicker-0']/mat-calendar-header/div/div/button/span'. Please recheck the objects properties to make sure the desired element is located. 

11-01-2024T15:46:51 - [MESSAGE][WARNING] - [SELF-HEALING] Failed to find element with id 'Object Repository/Page_Calender/Page_/span_DEC 2023'. Try using Self-healing.

11-01-2024T15:46:51 - [MESSAGE][WARNING] - [SELF-HEALING] The current locator of test object 'Object Repository/Page_Calender/Page_/span_DEC 2023' was broken. Propose an alternative one: '//div/div/button/span'.

11-01-2024T15:46:51 - [MESSAGE][PASSED] - Object 'Object Repository/Page_Calender/Page_/span_DEC 2023' is clickable

11-01-2024T15:46:51 - [TEST_STEP][PASSED] - click(findTestObject("Object Repository/Page_Calender/Page_/polygon")): Object: 'Object Repository/Page_Calender/Page_/polygon' is clicked on

11-01-2024T15:47:23 - [MESSAGE][INFO] - Unable to find the element located by 'By.xpath: '. Please recheck the objects properties to make sure the desired element is located. 

11-01-2024T15:47:23 - [MESSAGE][WARNING] - [SELF-HEALING] Failed to find element with id 'Object Repository/Page_Calender/Page_/polygon'. Try using Self-healing.

11-01-2024T15:47:23 - [MESSAGE][WARNING] - [SELF-HEALING] The current locator of test object 'Object Repository/Page_Calender/Page_/polygon' was broken. Propose an alternative one: 'polygon'.

11-01-2024T15:47:23 - [MESSAGE][PASSED] - Object: 'Object Repository/Page_Calender/Page_/polygon' is clicked on

11-01-2024T15:47:23 - [TEST_STEP][PASSED] - click(findTestObject("Object Repository/Page_Calender/Page_/svg_mat-calendar-arrow mat-calendar-invert")): Object: 'Object Repository/Page_Calender/Page_/svg_mat-calendar-arrow mat-calendar-invert' is clicked on

11-01-2024T15:47:54 - [MESSAGE][INFO] - Unable to find the element located by 'By.xpath: '. Please recheck the objects properties to make sure the desired element is located. 

11-01-2024T15:47:54 - [MESSAGE][WARNING] - [SELF-HEALING] Failed to find element with id 'Object Repository/Page_Calender/Page_/svg_mat-calendar-arrow mat-calendar-invert'. Try using Self-healing.

11-01-2024T15:47:54 - [MESSAGE][WARNING] - [SELF-HEALING] The current locator of test object 'Object Repository/Page_Calender/Page_/svg_mat-calendar-arrow mat-calendar-invert' was broken. Propose an alternative one: 'svg.mat-calendar-arrow.mat-calendar-invert'.

11-01-2024T15:47:54 - [MESSAGE][PASSED] - Object: 'Object Repository/Page_Calender/Page_/svg_mat-calendar-arrow mat-calendar-invert' is clicked on

11-01-2024T15:47:54 - [TEST_STEP][PASSED] - click(findTestObject("Object Repository/Page_Calender/Page_/button_mat-focus-indicator mat-calendar-pre_09dfc7")): Object: 'Object Repository/Page_Calender/Page_/button_mat-focus-indicator mat-calendar-pre_09dfc7' is clicked on

11-01-2024T15:47:55 - [MESSAGE][PASSED] - Object: 'Object Repository/Page_Calender/Page_/button_mat-focus-indicator mat-calendar-pre_09dfc7' is clicked on

11-01-2024T15:47:55 - [TEST_STEP][PASSED] - click(findTestObject("Object Repository/Page_Calender/Page_/button_mat-focus-indicator mat-calendar-pre_09dfc7")): Object: 'Object Repository/Page_Calender/Page_/button_mat-focus-indicator mat-calendar-pre_09dfc7' is clicked on

11-01-2024T15:47:56 - [MESSAGE][PASSED] - Object: 'Object Repository/Page_Calender/Page_/button_mat-focus-indicator mat-calendar-pre_09dfc7' is clicked on

11-01-2024T15:47:56 - [TEST_STEP][PASSED] - click(findTestObject("Object Repository/Page_Calender/Page_/div_1")): Object: 'Object Repository/Page_Calender/Page_/div_1' is clicked on

11-01-2024T15:48:27 - [MESSAGE][INFO] - Unable to find the element located by 'By.xpath: //mat-calendar[@id='mat-datepicker-0']/div/mat-month-view/table/tbody/tr[2]/td/button/div'. Please recheck the objects properties to make sure the desired element is located. 

11-01-2024T15:48:27 - [MESSAGE][WARNING] - [SELF-HEALING] Failed to find element with id 'Object Repository/Page_Calender/Page_/div_1'. Try using Self-healing.

11-01-2024T15:48:28 - [MESSAGE][WARNING] - [SELF-HEALING] The current locator of test object 'Object Repository/Page_Calender/Page_/div_1' was broken. Propose an alternative one: '//td/button/div'.

11-01-2024T15:48:28 - [MESSAGE][PASSED] - Object: 'Object Repository/Page_Calender/Page_/div_1' is clicked on

11-01-2024T15:48:28 - [TEST_STEP][PASSED] - click(findTestObject("Object Repository/Page_Calender/Page_/div_31")): Object: 'Object Repository/Page_Calender/Page_/div_31' is clicked on

11-01-2024T15:48:59 - [MESSAGE][INFO] - Unable to find the element located by 'By.xpath: //mat-calendar[@id='mat-datepicker-0']/div/mat-month-view/table/tbody/tr[6]/td[3]/button/div'. Please recheck the objects properties to make sure the desired element is located. 

11-01-2024T15:48:59 - [MESSAGE][WARNING] - [SELF-HEALING] Failed to find element with id 'Object Repository/Page_Calender/Page_/div_31'. Try using Self-healing.

11-01-2024T15:48:59 - [MESSAGE][WARNING] - [SELF-HEALING] The current locator of test object 'Object Repository/Page_Calender/Page_/div_31' was broken. Propose an alternative one: '//tr[6]/td[3]/button/div'.

11-01-2024T15:48:59 - [MESSAGE][PASSED] - Object: 'Object Repository/Page_Calender/Page_/div_31' is clicked on

11-01-2024T15:48:59 - [MESSAGE][INFO] - 

11-01-2024T15:48:59 - [MESSAGE][INFO] - ===================== Self-healing Report ====================

11-01-2024T15:48:59 - [MESSAGE][INFO] - One of the failed test object locators has been recovered by Self-healing. Please refer to the Self-healing Insights tab for more details.

11-01-2024T15:48:59 - [MESSAGE][INFO] - To learn more about Self-healing, please read https://docs.katalon.com/katalon-studio/docs/self-healing.html

11-01-2024T15:48:59 - [MESSAGE][INFO] - ==============================================================

11-01-2024T15:48:59 - [MESSAGE][PASSED] - Call Test Case 'Test Cases/Reusable_Functions/Calender' successfully

11-01-2024T15:48:59 - [TEST_STEP][PASSED] - callTestCase(findTestCase("Reusable_Functions/Fullscreen"), [:], CONTINUE_ON_FAILURE): Call Test Case 'Test Cases/Reusable_Functions/Fullscreen' successfully

11-01-2024T15:48:59 - [TEST_CASE][PASSED] - Test Cases/Reusable_Functions/Fullscreen: Test Cases/Reusable_Functions/Fullscreen

11-01-2024T15:48:59 - [TEST_STEP][PASSED] - verifyElementClickable(findTestObject("Object Repository/Page_Fullscreen/Page_/img")): Object 'Object Repository/Page_Fullscreen/Page_/img' is clickable

11-01-2024T15:49:01 - [MESSAGE][PASSED] - Object 'Object Repository/Page_Fullscreen/Page_/img' is clickable

11-01-2024T15:49:01 - [TEST_STEP][PASSED] - click(findTestObject("Object Repository/Page_Fullscreen/Page_/img")): Object: 'Object Repository/Page_Fullscreen/Page_/img' is clicked on

11-01-2024T15:49:01 - [MESSAGE][PASSED] - Object: 'Object Repository/Page_Fullscreen/Page_/img' is clicked on

11-01-2024T15:49:01 - [TEST_STEP][PASSED] - delay(2): Delayed 2 second(s)

11-01-2024T15:49:03 - [MESSAGE][PASSED] - Delayed 2 second(s)

11-01-2024T15:49:03 - [TEST_STEP][PASSED] - executeJavaScript("document.exitFullscreen();", null): Execute JavaScript 'document.exitFullscreen();' successfully

11-01-2024T15:49:03 - [MESSAGE][PASSED] - Execute JavaScript 'document.exitFullscreen();' successfully

11-01-2024T15:49:03 - [TEST_STEP][PASSED] - delay(2): Delayed 2 second(s)

11-01-2024T15:49:05 - [MESSAGE][PASSED] - Delayed 2 second(s)

11-01-2024T15:49:05 - [MESSAGE][INFO] - 

11-01-2024T15:49:05 - [MESSAGE][INFO] - ===================== Self-healing Report ====================

11-01-2024T15:49:05 - [MESSAGE][INFO] - One of the failed test object locators has been recovered by Self-healing. Please refer to the Self-healing Insights tab for more details.

11-01-2024T15:49:05 - [MESSAGE][INFO] - To learn more about Self-healing, please read https://docs.katalon.com/katalon-studio/docs/self-healing.html

11-01-2024T15:49:05 - [MESSAGE][INFO] - ==============================================================

11-01-2024T15:49:05 - [MESSAGE][PASSED] - Call Test Case 'Test Cases/Reusable_Functions/Fullscreen' successfully]]></system-out>
         <system-err><![CDATA[]]></system-err>
      </testcase>
      <testcase name="Test Cases/Spend Monitoring/test_daily_spend_monitoring_tab" time="1.407" classname="Test Cases/Spend Monitoring/test_daily_spend_monitoring_tab" status="PASSED">
         <system-out><![CDATA[11-01-2024T15:49:05 - [TEST_CASE][PASSED] - Test Cases/Spend Monitoring/test_daily_spend_monitoring_tab: Test Cases/Spend Monitoring/test_daily_spend_monitoring_tab

11-01-2024T15:49:05 - [TEST_STEP][PASSED] - click(findTestObject("Object Repository/Page_Daily_Spend_Monitoring_Tab/Page_/li_Spend Monitoring")): Object: 'Object Repository/Page_Daily_Spend_Monitoring_Tab/Page_/li_Spend Monitoring' is clicked on

11-01-2024T15:49:06 - [MESSAGE][PASSED] - Object: 'Object Repository/Page_Daily_Spend_Monitoring_Tab/Page_/li_Spend Monitoring' is clicked on

11-01-2024T15:49:06 - [TEST_STEP][PASSED] - verifyElementText(findTestObject("Object Repository/Page_Daily_Spend_Monitoring_Tab/Page_/div_Daily Spends Monitoring Report"), "Daily Spends Monitoring Report"): Actual text and expected text of test object 'Object Repository/Page_Daily_Spend_Monitoring_Tab/Page_/div_Daily Spends Monitoring Report' are matched.

11-01-2024T15:49:06 - [MESSAGE][PASSED] - Actual text and expected text of test object 'Object Repository/Page_Daily_Spend_Monitoring_Tab/Page_/div_Daily Spends Monitoring Report' are matched.

11-01-2024T15:49:06 - [TEST_STEP][PASSED] - verifyElementClickable(findTestObject("Object Repository/Page_Daily_Spend_Monitoring_Tab/Page_/div_Daily Spends Monitoring Report")): Object 'Object Repository/Page_Daily_Spend_Monitoring_Tab/Page_/div_Daily Spends Monitoring Report' is clickable

11-01-2024T15:49:06 - [MESSAGE][PASSED] - Object 'Object Repository/Page_Daily_Spend_Monitoring_Tab/Page_/div_Daily Spends Monitoring Report' is clickable

11-01-2024T15:49:06 - [TEST_STEP][PASSED] - click(findTestObject("Object Repository/Page_Daily_Spend_Monitoring_Tab/Page_/div_Daily Spends Monitoring Report")): Object: 'Object Repository/Page_Daily_Spend_Monitoring_Tab/Page_/div_Daily Spends Monitoring Report' is clicked on

11-01-2024T15:49:07 - [MESSAGE][PASSED] - Object: 'Object Repository/Page_Daily_Spend_Monitoring_Tab/Page_/div_Daily Spends Monitoring Report' is clicked on]]></system-out>
         <system-err><![CDATA[]]></system-err>
      </testcase>
      <testcase name="Test Cases/Spend Monitoring/test_daily_spend_monitoring_calender" time="292.779" classname="Test Cases/Spend Monitoring/test_daily_spend_monitoring_calender" status="PASSED">
         <system-out><![CDATA[11-01-2024T15:49:07 - [TEST_CASE][PASSED] - Test Cases/Spend Monitoring/test_daily_spend_monitoring_calender: Test Cases/Spend Monitoring/test_daily_spend_monitoring_calender

11-01-2024T15:49:07 - [TEST_STEP][PASSED] - callTestCase(findTestCase("Reusable_Functions/Calender"), [:], CONTINUE_ON_FAILURE): Call Test Case 'Test Cases/Reusable_Functions/Calender' successfully

11-01-2024T15:49:07 - [TEST_CASE][PASSED] - Test Cases/Reusable_Functions/Calender: Test Cases/Reusable_Functions/Calender

11-01-2024T15:49:07 - [TEST_STEP][PASSED] - verifyElementClickable(findTestObject("Object Repository/Page_Calender/Page_/mat-icon_clear")): Object 'Object Repository/Page_Calender/Page_/mat-icon_clear' is clickable

11-01-2024T15:49:38 - [MESSAGE][INFO] - Unable to find the element located by 'By.xpath: //mat-tab-body[@id='mat-tab-content-0-0']/div/app-weekly-admetric/div/div/div/app-time-series-filter-panel/div/mat-form-field/div/div/div/mat-icon'. Please recheck the objects properties to make sure the desired element is located. 

11-01-2024T15:49:38 - [MESSAGE][WARNING] - [SELF-HEALING] Failed to find element with id 'Object Repository/Page_Calender/Page_/mat-icon_clear'. Try using Self-healing.

11-01-2024T15:49:38 - [MESSAGE][WARNING] - [SELF-HEALING] The current locator of test object 'Object Repository/Page_Calender/Page_/mat-icon_clear' was broken. Propose an alternative one: '//mat-icon'.

11-01-2024T15:49:38 - [MESSAGE][PASSED] - Object 'Object Repository/Page_Calender/Page_/mat-icon_clear' is clickable

11-01-2024T15:49:38 - [TEST_STEP][PASSED] - click(findTestObject("Object Repository/Page_Calender/Page_/mat-icon_clear")): Object: 'Object Repository/Page_Calender/Page_/mat-icon_clear' is clicked on

11-01-2024T15:50:09 - [MESSAGE][INFO] - Unable to find the element located by 'By.xpath: //mat-tab-body[@id='mat-tab-content-0-0']/div/app-weekly-admetric/div/div/div/app-time-series-filter-panel/div/mat-form-field/div/div/div/mat-icon'. Please recheck the objects properties to make sure the desired element is located. 

11-01-2024T15:50:09 - [MESSAGE][WARNING] - [SELF-HEALING] Failed to find element with id 'Object Repository/Page_Calender/Page_/mat-icon_clear'. Try using Self-healing.

11-01-2024T15:50:10 - [MESSAGE][WARNING] - [SELF-HEALING] The current locator of test object 'Object Repository/Page_Calender/Page_/mat-icon_clear' was broken. Propose an alternative one: '//mat-icon'.

11-01-2024T15:50:10 - [MESSAGE][PASSED] - Object: 'Object Repository/Page_Calender/Page_/mat-icon_clear' is clicked on

11-01-2024T15:50:10 - [TEST_STEP][PASSED] - verifyElementClickable(findTestObject("Object Repository/Page_Calender/Page_/svg_mat-datepicker-toggle-default-icon ng-s_f1b13c")): Object 'Object Repository/Page_Calender/Page_/svg_mat-datepicker-toggle-default-icon ng-s_f1b13c' is clickable

11-01-2024T15:50:41 - [MESSAGE][INFO] - Unable to find the element located by 'By.xpath: '. Please recheck the objects properties to make sure the desired element is located. 

11-01-2024T15:50:41 - [MESSAGE][WARNING] - [SELF-HEALING] Failed to find element with id 'Object Repository/Page_Calender/Page_/svg_mat-datepicker-toggle-default-icon ng-s_f1b13c'. Try using Self-healing.

11-01-2024T15:50:41 - [MESSAGE][WARNING] - [SELF-HEALING] The current locator of test object 'Object Repository/Page_Calender/Page_/svg_mat-datepicker-toggle-default-icon ng-s_f1b13c' was broken. Propose an alternative one: 'svg.mat-datepicker-toggle-default-icon.ng-star-inserted'.

11-01-2024T15:50:41 - [MESSAGE][PASSED] - Object 'Object Repository/Page_Calender/Page_/svg_mat-datepicker-toggle-default-icon ng-s_f1b13c' is clickable

11-01-2024T15:50:41 - [TEST_STEP][PASSED] - click(findTestObject("Object Repository/Page_Calender/Page_/svg_mat-datepicker-toggle-default-icon ng-s_f1b13c")): Object: 'Object Repository/Page_Calender/Page_/svg_mat-datepicker-toggle-default-icon ng-s_f1b13c' is clicked on

11-01-2024T15:51:12 - [MESSAGE][INFO] - Unable to find the element located by 'By.xpath: '. Please recheck the objects properties to make sure the desired element is located. 

11-01-2024T15:51:12 - [MESSAGE][WARNING] - [SELF-HEALING] Failed to find element with id 'Object Repository/Page_Calender/Page_/svg_mat-datepicker-toggle-default-icon ng-s_f1b13c'. Try using Self-healing.

11-01-2024T15:51:13 - [MESSAGE][WARNING] - [SELF-HEALING] The current locator of test object 'Object Repository/Page_Calender/Page_/svg_mat-datepicker-toggle-default-icon ng-s_f1b13c' was broken. Propose an alternative one: 'svg.mat-datepicker-toggle-default-icon.ng-star-inserted'.

11-01-2024T15:51:13 - [MESSAGE][PASSED] - Object: 'Object Repository/Page_Calender/Page_/svg_mat-datepicker-toggle-default-icon ng-s_f1b13c' is clicked on

11-01-2024T15:51:13 - [TEST_STEP][PASSED] - verifyElementClickable(findTestObject("Object Repository/Page_Calender/Page_/button_mat-focus-indicator mat-calendar-pre_09dfc7")): Object 'Object Repository/Page_Calender/Page_/button_mat-focus-indicator mat-calendar-pre_09dfc7' is clickable

11-01-2024T15:51:14 - [MESSAGE][PASSED] - Object 'Object Repository/Page_Calender/Page_/button_mat-focus-indicator mat-calendar-pre_09dfc7' is clickable

11-01-2024T15:51:14 - [TEST_STEP][PASSED] - verifyElementClickable(findTestObject("Object Repository/Page_Calender/Page_/button_mat-focus-indicator mat-calendar-pre_09dfc7")): Object 'Object Repository/Page_Calender/Page_/button_mat-focus-indicator mat-calendar-pre_09dfc7' is clickable

11-01-2024T15:51:14 - [MESSAGE][PASSED] - Object 'Object Repository/Page_Calender/Page_/button_mat-focus-indicator mat-calendar-pre_09dfc7' is clickable

11-01-2024T15:51:14 - [TEST_STEP][PASSED] - verifyElementClickable(findTestObject("Object Repository/Page_Calender/Page_/span_DEC 2023")): Object 'Object Repository/Page_Calender/Page_/span_DEC 2023' is clickable

11-01-2024T15:51:45 - [MESSAGE][INFO] - Unable to find the element located by 'By.xpath: //mat-calendar[@id='mat-datepicker-0']/mat-calendar-header/div/div/button/span'. Please recheck the objects properties to make sure the desired element is located. 

11-01-2024T15:51:45 - [MESSAGE][WARNING] - [SELF-HEALING] Failed to find element with id 'Object Repository/Page_Calender/Page_/span_DEC 2023'. Try using Self-healing.

11-01-2024T15:51:46 - [MESSAGE][WARNING] - [SELF-HEALING] The current locator of test object 'Object Repository/Page_Calender/Page_/span_DEC 2023' was broken. Propose an alternative one: '//div/div/button/span'.

11-01-2024T15:51:46 - [MESSAGE][PASSED] - Object 'Object Repository/Page_Calender/Page_/span_DEC 2023' is clickable

11-01-2024T15:51:46 - [TEST_STEP][PASSED] - click(findTestObject("Object Repository/Page_Calender/Page_/polygon")): Object: 'Object Repository/Page_Calender/Page_/polygon' is clicked on

11-01-2024T15:52:17 - [MESSAGE][INFO] - Unable to find the element located by 'By.xpath: '. Please recheck the objects properties to make sure the desired element is located. 

11-01-2024T15:52:17 - [MESSAGE][WARNING] - [SELF-HEALING] Failed to find element with id 'Object Repository/Page_Calender/Page_/polygon'. Try using Self-healing.

11-01-2024T15:52:17 - [MESSAGE][WARNING] - [SELF-HEALING] The current locator of test object 'Object Repository/Page_Calender/Page_/polygon' was broken. Propose an alternative one: 'polygon'.

11-01-2024T15:52:17 - [MESSAGE][PASSED] - Object: 'Object Repository/Page_Calender/Page_/polygon' is clicked on

11-01-2024T15:52:17 - [TEST_STEP][PASSED] - click(findTestObject("Object Repository/Page_Calender/Page_/svg_mat-calendar-arrow mat-calendar-invert")): Object: 'Object Repository/Page_Calender/Page_/svg_mat-calendar-arrow mat-calendar-invert' is clicked on

11-01-2024T15:52:48 - [MESSAGE][INFO] - Unable to find the element located by 'By.xpath: '. Please recheck the objects properties to make sure the desired element is located. 

11-01-2024T15:52:48 - [MESSAGE][WARNING] - [SELF-HEALING] Failed to find element with id 'Object Repository/Page_Calender/Page_/svg_mat-calendar-arrow mat-calendar-invert'. Try using Self-healing.

11-01-2024T15:52:49 - [MESSAGE][WARNING] - [SELF-HEALING] The current locator of test object 'Object Repository/Page_Calender/Page_/svg_mat-calendar-arrow mat-calendar-invert' was broken. Propose an alternative one: 'svg.mat-calendar-arrow.mat-calendar-invert'.

11-01-2024T15:52:49 - [MESSAGE][PASSED] - Object: 'Object Repository/Page_Calender/Page_/svg_mat-calendar-arrow mat-calendar-invert' is clicked on

11-01-2024T15:52:49 - [TEST_STEP][PASSED] - click(findTestObject("Object Repository/Page_Calender/Page_/button_mat-focus-indicator mat-calendar-pre_09dfc7")): Object: 'Object Repository/Page_Calender/Page_/button_mat-focus-indicator mat-calendar-pre_09dfc7' is clicked on

11-01-2024T15:52:50 - [MESSAGE][PASSED] - Object: 'Object Repository/Page_Calender/Page_/button_mat-focus-indicator mat-calendar-pre_09dfc7' is clicked on

11-01-2024T15:52:50 - [TEST_STEP][PASSED] - click(findTestObject("Object Repository/Page_Calender/Page_/button_mat-focus-indicator mat-calendar-pre_09dfc7")): Object: 'Object Repository/Page_Calender/Page_/button_mat-focus-indicator mat-calendar-pre_09dfc7' is clicked on

11-01-2024T15:52:50 - [MESSAGE][PASSED] - Object: 'Object Repository/Page_Calender/Page_/button_mat-focus-indicator mat-calendar-pre_09dfc7' is clicked on

11-01-2024T15:52:50 - [TEST_STEP][PASSED] - click(findTestObject("Object Repository/Page_Calender/Page_/div_1")): Object: 'Object Repository/Page_Calender/Page_/div_1' is clicked on

11-01-2024T15:53:21 - [MESSAGE][INFO] - Unable to find the element located by 'By.xpath: //mat-calendar[@id='mat-datepicker-0']/div/mat-month-view/table/tbody/tr[2]/td/button/div'. Please recheck the objects properties to make sure the desired element is located. 

11-01-2024T15:53:21 - [MESSAGE][WARNING] - [SELF-HEALING] Failed to find element with id 'Object Repository/Page_Calender/Page_/div_1'. Try using Self-healing.

11-01-2024T15:53:22 - [MESSAGE][WARNING] - [SELF-HEALING] The current locator of test object 'Object Repository/Page_Calender/Page_/div_1' was broken. Propose an alternative one: '//td/button/div'.

11-01-2024T15:53:22 - [MESSAGE][PASSED] - Object: 'Object Repository/Page_Calender/Page_/div_1' is clicked on

11-01-2024T15:53:22 - [TEST_STEP][PASSED] - click(findTestObject("Object Repository/Page_Calender/Page_/div_31")): Object: 'Object Repository/Page_Calender/Page_/div_31' is clicked on

11-01-2024T15:53:53 - [MESSAGE][INFO] - Unable to find the element located by 'By.xpath: //mat-calendar[@id='mat-datepicker-0']/div/mat-month-view/table/tbody/tr[6]/td[3]/button/div'. Please recheck the objects properties to make sure the desired element is located. 

11-01-2024T15:53:53 - [MESSAGE][WARNING] - [SELF-HEALING] Failed to find element with id 'Object Repository/Page_Calender/Page_/div_31'. Try using Self-healing.

11-01-2024T15:53:53 - [MESSAGE][WARNING] - [SELF-HEALING] The current locator of test object 'Object Repository/Page_Calender/Page_/div_31' was broken. Propose an alternative one: '//tr[6]/td[3]/button/div'.

11-01-2024T15:53:53 - [MESSAGE][PASSED] - Object: 'Object Repository/Page_Calender/Page_/div_31' is clicked on

11-01-2024T15:53:53 - [MESSAGE][INFO] - 

11-01-2024T15:53:53 - [MESSAGE][INFO] - ===================== Self-healing Report ====================

11-01-2024T15:53:53 - [MESSAGE][INFO] - One of the failed test object locators has been recovered by Self-healing. Please refer to the Self-healing Insights tab for more details.

11-01-2024T15:53:53 - [MESSAGE][INFO] - To learn more about Self-healing, please read https://docs.katalon.com/katalon-studio/docs/self-healing.html

11-01-2024T15:53:53 - [MESSAGE][INFO] - ==============================================================

11-01-2024T15:53:53 - [MESSAGE][PASSED] - Call Test Case 'Test Cases/Reusable_Functions/Calender' successfully

11-01-2024T15:53:53 - [TEST_STEP][PASSED] - callTestCase(findTestCase("Reusable_Functions/Fullscreen"), [:], CONTINUE_ON_FAILURE): Call Test Case 'Test Cases/Reusable_Functions/Fullscreen' successfully

11-01-2024T15:53:53 - [TEST_CASE][PASSED] - Test Cases/Reusable_Functions/Fullscreen: Test Cases/Reusable_Functions/Fullscreen

11-01-2024T15:53:53 - [TEST_STEP][PASSED] - verifyElementClickable(findTestObject("Object Repository/Page_Fullscreen/Page_/img")): Object 'Object Repository/Page_Fullscreen/Page_/img' is clickable

11-01-2024T15:53:55 - [MESSAGE][PASSED] - Object 'Object Repository/Page_Fullscreen/Page_/img' is clickable

11-01-2024T15:53:55 - [TEST_STEP][PASSED] - click(findTestObject("Object Repository/Page_Fullscreen/Page_/img")): Object: 'Object Repository/Page_Fullscreen/Page_/img' is clicked on

11-01-2024T15:53:55 - [MESSAGE][PASSED] - Object: 'Object Repository/Page_Fullscreen/Page_/img' is clicked on

11-01-2024T15:53:55 - [TEST_STEP][PASSED] - delay(2): Delayed 2 second(s)

11-01-2024T15:53:57 - [MESSAGE][PASSED] - Delayed 2 second(s)

11-01-2024T15:53:57 - [TEST_STEP][PASSED] - executeJavaScript("document.exitFullscreen();", null): Execute JavaScript 'document.exitFullscreen();' successfully

11-01-2024T15:53:57 - [MESSAGE][PASSED] - Execute JavaScript 'document.exitFullscreen();' successfully

11-01-2024T15:53:57 - [TEST_STEP][PASSED] - delay(2): Delayed 2 second(s)

11-01-2024T15:53:59 - [MESSAGE][PASSED] - Delayed 2 second(s)

11-01-2024T15:53:59 - [MESSAGE][INFO] - 

11-01-2024T15:53:59 - [MESSAGE][INFO] - ===================== Self-healing Report ====================

11-01-2024T15:53:59 - [MESSAGE][INFO] - One of the failed test object locators has been recovered by Self-healing. Please refer to the Self-healing Insights tab for more details.

11-01-2024T15:53:59 - [MESSAGE][INFO] - To learn more about Self-healing, please read https://docs.katalon.com/katalon-studio/docs/self-healing.html

11-01-2024T15:53:59 - [MESSAGE][INFO] - ==============================================================

11-01-2024T15:53:59 - [MESSAGE][PASSED] - Call Test Case 'Test Cases/Reusable_Functions/Fullscreen' successfully]]></system-out>
         <system-err><![CDATA[]]></system-err>
      </testcase>
      <testcase name="Test Cases/Spend Monitoring/test_mtd_spend_monitoring_tab" time="1.364" classname="Test Cases/Spend Monitoring/test_mtd_spend_monitoring_tab" status="PASSED">
         <system-out><![CDATA[11-01-2024T15:53:59 - [TEST_CASE][PASSED] - Test Cases/Spend Monitoring/test_mtd_spend_monitoring_tab: Test Cases/Spend Monitoring/test_mtd_spend_monitoring_tab

11-01-2024T15:54:00 - [TEST_STEP][PASSED] - click(findTestObject("Object Repository/Page_MTD_Spend_Monitoring_Tab/Page_/li_Spend Monitoring")): Object: 'Object Repository/Page_MTD_Spend_Monitoring_Tab/Page_/li_Spend Monitoring' is clicked on

11-01-2024T15:54:00 - [MESSAGE][PASSED] - Object: 'Object Repository/Page_MTD_Spend_Monitoring_Tab/Page_/li_Spend Monitoring' is clicked on

11-01-2024T15:54:00 - [TEST_STEP][PASSED] - verifyElementText(findTestObject("Object Repository/Page_MTD_Spend_Monitoring_Tab/Page_/div_MTD Spend Monitoring"), "MTD Spend Monitoring"): Actual text and expected text of test object 'Object Repository/Page_MTD_Spend_Monitoring_Tab/Page_/div_MTD Spend Monitoring' are matched.

11-01-2024T15:54:00 - [MESSAGE][PASSED] - Actual text and expected text of test object 'Object Repository/Page_MTD_Spend_Monitoring_Tab/Page_/div_MTD Spend Monitoring' are matched.

11-01-2024T15:54:00 - [TEST_STEP][PASSED] - verifyElementClickable(findTestObject("Object Repository/Page_MTD_Spend_Monitoring_Tab/Page_/div_MTD Spend Monitoring")): Object 'Object Repository/Page_MTD_Spend_Monitoring_Tab/Page_/div_MTD Spend Monitoring' is clickable

11-01-2024T15:54:00 - [MESSAGE][PASSED] - Object 'Object Repository/Page_MTD_Spend_Monitoring_Tab/Page_/div_MTD Spend Monitoring' is clickable

11-01-2024T15:54:00 - [TEST_STEP][PASSED] - click(findTestObject("Object Repository/Page_MTD_Spend_Monitoring_Tab/Page_/div_MTD Spend Monitoring")): Object: 'Object Repository/Page_MTD_Spend_Monitoring_Tab/Page_/div_MTD Spend Monitoring' is clicked on

11-01-2024T15:54:01 - [MESSAGE][PASSED] - Object: 'Object Repository/Page_MTD_Spend_Monitoring_Tab/Page_/div_MTD Spend Monitoring' is clicked on]]></system-out>
         <system-err><![CDATA[]]></system-err>
      </testcase>
      <testcase name="Test Cases/Spend Monitoring/test_mtd_spend_monitoring_data" time="110.891" classname="Test Cases/Spend Monitoring/test_mtd_spend_monitoring_data" status="PASSED">
         <system-out><![CDATA[11-01-2024T15:54:01 - [TEST_CASE][PASSED] - Test Cases/Spend Monitoring/test_mtd_spend_monitoring_data: Test Cases/Spend Monitoring/test_mtd_spend_monitoring_data

11-01-2024T15:54:01 - [TEST_STEP][PASSED] - verifyElementVisible(findTestObject("Object Repository/Page_MTD_Spend_Monitoring_Data/Page_/h1_0")): Object 'Object Repository/Page_MTD_Spend_Monitoring_Data/Page_/h1_0' is visible

11-01-2024T15:54:03 - [MESSAGE][PASSED] - Object 'Object Repository/Page_MTD_Spend_Monitoring_Data/Page_/h1_0' is visible

11-01-2024T15:54:03 - [TEST_STEP][PASSED] - verifyElementText(findTestObject("Object Repository/Page_MTD_Spend_Monitoring_Data/Page_/div_achievement"), "% achievement"): Actual text and expected text of test object 'Object Repository/Page_MTD_Spend_Monitoring_Data/Page_/div_achievement' are matched.

11-01-2024T15:54:03 - [MESSAGE][PASSED] - Actual text and expected text of test object 'Object Repository/Page_MTD_Spend_Monitoring_Data/Page_/div_achievement' are matched.

11-01-2024T15:54:03 - [TEST_STEP][PASSED] - verifyElementText(findTestObject("Object Repository/Page_MTD_Spend_Monitoring_Data/Page_/p_MTD Spend Prorated"), "MTD Spend Prorated"): Actual text and expected text of test object 'Object Repository/Page_MTD_Spend_Monitoring_Data/Page_/p_MTD Spend Prorated' are matched.

11-01-2024T15:54:04 - [MESSAGE][PASSED] - Actual text and expected text of test object 'Object Repository/Page_MTD_Spend_Monitoring_Data/Page_/p_MTD Spend Prorated' are matched.

11-01-2024T15:54:04 - [TEST_STEP][PASSED] - callTestCase(findTestCase("Reusable_Functions/Items_per_page"), [:], CONTINUE_ON_FAILURE): Call Test Case 'Test Cases/Reusable_Functions/Items_per_page' successfully

11-01-2024T15:54:04 - [TEST_CASE][PASSED] - Test Cases/Reusable_Functions/Items_per_page: Test Cases/Reusable_Functions/Items_per_page

11-01-2024T15:54:04 - [TEST_STEP][PASSED] - verifyElementText(findTestObject("Object Repository/Page_Items_Per_Page/Page_/div_Items per page"), "Items per page:"): Actual text and expected text of test object 'Object Repository/Page_Items_Per_Page/Page_/div_Items per page' are matched.

11-01-2024T15:54:04 - [MESSAGE][PASSED] - Actual text and expected text of test object 'Object Repository/Page_Items_Per_Page/Page_/div_Items per page' are matched.

11-01-2024T15:54:04 - [TEST_STEP][PASSED] - verifyElementClickable(findTestObject("Object Repository/Page_Items_Per_Page/Page_/div_mat-select-arrow-wrapper ng-tns-c110-14")): Object 'Object Repository/Page_Items_Per_Page/Page_/div_mat-select-arrow-wrapper ng-tns-c110-14' is clickable

11-01-2024T15:54:04 - [MESSAGE][PASSED] - Object 'Object Repository/Page_Items_Per_Page/Page_/div_mat-select-arrow-wrapper ng-tns-c110-14' is clickable

11-01-2024T15:54:04 - [TEST_STEP][PASSED] - click(findTestObject("Object Repository/Page_Items_Per_Page/Page_/div_mat-select-arrow-wrapper ng-tns-c110-14")): Object: 'Object Repository/Page_Items_Per_Page/Page_/div_mat-select-arrow-wrapper ng-tns-c110-14' is clicked on

11-01-2024T15:54:05 - [MESSAGE][PASSED] - Object: 'Object Repository/Page_Items_Per_Page/Page_/div_mat-select-arrow-wrapper ng-tns-c110-14' is clicked on

11-01-2024T15:54:05 - [TEST_STEP][PASSED] - click(findTestObject("Object Repository/Page_Items_Per_Page/Page_/span_20")): Object: 'Object Repository/Page_Items_Per_Page/Page_/span_20' is clicked on

11-01-2024T15:54:05 - [MESSAGE][PASSED] - Object: 'Object Repository/Page_Items_Per_Page/Page_/span_20' is clicked on

11-01-2024T15:54:05 - [TEST_STEP][PASSED] - click(findTestObject("Object Repository/Page_Items_Per_Page/Page_/div_mat-select-arrow ng-tns-c110-14")): Object: 'Object Repository/Page_Items_Per_Page/Page_/div_mat-select-arrow ng-tns-c110-14' is clicked on

11-01-2024T15:54:06 - [MESSAGE][PASSED] - Object: 'Object Repository/Page_Items_Per_Page/Page_/div_mat-select-arrow ng-tns-c110-14' is clicked on

11-01-2024T15:54:06 - [TEST_STEP][PASSED] - click(findTestObject("Object Repository/Page_Items_Per_Page/Page_/span_10")): Object: 'Object Repository/Page_Items_Per_Page/Page_/span_10' is clicked on

11-01-2024T15:54:06 - [MESSAGE][PASSED] - Object: 'Object Repository/Page_Items_Per_Page/Page_/span_10' is clicked on

11-01-2024T15:54:06 - [TEST_STEP][PASSED] - click(findTestObject("Object Repository/Page_Items_Per_Page/Page_/div_mat-select-arrow-wrapper ng-tns-c110-14")): Object: 'Object Repository/Page_Items_Per_Page/Page_/div_mat-select-arrow-wrapper ng-tns-c110-14' is clicked on

11-01-2024T15:54:07 - [MESSAGE][PASSED] - Object: 'Object Repository/Page_Items_Per_Page/Page_/div_mat-select-arrow-wrapper ng-tns-c110-14' is clicked on

11-01-2024T15:54:07 - [TEST_STEP][PASSED] - click(findTestObject("Object Repository/Page_Items_Per_Page/Page_/span_5")): Object: 'Object Repository/Page_Items_Per_Page/Page_/span_5' is clicked on

11-01-2024T15:54:08 - [MESSAGE][PASSED] - Object: 'Object Repository/Page_Items_Per_Page/Page_/span_5' is clicked on

11-01-2024T15:54:08 - [TEST_STEP][PASSED] - delay(2): Delayed 2 second(s)

11-01-2024T15:54:10 - [MESSAGE][PASSED] - Delayed 2 second(s)

11-01-2024T15:54:10 - [MESSAGE][PASSED] - Call Test Case 'Test Cases/Reusable_Functions/Items_per_page' successfully

11-01-2024T15:54:10 - [TEST_STEP][PASSED] - verifyElementText(findTestObject("Object Repository/Page_MTD_Spend_Monitoring_Data/Page_/p_Monthly Spend Vs Target"), "Monthly Spend Vs Target"): Actual text and expected text of test object 'Object Repository/Page_MTD_Spend_Monitoring_Data/Page_/p_Monthly Spend Vs Target' are matched.

11-01-2024T15:54:10 - [MESSAGE][PASSED] - Actual text and expected text of test object 'Object Repository/Page_MTD_Spend_Monitoring_Data/Page_/p_Monthly Spend Vs Target' are matched.

11-01-2024T15:54:10 - [TEST_STEP][PASSED] - verifyElementText(findTestObject("Object Repository/Page_MTD_Spend_Monitoring_Data/Page_/div_Items per page"), "Items per page:"): Actual text and expected text of test object 'Object Repository/Page_MTD_Spend_Monitoring_Data/Page_/div_Items per page' are matched.

11-01-2024T15:54:11 - [MESSAGE][PASSED] - Actual text and expected text of test object 'Object Repository/Page_MTD_Spend_Monitoring_Data/Page_/div_Items per page' are matched.

11-01-2024T15:54:11 - [TEST_STEP][PASSED] - verifyElementClickable(findTestObject("Object Repository/Page_MTD_Spend_Monitoring_Data/Page_/div_mat-select-arrow-wrapper ng-tns-c110-14")): Object 'Object Repository/Page_MTD_Spend_Monitoring_Data/Page_/div_mat-select-arrow-wrapper ng-tns-c110-14' is clickable

11-01-2024T15:54:11 - [MESSAGE][PASSED] - Object 'Object Repository/Page_MTD_Spend_Monitoring_Data/Page_/div_mat-select-arrow-wrapper ng-tns-c110-14' is clickable

11-01-2024T15:54:11 - [TEST_STEP][PASSED] - click(findTestObject("Object Repository/Page_MTD_Spend_Monitoring_Data/Page_/div_mat-select-arrow ng-tns-c110-14")): Object: 'Object Repository/Page_MTD_Spend_Monitoring_Data/Page_/div_mat-select-arrow ng-tns-c110-14' is clicked on

11-01-2024T15:54:11 - [MESSAGE][PASSED] - Object: 'Object Repository/Page_MTD_Spend_Monitoring_Data/Page_/div_mat-select-arrow ng-tns-c110-14' is clicked on

11-01-2024T15:54:11 - [TEST_STEP][PASSED] - click(findTestObject("Object Repository/Page_MTD_Spend_Monitoring_Data/Page_/span_20")): Object: 'Object Repository/Page_MTD_Spend_Monitoring_Data/Page_/span_20' is clicked on

11-01-2024T15:54:12 - [MESSAGE][PASSED] - Object: 'Object Repository/Page_MTD_Spend_Monitoring_Data/Page_/span_20' is clicked on

11-01-2024T15:54:12 - [TEST_STEP][PASSED] - click(findTestObject("Object Repository/Page_MTD_Spend_Monitoring_Data/Page_/div_mat-select-arrow ng-tns-c110-14")): Object: 'Object Repository/Page_MTD_Spend_Monitoring_Data/Page_/div_mat-select-arrow ng-tns-c110-14' is clicked on

11-01-2024T15:54:12 - [MESSAGE][PASSED] - Object: 'Object Repository/Page_MTD_Spend_Monitoring_Data/Page_/div_mat-select-arrow ng-tns-c110-14' is clicked on

11-01-2024T15:54:12 - [TEST_STEP][PASSED] - click(findTestObject("Object Repository/Page_MTD_Spend_Monitoring_Data/Page_/span_10")): Object: 'Object Repository/Page_MTD_Spend_Monitoring_Data/Page_/span_10' is clicked on

11-01-2024T15:54:13 - [MESSAGE][PASSED] - Object: 'Object Repository/Page_MTD_Spend_Monitoring_Data/Page_/span_10' is clicked on

11-01-2024T15:54:13 - [TEST_STEP][PASSED] - click(findTestObject("Object Repository/Page_MTD_Spend_Monitoring_Data/Page_/div_mat-select-arrow-wrapper ng-tns-c110-14")): Object: 'Object Repository/Page_MTD_Spend_Monitoring_Data/Page_/div_mat-select-arrow-wrapper ng-tns-c110-14' is clicked on

11-01-2024T15:54:14 - [MESSAGE][PASSED] - Object: 'Object Repository/Page_MTD_Spend_Monitoring_Data/Page_/div_mat-select-arrow-wrapper ng-tns-c110-14' is clicked on

11-01-2024T15:54:14 - [TEST_STEP][PASSED] - click(findTestObject("Object Repository/Page_MTD_Spend_Monitoring_Data/Page_/span_5")): Object: 'Object Repository/Page_MTD_Spend_Monitoring_Data/Page_/span_5' is clicked on

11-01-2024T15:54:14 - [MESSAGE][PASSED] - Object: 'Object Repository/Page_MTD_Spend_Monitoring_Data/Page_/span_5' is clicked on

11-01-2024T15:54:14 - [TEST_STEP][PASSED] - verifyElementText(findTestObject("Object Repository/Page_MTD_Spend_Monitoring_Data/Page_/p_MTD Spend Vs Target by Channel"), "MTD Spend Vs Target by Channel"): Actual text and expected text of test object 'Object Repository/Page_MTD_Spend_Monitoring_Data/Page_/p_MTD Spend Vs Target by Channel' are matched.

11-01-2024T15:54:15 - [MESSAGE][PASSED] - Actual text and expected text of test object 'Object Repository/Page_MTD_Spend_Monitoring_Data/Page_/p_MTD Spend Vs Target by Channel' are matched.

11-01-2024T15:54:15 - [TEST_STEP][PASSED] - verifyElementText(findTestObject("Object Repository/Page_MTD_Spend_Monitoring_Data/Page_/div_Items per page"), "Items per page:"): Actual text and expected text of test object 'Object Repository/Page_MTD_Spend_Monitoring_Data/Page_/div_Items per page' are matched.

11-01-2024T15:54:15 - [MESSAGE][PASSED] - Actual text and expected text of test object 'Object Repository/Page_MTD_Spend_Monitoring_Data/Page_/div_Items per page' are matched.

11-01-2024T15:54:15 - [TEST_STEP][PASSED] - verifyElementClickable(findTestObject("Object Repository/Page_MTD_Spend_Monitoring_Data/Page_/div_mat-select-arrow-wrapper ng-tns-c110-12")): Object 'Object Repository/Page_MTD_Spend_Monitoring_Data/Page_/div_mat-select-arrow-wrapper ng-tns-c110-12' is clickable

11-01-2024T15:54:15 - [MESSAGE][PASSED] - Object 'Object Repository/Page_MTD_Spend_Monitoring_Data/Page_/div_mat-select-arrow-wrapper ng-tns-c110-12' is clickable

11-01-2024T15:54:15 - [TEST_STEP][PASSED] - click(findTestObject("Object Repository/Page_MTD_Spend_Monitoring_Data/Page_/div_mat-select-arrow ng-tns-c110-12")): Object: 'Object Repository/Page_MTD_Spend_Monitoring_Data/Page_/div_mat-select-arrow ng-tns-c110-12' is clicked on

11-01-2024T15:54:16 - [MESSAGE][PASSED] - Object: 'Object Repository/Page_MTD_Spend_Monitoring_Data/Page_/div_mat-select-arrow ng-tns-c110-12' is clicked on

11-01-2024T15:54:16 - [TEST_STEP][PASSED] - click(findTestObject("Object Repository/Page_MTD_Spend_Monitoring_Data/Page_/span_20")): Object: 'Object Repository/Page_MTD_Spend_Monitoring_Data/Page_/span_20' is clicked on

11-01-2024T15:54:47 - [MESSAGE][INFO] - Unable to find the element located by 'By.xpath: //mat-option[@id='mat-option-10']/span'. Please recheck the objects properties to make sure the desired element is located. 

11-01-2024T15:54:47 - [MESSAGE][WARNING] - [SELF-HEALING] Failed to find element with id 'Object Repository/Page_MTD_Spend_Monitoring_Data/Page_/span_20'. Try using Self-healing.

11-01-2024T15:54:47 - [MESSAGE][WARNING] - [SELF-HEALING] The current locator of test object 'Object Repository/Page_MTD_Spend_Monitoring_Data/Page_/span_20' was broken. Propose an alternative one: '//mat-option[3]/span'.

11-01-2024T15:54:47 - [MESSAGE][PASSED] - Object: 'Object Repository/Page_MTD_Spend_Monitoring_Data/Page_/span_20' is clicked on

11-01-2024T15:54:47 - [TEST_STEP][PASSED] - click(findTestObject("Object Repository/Page_MTD_Spend_Monitoring_Data/Page_/div_mat-select-arrow-wrapper ng-tns-c110-12")): Object: 'Object Repository/Page_MTD_Spend_Monitoring_Data/Page_/div_mat-select-arrow-wrapper ng-tns-c110-12' is clicked on

11-01-2024T15:54:48 - [MESSAGE][PASSED] - Object: 'Object Repository/Page_MTD_Spend_Monitoring_Data/Page_/div_mat-select-arrow-wrapper ng-tns-c110-12' is clicked on

11-01-2024T15:54:48 - [TEST_STEP][PASSED] - click(findTestObject("Object Repository/Page_MTD_Spend_Monitoring_Data/Page_/span_10")): Object: 'Object Repository/Page_MTD_Spend_Monitoring_Data/Page_/span_10' is clicked on

11-01-2024T15:55:19 - [MESSAGE][INFO] - Unable to find the element located by 'By.xpath: //mat-option[@id='mat-option-9']/span'. Please recheck the objects properties to make sure the desired element is located. 

11-01-2024T15:55:19 - [MESSAGE][WARNING] - [SELF-HEALING] Failed to find element with id 'Object Repository/Page_MTD_Spend_Monitoring_Data/Page_/span_10'. Try using Self-healing.

11-01-2024T15:55:19 - [MESSAGE][WARNING] - [SELF-HEALING] The current locator of test object 'Object Repository/Page_MTD_Spend_Monitoring_Data/Page_/span_10' was broken. Propose an alternative one: '//mat-option[2]/span'.

11-01-2024T15:55:20 - [MESSAGE][PASSED] - Object: 'Object Repository/Page_MTD_Spend_Monitoring_Data/Page_/span_10' is clicked on

11-01-2024T15:55:20 - [TEST_STEP][PASSED] - click(findTestObject("Object Repository/Page_MTD_Spend_Monitoring_Data/Page_/div_mat-select-arrow ng-tns-c110-12")): Object: 'Object Repository/Page_MTD_Spend_Monitoring_Data/Page_/div_mat-select-arrow ng-tns-c110-12' is clicked on

11-01-2024T15:55:20 - [MESSAGE][PASSED] - Object: 'Object Repository/Page_MTD_Spend_Monitoring_Data/Page_/div_mat-select-arrow ng-tns-c110-12' is clicked on

11-01-2024T15:55:20 - [TEST_STEP][PASSED] - click(findTestObject("Object Repository/Page_MTD_Spend_Monitoring_Data/Page_/span_5")): Object: 'Object Repository/Page_MTD_Spend_Monitoring_Data/Page_/span_5' is clicked on

11-01-2024T15:55:51 - [MESSAGE][INFO] - Unable to find the element located by 'By.xpath: //mat-option[@id='mat-option-8']/span'. Please recheck the objects properties to make sure the desired element is located. 

11-01-2024T15:55:51 - [MESSAGE][WARNING] - [SELF-HEALING] Failed to find element with id 'Object Repository/Page_MTD_Spend_Monitoring_Data/Page_/span_5'. Try using Self-healing.

11-01-2024T15:55:52 - [MESSAGE][WARNING] - [SELF-HEALING] The current locator of test object 'Object Repository/Page_MTD_Spend_Monitoring_Data/Page_/span_5' was broken. Propose an alternative one: '//mat-option/span'.

11-01-2024T15:55:52 - [MESSAGE][PASSED] - Object: 'Object Repository/Page_MTD_Spend_Monitoring_Data/Page_/span_5' is clicked on]]></system-out>
         <system-err><![CDATA[]]></system-err>
      </testcase>
      <testcase name="Test Cases/Spend Monitoring/test_weekly_spend_monitoring_zoom" time="6.663" classname="Test Cases/Spend Monitoring/test_weekly_spend_monitoring_zoom" status="PASSED">
         <system-out><![CDATA[11-01-2024T15:55:52 - [TEST_CASE][PASSED] - Test Cases/Spend Monitoring/test_weekly_spend_monitoring_zoom: Test Cases/Spend Monitoring/test_weekly_spend_monitoring_zoom

11-01-2024T15:55:52 - [TEST_STEP][PASSED] - click(findTestObject("Object Repository/Page_Weekly_Spend_Monitoring_Zoom/Page_/div_Weekly Spends Monitoring Report")): Object: 'Object Repository/Page_Weekly_Spend_Monitoring_Zoom/Page_/div_Weekly Spends Monitoring Report' is clicked on

11-01-2024T15:55:52 - [MESSAGE][PASSED] - Object: 'Object Repository/Page_Weekly_Spend_Monitoring_Zoom/Page_/div_Weekly Spends Monitoring Report' is clicked on

11-01-2024T15:55:52 - [TEST_STEP][PASSED] - verifyElementClickable(findTestObject("Object Repository/Page_Weekly_Spend_Monitoring_Zoom/Page_/img")): Object 'Object Repository/Page_Weekly_Spend_Monitoring_Zoom/Page_/img' is clickable

11-01-2024T15:55:54 - [MESSAGE][PASSED] - Object 'Object Repository/Page_Weekly_Spend_Monitoring_Zoom/Page_/img' is clickable

11-01-2024T15:55:54 - [TEST_STEP][PASSED] - click(findTestObject("Object Repository/Page_Weekly_Spend_Monitoring_Zoom/Page_/img")): Object: 'Object Repository/Page_Weekly_Spend_Monitoring_Zoom/Page_/img' is clicked on

11-01-2024T15:55:54 - [MESSAGE][PASSED] - Object: 'Object Repository/Page_Weekly_Spend_Monitoring_Zoom/Page_/img' is clicked on

11-01-2024T15:55:54 - [TEST_STEP][PASSED] - delay(2): Delayed 2 second(s)

11-01-2024T15:55:56 - [MESSAGE][PASSED] - Delayed 2 second(s)

11-01-2024T15:55:56 - [TEST_STEP][PASSED] - executeJavaScript("document.exitFullscreen();", null): Execute JavaScript 'document.exitFullscreen();' successfully

11-01-2024T15:55:56 - [MESSAGE][PASSED] - Execute JavaScript 'document.exitFullscreen();' successfully

11-01-2024T15:55:56 - [TEST_STEP][PASSED] - delay(2): Delayed 2 second(s)

11-01-2024T15:55:58 - [MESSAGE][PASSED] - Delayed 2 second(s)]]></system-out>
         <system-err><![CDATA[]]></system-err>
      </testcase>
      <testcase name="Test Cases/Spend Monitoring/test_daily_spend_monitoring_zoom" time="6.289" classname="Test Cases/Spend Monitoring/test_daily_spend_monitoring_zoom" status="PASSED">
         <system-out><![CDATA[11-01-2024T15:55:58 - [TEST_CASE][PASSED] - Test Cases/Spend Monitoring/test_daily_spend_monitoring_zoom: Test Cases/Spend Monitoring/test_daily_spend_monitoring_zoom

11-01-2024T15:55:59 - [TEST_STEP][PASSED] - click(findTestObject("Object Repository/Page_Daily_Spend_Monitoring_Zoom/Page_/div_Daily Spends Monitoring Report")): Object: 'Object Repository/Page_Daily_Spend_Monitoring_Zoom/Page_/div_Daily Spends Monitoring Report' is clicked on

11-01-2024T15:55:59 - [MESSAGE][PASSED] - Object: 'Object Repository/Page_Daily_Spend_Monitoring_Zoom/Page_/div_Daily Spends Monitoring Report' is clicked on

11-01-2024T15:55:59 - [TEST_STEP][PASSED] - verifyElementClickable(findTestObject("Object Repository/Page_Daily_Spend_Monitoring_Zoom/Page_/img")): Object 'Object Repository/Page_Daily_Spend_Monitoring_Zoom/Page_/img' is clickable

11-01-2024T15:56:00 - [MESSAGE][PASSED] - Object 'Object Repository/Page_Daily_Spend_Monitoring_Zoom/Page_/img' is clickable

11-01-2024T15:56:00 - [TEST_STEP][PASSED] - click(findTestObject("Object Repository/Page_Daily_Spend_Monitoring_Zoom/Page_/img")): Object: 'Object Repository/Page_Daily_Spend_Monitoring_Zoom/Page_/img' is clicked on

11-01-2024T15:56:01 - [MESSAGE][PASSED] - Object: 'Object Repository/Page_Daily_Spend_Monitoring_Zoom/Page_/img' is clicked on

11-01-2024T15:56:01 - [TEST_STEP][PASSED] - delay(2): Delayed 2 second(s)

11-01-2024T15:56:03 - [MESSAGE][PASSED] - Delayed 2 second(s)

11-01-2024T15:56:03 - [TEST_STEP][PASSED] - executeJavaScript("document.exitFullscreen();", null): Execute JavaScript 'document.exitFullscreen();' successfully

11-01-2024T15:56:03 - [MESSAGE][PASSED] - Execute JavaScript 'document.exitFullscreen();' successfully

11-01-2024T15:56:03 - [TEST_STEP][PASSED] - delay(2): Delayed 2 second(s)

11-01-2024T15:56:05 - [MESSAGE][PASSED] - Delayed 2 second(s)]]></system-out>
         <system-err><![CDATA[]]></system-err>
      </testcase>
      <testcase name="Test Cases/Spend Monitoring/test_mtd_spend_monitoring_zoom" time="6.999" classname="Test Cases/Spend Monitoring/test_mtd_spend_monitoring_zoom" status="PASSED">
         <system-out><![CDATA[11-01-2024T15:56:05 - [TEST_CASE][PASSED] - Test Cases/Spend Monitoring/test_mtd_spend_monitoring_zoom: Test Cases/Spend Monitoring/test_mtd_spend_monitoring_zoom

11-01-2024T15:56:05 - [TEST_STEP][PASSED] - click(findTestObject("Object Repository/Page_MTD_Spend_Monitoring_Zoom/Page_/div_MTD Spend Monitoring")): Object: 'Object Repository/Page_MTD_Spend_Monitoring_Zoom/Page_/div_MTD Spend Monitoring' is clicked on

11-01-2024T15:56:05 - [MESSAGE][PASSED] - Object: 'Object Repository/Page_MTD_Spend_Monitoring_Zoom/Page_/div_MTD Spend Monitoring' is clicked on

11-01-2024T15:56:05 - [TEST_STEP][PASSED] - verifyElementClickable(findTestObject("Object Repository/Page_MTD_Spend_Monitoring_Zoom/Page_/img")): Object 'Object Repository/Page_MTD_Spend_Monitoring_Zoom/Page_/img' is clickable

11-01-2024T15:56:07 - [MESSAGE][PASSED] - Object 'Object Repository/Page_MTD_Spend_Monitoring_Zoom/Page_/img' is clickable

11-01-2024T15:56:07 - [TEST_STEP][PASSED] - click(findTestObject("Object Repository/Page_MTD_Spend_Monitoring_Zoom/Page_/img")): Object: 'Object Repository/Page_MTD_Spend_Monitoring_Zoom/Page_/img' is clicked on

11-01-2024T15:56:08 - [MESSAGE][PASSED] - Object: 'Object Repository/Page_MTD_Spend_Monitoring_Zoom/Page_/img' is clicked on

11-01-2024T15:56:08 - [TEST_STEP][PASSED] - delay(2): Delayed 2 second(s)

11-01-2024T15:56:10 - [MESSAGE][PASSED] - Delayed 2 second(s)

11-01-2024T15:56:10 - [TEST_STEP][PASSED] - executeJavaScript("document.exitFullscreen();", null): Execute JavaScript 'document.exitFullscreen();' successfully

11-01-2024T15:56:10 - [MESSAGE][PASSED] - Execute JavaScript 'document.exitFullscreen();' successfully

11-01-2024T15:56:10 - [TEST_STEP][PASSED] - delay(2): Delayed 2 second(s)

11-01-2024T15:56:12 - [MESSAGE][PASSED] - Delayed 2 second(s)]]></system-out>
         <system-err><![CDATA[]]></system-err>
      </testcase>
      <testcase name="Test Cases/Performance Report/test_verify_navigating_performance_report" time="2.731" classname="Test Cases/Performance Report/test_verify_navigating_performance_report" status="PASSED">
         <system-out><![CDATA[11-01-2024T15:56:12 - [TEST_CASE][PASSED] - Test Cases/Performance Report/test_verify_navigating_performance_report: Test Cases/Performance Report/test_verify_navigating_performance_report

11-01-2024T15:56:12 - [TEST_STEP][PASSED] - verifyElementClickable(findTestObject("Object Repository/Page_Verify_Navigating_Performance_Report/Page_/li_Performance")): Object 'Object Repository/Page_Verify_Navigating_Performance_Report/Page_/li_Performance' is clickable

11-01-2024T15:56:12 - [MESSAGE][PASSED] - Object 'Object Repository/Page_Verify_Navigating_Performance_Report/Page_/li_Performance' is clickable

11-01-2024T15:56:12 - [TEST_STEP][PASSED] - click(findTestObject("Object Repository/Page_Verify_Navigating_Performance_Report/Page_/li_Performance")): Object: 'Object Repository/Page_Verify_Navigating_Performance_Report/Page_/li_Performance' is clicked on

11-01-2024T15:56:12 - [MESSAGE][PASSED] - Object: 'Object Repository/Page_Verify_Navigating_Performance_Report/Page_/li_Performance' is clicked on

11-01-2024T15:56:12 - [TEST_STEP][PASSED] - verifyElementText(findTestObject("Object Repository/Page_Verify_Navigating_Performance_Report/Page_/p_Performance Report"), "Performance Report"): Actual text and expected text of test object 'Object Repository/Page_Verify_Navigating_Performance_Report/Page_/p_Performance Report' are matched.

11-01-2024T15:56:14 - [MESSAGE][PASSED] - Actual text and expected text of test object 'Object Repository/Page_Verify_Navigating_Performance_Report/Page_/p_Performance Report' are matched.]]></system-out>
         <system-err><![CDATA[]]></system-err>
      </testcase>
      <testcase name="Test Cases/Performance Report/test_weekly_buyer_cac_tab" time="96.62" classname="Test Cases/Performance Report/test_weekly_buyer_cac_tab" status="PASSED">
         <system-out><![CDATA[11-01-2024T15:56:14 - [TEST_CASE][PASSED] - Test Cases/Performance Report/test_weekly_buyer_cac_tab: Test Cases/Performance Report/test_weekly_buyer_cac_tab

11-01-2024T15:56:15 - [TEST_STEP][PASSED] - verifyElementText(findTestObject("Object Repository/Page_Weekly_Buyer_CAC_Tab/Page_/div_Weekly Buyer CAC Report"), "Weekly Buyer CAC Report"): Actual text and expected text of test object 'Object Repository/Page_Weekly_Buyer_CAC_Tab/Page_/div_Weekly Buyer CAC Report' are matched.

11-01-2024T15:56:46 - [MESSAGE][INFO] - Unable to find the element located by 'By.xpath: //div[@id='mat-tab-label-1-0']/div'. Please recheck the objects properties to make sure the desired element is located. 

11-01-2024T15:56:46 - [MESSAGE][WARNING] - [SELF-HEALING] Failed to find element with id 'Object Repository/Page_Weekly_Buyer_CAC_Tab/Page_/div_Weekly Buyer CAC Report'. Try using Self-healing.

11-01-2024T15:56:46 - [MESSAGE][WARNING] - [SELF-HEALING] The current locator of test object 'Object Repository/Page_Weekly_Buyer_CAC_Tab/Page_/div_Weekly Buyer CAC Report' was broken. Propose an alternative one: '//div/div/div/div/div'.

11-01-2024T15:56:46 - [MESSAGE][PASSED] - Actual text and expected text of test object 'Object Repository/Page_Weekly_Buyer_CAC_Tab/Page_/div_Weekly Buyer CAC Report' are matched.

11-01-2024T15:56:46 - [TEST_STEP][PASSED] - verifyElementClickable(findTestObject("Object Repository/Page_Weekly_Buyer_CAC_Tab/Page_/div_Weekly Buyer CAC Report")): Object 'Object Repository/Page_Weekly_Buyer_CAC_Tab/Page_/div_Weekly Buyer CAC Report' is clickable

11-01-2024T15:57:17 - [MESSAGE][INFO] - Unable to find the element located by 'By.xpath: //div[@id='mat-tab-label-1-0']/div'. Please recheck the objects properties to make sure the desired element is located. 

11-01-2024T15:57:17 - [MESSAGE][WARNING] - [SELF-HEALING] Failed to find element with id 'Object Repository/Page_Weekly_Buyer_CAC_Tab/Page_/div_Weekly Buyer CAC Report'. Try using Self-healing.

11-01-2024T15:57:17 - [MESSAGE][WARNING] - [SELF-HEALING] The current locator of test object 'Object Repository/Page_Weekly_Buyer_CAC_Tab/Page_/div_Weekly Buyer CAC Report' was broken. Propose an alternative one: '//div/div/div/div/div'.

11-01-2024T15:57:18 - [MESSAGE][PASSED] - Object 'Object Repository/Page_Weekly_Buyer_CAC_Tab/Page_/div_Weekly Buyer CAC Report' is clickable

11-01-2024T15:57:18 - [TEST_STEP][PASSED] - click(findTestObject("Object Repository/Page_Weekly_Buyer_CAC_Tab/Page_/div_Weekly Buyer CAC Report")): Object: 'Object Repository/Page_Weekly_Buyer_CAC_Tab/Page_/div_Weekly Buyer CAC Report' is clicked on

11-01-2024T15:57:49 - [MESSAGE][INFO] - Unable to find the element located by 'By.xpath: //div[@id='mat-tab-label-1-0']/div'. Please recheck the objects properties to make sure the desired element is located. 

11-01-2024T15:57:49 - [MESSAGE][WARNING] - [SELF-HEALING] Failed to find element with id 'Object Repository/Page_Weekly_Buyer_CAC_Tab/Page_/div_Weekly Buyer CAC Report'. Try using Self-healing.

11-01-2024T15:57:49 - [MESSAGE][WARNING] - [SELF-HEALING] The current locator of test object 'Object Repository/Page_Weekly_Buyer_CAC_Tab/Page_/div_Weekly Buyer CAC Report' was broken. Propose an alternative one: '//div/div/div/div/div'.

11-01-2024T15:57:49 - [MESSAGE][PASSED] - Object: 'Object Repository/Page_Weekly_Buyer_CAC_Tab/Page_/div_Weekly Buyer CAC Report' is clicked on

11-01-2024T15:57:49 - [TEST_STEP][PASSED] - delay(2): Delayed 2 second(s)

11-01-2024T15:57:51 - [MESSAGE][PASSED] - Delayed 2 second(s)]]></system-out>
         <system-err><![CDATA[]]></system-err>
      </testcase>
      <testcase name="Test Cases/Performance Report/test_weely_buyer_cac_calender" time="286.141" classname="Test Cases/Performance Report/test_weely_buyer_cac_calender" status="PASSED">
         <system-out><![CDATA[11-01-2024T15:57:51 - [TEST_CASE][PASSED] - Test Cases/Performance Report/test_weely_buyer_cac_calender: Test Cases/Performance Report/test_weely_buyer_cac_calender

11-01-2024T15:57:51 - [TEST_STEP][PASSED] - verifyElementClickable(findTestObject("Object Repository/Page_Weekly_Buyer_CAC_Calender/Page_/mat-icon_clear")): Object 'Object Repository/Page_Weekly_Buyer_CAC_Calender/Page_/mat-icon_clear' is clickable

11-01-2024T15:58:22 - [MESSAGE][INFO] - Unable to find the element located by 'By.xpath: //mat-tab-body[@id='mat-tab-content-1-0']/div/app-weekly-buyer-cac-trendline-chart/div/div/div/app-time-series-filter-panel/div/mat-form-field/div/div/div/mat-icon'. Please recheck the objects properties to make sure the desired element is located. 

11-01-2024T15:58:22 - [MESSAGE][WARNING] - [SELF-HEALING] Failed to find element with id 'Object Repository/Page_Weekly_Buyer_CAC_Calender/Page_/mat-icon_clear'. Try using Self-healing.

11-01-2024T15:58:23 - [MESSAGE][WARNING] - [SELF-HEALING] The current locator of test object 'Object Repository/Page_Weekly_Buyer_CAC_Calender/Page_/mat-icon_clear' was broken. Propose an alternative one: '//mat-icon'.

11-01-2024T15:58:23 - [MESSAGE][PASSED] - Object 'Object Repository/Page_Weekly_Buyer_CAC_Calender/Page_/mat-icon_clear' is clickable

11-01-2024T15:58:23 - [TEST_STEP][PASSED] - click(findTestObject("Object Repository/Page_Weekly_Buyer_CAC_Calender/Page_/mat-icon_clear")): Object: 'Object Repository/Page_Weekly_Buyer_CAC_Calender/Page_/mat-icon_clear' is clicked on

11-01-2024T15:58:54 - [MESSAGE][INFO] - Unable to find the element located by 'By.xpath: //mat-tab-body[@id='mat-tab-content-1-0']/div/app-weekly-buyer-cac-trendline-chart/div/div/div/app-time-series-filter-panel/div/mat-form-field/div/div/div/mat-icon'. Please recheck the objects properties to make sure the desired element is located. 

11-01-2024T15:58:54 - [MESSAGE][WARNING] - [SELF-HEALING] Failed to find element with id 'Object Repository/Page_Weekly_Buyer_CAC_Calender/Page_/mat-icon_clear'. Try using Self-healing.

11-01-2024T15:58:54 - [MESSAGE][WARNING] - [SELF-HEALING] The current locator of test object 'Object Repository/Page_Weekly_Buyer_CAC_Calender/Page_/mat-icon_clear' was broken. Propose an alternative one: '//mat-icon'.

11-01-2024T15:58:54 - [MESSAGE][PASSED] - Object: 'Object Repository/Page_Weekly_Buyer_CAC_Calender/Page_/mat-icon_clear' is clicked on

11-01-2024T15:58:54 - [TEST_STEP][PASSED] - verifyElementClickable(findTestObject("Object Repository/Page_Weekly_Buyer_CAC_Calender/Page_/svg_mat-datepicker-toggle-default-icon ng-s_f1b13c")): Object 'Object Repository/Page_Weekly_Buyer_CAC_Calender/Page_/svg_mat-datepicker-toggle-default-icon ng-s_f1b13c' is clickable

11-01-2024T15:59:25 - [MESSAGE][INFO] - Unable to find the element located by 'By.xpath: '. Please recheck the objects properties to make sure the desired element is located. 

11-01-2024T15:59:25 - [MESSAGE][WARNING] - [SELF-HEALING] Failed to find element with id 'Object Repository/Page_Weekly_Buyer_CAC_Calender/Page_/svg_mat-datepicker-toggle-default-icon ng-s_f1b13c'. Try using Self-healing.

11-01-2024T15:59:26 - [MESSAGE][WARNING] - [SELF-HEALING] The current locator of test object 'Object Repository/Page_Weekly_Buyer_CAC_Calender/Page_/svg_mat-datepicker-toggle-default-icon ng-s_f1b13c' was broken. Propose an alternative one: 'svg.mat-datepicker-toggle-default-icon.ng-star-inserted'.

11-01-2024T15:59:26 - [MESSAGE][PASSED] - Object 'Object Repository/Page_Weekly_Buyer_CAC_Calender/Page_/svg_mat-datepicker-toggle-default-icon ng-s_f1b13c' is clickable

11-01-2024T15:59:26 - [TEST_STEP][PASSED] - click(findTestObject("Object Repository/Page_Weekly_Buyer_CAC_Calender/Page_/svg_mat-datepicker-toggle-default-icon ng-s_f1b13c")): Object: 'Object Repository/Page_Weekly_Buyer_CAC_Calender/Page_/svg_mat-datepicker-toggle-default-icon ng-s_f1b13c' is clicked on

11-01-2024T15:59:57 - [MESSAGE][INFO] - Unable to find the element located by 'By.xpath: '. Please recheck the objects properties to make sure the desired element is located. 

11-01-2024T15:59:57 - [MESSAGE][WARNING] - [SELF-HEALING] Failed to find element with id 'Object Repository/Page_Weekly_Buyer_CAC_Calender/Page_/svg_mat-datepicker-toggle-default-icon ng-s_f1b13c'. Try using Self-healing.

11-01-2024T15:59:57 - [MESSAGE][WARNING] - [SELF-HEALING] The current locator of test object 'Object Repository/Page_Weekly_Buyer_CAC_Calender/Page_/svg_mat-datepicker-toggle-default-icon ng-s_f1b13c' was broken. Propose an alternative one: 'svg.mat-datepicker-toggle-default-icon.ng-star-inserted'.

11-01-2024T15:59:57 - [MESSAGE][PASSED] - Object: 'Object Repository/Page_Weekly_Buyer_CAC_Calender/Page_/svg_mat-datepicker-toggle-default-icon ng-s_f1b13c' is clicked on

11-01-2024T15:59:57 - [TEST_STEP][PASSED] - verifyElementClickable(findTestObject("Object Repository/Page_Weekly_Buyer_CAC_Calender/Page_/polygon")): Object 'Object Repository/Page_Weekly_Buyer_CAC_Calender/Page_/polygon' is clickable

11-01-2024T16:00:28 - [MESSAGE][INFO] - Unable to find the element located by 'By.xpath: '. Please recheck the objects properties to make sure the desired element is located. 

11-01-2024T16:00:28 - [MESSAGE][WARNING] - [SELF-HEALING] Failed to find element with id 'Object Repository/Page_Weekly_Buyer_CAC_Calender/Page_/polygon'. Try using Self-healing.

11-01-2024T16:00:28 - [MESSAGE][WARNING] - [SELF-HEALING] The current locator of test object 'Object Repository/Page_Weekly_Buyer_CAC_Calender/Page_/polygon' was broken. Propose an alternative one: 'polygon'.

11-01-2024T16:00:28 - [MESSAGE][PASSED] - Object 'Object Repository/Page_Weekly_Buyer_CAC_Calender/Page_/polygon' is clickable

11-01-2024T16:00:28 - [TEST_STEP][PASSED] - verifyElementClickable(findTestObject("Object Repository/Page_Weekly_Buyer_CAC_Calender/Page_/button_mat-focus-indicator mat-calendar-pre_09dfc7")): Object 'Object Repository/Page_Weekly_Buyer_CAC_Calender/Page_/button_mat-focus-indicator mat-calendar-pre_09dfc7' is clickable

11-01-2024T16:00:29 - [MESSAGE][PASSED] - Object 'Object Repository/Page_Weekly_Buyer_CAC_Calender/Page_/button_mat-focus-indicator mat-calendar-pre_09dfc7' is clickable

11-01-2024T16:00:29 - [TEST_STEP][PASSED] - verifyElementClickable(findTestObject("Object Repository/Page_Weekly_Buyer_CAC_Calender/Page_/button_mat-focus-indicator mat-calendar-pre_09dfc7")): Object 'Object Repository/Page_Weekly_Buyer_CAC_Calender/Page_/button_mat-focus-indicator mat-calendar-pre_09dfc7' is clickable

11-01-2024T16:00:29 - [MESSAGE][PASSED] - Object 'Object Repository/Page_Weekly_Buyer_CAC_Calender/Page_/button_mat-focus-indicator mat-calendar-pre_09dfc7' is clickable

11-01-2024T16:00:29 - [TEST_STEP][PASSED] - click(findTestObject("Object Repository/Page_Weekly_Buyer_CAC_Calender/Page_/polygon")): Object: 'Object Repository/Page_Weekly_Buyer_CAC_Calender/Page_/polygon' is clicked on

11-01-2024T16:01:00 - [MESSAGE][INFO] - Unable to find the element located by 'By.xpath: '. Please recheck the objects properties to make sure the desired element is located. 

11-01-2024T16:01:00 - [MESSAGE][WARNING] - [SELF-HEALING] Failed to find element with id 'Object Repository/Page_Weekly_Buyer_CAC_Calender/Page_/polygon'. Try using Self-healing.

11-01-2024T16:01:00 - [MESSAGE][WARNING] - [SELF-HEALING] The current locator of test object 'Object Repository/Page_Weekly_Buyer_CAC_Calender/Page_/polygon' was broken. Propose an alternative one: 'polygon'.

11-01-2024T16:01:01 - [MESSAGE][PASSED] - Object: 'Object Repository/Page_Weekly_Buyer_CAC_Calender/Page_/polygon' is clicked on

11-01-2024T16:01:01 - [TEST_STEP][PASSED] - click(findTestObject("Object Repository/Page_Weekly_Buyer_CAC_Calender/Page_/span_2016  2039")): Object: 'Object Repository/Page_Weekly_Buyer_CAC_Calender/Page_/span_2016  2039' is clicked on

11-01-2024T16:01:32 - [MESSAGE][INFO] - Unable to find the element located by 'By.xpath: //span[@id='mat-calendar-button-0']'. Please recheck the objects properties to make sure the desired element is located. 

11-01-2024T16:01:32 - [MESSAGE][WARNING] - [SELF-HEALING] Failed to find element with id 'Object Repository/Page_Weekly_Buyer_CAC_Calender/Page_/span_2016  2039'. Try using Self-healing.

11-01-2024T16:01:32 - [MESSAGE][WARNING] - [SELF-HEALING] The current locator of test object 'Object Repository/Page_Weekly_Buyer_CAC_Calender/Page_/span_2016  2039' was broken. Propose an alternative one: '//button/span/span'.

11-01-2024T16:01:32 - [MESSAGE][PASSED] - Object: 'Object Repository/Page_Weekly_Buyer_CAC_Calender/Page_/span_2016  2039' is clicked on

11-01-2024T16:01:32 - [TEST_STEP][PASSED] - click(findTestObject("Object Repository/Page_Weekly_Buyer_CAC_Calender/Page_/button_mat-focus-indicator mat-calendar-pre_09dfc7")): Object: 'Object Repository/Page_Weekly_Buyer_CAC_Calender/Page_/button_mat-focus-indicator mat-calendar-pre_09dfc7' is clicked on

11-01-2024T16:01:33 - [MESSAGE][PASSED] - Object: 'Object Repository/Page_Weekly_Buyer_CAC_Calender/Page_/button_mat-focus-indicator mat-calendar-pre_09dfc7' is clicked on

11-01-2024T16:01:33 - [TEST_STEP][PASSED] - click(findTestObject("Object Repository/Page_Weekly_Buyer_CAC_Calender/Page_/button_mat-focus-indicator mat-calendar-pre_09dfc7")): Object: 'Object Repository/Page_Weekly_Buyer_CAC_Calender/Page_/button_mat-focus-indicator mat-calendar-pre_09dfc7' is clicked on

11-01-2024T16:01:34 - [MESSAGE][PASSED] - Object: 'Object Repository/Page_Weekly_Buyer_CAC_Calender/Page_/button_mat-focus-indicator mat-calendar-pre_09dfc7' is clicked on

11-01-2024T16:01:34 - [TEST_STEP][PASSED] - click(findTestObject("Object Repository/Page_Weekly_Buyer_CAC_Calender/Page_/div_1")): Object: 'Object Repository/Page_Weekly_Buyer_CAC_Calender/Page_/div_1' is clicked on

11-01-2024T16:02:05 - [MESSAGE][INFO] - Unable to find the element located by 'By.xpath: //mat-calendar[@id='mat-datepicker-1']/div/mat-month-view/table/tbody/tr[2]/td/button/div'. Please recheck the objects properties to make sure the desired element is located. 

11-01-2024T16:02:05 - [MESSAGE][WARNING] - [SELF-HEALING] Failed to find element with id 'Object Repository/Page_Weekly_Buyer_CAC_Calender/Page_/div_1'. Try using Self-healing.

11-01-2024T16:02:06 - [MESSAGE][WARNING] - [SELF-HEALING] The current locator of test object 'Object Repository/Page_Weekly_Buyer_CAC_Calender/Page_/div_1' was broken. Propose an alternative one: '//td/button/div'.

11-01-2024T16:02:06 - [MESSAGE][PASSED] - Object: 'Object Repository/Page_Weekly_Buyer_CAC_Calender/Page_/div_1' is clicked on

11-01-2024T16:02:06 - [TEST_STEP][PASSED] - click(findTestObject("Object Repository/Page_Weekly_Buyer_CAC_Calender/Page_/div_31")): Object: 'Object Repository/Page_Weekly_Buyer_CAC_Calender/Page_/div_31' is clicked on

11-01-2024T16:02:37 - [MESSAGE][INFO] - Unable to find the element located by 'By.xpath: //mat-calendar[@id='mat-datepicker-1']/div/mat-month-view/table/tbody/tr[6]/td[3]/button/div'. Please recheck the objects properties to make sure the desired element is located. 

11-01-2024T16:02:37 - [MESSAGE][WARNING] - [SELF-HEALING] Failed to find element with id 'Object Repository/Page_Weekly_Buyer_CAC_Calender/Page_/div_31'. Try using Self-healing.

11-01-2024T16:02:37 - [MESSAGE][WARNING] - [SELF-HEALING] The current locator of test object 'Object Repository/Page_Weekly_Buyer_CAC_Calender/Page_/div_31' was broken. Propose an alternative one: '//tr[6]/td[3]/button/div'.

11-01-2024T16:02:37 - [MESSAGE][PASSED] - Object: 'Object Repository/Page_Weekly_Buyer_CAC_Calender/Page_/div_31' is clicked on]]></system-out>
         <system-err><![CDATA[]]></system-err>
      </testcase>
      <testcase name="Test Cases/Performance Report/test_weekly_buyer_cac_table_title" time="3.495" classname="Test Cases/Performance Report/test_weekly_buyer_cac_table_title" status="PASSED">
         <system-out><![CDATA[11-01-2024T16:02:37 - [TEST_CASE][PASSED] - Test Cases/Performance Report/test_weekly_buyer_cac_table_title: Test Cases/Performance Report/test_weekly_buyer_cac_table_title

11-01-2024T16:02:37 - [TEST_STEP][PASSED] - click(findTestObject("Object Repository/Page_Weekly_Buyer_CAC_Table_Title/Page_/i_img")): Object: 'Object Repository/Page_Weekly_Buyer_CAC_Table_Title/Page_/i_img' is clicked on

11-01-2024T16:02:39 - [MESSAGE][PASSED] - Object: 'Object Repository/Page_Weekly_Buyer_CAC_Table_Title/Page_/i_img' is clicked on

11-01-2024T16:02:39 - [TEST_STEP][PASSED] - verifyElementText(findTestObject("Object Repository/Page_Weekly_Buyer_CAC_Table_Title/Page_/h2_Buyer CAC"), "Buyer CAC"): Actual text and expected text of test object 'Object Repository/Page_Weekly_Buyer_CAC_Table_Title/Page_/h2_Buyer CAC' are matched.

11-01-2024T16:02:39 - [MESSAGE][PASSED] - Actual text and expected text of test object 'Object Repository/Page_Weekly_Buyer_CAC_Table_Title/Page_/h2_Buyer CAC' are matched.

11-01-2024T16:02:39 - [TEST_STEP][PASSED] - verifyElementText(findTestObject("Object Repository/Page_Weekly_Buyer_CAC_Table_Title/Page_/div_Weeks"), "Weeks"): Actual text and expected text of test object 'Object Repository/Page_Weekly_Buyer_CAC_Table_Title/Page_/div_Weeks' are matched.

11-01-2024T16:02:40 - [MESSAGE][PASSED] - Actual text and expected text of test object 'Object Repository/Page_Weekly_Buyer_CAC_Table_Title/Page_/div_Weeks' are matched.

11-01-2024T16:02:40 - [TEST_STEP][PASSED] - verifyElementText(findTestObject("Object Repository/Page_Weekly_Buyer_CAC_Table_Title/Page_/div_Buyer Spend"), "Buyer Spend"): Actual text and expected text of test object 'Object Repository/Page_Weekly_Buyer_CAC_Table_Title/Page_/div_Buyer Spend' are matched.

11-01-2024T16:02:40 - [MESSAGE][PASSED] - Actual text and expected text of test object 'Object Repository/Page_Weekly_Buyer_CAC_Table_Title/Page_/div_Buyer Spend' are matched.

11-01-2024T16:02:40 - [TEST_STEP][PASSED] - verifyElementText(findTestObject("Object Repository/Page_Weekly_Buyer_CAC_Table_Title/Page_/div_Number of Project"), "Number of Project"): Actual text and expected text of test object 'Object Repository/Page_Weekly_Buyer_CAC_Table_Title/Page_/div_Number of Project' are matched.

11-01-2024T16:02:40 - [MESSAGE][PASSED] - Actual text and expected text of test object 'Object Repository/Page_Weekly_Buyer_CAC_Table_Title/Page_/div_Number of Project' are matched.

11-01-2024T16:02:40 - [TEST_STEP][PASSED] - verifyElementText(findTestObject("Object Repository/Page_Weekly_Buyer_CAC_Table_Title/Page_/div_Buyer CAC"), "Buyer CAC"): Actual text and expected text of test object 'Object Repository/Page_Weekly_Buyer_CAC_Table_Title/Page_/div_Buyer CAC' are matched.

11-01-2024T16:02:41 - [MESSAGE][PASSED] - Actual text and expected text of test object 'Object Repository/Page_Weekly_Buyer_CAC_Table_Title/Page_/div_Buyer CAC' are matched.]]></system-out>
         <system-err><![CDATA[]]></system-err>
      </testcase>
      <testcase name="Test Cases/Performance Report/test_weekly_buyer_cac_ascending_decending" time="5.003" classname="Test Cases/Performance Report/test_weekly_buyer_cac_ascending_decending" status="PASSED">
         <system-out><![CDATA[11-01-2024T16:02:41 - [TEST_CASE][PASSED] - Test Cases/Performance Report/test_weekly_buyer_cac_ascending_decending: Test Cases/Performance Report/test_weekly_buyer_cac_ascending_decending

11-01-2024T16:02:41 - [TEST_STEP][PASSED] - verifyElementClickable(findTestObject("Object Repository/Page_Weekly_Buyer_CAC_Ascending_Decending/Page_/div_mat-sort-header-stem ng-tns-c99-11_1")): Object 'Object Repository/Page_Weekly_Buyer_CAC_Ascending_Decending/Page_/div_mat-sort-header-stem ng-tns-c99-11_1' is clickable

11-01-2024T16:02:41 - [MESSAGE][PASSED] - Object 'Object Repository/Page_Weekly_Buyer_CAC_Ascending_Decending/Page_/div_mat-sort-header-stem ng-tns-c99-11_1' is clickable

11-01-2024T16:02:41 - [TEST_STEP][PASSED] - verifyElementClickable(findTestObject("Object Repository/Page_Weekly_Buyer_CAC_Ascending_Decending/Page_/div_mat-sort-header-stem ng-tns-c99-12_1")): Object 'Object Repository/Page_Weekly_Buyer_CAC_Ascending_Decending/Page_/div_mat-sort-header-stem ng-tns-c99-12_1' is clickable

11-01-2024T16:02:41 - [MESSAGE][PASSED] - Object 'Object Repository/Page_Weekly_Buyer_CAC_Ascending_Decending/Page_/div_mat-sort-header-stem ng-tns-c99-12_1' is clickable

11-01-2024T16:02:41 - [TEST_STEP][PASSED] - verifyElementClickable(findTestObject("Object Repository/Page_Weekly_Buyer_CAC_Ascending_Decending/Page_/div_mat-sort-header-stem ng-tns-c99-13_1")): Object 'Object Repository/Page_Weekly_Buyer_CAC_Ascending_Decending/Page_/div_mat-sort-header-stem ng-tns-c99-13_1' is clickable

11-01-2024T16:02:42 - [MESSAGE][PASSED] - Object 'Object Repository/Page_Weekly_Buyer_CAC_Ascending_Decending/Page_/div_mat-sort-header-stem ng-tns-c99-13_1' is clickable

11-01-2024T16:02:42 - [TEST_STEP][PASSED] - verifyElementClickable(findTestObject("Object Repository/Page_Weekly_Buyer_CAC_Ascending_Decending/Page_/div_mat-sort-header-stem ng-tns-c99-14_1")): Object 'Object Repository/Page_Weekly_Buyer_CAC_Ascending_Decending/Page_/div_mat-sort-header-stem ng-tns-c99-14_1' is clickable

11-01-2024T16:02:42 - [MESSAGE][PASSED] - Object 'Object Repository/Page_Weekly_Buyer_CAC_Ascending_Decending/Page_/div_mat-sort-header-stem ng-tns-c99-14_1' is clickable

11-01-2024T16:02:42 - [TEST_STEP][PASSED] - click(findTestObject("Object Repository/Page_Weekly_Buyer_CAC_Ascending_Decending/Page_/div_mat-sort-header-arrow ng-trigger ng-tri_4c1f59")): Object: 'Object Repository/Page_Weekly_Buyer_CAC_Ascending_Decending/Page_/div_mat-sort-header-arrow ng-trigger ng-tri_4c1f59' is clicked on

11-01-2024T16:02:43 - [MESSAGE][PASSED] - Object: 'Object Repository/Page_Weekly_Buyer_CAC_Ascending_Decending/Page_/div_mat-sort-header-arrow ng-trigger ng-tri_4c1f59' is clicked on

11-01-2024T16:02:43 - [TEST_STEP][PASSED] - click(findTestObject("Object Repository/Page_Weekly_Buyer_CAC_Ascending_Decending/Page_/div_mat-sort-header-arrow ng-trigger ng-tri_4c1f59_1")): Object: 'Object Repository/Page_Weekly_Buyer_CAC_Ascending_Decending/Page_/div_mat-sort-header-arrow ng-trigger ng-tri_4c1f59_1' is clicked on

11-01-2024T16:02:43 - [MESSAGE][PASSED] - Object: 'Object Repository/Page_Weekly_Buyer_CAC_Ascending_Decending/Page_/div_mat-sort-header-arrow ng-trigger ng-tri_4c1f59_1' is clicked on

11-01-2024T16:02:43 - [TEST_STEP][PASSED] - click(findTestObject("Object Repository/Page_Weekly_Buyer_CAC_Ascending_Decending/Page_/div_mat-sort-header-arrow ng-trigger ng-tri_b60667")): Object: 'Object Repository/Page_Weekly_Buyer_CAC_Ascending_Decending/Page_/div_mat-sort-header-arrow ng-trigger ng-tri_b60667' is clicked on

11-01-2024T16:02:43 - [MESSAGE][PASSED] - Object: 'Object Repository/Page_Weekly_Buyer_CAC_Ascending_Decending/Page_/div_mat-sort-header-arrow ng-trigger ng-tri_b60667' is clicked on

11-01-2024T16:02:43 - [TEST_STEP][PASSED] - click(findTestObject("Object Repository/Page_Weekly_Buyer_CAC_Ascending_Decending/Page_/div_mat-sort-header-arrow ng-trigger ng-tri_b60667_1")): Object: 'Object Repository/Page_Weekly_Buyer_CAC_Ascending_Decending/Page_/div_mat-sort-header-arrow ng-trigger ng-tri_b60667_1' is clicked on

11-01-2024T16:02:44 - [MESSAGE][PASSED] - Object: 'Object Repository/Page_Weekly_Buyer_CAC_Ascending_Decending/Page_/div_mat-sort-header-arrow ng-trigger ng-tri_b60667_1' is clicked on

11-01-2024T16:02:44 - [TEST_STEP][PASSED] - click(findTestObject("Object Repository/Page_Weekly_Buyer_CAC_Ascending_Decending/Page_/div_mat-sort-header-stem ng-tns-c99-13")): Object: 'Object Repository/Page_Weekly_Buyer_CAC_Ascending_Decending/Page_/div_mat-sort-header-stem ng-tns-c99-13' is clicked on

11-01-2024T16:02:44 - [MESSAGE][PASSED] - Object: 'Object Repository/Page_Weekly_Buyer_CAC_Ascending_Decending/Page_/div_mat-sort-header-stem ng-tns-c99-13' is clicked on

11-01-2024T16:02:44 - [TEST_STEP][PASSED] - click(findTestObject("Object Repository/Page_Weekly_Buyer_CAC_Ascending_Decending/Page_/div_mat-sort-header-stem ng-tns-c99-13_1_2")): Object: 'Object Repository/Page_Weekly_Buyer_CAC_Ascending_Decending/Page_/div_mat-sort-header-stem ng-tns-c99-13_1_2' is clicked on

11-01-2024T16:02:45 - [MESSAGE][PASSED] - Object: 'Object Repository/Page_Weekly_Buyer_CAC_Ascending_Decending/Page_/div_mat-sort-header-stem ng-tns-c99-13_1_2' is clicked on

11-01-2024T16:02:45 - [TEST_STEP][PASSED] - click(findTestObject("Object Repository/Page_Weekly_Buyer_CAC_Ascending_Decending/Page_/div_mat-sort-header-stem ng-tns-c99-14")): Object: 'Object Repository/Page_Weekly_Buyer_CAC_Ascending_Decending/Page_/div_mat-sort-header-stem ng-tns-c99-14' is clicked on

11-01-2024T16:02:45 - [MESSAGE][PASSED] - Object: 'Object Repository/Page_Weekly_Buyer_CAC_Ascending_Decending/Page_/div_mat-sort-header-stem ng-tns-c99-14' is clicked on

11-01-2024T16:02:45 - [TEST_STEP][PASSED] - click(findTestObject("Object Repository/Page_Weekly_Buyer_CAC_Ascending_Decending/Page_/div_mat-sort-header-stem ng-tns-c99-14_1_2")): Object: 'Object Repository/Page_Weekly_Buyer_CAC_Ascending_Decending/Page_/div_mat-sort-header-stem ng-tns-c99-14_1_2' is clicked on

11-01-2024T16:02:46 - [MESSAGE][PASSED] - Object: 'Object Repository/Page_Weekly_Buyer_CAC_Ascending_Decending/Page_/div_mat-sort-header-stem ng-tns-c99-14_1_2' is clicked on]]></system-out>
         <system-err><![CDATA[]]></system-err>
      </testcase>
      <testcase name="Test Cases/Performance Report/test_weekly_buyer_cac_items_dropdown" time="259.055" classname="Test Cases/Performance Report/test_weekly_buyer_cac_items_dropdown" status="PASSED">
         <system-out><![CDATA[11-01-2024T16:02:46 - [TEST_CASE][PASSED] - Test Cases/Performance Report/test_weekly_buyer_cac_items_dropdown: Test Cases/Performance Report/test_weekly_buyer_cac_items_dropdown

11-01-2024T16:02:46 - [TEST_STEP][PASSED] - callTestCase(findTestCase("Reusable_Functions/Items_per_page"), [:], CONTINUE_ON_FAILURE): Call Test Case 'Test Cases/Reusable_Functions/Items_per_page' successfully

11-01-2024T16:02:46 - [TEST_CASE][PASSED] - Test Cases/Reusable_Functions/Items_per_page: Test Cases/Reusable_Functions/Items_per_page

11-01-2024T16:02:46 - [TEST_STEP][PASSED] - verifyElementText(findTestObject("Object Repository/Page_Items_Per_Page/Page_/div_Items per page"), "Items per page:"): Actual text and expected text of test object 'Object Repository/Page_Items_Per_Page/Page_/div_Items per page' are matched.

11-01-2024T16:03:17 - [MESSAGE][INFO] - Unable to find the element located by 'By.xpath: //div[@id='table1']/app-mtd-spend-column-chart/div/app-sb-bar-chart/div/mat-paginator/div/div/div/div'. Please recheck the objects properties to make sure the desired element is located. 

11-01-2024T16:03:17 - [MESSAGE][WARNING] - [SELF-HEALING] Failed to find element with id 'Object Repository/Page_Items_Per_Page/Page_/div_Items per page'. Try using Self-healing.

11-01-2024T16:03:18 - [MESSAGE][WARNING] - [SELF-HEALING] The current locator of test object 'Object Repository/Page_Items_Per_Page/Page_/div_Items per page' was broken. Propose an alternative one: '//mat-paginator/div/div/div/div'.

11-01-2024T16:03:18 - [MESSAGE][PASSED] - Actual text and expected text of test object 'Object Repository/Page_Items_Per_Page/Page_/div_Items per page' are matched.

11-01-2024T16:03:18 - [TEST_STEP][PASSED] - verifyElementClickable(findTestObject("Object Repository/Page_Items_Per_Page/Page_/div_mat-select-arrow-wrapper ng-tns-c110-14")): Object 'Object Repository/Page_Items_Per_Page/Page_/div_mat-select-arrow-wrapper ng-tns-c110-14' is clickable

11-01-2024T16:03:49 - [MESSAGE][INFO] - Unable to find the element located by 'By.xpath: //mat-select[@id='mat-select-4']/div/div[2]'. Please recheck the objects properties to make sure the desired element is located. 

11-01-2024T16:03:49 - [MESSAGE][WARNING] - [SELF-HEALING] Failed to find element with id 'Object Repository/Page_Items_Per_Page/Page_/div_mat-select-arrow-wrapper ng-tns-c110-14'. Try using Self-healing.

11-01-2024T16:03:49 - [MESSAGE][WARNING] - [SELF-HEALING] The current locator of test object 'Object Repository/Page_Items_Per_Page/Page_/div_mat-select-arrow-wrapper ng-tns-c110-14' was broken. Propose an alternative one: '//mat-select/div/div[2]'.

11-01-2024T16:03:49 - [MESSAGE][PASSED] - Object 'Object Repository/Page_Items_Per_Page/Page_/div_mat-select-arrow-wrapper ng-tns-c110-14' is clickable

11-01-2024T16:03:49 - [TEST_STEP][PASSED] - click(findTestObject("Object Repository/Page_Items_Per_Page/Page_/div_mat-select-arrow-wrapper ng-tns-c110-14")): Object: 'Object Repository/Page_Items_Per_Page/Page_/div_mat-select-arrow-wrapper ng-tns-c110-14' is clicked on

11-01-2024T16:04:20 - [MESSAGE][INFO] - Unable to find the element located by 'By.xpath: //mat-select[@id='mat-select-4']/div/div[2]'. Please recheck the objects properties to make sure the desired element is located. 

11-01-2024T16:04:20 - [MESSAGE][WARNING] - [SELF-HEALING] Failed to find element with id 'Object Repository/Page_Items_Per_Page/Page_/div_mat-select-arrow-wrapper ng-tns-c110-14'. Try using Self-healing.

11-01-2024T16:04:20 - [MESSAGE][WARNING] - [SELF-HEALING] The current locator of test object 'Object Repository/Page_Items_Per_Page/Page_/div_mat-select-arrow-wrapper ng-tns-c110-14' was broken. Propose an alternative one: '//mat-select/div/div[2]'.

11-01-2024T16:04:20 - [MESSAGE][PASSED] - Object: 'Object Repository/Page_Items_Per_Page/Page_/div_mat-select-arrow-wrapper ng-tns-c110-14' is clicked on

11-01-2024T16:04:20 - [TEST_STEP][PASSED] - click(findTestObject("Object Repository/Page_Items_Per_Page/Page_/span_20")): Object: 'Object Repository/Page_Items_Per_Page/Page_/span_20' is clicked on

11-01-2024T16:04:52 - [MESSAGE][INFO] - Unable to find the element located by 'By.xpath: //mat-option[@id='mat-option-10']/span'. Please recheck the objects properties to make sure the desired element is located. 

11-01-2024T16:04:52 - [MESSAGE][WARNING] - [SELF-HEALING] Failed to find element with id 'Object Repository/Page_Items_Per_Page/Page_/span_20'. Try using Self-healing.

11-01-2024T16:04:52 - [MESSAGE][WARNING] - [SELF-HEALING] The current locator of test object 'Object Repository/Page_Items_Per_Page/Page_/span_20' was broken. Propose an alternative one: '//mat-option[3]/span'.

11-01-2024T16:04:52 - [MESSAGE][PASSED] - Object: 'Object Repository/Page_Items_Per_Page/Page_/span_20' is clicked on

11-01-2024T16:04:52 - [TEST_STEP][PASSED] - click(findTestObject("Object Repository/Page_Items_Per_Page/Page_/div_mat-select-arrow ng-tns-c110-14")): Object: 'Object Repository/Page_Items_Per_Page/Page_/div_mat-select-arrow ng-tns-c110-14' is clicked on

11-01-2024T16:05:23 - [MESSAGE][INFO] - Unable to find the element located by 'By.xpath: //mat-select[@id='mat-select-4']/div/div[2]/div'. Please recheck the objects properties to make sure the desired element is located. 

11-01-2024T16:05:23 - [MESSAGE][WARNING] - [SELF-HEALING] Failed to find element with id 'Object Repository/Page_Items_Per_Page/Page_/div_mat-select-arrow ng-tns-c110-14'. Try using Self-healing.

11-01-2024T16:05:23 - [MESSAGE][WARNING] - [SELF-HEALING] The current locator of test object 'Object Repository/Page_Items_Per_Page/Page_/div_mat-select-arrow ng-tns-c110-14' was broken. Propose an alternative one: '//mat-select/div/div[2]/div'.

11-01-2024T16:05:23 - [MESSAGE][PASSED] - Object: 'Object Repository/Page_Items_Per_Page/Page_/div_mat-select-arrow ng-tns-c110-14' is clicked on

11-01-2024T16:05:23 - [TEST_STEP][PASSED] - click(findTestObject("Object Repository/Page_Items_Per_Page/Page_/span_10")): Object: 'Object Repository/Page_Items_Per_Page/Page_/span_10' is clicked on

11-01-2024T16:05:54 - [MESSAGE][INFO] - Unable to find the element located by 'By.xpath: //mat-option[@id='mat-option-9']/span'. Please recheck the objects properties to make sure the desired element is located. 

11-01-2024T16:05:54 - [MESSAGE][WARNING] - [SELF-HEALING] Failed to find element with id 'Object Repository/Page_Items_Per_Page/Page_/span_10'. Try using Self-healing.

11-01-2024T16:05:55 - [MESSAGE][WARNING] - [SELF-HEALING] The current locator of test object 'Object Repository/Page_Items_Per_Page/Page_/span_10' was broken. Propose an alternative one: '//mat-option[2]/span'.

11-01-2024T16:05:55 - [MESSAGE][PASSED] - Object: 'Object Repository/Page_Items_Per_Page/Page_/span_10' is clicked on

11-01-2024T16:05:55 - [TEST_STEP][PASSED] - click(findTestObject("Object Repository/Page_Items_Per_Page/Page_/div_mat-select-arrow-wrapper ng-tns-c110-14")): Object: 'Object Repository/Page_Items_Per_Page/Page_/div_mat-select-arrow-wrapper ng-tns-c110-14' is clicked on

11-01-2024T16:06:26 - [MESSAGE][INFO] - Unable to find the element located by 'By.xpath: //mat-select[@id='mat-select-4']/div/div[2]'. Please recheck the objects properties to make sure the desired element is located. 

11-01-2024T16:06:26 - [MESSAGE][WARNING] - [SELF-HEALING] Failed to find element with id 'Object Repository/Page_Items_Per_Page/Page_/div_mat-select-arrow-wrapper ng-tns-c110-14'. Try using Self-healing.

11-01-2024T16:06:26 - [MESSAGE][WARNING] - [SELF-HEALING] The current locator of test object 'Object Repository/Page_Items_Per_Page/Page_/div_mat-select-arrow-wrapper ng-tns-c110-14' was broken. Propose an alternative one: '//mat-select/div/div[2]'.

11-01-2024T16:06:26 - [MESSAGE][PASSED] - Object: 'Object Repository/Page_Items_Per_Page/Page_/div_mat-select-arrow-wrapper ng-tns-c110-14' is clicked on

11-01-2024T16:06:26 - [TEST_STEP][PASSED] - click(findTestObject("Object Repository/Page_Items_Per_Page/Page_/span_5")): Object: 'Object Repository/Page_Items_Per_Page/Page_/span_5' is clicked on

11-01-2024T16:06:58 - [MESSAGE][INFO] - Unable to find the element located by 'By.xpath: //mat-option[@id='mat-option-8']/span'. Please recheck the objects properties to make sure the desired element is located. 

11-01-2024T16:06:58 - [MESSAGE][WARNING] - [SELF-HEALING] Failed to find element with id 'Object Repository/Page_Items_Per_Page/Page_/span_5'. Try using Self-healing.

11-01-2024T16:06:58 - [MESSAGE][WARNING] - [SELF-HEALING] The current locator of test object 'Object Repository/Page_Items_Per_Page/Page_/span_5' was broken. Propose an alternative one: '//mat-option/span'.

11-01-2024T16:06:58 - [MESSAGE][PASSED] - Object: 'Object Repository/Page_Items_Per_Page/Page_/span_5' is clicked on

11-01-2024T16:06:58 - [TEST_STEP][PASSED] - delay(2): Delayed 2 second(s)

11-01-2024T16:07:00 - [MESSAGE][PASSED] - Delayed 2 second(s)

11-01-2024T16:07:00 - [MESSAGE][INFO] - 

11-01-2024T16:07:00 - [MESSAGE][INFO] - ===================== Self-healing Report ====================

11-01-2024T16:07:00 - [MESSAGE][INFO] - One of the failed test object locators has been recovered by Self-healing. Please refer to the Self-healing Insights tab for more details.

11-01-2024T16:07:00 - [MESSAGE][INFO] - To learn more about Self-healing, please read https://docs.katalon.com/katalon-studio/docs/self-healing.html

11-01-2024T16:07:00 - [MESSAGE][INFO] - ==============================================================

11-01-2024T16:07:00 - [MESSAGE][PASSED] - Call Test Case 'Test Cases/Reusable_Functions/Items_per_page' successfully

11-01-2024T16:07:00 - [TEST_STEP][PASSED] - callTestCase(findTestCase("Reusable_Functions/Fullscreen"), [:], CONTINUE_ON_FAILURE): Call Test Case 'Test Cases/Reusable_Functions/Fullscreen' successfully

11-01-2024T16:07:00 - [TEST_CASE][PASSED] - Test Cases/Reusable_Functions/Fullscreen: Test Cases/Reusable_Functions/Fullscreen

11-01-2024T16:07:00 - [TEST_STEP][PASSED] - verifyElementClickable(findTestObject("Object Repository/Page_Fullscreen/Page_/img")): Object 'Object Repository/Page_Fullscreen/Page_/img' is clickable

11-01-2024T16:07:00 - [MESSAGE][PASSED] - Object 'Object Repository/Page_Fullscreen/Page_/img' is clickable

11-01-2024T16:07:00 - [TEST_STEP][PASSED] - click(findTestObject("Object Repository/Page_Fullscreen/Page_/img")): Object: 'Object Repository/Page_Fullscreen/Page_/img' is clicked on

11-01-2024T16:07:01 - [MESSAGE][PASSED] - Object: 'Object Repository/Page_Fullscreen/Page_/img' is clicked on

11-01-2024T16:07:01 - [TEST_STEP][PASSED] - delay(2): Delayed 2 second(s)

11-01-2024T16:07:03 - [MESSAGE][PASSED] - Delayed 2 second(s)

11-01-2024T16:07:03 - [TEST_STEP][PASSED] - executeJavaScript("document.exitFullscreen();", null): Execute JavaScript 'document.exitFullscreen();' successfully

11-01-2024T16:07:03 - [MESSAGE][PASSED] - Execute JavaScript 'document.exitFullscreen();' successfully

11-01-2024T16:07:03 - [TEST_STEP][PASSED] - delay(2): Delayed 2 second(s)

11-01-2024T16:07:05 - [MESSAGE][PASSED] - Delayed 2 second(s)

11-01-2024T16:07:05 - [MESSAGE][INFO] - 

11-01-2024T16:07:05 - [MESSAGE][INFO] - ===================== Self-healing Report ====================

11-01-2024T16:07:05 - [MESSAGE][INFO] - One of the failed test object locators has been recovered by Self-healing. Please refer to the Self-healing Insights tab for more details.

11-01-2024T16:07:05 - [MESSAGE][INFO] - To learn more about Self-healing, please read https://docs.katalon.com/katalon-studio/docs/self-healing.html

11-01-2024T16:07:05 - [MESSAGE][INFO] - ==============================================================

11-01-2024T16:07:05 - [MESSAGE][PASSED] - Call Test Case 'Test Cases/Reusable_Functions/Fullscreen' successfully]]></system-out>
         <system-err><![CDATA[]]></system-err>
      </testcase>
      <testcase name="Test Cases/Performance Report/test_weekly_seller_cac_tab" time="94.625" classname="Test Cases/Performance Report/test_weekly_seller_cac_tab" status="PASSED">
         <system-out><![CDATA[11-01-2024T16:07:05 - [TEST_CASE][PASSED] - Test Cases/Performance Report/test_weekly_seller_cac_tab: Test Cases/Performance Report/test_weekly_seller_cac_tab

11-01-2024T16:07:05 - [TEST_STEP][PASSED] - verifyElementText(findTestObject("Object Repository/Page_Weekly_Seller_CAC_Tab/Page_/div_Weekly Seller CAC Report"), "Weekly Seller CAC Report"): Actual text and expected text of test object 'Object Repository/Page_Weekly_Seller_CAC_Tab/Page_/div_Weekly Seller CAC Report' are matched.

11-01-2024T16:07:36 - [MESSAGE][INFO] - Unable to find the element located by 'By.xpath: //div[@id='mat-tab-label-1-1']/div'. Please recheck the objects properties to make sure the desired element is located. 

11-01-2024T16:07:36 - [MESSAGE][WARNING] - [SELF-HEALING] Failed to find element with id 'Object Repository/Page_Weekly_Seller_CAC_Tab/Page_/div_Weekly Seller CAC Report'. Try using Self-healing.

11-01-2024T16:07:36 - [MESSAGE][WARNING] - [SELF-HEALING] The current locator of test object 'Object Repository/Page_Weekly_Seller_CAC_Tab/Page_/div_Weekly Seller CAC Report' was broken. Propose an alternative one: '//div/div[2]/div'.

11-01-2024T16:07:36 - [MESSAGE][PASSED] - Actual text and expected text of test object 'Object Repository/Page_Weekly_Seller_CAC_Tab/Page_/div_Weekly Seller CAC Report' are matched.

11-01-2024T16:07:36 - [TEST_STEP][PASSED] - verifyElementClickable(findTestObject("Object Repository/Page_Weekly_Seller_CAC_Tab/Page_/div_Weekly Seller CAC Report")): Object 'Object Repository/Page_Weekly_Seller_CAC_Tab/Page_/div_Weekly Seller CAC Report' is clickable

11-01-2024T16:08:08 - [MESSAGE][INFO] - Unable to find the element located by 'By.xpath: //div[@id='mat-tab-label-1-1']/div'. Please recheck the objects properties to make sure the desired element is located. 

11-01-2024T16:08:08 - [MESSAGE][WARNING] - [SELF-HEALING] Failed to find element with id 'Object Repository/Page_Weekly_Seller_CAC_Tab/Page_/div_Weekly Seller CAC Report'. Try using Self-healing.

11-01-2024T16:08:08 - [MESSAGE][WARNING] - [SELF-HEALING] The current locator of test object 'Object Repository/Page_Weekly_Seller_CAC_Tab/Page_/div_Weekly Seller CAC Report' was broken. Propose an alternative one: '//div/div[2]/div'.

11-01-2024T16:08:08 - [MESSAGE][PASSED] - Object 'Object Repository/Page_Weekly_Seller_CAC_Tab/Page_/div_Weekly Seller CAC Report' is clickable

11-01-2024T16:08:08 - [TEST_STEP][PASSED] - click(findTestObject("Object Repository/Page_Weekly_Seller_CAC_Tab/Page_/div_Weekly Seller CAC Report")): Object: 'Object Repository/Page_Weekly_Seller_CAC_Tab/Page_/div_Weekly Seller CAC Report' is clicked on

11-01-2024T16:08:39 - [MESSAGE][INFO] - Unable to find the element located by 'By.xpath: //div[@id='mat-tab-label-1-1']/div'. Please recheck the objects properties to make sure the desired element is located. 

11-01-2024T16:08:39 - [MESSAGE][WARNING] - [SELF-HEALING] Failed to find element with id 'Object Repository/Page_Weekly_Seller_CAC_Tab/Page_/div_Weekly Seller CAC Report'. Try using Self-healing.

11-01-2024T16:08:39 - [MESSAGE][WARNING] - [SELF-HEALING] The current locator of test object 'Object Repository/Page_Weekly_Seller_CAC_Tab/Page_/div_Weekly Seller CAC Report' was broken. Propose an alternative one: '//div/div[2]/div'.

11-01-2024T16:08:40 - [MESSAGE][PASSED] - Object: 'Object Repository/Page_Weekly_Seller_CAC_Tab/Page_/div_Weekly Seller CAC Report' is clicked on]]></system-out>
         <system-err><![CDATA[]]></system-err>
      </testcase>
      <testcase name="Test Cases/Performance Report/test_weekly_seller_cac_calender" time="287.029" classname="Test Cases/Performance Report/test_weekly_seller_cac_calender" status="PASSED">
         <system-out><![CDATA[11-01-2024T16:08:40 - [TEST_CASE][PASSED] - Test Cases/Performance Report/test_weekly_seller_cac_calender: Test Cases/Performance Report/test_weekly_seller_cac_calender

11-01-2024T16:08:40 - [TEST_STEP][PASSED] - callTestCase(findTestCase("Reusable_Functions/Calender"), [:], CONTINUE_ON_FAILURE): Call Test Case 'Test Cases/Reusable_Functions/Calender' successfully

11-01-2024T16:08:40 - [TEST_CASE][PASSED] - Test Cases/Reusable_Functions/Calender: Test Cases/Reusable_Functions/Calender

11-01-2024T16:08:40 - [TEST_STEP][PASSED] - verifyElementClickable(findTestObject("Object Repository/Page_Calender/Page_/mat-icon_clear")): Object 'Object Repository/Page_Calender/Page_/mat-icon_clear' is clickable

11-01-2024T16:09:11 - [MESSAGE][INFO] - Unable to find the element located by 'By.xpath: //mat-tab-body[@id='mat-tab-content-0-0']/div/app-weekly-admetric/div/div/div/app-time-series-filter-panel/div/mat-form-field/div/div/div/mat-icon'. Please recheck the objects properties to make sure the desired element is located. 

11-01-2024T16:09:11 - [MESSAGE][WARNING] - [SELF-HEALING] Failed to find element with id 'Object Repository/Page_Calender/Page_/mat-icon_clear'. Try using Self-healing.

11-01-2024T16:09:11 - [MESSAGE][WARNING] - [SELF-HEALING] The current locator of test object 'Object Repository/Page_Calender/Page_/mat-icon_clear' was broken. Propose an alternative one: '//mat-icon'.

11-01-2024T16:09:11 - [MESSAGE][PASSED] - Object 'Object Repository/Page_Calender/Page_/mat-icon_clear' is clickable

11-01-2024T16:09:11 - [TEST_STEP][PASSED] - click(findTestObject("Object Repository/Page_Calender/Page_/mat-icon_clear")): Object: 'Object Repository/Page_Calender/Page_/mat-icon_clear' is clicked on

11-01-2024T16:09:42 - [MESSAGE][INFO] - Unable to find the element located by 'By.xpath: //mat-tab-body[@id='mat-tab-content-0-0']/div/app-weekly-admetric/div/div/div/app-time-series-filter-panel/div/mat-form-field/div/div/div/mat-icon'. Please recheck the objects properties to make sure the desired element is located. 

11-01-2024T16:09:42 - [MESSAGE][WARNING] - [SELF-HEALING] Failed to find element with id 'Object Repository/Page_Calender/Page_/mat-icon_clear'. Try using Self-healing.

11-01-2024T16:09:43 - [MESSAGE][WARNING] - [SELF-HEALING] The current locator of test object 'Object Repository/Page_Calender/Page_/mat-icon_clear' was broken. Propose an alternative one: '//mat-icon'.

11-01-2024T16:09:43 - [MESSAGE][PASSED] - Object: 'Object Repository/Page_Calender/Page_/mat-icon_clear' is clicked on

11-01-2024T16:09:43 - [TEST_STEP][PASSED] - verifyElementClickable(findTestObject("Object Repository/Page_Calender/Page_/svg_mat-datepicker-toggle-default-icon ng-s_f1b13c")): Object 'Object Repository/Page_Calender/Page_/svg_mat-datepicker-toggle-default-icon ng-s_f1b13c' is clickable

11-01-2024T16:10:14 - [MESSAGE][INFO] - Unable to find the element located by 'By.xpath: '. Please recheck the objects properties to make sure the desired element is located. 

11-01-2024T16:10:14 - [MESSAGE][WARNING] - [SELF-HEALING] Failed to find element with id 'Object Repository/Page_Calender/Page_/svg_mat-datepicker-toggle-default-icon ng-s_f1b13c'. Try using Self-healing.

11-01-2024T16:10:14 - [MESSAGE][WARNING] - [SELF-HEALING] The current locator of test object 'Object Repository/Page_Calender/Page_/svg_mat-datepicker-toggle-default-icon ng-s_f1b13c' was broken. Propose an alternative one: 'svg.mat-datepicker-toggle-default-icon.ng-star-inserted'.

11-01-2024T16:10:14 - [MESSAGE][PASSED] - Object 'Object Repository/Page_Calender/Page_/svg_mat-datepicker-toggle-default-icon ng-s_f1b13c' is clickable

11-01-2024T16:10:14 - [TEST_STEP][PASSED] - click(findTestObject("Object Repository/Page_Calender/Page_/svg_mat-datepicker-toggle-default-icon ng-s_f1b13c")): Object: 'Object Repository/Page_Calender/Page_/svg_mat-datepicker-toggle-default-icon ng-s_f1b13c' is clicked on

11-01-2024T16:10:46 - [MESSAGE][INFO] - Unable to find the element located by 'By.xpath: '. Please recheck the objects properties to make sure the desired element is located. 

11-01-2024T16:10:46 - [MESSAGE][WARNING] - [SELF-HEALING] Failed to find element with id 'Object Repository/Page_Calender/Page_/svg_mat-datepicker-toggle-default-icon ng-s_f1b13c'. Try using Self-healing.

11-01-2024T16:10:46 - [MESSAGE][WARNING] - [SELF-HEALING] The current locator of test object 'Object Repository/Page_Calender/Page_/svg_mat-datepicker-toggle-default-icon ng-s_f1b13c' was broken. Propose an alternative one: 'svg.mat-datepicker-toggle-default-icon.ng-star-inserted'.

11-01-2024T16:10:46 - [MESSAGE][PASSED] - Object: 'Object Repository/Page_Calender/Page_/svg_mat-datepicker-toggle-default-icon ng-s_f1b13c' is clicked on

11-01-2024T16:10:46 - [TEST_STEP][PASSED] - verifyElementClickable(findTestObject("Object Repository/Page_Calender/Page_/button_mat-focus-indicator mat-calendar-pre_09dfc7")): Object 'Object Repository/Page_Calender/Page_/button_mat-focus-indicator mat-calendar-pre_09dfc7' is clickable

11-01-2024T16:10:47 - [MESSAGE][PASSED] - Object 'Object Repository/Page_Calender/Page_/button_mat-focus-indicator mat-calendar-pre_09dfc7' is clickable

11-01-2024T16:10:47 - [TEST_STEP][PASSED] - verifyElementClickable(findTestObject("Object Repository/Page_Calender/Page_/button_mat-focus-indicator mat-calendar-pre_09dfc7")): Object 'Object Repository/Page_Calender/Page_/button_mat-focus-indicator mat-calendar-pre_09dfc7' is clickable

11-01-2024T16:10:47 - [MESSAGE][PASSED] - Object 'Object Repository/Page_Calender/Page_/button_mat-focus-indicator mat-calendar-pre_09dfc7' is clickable

11-01-2024T16:10:47 - [TEST_STEP][PASSED] - verifyElementClickable(findTestObject("Object Repository/Page_Calender/Page_/span_DEC 2023")): Object 'Object Repository/Page_Calender/Page_/span_DEC 2023' is clickable

11-01-2024T16:11:18 - [MESSAGE][INFO] - Unable to find the element located by 'By.xpath: //mat-calendar[@id='mat-datepicker-0']/mat-calendar-header/div/div/button/span'. Please recheck the objects properties to make sure the desired element is located. 

11-01-2024T16:11:18 - [MESSAGE][WARNING] - [SELF-HEALING] Failed to find element with id 'Object Repository/Page_Calender/Page_/span_DEC 2023'. Try using Self-healing.

11-01-2024T16:11:19 - [MESSAGE][WARNING] - [SELF-HEALING] The current locator of test object 'Object Repository/Page_Calender/Page_/span_DEC 2023' was broken. Propose an alternative one: '//div/div/button/span'.

11-01-2024T16:11:19 - [MESSAGE][PASSED] - Object 'Object Repository/Page_Calender/Page_/span_DEC 2023' is clickable

11-01-2024T16:11:19 - [TEST_STEP][PASSED] - click(findTestObject("Object Repository/Page_Calender/Page_/polygon")): Object: 'Object Repository/Page_Calender/Page_/polygon' is clicked on

11-01-2024T16:11:50 - [MESSAGE][INFO] - Unable to find the element located by 'By.xpath: '. Please recheck the objects properties to make sure the desired element is located. 

11-01-2024T16:11:50 - [MESSAGE][WARNING] - [SELF-HEALING] Failed to find element with id 'Object Repository/Page_Calender/Page_/polygon'. Try using Self-healing.

11-01-2024T16:11:50 - [MESSAGE][WARNING] - [SELF-HEALING] The current locator of test object 'Object Repository/Page_Calender/Page_/polygon' was broken. Propose an alternative one: 'polygon'.

11-01-2024T16:11:50 - [MESSAGE][PASSED] - Object: 'Object Repository/Page_Calender/Page_/polygon' is clicked on

11-01-2024T16:11:50 - [TEST_STEP][PASSED] - click(findTestObject("Object Repository/Page_Calender/Page_/svg_mat-calendar-arrow mat-calendar-invert")): Object: 'Object Repository/Page_Calender/Page_/svg_mat-calendar-arrow mat-calendar-invert' is clicked on

11-01-2024T16:12:21 - [MESSAGE][INFO] - Unable to find the element located by 'By.xpath: '. Please recheck the objects properties to make sure the desired element is located. 

11-01-2024T16:12:21 - [MESSAGE][WARNING] - [SELF-HEALING] Failed to find element with id 'Object Repository/Page_Calender/Page_/svg_mat-calendar-arrow mat-calendar-invert'. Try using Self-healing.

11-01-2024T16:12:22 - [MESSAGE][WARNING] - [SELF-HEALING] The current locator of test object 'Object Repository/Page_Calender/Page_/svg_mat-calendar-arrow mat-calendar-invert' was broken. Propose an alternative one: 'svg.mat-calendar-arrow.mat-calendar-invert'.

11-01-2024T16:12:22 - [MESSAGE][PASSED] - Object: 'Object Repository/Page_Calender/Page_/svg_mat-calendar-arrow mat-calendar-invert' is clicked on

11-01-2024T16:12:22 - [TEST_STEP][PASSED] - click(findTestObject("Object Repository/Page_Calender/Page_/button_mat-focus-indicator mat-calendar-pre_09dfc7")): Object: 'Object Repository/Page_Calender/Page_/button_mat-focus-indicator mat-calendar-pre_09dfc7' is clicked on

11-01-2024T16:12:23 - [MESSAGE][PASSED] - Object: 'Object Repository/Page_Calender/Page_/button_mat-focus-indicator mat-calendar-pre_09dfc7' is clicked on

11-01-2024T16:12:23 - [TEST_STEP][PASSED] - click(findTestObject("Object Repository/Page_Calender/Page_/button_mat-focus-indicator mat-calendar-pre_09dfc7")): Object: 'Object Repository/Page_Calender/Page_/button_mat-focus-indicator mat-calendar-pre_09dfc7' is clicked on

11-01-2024T16:12:24 - [MESSAGE][PASSED] - Object: 'Object Repository/Page_Calender/Page_/button_mat-focus-indicator mat-calendar-pre_09dfc7' is clicked on

11-01-2024T16:12:24 - [TEST_STEP][PASSED] - click(findTestObject("Object Repository/Page_Calender/Page_/div_1")): Object: 'Object Repository/Page_Calender/Page_/div_1' is clicked on

11-01-2024T16:12:55 - [MESSAGE][INFO] - Unable to find the element located by 'By.xpath: //mat-calendar[@id='mat-datepicker-0']/div/mat-month-view/table/tbody/tr[2]/td/button/div'. Please recheck the objects properties to make sure the desired element is located. 

11-01-2024T16:12:55 - [MESSAGE][WARNING] - [SELF-HEALING] Failed to find element with id 'Object Repository/Page_Calender/Page_/div_1'. Try using Self-healing.

11-01-2024T16:12:55 - [MESSAGE][WARNING] - [SELF-HEALING] The current locator of test object 'Object Repository/Page_Calender/Page_/div_1' was broken. Propose an alternative one: '//td/button/div'.

11-01-2024T16:12:55 - [MESSAGE][PASSED] - Object: 'Object Repository/Page_Calender/Page_/div_1' is clicked on

11-01-2024T16:12:55 - [TEST_STEP][PASSED] - click(findTestObject("Object Repository/Page_Calender/Page_/div_31")): Object: 'Object Repository/Page_Calender/Page_/div_31' is clicked on

11-01-2024T16:13:26 - [MESSAGE][INFO] - Unable to find the element located by 'By.xpath: //mat-calendar[@id='mat-datepicker-0']/div/mat-month-view/table/tbody/tr[6]/td[3]/button/div'. Please recheck the objects properties to make sure the desired element is located. 

11-01-2024T16:13:26 - [MESSAGE][WARNING] - [SELF-HEALING] Failed to find element with id 'Object Repository/Page_Calender/Page_/div_31'. Try using Self-healing.

11-01-2024T16:13:27 - [MESSAGE][WARNING] - [SELF-HEALING] The current locator of test object 'Object Repository/Page_Calender/Page_/div_31' was broken. Propose an alternative one: '//tr[6]/td[3]/button/div'.

11-01-2024T16:13:27 - [MESSAGE][PASSED] - Object: 'Object Repository/Page_Calender/Page_/div_31' is clicked on

11-01-2024T16:13:27 - [MESSAGE][INFO] - 

11-01-2024T16:13:27 - [MESSAGE][INFO] - ===================== Self-healing Report ====================

11-01-2024T16:13:27 - [MESSAGE][INFO] - One of the failed test object locators has been recovered by Self-healing. Please refer to the Self-healing Insights tab for more details.

11-01-2024T16:13:27 - [MESSAGE][INFO] - To learn more about Self-healing, please read https://docs.katalon.com/katalon-studio/docs/self-healing.html

11-01-2024T16:13:27 - [MESSAGE][INFO] - ==============================================================

11-01-2024T16:13:27 - [MESSAGE][PASSED] - Call Test Case 'Test Cases/Reusable_Functions/Calender' successfully]]></system-out>
         <system-err><![CDATA[]]></system-err>
      </testcase>
      <testcase name="Test Cases/Performance Report/test_weekly_seller_cac_table_title" time="3.135" classname="Test Cases/Performance Report/test_weekly_seller_cac_table_title" status="PASSED">
         <system-out><![CDATA[11-01-2024T16:13:27 - [TEST_CASE][PASSED] - Test Cases/Performance Report/test_weekly_seller_cac_table_title: Test Cases/Performance Report/test_weekly_seller_cac_table_title

11-01-2024T16:13:27 - [TEST_STEP][PASSED] - verifyElementText(findTestObject("Object Repository/Page_Weekly_Seller_CAC_Table_Title/Page_/h2_Seller CAC"), "Seller CAC"): Actual text and expected text of test object 'Object Repository/Page_Weekly_Seller_CAC_Table_Title/Page_/h2_Seller CAC' are matched.

11-01-2024T16:13:28 - [MESSAGE][PASSED] - Actual text and expected text of test object 'Object Repository/Page_Weekly_Seller_CAC_Table_Title/Page_/h2_Seller CAC' are matched.

11-01-2024T16:13:28 - [TEST_STEP][PASSED] - verifyElementText(findTestObject("Object Repository/Page_Weekly_Seller_CAC_Table_Title/Page_/div_Weeks"), "Weeks"): Actual text and expected text of test object 'Object Repository/Page_Weekly_Seller_CAC_Table_Title/Page_/div_Weeks' are matched.

11-01-2024T16:13:29 - [MESSAGE][PASSED] - Actual text and expected text of test object 'Object Repository/Page_Weekly_Seller_CAC_Table_Title/Page_/div_Weeks' are matched.

11-01-2024T16:13:29 - [TEST_STEP][PASSED] - verifyElementText(findTestObject("Object Repository/Page_Weekly_Seller_CAC_Table_Title/Page_/div_Seller Spend"), "Seller Spend"): Actual text and expected text of test object 'Object Repository/Page_Weekly_Seller_CAC_Table_Title/Page_/div_Seller Spend' are matched.

11-01-2024T16:13:29 - [MESSAGE][PASSED] - Actual text and expected text of test object 'Object Repository/Page_Weekly_Seller_CAC_Table_Title/Page_/div_Seller Spend' are matched.

11-01-2024T16:13:29 - [TEST_STEP][PASSED] - verifyElementText(findTestObject("Object Repository/Page_Weekly_Seller_CAC_Table_Title/Page_/div_Number of Applications"), "Number of Applications"): Actual text and expected text of test object 'Object Repository/Page_Weekly_Seller_CAC_Table_Title/Page_/div_Number of Applications' are matched.

11-01-2024T16:13:29 - [MESSAGE][PASSED] - Actual text and expected text of test object 'Object Repository/Page_Weekly_Seller_CAC_Table_Title/Page_/div_Number of Applications' are matched.

11-01-2024T16:13:29 - [TEST_STEP][PASSED] - verifyElementText(findTestObject("Object Repository/Page_Weekly_Seller_CAC_Table_Title/Page_/div_Seller CAC"), "Seller CAC"): Actual text and expected text of test object 'Object Repository/Page_Weekly_Seller_CAC_Table_Title/Page_/div_Seller CAC' are matched.

11-01-2024T16:13:30 - [MESSAGE][PASSED] - Actual text and expected text of test object 'Object Repository/Page_Weekly_Seller_CAC_Table_Title/Page_/div_Seller CAC' are matched.]]></system-out>
         <system-err><![CDATA[]]></system-err>
      </testcase>
      <testcase name="Test Cases/Performance Report/test_weekly_seller_cac_asending_decending" time="5.21" classname="Test Cases/Performance Report/test_weekly_seller_cac_asending_decending" status="PASSED">
         <system-out><![CDATA[11-01-2024T16:13:30 - [TEST_CASE][PASSED] - Test Cases/Performance Report/test_weekly_seller_cac_asending_decending: Test Cases/Performance Report/test_weekly_seller_cac_asending_decending

11-01-2024T16:13:30 - [TEST_STEP][PASSED] - verifyElementClickable(findTestObject("Object Repository/Page_Weekly_Seller_CAC_Ascending_Decending/Page_/div_mat-sort-header-arrow ng-trigger ng-tri_de4702")): Object 'Object Repository/Page_Weekly_Seller_CAC_Ascending_Decending/Page_/div_mat-sort-header-arrow ng-trigger ng-tri_de4702' is clickable

11-01-2024T16:13:30 - [MESSAGE][PASSED] - Object 'Object Repository/Page_Weekly_Seller_CAC_Ascending_Decending/Page_/div_mat-sort-header-arrow ng-trigger ng-tri_de4702' is clickable

11-01-2024T16:13:30 - [TEST_STEP][PASSED] - verifyElementClickable(findTestObject("Object Repository/Page_Weekly_Seller_CAC_Ascending_Decending/Page_/div_mat-sort-header-arrow ng-trigger ng-tri_506a70")): Object 'Object Repository/Page_Weekly_Seller_CAC_Ascending_Decending/Page_/div_mat-sort-header-arrow ng-trigger ng-tri_506a70' is clickable

11-01-2024T16:13:30 - [MESSAGE][PASSED] - Object 'Object Repository/Page_Weekly_Seller_CAC_Ascending_Decending/Page_/div_mat-sort-header-arrow ng-trigger ng-tri_506a70' is clickable

11-01-2024T16:13:30 - [TEST_STEP][PASSED] - verifyElementClickable(findTestObject("Object Repository/Page_Weekly_Seller_CAC_Ascending_Decending/Page_/div_mat-sort-header-arrow ng-trigger ng-tri_6cc990")): Object 'Object Repository/Page_Weekly_Seller_CAC_Ascending_Decending/Page_/div_mat-sort-header-arrow ng-trigger ng-tri_6cc990' is clickable

11-01-2024T16:13:31 - [MESSAGE][PASSED] - Object 'Object Repository/Page_Weekly_Seller_CAC_Ascending_Decending/Page_/div_mat-sort-header-arrow ng-trigger ng-tri_6cc990' is clickable

11-01-2024T16:13:31 - [TEST_STEP][PASSED] - verifyElementClickable(findTestObject("Object Repository/Page_Weekly_Seller_CAC_Ascending_Decending/Page_/div_mat-sort-header-arrow ng-trigger ng-tri_a7da72")): Object 'Object Repository/Page_Weekly_Seller_CAC_Ascending_Decending/Page_/div_mat-sort-header-arrow ng-trigger ng-tri_a7da72' is clickable

11-01-2024T16:13:31 - [MESSAGE][PASSED] - Object 'Object Repository/Page_Weekly_Seller_CAC_Ascending_Decending/Page_/div_mat-sort-header-arrow ng-trigger ng-tri_a7da72' is clickable

11-01-2024T16:13:31 - [TEST_STEP][PASSED] - click(findTestObject("Object Repository/Page_Weekly_Seller_CAC_Ascending_Decending/Page_/div_mat-sort-header-arrow ng-trigger ng-tri_c2f568")): Object: 'Object Repository/Page_Weekly_Seller_CAC_Ascending_Decending/Page_/div_mat-sort-header-arrow ng-trigger ng-tri_c2f568' is clicked on

11-01-2024T16:13:31 - [MESSAGE][PASSED] - Object: 'Object Repository/Page_Weekly_Seller_CAC_Ascending_Decending/Page_/div_mat-sort-header-arrow ng-trigger ng-tri_c2f568' is clicked on

11-01-2024T16:13:31 - [TEST_STEP][PASSED] - click(findTestObject("Object Repository/Page_Weekly_Seller_CAC_Ascending_Decending/Page_/div_mat-sort-header-arrow ng-trigger ng-tri_c2f568_1")): Object: 'Object Repository/Page_Weekly_Seller_CAC_Ascending_Decending/Page_/div_mat-sort-header-arrow ng-trigger ng-tri_c2f568_1' is clicked on

11-01-2024T16:13:32 - [MESSAGE][PASSED] - Object: 'Object Repository/Page_Weekly_Seller_CAC_Ascending_Decending/Page_/div_mat-sort-header-arrow ng-trigger ng-tri_c2f568_1' is clicked on

11-01-2024T16:13:32 - [TEST_STEP][PASSED] - click(findTestObject("Object Repository/Page_Weekly_Seller_CAC_Ascending_Decending/Page_/div_mat-sort-header-pointer-right ng-tns-c9_150dad")): Object: 'Object Repository/Page_Weekly_Seller_CAC_Ascending_Decending/Page_/div_mat-sort-header-pointer-right ng-tns-c9_150dad' is clicked on

11-01-2024T16:13:32 - [MESSAGE][PASSED] - Object: 'Object Repository/Page_Weekly_Seller_CAC_Ascending_Decending/Page_/div_mat-sort-header-pointer-right ng-tns-c9_150dad' is clicked on

11-01-2024T16:13:32 - [TEST_STEP][PASSED] - click(findTestObject("Object Repository/Page_Weekly_Seller_CAC_Ascending_Decending/Page_/div_mat-sort-header-pointer-right ng-tns-c9_150dad_1")): Object: 'Object Repository/Page_Weekly_Seller_CAC_Ascending_Decending/Page_/div_mat-sort-header-pointer-right ng-tns-c9_150dad_1' is clicked on

11-01-2024T16:13:33 - [MESSAGE][PASSED] - Object: 'Object Repository/Page_Weekly_Seller_CAC_Ascending_Decending/Page_/div_mat-sort-header-pointer-right ng-tns-c9_150dad_1' is clicked on

11-01-2024T16:13:33 - [TEST_STEP][PASSED] - click(findTestObject("Object Repository/Page_Weekly_Seller_CAC_Ascending_Decending/Page_/div_mat-sort-header-arrow ng-trigger ng-tri_52b0b7")): Object: 'Object Repository/Page_Weekly_Seller_CAC_Ascending_Decending/Page_/div_mat-sort-header-arrow ng-trigger ng-tri_52b0b7' is clicked on

11-01-2024T16:13:33 - [MESSAGE][PASSED] - Object: 'Object Repository/Page_Weekly_Seller_CAC_Ascending_Decending/Page_/div_mat-sort-header-arrow ng-trigger ng-tri_52b0b7' is clicked on

11-01-2024T16:13:33 - [TEST_STEP][PASSED] - click(findTestObject("Object Repository/Page_Weekly_Seller_CAC_Ascending_Decending/Page_/div_mat-sort-header-arrow ng-trigger ng-tri_52b0b7_1")): Object: 'Object Repository/Page_Weekly_Seller_CAC_Ascending_Decending/Page_/div_mat-sort-header-arrow ng-trigger ng-tri_52b0b7_1' is clicked on

11-01-2024T16:13:34 - [MESSAGE][PASSED] - Object: 'Object Repository/Page_Weekly_Seller_CAC_Ascending_Decending/Page_/div_mat-sort-header-arrow ng-trigger ng-tri_52b0b7_1' is clicked on

11-01-2024T16:13:34 - [TEST_STEP][PASSED] - click(findTestObject("Object Repository/Page_Weekly_Seller_CAC_Ascending_Decending/Page_/div_mat-sort-header-stem ng-tns-c99-22")): Object: 'Object Repository/Page_Weekly_Seller_CAC_Ascending_Decending/Page_/div_mat-sort-header-stem ng-tns-c99-22' is clicked on

11-01-2024T16:13:34 - [MESSAGE][PASSED] - Object: 'Object Repository/Page_Weekly_Seller_CAC_Ascending_Decending/Page_/div_mat-sort-header-stem ng-tns-c99-22' is clicked on

11-01-2024T16:13:34 - [TEST_STEP][PASSED] - click(findTestObject("Object Repository/Page_Weekly_Seller_CAC_Ascending_Decending/Page_/div_mat-sort-header-stem ng-tns-c99-22_1")): Object: 'Object Repository/Page_Weekly_Seller_CAC_Ascending_Decending/Page_/div_mat-sort-header-stem ng-tns-c99-22_1' is clicked on

11-01-2024T16:13:35 - [MESSAGE][PASSED] - Object: 'Object Repository/Page_Weekly_Seller_CAC_Ascending_Decending/Page_/div_mat-sort-header-stem ng-tns-c99-22_1' is clicked on]]></system-out>
         <system-err><![CDATA[]]></system-err>
      </testcase>
      <testcase name="Test Cases/Performance Report/test_weekly_seller_cac_items_dropdown" time="258.577" classname="Test Cases/Performance Report/test_weekly_seller_cac_items_dropdown" status="PASSED">
         <system-out><![CDATA[11-01-2024T16:13:35 - [TEST_CASE][PASSED] - Test Cases/Performance Report/test_weekly_seller_cac_items_dropdown: Test Cases/Performance Report/test_weekly_seller_cac_items_dropdown

11-01-2024T16:13:35 - [TEST_STEP][PASSED] - callTestCase(findTestCase("Reusable_Functions/Items_per_page"), [:], CONTINUE_ON_FAILURE): Call Test Case 'Test Cases/Reusable_Functions/Items_per_page' successfully

11-01-2024T16:13:35 - [TEST_CASE][PASSED] - Test Cases/Reusable_Functions/Items_per_page: Test Cases/Reusable_Functions/Items_per_page

11-01-2024T16:13:35 - [TEST_STEP][PASSED] - verifyElementText(findTestObject("Object Repository/Page_Items_Per_Page/Page_/div_Items per page"), "Items per page:"): Actual text and expected text of test object 'Object Repository/Page_Items_Per_Page/Page_/div_Items per page' are matched.

11-01-2024T16:14:06 - [MESSAGE][INFO] - Unable to find the element located by 'By.xpath: //div[@id='table1']/app-mtd-spend-column-chart/div/app-sb-bar-chart/div/mat-paginator/div/div/div/div'. Please recheck the objects properties to make sure the desired element is located. 

11-01-2024T16:14:06 - [MESSAGE][WARNING] - [SELF-HEALING] Failed to find element with id 'Object Repository/Page_Items_Per_Page/Page_/div_Items per page'. Try using Self-healing.

11-01-2024T16:14:07 - [MESSAGE][WARNING] - [SELF-HEALING] The current locator of test object 'Object Repository/Page_Items_Per_Page/Page_/div_Items per page' was broken. Propose an alternative one: '//mat-paginator/div/div/div/div'.

11-01-2024T16:14:07 - [MESSAGE][PASSED] - Actual text and expected text of test object 'Object Repository/Page_Items_Per_Page/Page_/div_Items per page' are matched.

11-01-2024T16:14:07 - [TEST_STEP][PASSED] - verifyElementClickable(findTestObject("Object Repository/Page_Items_Per_Page/Page_/div_mat-select-arrow-wrapper ng-tns-c110-14")): Object 'Object Repository/Page_Items_Per_Page/Page_/div_mat-select-arrow-wrapper ng-tns-c110-14' is clickable

11-01-2024T16:14:38 - [MESSAGE][INFO] - Unable to find the element located by 'By.xpath: //mat-select[@id='mat-select-4']/div/div[2]'. Please recheck the objects properties to make sure the desired element is located. 

11-01-2024T16:14:38 - [MESSAGE][WARNING] - [SELF-HEALING] Failed to find element with id 'Object Repository/Page_Items_Per_Page/Page_/div_mat-select-arrow-wrapper ng-tns-c110-14'. Try using Self-healing.

11-01-2024T16:14:38 - [MESSAGE][WARNING] - [SELF-HEALING] The current locator of test object 'Object Repository/Page_Items_Per_Page/Page_/div_mat-select-arrow-wrapper ng-tns-c110-14' was broken. Propose an alternative one: '//mat-select/div/div[2]'.

11-01-2024T16:14:38 - [MESSAGE][PASSED] - Object 'Object Repository/Page_Items_Per_Page/Page_/div_mat-select-arrow-wrapper ng-tns-c110-14' is clickable

11-01-2024T16:14:38 - [TEST_STEP][PASSED] - click(findTestObject("Object Repository/Page_Items_Per_Page/Page_/div_mat-select-arrow-wrapper ng-tns-c110-14")): Object: 'Object Repository/Page_Items_Per_Page/Page_/div_mat-select-arrow-wrapper ng-tns-c110-14' is clicked on

11-01-2024T16:15:09 - [MESSAGE][INFO] - Unable to find the element located by 'By.xpath: //mat-select[@id='mat-select-4']/div/div[2]'. Please recheck the objects properties to make sure the desired element is located. 

11-01-2024T16:15:09 - [MESSAGE][WARNING] - [SELF-HEALING] Failed to find element with id 'Object Repository/Page_Items_Per_Page/Page_/div_mat-select-arrow-wrapper ng-tns-c110-14'. Try using Self-healing.

11-01-2024T16:15:09 - [MESSAGE][WARNING] - [SELF-HEALING] The current locator of test object 'Object Repository/Page_Items_Per_Page/Page_/div_mat-select-arrow-wrapper ng-tns-c110-14' was broken. Propose an alternative one: '//mat-select/div/div[2]'.

11-01-2024T16:15:09 - [MESSAGE][PASSED] - Object: 'Object Repository/Page_Items_Per_Page/Page_/div_mat-select-arrow-wrapper ng-tns-c110-14' is clicked on

11-01-2024T16:15:09 - [TEST_STEP][PASSED] - click(findTestObject("Object Repository/Page_Items_Per_Page/Page_/span_20")): Object: 'Object Repository/Page_Items_Per_Page/Page_/span_20' is clicked on

11-01-2024T16:15:41 - [MESSAGE][INFO] - Unable to find the element located by 'By.xpath: //mat-option[@id='mat-option-10']/span'. Please recheck the objects properties to make sure the desired element is located. 

11-01-2024T16:15:41 - [MESSAGE][WARNING] - [SELF-HEALING] Failed to find element with id 'Object Repository/Page_Items_Per_Page/Page_/span_20'. Try using Self-healing.

11-01-2024T16:15:41 - [MESSAGE][WARNING] - [SELF-HEALING] The current locator of test object 'Object Repository/Page_Items_Per_Page/Page_/span_20' was broken. Propose an alternative one: '//mat-option[3]/span'.

11-01-2024T16:15:41 - [MESSAGE][PASSED] - Object: 'Object Repository/Page_Items_Per_Page/Page_/span_20' is clicked on

11-01-2024T16:15:41 - [TEST_STEP][PASSED] - click(findTestObject("Object Repository/Page_Items_Per_Page/Page_/div_mat-select-arrow ng-tns-c110-14")): Object: 'Object Repository/Page_Items_Per_Page/Page_/div_mat-select-arrow ng-tns-c110-14' is clicked on

11-01-2024T16:16:12 - [MESSAGE][INFO] - Unable to find the element located by 'By.xpath: //mat-select[@id='mat-select-4']/div/div[2]/div'. Please recheck the objects properties to make sure the desired element is located. 

11-01-2024T16:16:12 - [MESSAGE][WARNING] - [SELF-HEALING] Failed to find element with id 'Object Repository/Page_Items_Per_Page/Page_/div_mat-select-arrow ng-tns-c110-14'. Try using Self-healing.

11-01-2024T16:16:12 - [MESSAGE][WARNING] - [SELF-HEALING] The current locator of test object 'Object Repository/Page_Items_Per_Page/Page_/div_mat-select-arrow ng-tns-c110-14' was broken. Propose an alternative one: '//mat-select/div/div[2]/div'.

11-01-2024T16:16:12 - [MESSAGE][PASSED] - Object: 'Object Repository/Page_Items_Per_Page/Page_/div_mat-select-arrow ng-tns-c110-14' is clicked on

11-01-2024T16:16:12 - [TEST_STEP][PASSED] - click(findTestObject("Object Repository/Page_Items_Per_Page/Page_/span_10")): Object: 'Object Repository/Page_Items_Per_Page/Page_/span_10' is clicked on

11-01-2024T16:16:43 - [MESSAGE][INFO] - Unable to find the element located by 'By.xpath: //mat-option[@id='mat-option-9']/span'. Please recheck the objects properties to make sure the desired element is located. 

11-01-2024T16:16:43 - [MESSAGE][WARNING] - [SELF-HEALING] Failed to find element with id 'Object Repository/Page_Items_Per_Page/Page_/span_10'. Try using Self-healing.

11-01-2024T16:16:44 - [MESSAGE][WARNING] - [SELF-HEALING] The current locator of test object 'Object Repository/Page_Items_Per_Page/Page_/span_10' was broken. Propose an alternative one: '//mat-option[2]/span'.

11-01-2024T16:16:44 - [MESSAGE][PASSED] - Object: 'Object Repository/Page_Items_Per_Page/Page_/span_10' is clicked on

11-01-2024T16:16:44 - [TEST_STEP][PASSED] - click(findTestObject("Object Repository/Page_Items_Per_Page/Page_/div_mat-select-arrow-wrapper ng-tns-c110-14")): Object: 'Object Repository/Page_Items_Per_Page/Page_/div_mat-select-arrow-wrapper ng-tns-c110-14' is clicked on

11-01-2024T16:17:15 - [MESSAGE][INFO] - Unable to find the element located by 'By.xpath: //mat-select[@id='mat-select-4']/div/div[2]'. Please recheck the objects properties to make sure the desired element is located. 

11-01-2024T16:17:15 - [MESSAGE][WARNING] - [SELF-HEALING] Failed to find element with id 'Object Repository/Page_Items_Per_Page/Page_/div_mat-select-arrow-wrapper ng-tns-c110-14'. Try using Self-healing.

11-01-2024T16:17:15 - [MESSAGE][WARNING] - [SELF-HEALING] The current locator of test object 'Object Repository/Page_Items_Per_Page/Page_/div_mat-select-arrow-wrapper ng-tns-c110-14' was broken. Propose an alternative one: '//mat-select/div/div[2]'.

11-01-2024T16:17:15 - [MESSAGE][PASSED] - Object: 'Object Repository/Page_Items_Per_Page/Page_/div_mat-select-arrow-wrapper ng-tns-c110-14' is clicked on

11-01-2024T16:17:15 - [TEST_STEP][PASSED] - click(findTestObject("Object Repository/Page_Items_Per_Page/Page_/span_5")): Object: 'Object Repository/Page_Items_Per_Page/Page_/span_5' is clicked on

11-01-2024T16:17:46 - [MESSAGE][INFO] - Unable to find the element located by 'By.xpath: //mat-option[@id='mat-option-8']/span'. Please recheck the objects properties to make sure the desired element is located. 

11-01-2024T16:17:46 - [MESSAGE][WARNING] - [SELF-HEALING] Failed to find element with id 'Object Repository/Page_Items_Per_Page/Page_/span_5'. Try using Self-healing.

11-01-2024T16:17:47 - [MESSAGE][WARNING] - [SELF-HEALING] The current locator of test object 'Object Repository/Page_Items_Per_Page/Page_/span_5' was broken. Propose an alternative one: '//mat-option/span'.

11-01-2024T16:17:47 - [MESSAGE][PASSED] - Object: 'Object Repository/Page_Items_Per_Page/Page_/span_5' is clicked on

11-01-2024T16:17:47 - [TEST_STEP][PASSED] - delay(2): Delayed 2 second(s)

11-01-2024T16:17:49 - [MESSAGE][PASSED] - Delayed 2 second(s)

11-01-2024T16:17:49 - [MESSAGE][INFO] - 

11-01-2024T16:17:49 - [MESSAGE][INFO] - ===================== Self-healing Report ====================

11-01-2024T16:17:49 - [MESSAGE][INFO] - One of the failed test object locators has been recovered by Self-healing. Please refer to the Self-healing Insights tab for more details.

11-01-2024T16:17:49 - [MESSAGE][INFO] - To learn more about Self-healing, please read https://docs.katalon.com/katalon-studio/docs/self-healing.html

11-01-2024T16:17:49 - [MESSAGE][INFO] - ==============================================================

11-01-2024T16:17:49 - [MESSAGE][PASSED] - Call Test Case 'Test Cases/Reusable_Functions/Items_per_page' successfully

11-01-2024T16:17:49 - [TEST_STEP][PASSED] - callTestCase(findTestCase("Reusable_Functions/Fullscreen"), [:], CONTINUE_ON_FAILURE): Call Test Case 'Test Cases/Reusable_Functions/Fullscreen' successfully

11-01-2024T16:17:49 - [TEST_CASE][PASSED] - Test Cases/Reusable_Functions/Fullscreen: Test Cases/Reusable_Functions/Fullscreen

11-01-2024T16:17:49 - [TEST_STEP][PASSED] - verifyElementClickable(findTestObject("Object Repository/Page_Fullscreen/Page_/img")): Object 'Object Repository/Page_Fullscreen/Page_/img' is clickable

11-01-2024T16:17:49 - [MESSAGE][PASSED] - Object 'Object Repository/Page_Fullscreen/Page_/img' is clickable

11-01-2024T16:17:49 - [TEST_STEP][PASSED] - click(findTestObject("Object Repository/Page_Fullscreen/Page_/img")): Object: 'Object Repository/Page_Fullscreen/Page_/img' is clicked on

11-01-2024T16:17:49 - [MESSAGE][PASSED] - Object: 'Object Repository/Page_Fullscreen/Page_/img' is clicked on

11-01-2024T16:17:49 - [TEST_STEP][PASSED] - delay(2): Delayed 2 second(s)

11-01-2024T16:17:51 - [MESSAGE][PASSED] - Delayed 2 second(s)

11-01-2024T16:17:51 - [TEST_STEP][PASSED] - executeJavaScript("document.exitFullscreen();", null): Execute JavaScript 'document.exitFullscreen();' successfully

11-01-2024T16:17:51 - [MESSAGE][PASSED] - Execute JavaScript 'document.exitFullscreen();' successfully

11-01-2024T16:17:52 - [TEST_STEP][PASSED] - delay(2): Delayed 2 second(s)

11-01-2024T16:17:54 - [MESSAGE][PASSED] - Delayed 2 second(s)

11-01-2024T16:17:54 - [MESSAGE][INFO] - 

11-01-2024T16:17:54 - [MESSAGE][INFO] - ===================== Self-healing Report ====================

11-01-2024T16:17:54 - [MESSAGE][INFO] - One of the failed test object locators has been recovered by Self-healing. Please refer to the Self-healing Insights tab for more details.

11-01-2024T16:17:54 - [MESSAGE][INFO] - To learn more about Self-healing, please read https://docs.katalon.com/katalon-studio/docs/self-healing.html

11-01-2024T16:17:54 - [MESSAGE][INFO] - ==============================================================

11-01-2024T16:17:54 - [MESSAGE][PASSED] - Call Test Case 'Test Cases/Reusable_Functions/Fullscreen' successfully]]></system-out>
         <system-err><![CDATA[]]></system-err>
      </testcase>
      <testcase name="Test Cases/Performance Report/test_daily_buyer_cac_tab" time="94.659" classname="Test Cases/Performance Report/test_daily_buyer_cac_tab" status="PASSED">
         <system-out><![CDATA[11-01-2024T16:17:54 - [TEST_CASE][PASSED] - Test Cases/Performance Report/test_daily_buyer_cac_tab: Test Cases/Performance Report/test_daily_buyer_cac_tab

11-01-2024T16:17:54 - [TEST_STEP][PASSED] - verifyElementText(findTestObject("Object Repository/Page_Daily_Buyer_CAC_Tab/Page_/div_Daily Buyer CAC Report"), "Daily Buyer CAC Report"): Actual text and expected text of test object 'Object Repository/Page_Daily_Buyer_CAC_Tab/Page_/div_Daily Buyer CAC Report' are matched.

11-01-2024T16:18:25 - [MESSAGE][INFO] - Unable to find the element located by 'By.xpath: //div[@id='mat-tab-label-1-2']/div'. Please recheck the objects properties to make sure the desired element is located. 

11-01-2024T16:18:25 - [MESSAGE][WARNING] - [SELF-HEALING] Failed to find element with id 'Object Repository/Page_Daily_Buyer_CAC_Tab/Page_/div_Daily Buyer CAC Report'. Try using Self-healing.

11-01-2024T16:18:25 - [MESSAGE][WARNING] - [SELF-HEALING] The current locator of test object 'Object Repository/Page_Daily_Buyer_CAC_Tab/Page_/div_Daily Buyer CAC Report' was broken. Propose an alternative one: '//div[3]/div'.

11-01-2024T16:18:25 - [MESSAGE][PASSED] - Actual text and expected text of test object 'Object Repository/Page_Daily_Buyer_CAC_Tab/Page_/div_Daily Buyer CAC Report' are matched.

11-01-2024T16:18:25 - [TEST_STEP][PASSED] - verifyElementClickable(findTestObject("Object Repository/Page_Daily_Buyer_CAC_Tab/Page_/div_Daily Buyer CAC Report")): Object 'Object Repository/Page_Daily_Buyer_CAC_Tab/Page_/div_Daily Buyer CAC Report' is clickable

11-01-2024T16:18:56 - [MESSAGE][INFO] - Unable to find the element located by 'By.xpath: //div[@id='mat-tab-label-1-2']/div'. Please recheck the objects properties to make sure the desired element is located. 

11-01-2024T16:18:56 - [MESSAGE][WARNING] - [SELF-HEALING] Failed to find element with id 'Object Repository/Page_Daily_Buyer_CAC_Tab/Page_/div_Daily Buyer CAC Report'. Try using Self-healing.

11-01-2024T16:18:57 - [MESSAGE][WARNING] - [SELF-HEALING] The current locator of test object 'Object Repository/Page_Daily_Buyer_CAC_Tab/Page_/div_Daily Buyer CAC Report' was broken. Propose an alternative one: '//div[3]/div'.

11-01-2024T16:18:57 - [MESSAGE][PASSED] - Object 'Object Repository/Page_Daily_Buyer_CAC_Tab/Page_/div_Daily Buyer CAC Report' is clickable

11-01-2024T16:18:57 - [TEST_STEP][PASSED] - click(findTestObject("Object Repository/Page_Daily_Buyer_CAC_Tab/Page_/div_Daily Buyer CAC Report")): Object: 'Object Repository/Page_Daily_Buyer_CAC_Tab/Page_/div_Daily Buyer CAC Report' is clicked on

11-01-2024T16:19:28 - [MESSAGE][INFO] - Unable to find the element located by 'By.xpath: //div[@id='mat-tab-label-1-2']/div'. Please recheck the objects properties to make sure the desired element is located. 

11-01-2024T16:19:28 - [MESSAGE][WARNING] - [SELF-HEALING] Failed to find element with id 'Object Repository/Page_Daily_Buyer_CAC_Tab/Page_/div_Daily Buyer CAC Report'. Try using Self-healing.

11-01-2024T16:19:28 - [MESSAGE][WARNING] - [SELF-HEALING] The current locator of test object 'Object Repository/Page_Daily_Buyer_CAC_Tab/Page_/div_Daily Buyer CAC Report' was broken. Propose an alternative one: '//div[3]/div'.

11-01-2024T16:19:28 - [MESSAGE][PASSED] - Object: 'Object Repository/Page_Daily_Buyer_CAC_Tab/Page_/div_Daily Buyer CAC Report' is clicked on]]></system-out>
         <system-err><![CDATA[]]></system-err>
      </testcase>
      <testcase name="Test Cases/Performance Report/test_daily_buyer_csc_calender" time="257.178" classname="Test Cases/Performance Report/test_daily_buyer_csc_calender" status="PASSED">
         <system-out><![CDATA[11-01-2024T16:19:28 - [TEST_CASE][PASSED] - Test Cases/Performance Report/test_daily_buyer_csc_calender: Test Cases/Performance Report/test_daily_buyer_csc_calender

11-01-2024T16:19:28 - [TEST_STEP][PASSED] - verifyElementClickable(findTestObject("Object Repository/Page_Daily_Buyer_CAC_Calender/Page_/mat-icon_clear")): Object 'Object Repository/Page_Daily_Buyer_CAC_Calender/Page_/mat-icon_clear' is clickable

11-01-2024T16:20:00 - [MESSAGE][INFO] - Unable to find the element located by 'By.xpath: //mat-tab-body[@id='mat-tab-content-1-2']/div/app-daily-buyer-cac-trendline-chart/div/div/div/app-time-series-filter-panel/div/mat-form-field/div/div/div/mat-icon'. Please recheck the objects properties to make sure the desired element is located. 

11-01-2024T16:20:00 - [MESSAGE][WARNING] - [SELF-HEALING] Failed to find element with id 'Object Repository/Page_Daily_Buyer_CAC_Calender/Page_/mat-icon_clear'. Try using Self-healing.

11-01-2024T16:20:00 - [MESSAGE][WARNING] - [SELF-HEALING] The current locator of test object 'Object Repository/Page_Daily_Buyer_CAC_Calender/Page_/mat-icon_clear' was broken. Propose an alternative one: '//mat-icon'.

11-01-2024T16:20:00 - [MESSAGE][PASSED] - Object 'Object Repository/Page_Daily_Buyer_CAC_Calender/Page_/mat-icon_clear' is clickable

11-01-2024T16:20:00 - [TEST_STEP][PASSED] - verifyElementClickable(findTestObject("Object Repository/Page_Daily_Buyer_CAC_Calender/Page_/svg_mat-datepicker-toggle-default-icon ng-s_f1b13c")): Object 'Object Repository/Page_Daily_Buyer_CAC_Calender/Page_/svg_mat-datepicker-toggle-default-icon ng-s_f1b13c' is clickable

11-01-2024T16:20:31 - [MESSAGE][INFO] - Unable to find the element located by 'By.xpath: '. Please recheck the objects properties to make sure the desired element is located. 

11-01-2024T16:20:31 - [MESSAGE][WARNING] - [SELF-HEALING] Failed to find element with id 'Object Repository/Page_Daily_Buyer_CAC_Calender/Page_/svg_mat-datepicker-toggle-default-icon ng-s_f1b13c'. Try using Self-healing.

11-01-2024T16:20:31 - [MESSAGE][WARNING] - [SELF-HEALING] The current locator of test object 'Object Repository/Page_Daily_Buyer_CAC_Calender/Page_/svg_mat-datepicker-toggle-default-icon ng-s_f1b13c' was broken. Propose an alternative one: 'svg.mat-datepicker-toggle-default-icon.ng-star-inserted'.

11-01-2024T16:20:31 - [MESSAGE][PASSED] - Object 'Object Repository/Page_Daily_Buyer_CAC_Calender/Page_/svg_mat-datepicker-toggle-default-icon ng-s_f1b13c' is clickable

11-01-2024T16:20:31 - [TEST_STEP][PASSED] - click(findTestObject("Object Repository/Page_Daily_Buyer_CAC_Calender/Page_/svg_mat-datepicker-toggle-default-icon ng-s_f1b13c")): Object: 'Object Repository/Page_Daily_Buyer_CAC_Calender/Page_/svg_mat-datepicker-toggle-default-icon ng-s_f1b13c' is clicked on

11-01-2024T16:21:02 - [MESSAGE][INFO] - Unable to find the element located by 'By.xpath: '. Please recheck the objects properties to make sure the desired element is located. 

11-01-2024T16:21:02 - [MESSAGE][WARNING] - [SELF-HEALING] Failed to find element with id 'Object Repository/Page_Daily_Buyer_CAC_Calender/Page_/svg_mat-datepicker-toggle-default-icon ng-s_f1b13c'. Try using Self-healing.

11-01-2024T16:21:03 - [MESSAGE][WARNING] - [SELF-HEALING] The current locator of test object 'Object Repository/Page_Daily_Buyer_CAC_Calender/Page_/svg_mat-datepicker-toggle-default-icon ng-s_f1b13c' was broken. Propose an alternative one: 'svg.mat-datepicker-toggle-default-icon.ng-star-inserted'.

11-01-2024T16:21:03 - [MESSAGE][PASSED] - Object: 'Object Repository/Page_Daily_Buyer_CAC_Calender/Page_/svg_mat-datepicker-toggle-default-icon ng-s_f1b13c' is clicked on

11-01-2024T16:21:03 - [TEST_STEP][PASSED] - verifyElementClickable(findTestObject("Object Repository/Page_Daily_Buyer_CAC_Calender/Page_/span_DEC 2023")): Object 'Object Repository/Page_Daily_Buyer_CAC_Calender/Page_/span_DEC 2023' is clickable

11-01-2024T16:21:34 - [MESSAGE][INFO] - Unable to find the element located by 'By.xpath: //mat-calendar[@id='mat-datepicker-2']/mat-calendar-header/div/div/button/span'. Please recheck the objects properties to make sure the desired element is located. 

11-01-2024T16:21:34 - [MESSAGE][WARNING] - [SELF-HEALING] Failed to find element with id 'Object Repository/Page_Daily_Buyer_CAC_Calender/Page_/span_DEC 2023'. Try using Self-healing.

11-01-2024T16:21:34 - [MESSAGE][WARNING] - [SELF-HEALING] The current locator of test object 'Object Repository/Page_Daily_Buyer_CAC_Calender/Page_/span_DEC 2023' was broken. Propose an alternative one: '//mat-calendar-header/div/div/button/span'.

11-01-2024T16:21:34 - [MESSAGE][PASSED] - Object 'Object Repository/Page_Daily_Buyer_CAC_Calender/Page_/span_DEC 2023' is clickable

11-01-2024T16:21:34 - [TEST_STEP][PASSED] - click(findTestObject("Object Repository/Page_Daily_Buyer_CAC_Calender/Page_/span_DEC 2023")): Object: 'Object Repository/Page_Daily_Buyer_CAC_Calender/Page_/span_DEC 2023' is clicked on

11-01-2024T16:22:05 - [MESSAGE][INFO] - Unable to find the element located by 'By.xpath: //mat-calendar[@id='mat-datepicker-2']/mat-calendar-header/div/div/button/span'. Please recheck the objects properties to make sure the desired element is located. 

11-01-2024T16:22:05 - [MESSAGE][WARNING] - [SELF-HEALING] Failed to find element with id 'Object Repository/Page_Daily_Buyer_CAC_Calender/Page_/span_DEC 2023'. Try using Self-healing.

11-01-2024T16:22:06 - [MESSAGE][WARNING] - [SELF-HEALING] The current locator of test object 'Object Repository/Page_Daily_Buyer_CAC_Calender/Page_/span_DEC 2023' was broken. Propose an alternative one: '//mat-calendar-header/div/div/button/span'.

11-01-2024T16:22:06 - [MESSAGE][PASSED] - Object: 'Object Repository/Page_Daily_Buyer_CAC_Calender/Page_/span_DEC 2023' is clicked on

11-01-2024T16:22:06 - [TEST_STEP][PASSED] - click(findTestObject("Object Repository/Page_Daily_Buyer_CAC_Calender/Page_/span_2016  2039")): Object: 'Object Repository/Page_Daily_Buyer_CAC_Calender/Page_/span_2016  2039' is clicked on

11-01-2024T16:22:37 - [MESSAGE][INFO] - Unable to find the element located by 'By.xpath: //span[@id='mat-calendar-button-0']'. Please recheck the objects properties to make sure the desired element is located. 

11-01-2024T16:22:37 - [MESSAGE][WARNING] - [SELF-HEALING] Failed to find element with id 'Object Repository/Page_Daily_Buyer_CAC_Calender/Page_/span_2016  2039'. Try using Self-healing.

11-01-2024T16:22:37 - [MESSAGE][INFO] - [SELF-HEALING] Failed Locator: '//span[@id='mat-calendar-button-0']'.

11-01-2024T16:22:38 - [MESSAGE][INFO] - [SELF-HEALING] Failed Locator: '//mat-calendar[@id='mat-datepicker-2']/mat-calendar-header/div/div/button/span/span'.

11-01-2024T16:22:38 - [MESSAGE][INFO] - [SELF-HEALING] Working Locator: '//button/span/span'.

11-01-2024T16:22:38 - [MESSAGE][INFO] - [SELF-HEALING] Screenshot: C:/Users/Pavitra I R/Katalon Studio/Admetrics/Reports/Self-healing/Object Repository/Page_Daily_Buyer_CAC_Calender/Page_/span_2016  2039_position.png

11-01-2024T16:22:38 - [MESSAGE][WARNING] - [SELF-HEALING] The current locator of test object 'Object Repository/Page_Daily_Buyer_CAC_Calender/Page_/span_2016  2039' was broken. Propose an alternative one: '//button/span/span'.

11-01-2024T16:22:38 - [MESSAGE][PASSED] - Object: 'Object Repository/Page_Daily_Buyer_CAC_Calender/Page_/span_2016  2039' is clicked on

11-01-2024T16:22:38 - [TEST_STEP][PASSED] - verifyElementClickable(findTestObject("Object Repository/Page_Daily_Buyer_CAC_Calender/Page_/button_mat-focus-indicator mat-calendar-pre_09dfc7")): Object 'Object Repository/Page_Daily_Buyer_CAC_Calender/Page_/button_mat-focus-indicator mat-calendar-pre_09dfc7' is clickable

11-01-2024T16:22:39 - [MESSAGE][PASSED] - Object 'Object Repository/Page_Daily_Buyer_CAC_Calender/Page_/button_mat-focus-indicator mat-calendar-pre_09dfc7' is clickable

11-01-2024T16:22:39 - [TEST_STEP][PASSED] - verifyElementClickable(findTestObject("Object Repository/Page_Daily_Buyer_CAC_Calender/Page_/button_mat-focus-indicator mat-calendar-pre_09dfc7")): Object 'Object Repository/Page_Daily_Buyer_CAC_Calender/Page_/button_mat-focus-indicator mat-calendar-pre_09dfc7' is clickable

11-01-2024T16:22:39 - [MESSAGE][PASSED] - Object 'Object Repository/Page_Daily_Buyer_CAC_Calender/Page_/button_mat-focus-indicator mat-calendar-pre_09dfc7' is clickable

11-01-2024T16:22:39 - [TEST_STEP][PASSED] - click(findTestObject("Object Repository/Page_Daily_Buyer_CAC_Calender/Page_/button_mat-focus-indicator mat-calendar-pre_09dfc7")): Object: 'Object Repository/Page_Daily_Buyer_CAC_Calender/Page_/button_mat-focus-indicator mat-calendar-pre_09dfc7' is clicked on

11-01-2024T16:22:40 - [MESSAGE][PASSED] - Object: 'Object Repository/Page_Daily_Buyer_CAC_Calender/Page_/button_mat-focus-indicator mat-calendar-pre_09dfc7' is clicked on

11-01-2024T16:22:40 - [TEST_STEP][PASSED] - click(findTestObject("Object Repository/Page_Daily_Buyer_CAC_Calender/Page_/button_mat-focus-indicator mat-calendar-pre_09dfc7")): Object: 'Object Repository/Page_Daily_Buyer_CAC_Calender/Page_/button_mat-focus-indicator mat-calendar-pre_09dfc7' is clicked on

11-01-2024T16:22:41 - [MESSAGE][PASSED] - Object: 'Object Repository/Page_Daily_Buyer_CAC_Calender/Page_/button_mat-focus-indicator mat-calendar-pre_09dfc7' is clicked on

11-01-2024T16:22:41 - [TEST_STEP][PASSED] - click(findTestObject("Object Repository/Page_Daily_Buyer_CAC_Calender/Page_/button_mat-focus-indicator mat-calendar-pre_09dfc7")): Object: 'Object Repository/Page_Daily_Buyer_CAC_Calender/Page_/button_mat-focus-indicator mat-calendar-pre_09dfc7' is clicked on

11-01-2024T16:22:42 - [MESSAGE][PASSED] - Object: 'Object Repository/Page_Daily_Buyer_CAC_Calender/Page_/button_mat-focus-indicator mat-calendar-pre_09dfc7' is clicked on

11-01-2024T16:22:42 - [TEST_STEP][PASSED] - click(findTestObject("Object Repository/Page_Daily_Buyer_CAC_Calender/Page_/div_1")): Object: 'Object Repository/Page_Daily_Buyer_CAC_Calender/Page_/div_1' is clicked on

11-01-2024T16:23:13 - [MESSAGE][INFO] - Unable to find the element located by 'By.xpath: //mat-calendar[@id='mat-datepicker-2']/div/mat-month-view/table/tbody/tr/td[2]/button/div'. Please recheck the objects properties to make sure the desired element is located. 

11-01-2024T16:23:13 - [MESSAGE][WARNING] - [SELF-HEALING] Failed to find element with id 'Object Repository/Page_Daily_Buyer_CAC_Calender/Page_/div_1'. Try using Self-healing.

11-01-2024T16:23:13 - [MESSAGE][INFO] - [SELF-HEALING] Failed Locator: '//mat-calendar[@id='mat-datepicker-2']/div/mat-month-view/table/tbody/tr/td[2]/button/div'.

11-01-2024T16:23:13 - [MESSAGE][INFO] - [SELF-HEALING] Working Locator: '//td[2]/button/div'.

11-01-2024T16:23:13 - [MESSAGE][INFO] - [SELF-HEALING] Screenshot: C:/Users/Pavitra I R/Katalon Studio/Admetrics/Reports/Self-healing/Object Repository/Page_Daily_Buyer_CAC_Calender/Page_/div_1_position.png

11-01-2024T16:23:13 - [MESSAGE][WARNING] - [SELF-HEALING] The current locator of test object 'Object Repository/Page_Daily_Buyer_CAC_Calender/Page_/div_1' was broken. Propose an alternative one: '//td[2]/button/div'.

11-01-2024T16:23:14 - [MESSAGE][PASSED] - Object: 'Object Repository/Page_Daily_Buyer_CAC_Calender/Page_/div_1' is clicked on

11-01-2024T16:23:14 - [TEST_STEP][PASSED] - click(findTestObject("Object Repository/Page_Daily_Buyer_CAC_Calender/Page_/div_30")): Object: 'Object Repository/Page_Daily_Buyer_CAC_Calender/Page_/div_30' is clicked on

11-01-2024T16:23:45 - [MESSAGE][INFO] - Unable to find the element located by 'By.xpath: //mat-calendar[@id='mat-datepicker-2']/div/mat-month-view/table/tbody/tr[5]/td[7]/button/div'. Please recheck the objects properties to make sure the desired element is located. 

11-01-2024T16:23:45 - [MESSAGE][WARNING] - [SELF-HEALING] Failed to find element with id 'Object Repository/Page_Daily_Buyer_CAC_Calender/Page_/div_30'. Try using Self-healing.

11-01-2024T16:23:45 - [MESSAGE][INFO] - [SELF-HEALING] Failed Locator: '//mat-calendar[@id='mat-datepicker-2']/div/mat-month-view/table/tbody/tr[5]/td[7]/button/div'.

11-01-2024T16:23:45 - [MESSAGE][INFO] - [SELF-HEALING] Working Locator: '//tr[5]/td[7]/button/div'.

11-01-2024T16:23:45 - [MESSAGE][INFO] - [SELF-HEALING] Screenshot: C:/Users/Pavitra I R/Katalon Studio/Admetrics/Reports/Self-healing/Object Repository/Page_Daily_Buyer_CAC_Calender/Page_/div_30_position.png

11-01-2024T16:23:45 - [MESSAGE][WARNING] - [SELF-HEALING] The current locator of test object 'Object Repository/Page_Daily_Buyer_CAC_Calender/Page_/div_30' was broken. Propose an alternative one: '//tr[5]/td[7]/button/div'.

11-01-2024T16:23:45 - [MESSAGE][PASSED] - Object: 'Object Repository/Page_Daily_Buyer_CAC_Calender/Page_/div_30' is clicked on]]></system-out>
         <system-err><![CDATA[]]></system-err>
      </testcase>
      <testcase name="Test Cases/Performance Report/test_daily_buyer_cac_table1" time="5.326" classname="Test Cases/Performance Report/test_daily_buyer_cac_table1" status="PASSED">
         <system-out><![CDATA[11-01-2024T16:23:45 - [TEST_CASE][PASSED] - Test Cases/Performance Report/test_daily_buyer_cac_table1: Test Cases/Performance Report/test_daily_buyer_cac_table1

11-01-2024T16:23:45 - [TEST_STEP][PASSED] - verifyElementText(findTestObject("Object Repository/Page_Daily_Buyer_CAC_Table1/Page_/h2_Buyer CAC"), "Buyer CAC"): Actual text and expected text of test object 'Object Repository/Page_Daily_Buyer_CAC_Table1/Page_/h2_Buyer CAC' are matched.

11-01-2024T16:23:48 - [MESSAGE][PASSED] - Actual text and expected text of test object 'Object Repository/Page_Daily_Buyer_CAC_Table1/Page_/h2_Buyer CAC' are matched.

11-01-2024T16:23:48 - [TEST_STEP][PASSED] - verifyElementPresent(findTestObject("Object Repository/Page_Daily_Buyer_CAC_Table1/Page_/h2_Buyer CAC"), 0): Object 'Object Repository/Page_Daily_Buyer_CAC_Table1/Page_/h2_Buyer CAC' is present

11-01-2024T16:23:48 - [MESSAGE][WARNING] - Timeout '0' is invalid. Using default page load timeout: '30'

11-01-2024T16:23:48 - [MESSAGE][PASSED] - Object 'Object Repository/Page_Daily_Buyer_CAC_Table1/Page_/h2_Buyer CAC' is present

11-01-2024T16:23:48 - [TEST_STEP][PASSED] - verifyElementText(findTestObject("Object Repository/Page_Daily_Buyer_CAC_Table1/Page_/div_Date"), "Date"): Actual text and expected text of test object 'Object Repository/Page_Daily_Buyer_CAC_Table1/Page_/div_Date' are matched.

11-01-2024T16:23:49 - [MESSAGE][PASSED] - Actual text and expected text of test object 'Object Repository/Page_Daily_Buyer_CAC_Table1/Page_/div_Date' are matched.

11-01-2024T16:23:49 - [TEST_STEP][PASSED] - verifyElementPresent(findTestObject("Object Repository/Page_Daily_Buyer_CAC_Table1/Page_/div_Date"), 0): Object 'Object Repository/Page_Daily_Buyer_CAC_Table1/Page_/div_Date' is present

11-01-2024T16:23:49 - [MESSAGE][WARNING] - Timeout '0' is invalid. Using default page load timeout: '30'

11-01-2024T16:23:49 - [MESSAGE][PASSED] - Object 'Object Repository/Page_Daily_Buyer_CAC_Table1/Page_/div_Date' is present

11-01-2024T16:23:49 - [TEST_STEP][PASSED] - verifyElementText(findTestObject("Object Repository/Page_Daily_Buyer_CAC_Table1/Page_/div_Campaign Spend"), "Campaign Spend"): Actual text and expected text of test object 'Object Repository/Page_Daily_Buyer_CAC_Table1/Page_/div_Campaign Spend' are matched.

11-01-2024T16:23:49 - [MESSAGE][PASSED] - Actual text and expected text of test object 'Object Repository/Page_Daily_Buyer_CAC_Table1/Page_/div_Campaign Spend' are matched.

11-01-2024T16:23:49 - [TEST_STEP][PASSED] - verifyElementPresent(findTestObject("Object Repository/Page_Daily_Buyer_CAC_Table1/Page_/div_Campaign Spend"), 0): Object 'Object Repository/Page_Daily_Buyer_CAC_Table1/Page_/div_Campaign Spend' is present

11-01-2024T16:23:49 - [MESSAGE][WARNING] - Timeout '0' is invalid. Using default page load timeout: '30'

11-01-2024T16:23:49 - [MESSAGE][PASSED] - Object 'Object Repository/Page_Daily_Buyer_CAC_Table1/Page_/div_Campaign Spend' is present

11-01-2024T16:23:49 - [TEST_STEP][PASSED] - verifyElementText(findTestObject("Object Repository/Page_Daily_Buyer_CAC_Table1/Page_/div_Approved Projects"), "Approved Projects"): Actual text and expected text of test object 'Object Repository/Page_Daily_Buyer_CAC_Table1/Page_/div_Approved Projects' are matched.

11-01-2024T16:23:50 - [MESSAGE][PASSED] - Actual text and expected text of test object 'Object Repository/Page_Daily_Buyer_CAC_Table1/Page_/div_Approved Projects' are matched.

11-01-2024T16:23:50 - [TEST_STEP][PASSED] - verifyElementPresent(findTestObject("Object Repository/Page_Daily_Buyer_CAC_Table1/Page_/div_Approved Projects"), 0): Object 'Object Repository/Page_Daily_Buyer_CAC_Table1/Page_/div_Approved Projects' is present

11-01-2024T16:23:50 - [MESSAGE][WARNING] - Timeout '0' is invalid. Using default page load timeout: '30'

11-01-2024T16:23:50 - [MESSAGE][PASSED] - Object 'Object Repository/Page_Daily_Buyer_CAC_Table1/Page_/div_Approved Projects' is present

11-01-2024T16:23:50 - [TEST_STEP][PASSED] - verifyElementText(findTestObject("Object Repository/Page_Daily_Buyer_CAC_Table1/Page_/div_Buyer CAC"), "Buyer CAC"): Actual text and expected text of test object 'Object Repository/Page_Daily_Buyer_CAC_Table1/Page_/div_Buyer CAC' are matched.

11-01-2024T16:23:50 - [MESSAGE][PASSED] - Actual text and expected text of test object 'Object Repository/Page_Daily_Buyer_CAC_Table1/Page_/div_Buyer CAC' are matched.

11-01-2024T16:23:50 - [TEST_STEP][PASSED] - verifyElementPresent(findTestObject("Object Repository/Page_Daily_Buyer_CAC_Table1/Page_/div_Buyer CAC"), 0): Object 'Object Repository/Page_Daily_Buyer_CAC_Table1/Page_/div_Buyer CAC' is present

11-01-2024T16:23:50 - [MESSAGE][WARNING] - Timeout '0' is invalid. Using default page load timeout: '30'

11-01-2024T16:23:51 - [MESSAGE][PASSED] - Object 'Object Repository/Page_Daily_Buyer_CAC_Table1/Page_/div_Buyer CAC' is present]]></system-out>
         <system-err><![CDATA[]]></system-err>
      </testcase>
      <testcase name="Test Cases/Performance Report/test_daily_buyer_cac_ascending_decending_table1" time="5.2" classname="Test Cases/Performance Report/test_daily_buyer_cac_ascending_decending_table1" status="PASSED">
         <system-out><![CDATA[11-01-2024T16:23:51 - [TEST_CASE][PASSED] - Test Cases/Performance Report/test_daily_buyer_cac_ascending_decending_table1: Test Cases/Performance Report/test_daily_buyer_cac_ascending_decending_table1

11-01-2024T16:23:51 - [TEST_STEP][PASSED] - verifyElementClickable(findTestObject("Object Repository/Page_Daily_Buyer_CAC_Ascending_Descending_Table1/Page_/div_mat-sort-header-arrow ng-trigger ng-tri_60a63d")): Object 'Object Repository/Page_Daily_Buyer_CAC_Ascending_Descending_Table1/Page_/div_mat-sort-header-arrow ng-trigger ng-tri_60a63d' is clickable

11-01-2024T16:23:51 - [MESSAGE][PASSED] - Object 'Object Repository/Page_Daily_Buyer_CAC_Ascending_Descending_Table1/Page_/div_mat-sort-header-arrow ng-trigger ng-tri_60a63d' is clickable

11-01-2024T16:23:51 - [TEST_STEP][PASSED] - click(findTestObject("Object Repository/Page_Daily_Buyer_CAC_Ascending_Descending_Table1/Page_/div_mat-sort-header-arrow ng-trigger ng-tri_4c39c1")): Object: 'Object Repository/Page_Daily_Buyer_CAC_Ascending_Descending_Table1/Page_/div_mat-sort-header-arrow ng-trigger ng-tri_4c39c1' is clicked on

11-01-2024T16:23:52 - [MESSAGE][PASSED] - Object: 'Object Repository/Page_Daily_Buyer_CAC_Ascending_Descending_Table1/Page_/div_mat-sort-header-arrow ng-trigger ng-tri_4c39c1' is clicked on

11-01-2024T16:23:52 - [TEST_STEP][PASSED] - click(findTestObject("Object Repository/Page_Daily_Buyer_CAC_Ascending_Descending_Table1/Page_/div_mat-sort-header-arrow ng-trigger ng-tri_4c39c1_1")): Object: 'Object Repository/Page_Daily_Buyer_CAC_Ascending_Descending_Table1/Page_/div_mat-sort-header-arrow ng-trigger ng-tri_4c39c1_1' is clicked on

11-01-2024T16:23:52 - [MESSAGE][PASSED] - Object: 'Object Repository/Page_Daily_Buyer_CAC_Ascending_Descending_Table1/Page_/div_mat-sort-header-arrow ng-trigger ng-tri_4c39c1_1' is clicked on

11-01-2024T16:23:52 - [TEST_STEP][PASSED] - verifyElementClickable(findTestObject("Object Repository/Page_Daily_Buyer_CAC_Ascending_Descending_Table1/Page_/div_mat-sort-header-arrow ng-trigger ng-tri_1c7ba8")): Object 'Object Repository/Page_Daily_Buyer_CAC_Ascending_Descending_Table1/Page_/div_mat-sort-header-arrow ng-trigger ng-tri_1c7ba8' is clickable

11-01-2024T16:23:52 - [MESSAGE][PASSED] - Object 'Object Repository/Page_Daily_Buyer_CAC_Ascending_Descending_Table1/Page_/div_mat-sort-header-arrow ng-trigger ng-tri_1c7ba8' is clickable

11-01-2024T16:23:52 - [TEST_STEP][PASSED] - click(findTestObject("Object Repository/Page_Daily_Buyer_CAC_Ascending_Descending_Table1/Page_/div_mat-sort-header-arrow ng-trigger ng-tri_1c7ba8")): Object: 'Object Repository/Page_Daily_Buyer_CAC_Ascending_Descending_Table1/Page_/div_mat-sort-header-arrow ng-trigger ng-tri_1c7ba8' is clicked on

11-01-2024T16:23:53 - [MESSAGE][PASSED] - Object: 'Object Repository/Page_Daily_Buyer_CAC_Ascending_Descending_Table1/Page_/div_mat-sort-header-arrow ng-trigger ng-tri_1c7ba8' is clicked on

11-01-2024T16:23:53 - [TEST_STEP][PASSED] - click(findTestObject("Object Repository/Page_Daily_Buyer_CAC_Ascending_Descending_Table1/Page_/div_mat-sort-header-arrow ng-trigger ng-tri_1c7ba8_1")): Object: 'Object Repository/Page_Daily_Buyer_CAC_Ascending_Descending_Table1/Page_/div_mat-sort-header-arrow ng-trigger ng-tri_1c7ba8_1' is clicked on

11-01-2024T16:23:53 - [MESSAGE][PASSED] - Object: 'Object Repository/Page_Daily_Buyer_CAC_Ascending_Descending_Table1/Page_/div_mat-sort-header-arrow ng-trigger ng-tri_1c7ba8_1' is clicked on

11-01-2024T16:23:53 - [TEST_STEP][PASSED] - verifyElementClickable(findTestObject("Object Repository/Page_Daily_Buyer_CAC_Ascending_Descending_Table1/Page_/div_mat-sort-header-stem ng-tns-c99-36_1")): Object 'Object Repository/Page_Daily_Buyer_CAC_Ascending_Descending_Table1/Page_/div_mat-sort-header-stem ng-tns-c99-36_1' is clickable

11-01-2024T16:23:54 - [MESSAGE][PASSED] - Object 'Object Repository/Page_Daily_Buyer_CAC_Ascending_Descending_Table1/Page_/div_mat-sort-header-stem ng-tns-c99-36_1' is clickable

11-01-2024T16:23:54 - [TEST_STEP][PASSED] - click(findTestObject("Object Repository/Page_Daily_Buyer_CAC_Ascending_Descending_Table1/Page_/div_mat-sort-header-arrow ng-trigger ng-tri_ab1b58")): Object: 'Object Repository/Page_Daily_Buyer_CAC_Ascending_Descending_Table1/Page_/div_mat-sort-header-arrow ng-trigger ng-tri_ab1b58' is clicked on

11-01-2024T16:23:54 - [MESSAGE][PASSED] - Object: 'Object Repository/Page_Daily_Buyer_CAC_Ascending_Descending_Table1/Page_/div_mat-sort-header-arrow ng-trigger ng-tri_ab1b58' is clicked on

11-01-2024T16:23:54 - [TEST_STEP][PASSED] - click(findTestObject("Object Repository/Page_Daily_Buyer_CAC_Ascending_Descending_Table1/Page_/div_mat-sort-header-arrow ng-trigger ng-tri_ab1b58_1")): Object: 'Object Repository/Page_Daily_Buyer_CAC_Ascending_Descending_Table1/Page_/div_mat-sort-header-arrow ng-trigger ng-tri_ab1b58_1' is clicked on

11-01-2024T16:23:55 - [MESSAGE][PASSED] - Object: 'Object Repository/Page_Daily_Buyer_CAC_Ascending_Descending_Table1/Page_/div_mat-sort-header-arrow ng-trigger ng-tri_ab1b58_1' is clicked on

11-01-2024T16:23:55 - [TEST_STEP][PASSED] - verifyElementClickable(findTestObject("Object Repository/Page_Daily_Buyer_CAC_Ascending_Descending_Table1/Page_/div_mat-sort-header-stem ng-tns-c99-37")): Object 'Object Repository/Page_Daily_Buyer_CAC_Ascending_Descending_Table1/Page_/div_mat-sort-header-stem ng-tns-c99-37' is clickable

11-01-2024T16:23:55 - [MESSAGE][PASSED] - Object 'Object Repository/Page_Daily_Buyer_CAC_Ascending_Descending_Table1/Page_/div_mat-sort-header-stem ng-tns-c99-37' is clickable

11-01-2024T16:23:55 - [TEST_STEP][PASSED] - click(findTestObject("Object Repository/Page_Daily_Buyer_CAC_Ascending_Descending_Table1/Page_/div_mat-sort-header-stem ng-tns-c99-37")): Object: 'Object Repository/Page_Daily_Buyer_CAC_Ascending_Descending_Table1/Page_/div_mat-sort-header-stem ng-tns-c99-37' is clicked on

11-01-2024T16:23:55 - [MESSAGE][PASSED] - Object: 'Object Repository/Page_Daily_Buyer_CAC_Ascending_Descending_Table1/Page_/div_mat-sort-header-stem ng-tns-c99-37' is clicked on

11-01-2024T16:23:55 - [TEST_STEP][PASSED] - click(findTestObject("Object Repository/Page_Daily_Buyer_CAC_Ascending_Descending_Table1/Page_/div_mat-sort-header-stem ng-tns-c99-37_1")): Object: 'Object Repository/Page_Daily_Buyer_CAC_Ascending_Descending_Table1/Page_/div_mat-sort-header-stem ng-tns-c99-37_1' is clicked on

11-01-2024T16:23:56 - [MESSAGE][PASSED] - Object: 'Object Repository/Page_Daily_Buyer_CAC_Ascending_Descending_Table1/Page_/div_mat-sort-header-stem ng-tns-c99-37_1' is clicked on]]></system-out>
         <system-err><![CDATA[]]></system-err>
      </testcase>
      <testcase name="Test Cases/Performance Report/test_daily_buyer_cac_items_dropdown_table1" time="254.085" classname="Test Cases/Performance Report/test_daily_buyer_cac_items_dropdown_table1" status="PASSED">
         <system-out><![CDATA[11-01-2024T16:23:56 - [TEST_CASE][PASSED] - Test Cases/Performance Report/test_daily_buyer_cac_items_dropdown_table1: Test Cases/Performance Report/test_daily_buyer_cac_items_dropdown_table1

11-01-2024T16:23:56 - [TEST_STEP][PASSED] - callTestCase(findTestCase("Reusable_Functions/Items_per_page"), [:], CONTINUE_ON_FAILURE): Call Test Case 'Test Cases/Reusable_Functions/Items_per_page' successfully

11-01-2024T16:23:56 - [TEST_CASE][PASSED] - Test Cases/Reusable_Functions/Items_per_page: Test Cases/Reusable_Functions/Items_per_page

11-01-2024T16:23:56 - [TEST_STEP][PASSED] - verifyElementText(findTestObject("Object Repository/Page_Items_Per_Page/Page_/div_Items per page"), "Items per page:"): Actual text and expected text of test object 'Object Repository/Page_Items_Per_Page/Page_/div_Items per page' are matched.

11-01-2024T16:24:27 - [MESSAGE][INFO] - Unable to find the element located by 'By.xpath: //div[@id='table1']/app-mtd-spend-column-chart/div/app-sb-bar-chart/div/mat-paginator/div/div/div/div'. Please recheck the objects properties to make sure the desired element is located. 

11-01-2024T16:24:27 - [MESSAGE][WARNING] - [SELF-HEALING] Failed to find element with id 'Object Repository/Page_Items_Per_Page/Page_/div_Items per page'. Try using Self-healing.

11-01-2024T16:24:28 - [MESSAGE][WARNING] - [SELF-HEALING] The current locator of test object 'Object Repository/Page_Items_Per_Page/Page_/div_Items per page' was broken. Propose an alternative one: '//mat-paginator/div/div/div/div'.

11-01-2024T16:24:28 - [MESSAGE][PASSED] - Actual text and expected text of test object 'Object Repository/Page_Items_Per_Page/Page_/div_Items per page' are matched.

11-01-2024T16:24:28 - [TEST_STEP][PASSED] - verifyElementClickable(findTestObject("Object Repository/Page_Items_Per_Page/Page_/div_mat-select-arrow-wrapper ng-tns-c110-14")): Object 'Object Repository/Page_Items_Per_Page/Page_/div_mat-select-arrow-wrapper ng-tns-c110-14' is clickable

11-01-2024T16:24:59 - [MESSAGE][INFO] - Unable to find the element located by 'By.xpath: //mat-select[@id='mat-select-4']/div/div[2]'. Please recheck the objects properties to make sure the desired element is located. 

11-01-2024T16:24:59 - [MESSAGE][WARNING] - [SELF-HEALING] Failed to find element with id 'Object Repository/Page_Items_Per_Page/Page_/div_mat-select-arrow-wrapper ng-tns-c110-14'. Try using Self-healing.

11-01-2024T16:24:59 - [MESSAGE][WARNING] - [SELF-HEALING] The current locator of test object 'Object Repository/Page_Items_Per_Page/Page_/div_mat-select-arrow-wrapper ng-tns-c110-14' was broken. Propose an alternative one: '//mat-select/div/div[2]'.

11-01-2024T16:24:59 - [MESSAGE][PASSED] - Object 'Object Repository/Page_Items_Per_Page/Page_/div_mat-select-arrow-wrapper ng-tns-c110-14' is clickable

11-01-2024T16:24:59 - [TEST_STEP][PASSED] - click(findTestObject("Object Repository/Page_Items_Per_Page/Page_/div_mat-select-arrow-wrapper ng-tns-c110-14")): Object: 'Object Repository/Page_Items_Per_Page/Page_/div_mat-select-arrow-wrapper ng-tns-c110-14' is clicked on

11-01-2024T16:25:30 - [MESSAGE][INFO] - Unable to find the element located by 'By.xpath: //mat-select[@id='mat-select-4']/div/div[2]'. Please recheck the objects properties to make sure the desired element is located. 

11-01-2024T16:25:30 - [MESSAGE][WARNING] - [SELF-HEALING] Failed to find element with id 'Object Repository/Page_Items_Per_Page/Page_/div_mat-select-arrow-wrapper ng-tns-c110-14'. Try using Self-healing.

11-01-2024T16:25:31 - [MESSAGE][WARNING] - [SELF-HEALING] The current locator of test object 'Object Repository/Page_Items_Per_Page/Page_/div_mat-select-arrow-wrapper ng-tns-c110-14' was broken. Propose an alternative one: '//mat-select/div/div[2]'.

11-01-2024T16:25:31 - [MESSAGE][PASSED] - Object: 'Object Repository/Page_Items_Per_Page/Page_/div_mat-select-arrow-wrapper ng-tns-c110-14' is clicked on

11-01-2024T16:25:31 - [TEST_STEP][PASSED] - click(findTestObject("Object Repository/Page_Items_Per_Page/Page_/span_20")): Object: 'Object Repository/Page_Items_Per_Page/Page_/span_20' is clicked on

11-01-2024T16:26:02 - [MESSAGE][INFO] - Unable to find the element located by 'By.xpath: //mat-option[@id='mat-option-10']/span'. Please recheck the objects properties to make sure the desired element is located. 

11-01-2024T16:26:02 - [MESSAGE][WARNING] - [SELF-HEALING] Failed to find element with id 'Object Repository/Page_Items_Per_Page/Page_/span_20'. Try using Self-healing.

11-01-2024T16:26:02 - [MESSAGE][WARNING] - [SELF-HEALING] The current locator of test object 'Object Repository/Page_Items_Per_Page/Page_/span_20' was broken. Propose an alternative one: '//mat-option[3]/span'.

11-01-2024T16:26:02 - [MESSAGE][PASSED] - Object: 'Object Repository/Page_Items_Per_Page/Page_/span_20' is clicked on

11-01-2024T16:26:02 - [TEST_STEP][PASSED] - click(findTestObject("Object Repository/Page_Items_Per_Page/Page_/div_mat-select-arrow ng-tns-c110-14")): Object: 'Object Repository/Page_Items_Per_Page/Page_/div_mat-select-arrow ng-tns-c110-14' is clicked on

11-01-2024T16:26:33 - [MESSAGE][INFO] - Unable to find the element located by 'By.xpath: //mat-select[@id='mat-select-4']/div/div[2]/div'. Please recheck the objects properties to make sure the desired element is located. 

11-01-2024T16:26:33 - [MESSAGE][WARNING] - [SELF-HEALING] Failed to find element with id 'Object Repository/Page_Items_Per_Page/Page_/div_mat-select-arrow ng-tns-c110-14'. Try using Self-healing.

11-01-2024T16:26:34 - [MESSAGE][WARNING] - [SELF-HEALING] The current locator of test object 'Object Repository/Page_Items_Per_Page/Page_/div_mat-select-arrow ng-tns-c110-14' was broken. Propose an alternative one: '//mat-select/div/div[2]/div'.

11-01-2024T16:26:34 - [MESSAGE][PASSED] - Object: 'Object Repository/Page_Items_Per_Page/Page_/div_mat-select-arrow ng-tns-c110-14' is clicked on

11-01-2024T16:26:34 - [TEST_STEP][PASSED] - click(findTestObject("Object Repository/Page_Items_Per_Page/Page_/span_10")): Object: 'Object Repository/Page_Items_Per_Page/Page_/span_10' is clicked on

11-01-2024T16:27:05 - [MESSAGE][INFO] - Unable to find the element located by 'By.xpath: //mat-option[@id='mat-option-9']/span'. Please recheck the objects properties to make sure the desired element is located. 

11-01-2024T16:27:05 - [MESSAGE][WARNING] - [SELF-HEALING] Failed to find element with id 'Object Repository/Page_Items_Per_Page/Page_/span_10'. Try using Self-healing.

11-01-2024T16:27:05 - [MESSAGE][WARNING] - [SELF-HEALING] The current locator of test object 'Object Repository/Page_Items_Per_Page/Page_/span_10' was broken. Propose an alternative one: '//mat-option[2]/span'.

11-01-2024T16:27:05 - [MESSAGE][PASSED] - Object: 'Object Repository/Page_Items_Per_Page/Page_/span_10' is clicked on

11-01-2024T16:27:05 - [TEST_STEP][PASSED] - click(findTestObject("Object Repository/Page_Items_Per_Page/Page_/div_mat-select-arrow-wrapper ng-tns-c110-14")): Object: 'Object Repository/Page_Items_Per_Page/Page_/div_mat-select-arrow-wrapper ng-tns-c110-14' is clicked on

11-01-2024T16:27:36 - [MESSAGE][INFO] - Unable to find the element located by 'By.xpath: //mat-select[@id='mat-select-4']/div/div[2]'. Please recheck the objects properties to make sure the desired element is located. 

11-01-2024T16:27:36 - [MESSAGE][WARNING] - [SELF-HEALING] Failed to find element with id 'Object Repository/Page_Items_Per_Page/Page_/div_mat-select-arrow-wrapper ng-tns-c110-14'. Try using Self-healing.

11-01-2024T16:27:37 - [MESSAGE][WARNING] - [SELF-HEALING] The current locator of test object 'Object Repository/Page_Items_Per_Page/Page_/div_mat-select-arrow-wrapper ng-tns-c110-14' was broken. Propose an alternative one: '//mat-select/div/div[2]'.

11-01-2024T16:27:37 - [MESSAGE][PASSED] - Object: 'Object Repository/Page_Items_Per_Page/Page_/div_mat-select-arrow-wrapper ng-tns-c110-14' is clicked on

11-01-2024T16:27:37 - [TEST_STEP][PASSED] - click(findTestObject("Object Repository/Page_Items_Per_Page/Page_/span_5")): Object: 'Object Repository/Page_Items_Per_Page/Page_/span_5' is clicked on

11-01-2024T16:28:08 - [MESSAGE][INFO] - Unable to find the element located by 'By.xpath: //mat-option[@id='mat-option-8']/span'. Please recheck the objects properties to make sure the desired element is located. 

11-01-2024T16:28:08 - [MESSAGE][WARNING] - [SELF-HEALING] Failed to find element with id 'Object Repository/Page_Items_Per_Page/Page_/span_5'. Try using Self-healing.

11-01-2024T16:28:08 - [MESSAGE][WARNING] - [SELF-HEALING] The current locator of test object 'Object Repository/Page_Items_Per_Page/Page_/span_5' was broken. Propose an alternative one: '//mat-option/span'.

11-01-2024T16:28:08 - [MESSAGE][PASSED] - Object: 'Object Repository/Page_Items_Per_Page/Page_/span_5' is clicked on

11-01-2024T16:28:08 - [TEST_STEP][PASSED] - delay(2): Delayed 2 second(s)

11-01-2024T16:28:10 - [MESSAGE][PASSED] - Delayed 2 second(s)

11-01-2024T16:28:10 - [MESSAGE][INFO] - 

11-01-2024T16:28:10 - [MESSAGE][INFO] - ===================== Self-healing Report ====================

11-01-2024T16:28:10 - [MESSAGE][INFO] - One of the failed test object locators has been recovered by Self-healing. Please refer to the Self-healing Insights tab for more details.

11-01-2024T16:28:10 - [MESSAGE][INFO] - To learn more about Self-healing, please read https://docs.katalon.com/katalon-studio/docs/self-healing.html

11-01-2024T16:28:10 - [MESSAGE][INFO] - ==============================================================

11-01-2024T16:28:10 - [MESSAGE][PASSED] - Call Test Case 'Test Cases/Reusable_Functions/Items_per_page' successfully]]></system-out>
         <system-err><![CDATA[]]></system-err>
      </testcase>
      <testcase name="Test Cases/Performance Report/test_daily_buyer_cac_table2" time="3.799" classname="Test Cases/Performance Report/test_daily_buyer_cac_table2" status="PASSED">
         <system-out><![CDATA[11-01-2024T16:28:10 - [TEST_CASE][PASSED] - Test Cases/Performance Report/test_daily_buyer_cac_table2: Test Cases/Performance Report/test_daily_buyer_cac_table2

11-01-2024T16:28:10 - [TEST_STEP][PASSED] - verifyElementText(findTestObject("Object Repository/Page_Daily_Buyer_CAC_Table2/Page_/h2_Project By Channel Source"), "Project By Channel Source"): Actual text and expected text of test object 'Object Repository/Page_Daily_Buyer_CAC_Table2/Page_/h2_Project By Channel Source' are matched.

11-01-2024T16:28:10 - [MESSAGE][PASSED] - Actual text and expected text of test object 'Object Repository/Page_Daily_Buyer_CAC_Table2/Page_/h2_Project By Channel Source' are matched.

11-01-2024T16:28:10 - [TEST_STEP][PASSED] - verifyElementPresent(findTestObject("Object Repository/Page_Daily_Buyer_CAC_Table2/Page_/h2_Project By Channel Source"), 0): Object 'Object Repository/Page_Daily_Buyer_CAC_Table2/Page_/h2_Project By Channel Source' is present

11-01-2024T16:28:10 - [MESSAGE][WARNING] - Timeout '0' is invalid. Using default page load timeout: '30'

11-01-2024T16:28:11 - [MESSAGE][PASSED] - Object 'Object Repository/Page_Daily_Buyer_CAC_Table2/Page_/h2_Project By Channel Source' is present

11-01-2024T16:28:11 - [TEST_STEP][PASSED] - verifyElementText(findTestObject("Object Repository/Page_Daily_Buyer_CAC_Table2/Page_/div_Date"), "Date"): Actual text and expected text of test object 'Object Repository/Page_Daily_Buyer_CAC_Table2/Page_/div_Date' are matched.

11-01-2024T16:28:11 - [MESSAGE][PASSED] - Actual text and expected text of test object 'Object Repository/Page_Daily_Buyer_CAC_Table2/Page_/div_Date' are matched.

11-01-2024T16:28:11 - [TEST_STEP][PASSED] - verifyElementPresent(findTestObject("Object Repository/Page_Daily_Buyer_CAC_Table2/Page_/div_Date"), 0): Object 'Object Repository/Page_Daily_Buyer_CAC_Table2/Page_/div_Date' is present

11-01-2024T16:28:11 - [MESSAGE][WARNING] - Timeout '0' is invalid. Using default page load timeout: '30'

11-01-2024T16:28:11 - [MESSAGE][PASSED] - Object 'Object Repository/Page_Daily_Buyer_CAC_Table2/Page_/div_Date' is present

11-01-2024T16:28:11 - [TEST_STEP][PASSED] - verifyElementText(findTestObject("Object Repository/Page_Daily_Buyer_CAC_Table2/Page_/div_Day"), "Day"): Actual text and expected text of test object 'Object Repository/Page_Daily_Buyer_CAC_Table2/Page_/div_Day' are matched.

11-01-2024T16:28:12 - [MESSAGE][PASSED] - Actual text and expected text of test object 'Object Repository/Page_Daily_Buyer_CAC_Table2/Page_/div_Day' are matched.

11-01-2024T16:28:12 - [TEST_STEP][PASSED] - verifyElementPresent(findTestObject("Object Repository/Page_Daily_Buyer_CAC_Table2/Page_/div_Day"), 0): Object 'Object Repository/Page_Daily_Buyer_CAC_Table2/Page_/div_Day' is present

11-01-2024T16:28:12 - [MESSAGE][WARNING] - Timeout '0' is invalid. Using default page load timeout: '30'

11-01-2024T16:28:12 - [MESSAGE][PASSED] - Object 'Object Repository/Page_Daily_Buyer_CAC_Table2/Page_/div_Day' is present

11-01-2024T16:28:12 - [TEST_STEP][PASSED] - verifyElementText(findTestObject("Object Repository/Page_Daily_Buyer_CAC_Table2/Page_/div_GoogleCPC"), "Google/CPC"): Actual text and expected text of test object 'Object Repository/Page_Daily_Buyer_CAC_Table2/Page_/div_GoogleCPC' are matched.

11-01-2024T16:28:12 - [MESSAGE][PASSED] - Actual text and expected text of test object 'Object Repository/Page_Daily_Buyer_CAC_Table2/Page_/div_GoogleCPC' are matched.

11-01-2024T16:28:12 - [TEST_STEP][PASSED] - verifyElementPresent(findTestObject("Object Repository/Page_Daily_Buyer_CAC_Table2/Page_/th_GoogleCPC"), 0): Object 'Object Repository/Page_Daily_Buyer_CAC_Table2/Page_/th_GoogleCPC' is present

11-01-2024T16:28:12 - [MESSAGE][WARNING] - Timeout '0' is invalid. Using default page load timeout: '30'

11-01-2024T16:28:13 - [MESSAGE][PASSED] - Object 'Object Repository/Page_Daily_Buyer_CAC_Table2/Page_/th_GoogleCPC' is present

11-01-2024T16:28:13 - [TEST_STEP][PASSED] - verifyElementText(findTestObject("Object Repository/Page_Daily_Buyer_CAC_Table2/Page_/div_Others"), "Others"): Actual text and expected text of test object 'Object Repository/Page_Daily_Buyer_CAC_Table2/Page_/div_Others' are matched.

11-01-2024T16:28:13 - [MESSAGE][PASSED] - Actual text and expected text of test object 'Object Repository/Page_Daily_Buyer_CAC_Table2/Page_/div_Others' are matched.

11-01-2024T16:28:13 - [TEST_STEP][PASSED] - verifyElementPresent(findTestObject("Object Repository/Page_Daily_Buyer_CAC_Table2/Page_/div_Others"), 0): Object 'Object Repository/Page_Daily_Buyer_CAC_Table2/Page_/div_Others' is present

11-01-2024T16:28:13 - [MESSAGE][WARNING] - Timeout '0' is invalid. Using default page load timeout: '30'

11-01-2024T16:28:13 - [MESSAGE][PASSED] - Object 'Object Repository/Page_Daily_Buyer_CAC_Table2/Page_/div_Others' is present

11-01-2024T16:28:13 - [TEST_STEP][PASSED] - verifyElementText(findTestObject("Object Repository/Page_Daily_Buyer_CAC_Table2/Page_/div_Grand Total"), "Grand Total"): Actual text and expected text of test object 'Object Repository/Page_Daily_Buyer_CAC_Table2/Page_/div_Grand Total' are matched.

11-01-2024T16:28:14 - [MESSAGE][PASSED] - Actual text and expected text of test object 'Object Repository/Page_Daily_Buyer_CAC_Table2/Page_/div_Grand Total' are matched.

11-01-2024T16:28:14 - [TEST_STEP][PASSED] - verifyElementPresent(findTestObject("Object Repository/Page_Daily_Buyer_CAC_Table2/Page_/div_Grand Total"), 0): Object 'Object Repository/Page_Daily_Buyer_CAC_Table2/Page_/div_Grand Total' is present

11-01-2024T16:28:14 - [MESSAGE][WARNING] - Timeout '0' is invalid. Using default page load timeout: '30'

11-01-2024T16:28:14 - [MESSAGE][PASSED] - Object 'Object Repository/Page_Daily_Buyer_CAC_Table2/Page_/div_Grand Total' is present]]></system-out>
         <system-err><![CDATA[]]></system-err>
      </testcase>
      <testcase name="Test Cases/Performance Report/test_daily_buyer_ascending_decending_table2" time="5.364" classname="Test Cases/Performance Report/test_daily_buyer_ascending_decending_table2" status="PASSED">
         <system-out><![CDATA[11-01-2024T16:28:14 - [TEST_CASE][PASSED] - Test Cases/Performance Report/test_daily_buyer_ascending_decending_table2: Test Cases/Performance Report/test_daily_buyer_ascending_decending_table2

11-01-2024T16:28:14 - [TEST_STEP][PASSED] - verifyElementClickable(findTestObject("Object Repository/Page_Daily_Buyer_Ascending_Decending_Table2/Page_/div_mat-sort-header-arrow ng-trigger ng-tri_c508c6")): Object 'Object Repository/Page_Daily_Buyer_Ascending_Decending_Table2/Page_/div_mat-sort-header-arrow ng-trigger ng-tri_c508c6' is clickable

11-01-2024T16:28:14 - [MESSAGE][PASSED] - Object 'Object Repository/Page_Daily_Buyer_Ascending_Decending_Table2/Page_/div_mat-sort-header-arrow ng-trigger ng-tri_c508c6' is clickable

11-01-2024T16:28:14 - [TEST_STEP][PASSED] - click(findTestObject("Object Repository/Page_Daily_Buyer_Ascending_Decending_Table2/Page_/div_mat-sort-header-stem ng-tns-c99-26")): Object: 'Object Repository/Page_Daily_Buyer_Ascending_Decending_Table2/Page_/div_mat-sort-header-stem ng-tns-c99-26' is clicked on

11-01-2024T16:28:15 - [MESSAGE][PASSED] - Object: 'Object Repository/Page_Daily_Buyer_Ascending_Decending_Table2/Page_/div_mat-sort-header-stem ng-tns-c99-26' is clicked on

11-01-2024T16:28:15 - [TEST_STEP][PASSED] - click(findTestObject("Object Repository/Page_Daily_Buyer_Ascending_Decending_Table2/Page_/div_mat-sort-header-stem ng-tns-c99-26_1")): Object: 'Object Repository/Page_Daily_Buyer_Ascending_Decending_Table2/Page_/div_mat-sort-header-stem ng-tns-c99-26_1' is clicked on

11-01-2024T16:28:15 - [MESSAGE][PASSED] - Object: 'Object Repository/Page_Daily_Buyer_Ascending_Decending_Table2/Page_/div_mat-sort-header-stem ng-tns-c99-26_1' is clicked on

11-01-2024T16:28:15 - [TEST_STEP][PASSED] - verifyElementClickable(findTestObject("Object Repository/Page_Daily_Buyer_Ascending_Decending_Table2/Page_/div_mat-sort-header-arrow ng-trigger ng-tri_8a7df0")): Object 'Object Repository/Page_Daily_Buyer_Ascending_Decending_Table2/Page_/div_mat-sort-header-arrow ng-trigger ng-tri_8a7df0' is clickable

11-01-2024T16:28:15 - [MESSAGE][PASSED] - Object 'Object Repository/Page_Daily_Buyer_Ascending_Decending_Table2/Page_/div_mat-sort-header-arrow ng-trigger ng-tri_8a7df0' is clickable

11-01-2024T16:28:15 - [TEST_STEP][PASSED] - click(findTestObject("Object Repository/Page_Daily_Buyer_Ascending_Decending_Table2/Page_/div_mat-sort-header-stem ng-tns-c99-27")): Object: 'Object Repository/Page_Daily_Buyer_Ascending_Decending_Table2/Page_/div_mat-sort-header-stem ng-tns-c99-27' is clicked on

11-01-2024T16:28:16 - [MESSAGE][PASSED] - Object: 'Object Repository/Page_Daily_Buyer_Ascending_Decending_Table2/Page_/div_mat-sort-header-stem ng-tns-c99-27' is clicked on

11-01-2024T16:28:16 - [TEST_STEP][PASSED] - click(findTestObject("Object Repository/Page_Daily_Buyer_Ascending_Decending_Table2/Page_/div_mat-sort-header-arrow ng-trigger ng-tri_1b4cce_1")): Object: 'Object Repository/Page_Daily_Buyer_Ascending_Decending_Table2/Page_/div_mat-sort-header-arrow ng-trigger ng-tri_1b4cce_1' is clicked on

11-01-2024T16:28:16 - [MESSAGE][PASSED] - Object: 'Object Repository/Page_Daily_Buyer_Ascending_Decending_Table2/Page_/div_mat-sort-header-arrow ng-trigger ng-tri_1b4cce_1' is clicked on

11-01-2024T16:28:16 - [TEST_STEP][PASSED] - verifyElementClickable(findTestObject("Object Repository/Page_Daily_Buyer_Ascending_Decending_Table2/Page_/div_mat-sort-header-arrow ng-trigger ng-tri_51eee6")): Object 'Object Repository/Page_Daily_Buyer_Ascending_Decending_Table2/Page_/div_mat-sort-header-arrow ng-trigger ng-tri_51eee6' is clickable

11-01-2024T16:28:16 - [MESSAGE][PASSED] - Object 'Object Repository/Page_Daily_Buyer_Ascending_Decending_Table2/Page_/div_mat-sort-header-arrow ng-trigger ng-tri_51eee6' is clickable

11-01-2024T16:28:16 - [TEST_STEP][PASSED] - click(findTestObject("Object Repository/Page_Daily_Buyer_Ascending_Decending_Table2/Page_/div_mat-sort-header-arrow ng-trigger ng-tri_51eee6")): Object: 'Object Repository/Page_Daily_Buyer_Ascending_Decending_Table2/Page_/div_mat-sort-header-arrow ng-trigger ng-tri_51eee6' is clicked on

11-01-2024T16:28:17 - [MESSAGE][PASSED] - Object: 'Object Repository/Page_Daily_Buyer_Ascending_Decending_Table2/Page_/div_mat-sort-header-arrow ng-trigger ng-tri_51eee6' is clicked on

11-01-2024T16:28:17 - [TEST_STEP][PASSED] - click(findTestObject("Object Repository/Page_Daily_Buyer_Ascending_Decending_Table2/Page_/div_mat-sort-header-arrow ng-trigger ng-tri_51eee6_1")): Object: 'Object Repository/Page_Daily_Buyer_Ascending_Decending_Table2/Page_/div_mat-sort-header-arrow ng-trigger ng-tri_51eee6_1' is clicked on

11-01-2024T16:28:17 - [MESSAGE][PASSED] - Object: 'Object Repository/Page_Daily_Buyer_Ascending_Decending_Table2/Page_/div_mat-sort-header-arrow ng-trigger ng-tri_51eee6_1' is clicked on

11-01-2024T16:28:17 - [TEST_STEP][PASSED] - verifyElementClickable(findTestObject("Object Repository/Page_Daily_Buyer_Ascending_Decending_Table2/Page_/div_mat-sort-header-stem ng-tns-c99-29_1")): Object 'Object Repository/Page_Daily_Buyer_Ascending_Decending_Table2/Page_/div_mat-sort-header-stem ng-tns-c99-29_1' is clickable

11-01-2024T16:28:17 - [MESSAGE][PASSED] - Object 'Object Repository/Page_Daily_Buyer_Ascending_Decending_Table2/Page_/div_mat-sort-header-stem ng-tns-c99-29_1' is clickable

11-01-2024T16:28:17 - [TEST_STEP][PASSED] - click(findTestObject("Object Repository/Page_Daily_Buyer_Ascending_Decending_Table2/Page_/div_mat-sort-header-stem ng-tns-c99-29")): Object: 'Object Repository/Page_Daily_Buyer_Ascending_Decending_Table2/Page_/div_mat-sort-header-stem ng-tns-c99-29' is clicked on

11-01-2024T16:28:18 - [MESSAGE][PASSED] - Object: 'Object Repository/Page_Daily_Buyer_Ascending_Decending_Table2/Page_/div_mat-sort-header-stem ng-tns-c99-29' is clicked on

11-01-2024T16:28:18 - [TEST_STEP][PASSED] - click(findTestObject("Object Repository/Page_Daily_Buyer_Ascending_Decending_Table2/Page_/div_mat-sort-header-stem ng-tns-c99-29_1_2")): Object: 'Object Repository/Page_Daily_Buyer_Ascending_Decending_Table2/Page_/div_mat-sort-header-stem ng-tns-c99-29_1_2' is clicked on

11-01-2024T16:28:18 - [MESSAGE][PASSED] - Object: 'Object Repository/Page_Daily_Buyer_Ascending_Decending_Table2/Page_/div_mat-sort-header-stem ng-tns-c99-29_1_2' is clicked on

11-01-2024T16:28:18 - [TEST_STEP][PASSED] - verifyElementClickable(findTestObject("Object Repository/Page_Daily_Buyer_Ascending_Decending_Table2/Page_/div_mat-sort-header-stem ng-tns-c99-30_1")): Object 'Object Repository/Page_Daily_Buyer_Ascending_Decending_Table2/Page_/div_mat-sort-header-stem ng-tns-c99-30_1' is clickable

11-01-2024T16:28:18 - [MESSAGE][PASSED] - Object 'Object Repository/Page_Daily_Buyer_Ascending_Decending_Table2/Page_/div_mat-sort-header-stem ng-tns-c99-30_1' is clickable

11-01-2024T16:28:18 - [TEST_STEP][PASSED] - click(findTestObject("Object Repository/Page_Daily_Buyer_Ascending_Decending_Table2/Page_/div_mat-sort-header-arrow ng-trigger ng-tri_659679")): Object: 'Object Repository/Page_Daily_Buyer_Ascending_Decending_Table2/Page_/div_mat-sort-header-arrow ng-trigger ng-tri_659679' is clicked on

11-01-2024T16:28:19 - [MESSAGE][PASSED] - Object: 'Object Repository/Page_Daily_Buyer_Ascending_Decending_Table2/Page_/div_mat-sort-header-arrow ng-trigger ng-tri_659679' is clicked on

11-01-2024T16:28:19 - [TEST_STEP][PASSED] - click(findTestObject("Object Repository/Page_Daily_Buyer_Ascending_Decending_Table2/Page_/div_mat-sort-header-arrow ng-trigger ng-tri_659679_1")): Object: 'Object Repository/Page_Daily_Buyer_Ascending_Decending_Table2/Page_/div_mat-sort-header-arrow ng-trigger ng-tri_659679_1' is clicked on

11-01-2024T16:28:19 - [MESSAGE][PASSED] - Object: 'Object Repository/Page_Daily_Buyer_Ascending_Decending_Table2/Page_/div_mat-sort-header-arrow ng-trigger ng-tri_659679_1' is clicked on]]></system-out>
         <system-err><![CDATA[]]></system-err>
      </testcase>
      <testcase name="Test Cases/Performance Report/test_daily_buyer_items_dropdown_table2" time="254.253" classname="Test Cases/Performance Report/test_daily_buyer_items_dropdown_table2" status="PASSED">
         <system-out><![CDATA[11-01-2024T16:28:19 - [TEST_CASE][PASSED] - Test Cases/Performance Report/test_daily_buyer_items_dropdown_table2: Test Cases/Performance Report/test_daily_buyer_items_dropdown_table2

11-01-2024T16:28:19 - [TEST_STEP][PASSED] - callTestCase(findTestCase("Reusable_Functions/Items_per_page"), [:], CONTINUE_ON_FAILURE): Call Test Case 'Test Cases/Reusable_Functions/Items_per_page' successfully

11-01-2024T16:28:19 - [TEST_CASE][PASSED] - Test Cases/Reusable_Functions/Items_per_page: Test Cases/Reusable_Functions/Items_per_page

11-01-2024T16:28:19 - [TEST_STEP][PASSED] - verifyElementText(findTestObject("Object Repository/Page_Items_Per_Page/Page_/div_Items per page"), "Items per page:"): Actual text and expected text of test object 'Object Repository/Page_Items_Per_Page/Page_/div_Items per page' are matched.

11-01-2024T16:28:51 - [MESSAGE][INFO] - Unable to find the element located by 'By.xpath: //div[@id='table1']/app-mtd-spend-column-chart/div/app-sb-bar-chart/div/mat-paginator/div/div/div/div'. Please recheck the objects properties to make sure the desired element is located. 

11-01-2024T16:28:51 - [MESSAGE][WARNING] - [SELF-HEALING] Failed to find element with id 'Object Repository/Page_Items_Per_Page/Page_/div_Items per page'. Try using Self-healing.

11-01-2024T16:28:51 - [MESSAGE][WARNING] - [SELF-HEALING] The current locator of test object 'Object Repository/Page_Items_Per_Page/Page_/div_Items per page' was broken. Propose an alternative one: '//mat-paginator/div/div/div/div'.

11-01-2024T16:28:51 - [MESSAGE][PASSED] - Actual text and expected text of test object 'Object Repository/Page_Items_Per_Page/Page_/div_Items per page' are matched.

11-01-2024T16:28:51 - [TEST_STEP][PASSED] - verifyElementClickable(findTestObject("Object Repository/Page_Items_Per_Page/Page_/div_mat-select-arrow-wrapper ng-tns-c110-14")): Object 'Object Repository/Page_Items_Per_Page/Page_/div_mat-select-arrow-wrapper ng-tns-c110-14' is clickable

11-01-2024T16:29:22 - [MESSAGE][INFO] - Unable to find the element located by 'By.xpath: //mat-select[@id='mat-select-4']/div/div[2]'. Please recheck the objects properties to make sure the desired element is located. 

11-01-2024T16:29:22 - [MESSAGE][WARNING] - [SELF-HEALING] Failed to find element with id 'Object Repository/Page_Items_Per_Page/Page_/div_mat-select-arrow-wrapper ng-tns-c110-14'. Try using Self-healing.

11-01-2024T16:29:22 - [MESSAGE][WARNING] - [SELF-HEALING] The current locator of test object 'Object Repository/Page_Items_Per_Page/Page_/div_mat-select-arrow-wrapper ng-tns-c110-14' was broken. Propose an alternative one: '//mat-select/div/div[2]'.

11-01-2024T16:29:22 - [MESSAGE][PASSED] - Object 'Object Repository/Page_Items_Per_Page/Page_/div_mat-select-arrow-wrapper ng-tns-c110-14' is clickable

11-01-2024T16:29:22 - [TEST_STEP][PASSED] - click(findTestObject("Object Repository/Page_Items_Per_Page/Page_/div_mat-select-arrow-wrapper ng-tns-c110-14")): Object: 'Object Repository/Page_Items_Per_Page/Page_/div_mat-select-arrow-wrapper ng-tns-c110-14' is clicked on

11-01-2024T16:29:53 - [MESSAGE][INFO] - Unable to find the element located by 'By.xpath: //mat-select[@id='mat-select-4']/div/div[2]'. Please recheck the objects properties to make sure the desired element is located. 

11-01-2024T16:29:53 - [MESSAGE][WARNING] - [SELF-HEALING] Failed to find element with id 'Object Repository/Page_Items_Per_Page/Page_/div_mat-select-arrow-wrapper ng-tns-c110-14'. Try using Self-healing.

11-01-2024T16:29:54 - [MESSAGE][WARNING] - [SELF-HEALING] The current locator of test object 'Object Repository/Page_Items_Per_Page/Page_/div_mat-select-arrow-wrapper ng-tns-c110-14' was broken. Propose an alternative one: '//mat-select/div/div[2]'.

11-01-2024T16:29:54 - [MESSAGE][PASSED] - Object: 'Object Repository/Page_Items_Per_Page/Page_/div_mat-select-arrow-wrapper ng-tns-c110-14' is clicked on

11-01-2024T16:29:54 - [TEST_STEP][PASSED] - click(findTestObject("Object Repository/Page_Items_Per_Page/Page_/span_20")): Object: 'Object Repository/Page_Items_Per_Page/Page_/span_20' is clicked on

11-01-2024T16:30:25 - [MESSAGE][INFO] - Unable to find the element located by 'By.xpath: //mat-option[@id='mat-option-10']/span'. Please recheck the objects properties to make sure the desired element is located. 

11-01-2024T16:30:25 - [MESSAGE][WARNING] - [SELF-HEALING] Failed to find element with id 'Object Repository/Page_Items_Per_Page/Page_/span_20'. Try using Self-healing.

11-01-2024T16:30:25 - [MESSAGE][WARNING] - [SELF-HEALING] The current locator of test object 'Object Repository/Page_Items_Per_Page/Page_/span_20' was broken. Propose an alternative one: '//mat-option[3]/span'.

11-01-2024T16:30:25 - [MESSAGE][PASSED] - Object: 'Object Repository/Page_Items_Per_Page/Page_/span_20' is clicked on

11-01-2024T16:30:25 - [TEST_STEP][PASSED] - click(findTestObject("Object Repository/Page_Items_Per_Page/Page_/div_mat-select-arrow ng-tns-c110-14")): Object: 'Object Repository/Page_Items_Per_Page/Page_/div_mat-select-arrow ng-tns-c110-14' is clicked on

11-01-2024T16:30:56 - [MESSAGE][INFO] - Unable to find the element located by 'By.xpath: //mat-select[@id='mat-select-4']/div/div[2]/div'. Please recheck the objects properties to make sure the desired element is located. 

11-01-2024T16:30:56 - [MESSAGE][WARNING] - [SELF-HEALING] Failed to find element with id 'Object Repository/Page_Items_Per_Page/Page_/div_mat-select-arrow ng-tns-c110-14'. Try using Self-healing.

11-01-2024T16:30:57 - [MESSAGE][WARNING] - [SELF-HEALING] The current locator of test object 'Object Repository/Page_Items_Per_Page/Page_/div_mat-select-arrow ng-tns-c110-14' was broken. Propose an alternative one: '//mat-select/div/div[2]/div'.

11-01-2024T16:30:57 - [MESSAGE][PASSED] - Object: 'Object Repository/Page_Items_Per_Page/Page_/div_mat-select-arrow ng-tns-c110-14' is clicked on

11-01-2024T16:30:57 - [TEST_STEP][PASSED] - click(findTestObject("Object Repository/Page_Items_Per_Page/Page_/span_10")): Object: 'Object Repository/Page_Items_Per_Page/Page_/span_10' is clicked on

11-01-2024T16:31:28 - [MESSAGE][INFO] - Unable to find the element located by 'By.xpath: //mat-option[@id='mat-option-9']/span'. Please recheck the objects properties to make sure the desired element is located. 

11-01-2024T16:31:28 - [MESSAGE][WARNING] - [SELF-HEALING] Failed to find element with id 'Object Repository/Page_Items_Per_Page/Page_/span_10'. Try using Self-healing.

11-01-2024T16:31:28 - [MESSAGE][WARNING] - [SELF-HEALING] The current locator of test object 'Object Repository/Page_Items_Per_Page/Page_/span_10' was broken. Propose an alternative one: '//mat-option[2]/span'.

11-01-2024T16:31:28 - [MESSAGE][PASSED] - Object: 'Object Repository/Page_Items_Per_Page/Page_/span_10' is clicked on

11-01-2024T16:31:28 - [TEST_STEP][PASSED] - click(findTestObject("Object Repository/Page_Items_Per_Page/Page_/div_mat-select-arrow-wrapper ng-tns-c110-14")): Object: 'Object Repository/Page_Items_Per_Page/Page_/div_mat-select-arrow-wrapper ng-tns-c110-14' is clicked on

11-01-2024T16:32:00 - [MESSAGE][INFO] - Unable to find the element located by 'By.xpath: //mat-select[@id='mat-select-4']/div/div[2]'. Please recheck the objects properties to make sure the desired element is located. 

11-01-2024T16:32:00 - [MESSAGE][WARNING] - [SELF-HEALING] Failed to find element with id 'Object Repository/Page_Items_Per_Page/Page_/div_mat-select-arrow-wrapper ng-tns-c110-14'. Try using Self-healing.

11-01-2024T16:32:00 - [MESSAGE][WARNING] - [SELF-HEALING] The current locator of test object 'Object Repository/Page_Items_Per_Page/Page_/div_mat-select-arrow-wrapper ng-tns-c110-14' was broken. Propose an alternative one: '//mat-select/div/div[2]'.

11-01-2024T16:32:00 - [MESSAGE][PASSED] - Object: 'Object Repository/Page_Items_Per_Page/Page_/div_mat-select-arrow-wrapper ng-tns-c110-14' is clicked on

11-01-2024T16:32:00 - [TEST_STEP][PASSED] - click(findTestObject("Object Repository/Page_Items_Per_Page/Page_/span_5")): Object: 'Object Repository/Page_Items_Per_Page/Page_/span_5' is clicked on

11-01-2024T16:32:31 - [MESSAGE][INFO] - Unable to find the element located by 'By.xpath: //mat-option[@id='mat-option-8']/span'. Please recheck the objects properties to make sure the desired element is located. 

11-01-2024T16:32:31 - [MESSAGE][WARNING] - [SELF-HEALING] Failed to find element with id 'Object Repository/Page_Items_Per_Page/Page_/span_5'. Try using Self-healing.

11-01-2024T16:32:31 - [MESSAGE][WARNING] - [SELF-HEALING] The current locator of test object 'Object Repository/Page_Items_Per_Page/Page_/span_5' was broken. Propose an alternative one: '//mat-option/span'.

11-01-2024T16:32:31 - [MESSAGE][PASSED] - Object: 'Object Repository/Page_Items_Per_Page/Page_/span_5' is clicked on

11-01-2024T16:32:31 - [TEST_STEP][PASSED] - delay(2): Delayed 2 second(s)

11-01-2024T16:32:33 - [MESSAGE][PASSED] - Delayed 2 second(s)

11-01-2024T16:32:33 - [MESSAGE][INFO] - 

11-01-2024T16:32:33 - [MESSAGE][INFO] - ===================== Self-healing Report ====================

11-01-2024T16:32:33 - [MESSAGE][INFO] - One of the failed test object locators has been recovered by Self-healing. Please refer to the Self-healing Insights tab for more details.

11-01-2024T16:32:33 - [MESSAGE][INFO] - To learn more about Self-healing, please read https://docs.katalon.com/katalon-studio/docs/self-healing.html

11-01-2024T16:32:33 - [MESSAGE][INFO] - ==============================================================

11-01-2024T16:32:33 - [MESSAGE][PASSED] - Call Test Case 'Test Cases/Reusable_Functions/Items_per_page' successfully]]></system-out>
         <system-err><![CDATA[]]></system-err>
      </testcase>
      <testcase name="Test Cases/Performance Report/test_daily_buyer_cac_table3" time="4.664" classname="Test Cases/Performance Report/test_daily_buyer_cac_table3" status="PASSED">
         <system-out><![CDATA[11-01-2024T16:32:34 - [TEST_CASE][PASSED] - Test Cases/Performance Report/test_daily_buyer_cac_table3: Test Cases/Performance Report/test_daily_buyer_cac_table3

11-01-2024T16:32:34 - [TEST_STEP][PASSED] - verifyElementText(findTestObject("Object Repository/Page_Daily_Buyer_CAC_Table3/Page_/h2_Project By Campaign Source"), "Project By Campaign Source"): Actual text and expected text of test object 'Object Repository/Page_Daily_Buyer_CAC_Table3/Page_/h2_Project By Campaign Source' are matched.

11-01-2024T16:32:34 - [MESSAGE][PASSED] - Actual text and expected text of test object 'Object Repository/Page_Daily_Buyer_CAC_Table3/Page_/h2_Project By Campaign Source' are matched.

11-01-2024T16:32:34 - [TEST_STEP][PASSED] - verifyElementPresent(findTestObject("Object Repository/Page_Daily_Buyer_CAC_Table3/Page_/h2_Project By Campaign Source"), 0): Object 'Object Repository/Page_Daily_Buyer_CAC_Table3/Page_/h2_Project By Campaign Source' is present

11-01-2024T16:32:34 - [MESSAGE][WARNING] - Timeout '0' is invalid. Using default page load timeout: '30'

11-01-2024T16:32:34 - [MESSAGE][PASSED] - Object 'Object Repository/Page_Daily_Buyer_CAC_Table3/Page_/h2_Project By Campaign Source' is present

11-01-2024T16:32:34 - [TEST_STEP][PASSED] - verifyElementText(findTestObject("Object Repository/Page_Daily_Buyer_CAC_Table3/Page_/div_Date"), "Date"): Actual text and expected text of test object 'Object Repository/Page_Daily_Buyer_CAC_Table3/Page_/div_Date' are matched.

11-01-2024T16:32:35 - [MESSAGE][PASSED] - Actual text and expected text of test object 'Object Repository/Page_Daily_Buyer_CAC_Table3/Page_/div_Date' are matched.

11-01-2024T16:32:35 - [TEST_STEP][PASSED] - verifyElementPresent(findTestObject("Object Repository/Page_Daily_Buyer_CAC_Table3/Page_/div_Date"), 0): Object 'Object Repository/Page_Daily_Buyer_CAC_Table3/Page_/div_Date' is present

11-01-2024T16:32:35 - [MESSAGE][WARNING] - Timeout '0' is invalid. Using default page load timeout: '30'

11-01-2024T16:32:35 - [MESSAGE][PASSED] - Object 'Object Repository/Page_Daily_Buyer_CAC_Table3/Page_/div_Date' is present

11-01-2024T16:32:35 - [TEST_STEP][PASSED] - verifyElementText(findTestObject("Object Repository/Page_Daily_Buyer_CAC_Table3/Page_/div_Day"), "Day"): Actual text and expected text of test object 'Object Repository/Page_Daily_Buyer_CAC_Table3/Page_/div_Day' are matched.

11-01-2024T16:32:35 - [MESSAGE][PASSED] - Actual text and expected text of test object 'Object Repository/Page_Daily_Buyer_CAC_Table3/Page_/div_Day' are matched.

11-01-2024T16:32:35 - [TEST_STEP][PASSED] - verifyElementPresent(findTestObject("Object Repository/Page_Daily_Buyer_CAC_Table3/Page_/div_Day"), 0): Object 'Object Repository/Page_Daily_Buyer_CAC_Table3/Page_/div_Day' is present

11-01-2024T16:32:35 - [MESSAGE][WARNING] - Timeout '0' is invalid. Using default page load timeout: '30'

11-01-2024T16:32:36 - [MESSAGE][PASSED] - Object 'Object Repository/Page_Daily_Buyer_CAC_Table3/Page_/div_Day' is present

11-01-2024T16:32:36 - [TEST_STEP][PASSED] - verifyElementText(findTestObject("Object Repository/Page_Daily_Buyer_CAC_Table3/Page_/div_Email"), "Email"): Actual text and expected text of test object 'Object Repository/Page_Daily_Buyer_CAC_Table3/Page_/div_Email' are matched.

11-01-2024T16:32:36 - [MESSAGE][PASSED] - Actual text and expected text of test object 'Object Repository/Page_Daily_Buyer_CAC_Table3/Page_/div_Email' are matched.

11-01-2024T16:32:36 - [TEST_STEP][PASSED] - verifyElementPresent(findTestObject("Object Repository/Page_Daily_Buyer_CAC_Table3/Page_/div_Email"), 0): Object 'Object Repository/Page_Daily_Buyer_CAC_Table3/Page_/div_Email' is present

11-01-2024T16:32:36 - [MESSAGE][WARNING] - Timeout '0' is invalid. Using default page load timeout: '30'

11-01-2024T16:32:36 - [MESSAGE][PASSED] - Object 'Object Repository/Page_Daily_Buyer_CAC_Table3/Page_/div_Email' is present

11-01-2024T16:32:36 - [TEST_STEP][PASSED] - verifyElementText(findTestObject("Object Repository/Page_Daily_Buyer_CAC_Table3/Page_/div_Search 50 OFF"), "Search 50% OFF"): Actual text and expected text of test object 'Object Repository/Page_Daily_Buyer_CAC_Table3/Page_/div_Search 50 OFF' are matched.

11-01-2024T16:32:37 - [MESSAGE][PASSED] - Actual text and expected text of test object 'Object Repository/Page_Daily_Buyer_CAC_Table3/Page_/div_Search 50 OFF' are matched.

11-01-2024T16:32:37 - [TEST_STEP][PASSED] - verifyElementPresent(findTestObject("Object Repository/Page_Daily_Buyer_CAC_Table3/Page_/div_Search 50 OFF"), 0): Object 'Object Repository/Page_Daily_Buyer_CAC_Table3/Page_/div_Search 50 OFF' is present

11-01-2024T16:32:37 - [MESSAGE][WARNING] - Timeout '0' is invalid. Using default page load timeout: '30'

11-01-2024T16:32:37 - [MESSAGE][PASSED] - Object 'Object Repository/Page_Daily_Buyer_CAC_Table3/Page_/div_Search 50 OFF' is present

11-01-2024T16:32:37 - [TEST_STEP][PASSED] - verifyElementText(findTestObject("Object Repository/Page_Daily_Buyer_CAC_Table3/Page_/div_WIZ_Moonlyte_Buyer_Freelancer_Google_Se_df922d"), "WIZ_Moonlyte_Buyer_Freelancer_Google_Search_Ads_Jan_2023"): Actual text and expected text of test object 'Object Repository/Page_Daily_Buyer_CAC_Table3/Page_/div_WIZ_Moonlyte_Buyer_Freelancer_Google_Se_df922d' are matched.

11-01-2024T16:32:37 - [MESSAGE][PASSED] - Actual text and expected text of test object 'Object Repository/Page_Daily_Buyer_CAC_Table3/Page_/div_WIZ_Moonlyte_Buyer_Freelancer_Google_Se_df922d' are matched.

11-01-2024T16:32:37 - [TEST_STEP][PASSED] - verifyElementPresent(findTestObject("Object Repository/Page_Daily_Buyer_CAC_Table3/Page_/div_WIZ_Moonlyte_Buyer_Freelancer_Google_Se_df922d"), 0): Object 'Object Repository/Page_Daily_Buyer_CAC_Table3/Page_/div_WIZ_Moonlyte_Buyer_Freelancer_Google_Se_df922d' is present

11-01-2024T16:32:37 - [MESSAGE][WARNING] - Timeout '0' is invalid. Using default page load timeout: '30'

11-01-2024T16:32:38 - [MESSAGE][PASSED] - Object 'Object Repository/Page_Daily_Buyer_CAC_Table3/Page_/div_WIZ_Moonlyte_Buyer_Freelancer_Google_Se_df922d' is present

11-01-2024T16:32:38 - [TEST_STEP][PASSED] - verifyElementText(findTestObject("Object Repository/Page_Daily_Buyer_CAC_Table3/Page_/div_Grand Total"), "Grand Total"): Actual text and expected text of test object 'Object Repository/Page_Daily_Buyer_CAC_Table3/Page_/div_Grand Total' are matched.

11-01-2024T16:32:38 - [MESSAGE][PASSED] - Actual text and expected text of test object 'Object Repository/Page_Daily_Buyer_CAC_Table3/Page_/div_Grand Total' are matched.

11-01-2024T16:32:38 - [TEST_STEP][PASSED] - verifyElementPresent(findTestObject("Object Repository/Page_Daily_Buyer_CAC_Table3/Page_/div_Grand Total"), 0): Object 'Object Repository/Page_Daily_Buyer_CAC_Table3/Page_/div_Grand Total' is present

11-01-2024T16:32:38 - [MESSAGE][WARNING] - Timeout '0' is invalid. Using default page load timeout: '30'

11-01-2024T16:32:38 - [MESSAGE][PASSED] - Object 'Object Repository/Page_Daily_Buyer_CAC_Table3/Page_/div_Grand Total' is present]]></system-out>
         <system-err><![CDATA[]]></system-err>
      </testcase>
      <testcase name="Test Cases/Performance Report/test_daily_buyer_cac_ascending_decending_table3" time="7.45" classname="Test Cases/Performance Report/test_daily_buyer_cac_ascending_decending_table3" status="PASSED">
         <system-out><![CDATA[11-01-2024T16:32:38 - [TEST_CASE][PASSED] - Test Cases/Performance Report/test_daily_buyer_cac_ascending_decending_table3: Test Cases/Performance Report/test_daily_buyer_cac_ascending_decending_table3

11-01-2024T16:32:38 - [TEST_STEP][PASSED] - verifyElementClickable(findTestObject("Object Repository/Page_Daily_Buyer_Ascending_Decending_Table3/Page_/div_mat-sort-header-stem ng-tns-c99-18_1")): Object 'Object Repository/Page_Daily_Buyer_Ascending_Decending_Table3/Page_/div_mat-sort-header-stem ng-tns-c99-18_1' is clickable

11-01-2024T16:32:39 - [MESSAGE][PASSED] - Object 'Object Repository/Page_Daily_Buyer_Ascending_Decending_Table3/Page_/div_mat-sort-header-stem ng-tns-c99-18_1' is clickable

11-01-2024T16:32:39 - [TEST_STEP][PASSED] - verifyElementClickable(findTestObject("Object Repository/Page_Daily_Buyer_Ascending_Decending_Table3/Page_/div_mat-sort-header-stem ng-tns-c99-19_1")): Object 'Object Repository/Page_Daily_Buyer_Ascending_Decending_Table3/Page_/div_mat-sort-header-stem ng-tns-c99-19_1' is clickable

11-01-2024T16:32:39 - [MESSAGE][PASSED] - Object 'Object Repository/Page_Daily_Buyer_Ascending_Decending_Table3/Page_/div_mat-sort-header-stem ng-tns-c99-19_1' is clickable

11-01-2024T16:32:39 - [TEST_STEP][PASSED] - verifyElementClickable(findTestObject("Object Repository/Page_Daily_Buyer_Ascending_Decending_Table3/Page_/div_mat-sort-header-arrow ng-trigger ng-tri_506a70")): Object 'Object Repository/Page_Daily_Buyer_Ascending_Decending_Table3/Page_/div_mat-sort-header-arrow ng-trigger ng-tri_506a70' is clickable

11-01-2024T16:32:39 - [MESSAGE][PASSED] - Object 'Object Repository/Page_Daily_Buyer_Ascending_Decending_Table3/Page_/div_mat-sort-header-arrow ng-trigger ng-tri_506a70' is clickable

11-01-2024T16:32:39 - [TEST_STEP][PASSED] - verifyElementClickable(findTestObject("Object Repository/Page_Daily_Buyer_Ascending_Decending_Table3/Page_/div_mat-sort-header-stem ng-tns-c99-21_1")): Object 'Object Repository/Page_Daily_Buyer_Ascending_Decending_Table3/Page_/div_mat-sort-header-stem ng-tns-c99-21_1' is clickable

11-01-2024T16:32:40 - [MESSAGE][PASSED] - Object 'Object Repository/Page_Daily_Buyer_Ascending_Decending_Table3/Page_/div_mat-sort-header-stem ng-tns-c99-21_1' is clickable

11-01-2024T16:32:40 - [TEST_STEP][PASSED] - verifyElementClickable(findTestObject("Object Repository/Page_Daily_Buyer_Ascending_Decending_Table3/Page_/div_mat-sort-header-stem ng-tns-c99-22_1")): Object 'Object Repository/Page_Daily_Buyer_Ascending_Decending_Table3/Page_/div_mat-sort-header-stem ng-tns-c99-22_1' is clickable

11-01-2024T16:32:40 - [MESSAGE][PASSED] - Object 'Object Repository/Page_Daily_Buyer_Ascending_Decending_Table3/Page_/div_mat-sort-header-stem ng-tns-c99-22_1' is clickable

11-01-2024T16:32:40 - [TEST_STEP][PASSED] - verifyElementClickable(findTestObject("Object Repository/Page_Daily_Buyer_Ascending_Decending_Table3/Page_/div_mat-sort-header-stem ng-tns-c99-23_1")): Object 'Object Repository/Page_Daily_Buyer_Ascending_Decending_Table3/Page_/div_mat-sort-header-stem ng-tns-c99-23_1' is clickable

11-01-2024T16:32:41 - [MESSAGE][PASSED] - Object 'Object Repository/Page_Daily_Buyer_Ascending_Decending_Table3/Page_/div_mat-sort-header-stem ng-tns-c99-23_1' is clickable

11-01-2024T16:32:41 - [TEST_STEP][PASSED] - click(findTestObject("Object Repository/Page_Daily_Buyer_Ascending_Decending_Table3/Page_/div_mat-sort-header-stem ng-tns-c99-18")): Object: 'Object Repository/Page_Daily_Buyer_Ascending_Decending_Table3/Page_/div_mat-sort-header-stem ng-tns-c99-18' is clicked on

11-01-2024T16:32:41 - [MESSAGE][PASSED] - Object: 'Object Repository/Page_Daily_Buyer_Ascending_Decending_Table3/Page_/div_mat-sort-header-stem ng-tns-c99-18' is clicked on

11-01-2024T16:32:41 - [TEST_STEP][PASSED] - click(findTestObject("Object Repository/Page_Daily_Buyer_Ascending_Decending_Table3/Page_/div_mat-sort-header-stem ng-tns-c99-18_1_2")): Object: 'Object Repository/Page_Daily_Buyer_Ascending_Decending_Table3/Page_/div_mat-sort-header-stem ng-tns-c99-18_1_2' is clicked on

11-01-2024T16:32:42 - [MESSAGE][PASSED] - Object: 'Object Repository/Page_Daily_Buyer_Ascending_Decending_Table3/Page_/div_mat-sort-header-stem ng-tns-c99-18_1_2' is clicked on

11-01-2024T16:32:42 - [TEST_STEP][PASSED] - click(findTestObject("Object Repository/Page_Daily_Buyer_Ascending_Decending_Table3/Page_/div_mat-sort-header-stem ng-tns-c99-19")): Object: 'Object Repository/Page_Daily_Buyer_Ascending_Decending_Table3/Page_/div_mat-sort-header-stem ng-tns-c99-19' is clicked on

11-01-2024T16:32:42 - [MESSAGE][PASSED] - Object: 'Object Repository/Page_Daily_Buyer_Ascending_Decending_Table3/Page_/div_mat-sort-header-stem ng-tns-c99-19' is clicked on

11-01-2024T16:32:42 - [TEST_STEP][PASSED] - click(findTestObject("Object Repository/Page_Daily_Buyer_Ascending_Decending_Table3/Page_/div_mat-sort-header-arrow ng-trigger ng-tri_c2f568")): Object: 'Object Repository/Page_Daily_Buyer_Ascending_Decending_Table3/Page_/div_mat-sort-header-arrow ng-trigger ng-tri_c2f568' is clicked on

11-01-2024T16:32:43 - [MESSAGE][PASSED] - Object: 'Object Repository/Page_Daily_Buyer_Ascending_Decending_Table3/Page_/div_mat-sort-header-arrow ng-trigger ng-tri_c2f568' is clicked on

11-01-2024T16:32:43 - [TEST_STEP][PASSED] - click(findTestObject("Object Repository/Page_Daily_Buyer_Ascending_Decending_Table3/Page_/div_mat-sort-header-stem ng-tns-c99-20")): Object: 'Object Repository/Page_Daily_Buyer_Ascending_Decending_Table3/Page_/div_mat-sort-header-stem ng-tns-c99-20' is clicked on

11-01-2024T16:32:43 - [MESSAGE][PASSED] - Object: 'Object Repository/Page_Daily_Buyer_Ascending_Decending_Table3/Page_/div_mat-sort-header-stem ng-tns-c99-20' is clicked on

11-01-2024T16:32:43 - [TEST_STEP][PASSED] - click(findTestObject("Object Repository/Page_Daily_Buyer_Ascending_Decending_Table3/Page_/div_mat-sort-header-stem ng-tns-c99-20_1")): Object: 'Object Repository/Page_Daily_Buyer_Ascending_Decending_Table3/Page_/div_mat-sort-header-stem ng-tns-c99-20_1' is clicked on

11-01-2024T16:32:44 - [MESSAGE][PASSED] - Object: 'Object Repository/Page_Daily_Buyer_Ascending_Decending_Table3/Page_/div_mat-sort-header-stem ng-tns-c99-20_1' is clicked on

11-01-2024T16:32:44 - [TEST_STEP][PASSED] - click(findTestObject("Object Repository/Page_Daily_Buyer_Ascending_Decending_Table3/Page_/div_mat-sort-header-stem ng-tns-c99-22")): Object: 'Object Repository/Page_Daily_Buyer_Ascending_Decending_Table3/Page_/div_mat-sort-header-stem ng-tns-c99-22' is clicked on

11-01-2024T16:32:44 - [MESSAGE][PASSED] - Object: 'Object Repository/Page_Daily_Buyer_Ascending_Decending_Table3/Page_/div_mat-sort-header-stem ng-tns-c99-22' is clicked on

11-01-2024T16:32:44 - [TEST_STEP][PASSED] - click(findTestObject("Object Repository/Page_Daily_Buyer_Ascending_Decending_Table3/Page_/div_mat-sort-header-stem ng-tns-c99-22_1_2")): Object: 'Object Repository/Page_Daily_Buyer_Ascending_Decending_Table3/Page_/div_mat-sort-header-stem ng-tns-c99-22_1_2' is clicked on

11-01-2024T16:32:45 - [MESSAGE][PASSED] - Object: 'Object Repository/Page_Daily_Buyer_Ascending_Decending_Table3/Page_/div_mat-sort-header-stem ng-tns-c99-22_1_2' is clicked on

11-01-2024T16:32:45 - [TEST_STEP][PASSED] - click(findTestObject("Object Repository/Page_Daily_Buyer_Ascending_Decending_Table3/Page_/div_mat-sort-header-arrow ng-trigger ng-tri_23569a")): Object: 'Object Repository/Page_Daily_Buyer_Ascending_Decending_Table3/Page_/div_mat-sort-header-arrow ng-trigger ng-tri_23569a' is clicked on

11-01-2024T16:32:45 - [MESSAGE][PASSED] - Object: 'Object Repository/Page_Daily_Buyer_Ascending_Decending_Table3/Page_/div_mat-sort-header-arrow ng-trigger ng-tri_23569a' is clicked on

11-01-2024T16:32:45 - [TEST_STEP][PASSED] - click(findTestObject("Object Repository/Page_Daily_Buyer_Ascending_Decending_Table3/Page_/div_mat-sort-header-arrow ng-trigger ng-tri_23569a_1")): Object: 'Object Repository/Page_Daily_Buyer_Ascending_Decending_Table3/Page_/div_mat-sort-header-arrow ng-trigger ng-tri_23569a_1' is clicked on

11-01-2024T16:32:46 - [MESSAGE][PASSED] - Object: 'Object Repository/Page_Daily_Buyer_Ascending_Decending_Table3/Page_/div_mat-sort-header-arrow ng-trigger ng-tri_23569a_1' is clicked on]]></system-out>
         <system-err><![CDATA[]]></system-err>
      </testcase>
      <testcase name="Test Cases/Performance Report/test_daily_buyer_csc_items_dropdown_table3" time="259.592" classname="Test Cases/Performance Report/test_daily_buyer_csc_items_dropdown_table3" status="PASSED">
         <system-out><![CDATA[11-01-2024T16:32:46 - [TEST_CASE][PASSED] - Test Cases/Performance Report/test_daily_buyer_csc_items_dropdown_table3: Test Cases/Performance Report/test_daily_buyer_csc_items_dropdown_table3

11-01-2024T16:32:46 - [TEST_STEP][PASSED] - callTestCase(findTestCase("Reusable_Functions/Items_per_page"), [:], CONTINUE_ON_FAILURE): Call Test Case 'Test Cases/Reusable_Functions/Items_per_page' successfully

11-01-2024T16:32:46 - [TEST_CASE][PASSED] - Test Cases/Reusable_Functions/Items_per_page: Test Cases/Reusable_Functions/Items_per_page

11-01-2024T16:32:46 - [TEST_STEP][PASSED] - verifyElementText(findTestObject("Object Repository/Page_Items_Per_Page/Page_/div_Items per page"), "Items per page:"): Actual text and expected text of test object 'Object Repository/Page_Items_Per_Page/Page_/div_Items per page' are matched.

11-01-2024T16:33:17 - [MESSAGE][INFO] - Unable to find the element located by 'By.xpath: //div[@id='table1']/app-mtd-spend-column-chart/div/app-sb-bar-chart/div/mat-paginator/div/div/div/div'. Please recheck the objects properties to make sure the desired element is located. 

11-01-2024T16:33:17 - [MESSAGE][WARNING] - [SELF-HEALING] Failed to find element with id 'Object Repository/Page_Items_Per_Page/Page_/div_Items per page'. Try using Self-healing.

11-01-2024T16:33:17 - [MESSAGE][WARNING] - [SELF-HEALING] The current locator of test object 'Object Repository/Page_Items_Per_Page/Page_/div_Items per page' was broken. Propose an alternative one: '//mat-paginator/div/div/div/div'.

11-01-2024T16:33:17 - [MESSAGE][PASSED] - Actual text and expected text of test object 'Object Repository/Page_Items_Per_Page/Page_/div_Items per page' are matched.

11-01-2024T16:33:17 - [TEST_STEP][PASSED] - verifyElementClickable(findTestObject("Object Repository/Page_Items_Per_Page/Page_/div_mat-select-arrow-wrapper ng-tns-c110-14")): Object 'Object Repository/Page_Items_Per_Page/Page_/div_mat-select-arrow-wrapper ng-tns-c110-14' is clickable

11-01-2024T16:33:48 - [MESSAGE][INFO] - Unable to find the element located by 'By.xpath: //mat-select[@id='mat-select-4']/div/div[2]'. Please recheck the objects properties to make sure the desired element is located. 

11-01-2024T16:33:48 - [MESSAGE][WARNING] - [SELF-HEALING] Failed to find element with id 'Object Repository/Page_Items_Per_Page/Page_/div_mat-select-arrow-wrapper ng-tns-c110-14'. Try using Self-healing.

11-01-2024T16:33:49 - [MESSAGE][WARNING] - [SELF-HEALING] The current locator of test object 'Object Repository/Page_Items_Per_Page/Page_/div_mat-select-arrow-wrapper ng-tns-c110-14' was broken. Propose an alternative one: '//mat-select/div/div[2]'.

11-01-2024T16:33:49 - [MESSAGE][PASSED] - Object 'Object Repository/Page_Items_Per_Page/Page_/div_mat-select-arrow-wrapper ng-tns-c110-14' is clickable

11-01-2024T16:33:49 - [TEST_STEP][PASSED] - click(findTestObject("Object Repository/Page_Items_Per_Page/Page_/div_mat-select-arrow-wrapper ng-tns-c110-14")): Object: 'Object Repository/Page_Items_Per_Page/Page_/div_mat-select-arrow-wrapper ng-tns-c110-14' is clicked on

11-01-2024T16:34:20 - [MESSAGE][INFO] - Unable to find the element located by 'By.xpath: //mat-select[@id='mat-select-4']/div/div[2]'. Please recheck the objects properties to make sure the desired element is located. 

11-01-2024T16:34:20 - [MESSAGE][WARNING] - [SELF-HEALING] Failed to find element with id 'Object Repository/Page_Items_Per_Page/Page_/div_mat-select-arrow-wrapper ng-tns-c110-14'. Try using Self-healing.

11-01-2024T16:34:20 - [MESSAGE][WARNING] - [SELF-HEALING] The current locator of test object 'Object Repository/Page_Items_Per_Page/Page_/div_mat-select-arrow-wrapper ng-tns-c110-14' was broken. Propose an alternative one: '//mat-select/div/div[2]'.

11-01-2024T16:34:20 - [MESSAGE][PASSED] - Object: 'Object Repository/Page_Items_Per_Page/Page_/div_mat-select-arrow-wrapper ng-tns-c110-14' is clicked on

11-01-2024T16:34:20 - [TEST_STEP][PASSED] - click(findTestObject("Object Repository/Page_Items_Per_Page/Page_/span_20")): Object: 'Object Repository/Page_Items_Per_Page/Page_/span_20' is clicked on

11-01-2024T16:34:52 - [MESSAGE][INFO] - Unable to find the element located by 'By.xpath: //mat-option[@id='mat-option-10']/span'. Please recheck the objects properties to make sure the desired element is located. 

11-01-2024T16:34:52 - [MESSAGE][WARNING] - [SELF-HEALING] Failed to find element with id 'Object Repository/Page_Items_Per_Page/Page_/span_20'. Try using Self-healing.

11-01-2024T16:34:52 - [MESSAGE][WARNING] - [SELF-HEALING] The current locator of test object 'Object Repository/Page_Items_Per_Page/Page_/span_20' was broken. Propose an alternative one: '//mat-option[3]/span'.

11-01-2024T16:34:52 - [MESSAGE][PASSED] - Object: 'Object Repository/Page_Items_Per_Page/Page_/span_20' is clicked on

11-01-2024T16:34:52 - [TEST_STEP][PASSED] - click(findTestObject("Object Repository/Page_Items_Per_Page/Page_/div_mat-select-arrow ng-tns-c110-14")): Object: 'Object Repository/Page_Items_Per_Page/Page_/div_mat-select-arrow ng-tns-c110-14' is clicked on

11-01-2024T16:35:23 - [MESSAGE][INFO] - Unable to find the element located by 'By.xpath: //mat-select[@id='mat-select-4']/div/div[2]/div'. Please recheck the objects properties to make sure the desired element is located. 

11-01-2024T16:35:23 - [MESSAGE][WARNING] - [SELF-HEALING] Failed to find element with id 'Object Repository/Page_Items_Per_Page/Page_/div_mat-select-arrow ng-tns-c110-14'. Try using Self-healing.

11-01-2024T16:35:23 - [MESSAGE][WARNING] - [SELF-HEALING] The current locator of test object 'Object Repository/Page_Items_Per_Page/Page_/div_mat-select-arrow ng-tns-c110-14' was broken. Propose an alternative one: '//mat-select/div/div[2]/div'.

11-01-2024T16:35:24 - [MESSAGE][PASSED] - Object: 'Object Repository/Page_Items_Per_Page/Page_/div_mat-select-arrow ng-tns-c110-14' is clicked on

11-01-2024T16:35:24 - [TEST_STEP][PASSED] - click(findTestObject("Object Repository/Page_Items_Per_Page/Page_/span_10")): Object: 'Object Repository/Page_Items_Per_Page/Page_/span_10' is clicked on

11-01-2024T16:35:55 - [MESSAGE][INFO] - Unable to find the element located by 'By.xpath: //mat-option[@id='mat-option-9']/span'. Please recheck the objects properties to make sure the desired element is located. 

11-01-2024T16:35:55 - [MESSAGE][WARNING] - [SELF-HEALING] Failed to find element with id 'Object Repository/Page_Items_Per_Page/Page_/span_10'. Try using Self-healing.

11-01-2024T16:35:55 - [MESSAGE][WARNING] - [SELF-HEALING] The current locator of test object 'Object Repository/Page_Items_Per_Page/Page_/span_10' was broken. Propose an alternative one: '//mat-option[2]/span'.

11-01-2024T16:35:55 - [MESSAGE][PASSED] - Object: 'Object Repository/Page_Items_Per_Page/Page_/span_10' is clicked on

11-01-2024T16:35:55 - [TEST_STEP][PASSED] - click(findTestObject("Object Repository/Page_Items_Per_Page/Page_/div_mat-select-arrow-wrapper ng-tns-c110-14")): Object: 'Object Repository/Page_Items_Per_Page/Page_/div_mat-select-arrow-wrapper ng-tns-c110-14' is clicked on

11-01-2024T16:36:26 - [MESSAGE][INFO] - Unable to find the element located by 'By.xpath: //mat-select[@id='mat-select-4']/div/div[2]'. Please recheck the objects properties to make sure the desired element is located. 

11-01-2024T16:36:26 - [MESSAGE][WARNING] - [SELF-HEALING] Failed to find element with id 'Object Repository/Page_Items_Per_Page/Page_/div_mat-select-arrow-wrapper ng-tns-c110-14'. Try using Self-healing.

11-01-2024T16:36:27 - [MESSAGE][WARNING] - [SELF-HEALING] The current locator of test object 'Object Repository/Page_Items_Per_Page/Page_/div_mat-select-arrow-wrapper ng-tns-c110-14' was broken. Propose an alternative one: '//mat-select/div/div[2]'.

11-01-2024T16:36:27 - [MESSAGE][PASSED] - Object: 'Object Repository/Page_Items_Per_Page/Page_/div_mat-select-arrow-wrapper ng-tns-c110-14' is clicked on

11-01-2024T16:36:27 - [TEST_STEP][PASSED] - click(findTestObject("Object Repository/Page_Items_Per_Page/Page_/span_5")): Object: 'Object Repository/Page_Items_Per_Page/Page_/span_5' is clicked on

11-01-2024T16:36:58 - [MESSAGE][INFO] - Unable to find the element located by 'By.xpath: //mat-option[@id='mat-option-8']/span'. Please recheck the objects properties to make sure the desired element is located. 

11-01-2024T16:36:58 - [MESSAGE][WARNING] - [SELF-HEALING] Failed to find element with id 'Object Repository/Page_Items_Per_Page/Page_/span_5'. Try using Self-healing.

11-01-2024T16:36:58 - [MESSAGE][WARNING] - [SELF-HEALING] The current locator of test object 'Object Repository/Page_Items_Per_Page/Page_/span_5' was broken. Propose an alternative one: '//mat-option/span'.

11-01-2024T16:36:58 - [MESSAGE][PASSED] - Object: 'Object Repository/Page_Items_Per_Page/Page_/span_5' is clicked on

11-01-2024T16:36:58 - [TEST_STEP][PASSED] - delay(2): Delayed 2 second(s)

11-01-2024T16:37:00 - [MESSAGE][PASSED] - Delayed 2 second(s)

11-01-2024T16:37:00 - [MESSAGE][INFO] - 

11-01-2024T16:37:00 - [MESSAGE][INFO] - ===================== Self-healing Report ====================

11-01-2024T16:37:00 - [MESSAGE][INFO] - One of the failed test object locators has been recovered by Self-healing. Please refer to the Self-healing Insights tab for more details.

11-01-2024T16:37:00 - [MESSAGE][INFO] - To learn more about Self-healing, please read https://docs.katalon.com/katalon-studio/docs/self-healing.html

11-01-2024T16:37:00 - [MESSAGE][INFO] - ==============================================================

11-01-2024T16:37:00 - [MESSAGE][PASSED] - Call Test Case 'Test Cases/Reusable_Functions/Items_per_page' successfully

11-01-2024T16:37:00 - [TEST_STEP][PASSED] - callTestCase(findTestCase("Reusable_Functions/Fullscreen"), [:], CONTINUE_ON_FAILURE): Call Test Case 'Test Cases/Reusable_Functions/Fullscreen' successfully

11-01-2024T16:37:00 - [TEST_CASE][PASSED] - Test Cases/Reusable_Functions/Fullscreen: Test Cases/Reusable_Functions/Fullscreen

11-01-2024T16:37:00 - [TEST_STEP][PASSED] - verifyElementClickable(findTestObject("Object Repository/Page_Fullscreen/Page_/img")): Object 'Object Repository/Page_Fullscreen/Page_/img' is clickable

11-01-2024T16:37:01 - [MESSAGE][PASSED] - Object 'Object Repository/Page_Fullscreen/Page_/img' is clickable

11-01-2024T16:37:01 - [TEST_STEP][PASSED] - click(findTestObject("Object Repository/Page_Fullscreen/Page_/img")): Object: 'Object Repository/Page_Fullscreen/Page_/img' is clicked on

11-01-2024T16:37:01 - [MESSAGE][PASSED] - Object: 'Object Repository/Page_Fullscreen/Page_/img' is clicked on

11-01-2024T16:37:01 - [TEST_STEP][PASSED] - delay(2): Delayed 2 second(s)

11-01-2024T16:37:03 - [MESSAGE][PASSED] - Delayed 2 second(s)

11-01-2024T16:37:03 - [TEST_STEP][PASSED] - executeJavaScript("document.exitFullscreen();", null): Execute JavaScript 'document.exitFullscreen();' successfully

11-01-2024T16:37:03 - [MESSAGE][PASSED] - Execute JavaScript 'document.exitFullscreen();' successfully

11-01-2024T16:37:03 - [TEST_STEP][PASSED] - delay(2): Delayed 2 second(s)

11-01-2024T16:37:05 - [MESSAGE][PASSED] - Delayed 2 second(s)

11-01-2024T16:37:05 - [MESSAGE][INFO] - 

11-01-2024T16:37:05 - [MESSAGE][INFO] - ===================== Self-healing Report ====================

11-01-2024T16:37:05 - [MESSAGE][INFO] - One of the failed test object locators has been recovered by Self-healing. Please refer to the Self-healing Insights tab for more details.

11-01-2024T16:37:05 - [MESSAGE][INFO] - To learn more about Self-healing, please read https://docs.katalon.com/katalon-studio/docs/self-healing.html

11-01-2024T16:37:05 - [MESSAGE][INFO] - ==============================================================

11-01-2024T16:37:05 - [MESSAGE][PASSED] - Call Test Case 'Test Cases/Reusable_Functions/Fullscreen' successfully]]></system-out>
         <system-err><![CDATA[]]></system-err>
      </testcase>
      <testcase name="Test Cases/Performance Report/test_weekly_buyer_cac_zoom" time="39.219" classname="Test Cases/Performance Report/test_weekly_buyer_cac_zoom" status="PASSED">
         <system-out><![CDATA[11-01-2024T16:37:05 - [TEST_CASE][PASSED] - Test Cases/Performance Report/test_weekly_buyer_cac_zoom: Test Cases/Performance Report/test_weekly_buyer_cac_zoom

11-01-2024T16:37:05 - [TEST_STEP][PASSED] - click(findTestObject("Object Repository/Page_Weekly_Buyer_CAC_Zoom/Page_/div_Weekly Buyer CAC Report")): Object: 'Object Repository/Page_Weekly_Buyer_CAC_Zoom/Page_/div_Weekly Buyer CAC Report' is clicked on

11-01-2024T16:37:36 - [MESSAGE][INFO] - Unable to find the element located by 'By.xpath: //div[@id='mat-tab-label-1-0']/div'. Please recheck the objects properties to make sure the desired element is located. 

11-01-2024T16:37:36 - [MESSAGE][WARNING] - [SELF-HEALING] Failed to find element with id 'Object Repository/Page_Weekly_Buyer_CAC_Zoom/Page_/div_Weekly Buyer CAC Report'. Try using Self-healing.

11-01-2024T16:37:37 - [MESSAGE][INFO] - [SELF-HEALING] Failed Locator: '//div[@id='mat-tab-label-1-0']/div'.

11-01-2024T16:37:37 - [MESSAGE][INFO] - [SELF-HEALING] Working Locator: '//div/div/div/div/div'.

11-01-2024T16:37:37 - [MESSAGE][INFO] - [SELF-HEALING] Screenshot: C:/Users/Pavitra I R/Katalon Studio/Admetrics/Reports/Self-healing/Object Repository/Page_Weekly_Buyer_CAC_Zoom/Page_/div_Weekly Buyer CAC Report_position.png

11-01-2024T16:37:37 - [MESSAGE][WARNING] - [SELF-HEALING] The current locator of test object 'Object Repository/Page_Weekly_Buyer_CAC_Zoom/Page_/div_Weekly Buyer CAC Report' was broken. Propose an alternative one: '//div/div/div/div/div'.

11-01-2024T16:37:37 - [MESSAGE][PASSED] - Object: 'Object Repository/Page_Weekly_Buyer_CAC_Zoom/Page_/div_Weekly Buyer CAC Report' is clicked on

11-01-2024T16:37:37 - [TEST_STEP][PASSED] - verifyElementPresent(findTestObject("Object Repository/Page_Weekly_Buyer_CAC_Zoom/Page_/img"), 0): Object 'Object Repository/Page_Weekly_Buyer_CAC_Zoom/Page_/img' is present

11-01-2024T16:37:37 - [MESSAGE][WARNING] - Timeout '0' is invalid. Using default page load timeout: '30'

11-01-2024T16:37:39 - [MESSAGE][PASSED] - Object 'Object Repository/Page_Weekly_Buyer_CAC_Zoom/Page_/img' is present

11-01-2024T16:37:39 - [TEST_STEP][PASSED] - verifyElementClickable(findTestObject("Object Repository/Page_Weekly_Buyer_CAC_Zoom/Page_/img")): Object 'Object Repository/Page_Weekly_Buyer_CAC_Zoom/Page_/img' is clickable

11-01-2024T16:37:39 - [MESSAGE][PASSED] - Object 'Object Repository/Page_Weekly_Buyer_CAC_Zoom/Page_/img' is clickable

11-01-2024T16:37:39 - [TEST_STEP][PASSED] - callTestCase(findTestCase("Reusable_Functions/Fullscreen"), [:], CONTINUE_ON_FAILURE): Call Test Case 'Test Cases/Reusable_Functions/Fullscreen' successfully

11-01-2024T16:37:39 - [TEST_CASE][PASSED] - Test Cases/Reusable_Functions/Fullscreen: Test Cases/Reusable_Functions/Fullscreen

11-01-2024T16:37:40 - [TEST_STEP][PASSED] - verifyElementClickable(findTestObject("Object Repository/Page_Fullscreen/Page_/img")): Object 'Object Repository/Page_Fullscreen/Page_/img' is clickable

11-01-2024T16:37:40 - [MESSAGE][PASSED] - Object 'Object Repository/Page_Fullscreen/Page_/img' is clickable

11-01-2024T16:37:40 - [TEST_STEP][PASSED] - click(findTestObject("Object Repository/Page_Fullscreen/Page_/img")): Object: 'Object Repository/Page_Fullscreen/Page_/img' is clicked on

11-01-2024T16:37:40 - [MESSAGE][PASSED] - Object: 'Object Repository/Page_Fullscreen/Page_/img' is clicked on

11-01-2024T16:37:40 - [TEST_STEP][PASSED] - delay(2): Delayed 2 second(s)

11-01-2024T16:37:42 - [MESSAGE][PASSED] - Delayed 2 second(s)

11-01-2024T16:37:42 - [TEST_STEP][PASSED] - executeJavaScript("document.exitFullscreen();", null): Execute JavaScript 'document.exitFullscreen();' successfully

11-01-2024T16:37:42 - [MESSAGE][PASSED] - Execute JavaScript 'document.exitFullscreen();' successfully

11-01-2024T16:37:42 - [TEST_STEP][PASSED] - delay(2): Delayed 2 second(s)

11-01-2024T16:37:44 - [MESSAGE][PASSED] - Delayed 2 second(s)

11-01-2024T16:37:44 - [MESSAGE][INFO] - 

11-01-2024T16:37:44 - [MESSAGE][INFO] - ===================== Self-healing Report ====================

11-01-2024T16:37:44 - [MESSAGE][INFO] - One of the failed test object locators has been recovered by Self-healing. Please refer to the Self-healing Insights tab for more details.

11-01-2024T16:37:44 - [MESSAGE][INFO] - To learn more about Self-healing, please read https://docs.katalon.com/katalon-studio/docs/self-healing.html

11-01-2024T16:37:44 - [MESSAGE][INFO] - ==============================================================

11-01-2024T16:37:44 - [MESSAGE][PASSED] - Call Test Case 'Test Cases/Reusable_Functions/Fullscreen' successfully]]></system-out>
         <system-err><![CDATA[]]></system-err>
      </testcase>
      <testcase name="Test Cases/Performance Report/test_weekly_seller_cac_zoom" time="41.088" classname="Test Cases/Performance Report/test_weekly_seller_cac_zoom" status="PASSED">
         <system-out><![CDATA[11-01-2024T16:37:45 - [TEST_CASE][PASSED] - Test Cases/Performance Report/test_weekly_seller_cac_zoom: Test Cases/Performance Report/test_weekly_seller_cac_zoom

11-01-2024T16:37:45 - [TEST_STEP][PASSED] - click(findTestObject("Object Repository/Page_Weekly_Seller_CAC_Zoom/Page_/div_Weekly Seller CAC Report")): Object: 'Object Repository/Page_Weekly_Seller_CAC_Zoom/Page_/div_Weekly Seller CAC Report' is clicked on

11-01-2024T16:38:16 - [MESSAGE][INFO] - Unable to find the element located by 'By.xpath: //div[@id='mat-tab-label-1-1']/div'. Please recheck the objects properties to make sure the desired element is located. 

11-01-2024T16:38:16 - [MESSAGE][WARNING] - [SELF-HEALING] Failed to find element with id 'Object Repository/Page_Weekly_Seller_CAC_Zoom/Page_/div_Weekly Seller CAC Report'. Try using Self-healing.

11-01-2024T16:38:16 - [MESSAGE][INFO] - [SELF-HEALING] Failed Locator: '//div[@id='mat-tab-label-1-1']/div'.

11-01-2024T16:38:16 - [MESSAGE][INFO] - [SELF-HEALING] Working Locator: '//div/div[2]/div'.

11-01-2024T16:38:17 - [MESSAGE][INFO] - [SELF-HEALING] Screenshot: C:/Users/Pavitra I R/Katalon Studio/Admetrics/Reports/Self-healing/Object Repository/Page_Weekly_Seller_CAC_Zoom/Page_/div_Weekly Seller CAC Report_position.png

11-01-2024T16:38:17 - [MESSAGE][WARNING] - [SELF-HEALING] The current locator of test object 'Object Repository/Page_Weekly_Seller_CAC_Zoom/Page_/div_Weekly Seller CAC Report' was broken. Propose an alternative one: '//div/div[2]/div'.

11-01-2024T16:38:17 - [MESSAGE][PASSED] - Object: 'Object Repository/Page_Weekly_Seller_CAC_Zoom/Page_/div_Weekly Seller CAC Report' is clicked on

11-01-2024T16:38:17 - [TEST_STEP][PASSED] - verifyElementPresent(findTestObject("Object Repository/Page_Weekly_Seller_CAC_Zoom/Page_/img"), 0): Object 'Object Repository/Page_Weekly_Seller_CAC_Zoom/Page_/img' is present

11-01-2024T16:38:17 - [MESSAGE][WARNING] - Timeout '0' is invalid. Using default page load timeout: '30'

11-01-2024T16:38:18 - [MESSAGE][PASSED] - Object 'Object Repository/Page_Weekly_Seller_CAC_Zoom/Page_/img' is present

11-01-2024T16:38:18 - [TEST_STEP][PASSED] - verifyElementClickable(findTestObject("Object Repository/Page_Weekly_Seller_CAC_Zoom/Page_/img")): Object 'Object Repository/Page_Weekly_Seller_CAC_Zoom/Page_/img' is clickable

11-01-2024T16:38:19 - [MESSAGE][PASSED] - Object 'Object Repository/Page_Weekly_Seller_CAC_Zoom/Page_/img' is clickable

11-01-2024T16:38:19 - [TEST_STEP][PASSED] - callTestCase(findTestCase("Reusable_Functions/Fullscreen"), [:], CONTINUE_ON_FAILURE): Call Test Case 'Test Cases/Reusable_Functions/Fullscreen' successfully

11-01-2024T16:38:19 - [TEST_CASE][PASSED] - Test Cases/Reusable_Functions/Fullscreen: Test Cases/Reusable_Functions/Fullscreen

11-01-2024T16:38:19 - [TEST_STEP][PASSED] - verifyElementClickable(findTestObject("Object Repository/Page_Fullscreen/Page_/img")): Object 'Object Repository/Page_Fullscreen/Page_/img' is clickable

11-01-2024T16:38:19 - [MESSAGE][PASSED] - Object 'Object Repository/Page_Fullscreen/Page_/img' is clickable

11-01-2024T16:38:19 - [TEST_STEP][PASSED] - click(findTestObject("Object Repository/Page_Fullscreen/Page_/img")): Object: 'Object Repository/Page_Fullscreen/Page_/img' is clicked on

11-01-2024T16:38:19 - [MESSAGE][PASSED] - Object: 'Object Repository/Page_Fullscreen/Page_/img' is clicked on

11-01-2024T16:38:19 - [TEST_STEP][PASSED] - delay(2): Delayed 2 second(s)

11-01-2024T16:38:21 - [MESSAGE][PASSED] - Delayed 2 second(s)

11-01-2024T16:38:21 - [TEST_STEP][PASSED] - executeJavaScript("document.exitFullscreen();", null): Execute JavaScript 'document.exitFullscreen();' successfully

11-01-2024T16:38:22 - [MESSAGE][PASSED] - Execute JavaScript 'document.exitFullscreen();' successfully

11-01-2024T16:38:22 - [TEST_STEP][PASSED] - delay(2): Delayed 2 second(s)

11-01-2024T16:38:24 - [MESSAGE][PASSED] - Delayed 2 second(s)

11-01-2024T16:38:24 - [MESSAGE][INFO] - 

11-01-2024T16:38:24 - [MESSAGE][INFO] - ===================== Self-healing Report ====================

11-01-2024T16:38:24 - [MESSAGE][INFO] - One of the failed test object locators has been recovered by Self-healing. Please refer to the Self-healing Insights tab for more details.

11-01-2024T16:38:24 - [MESSAGE][INFO] - To learn more about Self-healing, please read https://docs.katalon.com/katalon-studio/docs/self-healing.html

11-01-2024T16:38:24 - [MESSAGE][INFO] - ==============================================================

11-01-2024T16:38:24 - [MESSAGE][PASSED] - Call Test Case 'Test Cases/Reusable_Functions/Fullscreen' successfully

11-01-2024T16:38:24 - [TEST_STEP][PASSED] - delay(2): Delayed 2 second(s)

11-01-2024T16:38:26 - [MESSAGE][PASSED] - Delayed 2 second(s)]]></system-out>
         <system-err><![CDATA[]]></system-err>
      </testcase>
      <testcase name="Test Cases/Performance Report/test_daily_buyer_cac_zoom" time="40.252" classname="Test Cases/Performance Report/test_daily_buyer_cac_zoom" status="PASSED">
         <system-out><![CDATA[11-01-2024T16:38:26 - [TEST_CASE][PASSED] - Test Cases/Performance Report/test_daily_buyer_cac_zoom: Test Cases/Performance Report/test_daily_buyer_cac_zoom

11-01-2024T16:38:26 - [TEST_STEP][PASSED] - click(findTestObject("Object Repository/Page_Daily_Buyer_CAC_Zoom/Page_/div_Daily Buyer CAC Report")): Object: 'Object Repository/Page_Daily_Buyer_CAC_Zoom/Page_/div_Daily Buyer CAC Report' is clicked on

11-01-2024T16:38:57 - [MESSAGE][INFO] - Unable to find the element located by 'By.xpath: //div[@id='mat-tab-label-1-2']/div'. Please recheck the objects properties to make sure the desired element is located. 

11-01-2024T16:38:57 - [MESSAGE][WARNING] - [SELF-HEALING] Failed to find element with id 'Object Repository/Page_Daily_Buyer_CAC_Zoom/Page_/div_Daily Buyer CAC Report'. Try using Self-healing.

11-01-2024T16:38:57 - [MESSAGE][INFO] - [SELF-HEALING] Failed Locator: '//div[@id='mat-tab-label-1-2']/div'.

11-01-2024T16:38:57 - [MESSAGE][INFO] - [SELF-HEALING] Working Locator: '//div[3]/div'.

11-01-2024T16:38:58 - [MESSAGE][INFO] - [SELF-HEALING] Screenshot: C:/Users/Pavitra I R/Katalon Studio/Admetrics/Reports/Self-healing/Object Repository/Page_Daily_Buyer_CAC_Zoom/Page_/div_Daily Buyer CAC Report_position.png

11-01-2024T16:38:58 - [MESSAGE][WARNING] - [SELF-HEALING] The current locator of test object 'Object Repository/Page_Daily_Buyer_CAC_Zoom/Page_/div_Daily Buyer CAC Report' was broken. Propose an alternative one: '//div[3]/div'.

11-01-2024T16:38:58 - [MESSAGE][PASSED] - Object: 'Object Repository/Page_Daily_Buyer_CAC_Zoom/Page_/div_Daily Buyer CAC Report' is clicked on

11-01-2024T16:38:58 - [TEST_STEP][PASSED] - verifyElementPresent(findTestObject("Object Repository/Page_Daily_Buyer_CAC_Zoom/Page_/img"), 0): Object 'Object Repository/Page_Daily_Buyer_CAC_Zoom/Page_/img' is present

11-01-2024T16:38:58 - [MESSAGE][WARNING] - Timeout '0' is invalid. Using default page load timeout: '30'

11-01-2024T16:39:00 - [MESSAGE][PASSED] - Object 'Object Repository/Page_Daily_Buyer_CAC_Zoom/Page_/img' is present

11-01-2024T16:39:00 - [TEST_STEP][PASSED] - verifyElementClickable(findTestObject("Object Repository/Page_Daily_Buyer_CAC_Zoom/Page_/img")): Object 'Object Repository/Page_Daily_Buyer_CAC_Zoom/Page_/img' is clickable

11-01-2024T16:39:00 - [MESSAGE][PASSED] - Object 'Object Repository/Page_Daily_Buyer_CAC_Zoom/Page_/img' is clickable

11-01-2024T16:39:00 - [TEST_STEP][PASSED] - callTestCase(findTestCase("Reusable_Functions/Fullscreen"), [:], CONTINUE_ON_FAILURE): Call Test Case 'Test Cases/Reusable_Functions/Fullscreen' successfully

11-01-2024T16:39:01 - [TEST_CASE][PASSED] - Test Cases/Reusable_Functions/Fullscreen: Test Cases/Reusable_Functions/Fullscreen

11-01-2024T16:39:01 - [TEST_STEP][PASSED] - verifyElementClickable(findTestObject("Object Repository/Page_Fullscreen/Page_/img")): Object 'Object Repository/Page_Fullscreen/Page_/img' is clickable

11-01-2024T16:39:01 - [MESSAGE][PASSED] - Object 'Object Repository/Page_Fullscreen/Page_/img' is clickable

11-01-2024T16:39:01 - [TEST_STEP][PASSED] - click(findTestObject("Object Repository/Page_Fullscreen/Page_/img")): Object: 'Object Repository/Page_Fullscreen/Page_/img' is clicked on

11-01-2024T16:39:01 - [MESSAGE][PASSED] - Object: 'Object Repository/Page_Fullscreen/Page_/img' is clicked on

11-01-2024T16:39:01 - [TEST_STEP][PASSED] - delay(2): Delayed 2 second(s)

11-01-2024T16:39:03 - [MESSAGE][PASSED] - Delayed 2 second(s)

11-01-2024T16:39:03 - [TEST_STEP][PASSED] - executeJavaScript("document.exitFullscreen();", null): Execute JavaScript 'document.exitFullscreen();' successfully

11-01-2024T16:39:03 - [MESSAGE][PASSED] - Execute JavaScript 'document.exitFullscreen();' successfully

11-01-2024T16:39:03 - [TEST_STEP][PASSED] - delay(2): Delayed 2 second(s)

11-01-2024T16:39:05 - [MESSAGE][PASSED] - Delayed 2 second(s)

11-01-2024T16:39:05 - [MESSAGE][INFO] - 

11-01-2024T16:39:05 - [MESSAGE][INFO] - ===================== Self-healing Report ====================

11-01-2024T16:39:05 - [MESSAGE][INFO] - One of the failed test object locators has been recovered by Self-healing. Please refer to the Self-healing Insights tab for more details.

11-01-2024T16:39:05 - [MESSAGE][INFO] - To learn more about Self-healing, please read https://docs.katalon.com/katalon-studio/docs/self-healing.html

11-01-2024T16:39:05 - [MESSAGE][INFO] - ==============================================================

11-01-2024T16:39:05 - [MESSAGE][PASSED] - Call Test Case 'Test Cases/Reusable_Functions/Fullscreen' successfully

11-01-2024T16:39:05 - [TEST_STEP][PASSED] - closeBrowser(): Browser is closed

11-01-2024T16:39:06 - [MESSAGE][PASSED] - Browser is closed]]></system-out>
         <system-err><![CDATA[]]></system-err>
      </testcase>
      <system-out><![CDATA[11-01-2024T15:29:38 - [TEST_SUITE][PASSED] - Function_test: Test Cases/Performance Report/test_daily_buyer_cac_zoom]]></system-out>
      <system-err><![CDATA[]]></system-err>
   </testsuite>
</testsuites>
