<?xml version="1.0" encoding="UTF-8"?>
<testsuites name="browser_test" time="158.752" tests="4" failures="0" errors="0">
   <testsuite name="browser_test" tests="4" failures="0" errors="0" time="158.752" skipped="0" timestamp="03-01-2024T11:33:58" hostname="Pavitra I R - DESKTOP-MFB1Q4P" id="Test Suites/browser_test">
      <properties>
         <property name="deviceName" value=""/>
         <property name="devicePlatform" value=""/>
         <property name="logFolder" value="C:\\Users\\Pavitra I R\\Katalon Studio\\Admetrics\\Reports\\20240103_113352\\browser_test\\20240103_113352"/>
         <property name="logFiles" value="C:\\Users\\Pavitra I R\\Katalon Studio\\Admetrics\\Reports\\20240103_113352\\browser_test\\20240103_113352\\execution0.log"/>
         <property name="attachments" value=""/>
         <property name="hostName" value="Pavitra I R - DESKTOP-MFB1Q4P"/>
         <property name="os" value="Windows 10 64bit"/>
         <property name="katalonVersion" value="9.2.0.212"/>
         <property name="browser" value="Chrome 120.0.0.0"/>
         <property name="hostAddress" value="192.168.1.100"/>
         <property name="sessionId" value="cc07e5d311dd0fa32b1c48c451111c7a"/>
         <property name="seleniumVersion" value="3.141.59"/>
         <property name="proxyInformation" value="ProxyInformation { proxyOption=NO_PROXY, proxyServerType=HTTP, username=, password=********, proxyServerAddress=, proxyServerPort=0, executionList=&quot;&quot;, isApplyToDesiredCapabilities=true }"/>
         <property name="platform" value="Windows 10"/>
      </properties>
      <testcase name="Test Cases/Dashboard_Page/test_login_demo" time="7.56" classname="Test Cases/Dashboard_Page/test_login_demo" status="PASSED">
         <system-out><![CDATA[03-01-2024T11:33:58 - [TEST_CASE][PASSED] - Test Cases/Dashboard_Page/test_login_demo: Test Cases/Dashboard_Page/test_login_demo

03-01-2024T11:33:59 - [TEST_STEP][PASSED] - openBrowser(""): Browser is opened with url: ''

03-01-2024T11:33:59 - [MESSAGE][INFO] - Starting 'Chrome' driver

03-01-2024T11:33:59 - [MESSAGE][INFO] - Action delay is set to 0 milliseconds

03-01-2024T11:34:02 - [MESSAGE][PASSED] - Browser is opened with url: ''

03-01-2024T11:34:02 - [TEST_STEP][PASSED] - maximizeWindow(): Current window maximized

03-01-2024T11:34:02 - [MESSAGE][PASSED] - Current window maximized

03-01-2024T11:34:02 - [TEST_STEP][PASSED] - navigateToUrl("https://dash.admetrics.ai/"): Navigate to 'https://dash.admetrics.ai/' successfully

03-01-2024T11:34:03 - [MESSAGE][PASSED] - Navigate to 'https://dash.admetrics.ai/' successfully

03-01-2024T11:34:03 - [TEST_STEP][PASSED] - setText(findTestObject("Object Repository/page_login_demo/Page_/input_User ID_username"), "admin"): Text 'admin' is set on object 'Object Repository/page_login_demo/Page_/input_User ID_username'

03-01-2024T11:34:05 - [MESSAGE][PASSED] - Text 'admin' is set on object 'Object Repository/page_login_demo/Page_/input_User ID_username'

03-01-2024T11:34:05 - [TEST_STEP][PASSED] - setEncryptedText(findTestObject("Object Repository/page_login_demo/Page_/input_Password_password"), "7Dxoto1EjKfQbGop/Ov+1g=="): Text ****** has been set on object 'Object Repository/page_login_demo/Page_/input_Password_password'

03-01-2024T11:34:06 - [MESSAGE][PASSED] - Text ****** has been set on object 'Object Repository/page_login_demo/Page_/input_Password_password'

03-01-2024T11:34:06 - [TEST_STEP][PASSED] - click(findTestObject("Object Repository/page_login_demo/Page_/button_Login")): Object: 'Object Repository/page_login_demo/Page_/button_Login' is clicked on

03-01-2024T11:34:06 - [MESSAGE][PASSED] - Object: 'Object Repository/page_login_demo/Page_/button_Login' is clicked on]]></system-out>
         <system-err><![CDATA[]]></system-err>
      </testcase>
      <testcase name="Test Cases/Dashboard_Page/test_report" time="10.444" classname="Test Cases/Dashboard_Page/test_report" status="PASSED">
         <system-out><![CDATA[03-01-2024T11:34:06 - [TEST_CASE][PASSED] - Test Cases/Dashboard_Page/test_report: Test Cases/Dashboard_Page/test_report

03-01-2024T11:34:06 - [TEST_STEP][PASSED] - click(findTestObject("Object Repository/page_report_demo/Page_/div_Monthly Spend Report")): Object: 'Object Repository/page_report_demo/Page_/div_Monthly Spend Report' is clicked on

03-01-2024T11:34:11 - [MESSAGE][PASSED] - Object: 'Object Repository/page_report_demo/Page_/div_Monthly Spend Report' is clicked on

03-01-2024T11:34:11 - [TEST_STEP][PASSED] - click(findTestObject("Object Repository/page_report_demo/Page_/svg_Enter a date range_mat-datepicker-toggl_ef015c")): Object: 'Object Repository/page_report_demo/Page_/svg_Enter a date range_mat-datepicker-toggl_ef015c' is clicked on

03-01-2024T11:34:13 - [MESSAGE][PASSED] - Object: 'Object Repository/page_report_demo/Page_/svg_Enter a date range_mat-datepicker-toggl_ef015c' is clicked on

03-01-2024T11:34:13 - [TEST_STEP][PASSED] - click(findTestObject("Object Repository/page_report_demo/Page_/button_SEPT 2023_mat-focus-indicator mat-ca_7a0138")): Object: 'Object Repository/page_report_demo/Page_/button_SEPT 2023_mat-focus-indicator mat-ca_7a0138' is clicked on

03-01-2024T11:34:14 - [MESSAGE][PASSED] - Object: 'Object Repository/page_report_demo/Page_/button_SEPT 2023_mat-focus-indicator mat-ca_7a0138' is clicked on

03-01-2024T11:34:14 - [TEST_STEP][PASSED] - click(findTestObject("Object Repository/page_report_demo/Page_/button_SEPT 2023_mat-focus-indicator mat-ca_7a0138")): Object: 'Object Repository/page_report_demo/Page_/button_SEPT 2023_mat-focus-indicator mat-ca_7a0138' is clicked on

03-01-2024T11:34:15 - [MESSAGE][PASSED] - Object: 'Object Repository/page_report_demo/Page_/button_SEPT 2023_mat-focus-indicator mat-ca_7a0138' is clicked on

03-01-2024T11:34:15 - [TEST_STEP][PASSED] - click(findTestObject("Object Repository/page_report_demo/Page_/div_1")): Object: 'Object Repository/page_report_demo/Page_/div_1' is clicked on

03-01-2024T11:34:16 - [MESSAGE][PASSED] - Object: 'Object Repository/page_report_demo/Page_/div_1' is clicked on

03-01-2024T11:34:16 - [TEST_STEP][PASSED] - click(findTestObject("Object Repository/page_report_demo/Page_/div_31")): Object: 'Object Repository/page_report_demo/Page_/div_31' is clicked on

03-01-2024T11:34:16 - [MESSAGE][PASSED] - Object: 'Object Repository/page_report_demo/Page_/div_31' is clicked on]]></system-out>
         <system-err><![CDATA[]]></system-err>
      </testcase>
      <testcase name="Test Cases/Dashboard_Page/test_report2" time="68.033" classname="Test Cases/Dashboard_Page/test_report2" status="PASSED">
         <system-out><![CDATA[03-01-2024T11:34:16 - [TEST_CASE][PASSED] - Test Cases/Dashboard_Page/test_report2: Test Cases/Dashboard_Page/test_report2

03-01-2024T11:34:17 - [TEST_STEP][PASSED] - click(findTestObject("Object Repository/page_report_demo2/Page_/div_Daily Spend Report")): Object: 'Object Repository/page_report_demo2/Page_/div_Daily Spend Report' is clicked on

03-01-2024T11:34:19 - [MESSAGE][PASSED] - Object: 'Object Repository/page_report_demo2/Page_/div_Daily Spend Report' is clicked on

03-01-2024T11:34:19 - [TEST_STEP][PASSED] - click(findTestObject("Object Repository/page_report_demo2/Page_/svg_Enter a date range_mat-datepicker-toggl_ef015c")): Object: 'Object Repository/page_report_demo2/Page_/svg_Enter a date range_mat-datepicker-toggl_ef015c' is clicked on

03-01-2024T11:34:21 - [MESSAGE][PASSED] - Object: 'Object Repository/page_report_demo2/Page_/svg_Enter a date range_mat-datepicker-toggl_ef015c' is clicked on

03-01-2024T11:34:21 - [TEST_STEP][PASSED] - click(findTestObject("Object Repository/page_report_demo2/Page_/button_DEC 2023_mat-focus-indicator mat-cal_bd9491")): Object: 'Object Repository/page_report_demo2/Page_/button_DEC 2023_mat-focus-indicator mat-cal_bd9491' is clicked on

03-01-2024T11:34:21 - [MESSAGE][PASSED] - Object: 'Object Repository/page_report_demo2/Page_/button_DEC 2023_mat-focus-indicator mat-cal_bd9491' is clicked on

03-01-2024T11:34:21 - [TEST_STEP][PASSED] - click(findTestObject("Object Repository/page_report_demo2/Page_/div_1")): Object: 'Object Repository/page_report_demo2/Page_/div_1' is clicked on

03-01-2024T11:34:52 - [MESSAGE][INFO] - Unable to find the element located by 'By.xpath: //mat-calendar[@id='mat-datepicker-1']/div/mat-month-view/table/tbody/tr/td[2]/button/div'. Please recheck the objects properties to make sure the desired element is located. 

03-01-2024T11:34:52 - [MESSAGE][WARNING] - [SELF-HEALING] Failed to find element with id 'Object Repository/page_report_demo2/Page_/div_1'. Try using Self-healing.

03-01-2024T11:34:53 - [MESSAGE][WARNING] - [SELF-HEALING] The current locator of test object 'Object Repository/page_report_demo2/Page_/div_1' was broken. Propose an alternative one: '(.//*[normalize-space(text()) and normalize-space(.)='NOV'])[1]/following::div[1]'.

03-01-2024T11:34:53 - [MESSAGE][PASSED] - Object: 'Object Repository/page_report_demo2/Page_/div_1' is clicked on

03-01-2024T11:34:53 - [TEST_STEP][PASSED] - click(findTestObject("Object Repository/page_report_demo2/Page_/div_30")): Object: 'Object Repository/page_report_demo2/Page_/div_30' is clicked on

03-01-2024T11:35:24 - [MESSAGE][INFO] - Unable to find the element located by 'By.xpath: //mat-calendar[@id='mat-datepicker-1']/div/mat-month-view/table/tbody/tr[5]/td[5]/button/div'. Please recheck the objects properties to make sure the desired element is located. 

03-01-2024T11:35:24 - [MESSAGE][WARNING] - [SELF-HEALING] Failed to find element with id 'Object Repository/page_report_demo2/Page_/div_30'. Try using Self-healing.

03-01-2024T11:35:24 - [MESSAGE][WARNING] - [SELF-HEALING] The current locator of test object 'Object Repository/page_report_demo2/Page_/div_30' was broken. Propose an alternative one: '(.//*[normalize-space(text()) and normalize-space(.)='NOV'])[1]/following::div[59]'.

03-01-2024T11:35:24 - [MESSAGE][PASSED] - Object: 'Object Repository/page_report_demo2/Page_/div_30' is clicked on]]></system-out>
         <system-err><![CDATA[]]></system-err>
      </testcase>
      <testcase name="Test Cases/Dashboard_Page/test_report3" time="72.508" classname="Test Cases/Dashboard_Page/test_report3" status="PASSED">
         <system-out><![CDATA[03-01-2024T11:35:24 - [TEST_CASE][PASSED] - Test Cases/Dashboard_Page/test_report3: Test Cases/Dashboard_Page/test_report3

03-01-2024T11:35:25 - [TEST_STEP][PASSED] - verifyElementClickable(findTestObject("Object Repository/page_report_demo3/Page_/li_Spend Monitoring")): Object 'Object Repository/page_report_demo3/Page_/li_Spend Monitoring' is clickable

03-01-2024T11:35:27 - [MESSAGE][PASSED] - Object 'Object Repository/page_report_demo3/Page_/li_Spend Monitoring' is clickable

03-01-2024T11:35:27 - [TEST_STEP][PASSED] - click(findTestObject("Object Repository/page_report_demo3/Page_/li_Spend Monitoring")): Object: 'Object Repository/page_report_demo3/Page_/li_Spend Monitoring' is clicked on

03-01-2024T11:35:27 - [MESSAGE][PASSED] - Object: 'Object Repository/page_report_demo3/Page_/li_Spend Monitoring' is clicked on

03-01-2024T11:35:27 - [TEST_STEP][PASSED] - verifyElementClickable(findTestObject("Object Repository/page_report_demo3/Page_/div_Daily Spends Monitoring Report")): Object 'Object Repository/page_report_demo3/Page_/div_Daily Spends Monitoring Report' is clickable

03-01-2024T11:35:29 - [MESSAGE][PASSED] - Object 'Object Repository/page_report_demo3/Page_/div_Daily Spends Monitoring Report' is clickable

03-01-2024T11:35:29 - [TEST_STEP][PASSED] - click(findTestObject("Object Repository/page_report_demo3/Page_/div_Daily Spends Monitoring Report")): Object: 'Object Repository/page_report_demo3/Page_/div_Daily Spends Monitoring Report' is clicked on

03-01-2024T11:35:29 - [MESSAGE][PASSED] - Object: 'Object Repository/page_report_demo3/Page_/div_Daily Spends Monitoring Report' is clicked on

03-01-2024T11:35:29 - [TEST_STEP][PASSED] - verifyElementClickable(findTestObject("Object Repository/page_report_demo3/Page_/svg_Enter a date range_mat-datepicker-toggl_ef015c")): Object 'Object Repository/page_report_demo3/Page_/svg_Enter a date range_mat-datepicker-toggl_ef015c' is clickable

03-01-2024T11:35:31 - [MESSAGE][PASSED] - Object 'Object Repository/page_report_demo3/Page_/svg_Enter a date range_mat-datepicker-toggl_ef015c' is clickable

03-01-2024T11:35:31 - [TEST_STEP][PASSED] - verifyElementClickable(findTestObject("Object Repository/page_report_demo3/Page_/mat-icon_clear")): Object 'Object Repository/page_report_demo3/Page_/mat-icon_clear' is clickable

03-01-2024T11:35:31 - [MESSAGE][PASSED] - Object 'Object Repository/page_report_demo3/Page_/mat-icon_clear' is clickable

03-01-2024T11:35:31 - [TEST_STEP][PASSED] - click(findTestObject("Object Repository/page_report_demo2/Page_/svg_Enter a date range_mat-datepicker-toggl_ef015c")): Object: 'Object Repository/page_report_demo2/Page_/svg_Enter a date range_mat-datepicker-toggl_ef015c' is clicked on

03-01-2024T11:35:32 - [MESSAGE][PASSED] - Object: 'Object Repository/page_report_demo2/Page_/svg_Enter a date range_mat-datepicker-toggl_ef015c' is clicked on

03-01-2024T11:35:32 - [TEST_STEP][PASSED] - verifyElementClickable(findTestObject("Object Repository/page_report_demo3/Page_/button_DEC 2023_mat-focus-indicator mat-cal_bd9491")): Object 'Object Repository/page_report_demo3/Page_/button_DEC 2023_mat-focus-indicator mat-cal_bd9491' is clickable

03-01-2024T11:35:33 - [MESSAGE][PASSED] - Object 'Object Repository/page_report_demo3/Page_/button_DEC 2023_mat-focus-indicator mat-cal_bd9491' is clickable

03-01-2024T11:35:33 - [TEST_STEP][PASSED] - verifyElementClickable(findTestObject("Object Repository/page_report_demo3/Page_/button_DEC 2023_mat-focus-indicator mat-cal_bd9491")): Object 'Object Repository/page_report_demo3/Page_/button_DEC 2023_mat-focus-indicator mat-cal_bd9491' is clickable

03-01-2024T11:35:33 - [MESSAGE][PASSED] - Object 'Object Repository/page_report_demo3/Page_/button_DEC 2023_mat-focus-indicator mat-cal_bd9491' is clickable

03-01-2024T11:35:33 - [TEST_STEP][PASSED] - click(findTestObject("Object Repository/page_report_demo3/Page_/button_DEC 2023_mat-focus-indicator mat-cal_bd9491")): Object: 'Object Repository/page_report_demo3/Page_/button_DEC 2023_mat-focus-indicator mat-cal_bd9491' is clicked on

03-01-2024T11:35:34 - [MESSAGE][PASSED] - Object: 'Object Repository/page_report_demo3/Page_/button_DEC 2023_mat-focus-indicator mat-cal_bd9491' is clicked on

03-01-2024T11:35:34 - [TEST_STEP][PASSED] - click(findTestObject("Object Repository/page_report_demo3/Page_/div_1")): Object: 'Object Repository/page_report_demo3/Page_/div_1' is clicked on

03-01-2024T11:36:05 - [MESSAGE][INFO] - Unable to find the element located by 'By.xpath: //mat-calendar[@id='mat-datepicker-2']/div/mat-month-view/table/tbody/tr/td[2]/button/div'. Please recheck the objects properties to make sure the desired element is located. 

03-01-2024T11:36:05 - [MESSAGE][WARNING] - [SELF-HEALING] Failed to find element with id 'Object Repository/page_report_demo3/Page_/div_1'. Try using Self-healing.

03-01-2024T11:36:05 - [MESSAGE][WARNING] - [SELF-HEALING] The current locator of test object 'Object Repository/page_report_demo3/Page_/div_1' was broken. Propose an alternative one: '(.//*[normalize-space(text()) and normalize-space(.)='NOV'])[1]/following::div[1]'.

03-01-2024T11:36:05 - [MESSAGE][PASSED] - Object: 'Object Repository/page_report_demo3/Page_/div_1' is clicked on

03-01-2024T11:36:05 - [TEST_STEP][PASSED] - click(findTestObject("Object Repository/page_report_demo3/Page_/div_30")): Object: 'Object Repository/page_report_demo3/Page_/div_30' is clicked on

03-01-2024T11:36:36 - [MESSAGE][INFO] - Unable to find the element located by 'By.xpath: //mat-calendar[@id='mat-datepicker-2']/div/mat-month-view/table/tbody/tr[5]/td[5]/button/div'. Please recheck the objects properties to make sure the desired element is located. 

03-01-2024T11:36:36 - [MESSAGE][WARNING] - [SELF-HEALING] Failed to find element with id 'Object Repository/page_report_demo3/Page_/div_30'. Try using Self-healing.

03-01-2024T11:36:37 - [MESSAGE][WARNING] - [SELF-HEALING] The current locator of test object 'Object Repository/page_report_demo3/Page_/div_30' was broken. Propose an alternative one: '(.//*[normalize-space(text()) and normalize-space(.)='NOV'])[1]/following::div[59]'.

03-01-2024T11:36:37 - [MESSAGE][PASSED] - Object: 'Object Repository/page_report_demo3/Page_/div_30' is clicked on

03-01-2024T11:36:37 - [TEST_STEP][PASSED] - closeBrowser(): Browser is closed

03-01-2024T11:36:37 - [MESSAGE][PASSED] - Browser is closed]]></system-out>
         <system-err><![CDATA[]]></system-err>
      </testcase>
      <system-out><![CDATA[03-01-2024T11:33:58 - [TEST_SUITE][PASSED] - browser_test: Test Cases/Dashboard_Page/test_report3]]></system-out>
      <system-err><![CDATA[]]></system-err>
   </testsuite>
</testsuites>
