<?xml version="1.0" encoding="UTF-8"?>
<testsuites name="browser_test" time="162.79" tests="4" failures="0" errors="0">
   <testsuite name="browser_test" tests="4" failures="0" errors="0" time="162.79" skipped="0" timestamp="2023-12-21 16:36:14" hostname="Pavitra I R - DESKTOP-MFB1Q4P" id="Test Suites/browser_test">
      <properties>
         <property name="deviceName" value=""/>
         <property name="devicePlatform" value=""/>
         <property name="logFolder" value="C:\\Users\\Pavitra I R\\Katalon Studio\\Admetrics\\Reports\\20231221_163602\\browser_test\\20231221_163602"/>
         <property name="logFiles" value="C:\\Users\\Pavitra I R\\Katalon Studio\\Admetrics\\Reports\\20231221_163602\\browser_test\\20231221_163602\\execution0.log"/>
         <property name="attachments" value=""/>
         <property name="hostName" value="Pavitra I R - DESKTOP-MFB1Q4P"/>
         <property name="os" value="Windows 10 64bit"/>
         <property name="katalonVersion" value="8.6.8.208"/>
         <property name="browser" value="Chrome 120.0.0.0"/>
         <property name="hostAddress" value="192.168.29.24"/>
         <property name="sessionId" value="450ff8a5392949300e0d5568dd805137"/>
         <property name="seleniumVersion" value="3.141.59"/>
         <property name="proxyInformation" value="ProxyInformation { proxyOption=NO_PROXY, proxyServerType=HTTP, username=, password=********, proxyServerAddress=, proxyServerPort=0, executionList=&quot;&quot;, isApplyToDesiredCapabilities=true }"/>
         <property name="platform" value="Windows 10"/>
      </properties>
      <testcase name="Test Cases/Dashboard_Page/test_login_demo" time="7.735" classname="Test Cases/Dashboard_Page/test_login_demo" status="PASSED">
         <system-out><![CDATA[2023-12-21 16:36:14 - [TEST_CASE][PASSED] - Test Cases/Dashboard_Page/test_login_demo: Test Cases/Dashboard_Page/test_login_demo

2023-12-21 16:36:15 - [TEST_STEP][PASSED] - openBrowser(""): Browser is opened with url: ''

2023-12-21 16:36:15 - [MESSAGE][INFO] - Starting 'Chrome' driver

2023-12-21 16:36:15 - [MESSAGE][INFO] - Action delay is set to 0 milliseconds

2023-12-21 16:36:18 - [MESSAGE][PASSED] - Browser is opened with url: ''

2023-12-21 16:36:18 - [TEST_STEP][PASSED] - maximizeWindow(): Current window maximized

2023-12-21 16:36:18 - [MESSAGE][PASSED] - Current window maximized

2023-12-21 16:36:18 - [TEST_STEP][PASSED] - navigateToUrl("https://dev-dash.admetrics.ai/"): Navigate to 'https://dev-dash.admetrics.ai/' successfully

2023-12-21 16:36:19 - [MESSAGE][PASSED] - Navigate to 'https://dev-dash.admetrics.ai/' successfully

2023-12-21 16:36:19 - [TEST_STEP][PASSED] - setText(findTestObject("Object Repository/page_login_demo/Page_/input_User ID_username"), "admin"): Text 'admin' is set on object 'Object Repository/page_login_demo/Page_/input_User ID_username'

2023-12-21 16:36:21 - [MESSAGE][PASSED] - Text 'admin' is set on object 'Object Repository/page_login_demo/Page_/input_User ID_username'

2023-12-21 16:36:21 - [TEST_STEP][PASSED] - setEncryptedText(findTestObject("Object Repository/page_login_demo/Page_/input_Password_password"), "7Dxoto1EjKfQbGop/Ov+1g=="): Text ****** has been set on object 'Object Repository/page_login_demo/Page_/input_Password_password'

2023-12-21 16:36:21 - [MESSAGE][PASSED] - Text ****** has been set on object 'Object Repository/page_login_demo/Page_/input_Password_password'

2023-12-21 16:36:21 - [TEST_STEP][PASSED] - click(findTestObject("Object Repository/page_login_demo/Page_/button_Login")): Object: 'Object Repository/page_login_demo/Page_/button_Login' is clicked on

2023-12-21 16:36:22 - [MESSAGE][PASSED] - Object: 'Object Repository/page_login_demo/Page_/button_Login' is clicked on]]></system-out>
         <system-err><![CDATA[]]></system-err>
      </testcase>
      <testcase name="Test Cases/Dashboard_Page/test_report" time="10.308" classname="Test Cases/Dashboard_Page/test_report" status="PASSED">
         <system-out><![CDATA[2023-12-21 16:36:22 - [TEST_CASE][PASSED] - Test Cases/Dashboard_Page/test_report: Test Cases/Dashboard_Page/test_report

2023-12-21 16:36:23 - [TEST_STEP][PASSED] - click(findTestObject("Object Repository/page_report_demo/Page_/div_Monthly Spend Report")): Object: 'Object Repository/page_report_demo/Page_/div_Monthly Spend Report' is clicked on

2023-12-21 16:36:27 - [MESSAGE][PASSED] - Object: 'Object Repository/page_report_demo/Page_/div_Monthly Spend Report' is clicked on

2023-12-21 16:36:27 - [TEST_STEP][PASSED] - click(findTestObject("Object Repository/page_report_demo/Page_/svg_Enter a date range_mat-datepicker-toggl_ef015c")): Object: 'Object Repository/page_report_demo/Page_/svg_Enter a date range_mat-datepicker-toggl_ef015c' is clicked on

2023-12-21 16:36:29 - [MESSAGE][PASSED] - Object: 'Object Repository/page_report_demo/Page_/svg_Enter a date range_mat-datepicker-toggl_ef015c' is clicked on

2023-12-21 16:36:29 - [TEST_STEP][PASSED] - click(findTestObject("Object Repository/page_report_demo/Page_/button_SEPT 2023_mat-focus-indicator mat-ca_7a0138")): Object: 'Object Repository/page_report_demo/Page_/button_SEPT 2023_mat-focus-indicator mat-ca_7a0138' is clicked on

2023-12-21 16:36:30 - [MESSAGE][PASSED] - Object: 'Object Repository/page_report_demo/Page_/button_SEPT 2023_mat-focus-indicator mat-ca_7a0138' is clicked on

2023-12-21 16:36:30 - [TEST_STEP][PASSED] - click(findTestObject("Object Repository/page_report_demo/Page_/button_SEPT 2023_mat-focus-indicator mat-ca_7a0138")): Object: 'Object Repository/page_report_demo/Page_/button_SEPT 2023_mat-focus-indicator mat-ca_7a0138' is clicked on

2023-12-21 16:36:31 - [MESSAGE][PASSED] - Object: 'Object Repository/page_report_demo/Page_/button_SEPT 2023_mat-focus-indicator mat-ca_7a0138' is clicked on

2023-12-21 16:36:31 - [TEST_STEP][PASSED] - click(findTestObject("Object Repository/page_report_demo/Page_/div_1")): Object: 'Object Repository/page_report_demo/Page_/div_1' is clicked on

2023-12-21 16:36:32 - [MESSAGE][PASSED] - Object: 'Object Repository/page_report_demo/Page_/div_1' is clicked on

2023-12-21 16:36:32 - [TEST_STEP][PASSED] - click(findTestObject("Object Repository/page_report_demo/Page_/div_31")): Object: 'Object Repository/page_report_demo/Page_/div_31' is clicked on

2023-12-21 16:36:32 - [MESSAGE][PASSED] - Object: 'Object Repository/page_report_demo/Page_/div_31' is clicked on]]></system-out>
         <system-err><![CDATA[]]></system-err>
      </testcase>
      <testcase name="Test Cases/Dashboard_Page/test_report2" time="68.992" classname="Test Cases/Dashboard_Page/test_report2" status="PASSED">
         <system-out><![CDATA[2023-12-21 16:36:32 - [TEST_CASE][PASSED] - Test Cases/Dashboard_Page/test_report2: Test Cases/Dashboard_Page/test_report2

2023-12-21 16:36:33 - [TEST_STEP][PASSED] - click(findTestObject("Object Repository/page_report_demo2/Page_/div_Daily Spend Report")): Object: 'Object Repository/page_report_demo2/Page_/div_Daily Spend Report' is clicked on

2023-12-21 16:36:35 - [MESSAGE][PASSED] - Object: 'Object Repository/page_report_demo2/Page_/div_Daily Spend Report' is clicked on

2023-12-21 16:36:35 - [TEST_STEP][PASSED] - click(findTestObject("Object Repository/page_report_demo2/Page_/svg_Enter a date range_mat-datepicker-toggl_ef015c")): Object: 'Object Repository/page_report_demo2/Page_/svg_Enter a date range_mat-datepicker-toggl_ef015c' is clicked on

2023-12-21 16:36:37 - [MESSAGE][PASSED] - Object: 'Object Repository/page_report_demo2/Page_/svg_Enter a date range_mat-datepicker-toggl_ef015c' is clicked on

2023-12-21 16:36:37 - [TEST_STEP][PASSED] - click(findTestObject("Object Repository/page_report_demo2/Page_/button_DEC 2023_mat-focus-indicator mat-cal_bd9491")): Object: 'Object Repository/page_report_demo2/Page_/button_DEC 2023_mat-focus-indicator mat-cal_bd9491' is clicked on

2023-12-21 16:36:38 - [MESSAGE][PASSED] - Object: 'Object Repository/page_report_demo2/Page_/button_DEC 2023_mat-focus-indicator mat-cal_bd9491' is clicked on

2023-12-21 16:36:38 - [TEST_STEP][PASSED] - click(findTestObject("Object Repository/page_report_demo2/Page_/div_1")): Object: 'Object Repository/page_report_demo2/Page_/div_1' is clicked on

2023-12-21 16:37:09 - [MESSAGE][INFO] - Unable to find the element located by 'By.xpath: //mat-calendar[@id='mat-datepicker-1']/div/mat-month-view/table/tbody/tr/td[2]/button/div'. Please recheck the objects properties to make sure the desired element is located. 

2023-12-21 16:37:09 - [MESSAGE][WARNING] - [SELF-HEALING] Failed to find element with id 'Object Repository/page_report_demo2/Page_/div_1'. Try using Self-healing.

2023-12-21 16:37:09 - [MESSAGE][WARNING] - [SELF-HEALING] The current locator of test object 'Object Repository/page_report_demo2/Page_/div_1' was broken. Propose an alternative one: '(.//*[normalize-space(text()) and normalize-space(.)='NOV'])[1]/following::div[1]'.

2023-12-21 16:37:09 - [MESSAGE][PASSED] - Object: 'Object Repository/page_report_demo2/Page_/div_1' is clicked on

2023-12-21 16:37:09 - [TEST_STEP][PASSED] - click(findTestObject("Object Repository/page_report_demo2/Page_/div_30")): Object: 'Object Repository/page_report_demo2/Page_/div_30' is clicked on

2023-12-21 16:37:41 - [MESSAGE][INFO] - Unable to find the element located by 'By.xpath: //mat-calendar[@id='mat-datepicker-1']/div/mat-month-view/table/tbody/tr[5]/td[5]/button/div'. Please recheck the objects properties to make sure the desired element is located. 

2023-12-21 16:37:41 - [MESSAGE][WARNING] - [SELF-HEALING] Failed to find element with id 'Object Repository/page_report_demo2/Page_/div_30'. Try using Self-healing.

2023-12-21 16:37:41 - [MESSAGE][WARNING] - [SELF-HEALING] The current locator of test object 'Object Repository/page_report_demo2/Page_/div_30' was broken. Propose an alternative one: '(.//*[normalize-space(text()) and normalize-space(.)='NOV'])[1]/following::div[59]'.

2023-12-21 16:37:41 - [MESSAGE][PASSED] - Object: 'Object Repository/page_report_demo2/Page_/div_30' is clicked on]]></system-out>
         <system-err><![CDATA[]]></system-err>
      </testcase>
      <testcase name="Test Cases/Dashboard_Page/test_report3" time="75.292" classname="Test Cases/Dashboard_Page/test_report3" status="PASSED">
         <system-out><![CDATA[2023-12-21 16:37:41 - [TEST_CASE][PASSED] - Test Cases/Dashboard_Page/test_report3: Test Cases/Dashboard_Page/test_report3

2023-12-21 16:37:42 - [TEST_STEP][PASSED] - verifyElementClickable(findTestObject("Object Repository/page_report_demo3/Page_/li_Spend Monitoring")): Object 'Object Repository/page_report_demo3/Page_/li_Spend Monitoring' is clickable

2023-12-21 16:37:44 - [MESSAGE][PASSED] - Object 'Object Repository/page_report_demo3/Page_/li_Spend Monitoring' is clickable

2023-12-21 16:37:44 - [TEST_STEP][PASSED] - click(findTestObject("Object Repository/page_report_demo3/Page_/li_Spend Monitoring")): Object: 'Object Repository/page_report_demo3/Page_/li_Spend Monitoring' is clicked on

2023-12-21 16:37:44 - [MESSAGE][PASSED] - Object: 'Object Repository/page_report_demo3/Page_/li_Spend Monitoring' is clicked on

2023-12-21 16:37:44 - [TEST_STEP][PASSED] - verifyElementClickable(findTestObject("Object Repository/page_report_demo3/Page_/div_Daily Spends Monitoring Report")): Object 'Object Repository/page_report_demo3/Page_/div_Daily Spends Monitoring Report' is clickable

2023-12-21 16:37:46 - [MESSAGE][PASSED] - Object 'Object Repository/page_report_demo3/Page_/div_Daily Spends Monitoring Report' is clickable

2023-12-21 16:37:46 - [TEST_STEP][PASSED] - click(findTestObject("Object Repository/page_report_demo3/Page_/div_Daily Spends Monitoring Report")): Object: 'Object Repository/page_report_demo3/Page_/div_Daily Spends Monitoring Report' is clicked on

2023-12-21 16:37:47 - [MESSAGE][PASSED] - Object: 'Object Repository/page_report_demo3/Page_/div_Daily Spends Monitoring Report' is clicked on

2023-12-21 16:37:47 - [TEST_STEP][PASSED] - verifyElementClickable(findTestObject("Object Repository/page_report_demo3/Page_/svg_Enter a date range_mat-datepicker-toggl_ef015c")): Object 'Object Repository/page_report_demo3/Page_/svg_Enter a date range_mat-datepicker-toggl_ef015c' is clickable

2023-12-21 16:37:49 - [MESSAGE][PASSED] - Object 'Object Repository/page_report_demo3/Page_/svg_Enter a date range_mat-datepicker-toggl_ef015c' is clickable

2023-12-21 16:37:49 - [TEST_STEP][PASSED] - verifyElementClickable(findTestObject("Object Repository/page_report_demo3/Page_/mat-icon_clear")): Object 'Object Repository/page_report_demo3/Page_/mat-icon_clear' is clickable

2023-12-21 16:37:49 - [MESSAGE][PASSED] - Object 'Object Repository/page_report_demo3/Page_/mat-icon_clear' is clickable

2023-12-21 16:37:49 - [TEST_STEP][PASSED] - click(findTestObject("Object Repository/page_report_demo2/Page_/svg_Enter a date range_mat-datepicker-toggl_ef015c")): Object: 'Object Repository/page_report_demo2/Page_/svg_Enter a date range_mat-datepicker-toggl_ef015c' is clicked on

2023-12-21 16:37:50 - [MESSAGE][PASSED] - Object: 'Object Repository/page_report_demo2/Page_/svg_Enter a date range_mat-datepicker-toggl_ef015c' is clicked on

2023-12-21 16:37:50 - [TEST_STEP][PASSED] - verifyElementClickable(findTestObject("Object Repository/page_report_demo3/Page_/button_DEC 2023_mat-focus-indicator mat-cal_bd9491")): Object 'Object Repository/page_report_demo3/Page_/button_DEC 2023_mat-focus-indicator mat-cal_bd9491' is clickable

2023-12-21 16:37:51 - [MESSAGE][PASSED] - Object 'Object Repository/page_report_demo3/Page_/button_DEC 2023_mat-focus-indicator mat-cal_bd9491' is clickable

2023-12-21 16:37:51 - [TEST_STEP][PASSED] - verifyElementClickable(findTestObject("Object Repository/page_report_demo3/Page_/button_DEC 2023_mat-focus-indicator mat-cal_bd9491")): Object 'Object Repository/page_report_demo3/Page_/button_DEC 2023_mat-focus-indicator mat-cal_bd9491' is clickable

2023-12-21 16:37:51 - [MESSAGE][PASSED] - Object 'Object Repository/page_report_demo3/Page_/button_DEC 2023_mat-focus-indicator mat-cal_bd9491' is clickable

2023-12-21 16:37:51 - [TEST_STEP][PASSED] - click(findTestObject("Object Repository/page_report_demo3/Page_/button_DEC 2023_mat-focus-indicator mat-cal_bd9491")): Object: 'Object Repository/page_report_demo3/Page_/button_DEC 2023_mat-focus-indicator mat-cal_bd9491' is clicked on

2023-12-21 16:37:52 - [MESSAGE][PASSED] - Object: 'Object Repository/page_report_demo3/Page_/button_DEC 2023_mat-focus-indicator mat-cal_bd9491' is clicked on

2023-12-21 16:37:52 - [TEST_STEP][PASSED] - click(findTestObject("Object Repository/page_report_demo3/Page_/div_1")): Object: 'Object Repository/page_report_demo3/Page_/div_1' is clicked on

2023-12-21 16:38:24 - [MESSAGE][INFO] - Unable to find the element located by 'By.xpath: //mat-calendar[@id='mat-datepicker-2']/div/mat-month-view/table/tbody/tr/td[2]/button/div'. Please recheck the objects properties to make sure the desired element is located. 

2023-12-21 16:38:24 - [MESSAGE][WARNING] - [SELF-HEALING] Failed to find element with id 'Object Repository/page_report_demo3/Page_/div_1'. Try using Self-healing.

2023-12-21 16:38:24 - [MESSAGE][WARNING] - [SELF-HEALING] The current locator of test object 'Object Repository/page_report_demo3/Page_/div_1' was broken. Propose an alternative one: '(.//*[normalize-space(text()) and normalize-space(.)='NOV'])[1]/following::div[1]'.

2023-12-21 16:38:24 - [MESSAGE][PASSED] - Object: 'Object Repository/page_report_demo3/Page_/div_1' is clicked on

2023-12-21 16:38:24 - [TEST_STEP][PASSED] - click(findTestObject("Object Repository/page_report_demo3/Page_/div_30")): Object: 'Object Repository/page_report_demo3/Page_/div_30' is clicked on

2023-12-21 16:38:55 - [MESSAGE][INFO] - Unable to find the element located by 'By.xpath: //mat-calendar[@id='mat-datepicker-2']/div/mat-month-view/table/tbody/tr[5]/td[5]/button/div'. Please recheck the objects properties to make sure the desired element is located. 

2023-12-21 16:38:55 - [MESSAGE][WARNING] - [SELF-HEALING] Failed to find element with id 'Object Repository/page_report_demo3/Page_/div_30'. Try using Self-healing.

2023-12-21 16:38:55 - [MESSAGE][WARNING] - [SELF-HEALING] The current locator of test object 'Object Repository/page_report_demo3/Page_/div_30' was broken. Propose an alternative one: '(.//*[normalize-space(text()) and normalize-space(.)='NOV'])[1]/following::div[59]'.

2023-12-21 16:38:56 - [MESSAGE][PASSED] - Object: 'Object Repository/page_report_demo3/Page_/div_30' is clicked on

2023-12-21 16:38:56 - [TEST_STEP][PASSED] - closeBrowser(): Browser is closed

2023-12-21 16:38:57 - [MESSAGE][PASSED] - Browser is closed]]></system-out>
         <system-err><![CDATA[]]></system-err>
      </testcase>
      <system-out><![CDATA[2023-12-21 16:36:14 - [TEST_SUITE][PASSED] - browser_test: Test Cases/Dashboard_Page/test_report3]]></system-out>
      <system-err><![CDATA[]]></system-err>
   </testsuite>
</testsuites>
