<?xml version="1.0" encoding="UTF-8"?>
<testsuites name="Demo_test" time="99.58" tests="3" failures="0" errors="0">
   <testsuite name="Demo_test" tests="3" failures="0" errors="0" time="99.58" skipped="0" timestamp="2023-12-21 18:20:09" hostname="Pavitra I R - DESKTOP-MFB1Q4P" id="Test Suites/Demo_test">
      <properties>
         <property name="deviceName" value=""/>
         <property name="devicePlatform" value=""/>
         <property name="logFolder" value="C:\\Users\\Pavitra I R\\Katalon Studio\\Admetrics\\Reports\\20231221_182000\\Demo_test\\20231221_182000"/>
         <property name="logFiles" value="C:\\Users\\Pavitra I R\\Katalon Studio\\Admetrics\\Reports\\20231221_182000\\Demo_test\\20231221_182000\\execution0.log"/>
         <property name="attachments" value=""/>
         <property name="hostName" value="Pavitra I R - DESKTOP-MFB1Q4P"/>
         <property name="os" value="Windows 10 64bit"/>
         <property name="katalonVersion" value="8.6.8.208"/>
         <property name="browser" value="Chrome 120.0.0.0"/>
         <property name="hostAddress" value="192.168.29.24"/>
         <property name="sessionId" value="f6c24e753a08037515a2fde14f1365bf"/>
         <property name="seleniumVersion" value="3.141.59"/>
         <property name="proxyInformation" value="ProxyInformation { proxyOption=NO_PROXY, proxyServerType=HTTP, username=, password=********, proxyServerAddress=, proxyServerPort=0, executionList=&quot;&quot;, isApplyToDesiredCapabilities=true }"/>
         <property name="platform" value="Windows 10"/>
      </properties>
      <testcase name="Test Cases/Login_Page/test_verify_project_title" time="70.844" classname="Test Cases/Login_Page/test_verify_project_title" status="PASSED">
         <system-out><![CDATA[2023-12-21 18:20:09 - [TEST_CASE][PASSED] - Test Cases/Login_Page/test_verify_project_title: Test Cases/Login_Page/test_verify_project_title

2023-12-21 18:20:09 - [TEST_STEP][PASSED] - openBrowser(""): Browser is opened with url: ''

2023-12-21 18:20:09 - [MESSAGE][INFO] - Starting 'Chrome' driver

2023-12-21 18:20:10 - [MESSAGE][INFO] - Action delay is set to 0 milliseconds

2023-12-21 18:20:12 - [MESSAGE][PASSED] - Browser is opened with url: ''

2023-12-21 18:20:12 - [TEST_STEP][PASSED] - maximizeWindow(): Current window maximized

2023-12-21 18:20:12 - [MESSAGE][PASSED] - Current window maximized

2023-12-21 18:20:12 - [TEST_STEP][PASSED] - navigateToUrl("https://dev-dash.admetrics.ai/"): Navigate to 'https://dev-dash.admetrics.ai/' successfully

2023-12-21 18:20:13 - [MESSAGE][PASSED] - Navigate to 'https://dev-dash.admetrics.ai/' successfully

2023-12-21 18:20:13 - [TEST_STEP][PASSED] - verifyElementVisible(findTestObject("Object Repository/Page_Project_Title/Page_/img_User ID_logoImg mr-3")): Object 'Object Repository/Page_Project_Title/Page_/img_User ID_logoImg mr-3' is visible

2023-12-21 18:20:45 - [MESSAGE][INFO] - Unable to find the element located by 'By.xpath: //div[@id='background']/div/div/div/div/div/img'. Please recheck the objects properties to make sure the desired element is located. 

2023-12-21 18:20:45 - [MESSAGE][WARNING] - [SELF-HEALING] Failed to find element with id 'Object Repository/Page_Project_Title/Page_/img_User ID_logoImg mr-3'. Try using Self-healing.

2023-12-21 18:20:45 - [MESSAGE][WARNING] - [SELF-HEALING] The current locator of test object 'Object Repository/Page_Project_Title/Page_/img_User ID_logoImg mr-3' was broken. Propose an alternative one: '//img'.

2023-12-21 18:20:45 - [MESSAGE][PASSED] - Object 'Object Repository/Page_Project_Title/Page_/img_User ID_logoImg mr-3' is visible

2023-12-21 18:20:45 - [TEST_STEP][PASSED] - verifyElementText(findTestObject("Object Repository/Page_Project_Title/Page_/p_admetrics"), "admetrics"): Actual text and expected text of test object 'Object Repository/Page_Project_Title/Page_/p_admetrics' are matched.

2023-12-21 18:21:16 - [MESSAGE][INFO] - Unable to find the element located by 'By.xpath: //div[@id='background']/div/div/div/div/p'. Please recheck the objects properties to make sure the desired element is located. 

2023-12-21 18:21:16 - [MESSAGE][WARNING] - [SELF-HEALING] Failed to find element with id 'Object Repository/Page_Project_Title/Page_/p_admetrics'. Try using Self-healing.

2023-12-21 18:21:17 - [MESSAGE][WARNING] - [SELF-HEALING] The current locator of test object 'Object Repository/Page_Project_Title/Page_/p_admetrics' was broken. Propose an alternative one: '(.//*[normalize-space(text()) and normalize-space(.)='User ID'])[1]/preceding::p[1]'.

2023-12-21 18:21:17 - [MESSAGE][PASSED] - Actual text and expected text of test object 'Object Repository/Page_Project_Title/Page_/p_admetrics' are matched.

2023-12-21 18:21:17 - [TEST_STEP][PASSED] - verifyElementText(findTestObject("Object Repository/Page_Project_Title/Page_/label_User ID"), "User ID"): Actual text and expected text of test object 'Object Repository/Page_Project_Title/Page_/label_User ID' are matched.

2023-12-21 18:21:17 - [MESSAGE][PASSED] - Actual text and expected text of test object 'Object Repository/Page_Project_Title/Page_/label_User ID' are matched.

2023-12-21 18:21:17 - [TEST_STEP][PASSED] - verifyElementText(findTestObject("Object Repository/Page_Project_Title/Page_/input_User ID_username"), ""): Actual text and expected text of test object 'Object Repository/Page_Project_Title/Page_/input_User ID_username' are matched.

2023-12-21 18:21:18 - [MESSAGE][PASSED] - Actual text and expected text of test object 'Object Repository/Page_Project_Title/Page_/input_User ID_username' are matched.

2023-12-21 18:21:18 - [TEST_STEP][PASSED] - verifyElementText(findTestObject("Object Repository/Page_Project_Title/Page_/label_Password"), "Password"): Actual text and expected text of test object 'Object Repository/Page_Project_Title/Page_/label_Password' are matched.

2023-12-21 18:21:18 - [MESSAGE][PASSED] - Actual text and expected text of test object 'Object Repository/Page_Project_Title/Page_/label_Password' are matched.

2023-12-21 18:21:18 - [TEST_STEP][PASSED] - verifyElementText(findTestObject("Object Repository/Page_Project_Title/Page_/input_Password_password"), ""): Actual text and expected text of test object 'Object Repository/Page_Project_Title/Page_/input_Password_password' are matched.

2023-12-21 18:21:19 - [MESSAGE][PASSED] - Actual text and expected text of test object 'Object Repository/Page_Project_Title/Page_/input_Password_password' are matched.

2023-12-21 18:21:19 - [TEST_STEP][PASSED] - verifyElementText(findTestObject("Object Repository/Page_Project_Title/Page_/button_Login"), "Login"): Actual text and expected text of test object 'Object Repository/Page_Project_Title/Page_/button_Login' are matched.

2023-12-21 18:21:19 - [MESSAGE][PASSED] - Actual text and expected text of test object 'Object Repository/Page_Project_Title/Page_/button_Login' are matched.

2023-12-21 18:21:19 - [TEST_STEP][PASSED] - verifyElementClickable(findTestObject("Object Repository/Page_Project_Title/Page_/button_Login")): Object 'Object Repository/Page_Project_Title/Page_/button_Login' is clickable

2023-12-21 18:21:20 - [MESSAGE][PASSED] - Object 'Object Repository/Page_Project_Title/Page_/button_Login' is clickable]]></system-out>
         <system-err><![CDATA[]]></system-err>
      </testcase>
      <testcase name="Test Cases/Login_Page/test_valid_login" time="9.641" classname="Test Cases/Login_Page/test_valid_login" status="PASSED">
         <system-out><![CDATA[2023-12-21 18:21:20 - [TEST_CASE][PASSED] - Test Cases/Login_Page/test_valid_login: Test Cases/Login_Page/test_valid_login

2023-12-21 18:21:20 - [TEST_STEP][PASSED] - setText(findTestObject("Object Repository/Page_valid_login/Page_/input_User ID_username"), username): Text 'admin' is set on object 'Object Repository/Page_valid_login/Page_/input_User ID_username'

2023-12-21 18:21:22 - [MESSAGE][PASSED] - Text 'admin' is set on object 'Object Repository/Page_valid_login/Page_/input_User ID_username'

2023-12-21 18:21:22 - [TEST_STEP][PASSED] - setEncryptedText(findTestObject("Object Repository/Page_valid_login/Page_/input_Password_password"), password): Text ****** has been set on object 'Object Repository/Page_valid_login/Page_/input_Password_password'

2023-12-21 18:21:23 - [MESSAGE][PASSED] - Text ****** has been set on object 'Object Repository/Page_valid_login/Page_/input_Password_password'

2023-12-21 18:21:23 - [TEST_STEP][PASSED] - click(findTestObject("Object Repository/Page_valid_login/Page_/button_Login")): Object: 'Object Repository/Page_valid_login/Page_/button_Login' is clicked on

2023-12-21 18:21:23 - [MESSAGE][PASSED] - Object: 'Object Repository/Page_valid_login/Page_/button_Login' is clicked on

2023-12-21 18:21:23 - [TEST_STEP][PASSED] - verifyElementText(findTestObject("Object Repository/Page_Menu/Page_/span_Spend Report"), "Spend Report"): Actual text and expected text of test object 'Object Repository/Page_Menu/Page_/span_Spend Report' are matched.

2023-12-21 18:21:27 - [MESSAGE][PASSED] - Actual text and expected text of test object 'Object Repository/Page_Menu/Page_/span_Spend Report' are matched.

2023-12-21 18:21:27 - [TEST_STEP][PASSED] - delay(2): Delayed 2 second(s)

2023-12-21 18:21:29 - [MESSAGE][PASSED] - Delayed 2 second(s)]]></system-out>
         <system-err><![CDATA[]]></system-err>
      </testcase>
      <testcase name="Test Cases/Spend_Report/test_daily_spend_report" time="18.787" classname="Test Cases/Spend_Report/test_daily_spend_report" status="PASSED">
         <system-out><![CDATA[2023-12-21 18:21:29 - [TEST_CASE][PASSED] - Test Cases/Spend_Report/test_daily_spend_report: Test Cases/Spend_Report/test_daily_spend_report

2023-12-21 18:21:30 - [TEST_STEP][PASSED] - verifyElementClickable(findTestObject("Object Repository/Page_Daily_Spend_Report/Page_/div_Daily Spend Report")): Object 'Object Repository/Page_Daily_Spend_Report/Page_/div_Daily Spend Report' is clickable

2023-12-21 18:21:31 - [MESSAGE][PASSED] - Object 'Object Repository/Page_Daily_Spend_Report/Page_/div_Daily Spend Report' is clickable

2023-12-21 18:21:31 - [TEST_STEP][PASSED] - click(findTestObject("Object Repository/Page_Daily_Spend_Report/Page_/div_Daily Spend Report")): Object: 'Object Repository/Page_Daily_Spend_Report/Page_/div_Daily Spend Report' is clicked on

2023-12-21 18:21:31 - [MESSAGE][PASSED] - Object: 'Object Repository/Page_Daily_Spend_Report/Page_/div_Daily Spend Report' is clicked on

2023-12-21 18:21:31 - [TEST_STEP][PASSED] - verifyElementClickable(findTestObject("Object Repository/Page_Daily_Spend_Report/Page_/svg_Enter a date range_mat-datepicker-toggl_ef015c")): Object 'Object Repository/Page_Daily_Spend_Report/Page_/svg_Enter a date range_mat-datepicker-toggl_ef015c' is clickable

2023-12-21 18:21:33 - [MESSAGE][PASSED] - Object 'Object Repository/Page_Daily_Spend_Report/Page_/svg_Enter a date range_mat-datepicker-toggl_ef015c' is clickable

2023-12-21 18:21:33 - [TEST_STEP][PASSED] - verifyElementClickable(findTestObject("Object Repository/Page_Daily_Spend_Report/Page_/mat-icon_clear")): Object 'Object Repository/Page_Daily_Spend_Report/Page_/mat-icon_clear' is clickable

2023-12-21 18:21:34 - [MESSAGE][PASSED] - Object 'Object Repository/Page_Daily_Spend_Report/Page_/mat-icon_clear' is clickable

2023-12-21 18:21:34 - [TEST_STEP][PASSED] - click(findTestObject("Object Repository/Page_Monthly_Spend_Report/Page_/svg_Enter a date range_mat-datepicker-toggl_ef015c")): Object: 'Object Repository/Page_Monthly_Spend_Report/Page_/svg_Enter a date range_mat-datepicker-toggl_ef015c' is clicked on

2023-12-21 18:21:35 - [MESSAGE][PASSED] - Object: 'Object Repository/Page_Monthly_Spend_Report/Page_/svg_Enter a date range_mat-datepicker-toggl_ef015c' is clicked on

2023-12-21 18:21:35 - [TEST_STEP][PASSED] - click(findTestObject("Object Repository/Page_Daily_Spend_Report/Page_/button_NOV 2023_mat-focus-indicator mat-cal_145c8e")): Object: 'Object Repository/Page_Daily_Spend_Report/Page_/button_NOV 2023_mat-focus-indicator mat-cal_145c8e' is clicked on

2023-12-21 18:21:36 - [MESSAGE][PASSED] - Object: 'Object Repository/Page_Daily_Spend_Report/Page_/button_NOV 2023_mat-focus-indicator mat-cal_145c8e' is clicked on

2023-12-21 18:21:36 - [TEST_STEP][PASSED] - click(findTestObject("Object Repository/Page_Daily_Spend_Report/Page_/button_NOV 2023_mat-focus-indicator mat-cal_145c8e")): Object: 'Object Repository/Page_Daily_Spend_Report/Page_/button_NOV 2023_mat-focus-indicator mat-cal_145c8e' is clicked on

2023-12-21 18:21:37 - [MESSAGE][PASSED] - Object: 'Object Repository/Page_Daily_Spend_Report/Page_/button_NOV 2023_mat-focus-indicator mat-cal_145c8e' is clicked on

2023-12-21 18:21:37 - [TEST_STEP][PASSED] - click(findTestObject("Object Repository/Page_Daily_Spend_Report/Page_/div_1")): Object: 'Object Repository/Page_Daily_Spend_Report/Page_/div_1' is clicked on

2023-12-21 18:21:38 - [MESSAGE][PASSED] - Object: 'Object Repository/Page_Daily_Spend_Report/Page_/div_1' is clicked on

2023-12-21 18:21:38 - [TEST_STEP][PASSED] - click(findTestObject("Object Repository/Page_Daily_Spend_Report/Page_/div_30")): Object: 'Object Repository/Page_Daily_Spend_Report/Page_/div_30' is clicked on

2023-12-21 18:21:38 - [MESSAGE][PASSED] - Object: 'Object Repository/Page_Daily_Spend_Report/Page_/div_30' is clicked on

2023-12-21 18:21:38 - [TEST_STEP][PASSED] - delay(2): Delayed 2 second(s)

2023-12-21 18:21:40 - [MESSAGE][PASSED] - Delayed 2 second(s)

2023-12-21 18:21:40 - [TEST_STEP][PASSED] - click(findTestObject("Object Repository/Page_Daily_Spend_Report/Page_/canvas_Enter a date range_chartjs-render-monitor")): Object: 'Object Repository/Page_Daily_Spend_Report/Page_/canvas_Enter a date range_chartjs-render-monitor' is clicked on

2023-12-21 18:21:41 - [MESSAGE][PASSED] - Object: 'Object Repository/Page_Daily_Spend_Report/Page_/canvas_Enter a date range_chartjs-render-monitor' is clicked on

2023-12-21 18:21:41 - [TEST_STEP][PASSED] - click(findTestObject("Object Repository/Page_Daily_Spend_Report/Page_/canvas_Enter a date range_chartjs-render-monitor")): Object: 'Object Repository/Page_Daily_Spend_Report/Page_/canvas_Enter a date range_chartjs-render-monitor' is clicked on

2023-12-21 18:21:41 - [MESSAGE][PASSED] - Object: 'Object Repository/Page_Daily_Spend_Report/Page_/canvas_Enter a date range_chartjs-render-monitor' is clicked on

2023-12-21 18:21:41 - [TEST_STEP][PASSED] - click(findTestObject("Object Repository/Page_Daily_Spend_Report/Page_/canvas_Enter a date range_chartjs-render-monitor")): Object: 'Object Repository/Page_Daily_Spend_Report/Page_/canvas_Enter a date range_chartjs-render-monitor' is clicked on

2023-12-21 18:21:42 - [MESSAGE][PASSED] - Object: 'Object Repository/Page_Daily_Spend_Report/Page_/canvas_Enter a date range_chartjs-render-monitor' is clicked on

2023-12-21 18:21:42 - [TEST_STEP][PASSED] - callTestCase(findTestCase("Reusable_Functions/Fullscreen"), [:], CONTINUE_ON_FAILURE): Call Test Case 'Test Cases/Reusable_Functions/Fullscreen' successfully

2023-12-21 18:21:42 - [TEST_CASE][PASSED] - Test Cases/Reusable_Functions/Fullscreen: Test Cases/Reusable_Functions/Fullscreen

2023-12-21 18:21:43 - [TEST_STEP][PASSED] - verifyElementClickable(findTestObject("Object Repository/Page_Fullscreen/Page_/img")): Object 'Object Repository/Page_Fullscreen/Page_/img' is clickable

2023-12-21 18:21:43 - [MESSAGE][PASSED] - Object 'Object Repository/Page_Fullscreen/Page_/img' is clickable

2023-12-21 18:21:43 - [TEST_STEP][PASSED] - click(findTestObject("Object Repository/Page_Fullscreen/Page_/img")): Object: 'Object Repository/Page_Fullscreen/Page_/img' is clicked on

2023-12-21 18:21:44 - [MESSAGE][PASSED] - Object: 'Object Repository/Page_Fullscreen/Page_/img' is clicked on

2023-12-21 18:21:44 - [TEST_STEP][PASSED] - delay(2): Delayed 2 second(s)

2023-12-21 18:21:46 - [MESSAGE][PASSED] - Delayed 2 second(s)

2023-12-21 18:21:46 - [TEST_STEP][PASSED] - executeJavaScript("document.exitFullscreen();", null): Execute JavaScript 'document.exitFullscreen();' successfully

2023-12-21 18:21:46 - [MESSAGE][PASSED] - Execute JavaScript 'document.exitFullscreen();' successfully

2023-12-21 18:21:46 - [TEST_STEP][PASSED] - delay(2): Delayed 2 second(s)

2023-12-21 18:21:48 - [MESSAGE][PASSED] - Delayed 2 second(s)

2023-12-21 18:21:48 - [MESSAGE][PASSED] - Call Test Case 'Test Cases/Reusable_Functions/Fullscreen' successfully]]></system-out>
         <system-err><![CDATA[]]></system-err>
      </testcase>
      <system-out><![CDATA[2023-12-21 18:20:09 - [TEST_SUITE][PASSED] - Demo_test: Test Cases/Spend_Report/test_daily_spend_report]]></system-out>
      <system-err><![CDATA[]]></system-err>
   </testsuite>
</testsuites>
