<?xml version="1.0" encoding="UTF-8"?>
<testsuites name="browser_test" time="233.347" tests="5" failures="0" errors="0">
   <testsuite name="browser_test" tests="5" failures="0" errors="0" time="233.347" skipped="0" timestamp="2023-12-22 15:47:28" hostname="Pavitra I R - DESKTOP-MFB1Q4P" id="Test Suites/browser_test">
      <properties>
         <property name="deviceName" value=""/>
         <property name="devicePlatform" value=""/>
         <property name="logFolder" value="C:\\Users\\Pavitra I R\\Katalon Studio\\Admetrics\\Reports\\20231222_154719\\browser_test\\20231222_154720"/>
         <property name="logFiles" value="C:\\Users\\Pavitra I R\\Katalon Studio\\Admetrics\\Reports\\20231222_154719\\browser_test\\20231222_154720\\execution0.log"/>
         <property name="attachments" value=""/>
         <property name="hostName" value="Pavitra I R - DESKTOP-MFB1Q4P"/>
         <property name="os" value="Windows 10 64bit"/>
         <property name="katalonVersion" value="8.6.8.208"/>
         <property name="browser" value="Chrome 120.0.0.0"/>
         <property name="hostAddress" value="192.168.29.24"/>
         <property name="sessionId" value="b310ac24deef02aa82535a5e63f0032c"/>
         <property name="seleniumVersion" value="3.141.59"/>
         <property name="proxyInformation" value="ProxyInformation { proxyOption=NO_PROXY, proxyServerType=HTTP, username=, password=********, proxyServerAddress=, proxyServerPort=0, executionList=&quot;&quot;, isApplyToDesiredCapabilities=true }"/>
         <property name="platform" value="Windows 10"/>
      </properties>
      <testcase name="Test Cases/Login_Page/test_verify_project_title" time="69.543" classname="Test Cases/Login_Page/test_verify_project_title" status="PASSED">
         <system-out><![CDATA[2023-12-22 15:47:28 - [TEST_CASE][PASSED] - Test Cases/Login_Page/test_verify_project_title: Test Cases/Login_Page/test_verify_project_title

2023-12-22 15:47:29 - [TEST_STEP][PASSED] - openBrowser(""): Browser is opened with url: ''

2023-12-22 15:47:29 - [MESSAGE][INFO] - Starting 'Chrome' driver

2023-12-22 15:47:29 - [MESSAGE][INFO] - Action delay is set to 0 milliseconds

2023-12-22 15:47:31 - [MESSAGE][PASSED] - Browser is opened with url: ''

2023-12-22 15:47:31 - [TEST_STEP][PASSED] - maximizeWindow(): Current window maximized

2023-12-22 15:47:31 - [MESSAGE][PASSED] - Current window maximized

2023-12-22 15:47:31 - [TEST_STEP][PASSED] - navigateToUrl("https://dash.admetrics.ai/#/login
"): Navigate to 'https://dash.admetrics.ai/#/login' successfully

2023-12-22 15:47:32 - [MESSAGE][PASSED] - Navigate to 'https://dash.admetrics.ai/#/login' successfully

2023-12-22 15:47:32 - [TEST_STEP][PASSED] - verifyElementVisible(findTestObject("Object Repository/Page_Project_Title/Page_/img_User ID_logoImg mr-3")): Object 'Object Repository/Page_Project_Title/Page_/img_User ID_logoImg mr-3' is visible

2023-12-22 15:48:03 - [MESSAGE][INFO] - Unable to find the element located by 'By.xpath: //div[@id='background']/div/div/div/div/div/img'. Please recheck the objects properties to make sure the desired element is located. 

2023-12-22 15:48:03 - [MESSAGE][WARNING] - [SELF-HEALING] Failed to find element with id 'Object Repository/Page_Project_Title/Page_/img_User ID_logoImg mr-3'. Try using Self-healing.

2023-12-22 15:48:04 - [MESSAGE][WARNING] - [SELF-HEALING] The current locator of test object 'Object Repository/Page_Project_Title/Page_/img_User ID_logoImg mr-3' was broken. Propose an alternative one: '//img'.

2023-12-22 15:48:04 - [MESSAGE][PASSED] - Object 'Object Repository/Page_Project_Title/Page_/img_User ID_logoImg mr-3' is visible

2023-12-22 15:48:04 - [TEST_STEP][PASSED] - verifyElementText(findTestObject("Object Repository/Page_Project_Title/Page_/p_admetrics"), "admetrics"): Actual text and expected text of test object 'Object Repository/Page_Project_Title/Page_/p_admetrics' are matched.

2023-12-22 15:48:35 - [MESSAGE][INFO] - Unable to find the element located by 'By.xpath: //div[@id='background']/div/div/div/div/p'. Please recheck the objects properties to make sure the desired element is located. 

2023-12-22 15:48:35 - [MESSAGE][WARNING] - [SELF-HEALING] Failed to find element with id 'Object Repository/Page_Project_Title/Page_/p_admetrics'. Try using Self-healing.

2023-12-22 15:48:35 - [MESSAGE][WARNING] - [SELF-HEALING] The current locator of test object 'Object Repository/Page_Project_Title/Page_/p_admetrics' was broken. Propose an alternative one: '(.//*[normalize-space(text()) and normalize-space(.)='User ID'])[1]/preceding::p[1]'.

2023-12-22 15:48:36 - [MESSAGE][PASSED] - Actual text and expected text of test object 'Object Repository/Page_Project_Title/Page_/p_admetrics' are matched.

2023-12-22 15:48:36 - [TEST_STEP][PASSED] - verifyElementText(findTestObject("Object Repository/Page_Project_Title/Page_/label_User ID"), "User ID"): Actual text and expected text of test object 'Object Repository/Page_Project_Title/Page_/label_User ID' are matched.

2023-12-22 15:48:36 - [MESSAGE][PASSED] - Actual text and expected text of test object 'Object Repository/Page_Project_Title/Page_/label_User ID' are matched.

2023-12-22 15:48:36 - [TEST_STEP][PASSED] - verifyElementText(findTestObject("Object Repository/Page_Project_Title/Page_/input_User ID_username"), ""): Actual text and expected text of test object 'Object Repository/Page_Project_Title/Page_/input_User ID_username' are matched.

2023-12-22 15:48:36 - [MESSAGE][PASSED] - Actual text and expected text of test object 'Object Repository/Page_Project_Title/Page_/input_User ID_username' are matched.

2023-12-22 15:48:36 - [TEST_STEP][PASSED] - verifyElementText(findTestObject("Object Repository/Page_Project_Title/Page_/label_Password"), "Password"): Actual text and expected text of test object 'Object Repository/Page_Project_Title/Page_/label_Password' are matched.

2023-12-22 15:48:37 - [MESSAGE][PASSED] - Actual text and expected text of test object 'Object Repository/Page_Project_Title/Page_/label_Password' are matched.

2023-12-22 15:48:37 - [TEST_STEP][PASSED] - verifyElementText(findTestObject("Object Repository/Page_Project_Title/Page_/input_Password_password"), ""): Actual text and expected text of test object 'Object Repository/Page_Project_Title/Page_/input_Password_password' are matched.

2023-12-22 15:48:37 - [MESSAGE][PASSED] - Actual text and expected text of test object 'Object Repository/Page_Project_Title/Page_/input_Password_password' are matched.

2023-12-22 15:48:37 - [TEST_STEP][PASSED] - verifyElementText(findTestObject("Object Repository/Page_Project_Title/Page_/button_Login"), "Login"): Actual text and expected text of test object 'Object Repository/Page_Project_Title/Page_/button_Login' are matched.

2023-12-22 15:48:38 - [MESSAGE][PASSED] - Actual text and expected text of test object 'Object Repository/Page_Project_Title/Page_/button_Login' are matched.

2023-12-22 15:48:38 - [TEST_STEP][PASSED] - verifyElementClickable(findTestObject("Object Repository/Page_Project_Title/Page_/button_Login")): Object 'Object Repository/Page_Project_Title/Page_/button_Login' is clickable

2023-12-22 15:48:38 - [MESSAGE][PASSED] - Object 'Object Repository/Page_Project_Title/Page_/button_Login' is clickable]]></system-out>
         <system-err><![CDATA[]]></system-err>
      </testcase>
      <testcase name="Test Cases/Login_Page/test_valid_login" time="8.873" classname="Test Cases/Login_Page/test_valid_login" status="PASSED">
         <system-out><![CDATA[2023-12-22 15:48:38 - [TEST_CASE][PASSED] - Test Cases/Login_Page/test_valid_login: Test Cases/Login_Page/test_valid_login

2023-12-22 15:48:38 - [TEST_STEP][PASSED] - setText(findTestObject("Object Repository/Page_valid_login/Page_/input_User ID_username"), username): Text 'admin' is set on object 'Object Repository/Page_valid_login/Page_/input_User ID_username'

2023-12-22 15:48:40 - [MESSAGE][PASSED] - Text 'admin' is set on object 'Object Repository/Page_valid_login/Page_/input_User ID_username'

2023-12-22 15:48:40 - [TEST_STEP][PASSED] - setEncryptedText(findTestObject("Object Repository/Page_valid_login/Page_/input_Password_password"), password): Text ****** has been set on object 'Object Repository/Page_valid_login/Page_/input_Password_password'

2023-12-22 15:48:40 - [MESSAGE][PASSED] - Text ****** has been set on object 'Object Repository/Page_valid_login/Page_/input_Password_password'

2023-12-22 15:48:40 - [TEST_STEP][PASSED] - click(findTestObject("Object Repository/Page_valid_login/Page_/button_Login")): Object: 'Object Repository/Page_valid_login/Page_/button_Login' is clicked on

2023-12-22 15:48:40 - [MESSAGE][PASSED] - Object: 'Object Repository/Page_valid_login/Page_/button_Login' is clicked on

2023-12-22 15:48:40 - [TEST_STEP][PASSED] - verifyElementText(findTestObject("Object Repository/Page_Menu/Page_/span_Spend Report"), "Spend Report"): Actual text and expected text of test object 'Object Repository/Page_Menu/Page_/span_Spend Report' are matched.

2023-12-22 15:48:45 - [MESSAGE][PASSED] - Actual text and expected text of test object 'Object Repository/Page_Menu/Page_/span_Spend Report' are matched.

2023-12-22 15:48:45 - [TEST_STEP][PASSED] - delay(2): Delayed 2 second(s)

2023-12-22 15:48:47 - [MESSAGE][PASSED] - Delayed 2 second(s)]]></system-out>
         <system-err><![CDATA[]]></system-err>
      </testcase>
      <testcase name="Test Cases/Campaign/test_camaign_cac_report" time="35.457" classname="Test Cases/Campaign/test_camaign_cac_report" status="PASSED">
         <system-out><![CDATA[2023-12-22 15:48:47 - [TEST_CASE][PASSED] - Test Cases/Campaign/test_camaign_cac_report: Test Cases/Campaign/test_camaign_cac_report

2023-12-22 15:48:47 - [TEST_STEP][PASSED] - verifyElementClickable(findTestObject("Object Repository/Page_Campaign_CAC_Report1/Page_/li_Campaign")): Object 'Object Repository/Page_Campaign_CAC_Report1/Page_/li_Campaign' is clickable

2023-12-22 15:48:48 - [MESSAGE][PASSED] - Object 'Object Repository/Page_Campaign_CAC_Report1/Page_/li_Campaign' is clickable

2023-12-22 15:48:48 - [TEST_STEP][PASSED] - click(findTestObject("Object Repository/Page_Campaign_CAC_Report1/Page_/li_Campaign")): Object: 'Object Repository/Page_Campaign_CAC_Report1/Page_/li_Campaign' is clicked on

2023-12-22 15:48:48 - [MESSAGE][PASSED] - Object: 'Object Repository/Page_Campaign_CAC_Report1/Page_/li_Campaign' is clicked on

2023-12-22 15:48:48 - [TEST_STEP][PASSED] - verifyElementClickable(findTestObject("Object Repository/Page_Campaign_CAC_Report1/Page_/div_Campaign CAC")): Object 'Object Repository/Page_Campaign_CAC_Report1/Page_/div_Campaign CAC' is clickable

2023-12-22 15:48:51 - [MESSAGE][PASSED] - Object 'Object Repository/Page_Campaign_CAC_Report1/Page_/div_Campaign CAC' is clickable

2023-12-22 15:48:51 - [TEST_STEP][PASSED] - click(findTestObject("Object Repository/Page_Campaign_CAC_Report1/Page_/div_Campaign CAC")): Object: 'Object Repository/Page_Campaign_CAC_Report1/Page_/div_Campaign CAC' is clicked on

2023-12-22 15:48:52 - [MESSAGE][PASSED] - Object: 'Object Repository/Page_Campaign_CAC_Report1/Page_/div_Campaign CAC' is clicked on

2023-12-22 15:48:52 - [TEST_STEP][PASSED] - verifyElementClickable(findTestObject("Object Repository/Page_Campaign_CAC_Report1/Page_/svg_Enter a date range_mat-datepicker-toggl_ef015c")): Object 'Object Repository/Page_Campaign_CAC_Report1/Page_/svg_Enter a date range_mat-datepicker-toggl_ef015c' is clickable

2023-12-22 15:48:53 - [MESSAGE][PASSED] - Object 'Object Repository/Page_Campaign_CAC_Report1/Page_/svg_Enter a date range_mat-datepicker-toggl_ef015c' is clickable

2023-12-22 15:48:53 - [TEST_STEP][PASSED] - verifyElementClickable(findTestObject("Object Repository/Page_Campaign_CAC_Report1/Page_/mat-icon_clear")): Object 'Object Repository/Page_Campaign_CAC_Report1/Page_/mat-icon_clear' is clickable

2023-12-22 15:48:53 - [MESSAGE][PASSED] - Object 'Object Repository/Page_Campaign_CAC_Report1/Page_/mat-icon_clear' is clickable

2023-12-22 15:48:53 - [TEST_STEP][PASSED] - click(findTestObject("Object Repository/Page_Campaign_CAC_Report1/Page_/svg_Enter a date range_mat-datepicker-toggl_ef015c")): Object: 'Object Repository/Page_Campaign_CAC_Report1/Page_/svg_Enter a date range_mat-datepicker-toggl_ef015c' is clicked on

2023-12-22 15:48:53 - [MESSAGE][PASSED] - Object: 'Object Repository/Page_Campaign_CAC_Report1/Page_/svg_Enter a date range_mat-datepicker-toggl_ef015c' is clicked on

2023-12-22 15:48:53 - [TEST_STEP][PASSED] - verifyElementClickable(findTestObject("Object Repository/Page_Campaign_CAC_Report1/Page_/button_DEC 2023_mat-focus-indicator mat-cal_bd9491")): Object 'Object Repository/Page_Campaign_CAC_Report1/Page_/button_DEC 2023_mat-focus-indicator mat-cal_bd9491' is clickable

2023-12-22 15:48:54 - [MESSAGE][PASSED] - Object 'Object Repository/Page_Campaign_CAC_Report1/Page_/button_DEC 2023_mat-focus-indicator mat-cal_bd9491' is clickable

2023-12-22 15:48:54 - [TEST_STEP][PASSED] - verifyElementClickable(findTestObject("Object Repository/Page_Campaign_CAC_Report1/Page_/button_DEC 2023_mat-focus-indicator mat-cal_bd9491")): Object 'Object Repository/Page_Campaign_CAC_Report1/Page_/button_DEC 2023_mat-focus-indicator mat-cal_bd9491' is clickable

2023-12-22 15:48:55 - [MESSAGE][PASSED] - Object 'Object Repository/Page_Campaign_CAC_Report1/Page_/button_DEC 2023_mat-focus-indicator mat-cal_bd9491' is clickable

2023-12-22 15:48:55 - [TEST_STEP][PASSED] - click(findTestObject("Object Repository/Page_Campaign_CAC_Report1/Page_/button_DEC 2023_mat-focus-indicator mat-cal_bd9491")): Object: 'Object Repository/Page_Campaign_CAC_Report1/Page_/button_DEC 2023_mat-focus-indicator mat-cal_bd9491' is clicked on

2023-12-22 15:48:55 - [MESSAGE][PASSED] - Object: 'Object Repository/Page_Campaign_CAC_Report1/Page_/button_DEC 2023_mat-focus-indicator mat-cal_bd9491' is clicked on

2023-12-22 15:48:55 - [TEST_STEP][PASSED] - click(findTestObject("Object Repository/Page_Campaign_CAC_Report1/Page_/button_DEC 2023_mat-focus-indicator mat-cal_bd9491")): Object: 'Object Repository/Page_Campaign_CAC_Report1/Page_/button_DEC 2023_mat-focus-indicator mat-cal_bd9491' is clicked on

2023-12-22 15:48:56 - [MESSAGE][PASSED] - Object: 'Object Repository/Page_Campaign_CAC_Report1/Page_/button_DEC 2023_mat-focus-indicator mat-cal_bd9491' is clicked on

2023-12-22 15:48:56 - [TEST_STEP][PASSED] - click(findTestObject("Object Repository/Page_Campaign_CAC_Report1/Page_/div_1")): Object: 'Object Repository/Page_Campaign_CAC_Report1/Page_/div_1' is clicked on

2023-12-22 15:48:57 - [MESSAGE][PASSED] - Object: 'Object Repository/Page_Campaign_CAC_Report1/Page_/div_1' is clicked on

2023-12-22 15:48:57 - [TEST_STEP][PASSED] - click(findTestObject("Object Repository/Page_Campaign_CAC_Report1/Page_/div_31")): Object: 'Object Repository/Page_Campaign_CAC_Report1/Page_/div_31' is clicked on

2023-12-22 15:48:57 - [MESSAGE][PASSED] - Object: 'Object Repository/Page_Campaign_CAC_Report1/Page_/div_31' is clicked on

2023-12-22 15:48:57 - [TEST_STEP][PASSED] - verifyElementText(findTestObject("Object Repository/Page_Campaign_CAC_Report1/Page_/div_Select Channel"), "Select Channel"): Actual text and expected text of test object 'Object Repository/Page_Campaign_CAC_Report1/Page_/div_Select Channel' are matched.

2023-12-22 15:48:59 - [MESSAGE][PASSED] - Actual text and expected text of test object 'Object Repository/Page_Campaign_CAC_Report1/Page_/div_Select Channel' are matched.

2023-12-22 15:48:59 - [TEST_STEP][PASSED] - verifyElementClickable(findTestObject("Object Repository/Page_Campaign_CAC_Report1/Page_/span_Google Ads_ng-arrow-wrapper")): Object 'Object Repository/Page_Campaign_CAC_Report1/Page_/span_Google Ads_ng-arrow-wrapper' is clickable

2023-12-22 15:48:59 - [MESSAGE][PASSED] - Object 'Object Repository/Page_Campaign_CAC_Report1/Page_/span_Google Ads_ng-arrow-wrapper' is clickable

2023-12-22 15:48:59 - [TEST_STEP][PASSED] - click(findTestObject("Object Repository/Page_Campaign_CAC_Report1/Page_/span_Google Ads_ng-arrow-wrapper")): Object: 'Object Repository/Page_Campaign_CAC_Report1/Page_/span_Google Ads_ng-arrow-wrapper' is clicked on

2023-12-22 15:48:59 - [MESSAGE][PASSED] - Object: 'Object Repository/Page_Campaign_CAC_Report1/Page_/span_Google Ads_ng-arrow-wrapper' is clicked on

2023-12-22 15:48:59 - [TEST_STEP][PASSED] - click(findTestObject("Object Repository/Page_Campaign_CAC_Report1/Page_/span_Google Ads_ng-arrow-wrapper")): Object: 'Object Repository/Page_Campaign_CAC_Report1/Page_/span_Google Ads_ng-arrow-wrapper' is clicked on

2023-12-22 15:49:00 - [MESSAGE][PASSED] - Object: 'Object Repository/Page_Campaign_CAC_Report1/Page_/span_Google Ads_ng-arrow-wrapper' is clicked on

2023-12-22 15:49:00 - [TEST_STEP][PASSED] - verifyElementText(findTestObject("Object Repository/Page_Campaign_CAC_Report1/Page_/div_Select Businessline"), "Select Businessline"): Actual text and expected text of test object 'Object Repository/Page_Campaign_CAC_Report1/Page_/div_Select Businessline' are matched.

2023-12-22 15:49:00 - [MESSAGE][PASSED] - Actual text and expected text of test object 'Object Repository/Page_Campaign_CAC_Report1/Page_/div_Select Businessline' are matched.

2023-12-22 15:49:00 - [TEST_STEP][PASSED] - verifyElementClickable(findTestObject("Object Repository/Page_Campaign_CAC_Report1/Page_/span_Buyer_ng-arrow-wrapper")): Object 'Object Repository/Page_Campaign_CAC_Report1/Page_/span_Buyer_ng-arrow-wrapper' is clickable

2023-12-22 15:49:01 - [MESSAGE][PASSED] - Object 'Object Repository/Page_Campaign_CAC_Report1/Page_/span_Buyer_ng-arrow-wrapper' is clickable

2023-12-22 15:49:01 - [TEST_STEP][PASSED] - click(findTestObject("Object Repository/Page_Campaign_CAC_Report1/Page_/span_Buyer_ng-arrow-wrapper")): Object: 'Object Repository/Page_Campaign_CAC_Report1/Page_/span_Buyer_ng-arrow-wrapper' is clicked on

2023-12-22 15:49:01 - [MESSAGE][PASSED] - Object: 'Object Repository/Page_Campaign_CAC_Report1/Page_/span_Buyer_ng-arrow-wrapper' is clicked on

2023-12-22 15:49:01 - [TEST_STEP][PASSED] - click(findTestObject("Object Repository/Page_Campaign_CAC_Report1/Page_/span_Buyer_ng-arrow-wrapper")): Object: 'Object Repository/Page_Campaign_CAC_Report1/Page_/span_Buyer_ng-arrow-wrapper' is clicked on

2023-12-22 15:49:01 - [MESSAGE][PASSED] - Object: 'Object Repository/Page_Campaign_CAC_Report1/Page_/span_Buyer_ng-arrow-wrapper' is clicked on

2023-12-22 15:49:01 - [TEST_STEP][PASSED] - verifyElementText(findTestObject("Object Repository/Page_Campaign_CAC_Report1/Page_/div_Select Campaign Status"), "Select Campaign Status"): Actual text and expected text of test object 'Object Repository/Page_Campaign_CAC_Report1/Page_/div_Select Campaign Status' are matched.

2023-12-22 15:49:02 - [MESSAGE][PASSED] - Actual text and expected text of test object 'Object Repository/Page_Campaign_CAC_Report1/Page_/div_Select Campaign Status' are matched.

2023-12-22 15:49:02 - [TEST_STEP][PASSED] - verifyElementClickable(findTestObject("Object Repository/Page_Campaign_CAC_Report1/Page_/span_ENABLED_ng-arrow-wrapper")): Object 'Object Repository/Page_Campaign_CAC_Report1/Page_/span_ENABLED_ng-arrow-wrapper' is clickable

2023-12-22 15:49:02 - [MESSAGE][PASSED] - Object 'Object Repository/Page_Campaign_CAC_Report1/Page_/span_ENABLED_ng-arrow-wrapper' is clickable

2023-12-22 15:49:02 - [TEST_STEP][PASSED] - click(findTestObject("Object Repository/Page_Campaign_CAC_Report1/Page_/span_ENABLED_ng-arrow-wrapper")): Object: 'Object Repository/Page_Campaign_CAC_Report1/Page_/span_ENABLED_ng-arrow-wrapper' is clicked on

2023-12-22 15:49:03 - [MESSAGE][PASSED] - Object: 'Object Repository/Page_Campaign_CAC_Report1/Page_/span_ENABLED_ng-arrow-wrapper' is clicked on

2023-12-22 15:49:03 - [TEST_STEP][PASSED] - click(findTestObject("Object Repository/Page_Campaign_CAC_Report1/Page_/span_ENABLED_ng-arrow-wrapper")): Object: 'Object Repository/Page_Campaign_CAC_Report1/Page_/span_ENABLED_ng-arrow-wrapper' is clicked on

2023-12-22 15:49:03 - [MESSAGE][PASSED] - Object: 'Object Repository/Page_Campaign_CAC_Report1/Page_/span_ENABLED_ng-arrow-wrapper' is clicked on

2023-12-22 15:49:03 - [TEST_STEP][PASSED] - verifyElementText(findTestObject("Object Repository/Page_Campaign_CAC_Report1/Page_/input_text"), ""): Actual text and expected text of test object 'Object Repository/Page_Campaign_CAC_Report1/Page_/input_text' are matched.

2023-12-22 15:49:04 - [MESSAGE][PASSED] - Actual text and expected text of test object 'Object Repository/Page_Campaign_CAC_Report1/Page_/input_text' are matched.

2023-12-22 15:49:04 - [TEST_STEP][PASSED] - verifyElementClickable(findTestObject("Object Repository/Page_Campaign_CAC_Report1/Page_/span_Select Campaign Name_ng-arrow-wrapper")): Object 'Object Repository/Page_Campaign_CAC_Report1/Page_/span_Select Campaign Name_ng-arrow-wrapper' is clickable

2023-12-22 15:49:04 - [MESSAGE][PASSED] - Object 'Object Repository/Page_Campaign_CAC_Report1/Page_/span_Select Campaign Name_ng-arrow-wrapper' is clickable

2023-12-22 15:49:04 - [TEST_STEP][PASSED] - click(findTestObject("Object Repository/Page_Campaign_CAC_Report1/Page_/span_Select Campaign Name_ng-arrow-wrapper_1")): Object: 'Object Repository/Page_Campaign_CAC_Report1/Page_/span_Select Campaign Name_ng-arrow-wrapper_1' is clicked on

2023-12-22 15:49:04 - [MESSAGE][PASSED] - Object: 'Object Repository/Page_Campaign_CAC_Report1/Page_/span_Select Campaign Name_ng-arrow-wrapper_1' is clicked on

2023-12-22 15:49:04 - [TEST_STEP][PASSED] - click(findTestObject("Object Repository/Page_Campaign_CAC_Report1/Page_/span_Select Campaign Name_ng-arrow-wrapper_1_2")): Object: 'Object Repository/Page_Campaign_CAC_Report1/Page_/span_Select Campaign Name_ng-arrow-wrapper_1_2' is clicked on

2023-12-22 15:49:05 - [MESSAGE][PASSED] - Object: 'Object Repository/Page_Campaign_CAC_Report1/Page_/span_Select Campaign Name_ng-arrow-wrapper_1_2' is clicked on

2023-12-22 15:49:05 - [TEST_STEP][PASSED] - verifyElementText(findTestObject("Object Repository/Page_Campaign_CAC_Report1/Page_/h2_Campaign CAC"), "Campaign CAC"): Actual text and expected text of test object 'Object Repository/Page_Campaign_CAC_Report1/Page_/h2_Campaign CAC' are matched.

2023-12-22 15:49:05 - [MESSAGE][PASSED] - Actual text and expected text of test object 'Object Repository/Page_Campaign_CAC_Report1/Page_/h2_Campaign CAC' are matched.

2023-12-22 15:49:05 - [TEST_STEP][PASSED] - verifyElementText(findTestObject("Object Repository/Page_Campaign_CAC_Report1/Page_/div_Date"), "Date"): Actual text and expected text of test object 'Object Repository/Page_Campaign_CAC_Report1/Page_/div_Date' are matched.

2023-12-22 15:49:06 - [MESSAGE][PASSED] - Actual text and expected text of test object 'Object Repository/Page_Campaign_CAC_Report1/Page_/div_Date' are matched.

2023-12-22 15:49:06 - [TEST_STEP][PASSED] - verifyElementClickable(findTestObject("Object Repository/Page_Campaign_CAC_Report1/Page_/div_Date_mat-sort-header-arrow ng-trigger n_0c7fb0")): Object 'Object Repository/Page_Campaign_CAC_Report1/Page_/div_Date_mat-sort-header-arrow ng-trigger n_0c7fb0' is clickable

2023-12-22 15:49:06 - [MESSAGE][PASSED] - Object 'Object Repository/Page_Campaign_CAC_Report1/Page_/div_Date_mat-sort-header-arrow ng-trigger n_0c7fb0' is clickable

2023-12-22 15:49:06 - [TEST_STEP][PASSED] - click(findTestObject("Object Repository/Page_Campaign_CAC_Report1/Page_/div_Date_mat-sort-header-arrow ng-trigger n_e54b1f")): Object: 'Object Repository/Page_Campaign_CAC_Report1/Page_/div_Date_mat-sort-header-arrow ng-trigger n_e54b1f' is clicked on

2023-12-22 15:49:06 - [MESSAGE][PASSED] - Object: 'Object Repository/Page_Campaign_CAC_Report1/Page_/div_Date_mat-sort-header-arrow ng-trigger n_e54b1f' is clicked on

2023-12-22 15:49:06 - [TEST_STEP][PASSED] - verifyElementText(findTestObject("Object Repository/Page_Campaign_CAC_Report1/Page_/div_Campaign Name"), "Campaign Name"): Actual text and expected text of test object 'Object Repository/Page_Campaign_CAC_Report1/Page_/div_Campaign Name' are matched.

2023-12-22 15:49:07 - [MESSAGE][PASSED] - Actual text and expected text of test object 'Object Repository/Page_Campaign_CAC_Report1/Page_/div_Campaign Name' are matched.

2023-12-22 15:49:07 - [TEST_STEP][PASSED] - verifyElementClickable(findTestObject("Object Repository/Page_Campaign_CAC_Report1/Page_/div_Campaign Name_mat-sort-header-pointer-r_b7128a_1")): Object 'Object Repository/Page_Campaign_CAC_Report1/Page_/div_Campaign Name_mat-sort-header-pointer-r_b7128a_1' is clickable

2023-12-22 15:49:07 - [MESSAGE][PASSED] - Object 'Object Repository/Page_Campaign_CAC_Report1/Page_/div_Campaign Name_mat-sort-header-pointer-r_b7128a_1' is clickable

2023-12-22 15:49:07 - [TEST_STEP][PASSED] - click(findTestObject("Object Repository/Page_Campaign_CAC_Report1/Page_/div_Campaign Name_mat-sort-header-stem ng-t_af6e04")): Object: 'Object Repository/Page_Campaign_CAC_Report1/Page_/div_Campaign Name_mat-sort-header-stem ng-t_af6e04' is clicked on

2023-12-22 15:49:07 - [MESSAGE][PASSED] - Object: 'Object Repository/Page_Campaign_CAC_Report1/Page_/div_Campaign Name_mat-sort-header-stem ng-t_af6e04' is clicked on

2023-12-22 15:49:07 - [TEST_STEP][PASSED] - verifyElementText(findTestObject("Object Repository/Page_Campaign_CAC_Report1/Page_/div_Campaign Spend"), "Campaign Spend"): Actual text and expected text of test object 'Object Repository/Page_Campaign_CAC_Report1/Page_/div_Campaign Spend' are matched.

2023-12-22 15:49:08 - [MESSAGE][PASSED] - Actual text and expected text of test object 'Object Repository/Page_Campaign_CAC_Report1/Page_/div_Campaign Spend' are matched.

2023-12-22 15:49:08 - [TEST_STEP][PASSED] - verifyElementClickable(findTestObject("Object Repository/Page_Campaign_CAC_Report1/Page_/div_Campaign Spend_mat-sort-header-arrow ng_2e20a7")): Object 'Object Repository/Page_Campaign_CAC_Report1/Page_/div_Campaign Spend_mat-sort-header-arrow ng_2e20a7' is clickable

2023-12-22 15:49:08 - [MESSAGE][PASSED] - Object 'Object Repository/Page_Campaign_CAC_Report1/Page_/div_Campaign Spend_mat-sort-header-arrow ng_2e20a7' is clickable

2023-12-22 15:49:08 - [TEST_STEP][PASSED] - click(findTestObject("Object Repository/Page_Campaign_CAC_Report1/Page_/div_Campaign Spend_mat-sort-header-stem ng-_0cf940")): Object: 'Object Repository/Page_Campaign_CAC_Report1/Page_/div_Campaign Spend_mat-sort-header-stem ng-_0cf940' is clicked on

2023-12-22 15:49:09 - [MESSAGE][PASSED] - Object: 'Object Repository/Page_Campaign_CAC_Report1/Page_/div_Campaign Spend_mat-sort-header-stem ng-_0cf940' is clicked on

2023-12-22 15:49:09 - [TEST_STEP][PASSED] - verifyElementText(findTestObject("Object Repository/Page_Campaign_CAC_Report1/Page_/div_No Conversion"), "No Conversion"): Actual text and expected text of test object 'Object Repository/Page_Campaign_CAC_Report1/Page_/div_No Conversion' are matched.

2023-12-22 15:49:09 - [MESSAGE][PASSED] - Actual text and expected text of test object 'Object Repository/Page_Campaign_CAC_Report1/Page_/div_No Conversion' are matched.

2023-12-22 15:49:09 - [TEST_STEP][PASSED] - verifyElementClickable(findTestObject("Object Repository/Page_Campaign_CAC_Report1/Page_/div_No Conversion_mat-sort-header-arrow ng-_4616e3")): Object 'Object Repository/Page_Campaign_CAC_Report1/Page_/div_No Conversion_mat-sort-header-arrow ng-_4616e3' is clickable

2023-12-22 15:49:09 - [MESSAGE][PASSED] - Object 'Object Repository/Page_Campaign_CAC_Report1/Page_/div_No Conversion_mat-sort-header-arrow ng-_4616e3' is clickable

2023-12-22 15:49:09 - [TEST_STEP][PASSED] - click(findTestObject("Object Repository/Page_Campaign_CAC_Report1/Page_/div_No Conversion_mat-sort-header-arrow ng-_4616e3")): Object: 'Object Repository/Page_Campaign_CAC_Report1/Page_/div_No Conversion_mat-sort-header-arrow ng-_4616e3' is clicked on

2023-12-22 15:49:10 - [MESSAGE][PASSED] - Object: 'Object Repository/Page_Campaign_CAC_Report1/Page_/div_No Conversion_mat-sort-header-arrow ng-_4616e3' is clicked on

2023-12-22 15:49:10 - [TEST_STEP][PASSED] - verifyElementText(findTestObject("Object Repository/Page_Campaign_CAC_Report1/Page_/div_Campaign CAC"), "Campaign CAC"): Actual text and expected text of test object 'Object Repository/Page_Campaign_CAC_Report1/Page_/div_Campaign CAC' are matched.

2023-12-22 15:49:10 - [MESSAGE][PASSED] - Actual text and expected text of test object 'Object Repository/Page_Campaign_CAC_Report1/Page_/div_Campaign CAC' are matched.

2023-12-22 15:49:10 - [TEST_STEP][PASSED] - verifyElementClickable(findTestObject("Object Repository/Page_Campaign_CAC_Report1/Page_/div_Campaign CAC_mat-sort-header-stem ng-tn_de3c71_1")): Object 'Object Repository/Page_Campaign_CAC_Report1/Page_/div_Campaign CAC_mat-sort-header-stem ng-tn_de3c71_1' is clickable

2023-12-22 15:49:11 - [MESSAGE][PASSED] - Object 'Object Repository/Page_Campaign_CAC_Report1/Page_/div_Campaign CAC_mat-sort-header-stem ng-tn_de3c71_1' is clickable

2023-12-22 15:49:11 - [TEST_STEP][PASSED] - click(findTestObject("Object Repository/Page_Campaign_CAC_Report1/Page_/div_Campaign CAC_mat-sort-header-arrow ng-t_da4635")): Object: 'Object Repository/Page_Campaign_CAC_Report1/Page_/div_Campaign CAC_mat-sort-header-arrow ng-t_da4635' is clicked on

2023-12-22 15:49:11 - [MESSAGE][PASSED] - Object: 'Object Repository/Page_Campaign_CAC_Report1/Page_/div_Campaign CAC_mat-sort-header-arrow ng-t_da4635' is clicked on

2023-12-22 15:49:11 - [TEST_STEP][PASSED] - verifyElementText(findTestObject("Object Repository/Page_Campaign_CAC_Report1/Page_/div_Items per page"), "Items per page:"): Actual text and expected text of test object 'Object Repository/Page_Campaign_CAC_Report1/Page_/div_Items per page' are matched.

2023-12-22 15:49:11 - [MESSAGE][PASSED] - Actual text and expected text of test object 'Object Repository/Page_Campaign_CAC_Report1/Page_/div_Items per page' are matched.

2023-12-22 15:49:11 - [TEST_STEP][PASSED] - verifyElementClickable(findTestObject("Object Repository/Page_Campaign_CAC_Report1/Page_/div_Items per page_mat-select-arrow ng-tns-c110-10")): Object 'Object Repository/Page_Campaign_CAC_Report1/Page_/div_Items per page_mat-select-arrow ng-tns-c110-10' is clickable

2023-12-22 15:49:12 - [MESSAGE][PASSED] - Object 'Object Repository/Page_Campaign_CAC_Report1/Page_/div_Items per page_mat-select-arrow ng-tns-c110-10' is clickable

2023-12-22 15:49:12 - [TEST_STEP][PASSED] - click(findTestObject("Object Repository/Page_Campaign_CAC_Report1/Page_/div_Items per page_mat-select-arrow-wrapper_b66081")): Object: 'Object Repository/Page_Campaign_CAC_Report1/Page_/div_Items per page_mat-select-arrow-wrapper_b66081' is clicked on

2023-12-22 15:49:12 - [MESSAGE][PASSED] - Object: 'Object Repository/Page_Campaign_CAC_Report1/Page_/div_Items per page_mat-select-arrow-wrapper_b66081' is clicked on

2023-12-22 15:49:12 - [TEST_STEP][PASSED] - click(findTestObject("Object Repository/Page_Campaign_CAC_Report1/Page_/span_10")): Object: 'Object Repository/Page_Campaign_CAC_Report1/Page_/span_10' is clicked on

2023-12-22 15:49:13 - [MESSAGE][PASSED] - Object: 'Object Repository/Page_Campaign_CAC_Report1/Page_/span_10' is clicked on

2023-12-22 15:49:13 - [TEST_STEP][PASSED] - click(findTestObject("Object Repository/Page_Campaign_CAC_Report1/Page_/div_Items per page_mat-select-arrow-wrapper_b66081")): Object: 'Object Repository/Page_Campaign_CAC_Report1/Page_/div_Items per page_mat-select-arrow-wrapper_b66081' is clicked on

2023-12-22 15:49:13 - [MESSAGE][PASSED] - Object: 'Object Repository/Page_Campaign_CAC_Report1/Page_/div_Items per page_mat-select-arrow-wrapper_b66081' is clicked on

2023-12-22 15:49:13 - [TEST_STEP][PASSED] - click(findTestObject("Object Repository/Page_Campaign_CAC_Report1/Page_/span_20")): Object: 'Object Repository/Page_Campaign_CAC_Report1/Page_/span_20' is clicked on

2023-12-22 15:49:14 - [MESSAGE][PASSED] - Object: 'Object Repository/Page_Campaign_CAC_Report1/Page_/span_20' is clicked on

2023-12-22 15:49:14 - [TEST_STEP][PASSED] - click(findTestObject("Object Repository/Page_Campaign_CAC_Report1/Page_/div_Items per page_mat-select-arrow-wrapper_b66081")): Object: 'Object Repository/Page_Campaign_CAC_Report1/Page_/div_Items per page_mat-select-arrow-wrapper_b66081' is clicked on

2023-12-22 15:49:14 - [MESSAGE][PASSED] - Object: 'Object Repository/Page_Campaign_CAC_Report1/Page_/div_Items per page_mat-select-arrow-wrapper_b66081' is clicked on

2023-12-22 15:49:14 - [TEST_STEP][PASSED] - click(findTestObject("Object Repository/Page_Campaign_CAC_Report1/Page_/span_30")): Object: 'Object Repository/Page_Campaign_CAC_Report1/Page_/span_30' is clicked on

2023-12-22 15:49:15 - [MESSAGE][PASSED] - Object: 'Object Repository/Page_Campaign_CAC_Report1/Page_/span_30' is clicked on

2023-12-22 15:49:15 - [TEST_STEP][PASSED] - callTestCase(findTestCase("Reusable_Functions/Arrow_buttons"), [:], CONTINUE_ON_FAILURE): Call Test Case 'Test Cases/Reusable_Functions/Arrow_buttons' successfully

2023-12-22 15:49:15 - [TEST_CASE][PASSED] - Test Cases/Reusable_Functions/Arrow_buttons: Test Cases/Reusable_Functions/Arrow_buttons

2023-12-22 15:49:15 - [TEST_STEP][PASSED] - verifyElementClickable(findTestObject("Object Repository/Page_Arrow_Buttons/Page_/svg_Items per page_mat-paginator-icon")): Object 'Object Repository/Page_Arrow_Buttons/Page_/svg_Items per page_mat-paginator-icon' is clickable

2023-12-22 15:49:16 - [MESSAGE][PASSED] - Object 'Object Repository/Page_Arrow_Buttons/Page_/svg_Items per page_mat-paginator-icon' is clickable

2023-12-22 15:49:16 - [TEST_STEP][PASSED] - click(findTestObject("Object Repository/Page_Arrow_Buttons/Page_/svg_Items per page_mat-paginator-icon")): Object: 'Object Repository/Page_Arrow_Buttons/Page_/svg_Items per page_mat-paginator-icon' is clicked on

2023-12-22 15:49:16 - [MESSAGE][PASSED] - Object: 'Object Repository/Page_Arrow_Buttons/Page_/svg_Items per page_mat-paginator-icon' is clicked on

2023-12-22 15:49:16 - [TEST_STEP][PASSED] - verifyElementClickable(findTestObject("Object Repository/Page_Arrow_Buttons/Page_/svg_Items per page_mat-paginator-icon_1")): Object 'Object Repository/Page_Arrow_Buttons/Page_/svg_Items per page_mat-paginator-icon_1' is clickable

2023-12-22 15:49:17 - [MESSAGE][PASSED] - Object 'Object Repository/Page_Arrow_Buttons/Page_/svg_Items per page_mat-paginator-icon_1' is clickable

2023-12-22 15:49:17 - [TEST_STEP][PASSED] - click(findTestObject("Object Repository/Page_Arrow_Buttons/Page_/svg_Items per page_mat-paginator-icon_1")): Object: 'Object Repository/Page_Arrow_Buttons/Page_/svg_Items per page_mat-paginator-icon_1' is clicked on

2023-12-22 15:49:17 - [MESSAGE][PASSED] - Object: 'Object Repository/Page_Arrow_Buttons/Page_/svg_Items per page_mat-paginator-icon_1' is clicked on

2023-12-22 15:49:17 - [MESSAGE][PASSED] - Call Test Case 'Test Cases/Reusable_Functions/Arrow_buttons' successfully

2023-12-22 15:49:17 - [TEST_STEP][PASSED] - callTestCase(findTestCase("Reusable_Functions/Fullscreen"), [:], CONTINUE_ON_FAILURE): Call Test Case 'Test Cases/Reusable_Functions/Fullscreen' successfully

2023-12-22 15:49:17 - [TEST_CASE][PASSED] - Test Cases/Reusable_Functions/Fullscreen: Test Cases/Reusable_Functions/Fullscreen

2023-12-22 15:49:17 - [TEST_STEP][PASSED] - verifyElementClickable(findTestObject("Object Repository/Page_Fullscreen/Page_/img")): Object 'Object Repository/Page_Fullscreen/Page_/img' is clickable

2023-12-22 15:49:18 - [MESSAGE][PASSED] - Object 'Object Repository/Page_Fullscreen/Page_/img' is clickable

2023-12-22 15:49:18 - [TEST_STEP][PASSED] - click(findTestObject("Object Repository/Page_Fullscreen/Page_/img")): Object: 'Object Repository/Page_Fullscreen/Page_/img' is clicked on

2023-12-22 15:49:18 - [MESSAGE][PASSED] - Object: 'Object Repository/Page_Fullscreen/Page_/img' is clicked on

2023-12-22 15:49:18 - [TEST_STEP][PASSED] - delay(2): Delayed 2 second(s)

2023-12-22 15:49:20 - [MESSAGE][PASSED] - Delayed 2 second(s)

2023-12-22 15:49:20 - [TEST_STEP][PASSED] - executeJavaScript("document.exitFullscreen();", null): Execute JavaScript 'document.exitFullscreen();' successfully

2023-12-22 15:49:20 - [MESSAGE][PASSED] - Execute JavaScript 'document.exitFullscreen();' successfully

2023-12-22 15:49:20 - [TEST_STEP][PASSED] - delay(2): Delayed 2 second(s)

2023-12-22 15:49:22 - [MESSAGE][PASSED] - Delayed 2 second(s)

2023-12-22 15:49:22 - [MESSAGE][PASSED] - Call Test Case 'Test Cases/Reusable_Functions/Fullscreen' successfully]]></system-out>
         <system-err><![CDATA[]]></system-err>
      </testcase>
      <testcase name="Test Cases/Campaign/test_campaign_conversion_report" time="22.279" classname="Test Cases/Campaign/test_campaign_conversion_report" status="PASSED">
         <system-out><![CDATA[2023-12-22 15:49:22 - [TEST_CASE][PASSED] - Test Cases/Campaign/test_campaign_conversion_report: Test Cases/Campaign/test_campaign_conversion_report

2023-12-22 15:49:23 - [TEST_STEP][PASSED] - verifyElementClickable(findTestObject("Object Repository/Page_Campaign_Conversion_Report/Page_/li_Campaign")): Object 'Object Repository/Page_Campaign_Conversion_Report/Page_/li_Campaign' is clickable

2023-12-22 15:49:23 - [MESSAGE][PASSED] - Object 'Object Repository/Page_Campaign_Conversion_Report/Page_/li_Campaign' is clickable

2023-12-22 15:49:23 - [TEST_STEP][PASSED] - click(findTestObject("Object Repository/Page_Campaign_Conversion_Report/Page_/i_Performance_img")): Object: 'Object Repository/Page_Campaign_Conversion_Report/Page_/i_Performance_img' is clicked on

2023-12-22 15:49:23 - [MESSAGE][PASSED] - Object: 'Object Repository/Page_Campaign_Conversion_Report/Page_/i_Performance_img' is clicked on

2023-12-22 15:49:23 - [TEST_STEP][PASSED] - verifyElementClickable(findTestObject("Object Repository/Page_Campaign_Conversion_Report/Page_/div_Campaign Conversions")): Object 'Object Repository/Page_Campaign_Conversion_Report/Page_/div_Campaign Conversions' is clickable

2023-12-22 15:49:24 - [MESSAGE][PASSED] - Object 'Object Repository/Page_Campaign_Conversion_Report/Page_/div_Campaign Conversions' is clickable

2023-12-22 15:49:24 - [TEST_STEP][PASSED] - click(findTestObject("Object Repository/Page_Campaign_Conversion_Report/Page_/div_Campaign Conversions")): Object: 'Object Repository/Page_Campaign_Conversion_Report/Page_/div_Campaign Conversions' is clicked on

2023-12-22 15:49:24 - [MESSAGE][PASSED] - Object: 'Object Repository/Page_Campaign_Conversion_Report/Page_/div_Campaign Conversions' is clicked on

2023-12-22 15:49:24 - [TEST_STEP][PASSED] - verifyElementClickable(findTestObject("Object Repository/Page_Campaign_CAC_Report1/Page_/svg_Enter a date range_mat-datepicker-toggl_ef015c")): Object 'Object Repository/Page_Campaign_CAC_Report1/Page_/svg_Enter a date range_mat-datepicker-toggl_ef015c' is clickable

2023-12-22 15:49:27 - [MESSAGE][PASSED] - Object 'Object Repository/Page_Campaign_CAC_Report1/Page_/svg_Enter a date range_mat-datepicker-toggl_ef015c' is clickable

2023-12-22 15:49:27 - [TEST_STEP][PASSED] - verifyElementClickable(findTestObject("Object Repository/Page_Campaign_Conversion_Report/Page_/mat-icon_clear")): Object 'Object Repository/Page_Campaign_Conversion_Report/Page_/mat-icon_clear' is clickable

2023-12-22 15:49:27 - [MESSAGE][PASSED] - Object 'Object Repository/Page_Campaign_Conversion_Report/Page_/mat-icon_clear' is clickable

2023-12-22 15:49:27 - [TEST_STEP][PASSED] - click(findTestObject("Object Repository/Page_Campaign_CAC_Report1/Page_/svg_Enter a date range_mat-datepicker-toggl_ef015c")): Object: 'Object Repository/Page_Campaign_CAC_Report1/Page_/svg_Enter a date range_mat-datepicker-toggl_ef015c' is clicked on

2023-12-22 15:49:28 - [MESSAGE][PASSED] - Object: 'Object Repository/Page_Campaign_CAC_Report1/Page_/svg_Enter a date range_mat-datepicker-toggl_ef015c' is clicked on

2023-12-22 15:49:28 - [TEST_STEP][PASSED] - verifyElementClickable(findTestObject("Object Repository/Page_Campaign_Conversion_Report/Page_/button_DEC 2023_mat-focus-indicator mat-cal_bd9491")): Object 'Object Repository/Page_Campaign_Conversion_Report/Page_/button_DEC 2023_mat-focus-indicator mat-cal_bd9491' is clickable

2023-12-22 15:49:29 - [MESSAGE][PASSED] - Object 'Object Repository/Page_Campaign_Conversion_Report/Page_/button_DEC 2023_mat-focus-indicator mat-cal_bd9491' is clickable

2023-12-22 15:49:29 - [TEST_STEP][PASSED] - verifyElementClickable(findTestObject("Object Repository/Page_Campaign_Conversion_Report/Page_/button_DEC 2023_mat-focus-indicator mat-cal_bd9491")): Object 'Object Repository/Page_Campaign_Conversion_Report/Page_/button_DEC 2023_mat-focus-indicator mat-cal_bd9491' is clickable

2023-12-22 15:49:29 - [MESSAGE][PASSED] - Object 'Object Repository/Page_Campaign_Conversion_Report/Page_/button_DEC 2023_mat-focus-indicator mat-cal_bd9491' is clickable

2023-12-22 15:49:29 - [TEST_STEP][PASSED] - click(findTestObject("Object Repository/Page_Campaign_Conversion_Report/Page_/button_DEC 2023_mat-focus-indicator mat-cal_bd9491")): Object: 'Object Repository/Page_Campaign_Conversion_Report/Page_/button_DEC 2023_mat-focus-indicator mat-cal_bd9491' is clicked on

2023-12-22 15:49:29 - [MESSAGE][PASSED] - Object: 'Object Repository/Page_Campaign_Conversion_Report/Page_/button_DEC 2023_mat-focus-indicator mat-cal_bd9491' is clicked on

2023-12-22 15:49:29 - [TEST_STEP][PASSED] - click(findTestObject("Object Repository/Page_Campaign_Conversion_Report/Page_/button_DEC 2023_mat-focus-indicator mat-cal_bd9491")): Object: 'Object Repository/Page_Campaign_Conversion_Report/Page_/button_DEC 2023_mat-focus-indicator mat-cal_bd9491' is clicked on

2023-12-22 15:49:30 - [MESSAGE][PASSED] - Object: 'Object Repository/Page_Campaign_Conversion_Report/Page_/button_DEC 2023_mat-focus-indicator mat-cal_bd9491' is clicked on

2023-12-22 15:49:30 - [TEST_STEP][PASSED] - click(findTestObject("Object Repository/Page_Campaign_Conversion_Report/Page_/div_1")): Object: 'Object Repository/Page_Campaign_Conversion_Report/Page_/div_1' is clicked on

2023-12-22 15:49:31 - [MESSAGE][PASSED] - Object: 'Object Repository/Page_Campaign_Conversion_Report/Page_/div_1' is clicked on

2023-12-22 15:49:31 - [TEST_STEP][PASSED] - click(findTestObject("Object Repository/Page_Campaign_Conversion_Report/Page_/div_31")): Object: 'Object Repository/Page_Campaign_Conversion_Report/Page_/div_31' is clicked on

2023-12-22 15:49:32 - [MESSAGE][PASSED] - Object: 'Object Repository/Page_Campaign_Conversion_Report/Page_/div_31' is clicked on

2023-12-22 15:49:32 - [TEST_STEP][PASSED] - verifyElementText(findTestObject("Object Repository/Page_Campaign_Conversion_Report/Page_/div_Select Channel"), "Select Channel"): Actual text and expected text of test object 'Object Repository/Page_Campaign_Conversion_Report/Page_/div_Select Channel' are matched.

2023-12-22 15:49:33 - [MESSAGE][PASSED] - Actual text and expected text of test object 'Object Repository/Page_Campaign_Conversion_Report/Page_/div_Select Channel' are matched.

2023-12-22 15:49:33 - [TEST_STEP][PASSED] - verifyElementClickable(findTestObject("Object Repository/Page_Campaign_Conversion_Report/Page_/span_Google Ads_ng-arrow-wrapper")): Object 'Object Repository/Page_Campaign_Conversion_Report/Page_/span_Google Ads_ng-arrow-wrapper' is clickable

2023-12-22 15:49:33 - [MESSAGE][PASSED] - Object 'Object Repository/Page_Campaign_Conversion_Report/Page_/span_Google Ads_ng-arrow-wrapper' is clickable

2023-12-22 15:49:33 - [TEST_STEP][PASSED] - click(findTestObject("Object Repository/Page_Campaign_Conversion_Report/Page_/input_text")): Object: 'Object Repository/Page_Campaign_Conversion_Report/Page_/input_text' is clicked on

2023-12-22 15:49:34 - [MESSAGE][PASSED] - Object: 'Object Repository/Page_Campaign_Conversion_Report/Page_/input_text' is clicked on

2023-12-22 15:49:34 - [TEST_STEP][PASSED] - click(findTestObject("Object Repository/Page_Campaign_Conversion_Report/Page_/input_text")): Object: 'Object Repository/Page_Campaign_Conversion_Report/Page_/input_text' is clicked on

2023-12-22 15:49:34 - [MESSAGE][PASSED] - Object: 'Object Repository/Page_Campaign_Conversion_Report/Page_/input_text' is clicked on

2023-12-22 15:49:34 - [TEST_STEP][PASSED] - click(findTestObject("Object Repository/Page_Campaign_Conversion_Report/Page_/span_Google Ads_ng-arrow-wrapper")): Object: 'Object Repository/Page_Campaign_Conversion_Report/Page_/span_Google Ads_ng-arrow-wrapper' is clicked on

2023-12-22 15:49:35 - [MESSAGE][PASSED] - Object: 'Object Repository/Page_Campaign_Conversion_Report/Page_/span_Google Ads_ng-arrow-wrapper' is clicked on

2023-12-22 15:49:35 - [TEST_STEP][PASSED] - verifyElementText(findTestObject("Object Repository/Page_Campaign_Conversion_Report/Page_/div_Select Businessline"), "Select Businessline"): Actual text and expected text of test object 'Object Repository/Page_Campaign_Conversion_Report/Page_/div_Select Businessline' are matched.

2023-12-22 15:49:35 - [MESSAGE][PASSED] - Actual text and expected text of test object 'Object Repository/Page_Campaign_Conversion_Report/Page_/div_Select Businessline' are matched.

2023-12-22 15:49:35 - [TEST_STEP][PASSED] - verifyElementClickable(findTestObject("Object Repository/Page_Campaign_Conversion_Report/Page_/span_Buyer_ng-arrow-wrapper")): Object 'Object Repository/Page_Campaign_Conversion_Report/Page_/span_Buyer_ng-arrow-wrapper' is clickable

2023-12-22 15:49:35 - [MESSAGE][PASSED] - Object 'Object Repository/Page_Campaign_Conversion_Report/Page_/span_Buyer_ng-arrow-wrapper' is clickable

2023-12-22 15:49:35 - [TEST_STEP][PASSED] - click(findTestObject("Object Repository/Page_Campaign_Conversion_Report/Page_/span_Buyer_ng-arrow-wrapper")): Object: 'Object Repository/Page_Campaign_Conversion_Report/Page_/span_Buyer_ng-arrow-wrapper' is clicked on

2023-12-22 15:49:36 - [MESSAGE][PASSED] - Object: 'Object Repository/Page_Campaign_Conversion_Report/Page_/span_Buyer_ng-arrow-wrapper' is clicked on

2023-12-22 15:49:36 - [TEST_STEP][PASSED] - click(findTestObject("Object Repository/Page_Campaign_Conversion_Report/Page_/span_Buyer_ng-arrow-wrapper")): Object: 'Object Repository/Page_Campaign_Conversion_Report/Page_/span_Buyer_ng-arrow-wrapper' is clicked on

2023-12-22 15:49:36 - [MESSAGE][PASSED] - Object: 'Object Repository/Page_Campaign_Conversion_Report/Page_/span_Buyer_ng-arrow-wrapper' is clicked on

2023-12-22 15:49:36 - [TEST_STEP][PASSED] - verifyElementText(findTestObject("Object Repository/Page_Campaign_Conversion_Report/Page_/div_Select Campaign Status"), "Select Campaign Status"): Actual text and expected text of test object 'Object Repository/Page_Campaign_Conversion_Report/Page_/div_Select Campaign Status' are matched.

2023-12-22 15:49:37 - [MESSAGE][PASSED] - Actual text and expected text of test object 'Object Repository/Page_Campaign_Conversion_Report/Page_/div_Select Campaign Status' are matched.

2023-12-22 15:49:37 - [TEST_STEP][PASSED] - verifyElementClickable(findTestObject("Object Repository/Page_Campaign_Conversion_Report/Page_/span_ENABLED_ng-arrow-wrapper")): Object 'Object Repository/Page_Campaign_Conversion_Report/Page_/span_ENABLED_ng-arrow-wrapper' is clickable

2023-12-22 15:49:37 - [MESSAGE][PASSED] - Object 'Object Repository/Page_Campaign_Conversion_Report/Page_/span_ENABLED_ng-arrow-wrapper' is clickable

2023-12-22 15:49:37 - [TEST_STEP][PASSED] - click(findTestObject("Object Repository/Page_Campaign_Conversion_Report/Page_/span_ENABLED_ng-arrow-wrapper")): Object: 'Object Repository/Page_Campaign_Conversion_Report/Page_/span_ENABLED_ng-arrow-wrapper' is clicked on

2023-12-22 15:49:37 - [MESSAGE][PASSED] - Object: 'Object Repository/Page_Campaign_Conversion_Report/Page_/span_ENABLED_ng-arrow-wrapper' is clicked on

2023-12-22 15:49:37 - [TEST_STEP][PASSED] - click(findTestObject("Object Repository/Page_Campaign_Conversion_Report/Page_/span_ENABLED_ng-arrow-wrapper")): Object: 'Object Repository/Page_Campaign_Conversion_Report/Page_/span_ENABLED_ng-arrow-wrapper' is clicked on

2023-12-22 15:49:38 - [MESSAGE][PASSED] - Object: 'Object Repository/Page_Campaign_Conversion_Report/Page_/span_ENABLED_ng-arrow-wrapper' is clicked on

2023-12-22 15:49:38 - [TEST_STEP][PASSED] - verifyElementText(findTestObject("Object Repository/Page_Campaign_Conversion_Report/Page_/input_text"), ""): Actual text and expected text of test object 'Object Repository/Page_Campaign_Conversion_Report/Page_/input_text' are matched.

2023-12-22 15:49:38 - [MESSAGE][PASSED] - Actual text and expected text of test object 'Object Repository/Page_Campaign_Conversion_Report/Page_/input_text' are matched.

2023-12-22 15:49:38 - [TEST_STEP][PASSED] - verifyElementClickable(findTestObject("Object Repository/Page_Campaign_Conversion_Report/Page_/span_Select Campaign Name_ng-arrow-wrapper")): Object 'Object Repository/Page_Campaign_Conversion_Report/Page_/span_Select Campaign Name_ng-arrow-wrapper' is clickable

2023-12-22 15:49:39 - [MESSAGE][PASSED] - Object 'Object Repository/Page_Campaign_Conversion_Report/Page_/span_Select Campaign Name_ng-arrow-wrapper' is clickable

2023-12-22 15:49:39 - [TEST_STEP][PASSED] - click(findTestObject("Object Repository/Page_Campaign_Conversion_Report/Page_/span_Select Campaign Name_ng-arrow-wrapper_1")): Object: 'Object Repository/Page_Campaign_Conversion_Report/Page_/span_Select Campaign Name_ng-arrow-wrapper_1' is clicked on

2023-12-22 15:49:39 - [MESSAGE][PASSED] - Object: 'Object Repository/Page_Campaign_Conversion_Report/Page_/span_Select Campaign Name_ng-arrow-wrapper_1' is clicked on

2023-12-22 15:49:39 - [TEST_STEP][PASSED] - click(findTestObject("Object Repository/Page_Campaign_Conversion_Report/Page_/span_Select Campaign Name_ng-arrow-wrapper_1_2")): Object: 'Object Repository/Page_Campaign_Conversion_Report/Page_/span_Select Campaign Name_ng-arrow-wrapper_1_2' is clicked on

2023-12-22 15:49:40 - [MESSAGE][PASSED] - Object: 'Object Repository/Page_Campaign_Conversion_Report/Page_/span_Select Campaign Name_ng-arrow-wrapper_1_2' is clicked on

2023-12-22 15:49:40 - [TEST_STEP][PASSED] - callTestCase(findTestCase("Reusable_Functions/Fullscreen"), [:], CONTINUE_ON_FAILURE): Call Test Case 'Test Cases/Reusable_Functions/Fullscreen' successfully

2023-12-22 15:49:40 - [TEST_CASE][PASSED] - Test Cases/Reusable_Functions/Fullscreen: Test Cases/Reusable_Functions/Fullscreen

2023-12-22 15:49:40 - [TEST_STEP][PASSED] - verifyElementClickable(findTestObject("Object Repository/Page_Fullscreen/Page_/img")): Object 'Object Repository/Page_Fullscreen/Page_/img' is clickable

2023-12-22 15:49:40 - [MESSAGE][PASSED] - Object 'Object Repository/Page_Fullscreen/Page_/img' is clickable

2023-12-22 15:49:40 - [TEST_STEP][PASSED] - click(findTestObject("Object Repository/Page_Fullscreen/Page_/img")): Object: 'Object Repository/Page_Fullscreen/Page_/img' is clicked on

2023-12-22 15:49:41 - [MESSAGE][PASSED] - Object: 'Object Repository/Page_Fullscreen/Page_/img' is clicked on

2023-12-22 15:49:41 - [TEST_STEP][PASSED] - delay(2): Delayed 2 second(s)

2023-12-22 15:49:43 - [MESSAGE][PASSED] - Delayed 2 second(s)

2023-12-22 15:49:43 - [TEST_STEP][PASSED] - executeJavaScript("document.exitFullscreen();", null): Execute JavaScript 'document.exitFullscreen();' successfully

2023-12-22 15:49:43 - [MESSAGE][PASSED] - Execute JavaScript 'document.exitFullscreen();' successfully

2023-12-22 15:49:43 - [TEST_STEP][PASSED] - delay(2): Delayed 2 second(s)

2023-12-22 15:49:45 - [MESSAGE][PASSED] - Delayed 2 second(s)

2023-12-22 15:49:45 - [MESSAGE][PASSED] - Call Test Case 'Test Cases/Reusable_Functions/Fullscreen' successfully]]></system-out>
         <system-err><![CDATA[]]></system-err>
      </testcase>
      <testcase name="Test Cases/Campaign/test_campaign_metric_table" time="96.904" classname="Test Cases/Campaign/test_campaign_metric_table" status="PASSED">
         <system-out><![CDATA[2023-12-22 15:49:45 - [TEST_CASE][PASSED] - Test Cases/Campaign/test_campaign_metric_table: Test Cases/Campaign/test_campaign_metric_table

2023-12-22 15:49:45 - [TEST_STEP][PASSED] - verifyElementClickable(findTestObject("Object Repository/Page_Campaign_Metric_Table/Page_/li_Campaign")): Object 'Object Repository/Page_Campaign_Metric_Table/Page_/li_Campaign' is clickable

2023-12-22 15:49:45 - [MESSAGE][PASSED] - Object 'Object Repository/Page_Campaign_Metric_Table/Page_/li_Campaign' is clickable

2023-12-22 15:49:45 - [TEST_STEP][PASSED] - click(findTestObject("Object Repository/Page_Campaign_Metric_Table/Page_/li_Campaign")): Object: 'Object Repository/Page_Campaign_Metric_Table/Page_/li_Campaign' is clicked on

2023-12-22 15:49:46 - [MESSAGE][PASSED] - Object: 'Object Repository/Page_Campaign_Metric_Table/Page_/li_Campaign' is clicked on

2023-12-22 15:49:46 - [TEST_STEP][PASSED] - verifyElementClickable(findTestObject("Object Repository/Page_Campaign_Metric_Table/Page_/div_Campaign Metrics")): Object 'Object Repository/Page_Campaign_Metric_Table/Page_/div_Campaign Metrics' is clickable

2023-12-22 15:49:46 - [MESSAGE][PASSED] - Object 'Object Repository/Page_Campaign_Metric_Table/Page_/div_Campaign Metrics' is clickable

2023-12-22 15:49:46 - [TEST_STEP][PASSED] - click(findTestObject("Object Repository/Page_Campaign_Metric_Table/Page_/div_Campaign Metrics")): Object: 'Object Repository/Page_Campaign_Metric_Table/Page_/div_Campaign Metrics' is clicked on

2023-12-22 15:49:46 - [MESSAGE][PASSED] - Object: 'Object Repository/Page_Campaign_Metric_Table/Page_/div_Campaign Metrics' is clicked on

2023-12-22 15:49:46 - [TEST_STEP][PASSED] - verifyElementClickable(findTestObject("Object Repository/Page_Campaign_Metric_Table/Page_/svg_Enter a date range_mat-datepicker-toggl_ef015c")): Object 'Object Repository/Page_Campaign_Metric_Table/Page_/svg_Enter a date range_mat-datepicker-toggl_ef015c' is clickable

2023-12-22 15:49:49 - [MESSAGE][PASSED] - Object 'Object Repository/Page_Campaign_Metric_Table/Page_/svg_Enter a date range_mat-datepicker-toggl_ef015c' is clickable

2023-12-22 15:49:49 - [TEST_STEP][PASSED] - verifyElementClickable(findTestObject("Object Repository/Page_Campaign_Metric_Table/Page_/mat-icon_clear")): Object 'Object Repository/Page_Campaign_Metric_Table/Page_/mat-icon_clear' is clickable

2023-12-22 15:49:49 - [MESSAGE][PASSED] - Object 'Object Repository/Page_Campaign_Metric_Table/Page_/mat-icon_clear' is clickable

2023-12-22 15:49:49 - [TEST_STEP][PASSED] - click(findTestObject("Object Repository/Page_Campaign_Metric_Table/Page_/svg_Enter a date range_mat-datepicker-toggl_ef015c")): Object: 'Object Repository/Page_Campaign_Metric_Table/Page_/svg_Enter a date range_mat-datepicker-toggl_ef015c' is clicked on

2023-12-22 15:49:50 - [MESSAGE][PASSED] - Object: 'Object Repository/Page_Campaign_Metric_Table/Page_/svg_Enter a date range_mat-datepicker-toggl_ef015c' is clicked on

2023-12-22 15:49:50 - [TEST_STEP][PASSED] - verifyElementClickable(findTestObject("Object Repository/Page_Campaign_Metric_Table/Page_/button_DEC 2023_mat-focus-indicator mat-cal_bd9491")): Object 'Object Repository/Page_Campaign_Metric_Table/Page_/button_DEC 2023_mat-focus-indicator mat-cal_bd9491' is clickable

2023-12-22 15:49:51 - [MESSAGE][PASSED] - Object 'Object Repository/Page_Campaign_Metric_Table/Page_/button_DEC 2023_mat-focus-indicator mat-cal_bd9491' is clickable

2023-12-22 15:49:51 - [TEST_STEP][PASSED] - verifyElementClickable(findTestObject("Object Repository/Page_Campaign_Metric_Table/Page_/button_DEC 2023_mat-focus-indicator mat-cal_bd9491")): Object 'Object Repository/Page_Campaign_Metric_Table/Page_/button_DEC 2023_mat-focus-indicator mat-cal_bd9491' is clickable

2023-12-22 15:49:51 - [MESSAGE][PASSED] - Object 'Object Repository/Page_Campaign_Metric_Table/Page_/button_DEC 2023_mat-focus-indicator mat-cal_bd9491' is clickable

2023-12-22 15:49:51 - [TEST_STEP][PASSED] - click(findTestObject("Object Repository/Page_Campaign_Metric_Table/Page_/button_DEC 2023_mat-focus-indicator mat-cal_bd9491")): Object: 'Object Repository/Page_Campaign_Metric_Table/Page_/button_DEC 2023_mat-focus-indicator mat-cal_bd9491' is clicked on

2023-12-22 15:49:51 - [MESSAGE][PASSED] - Object: 'Object Repository/Page_Campaign_Metric_Table/Page_/button_DEC 2023_mat-focus-indicator mat-cal_bd9491' is clicked on

2023-12-22 15:49:51 - [TEST_STEP][PASSED] - click(findTestObject("Object Repository/Page_Campaign_Metric_Table/Page_/button_DEC 2023_mat-focus-indicator mat-cal_bd9491")): Object: 'Object Repository/Page_Campaign_Metric_Table/Page_/button_DEC 2023_mat-focus-indicator mat-cal_bd9491' is clicked on

2023-12-22 15:49:52 - [MESSAGE][PASSED] - Object: 'Object Repository/Page_Campaign_Metric_Table/Page_/button_DEC 2023_mat-focus-indicator mat-cal_bd9491' is clicked on

2023-12-22 15:49:52 - [TEST_STEP][PASSED] - click(findTestObject("Object Repository/Page_Campaign_Metric_Table/Page_/div_1")): Object: 'Object Repository/Page_Campaign_Metric_Table/Page_/div_1' is clicked on

2023-12-22 15:50:24 - [MESSAGE][INFO] - Unable to find the element located by 'By.xpath: //mat-calendar[@id='mat-datepicker-2']/div/mat-month-view/table/tbody/tr[2]/td/button/div'. Please recheck the objects properties to make sure the desired element is located. 

2023-12-22 15:50:24 - [MESSAGE][WARNING] - [SELF-HEALING] Failed to find element with id 'Object Repository/Page_Campaign_Metric_Table/Page_/div_1'. Try using Self-healing.

2023-12-22 15:50:24 - [MESSAGE][INFO] - [SELF-HEALING] Failed Locator: '//mat-calendar[@id='mat-datepicker-2']/div/mat-month-view/table/tbody/tr[2]/td/button/div'.

2023-12-22 15:50:24 - [MESSAGE][INFO] - [SELF-HEALING] Working Locator: '(.//*[normalize-space(text()) and normalize-space(.)='OCT'])[1]/following::div[1]'.

2023-12-22 15:50:25 - [MESSAGE][INFO] - [SELF-HEALING] Screenshot: C:/Users/Pavitra I R/Katalon Studio/Admetrics/Reports/Self-healing/Object Repository/Page_Campaign_Metric_Table/Page_/div_1_neighbor.png

2023-12-22 15:50:25 - [MESSAGE][WARNING] - [SELF-HEALING] The current locator of test object 'Object Repository/Page_Campaign_Metric_Table/Page_/div_1' was broken. Propose an alternative one: '(.//*[normalize-space(text()) and normalize-space(.)='OCT'])[1]/following::div[1]'.

2023-12-22 15:50:25 - [MESSAGE][PASSED] - Object: 'Object Repository/Page_Campaign_Metric_Table/Page_/div_1' is clicked on

2023-12-22 15:50:25 - [TEST_STEP][PASSED] - click(findTestObject("Object Repository/Page_Campaign_Metric_Table/Page_/div_31")): Object: 'Object Repository/Page_Campaign_Metric_Table/Page_/div_31' is clicked on

2023-12-22 15:50:56 - [MESSAGE][INFO] - Unable to find the element located by 'By.xpath: //mat-calendar[@id='mat-datepicker-2']/div/mat-month-view/table/tbody/tr[6]/td[3]/button/div'. Please recheck the objects properties to make sure the desired element is located. 

2023-12-22 15:50:56 - [MESSAGE][WARNING] - [SELF-HEALING] Failed to find element with id 'Object Repository/Page_Campaign_Metric_Table/Page_/div_31'. Try using Self-healing.

2023-12-22 15:50:56 - [MESSAGE][INFO] - [SELF-HEALING] Failed Locator: '//mat-calendar[@id='mat-datepicker-2']/div/mat-month-view/table/tbody/tr[6]/td[3]/button/div'.

2023-12-22 15:50:57 - [MESSAGE][INFO] - [SELF-HEALING] Working Locator: '(.//*[normalize-space(text()) and normalize-space(.)='OCT'])[1]/following::div[61]'.

2023-12-22 15:50:57 - [MESSAGE][INFO] - [SELF-HEALING] Screenshot: C:/Users/Pavitra I R/Katalon Studio/Admetrics/Reports/Self-healing/Object Repository/Page_Campaign_Metric_Table/Page_/div_31_neighbor.png

2023-12-22 15:50:57 - [MESSAGE][WARNING] - [SELF-HEALING] The current locator of test object 'Object Repository/Page_Campaign_Metric_Table/Page_/div_31' was broken. Propose an alternative one: '(.//*[normalize-space(text()) and normalize-space(.)='OCT'])[1]/following::div[61]'.

2023-12-22 15:50:57 - [MESSAGE][PASSED] - Object: 'Object Repository/Page_Campaign_Metric_Table/Page_/div_31' is clicked on

2023-12-22 15:50:57 - [TEST_STEP][PASSED] - verifyElementText(findTestObject("Object Repository/Page_Campaign_Metric_Table/Page_/div_Select Channel"), "Select Channel"): Actual text and expected text of test object 'Object Repository/Page_Campaign_Metric_Table/Page_/div_Select Channel' are matched.

2023-12-22 15:50:58 - [MESSAGE][PASSED] - Actual text and expected text of test object 'Object Repository/Page_Campaign_Metric_Table/Page_/div_Select Channel' are matched.

2023-12-22 15:50:58 - [TEST_STEP][PASSED] - verifyElementClickable(findTestObject("Object Repository/Page_Campaign_Metric_Table/Page_/span_Google Ads_ng-arrow-wrapper")): Object 'Object Repository/Page_Campaign_Metric_Table/Page_/span_Google Ads_ng-arrow-wrapper' is clickable

2023-12-22 15:50:58 - [MESSAGE][PASSED] - Object 'Object Repository/Page_Campaign_Metric_Table/Page_/span_Google Ads_ng-arrow-wrapper' is clickable

2023-12-22 15:50:58 - [TEST_STEP][PASSED] - click(findTestObject("Object Repository/Page_Campaign_Metric_Table/Page_/span_Google Ads_ng-arrow-wrapper")): Object: 'Object Repository/Page_Campaign_Metric_Table/Page_/span_Google Ads_ng-arrow-wrapper' is clicked on

2023-12-22 15:50:59 - [MESSAGE][PASSED] - Object: 'Object Repository/Page_Campaign_Metric_Table/Page_/span_Google Ads_ng-arrow-wrapper' is clicked on

2023-12-22 15:50:59 - [TEST_STEP][PASSED] - click(findTestObject("Object Repository/Page_Campaign_Metric_Table/Page_/span_Google Ads_ng-arrow-wrapper")): Object: 'Object Repository/Page_Campaign_Metric_Table/Page_/span_Google Ads_ng-arrow-wrapper' is clicked on

2023-12-22 15:50:59 - [MESSAGE][PASSED] - Object: 'Object Repository/Page_Campaign_Metric_Table/Page_/span_Google Ads_ng-arrow-wrapper' is clicked on

2023-12-22 15:50:59 - [TEST_STEP][PASSED] - verifyElementText(findTestObject("Object Repository/Page_Campaign_Metric_Table/Page_/div_Select Businessline"), "Select Businessline"): Actual text and expected text of test object 'Object Repository/Page_Campaign_Metric_Table/Page_/div_Select Businessline' are matched.

2023-12-22 15:51:00 - [MESSAGE][PASSED] - Actual text and expected text of test object 'Object Repository/Page_Campaign_Metric_Table/Page_/div_Select Businessline' are matched.

2023-12-22 15:51:00 - [TEST_STEP][PASSED] - verifyElementClickable(findTestObject("Object Repository/Page_Campaign_Metric_Table/Page_/span_Buyer_ng-arrow-wrapper")): Object 'Object Repository/Page_Campaign_Metric_Table/Page_/span_Buyer_ng-arrow-wrapper' is clickable

2023-12-22 15:51:00 - [MESSAGE][PASSED] - Object 'Object Repository/Page_Campaign_Metric_Table/Page_/span_Buyer_ng-arrow-wrapper' is clickable

2023-12-22 15:51:00 - [TEST_STEP][PASSED] - click(findTestObject("Object Repository/Page_Campaign_Metric_Table/Page_/span_Buyer_ng-arrow-wrapper")): Object: 'Object Repository/Page_Campaign_Metric_Table/Page_/span_Buyer_ng-arrow-wrapper' is clicked on

2023-12-22 15:51:00 - [MESSAGE][PASSED] - Object: 'Object Repository/Page_Campaign_Metric_Table/Page_/span_Buyer_ng-arrow-wrapper' is clicked on

2023-12-22 15:51:00 - [TEST_STEP][PASSED] - click(findTestObject("Object Repository/Page_Campaign_Metric_Table/Page_/span_Buyer_ng-arrow-wrapper")): Object: 'Object Repository/Page_Campaign_Metric_Table/Page_/span_Buyer_ng-arrow-wrapper' is clicked on

2023-12-22 15:51:01 - [MESSAGE][PASSED] - Object: 'Object Repository/Page_Campaign_Metric_Table/Page_/span_Buyer_ng-arrow-wrapper' is clicked on

2023-12-22 15:51:01 - [TEST_STEP][PASSED] - verifyElementText(findTestObject("Object Repository/Page_Campaign_Metric_Table/Page_/div_Select Campaign Status"), "Select Campaign Status"): Actual text and expected text of test object 'Object Repository/Page_Campaign_Metric_Table/Page_/div_Select Campaign Status' are matched.

2023-12-22 15:51:01 - [MESSAGE][PASSED] - Actual text and expected text of test object 'Object Repository/Page_Campaign_Metric_Table/Page_/div_Select Campaign Status' are matched.

2023-12-22 15:51:01 - [TEST_STEP][PASSED] - verifyElementClickable(findTestObject("Object Repository/Page_Campaign_Metric_Table/Page_/span_ENABLED_ng-arrow-wrapper")): Object 'Object Repository/Page_Campaign_Metric_Table/Page_/span_ENABLED_ng-arrow-wrapper' is clickable

2023-12-22 15:51:02 - [MESSAGE][PASSED] - Object 'Object Repository/Page_Campaign_Metric_Table/Page_/span_ENABLED_ng-arrow-wrapper' is clickable

2023-12-22 15:51:02 - [TEST_STEP][PASSED] - click(findTestObject("Object Repository/Page_Campaign_Metric_Table/Page_/span_ENABLED_ng-arrow-wrapper")): Object: 'Object Repository/Page_Campaign_Metric_Table/Page_/span_ENABLED_ng-arrow-wrapper' is clicked on

2023-12-22 15:51:02 - [MESSAGE][PASSED] - Object: 'Object Repository/Page_Campaign_Metric_Table/Page_/span_ENABLED_ng-arrow-wrapper' is clicked on

2023-12-22 15:51:02 - [TEST_STEP][PASSED] - click(findTestObject("Object Repository/Page_Campaign_Metric_Table/Page_/span_ENABLED_ng-arrow-wrapper")): Object: 'Object Repository/Page_Campaign_Metric_Table/Page_/span_ENABLED_ng-arrow-wrapper' is clicked on

2023-12-22 15:51:03 - [MESSAGE][PASSED] - Object: 'Object Repository/Page_Campaign_Metric_Table/Page_/span_ENABLED_ng-arrow-wrapper' is clicked on

2023-12-22 15:51:03 - [TEST_STEP][PASSED] - verifyElementText(findTestObject("Object Repository/Page_Campaign_Metric_Table/Page_/input_text"), ""): Actual text and expected text of test object 'Object Repository/Page_Campaign_Metric_Table/Page_/input_text' are matched.

2023-12-22 15:51:03 - [MESSAGE][PASSED] - Actual text and expected text of test object 'Object Repository/Page_Campaign_Metric_Table/Page_/input_text' are matched.

2023-12-22 15:51:03 - [TEST_STEP][PASSED] - verifyElementClickable(findTestObject("Object Repository/Page_Campaign_Metric_Table/Page_/span_Select Campaign Name_ng-arrow-wrapper")): Object 'Object Repository/Page_Campaign_Metric_Table/Page_/span_Select Campaign Name_ng-arrow-wrapper' is clickable

2023-12-22 15:51:03 - [MESSAGE][PASSED] - Object 'Object Repository/Page_Campaign_Metric_Table/Page_/span_Select Campaign Name_ng-arrow-wrapper' is clickable

2023-12-22 15:51:03 - [TEST_STEP][PASSED] - click(findTestObject("Object Repository/Page_Campaign_Metric_Table/Page_/span_Select Campaign Name_ng-arrow-wrapper_1")): Object: 'Object Repository/Page_Campaign_Metric_Table/Page_/span_Select Campaign Name_ng-arrow-wrapper_1' is clicked on

2023-12-22 15:51:04 - [MESSAGE][PASSED] - Object: 'Object Repository/Page_Campaign_Metric_Table/Page_/span_Select Campaign Name_ng-arrow-wrapper_1' is clicked on

2023-12-22 15:51:04 - [TEST_STEP][PASSED] - click(findTestObject("Object Repository/Page_Campaign_Metric_Table/Page_/span_Select Campaign Name_ng-arrow-wrapper_1_2")): Object: 'Object Repository/Page_Campaign_Metric_Table/Page_/span_Select Campaign Name_ng-arrow-wrapper_1_2' is clicked on

2023-12-22 15:51:04 - [MESSAGE][PASSED] - Object: 'Object Repository/Page_Campaign_Metric_Table/Page_/span_Select Campaign Name_ng-arrow-wrapper_1_2' is clicked on

2023-12-22 15:51:04 - [TEST_STEP][PASSED] - verifyElementText(findTestObject("Object Repository/Page_Campaign_Metric_Table/Page_/h2_Campaign Metrics"), "Campaign Metrics"): Actual text and expected text of test object 'Object Repository/Page_Campaign_Metric_Table/Page_/h2_Campaign Metrics' are matched.

2023-12-22 15:51:05 - [MESSAGE][PASSED] - Actual text and expected text of test object 'Object Repository/Page_Campaign_Metric_Table/Page_/h2_Campaign Metrics' are matched.

2023-12-22 15:51:05 - [TEST_STEP][PASSED] - verifyElementText(findTestObject("Object Repository/Page_Campaign_Metric_Table/Page_/div_Date"), "Date"): Actual text and expected text of test object 'Object Repository/Page_Campaign_Metric_Table/Page_/div_Date' are matched.

2023-12-22 15:51:05 - [MESSAGE][PASSED] - Actual text and expected text of test object 'Object Repository/Page_Campaign_Metric_Table/Page_/div_Date' are matched.

2023-12-22 15:51:05 - [TEST_STEP][PASSED] - verifyElementClickable(findTestObject("Object Repository/Page_Campaign_Metric_Table/Page_/div_Date_mat-sort-header-arrow ng-trigger n_bdec84")): Object 'Object Repository/Page_Campaign_Metric_Table/Page_/div_Date_mat-sort-header-arrow ng-trigger n_bdec84' is clickable

2023-12-22 15:51:06 - [MESSAGE][PASSED] - Object 'Object Repository/Page_Campaign_Metric_Table/Page_/div_Date_mat-sort-header-arrow ng-trigger n_bdec84' is clickable

2023-12-22 15:51:06 - [TEST_STEP][PASSED] - click(findTestObject("Object Repository/Page_Campaign_Metric_Table/Page_/div_Date_mat-sort-header-arrow ng-trigger n_b9fd18")): Object: 'Object Repository/Page_Campaign_Metric_Table/Page_/div_Date_mat-sort-header-arrow ng-trigger n_b9fd18' is clicked on

2023-12-22 15:51:06 - [MESSAGE][PASSED] - Object: 'Object Repository/Page_Campaign_Metric_Table/Page_/div_Date_mat-sort-header-arrow ng-trigger n_b9fd18' is clicked on

2023-12-22 15:51:06 - [TEST_STEP][PASSED] - verifyElementText(findTestObject("Object Repository/Page_Campaign_Metric_Table/Page_/div_Channel"), "Channel"): Actual text and expected text of test object 'Object Repository/Page_Campaign_Metric_Table/Page_/div_Channel' are matched.

2023-12-22 15:51:06 - [MESSAGE][PASSED] - Actual text and expected text of test object 'Object Repository/Page_Campaign_Metric_Table/Page_/div_Channel' are matched.

2023-12-22 15:51:06 - [TEST_STEP][PASSED] - verifyElementClickable(findTestObject("Object Repository/Page_Campaign_Metric_Table/Page_/div_Channel_mat-sort-header-stem ng-tns-c99-20_1")): Object 'Object Repository/Page_Campaign_Metric_Table/Page_/div_Channel_mat-sort-header-stem ng-tns-c99-20_1' is clickable

2023-12-22 15:51:07 - [MESSAGE][PASSED] - Object 'Object Repository/Page_Campaign_Metric_Table/Page_/div_Channel_mat-sort-header-stem ng-tns-c99-20_1' is clickable

2023-12-22 15:51:07 - [TEST_STEP][PASSED] - click(findTestObject("Object Repository/Page_Campaign_Metric_Table/Page_/div_Channel_mat-sort-header-stem ng-tns-c99-20")): Object: 'Object Repository/Page_Campaign_Metric_Table/Page_/div_Channel_mat-sort-header-stem ng-tns-c99-20' is clicked on

2023-12-22 15:51:07 - [MESSAGE][PASSED] - Object: 'Object Repository/Page_Campaign_Metric_Table/Page_/div_Channel_mat-sort-header-stem ng-tns-c99-20' is clicked on

2023-12-22 15:51:07 - [TEST_STEP][PASSED] - verifyElementText(findTestObject("Object Repository/Page_Campaign_Metric_Table/Page_/div_Campaign Name"), "Campaign Name"): Actual text and expected text of test object 'Object Repository/Page_Campaign_Metric_Table/Page_/div_Campaign Name' are matched.

2023-12-22 15:51:08 - [MESSAGE][PASSED] - Actual text and expected text of test object 'Object Repository/Page_Campaign_Metric_Table/Page_/div_Campaign Name' are matched.

2023-12-22 15:51:08 - [TEST_STEP][PASSED] - verifyElementClickable(findTestObject("Object Repository/Page_Campaign_Metric_Table/Page_/div_Campaign Name_mat-sort-header-stem ng-t_b9447f_1")): Object 'Object Repository/Page_Campaign_Metric_Table/Page_/div_Campaign Name_mat-sort-header-stem ng-t_b9447f_1' is clickable

2023-12-22 15:51:08 - [MESSAGE][PASSED] - Object 'Object Repository/Page_Campaign_Metric_Table/Page_/div_Campaign Name_mat-sort-header-stem ng-t_b9447f_1' is clickable

2023-12-22 15:51:08 - [TEST_STEP][PASSED] - click(findTestObject("Object Repository/Page_Campaign_Metric_Table/Page_/div_Campaign Name_mat-sort-header-stem ng-t_b9447f")): Object: 'Object Repository/Page_Campaign_Metric_Table/Page_/div_Campaign Name_mat-sort-header-stem ng-t_b9447f' is clicked on

2023-12-22 15:51:08 - [MESSAGE][PASSED] - Object: 'Object Repository/Page_Campaign_Metric_Table/Page_/div_Campaign Name_mat-sort-header-stem ng-t_b9447f' is clicked on

2023-12-22 15:51:08 - [TEST_STEP][PASSED] - verifyElementText(findTestObject("Object Repository/Page_Campaign_Metric_Table/Page_/div_Clicks"), "Clicks"): Actual text and expected text of test object 'Object Repository/Page_Campaign_Metric_Table/Page_/div_Clicks' are matched.

2023-12-22 15:51:09 - [MESSAGE][PASSED] - Actual text and expected text of test object 'Object Repository/Page_Campaign_Metric_Table/Page_/div_Clicks' are matched.

2023-12-22 15:51:09 - [TEST_STEP][PASSED] - verifyElementClickable(findTestObject("Object Repository/Page_Campaign_Metric_Table/Page_/div_Clicks_mat-sort-header-arrow ng-trigger_b734c1")): Object 'Object Repository/Page_Campaign_Metric_Table/Page_/div_Clicks_mat-sort-header-arrow ng-trigger_b734c1' is clickable

2023-12-22 15:51:09 - [MESSAGE][PASSED] - Object 'Object Repository/Page_Campaign_Metric_Table/Page_/div_Clicks_mat-sort-header-arrow ng-trigger_b734c1' is clickable

2023-12-22 15:51:09 - [TEST_STEP][PASSED] - click(findTestObject("Object Repository/Page_Campaign_Metric_Table/Page_/div_Clicks_mat-sort-header-arrow ng-trigger_8074dd")): Object: 'Object Repository/Page_Campaign_Metric_Table/Page_/div_Clicks_mat-sort-header-arrow ng-trigger_8074dd' is clicked on

2023-12-22 15:51:09 - [MESSAGE][PASSED] - Object: 'Object Repository/Page_Campaign_Metric_Table/Page_/div_Clicks_mat-sort-header-arrow ng-trigger_8074dd' is clicked on

2023-12-22 15:51:09 - [TEST_STEP][PASSED] - verifyElementText(findTestObject("Object Repository/Page_Campaign_Metric_Table/Page_/div_Impressions"), "Impressions"): Actual text and expected text of test object 'Object Repository/Page_Campaign_Metric_Table/Page_/div_Impressions' are matched.

2023-12-22 15:51:10 - [MESSAGE][PASSED] - Actual text and expected text of test object 'Object Repository/Page_Campaign_Metric_Table/Page_/div_Impressions' are matched.

2023-12-22 15:51:10 - [TEST_STEP][PASSED] - verifyElementClickable(findTestObject("Object Repository/Page_Campaign_Metric_Table/Page_/div_Impressions_mat-sort-header-stem ng-tns-c99-23")): Object 'Object Repository/Page_Campaign_Metric_Table/Page_/div_Impressions_mat-sort-header-stem ng-tns-c99-23' is clickable

2023-12-22 15:51:10 - [MESSAGE][PASSED] - Object 'Object Repository/Page_Campaign_Metric_Table/Page_/div_Impressions_mat-sort-header-stem ng-tns-c99-23' is clickable

2023-12-22 15:51:10 - [TEST_STEP][PASSED] - click(findTestObject("Object Repository/Page_Campaign_Metric_Table/Page_/div_Impressions_mat-sort-header-stem ng-tns-c99-23")): Object: 'Object Repository/Page_Campaign_Metric_Table/Page_/div_Impressions_mat-sort-header-stem ng-tns-c99-23' is clicked on

2023-12-22 15:51:11 - [MESSAGE][PASSED] - Object: 'Object Repository/Page_Campaign_Metric_Table/Page_/div_Impressions_mat-sort-header-stem ng-tns-c99-23' is clicked on

2023-12-22 15:51:11 - [TEST_STEP][PASSED] - verifyElementText(findTestObject("Object Repository/Page_Campaign_Metric_Table/Page_/div_CTR"), "CTR"): Actual text and expected text of test object 'Object Repository/Page_Campaign_Metric_Table/Page_/div_CTR' are matched.

2023-12-22 15:51:11 - [MESSAGE][PASSED] - Actual text and expected text of test object 'Object Repository/Page_Campaign_Metric_Table/Page_/div_CTR' are matched.

2023-12-22 15:51:11 - [TEST_STEP][PASSED] - verifyElementClickable(findTestObject("Object Repository/Page_Campaign_Metric_Table/Page_/div_CTR_mat-sort-header-arrow ng-trigger ng_a76ce1")): Object 'Object Repository/Page_Campaign_Metric_Table/Page_/div_CTR_mat-sort-header-arrow ng-trigger ng_a76ce1' is clickable

2023-12-22 15:51:11 - [MESSAGE][PASSED] - Object 'Object Repository/Page_Campaign_Metric_Table/Page_/div_CTR_mat-sort-header-arrow ng-trigger ng_a76ce1' is clickable

2023-12-22 15:51:11 - [TEST_STEP][PASSED] - click(findTestObject("Object Repository/Page_Campaign_Metric_Table/Page_/div_CTR_mat-sort-header-arrow ng-trigger ng_379991")): Object: 'Object Repository/Page_Campaign_Metric_Table/Page_/div_CTR_mat-sort-header-arrow ng-trigger ng_379991' is clicked on

2023-12-22 15:51:12 - [MESSAGE][PASSED] - Object: 'Object Repository/Page_Campaign_Metric_Table/Page_/div_CTR_mat-sort-header-arrow ng-trigger ng_379991' is clicked on

2023-12-22 15:51:12 - [TEST_STEP][PASSED] - verifyElementText(findTestObject("Object Repository/Page_Campaign_Metric_Table/Page_/div_Reach"), "Reach"): Actual text and expected text of test object 'Object Repository/Page_Campaign_Metric_Table/Page_/div_Reach' are matched.

2023-12-22 15:51:12 - [MESSAGE][PASSED] - Actual text and expected text of test object 'Object Repository/Page_Campaign_Metric_Table/Page_/div_Reach' are matched.

2023-12-22 15:51:12 - [TEST_STEP][PASSED] - verifyElementClickable(findTestObject("Object Repository/Page_Campaign_Metric_Table/Page_/div_Reach_mat-sort-header-arrow ng-trigger _8c97b8")): Object 'Object Repository/Page_Campaign_Metric_Table/Page_/div_Reach_mat-sort-header-arrow ng-trigger _8c97b8' is clickable

2023-12-22 15:51:13 - [MESSAGE][PASSED] - Object 'Object Repository/Page_Campaign_Metric_Table/Page_/div_Reach_mat-sort-header-arrow ng-trigger _8c97b8' is clickable

2023-12-22 15:51:13 - [TEST_STEP][PASSED] - click(findTestObject("Object Repository/Page_Campaign_Metric_Table/Page_/div_Reach_mat-sort-header-pointer-right ng-_fc1ecb")): Object: 'Object Repository/Page_Campaign_Metric_Table/Page_/div_Reach_mat-sort-header-pointer-right ng-_fc1ecb' is clicked on

2023-12-22 15:51:13 - [MESSAGE][PASSED] - Object: 'Object Repository/Page_Campaign_Metric_Table/Page_/div_Reach_mat-sort-header-pointer-right ng-_fc1ecb' is clicked on

2023-12-22 15:51:13 - [TEST_STEP][PASSED] - verifyElementText(findTestObject("Object Repository/Page_Campaign_Metric_Table/Page_/div_Spend"), "Spend"): Actual text and expected text of test object 'Object Repository/Page_Campaign_Metric_Table/Page_/div_Spend' are matched.

2023-12-22 15:51:14 - [MESSAGE][PASSED] - Actual text and expected text of test object 'Object Repository/Page_Campaign_Metric_Table/Page_/div_Spend' are matched.

2023-12-22 15:51:14 - [TEST_STEP][PASSED] - verifyElementClickable(findTestObject("Object Repository/Page_Campaign_Metric_Table/Page_/div_Spend_mat-sort-header-arrow ng-trigger _89bf05")): Object 'Object Repository/Page_Campaign_Metric_Table/Page_/div_Spend_mat-sort-header-arrow ng-trigger _89bf05' is clickable

2023-12-22 15:51:14 - [MESSAGE][PASSED] - Object 'Object Repository/Page_Campaign_Metric_Table/Page_/div_Spend_mat-sort-header-arrow ng-trigger _89bf05' is clickable

2023-12-22 15:51:14 - [TEST_STEP][PASSED] - click(findTestObject("Object Repository/Page_Campaign_Metric_Table/Page_/div_Spend_mat-sort-header-arrow ng-trigger _89bf05")): Object: 'Object Repository/Page_Campaign_Metric_Table/Page_/div_Spend_mat-sort-header-arrow ng-trigger _89bf05' is clicked on

2023-12-22 15:51:14 - [MESSAGE][PASSED] - Object: 'Object Repository/Page_Campaign_Metric_Table/Page_/div_Spend_mat-sort-header-arrow ng-trigger _89bf05' is clicked on

2023-12-22 15:51:14 - [TEST_STEP][PASSED] - verifyElementText(findTestObject("Object Repository/Page_Campaign_Metric_Table/Page_/div_Items per page"), "Items per page:"): Actual text and expected text of test object 'Object Repository/Page_Campaign_Metric_Table/Page_/div_Items per page' are matched.

2023-12-22 15:51:15 - [MESSAGE][PASSED] - Actual text and expected text of test object 'Object Repository/Page_Campaign_Metric_Table/Page_/div_Items per page' are matched.

2023-12-22 15:51:15 - [TEST_STEP][PASSED] - verifyElementClickable(findTestObject("Object Repository/Page_Campaign_Metric_Table/Page_/div_Items per page_mat-select-arrow ng-tns-c110-18")): Object 'Object Repository/Page_Campaign_Metric_Table/Page_/div_Items per page_mat-select-arrow ng-tns-c110-18' is clickable

2023-12-22 15:51:15 - [MESSAGE][PASSED] - Object 'Object Repository/Page_Campaign_Metric_Table/Page_/div_Items per page_mat-select-arrow ng-tns-c110-18' is clickable

2023-12-22 15:51:15 - [TEST_STEP][PASSED] - click(findTestObject("Object Repository/Page_Campaign_Metric_Table/Page_/div_Items per page_mat-select-arrow ng-tns-c110-18")): Object: 'Object Repository/Page_Campaign_Metric_Table/Page_/div_Items per page_mat-select-arrow ng-tns-c110-18' is clicked on

2023-12-22 15:51:16 - [MESSAGE][PASSED] - Object: 'Object Repository/Page_Campaign_Metric_Table/Page_/div_Items per page_mat-select-arrow ng-tns-c110-18' is clicked on

2023-12-22 15:51:16 - [TEST_STEP][PASSED] - click(findTestObject("Object Repository/Page_Campaign_Metric_Table/Page_/span_10")): Object: 'Object Repository/Page_Campaign_Metric_Table/Page_/span_10' is clicked on

2023-12-22 15:51:16 - [MESSAGE][PASSED] - Object: 'Object Repository/Page_Campaign_Metric_Table/Page_/span_10' is clicked on

2023-12-22 15:51:16 - [TEST_STEP][PASSED] - click(findTestObject("Object Repository/Page_Campaign_Metric_Table/Page_/div_Items per page_mat-select-arrow-wrapper_f05958")): Object: 'Object Repository/Page_Campaign_Metric_Table/Page_/div_Items per page_mat-select-arrow-wrapper_f05958' is clicked on

2023-12-22 15:51:17 - [MESSAGE][PASSED] - Object: 'Object Repository/Page_Campaign_Metric_Table/Page_/div_Items per page_mat-select-arrow-wrapper_f05958' is clicked on

2023-12-22 15:51:17 - [TEST_STEP][PASSED] - click(findTestObject("Object Repository/Page_Campaign_Metric_Table/Page_/span_20")): Object: 'Object Repository/Page_Campaign_Metric_Table/Page_/span_20' is clicked on

2023-12-22 15:51:17 - [MESSAGE][PASSED] - Object: 'Object Repository/Page_Campaign_Metric_Table/Page_/span_20' is clicked on

2023-12-22 15:51:17 - [TEST_STEP][PASSED] - click(findTestObject("Object Repository/Page_Campaign_Metric_Table/Page_/div_Items per page_mat-select-arrow-wrapper_f05958")): Object: 'Object Repository/Page_Campaign_Metric_Table/Page_/div_Items per page_mat-select-arrow-wrapper_f05958' is clicked on

2023-12-22 15:51:18 - [MESSAGE][PASSED] - Object: 'Object Repository/Page_Campaign_Metric_Table/Page_/div_Items per page_mat-select-arrow-wrapper_f05958' is clicked on

2023-12-22 15:51:18 - [TEST_STEP][PASSED] - click(findTestObject("Object Repository/Page_Campaign_Metric_Table/Page_/span_30")): Object: 'Object Repository/Page_Campaign_Metric_Table/Page_/span_30' is clicked on

2023-12-22 15:51:19 - [MESSAGE][PASSED] - Object: 'Object Repository/Page_Campaign_Metric_Table/Page_/span_30' is clicked on

2023-12-22 15:51:19 - [TEST_STEP][PASSED] - callTestCase(findTestCase("Reusable_Functions/Arrow_buttons"), [:], CONTINUE_ON_FAILURE): Call Test Case 'Test Cases/Reusable_Functions/Arrow_buttons' successfully

2023-12-22 15:51:19 - [TEST_CASE][PASSED] - Test Cases/Reusable_Functions/Arrow_buttons: Test Cases/Reusable_Functions/Arrow_buttons

2023-12-22 15:51:19 - [TEST_STEP][PASSED] - verifyElementClickable(findTestObject("Object Repository/Page_Arrow_Buttons/Page_/svg_Items per page_mat-paginator-icon")): Object 'Object Repository/Page_Arrow_Buttons/Page_/svg_Items per page_mat-paginator-icon' is clickable

2023-12-22 15:51:19 - [MESSAGE][PASSED] - Object 'Object Repository/Page_Arrow_Buttons/Page_/svg_Items per page_mat-paginator-icon' is clickable

2023-12-22 15:51:19 - [TEST_STEP][PASSED] - click(findTestObject("Object Repository/Page_Arrow_Buttons/Page_/svg_Items per page_mat-paginator-icon")): Object: 'Object Repository/Page_Arrow_Buttons/Page_/svg_Items per page_mat-paginator-icon' is clicked on

2023-12-22 15:51:20 - [MESSAGE][PASSED] - Object: 'Object Repository/Page_Arrow_Buttons/Page_/svg_Items per page_mat-paginator-icon' is clicked on

2023-12-22 15:51:20 - [TEST_STEP][PASSED] - verifyElementClickable(findTestObject("Object Repository/Page_Arrow_Buttons/Page_/svg_Items per page_mat-paginator-icon_1")): Object 'Object Repository/Page_Arrow_Buttons/Page_/svg_Items per page_mat-paginator-icon_1' is clickable

2023-12-22 15:51:20 - [MESSAGE][PASSED] - Object 'Object Repository/Page_Arrow_Buttons/Page_/svg_Items per page_mat-paginator-icon_1' is clickable

2023-12-22 15:51:20 - [TEST_STEP][PASSED] - click(findTestObject("Object Repository/Page_Arrow_Buttons/Page_/svg_Items per page_mat-paginator-icon_1")): Object: 'Object Repository/Page_Arrow_Buttons/Page_/svg_Items per page_mat-paginator-icon_1' is clicked on

2023-12-22 15:51:21 - [MESSAGE][PASSED] - Object: 'Object Repository/Page_Arrow_Buttons/Page_/svg_Items per page_mat-paginator-icon_1' is clicked on

2023-12-22 15:51:21 - [MESSAGE][INFO] - 

2023-12-22 15:51:21 - [MESSAGE][INFO] - ===================== Self-healing Report ====================

2023-12-22 15:51:21 - [MESSAGE][INFO] - One of the failed test object locators has been recovered by Self-healing. Please refer to the Self-healing Insights tab for more details.

2023-12-22 15:51:21 - [MESSAGE][INFO] - To learn more about Self-healing, please read https://docs.katalon.com/katalon-studio/docs/self-healing.html

2023-12-22 15:51:21 - [MESSAGE][INFO] - ==============================================================

2023-12-22 15:51:21 - [MESSAGE][PASSED] - Call Test Case 'Test Cases/Reusable_Functions/Arrow_buttons' successfully

2023-12-22 15:51:21 - [TEST_STEP][PASSED] - closeBrowser(): Browser is closed

2023-12-22 15:51:22 - [MESSAGE][PASSED] - Browser is closed]]></system-out>
         <system-err><![CDATA[]]></system-err>
      </testcase>
      <system-out><![CDATA[2023-12-22 15:47:28 - [TEST_SUITE][PASSED] - browser_test: Test Cases/Campaign/test_campaign_metric_table]]></system-out>
      <system-err><![CDATA[]]></system-err>
   </testsuite>
</testsuites>
