<?xml version="1.0" encoding="UTF-8"?>
<testsuites name="spend_monitoring_report" time="891.177" tests="10" failures="0" errors="0">
   <testsuite name="spend_monitoring_report" tests="10" failures="0" errors="0" time="891.177" skipped="0" timestamp="17-01-2024T15:59:58" hostname="Pavitra I R - DESKTOP-MFB1Q4P" id="Test Suites/spend_monitoring_report">
      <properties>
         <property name="deviceName" value=""/>
         <property name="devicePlatform" value=""/>
         <property name="logFolder" value="C:\\Users\\Pavitra I R\\Katalon Studio\\Admetrics\\Reports\\20240117_155951\\spend_monitoring_report\\20240117_155952"/>
         <property name="logFiles" value="C:\\Users\\Pavitra I R\\Katalon Studio\\Admetrics\\Reports\\20240117_155951\\spend_monitoring_report\\20240117_155952\\execution0.log"/>
         <property name="attachments" value=""/>
         <property name="hostName" value="Pavitra I R - DESKTOP-MFB1Q4P"/>
         <property name="os" value="Windows 10 64bit"/>
         <property name="katalonVersion" value="9.2.0.212"/>
         <property name="browser" value="Chrome 120.0.0.0"/>
         <property name="hostAddress" value="192.168.1.32"/>
         <property name="sessionId" value="1b180941f7a29b22f5625fc759ac5948"/>
         <property name="seleniumVersion" value="3.141.59"/>
         <property name="proxyInformation" value="ProxyInformation { proxyOption=NO_PROXY, proxyServerType=HTTP, username=, password=********, proxyServerAddress=, proxyServerPort=0, executionList=&quot;&quot;, isApplyToDesiredCapabilities=true }"/>
         <property name="platform" value="Windows 10"/>
      </properties>
      <testcase name="Test Cases/Spend Monitoring/test_verify_navigating_spend_monitor" time="11.46" classname="Test Cases/Spend Monitoring/test_verify_navigating_spend_monitor" status="PASSED">
         <system-out><![CDATA[17-01-2024T15:59:58 - [TEST_CASE][PASSED] - Test Cases/Spend Monitoring/test_verify_navigating_spend_monitor: Test Cases/Spend Monitoring/test_verify_navigating_spend_monitor

17-01-2024T15:59:58 - [TEST_STEP][PASSED] - callTestCase(findTestCase("Reusable_Functions/Login"), [:], CONTINUE_ON_FAILURE): Call Test Case 'Test Cases/Reusable_Functions/Login' successfully

17-01-2024T15:59:59 - [TEST_CASE][PASSED] - Test Cases/Reusable_Functions/Login: Test Cases/Reusable_Functions/Login

17-01-2024T15:59:59 - [TEST_STEP][PASSED] - openBrowser(""): Browser is opened with url: ''

17-01-2024T15:59:59 - [MESSAGE][INFO] - Starting 'Chrome' driver

17-01-2024T15:59:59 - [MESSAGE][INFO] - Action delay is set to 0 milliseconds

17-01-2024T16:00:00 - [MESSAGE][PASSED] - Browser is opened with url: ''

17-01-2024T16:00:00 - [TEST_STEP][PASSED] - maximizeWindow(): Current window maximized

17-01-2024T16:00:00 - [MESSAGE][PASSED] - Current window maximized

17-01-2024T16:00:00 - [TEST_STEP][PASSED] - navigateToUrl(url): Navigate to 'https://dash.admetrics.ai/' successfully

17-01-2024T16:00:01 - [MESSAGE][PASSED] - Navigate to 'https://dash.admetrics.ai/' successfully

17-01-2024T16:00:01 - [TEST_STEP][PASSED] - setText(findTestObject("Page_valid_login/Page_/input_User ID_username"), username): Text 'moonlyte_admin' is set on object 'Object Repository/Page_valid_login/Page_/input_User ID_username'

17-01-2024T16:00:03 - [MESSAGE][PASSED] - Text 'moonlyte_admin' is set on object 'Object Repository/Page_valid_login/Page_/input_User ID_username'

17-01-2024T16:00:03 - [TEST_STEP][PASSED] - setEncryptedText(findTestObject("Page_valid_login/Page_/input_Password_password"), password): Text ****** has been set on object 'Object Repository/Page_valid_login/Page_/input_Password_password'

17-01-2024T16:00:03 - [MESSAGE][PASSED] - Text ****** has been set on object 'Object Repository/Page_valid_login/Page_/input_Password_password'

17-01-2024T16:00:03 - [TEST_STEP][PASSED] - click(findTestObject("Page_valid_login/Page_/button_Login")): Object: 'Object Repository/Page_valid_login/Page_/button_Login' is clicked on

17-01-2024T16:00:03 - [MESSAGE][PASSED] - Object: 'Object Repository/Page_valid_login/Page_/button_Login' is clicked on

17-01-2024T16:00:03 - [MESSAGE][PASSED] - Call Test Case 'Test Cases/Reusable_Functions/Login' successfully

17-01-2024T16:00:03 - [TEST_STEP][PASSED] - verifyElementClickable(findTestObject("Object Repository/Page_Verify_Navigating_Spend_Monitoring/Page_/li_Spend Monitoring")): Object 'Object Repository/Page_Verify_Navigating_Spend_Monitoring/Page_/li_Spend Monitoring' is clickable

17-01-2024T16:00:06 - [MESSAGE][PASSED] - Object 'Object Repository/Page_Verify_Navigating_Spend_Monitoring/Page_/li_Spend Monitoring' is clickable

17-01-2024T16:00:06 - [TEST_STEP][PASSED] - click(findTestObject("Object Repository/Page_Verify_Navigating_Spend_Monitoring/Page_/li_Spend Monitoring")): Object: 'Object Repository/Page_Verify_Navigating_Spend_Monitoring/Page_/li_Spend Monitoring' is clicked on

17-01-2024T16:00:06 - [MESSAGE][PASSED] - Object: 'Object Repository/Page_Verify_Navigating_Spend_Monitoring/Page_/li_Spend Monitoring' is clicked on

17-01-2024T16:00:06 - [TEST_STEP][PASSED] - verifyElementPresent(findTestObject("Object Repository/Page_Verify_Navigating_Spend_Monitoring/Page_/p_Spend Monitoring Report"), 0): Object 'Object Repository/Page_Verify_Navigating_Spend_Monitoring/Page_/p_Spend Monitoring Report' is present

17-01-2024T16:00:06 - [MESSAGE][WARNING] - Timeout '0' is invalid. Using default page load timeout: '30'

17-01-2024T16:00:07 - [MESSAGE][PASSED] - Object 'Object Repository/Page_Verify_Navigating_Spend_Monitoring/Page_/p_Spend Monitoring Report' is present

17-01-2024T16:00:07 - [TEST_STEP][PASSED] - verifyElementText(findTestObject("Object Repository/Page_Verify_Navigating_Spend_Monitoring/Page_/p_Spend Monitoring Report"), "Spend Monitoring Report"): Actual text and expected text of test object 'Object Repository/Page_Verify_Navigating_Spend_Monitoring/Page_/p_Spend Monitoring Report' are matched.

17-01-2024T16:00:07 - [MESSAGE][PASSED] - Actual text and expected text of test object 'Object Repository/Page_Verify_Navigating_Spend_Monitoring/Page_/p_Spend Monitoring Report' are matched.

17-01-2024T16:00:07 - [TEST_STEP][PASSED] - delay(2): Delayed 2 second(s)

17-01-2024T16:00:10 - [MESSAGE][PASSED] - Delayed 2 second(s)]]></system-out>
         <system-err><![CDATA[]]></system-err>
      </testcase>
      <testcase name="Test Cases/Spend Monitoring/test_weekly_spend_monitoring_tab" time="1.701" classname="Test Cases/Spend Monitoring/test_weekly_spend_monitoring_tab" status="PASSED">
         <system-out><![CDATA[17-01-2024T16:00:10 - [TEST_CASE][PASSED] - Test Cases/Spend Monitoring/test_weekly_spend_monitoring_tab: Test Cases/Spend Monitoring/test_weekly_spend_monitoring_tab

17-01-2024T16:00:10 - [TEST_STEP][PASSED] - click(findTestObject("Object Repository/Page_Weekly_Spend_Monitoring_Tab/Page_/li_Spend Monitoring")): Object: 'Object Repository/Page_Weekly_Spend_Monitoring_Tab/Page_/li_Spend Monitoring' is clicked on

17-01-2024T16:00:10 - [MESSAGE][PASSED] - Object: 'Object Repository/Page_Weekly_Spend_Monitoring_Tab/Page_/li_Spend Monitoring' is clicked on

17-01-2024T16:00:10 - [TEST_STEP][PASSED] - verifyElementText(findTestObject("Object Repository/Page_Weekly_Spend_Monitoring_Tab/Page_/div_Weekly Spends Monitoring Report"), "Weekly Spends Monitoring Report"): Actual text and expected text of test object 'Object Repository/Page_Weekly_Spend_Monitoring_Tab/Page_/div_Weekly Spends Monitoring Report' are matched.

17-01-2024T16:00:10 - [MESSAGE][PASSED] - Actual text and expected text of test object 'Object Repository/Page_Weekly_Spend_Monitoring_Tab/Page_/div_Weekly Spends Monitoring Report' are matched.

17-01-2024T16:00:10 - [TEST_STEP][PASSED] - verifyElementClickable(findTestObject("Object Repository/Page_Weekly_Spend_Monitoring_Tab/Page_/div_Weekly Spends Monitoring Report")): Object 'Object Repository/Page_Weekly_Spend_Monitoring_Tab/Page_/div_Weekly Spends Monitoring Report' is clickable

17-01-2024T16:00:11 - [MESSAGE][PASSED] - Object 'Object Repository/Page_Weekly_Spend_Monitoring_Tab/Page_/div_Weekly Spends Monitoring Report' is clickable

17-01-2024T16:00:11 - [TEST_STEP][PASSED] - click(findTestObject("Object Repository/Page_Weekly_Spend_Monitoring_Tab/Page_/div_Weekly Spends Monitoring Report")): Object: 'Object Repository/Page_Weekly_Spend_Monitoring_Tab/Page_/div_Weekly Spends Monitoring Report' is clicked on

17-01-2024T16:00:11 - [MESSAGE][PASSED] - Object: 'Object Repository/Page_Weekly_Spend_Monitoring_Tab/Page_/div_Weekly Spends Monitoring Report' is clicked on]]></system-out>
         <system-err><![CDATA[]]></system-err>
      </testcase>
      <testcase name="Test Cases/Spend Monitoring/test_weekly_spend_monitoring_calender" time="292.544" classname="Test Cases/Spend Monitoring/test_weekly_spend_monitoring_calender" status="PASSED">
         <system-out><![CDATA[17-01-2024T16:00:11 - [TEST_CASE][PASSED] - Test Cases/Spend Monitoring/test_weekly_spend_monitoring_calender: Test Cases/Spend Monitoring/test_weekly_spend_monitoring_calender

17-01-2024T16:00:11 - [TEST_STEP][PASSED] - callTestCase(findTestCase("Reusable_Functions/Calender"), [:], CONTINUE_ON_FAILURE): Call Test Case 'Test Cases/Reusable_Functions/Calender' successfully

17-01-2024T16:00:11 - [TEST_CASE][PASSED] - Test Cases/Reusable_Functions/Calender: Test Cases/Reusable_Functions/Calender

17-01-2024T16:00:11 - [TEST_STEP][PASSED] - verifyElementClickable(findTestObject("Object Repository/Page_Calender/Page_/mat-icon_clear")): Object 'Object Repository/Page_Calender/Page_/mat-icon_clear' is clickable

17-01-2024T16:00:43 - [MESSAGE][INFO] - Unable to find the element located by 'By.xpath: //mat-tab-body[@id='mat-tab-content-0-0']/div/app-weekly-admetric/div/div/div/app-time-series-filter-panel/div/mat-form-field/div/div/div/mat-icon'. Please recheck the objects properties to make sure the desired element is located. 

17-01-2024T16:00:43 - [MESSAGE][WARNING] - [SELF-HEALING] Failed to find element with id 'Object Repository/Page_Calender/Page_/mat-icon_clear'. Try using Self-healing.

17-01-2024T16:00:43 - [MESSAGE][WARNING] - [SELF-HEALING] The current locator of test object 'Object Repository/Page_Calender/Page_/mat-icon_clear' was broken. Propose an alternative one: '//mat-icon'.

17-01-2024T16:00:43 - [MESSAGE][PASSED] - Object 'Object Repository/Page_Calender/Page_/mat-icon_clear' is clickable

17-01-2024T16:00:43 - [TEST_STEP][PASSED] - click(findTestObject("Object Repository/Page_Calender/Page_/mat-icon_clear")): Object: 'Object Repository/Page_Calender/Page_/mat-icon_clear' is clicked on

17-01-2024T16:01:14 - [MESSAGE][INFO] - Unable to find the element located by 'By.xpath: //mat-tab-body[@id='mat-tab-content-0-0']/div/app-weekly-admetric/div/div/div/app-time-series-filter-panel/div/mat-form-field/div/div/div/mat-icon'. Please recheck the objects properties to make sure the desired element is located. 

17-01-2024T16:01:14 - [MESSAGE][WARNING] - [SELF-HEALING] Failed to find element with id 'Object Repository/Page_Calender/Page_/mat-icon_clear'. Try using Self-healing.

17-01-2024T16:01:14 - [MESSAGE][WARNING] - [SELF-HEALING] The current locator of test object 'Object Repository/Page_Calender/Page_/mat-icon_clear' was broken. Propose an alternative one: '//mat-icon'.

17-01-2024T16:01:14 - [MESSAGE][PASSED] - Object: 'Object Repository/Page_Calender/Page_/mat-icon_clear' is clicked on

17-01-2024T16:01:14 - [TEST_STEP][PASSED] - verifyElementClickable(findTestObject("Object Repository/Page_Calender/Page_/svg_mat-datepicker-toggle-default-icon ng-s_f1b13c")): Object 'Object Repository/Page_Calender/Page_/svg_mat-datepicker-toggle-default-icon ng-s_f1b13c' is clickable

17-01-2024T16:01:46 - [MESSAGE][INFO] - Unable to find the element located by 'By.xpath: '. Please recheck the objects properties to make sure the desired element is located. 

17-01-2024T16:01:46 - [MESSAGE][WARNING] - [SELF-HEALING] Failed to find element with id 'Object Repository/Page_Calender/Page_/svg_mat-datepicker-toggle-default-icon ng-s_f1b13c'. Try using Self-healing.

17-01-2024T16:01:46 - [MESSAGE][WARNING] - [SELF-HEALING] The current locator of test object 'Object Repository/Page_Calender/Page_/svg_mat-datepicker-toggle-default-icon ng-s_f1b13c' was broken. Propose an alternative one: 'svg.mat-datepicker-toggle-default-icon.ng-star-inserted'.

17-01-2024T16:01:46 - [MESSAGE][PASSED] - Object 'Object Repository/Page_Calender/Page_/svg_mat-datepicker-toggle-default-icon ng-s_f1b13c' is clickable

17-01-2024T16:01:46 - [TEST_STEP][PASSED] - click(findTestObject("Object Repository/Page_Calender/Page_/svg_mat-datepicker-toggle-default-icon ng-s_f1b13c")): Object: 'Object Repository/Page_Calender/Page_/svg_mat-datepicker-toggle-default-icon ng-s_f1b13c' is clicked on

17-01-2024T16:02:17 - [MESSAGE][INFO] - Unable to find the element located by 'By.xpath: '. Please recheck the objects properties to make sure the desired element is located. 

17-01-2024T16:02:17 - [MESSAGE][WARNING] - [SELF-HEALING] Failed to find element with id 'Object Repository/Page_Calender/Page_/svg_mat-datepicker-toggle-default-icon ng-s_f1b13c'. Try using Self-healing.

17-01-2024T16:02:18 - [MESSAGE][WARNING] - [SELF-HEALING] The current locator of test object 'Object Repository/Page_Calender/Page_/svg_mat-datepicker-toggle-default-icon ng-s_f1b13c' was broken. Propose an alternative one: 'svg.mat-datepicker-toggle-default-icon.ng-star-inserted'.

17-01-2024T16:02:18 - [MESSAGE][PASSED] - Object: 'Object Repository/Page_Calender/Page_/svg_mat-datepicker-toggle-default-icon ng-s_f1b13c' is clicked on

17-01-2024T16:02:18 - [TEST_STEP][PASSED] - verifyElementClickable(findTestObject("Object Repository/Page_Calender/Page_/button_mat-focus-indicator mat-calendar-pre_09dfc7")): Object 'Object Repository/Page_Calender/Page_/button_mat-focus-indicator mat-calendar-pre_09dfc7' is clickable

17-01-2024T16:02:19 - [MESSAGE][PASSED] - Object 'Object Repository/Page_Calender/Page_/button_mat-focus-indicator mat-calendar-pre_09dfc7' is clickable

17-01-2024T16:02:19 - [TEST_STEP][PASSED] - verifyElementClickable(findTestObject("Object Repository/Page_Calender/Page_/button_mat-focus-indicator mat-calendar-pre_09dfc7")): Object 'Object Repository/Page_Calender/Page_/button_mat-focus-indicator mat-calendar-pre_09dfc7' is clickable

17-01-2024T16:02:19 - [MESSAGE][PASSED] - Object 'Object Repository/Page_Calender/Page_/button_mat-focus-indicator mat-calendar-pre_09dfc7' is clickable

17-01-2024T16:02:19 - [TEST_STEP][PASSED] - verifyElementClickable(findTestObject("Object Repository/Page_Calender/Page_/span_DEC 2023")): Object 'Object Repository/Page_Calender/Page_/span_DEC 2023' is clickable

17-01-2024T16:02:50 - [MESSAGE][INFO] - Unable to find the element located by 'By.xpath: //mat-calendar[@id='mat-datepicker-0']/mat-calendar-header/div/div/button/span'. Please recheck the objects properties to make sure the desired element is located. 

17-01-2024T16:02:50 - [MESSAGE][WARNING] - [SELF-HEALING] Failed to find element with id 'Object Repository/Page_Calender/Page_/span_DEC 2023'. Try using Self-healing.

17-01-2024T16:02:51 - [MESSAGE][WARNING] - [SELF-HEALING] The current locator of test object 'Object Repository/Page_Calender/Page_/span_DEC 2023' was broken. Propose an alternative one: '//div/div/button/span'.

17-01-2024T16:02:51 - [MESSAGE][PASSED] - Object 'Object Repository/Page_Calender/Page_/span_DEC 2023' is clickable

17-01-2024T16:02:51 - [TEST_STEP][PASSED] - click(findTestObject("Object Repository/Page_Calender/Page_/polygon")): Object: 'Object Repository/Page_Calender/Page_/polygon' is clicked on

17-01-2024T16:03:22 - [MESSAGE][INFO] - Unable to find the element located by 'By.xpath: '. Please recheck the objects properties to make sure the desired element is located. 

17-01-2024T16:03:22 - [MESSAGE][WARNING] - [SELF-HEALING] Failed to find element with id 'Object Repository/Page_Calender/Page_/polygon'. Try using Self-healing.

17-01-2024T16:03:22 - [MESSAGE][WARNING] - [SELF-HEALING] The current locator of test object 'Object Repository/Page_Calender/Page_/polygon' was broken. Propose an alternative one: 'polygon'.

17-01-2024T16:03:22 - [MESSAGE][PASSED] - Object: 'Object Repository/Page_Calender/Page_/polygon' is clicked on

17-01-2024T16:03:22 - [TEST_STEP][PASSED] - click(findTestObject("Object Repository/Page_Calender/Page_/svg_mat-calendar-arrow mat-calendar-invert")): Object: 'Object Repository/Page_Calender/Page_/svg_mat-calendar-arrow mat-calendar-invert' is clicked on

17-01-2024T16:03:53 - [MESSAGE][INFO] - Unable to find the element located by 'By.xpath: '. Please recheck the objects properties to make sure the desired element is located. 

17-01-2024T16:03:53 - [MESSAGE][WARNING] - [SELF-HEALING] Failed to find element with id 'Object Repository/Page_Calender/Page_/svg_mat-calendar-arrow mat-calendar-invert'. Try using Self-healing.

17-01-2024T16:03:54 - [MESSAGE][WARNING] - [SELF-HEALING] The current locator of test object 'Object Repository/Page_Calender/Page_/svg_mat-calendar-arrow mat-calendar-invert' was broken. Propose an alternative one: 'svg.mat-calendar-arrow.mat-calendar-invert'.

17-01-2024T16:03:54 - [MESSAGE][PASSED] - Object: 'Object Repository/Page_Calender/Page_/svg_mat-calendar-arrow mat-calendar-invert' is clicked on

17-01-2024T16:03:54 - [TEST_STEP][PASSED] - click(findTestObject("Object Repository/Page_Calender/Page_/button_mat-focus-indicator mat-calendar-pre_09dfc7")): Object: 'Object Repository/Page_Calender/Page_/button_mat-focus-indicator mat-calendar-pre_09dfc7' is clicked on

17-01-2024T16:03:55 - [MESSAGE][PASSED] - Object: 'Object Repository/Page_Calender/Page_/button_mat-focus-indicator mat-calendar-pre_09dfc7' is clicked on

17-01-2024T16:03:55 - [TEST_STEP][PASSED] - click(findTestObject("Object Repository/Page_Calender/Page_/button_mat-focus-indicator mat-calendar-pre_09dfc7")): Object: 'Object Repository/Page_Calender/Page_/button_mat-focus-indicator mat-calendar-pre_09dfc7' is clicked on

17-01-2024T16:03:56 - [MESSAGE][PASSED] - Object: 'Object Repository/Page_Calender/Page_/button_mat-focus-indicator mat-calendar-pre_09dfc7' is clicked on

17-01-2024T16:03:56 - [TEST_STEP][PASSED] - click(findTestObject("Object Repository/Page_Calender/Page_/div_1")): Object: 'Object Repository/Page_Calender/Page_/div_1' is clicked on

17-01-2024T16:04:27 - [MESSAGE][INFO] - Unable to find the element located by 'By.xpath: //mat-calendar[@id='mat-datepicker-0']/div/mat-month-view/table/tbody/tr[2]/td/button/div'. Please recheck the objects properties to make sure the desired element is located. 

17-01-2024T16:04:27 - [MESSAGE][WARNING] - [SELF-HEALING] Failed to find element with id 'Object Repository/Page_Calender/Page_/div_1'. Try using Self-healing.

17-01-2024T16:04:27 - [MESSAGE][WARNING] - [SELF-HEALING] The current locator of test object 'Object Repository/Page_Calender/Page_/div_1' was broken. Propose an alternative one: '//td/button/div'.

17-01-2024T16:04:27 - [MESSAGE][PASSED] - Object: 'Object Repository/Page_Calender/Page_/div_1' is clicked on

17-01-2024T16:04:27 - [TEST_STEP][PASSED] - click(findTestObject("Object Repository/Page_Calender/Page_/div_31")): Object: 'Object Repository/Page_Calender/Page_/div_31' is clicked on

17-01-2024T16:04:59 - [MESSAGE][INFO] - Unable to find the element located by 'By.xpath: //mat-calendar[@id='mat-datepicker-0']/div/mat-month-view/table/tbody/tr[6]/td[3]/button/div'. Please recheck the objects properties to make sure the desired element is located. 

17-01-2024T16:04:59 - [MESSAGE][WARNING] - [SELF-HEALING] Failed to find element with id 'Object Repository/Page_Calender/Page_/div_31'. Try using Self-healing.

17-01-2024T16:04:59 - [MESSAGE][WARNING] - [SELF-HEALING] The current locator of test object 'Object Repository/Page_Calender/Page_/div_31' was broken. Propose an alternative one: '//tr[6]/td[3]/button/div'.

17-01-2024T16:04:59 - [MESSAGE][PASSED] - Object: 'Object Repository/Page_Calender/Page_/div_31' is clicked on

17-01-2024T16:04:59 - [MESSAGE][INFO] - 

17-01-2024T16:04:59 - [MESSAGE][INFO] - ===================== Self-healing Report ====================

17-01-2024T16:04:59 - [MESSAGE][INFO] - One of the failed test object locators has been recovered by Self-healing. Please refer to the Self-healing Insights tab for more details.

17-01-2024T16:04:59 - [MESSAGE][INFO] - To learn more about Self-healing, please read https://docs.katalon.com/katalon-studio/docs/self-healing.html

17-01-2024T16:04:59 - [MESSAGE][INFO] - ==============================================================

17-01-2024T16:04:59 - [MESSAGE][PASSED] - Call Test Case 'Test Cases/Reusable_Functions/Calender' successfully

17-01-2024T16:04:59 - [TEST_STEP][PASSED] - callTestCase(findTestCase("Reusable_Functions/Fullscreen"), [:], CONTINUE_ON_FAILURE): Call Test Case 'Test Cases/Reusable_Functions/Fullscreen' successfully

17-01-2024T16:04:59 - [TEST_CASE][PASSED] - Test Cases/Reusable_Functions/Fullscreen: Test Cases/Reusable_Functions/Fullscreen

17-01-2024T16:04:59 - [TEST_STEP][PASSED] - verifyElementClickable(findTestObject("Object Repository/Page_Fullscreen/Page_/img")): Object 'Object Repository/Page_Fullscreen/Page_/img' is clickable

17-01-2024T16:05:00 - [MESSAGE][PASSED] - Object 'Object Repository/Page_Fullscreen/Page_/img' is clickable

17-01-2024T16:05:00 - [TEST_STEP][PASSED] - click(findTestObject("Object Repository/Page_Fullscreen/Page_/img")): Object: 'Object Repository/Page_Fullscreen/Page_/img' is clicked on

17-01-2024T16:05:00 - [MESSAGE][PASSED] - Object: 'Object Repository/Page_Fullscreen/Page_/img' is clicked on

17-01-2024T16:05:00 - [TEST_STEP][PASSED] - delay(2): Delayed 2 second(s)

17-01-2024T16:05:02 - [MESSAGE][PASSED] - Delayed 2 second(s)

17-01-2024T16:05:02 - [TEST_STEP][PASSED] - executeJavaScript("document.exitFullscreen();", null): Execute JavaScript 'document.exitFullscreen();' successfully

17-01-2024T16:05:02 - [MESSAGE][PASSED] - Execute JavaScript 'document.exitFullscreen();' successfully

17-01-2024T16:05:02 - [TEST_STEP][PASSED] - delay(2): Delayed 2 second(s)

17-01-2024T16:05:04 - [MESSAGE][PASSED] - Delayed 2 second(s)

17-01-2024T16:05:04 - [MESSAGE][INFO] - 

17-01-2024T16:05:04 - [MESSAGE][INFO] - ===================== Self-healing Report ====================

17-01-2024T16:05:04 - [MESSAGE][INFO] - One of the failed test object locators has been recovered by Self-healing. Please refer to the Self-healing Insights tab for more details.

17-01-2024T16:05:04 - [MESSAGE][INFO] - To learn more about Self-healing, please read https://docs.katalon.com/katalon-studio/docs/self-healing.html

17-01-2024T16:05:04 - [MESSAGE][INFO] - ==============================================================

17-01-2024T16:05:04 - [MESSAGE][PASSED] - Call Test Case 'Test Cases/Reusable_Functions/Fullscreen' successfully]]></system-out>
         <system-err><![CDATA[]]></system-err>
      </testcase>
      <testcase name="Test Cases/Spend Monitoring/test_daily_spend_monitoring_tab" time="1.485" classname="Test Cases/Spend Monitoring/test_daily_spend_monitoring_tab" status="PASSED">
         <system-out><![CDATA[17-01-2024T16:05:04 - [TEST_CASE][PASSED] - Test Cases/Spend Monitoring/test_daily_spend_monitoring_tab: Test Cases/Spend Monitoring/test_daily_spend_monitoring_tab

17-01-2024T16:05:04 - [TEST_STEP][PASSED] - click(findTestObject("Object Repository/Page_Daily_Spend_Monitoring_Tab/Page_/li_Spend Monitoring")): Object: 'Object Repository/Page_Daily_Spend_Monitoring_Tab/Page_/li_Spend Monitoring' is clicked on

17-01-2024T16:05:04 - [MESSAGE][PASSED] - Object: 'Object Repository/Page_Daily_Spend_Monitoring_Tab/Page_/li_Spend Monitoring' is clicked on

17-01-2024T16:05:04 - [TEST_STEP][PASSED] - verifyElementText(findTestObject("Object Repository/Page_Daily_Spend_Monitoring_Tab/Page_/div_Daily Spends Monitoring Report"), "Daily Spends Monitoring Report"): Actual text and expected text of test object 'Object Repository/Page_Daily_Spend_Monitoring_Tab/Page_/div_Daily Spends Monitoring Report' are matched.

17-01-2024T16:05:05 - [MESSAGE][PASSED] - Actual text and expected text of test object 'Object Repository/Page_Daily_Spend_Monitoring_Tab/Page_/div_Daily Spends Monitoring Report' are matched.

17-01-2024T16:05:05 - [TEST_STEP][PASSED] - verifyElementClickable(findTestObject("Object Repository/Page_Daily_Spend_Monitoring_Tab/Page_/div_Daily Spends Monitoring Report")): Object 'Object Repository/Page_Daily_Spend_Monitoring_Tab/Page_/div_Daily Spends Monitoring Report' is clickable

17-01-2024T16:05:05 - [MESSAGE][PASSED] - Object 'Object Repository/Page_Daily_Spend_Monitoring_Tab/Page_/div_Daily Spends Monitoring Report' is clickable

17-01-2024T16:05:05 - [TEST_STEP][PASSED] - click(findTestObject("Object Repository/Page_Daily_Spend_Monitoring_Tab/Page_/div_Daily Spends Monitoring Report")): Object: 'Object Repository/Page_Daily_Spend_Monitoring_Tab/Page_/div_Daily Spends Monitoring Report' is clicked on

17-01-2024T16:05:05 - [MESSAGE][PASSED] - Object: 'Object Repository/Page_Daily_Spend_Monitoring_Tab/Page_/div_Daily Spends Monitoring Report' is clicked on]]></system-out>
         <system-err><![CDATA[]]></system-err>
      </testcase>
      <testcase name="Test Cases/Spend Monitoring/test_daily_spend_monitoring_calender" time="293.699" classname="Test Cases/Spend Monitoring/test_daily_spend_monitoring_calender" status="PASSED">
         <system-out><![CDATA[17-01-2024T16:05:05 - [TEST_CASE][PASSED] - Test Cases/Spend Monitoring/test_daily_spend_monitoring_calender: Test Cases/Spend Monitoring/test_daily_spend_monitoring_calender

17-01-2024T16:05:05 - [TEST_STEP][PASSED] - callTestCase(findTestCase("Reusable_Functions/Calender"), [:], CONTINUE_ON_FAILURE): Call Test Case 'Test Cases/Reusable_Functions/Calender' successfully

17-01-2024T16:05:06 - [TEST_CASE][PASSED] - Test Cases/Reusable_Functions/Calender: Test Cases/Reusable_Functions/Calender

17-01-2024T16:05:06 - [TEST_STEP][PASSED] - verifyElementClickable(findTestObject("Object Repository/Page_Calender/Page_/mat-icon_clear")): Object 'Object Repository/Page_Calender/Page_/mat-icon_clear' is clickable

17-01-2024T16:05:37 - [MESSAGE][INFO] - Unable to find the element located by 'By.xpath: //mat-tab-body[@id='mat-tab-content-0-0']/div/app-weekly-admetric/div/div/div/app-time-series-filter-panel/div/mat-form-field/div/div/div/mat-icon'. Please recheck the objects properties to make sure the desired element is located. 

17-01-2024T16:05:37 - [MESSAGE][WARNING] - [SELF-HEALING] Failed to find element with id 'Object Repository/Page_Calender/Page_/mat-icon_clear'. Try using Self-healing.

17-01-2024T16:05:37 - [MESSAGE][WARNING] - [SELF-HEALING] The current locator of test object 'Object Repository/Page_Calender/Page_/mat-icon_clear' was broken. Propose an alternative one: '//mat-icon'.

17-01-2024T16:05:37 - [MESSAGE][PASSED] - Object 'Object Repository/Page_Calender/Page_/mat-icon_clear' is clickable

17-01-2024T16:05:37 - [TEST_STEP][PASSED] - click(findTestObject("Object Repository/Page_Calender/Page_/mat-icon_clear")): Object: 'Object Repository/Page_Calender/Page_/mat-icon_clear' is clicked on

17-01-2024T16:06:08 - [MESSAGE][INFO] - Unable to find the element located by 'By.xpath: //mat-tab-body[@id='mat-tab-content-0-0']/div/app-weekly-admetric/div/div/div/app-time-series-filter-panel/div/mat-form-field/div/div/div/mat-icon'. Please recheck the objects properties to make sure the desired element is located. 

17-01-2024T16:06:08 - [MESSAGE][WARNING] - [SELF-HEALING] Failed to find element with id 'Object Repository/Page_Calender/Page_/mat-icon_clear'. Try using Self-healing.

17-01-2024T16:06:09 - [MESSAGE][WARNING] - [SELF-HEALING] The current locator of test object 'Object Repository/Page_Calender/Page_/mat-icon_clear' was broken. Propose an alternative one: '//mat-icon'.

17-01-2024T16:06:09 - [MESSAGE][PASSED] - Object: 'Object Repository/Page_Calender/Page_/mat-icon_clear' is clicked on

17-01-2024T16:06:09 - [TEST_STEP][PASSED] - verifyElementClickable(findTestObject("Object Repository/Page_Calender/Page_/svg_mat-datepicker-toggle-default-icon ng-s_f1b13c")): Object 'Object Repository/Page_Calender/Page_/svg_mat-datepicker-toggle-default-icon ng-s_f1b13c' is clickable

17-01-2024T16:06:40 - [MESSAGE][INFO] - Unable to find the element located by 'By.xpath: '. Please recheck the objects properties to make sure the desired element is located. 

17-01-2024T16:06:40 - [MESSAGE][WARNING] - [SELF-HEALING] Failed to find element with id 'Object Repository/Page_Calender/Page_/svg_mat-datepicker-toggle-default-icon ng-s_f1b13c'. Try using Self-healing.

17-01-2024T16:06:40 - [MESSAGE][WARNING] - [SELF-HEALING] The current locator of test object 'Object Repository/Page_Calender/Page_/svg_mat-datepicker-toggle-default-icon ng-s_f1b13c' was broken. Propose an alternative one: 'svg.mat-datepicker-toggle-default-icon.ng-star-inserted'.

17-01-2024T16:06:40 - [MESSAGE][PASSED] - Object 'Object Repository/Page_Calender/Page_/svg_mat-datepicker-toggle-default-icon ng-s_f1b13c' is clickable

17-01-2024T16:06:40 - [TEST_STEP][PASSED] - click(findTestObject("Object Repository/Page_Calender/Page_/svg_mat-datepicker-toggle-default-icon ng-s_f1b13c")): Object: 'Object Repository/Page_Calender/Page_/svg_mat-datepicker-toggle-default-icon ng-s_f1b13c' is clicked on

17-01-2024T16:07:11 - [MESSAGE][INFO] - Unable to find the element located by 'By.xpath: '. Please recheck the objects properties to make sure the desired element is located. 

17-01-2024T16:07:11 - [MESSAGE][WARNING] - [SELF-HEALING] Failed to find element with id 'Object Repository/Page_Calender/Page_/svg_mat-datepicker-toggle-default-icon ng-s_f1b13c'. Try using Self-healing.

17-01-2024T16:07:12 - [MESSAGE][WARNING] - [SELF-HEALING] The current locator of test object 'Object Repository/Page_Calender/Page_/svg_mat-datepicker-toggle-default-icon ng-s_f1b13c' was broken. Propose an alternative one: 'svg.mat-datepicker-toggle-default-icon.ng-star-inserted'.

17-01-2024T16:07:12 - [MESSAGE][PASSED] - Object: 'Object Repository/Page_Calender/Page_/svg_mat-datepicker-toggle-default-icon ng-s_f1b13c' is clicked on

17-01-2024T16:07:12 - [TEST_STEP][PASSED] - verifyElementClickable(findTestObject("Object Repository/Page_Calender/Page_/button_mat-focus-indicator mat-calendar-pre_09dfc7")): Object 'Object Repository/Page_Calender/Page_/button_mat-focus-indicator mat-calendar-pre_09dfc7' is clickable

17-01-2024T16:07:13 - [MESSAGE][PASSED] - Object 'Object Repository/Page_Calender/Page_/button_mat-focus-indicator mat-calendar-pre_09dfc7' is clickable

17-01-2024T16:07:13 - [TEST_STEP][PASSED] - verifyElementClickable(findTestObject("Object Repository/Page_Calender/Page_/button_mat-focus-indicator mat-calendar-pre_09dfc7")): Object 'Object Repository/Page_Calender/Page_/button_mat-focus-indicator mat-calendar-pre_09dfc7' is clickable

17-01-2024T16:07:13 - [MESSAGE][PASSED] - Object 'Object Repository/Page_Calender/Page_/button_mat-focus-indicator mat-calendar-pre_09dfc7' is clickable

17-01-2024T16:07:13 - [TEST_STEP][PASSED] - verifyElementClickable(findTestObject("Object Repository/Page_Calender/Page_/span_DEC 2023")): Object 'Object Repository/Page_Calender/Page_/span_DEC 2023' is clickable

17-01-2024T16:07:44 - [MESSAGE][INFO] - Unable to find the element located by 'By.xpath: //mat-calendar[@id='mat-datepicker-0']/mat-calendar-header/div/div/button/span'. Please recheck the objects properties to make sure the desired element is located. 

17-01-2024T16:07:44 - [MESSAGE][WARNING] - [SELF-HEALING] Failed to find element with id 'Object Repository/Page_Calender/Page_/span_DEC 2023'. Try using Self-healing.

17-01-2024T16:07:45 - [MESSAGE][WARNING] - [SELF-HEALING] The current locator of test object 'Object Repository/Page_Calender/Page_/span_DEC 2023' was broken. Propose an alternative one: '//div/div/button/span'.

17-01-2024T16:07:45 - [MESSAGE][PASSED] - Object 'Object Repository/Page_Calender/Page_/span_DEC 2023' is clickable

17-01-2024T16:07:45 - [TEST_STEP][PASSED] - click(findTestObject("Object Repository/Page_Calender/Page_/polygon")): Object: 'Object Repository/Page_Calender/Page_/polygon' is clicked on

17-01-2024T16:08:16 - [MESSAGE][INFO] - Unable to find the element located by 'By.xpath: '. Please recheck the objects properties to make sure the desired element is located. 

17-01-2024T16:08:16 - [MESSAGE][WARNING] - [SELF-HEALING] Failed to find element with id 'Object Repository/Page_Calender/Page_/polygon'. Try using Self-healing.

17-01-2024T16:08:16 - [MESSAGE][WARNING] - [SELF-HEALING] The current locator of test object 'Object Repository/Page_Calender/Page_/polygon' was broken. Propose an alternative one: 'polygon'.

17-01-2024T16:08:16 - [MESSAGE][PASSED] - Object: 'Object Repository/Page_Calender/Page_/polygon' is clicked on

17-01-2024T16:08:16 - [TEST_STEP][PASSED] - click(findTestObject("Object Repository/Page_Calender/Page_/svg_mat-calendar-arrow mat-calendar-invert")): Object: 'Object Repository/Page_Calender/Page_/svg_mat-calendar-arrow mat-calendar-invert' is clicked on

17-01-2024T16:08:48 - [MESSAGE][INFO] - Unable to find the element located by 'By.xpath: '. Please recheck the objects properties to make sure the desired element is located. 

17-01-2024T16:08:48 - [MESSAGE][WARNING] - [SELF-HEALING] Failed to find element with id 'Object Repository/Page_Calender/Page_/svg_mat-calendar-arrow mat-calendar-invert'. Try using Self-healing.

17-01-2024T16:08:48 - [MESSAGE][WARNING] - [SELF-HEALING] The current locator of test object 'Object Repository/Page_Calender/Page_/svg_mat-calendar-arrow mat-calendar-invert' was broken. Propose an alternative one: 'svg.mat-calendar-arrow.mat-calendar-invert'.

17-01-2024T16:08:48 - [MESSAGE][PASSED] - Object: 'Object Repository/Page_Calender/Page_/svg_mat-calendar-arrow mat-calendar-invert' is clicked on

17-01-2024T16:08:48 - [TEST_STEP][PASSED] - click(findTestObject("Object Repository/Page_Calender/Page_/button_mat-focus-indicator mat-calendar-pre_09dfc7")): Object: 'Object Repository/Page_Calender/Page_/button_mat-focus-indicator mat-calendar-pre_09dfc7' is clicked on

17-01-2024T16:08:49 - [MESSAGE][PASSED] - Object: 'Object Repository/Page_Calender/Page_/button_mat-focus-indicator mat-calendar-pre_09dfc7' is clicked on

17-01-2024T16:08:49 - [TEST_STEP][PASSED] - click(findTestObject("Object Repository/Page_Calender/Page_/button_mat-focus-indicator mat-calendar-pre_09dfc7")): Object: 'Object Repository/Page_Calender/Page_/button_mat-focus-indicator mat-calendar-pre_09dfc7' is clicked on

17-01-2024T16:08:50 - [MESSAGE][PASSED] - Object: 'Object Repository/Page_Calender/Page_/button_mat-focus-indicator mat-calendar-pre_09dfc7' is clicked on

17-01-2024T16:08:50 - [TEST_STEP][PASSED] - click(findTestObject("Object Repository/Page_Calender/Page_/div_1")): Object: 'Object Repository/Page_Calender/Page_/div_1' is clicked on

17-01-2024T16:09:21 - [MESSAGE][INFO] - Unable to find the element located by 'By.xpath: //mat-calendar[@id='mat-datepicker-0']/div/mat-month-view/table/tbody/tr[2]/td/button/div'. Please recheck the objects properties to make sure the desired element is located. 

17-01-2024T16:09:21 - [MESSAGE][WARNING] - [SELF-HEALING] Failed to find element with id 'Object Repository/Page_Calender/Page_/div_1'. Try using Self-healing.

17-01-2024T16:09:21 - [MESSAGE][WARNING] - [SELF-HEALING] The current locator of test object 'Object Repository/Page_Calender/Page_/div_1' was broken. Propose an alternative one: '//td/button/div'.

17-01-2024T16:09:21 - [MESSAGE][PASSED] - Object: 'Object Repository/Page_Calender/Page_/div_1' is clicked on

17-01-2024T16:09:21 - [TEST_STEP][PASSED] - click(findTestObject("Object Repository/Page_Calender/Page_/div_31")): Object: 'Object Repository/Page_Calender/Page_/div_31' is clicked on

17-01-2024T16:09:53 - [MESSAGE][INFO] - Unable to find the element located by 'By.xpath: //mat-calendar[@id='mat-datepicker-0']/div/mat-month-view/table/tbody/tr[6]/td[3]/button/div'. Please recheck the objects properties to make sure the desired element is located. 

17-01-2024T16:09:53 - [MESSAGE][WARNING] - [SELF-HEALING] Failed to find element with id 'Object Repository/Page_Calender/Page_/div_31'. Try using Self-healing.

17-01-2024T16:09:53 - [MESSAGE][WARNING] - [SELF-HEALING] The current locator of test object 'Object Repository/Page_Calender/Page_/div_31' was broken. Propose an alternative one: '//tr[6]/td[3]/button/div'.

17-01-2024T16:09:53 - [MESSAGE][PASSED] - Object: 'Object Repository/Page_Calender/Page_/div_31' is clicked on

17-01-2024T16:09:53 - [MESSAGE][INFO] - 

17-01-2024T16:09:53 - [MESSAGE][INFO] - ===================== Self-healing Report ====================

17-01-2024T16:09:53 - [MESSAGE][INFO] - One of the failed test object locators has been recovered by Self-healing. Please refer to the Self-healing Insights tab for more details.

17-01-2024T16:09:53 - [MESSAGE][INFO] - To learn more about Self-healing, please read https://docs.katalon.com/katalon-studio/docs/self-healing.html

17-01-2024T16:09:53 - [MESSAGE][INFO] - ==============================================================

17-01-2024T16:09:53 - [MESSAGE][PASSED] - Call Test Case 'Test Cases/Reusable_Functions/Calender' successfully

17-01-2024T16:09:53 - [TEST_STEP][PASSED] - callTestCase(findTestCase("Reusable_Functions/Fullscreen"), [:], CONTINUE_ON_FAILURE): Call Test Case 'Test Cases/Reusable_Functions/Fullscreen' successfully

17-01-2024T16:09:53 - [TEST_CASE][PASSED] - Test Cases/Reusable_Functions/Fullscreen: Test Cases/Reusable_Functions/Fullscreen

17-01-2024T16:09:53 - [TEST_STEP][PASSED] - verifyElementClickable(findTestObject("Object Repository/Page_Fullscreen/Page_/img")): Object 'Object Repository/Page_Fullscreen/Page_/img' is clickable

17-01-2024T16:09:54 - [MESSAGE][PASSED] - Object 'Object Repository/Page_Fullscreen/Page_/img' is clickable

17-01-2024T16:09:54 - [TEST_STEP][PASSED] - click(findTestObject("Object Repository/Page_Fullscreen/Page_/img")): Object: 'Object Repository/Page_Fullscreen/Page_/img' is clicked on

17-01-2024T16:09:55 - [MESSAGE][PASSED] - Object: 'Object Repository/Page_Fullscreen/Page_/img' is clicked on

17-01-2024T16:09:55 - [TEST_STEP][PASSED] - delay(2): Delayed 2 second(s)

17-01-2024T16:09:57 - [MESSAGE][PASSED] - Delayed 2 second(s)

17-01-2024T16:09:57 - [TEST_STEP][PASSED] - executeJavaScript("document.exitFullscreen();", null): Execute JavaScript 'document.exitFullscreen();' successfully

17-01-2024T16:09:57 - [MESSAGE][PASSED] - Execute JavaScript 'document.exitFullscreen();' successfully

17-01-2024T16:09:57 - [TEST_STEP][PASSED] - delay(2): Delayed 2 second(s)

17-01-2024T16:09:59 - [MESSAGE][PASSED] - Delayed 2 second(s)

17-01-2024T16:09:59 - [MESSAGE][INFO] - 

17-01-2024T16:09:59 - [MESSAGE][INFO] - ===================== Self-healing Report ====================

17-01-2024T16:09:59 - [MESSAGE][INFO] - One of the failed test object locators has been recovered by Self-healing. Please refer to the Self-healing Insights tab for more details.

17-01-2024T16:09:59 - [MESSAGE][INFO] - To learn more about Self-healing, please read https://docs.katalon.com/katalon-studio/docs/self-healing.html

17-01-2024T16:09:59 - [MESSAGE][INFO] - ==============================================================

17-01-2024T16:09:59 - [MESSAGE][PASSED] - Call Test Case 'Test Cases/Reusable_Functions/Fullscreen' successfully]]></system-out>
         <system-err><![CDATA[]]></system-err>
      </testcase>
      <testcase name="Test Cases/Spend Monitoring/test_mtd_spend_monitoring_tab" time="1.557" classname="Test Cases/Spend Monitoring/test_mtd_spend_monitoring_tab" status="PASSED">
         <system-out><![CDATA[17-01-2024T16:09:59 - [TEST_CASE][PASSED] - Test Cases/Spend Monitoring/test_mtd_spend_monitoring_tab: Test Cases/Spend Monitoring/test_mtd_spend_monitoring_tab

17-01-2024T16:09:59 - [TEST_STEP][PASSED] - click(findTestObject("Object Repository/Page_MTD_Spend_Monitoring_Tab/Page_/li_Spend Monitoring")): Object: 'Object Repository/Page_MTD_Spend_Monitoring_Tab/Page_/li_Spend Monitoring' is clicked on

17-01-2024T16:09:59 - [MESSAGE][PASSED] - Object: 'Object Repository/Page_MTD_Spend_Monitoring_Tab/Page_/li_Spend Monitoring' is clicked on

17-01-2024T16:09:59 - [TEST_STEP][PASSED] - verifyElementText(findTestObject("Object Repository/Page_MTD_Spend_Monitoring_Tab/Page_/div_MTD Spend Monitoring"), "MTD Spend Monitoring"): Actual text and expected text of test object 'Object Repository/Page_MTD_Spend_Monitoring_Tab/Page_/div_MTD Spend Monitoring' are matched.

17-01-2024T16:10:00 - [MESSAGE][PASSED] - Actual text and expected text of test object 'Object Repository/Page_MTD_Spend_Monitoring_Tab/Page_/div_MTD Spend Monitoring' are matched.

17-01-2024T16:10:00 - [TEST_STEP][PASSED] - verifyElementClickable(findTestObject("Object Repository/Page_MTD_Spend_Monitoring_Tab/Page_/div_MTD Spend Monitoring")): Object 'Object Repository/Page_MTD_Spend_Monitoring_Tab/Page_/div_MTD Spend Monitoring' is clickable

17-01-2024T16:10:00 - [MESSAGE][PASSED] - Object 'Object Repository/Page_MTD_Spend_Monitoring_Tab/Page_/div_MTD Spend Monitoring' is clickable

17-01-2024T16:10:00 - [TEST_STEP][PASSED] - click(findTestObject("Object Repository/Page_MTD_Spend_Monitoring_Tab/Page_/div_MTD Spend Monitoring")): Object: 'Object Repository/Page_MTD_Spend_Monitoring_Tab/Page_/div_MTD Spend Monitoring' is clicked on

17-01-2024T16:10:01 - [MESSAGE][PASSED] - Object: 'Object Repository/Page_MTD_Spend_Monitoring_Tab/Page_/div_MTD Spend Monitoring' is clicked on]]></system-out>
         <system-err><![CDATA[]]></system-err>
      </testcase>
      <testcase name="Test Cases/Spend Monitoring/test_mtd_spend_monitoring_data" time="270.325" classname="Test Cases/Spend Monitoring/test_mtd_spend_monitoring_data" status="PASSED">
         <system-out><![CDATA[17-01-2024T16:10:01 - [TEST_CASE][PASSED] - Test Cases/Spend Monitoring/test_mtd_spend_monitoring_data: Test Cases/Spend Monitoring/test_mtd_spend_monitoring_data

17-01-2024T16:10:01 - [TEST_STEP][PASSED] - verifyElementVisible(findTestObject("Object Repository/Page_MTD_Spend_Monitoring_Data/Page_/h1_0")): Object 'Object Repository/Page_MTD_Spend_Monitoring_Data/Page_/h1_0' is visible

17-01-2024T16:10:02 - [MESSAGE][PASSED] - Object 'Object Repository/Page_MTD_Spend_Monitoring_Data/Page_/h1_0' is visible

17-01-2024T16:10:02 - [TEST_STEP][PASSED] - verifyElementPresent(findTestObject("Object Repository/Page_MTD_Spend_Monitoring_Data/Page_/div_achievement"), 0): Object 'Object Repository/Page_MTD_Spend_Monitoring_Data/Page_/div_achievement' is present

17-01-2024T16:10:02 - [MESSAGE][WARNING] - Timeout '0' is invalid. Using default page load timeout: '30'

17-01-2024T16:10:02 - [MESSAGE][PASSED] - Object 'Object Repository/Page_MTD_Spend_Monitoring_Data/Page_/div_achievement' is present

17-01-2024T16:10:02 - [TEST_STEP][PASSED] - verifyElementText(findTestObject("Object Repository/Page_MTD_Spend_Monitoring_Data/Page_/div_achievement"), "% achievement"): Actual text and expected text of test object 'Object Repository/Page_MTD_Spend_Monitoring_Data/Page_/div_achievement' are matched.

17-01-2024T16:10:03 - [MESSAGE][PASSED] - Actual text and expected text of test object 'Object Repository/Page_MTD_Spend_Monitoring_Data/Page_/div_achievement' are matched.

17-01-2024T16:10:03 - [TEST_STEP][PASSED] - verifyElementPresent(findTestObject("Object Repository/Page_MTD_Spend_Monitoring_Data/Page_/p_MTD Spend Prorated"), 0): Object 'Object Repository/Page_MTD_Spend_Monitoring_Data/Page_/p_MTD Spend Prorated' is present

17-01-2024T16:10:03 - [MESSAGE][WARNING] - Timeout '0' is invalid. Using default page load timeout: '30'

17-01-2024T16:10:03 - [MESSAGE][PASSED] - Object 'Object Repository/Page_MTD_Spend_Monitoring_Data/Page_/p_MTD Spend Prorated' is present

17-01-2024T16:10:03 - [TEST_STEP][PASSED] - verifyElementText(findTestObject("Object Repository/Page_MTD_Spend_Monitoring_Data/Page_/p_MTD Spend Prorated"), "MTD Spend Prorated"): Actual text and expected text of test object 'Object Repository/Page_MTD_Spend_Monitoring_Data/Page_/p_MTD Spend Prorated' are matched.

17-01-2024T16:10:03 - [MESSAGE][PASSED] - Actual text and expected text of test object 'Object Repository/Page_MTD_Spend_Monitoring_Data/Page_/p_MTD Spend Prorated' are matched.

17-01-2024T16:10:03 - [TEST_STEP][PASSED] - verifyElementPresent(findTestObject("Object Repository/Page_MTD_Spend_Monitoring_Data/Page_/div_Items per page"), 0): Object 'Object Repository/Page_MTD_Spend_Monitoring_Data/Page_/div_Items per page' is present

17-01-2024T16:10:03 - [MESSAGE][WARNING] - Timeout '0' is invalid. Using default page load timeout: '30'

17-01-2024T16:10:04 - [MESSAGE][PASSED] - Object 'Object Repository/Page_MTD_Spend_Monitoring_Data/Page_/div_Items per page' is present

17-01-2024T16:10:04 - [TEST_STEP][PASSED] - verifyElementText(findTestObject("Object Repository/Page_MTD_Spend_Monitoring_Data/Page_/div_Items per page"), "Items per page:"): Actual text and expected text of test object 'Object Repository/Page_MTD_Spend_Monitoring_Data/Page_/div_Items per page' are matched.

17-01-2024T16:10:04 - [MESSAGE][PASSED] - Actual text and expected text of test object 'Object Repository/Page_MTD_Spend_Monitoring_Data/Page_/div_Items per page' are matched.

17-01-2024T16:10:04 - [TEST_STEP][PASSED] - verifyElementClickable(findTestObject("Object Repository/Page_MTD_Spend_Monitoring_Data/Page_/div_mat-select-arrow-wrapper ng-tns-c110-12")): Object 'Object Repository/Page_MTD_Spend_Monitoring_Data/Page_/div_mat-select-arrow-wrapper ng-tns-c110-12' is clickable

17-01-2024T16:10:04 - [MESSAGE][PASSED] - Object 'Object Repository/Page_MTD_Spend_Monitoring_Data/Page_/div_mat-select-arrow-wrapper ng-tns-c110-12' is clickable

17-01-2024T16:10:04 - [TEST_STEP][PASSED] - click(findTestObject("Object Repository/Page_MTD_Spend_Monitoring_Data/Page_/div_mat-select-arrow ng-tns-c110-12")): Object: 'Object Repository/Page_MTD_Spend_Monitoring_Data/Page_/div_mat-select-arrow ng-tns-c110-12' is clicked on

17-01-2024T16:10:05 - [MESSAGE][PASSED] - Object: 'Object Repository/Page_MTD_Spend_Monitoring_Data/Page_/div_mat-select-arrow ng-tns-c110-12' is clicked on

17-01-2024T16:10:05 - [TEST_STEP][PASSED] - click(findTestObject("Object Repository/Page_MTD_Spend_Monitoring_Data/Page_/span_20")): Object: 'Object Repository/Page_MTD_Spend_Monitoring_Data/Page_/span_20' is clicked on

17-01-2024T16:10:05 - [MESSAGE][PASSED] - Object: 'Object Repository/Page_MTD_Spend_Monitoring_Data/Page_/span_20' is clicked on

17-01-2024T16:10:05 - [TEST_STEP][PASSED] - click(findTestObject("Object Repository/Page_MTD_Spend_Monitoring_Data/Page_/div_mat-select-arrow-wrapper ng-tns-c110-12")): Object: 'Object Repository/Page_MTD_Spend_Monitoring_Data/Page_/div_mat-select-arrow-wrapper ng-tns-c110-12' is clicked on

17-01-2024T16:10:06 - [MESSAGE][PASSED] - Object: 'Object Repository/Page_MTD_Spend_Monitoring_Data/Page_/div_mat-select-arrow-wrapper ng-tns-c110-12' is clicked on

17-01-2024T16:10:06 - [TEST_STEP][PASSED] - click(findTestObject("Object Repository/Page_MTD_Spend_Monitoring_Data/Page_/span_10")): Object: 'Object Repository/Page_MTD_Spend_Monitoring_Data/Page_/span_10' is clicked on

17-01-2024T16:10:07 - [MESSAGE][PASSED] - Object: 'Object Repository/Page_MTD_Spend_Monitoring_Data/Page_/span_10' is clicked on

17-01-2024T16:10:07 - [TEST_STEP][PASSED] - click(findTestObject("Object Repository/Page_MTD_Spend_Monitoring_Data/Page_/div_mat-select-arrow-wrapper ng-tns-c110-12")): Object: 'Object Repository/Page_MTD_Spend_Monitoring_Data/Page_/div_mat-select-arrow-wrapper ng-tns-c110-12' is clicked on

17-01-2024T16:10:07 - [MESSAGE][PASSED] - Object: 'Object Repository/Page_MTD_Spend_Monitoring_Data/Page_/div_mat-select-arrow-wrapper ng-tns-c110-12' is clicked on

17-01-2024T16:10:07 - [TEST_STEP][PASSED] - click(findTestObject("Object Repository/Page_MTD_Spend_Monitoring_Data/Page_/span_5")): Object: 'Object Repository/Page_MTD_Spend_Monitoring_Data/Page_/span_5' is clicked on

17-01-2024T16:10:08 - [MESSAGE][PASSED] - Object: 'Object Repository/Page_MTD_Spend_Monitoring_Data/Page_/span_5' is clicked on

17-01-2024T16:10:08 - [TEST_STEP][PASSED] - click(findTestObject("Object Repository/Page_MTD_Spend_Monitoring_Data/Page_/div_mat-select-arrow-wrapper ng-tns-c110-12")): Object: 'Object Repository/Page_MTD_Spend_Monitoring_Data/Page_/div_mat-select-arrow-wrapper ng-tns-c110-12' is clicked on

17-01-2024T16:10:09 - [MESSAGE][PASSED] - Object: 'Object Repository/Page_MTD_Spend_Monitoring_Data/Page_/div_mat-select-arrow-wrapper ng-tns-c110-12' is clicked on

17-01-2024T16:10:09 - [TEST_STEP][PASSED] - click(findTestObject("Object Repository/Page_MTD_Spend_Monitoring_Data/Page_/span_30")): Object: 'Object Repository/Page_MTD_Spend_Monitoring_Data/Page_/span_30' is clicked on

17-01-2024T16:10:09 - [MESSAGE][PASSED] - Object: 'Object Repository/Page_MTD_Spend_Monitoring_Data/Page_/span_30' is clicked on

17-01-2024T16:10:09 - [TEST_STEP][PASSED] - verifyElementPresent(findTestObject("Object Repository/Page_MTD_Spend_Monitoring_Data/Page_/p_Monthly Spend Vs Target"), 0): Object 'Object Repository/Page_MTD_Spend_Monitoring_Data/Page_/p_Monthly Spend Vs Target' is present

17-01-2024T16:10:09 - [MESSAGE][WARNING] - Timeout '0' is invalid. Using default page load timeout: '30'

17-01-2024T16:10:10 - [MESSAGE][PASSED] - Object 'Object Repository/Page_MTD_Spend_Monitoring_Data/Page_/p_Monthly Spend Vs Target' is present

17-01-2024T16:10:10 - [TEST_STEP][PASSED] - verifyElementText(findTestObject("Object Repository/Page_MTD_Spend_Monitoring_Data/Page_/p_Monthly Spend Vs Target"), "Monthly Spend Vs Target"): Actual text and expected text of test object 'Object Repository/Page_MTD_Spend_Monitoring_Data/Page_/p_Monthly Spend Vs Target' are matched.

17-01-2024T16:10:10 - [MESSAGE][PASSED] - Actual text and expected text of test object 'Object Repository/Page_MTD_Spend_Monitoring_Data/Page_/p_Monthly Spend Vs Target' are matched.

17-01-2024T16:10:10 - [TEST_STEP][PASSED] - verifyElementPresent(findTestObject("Object Repository/Page_MTD_Spend_Monitoring_Data/Page_/div_Items per page"), 0): Object 'Object Repository/Page_MTD_Spend_Monitoring_Data/Page_/div_Items per page' is present

17-01-2024T16:10:10 - [MESSAGE][WARNING] - Timeout '0' is invalid. Using default page load timeout: '30'

17-01-2024T16:10:11 - [MESSAGE][PASSED] - Object 'Object Repository/Page_MTD_Spend_Monitoring_Data/Page_/div_Items per page' is present

17-01-2024T16:10:11 - [TEST_STEP][PASSED] - verifyElementText(findTestObject("Object Repository/Page_MTD_Spend_Monitoring_Data/Page_/div_Items per page"), "Items per page:"): Actual text and expected text of test object 'Object Repository/Page_MTD_Spend_Monitoring_Data/Page_/div_Items per page' are matched.

17-01-2024T16:10:11 - [MESSAGE][PASSED] - Actual text and expected text of test object 'Object Repository/Page_MTD_Spend_Monitoring_Data/Page_/div_Items per page' are matched.

17-01-2024T16:10:11 - [TEST_STEP][PASSED] - verifyElementClickable(findTestObject("Object Repository/Page_MTD_Spend_Monitoring_Data/Page_/div_mat-select-arrow ng-tns-c110-14")): Object 'Object Repository/Page_MTD_Spend_Monitoring_Data/Page_/div_mat-select-arrow ng-tns-c110-14' is clickable

17-01-2024T16:10:12 - [MESSAGE][PASSED] - Object 'Object Repository/Page_MTD_Spend_Monitoring_Data/Page_/div_mat-select-arrow ng-tns-c110-14' is clickable

17-01-2024T16:10:12 - [TEST_STEP][PASSED] - click(findTestObject("Object Repository/Page_MTD_Spend_Monitoring_Data/Page_/div_mat-select-arrow ng-tns-c110-14")): Object: 'Object Repository/Page_MTD_Spend_Monitoring_Data/Page_/div_mat-select-arrow ng-tns-c110-14' is clicked on

17-01-2024T16:10:12 - [MESSAGE][PASSED] - Object: 'Object Repository/Page_MTD_Spend_Monitoring_Data/Page_/div_mat-select-arrow ng-tns-c110-14' is clicked on

17-01-2024T16:10:12 - [TEST_STEP][PASSED] - click(findTestObject("Object Repository/Page_MTD_Spend_Monitoring_Data/Page_/span_20")): Object: 'Object Repository/Page_MTD_Spend_Monitoring_Data/Page_/span_20' is clicked on

17-01-2024T16:10:43 - [MESSAGE][INFO] - Unable to find the element located by 'By.xpath: //mat-option[@id='mat-option-6']/span'. Please recheck the objects properties to make sure the desired element is located. 

17-01-2024T16:10:43 - [MESSAGE][WARNING] - [SELF-HEALING] Failed to find element with id 'Object Repository/Page_MTD_Spend_Monitoring_Data/Page_/span_20'. Try using Self-healing.

17-01-2024T16:10:43 - [MESSAGE][WARNING] - [SELF-HEALING] The current locator of test object 'Object Repository/Page_MTD_Spend_Monitoring_Data/Page_/span_20' was broken. Propose an alternative one: '//mat-option[3]/span'.

17-01-2024T16:10:43 - [MESSAGE][PASSED] - Object: 'Object Repository/Page_MTD_Spend_Monitoring_Data/Page_/span_20' is clicked on

17-01-2024T16:10:43 - [TEST_STEP][PASSED] - click(findTestObject("Object Repository/Page_MTD_Spend_Monitoring_Data/Page_/div_mat-select-arrow-wrapper ng-tns-c110-14")): Object: 'Object Repository/Page_MTD_Spend_Monitoring_Data/Page_/div_mat-select-arrow-wrapper ng-tns-c110-14' is clicked on

17-01-2024T16:10:44 - [MESSAGE][PASSED] - Object: 'Object Repository/Page_MTD_Spend_Monitoring_Data/Page_/div_mat-select-arrow-wrapper ng-tns-c110-14' is clicked on

17-01-2024T16:10:44 - [TEST_STEP][PASSED] - click(findTestObject("Object Repository/Page_MTD_Spend_Monitoring_Data/Page_/span_10")): Object: 'Object Repository/Page_MTD_Spend_Monitoring_Data/Page_/span_10' is clicked on

17-01-2024T16:11:15 - [MESSAGE][INFO] - Unable to find the element located by 'By.xpath: //mat-option[@id='mat-option-5']/span'. Please recheck the objects properties to make sure the desired element is located. 

17-01-2024T16:11:15 - [MESSAGE][WARNING] - [SELF-HEALING] Failed to find element with id 'Object Repository/Page_MTD_Spend_Monitoring_Data/Page_/span_10'. Try using Self-healing.

17-01-2024T16:11:16 - [MESSAGE][WARNING] - [SELF-HEALING] The current locator of test object 'Object Repository/Page_MTD_Spend_Monitoring_Data/Page_/span_10' was broken. Propose an alternative one: '//mat-option[2]/span'.

17-01-2024T16:11:16 - [MESSAGE][PASSED] - Object: 'Object Repository/Page_MTD_Spend_Monitoring_Data/Page_/span_10' is clicked on

17-01-2024T16:11:16 - [TEST_STEP][PASSED] - click(findTestObject("Object Repository/Page_MTD_Spend_Monitoring_Data/Page_/div_mat-select-arrow-wrapper ng-tns-c110-14")): Object: 'Object Repository/Page_MTD_Spend_Monitoring_Data/Page_/div_mat-select-arrow-wrapper ng-tns-c110-14' is clicked on

17-01-2024T16:11:16 - [MESSAGE][PASSED] - Object: 'Object Repository/Page_MTD_Spend_Monitoring_Data/Page_/div_mat-select-arrow-wrapper ng-tns-c110-14' is clicked on

17-01-2024T16:11:16 - [TEST_STEP][PASSED] - click(findTestObject("Object Repository/Page_MTD_Spend_Monitoring_Data/Page_/span_5")): Object: 'Object Repository/Page_MTD_Spend_Monitoring_Data/Page_/span_5' is clicked on

17-01-2024T16:11:48 - [MESSAGE][INFO] - Unable to find the element located by 'By.xpath: //mat-option[@id='mat-option-4']/span'. Please recheck the objects properties to make sure the desired element is located. 

17-01-2024T16:11:48 - [MESSAGE][WARNING] - [SELF-HEALING] Failed to find element with id 'Object Repository/Page_MTD_Spend_Monitoring_Data/Page_/span_5'. Try using Self-healing.

17-01-2024T16:11:48 - [MESSAGE][WARNING] - [SELF-HEALING] The current locator of test object 'Object Repository/Page_MTD_Spend_Monitoring_Data/Page_/span_5' was broken. Propose an alternative one: '//mat-option/span'.

17-01-2024T16:11:48 - [MESSAGE][PASSED] - Object: 'Object Repository/Page_MTD_Spend_Monitoring_Data/Page_/span_5' is clicked on

17-01-2024T16:11:48 - [TEST_STEP][PASSED] - click(findTestObject("Object Repository/Page_MTD_Spend_Monitoring_Data/Page_/div_mat-select-arrow ng-tns-c110-14")): Object: 'Object Repository/Page_MTD_Spend_Monitoring_Data/Page_/div_mat-select-arrow ng-tns-c110-14' is clicked on

17-01-2024T16:11:49 - [MESSAGE][PASSED] - Object: 'Object Repository/Page_MTD_Spend_Monitoring_Data/Page_/div_mat-select-arrow ng-tns-c110-14' is clicked on

17-01-2024T16:11:49 - [TEST_STEP][PASSED] - click(findTestObject("Object Repository/Page_MTD_Spend_Monitoring_Data/Page_/span_30")): Object: 'Object Repository/Page_MTD_Spend_Monitoring_Data/Page_/span_30' is clicked on

17-01-2024T16:12:20 - [MESSAGE][INFO] - Unable to find the element located by 'By.xpath: //mat-option[@id='mat-option-7']/span'. Please recheck the objects properties to make sure the desired element is located. 

17-01-2024T16:12:20 - [MESSAGE][WARNING] - [SELF-HEALING] Failed to find element with id 'Object Repository/Page_MTD_Spend_Monitoring_Data/Page_/span_30'. Try using Self-healing.

17-01-2024T16:12:20 - [MESSAGE][WARNING] - [SELF-HEALING] The current locator of test object 'Object Repository/Page_MTD_Spend_Monitoring_Data/Page_/span_30' was broken. Propose an alternative one: '//mat-option[4]/span'.

17-01-2024T16:12:20 - [MESSAGE][PASSED] - Object: 'Object Repository/Page_MTD_Spend_Monitoring_Data/Page_/span_30' is clicked on

17-01-2024T16:12:20 - [TEST_STEP][PASSED] - verifyElementPresent(findTestObject("Object Repository/Page_MTD_Spend_Monitoring_Data/Page_/p_MTD Spend Vs Target by Channel"), 0): Object 'Object Repository/Page_MTD_Spend_Monitoring_Data/Page_/p_MTD Spend Vs Target by Channel' is present

17-01-2024T16:12:20 - [MESSAGE][WARNING] - Timeout '0' is invalid. Using default page load timeout: '30'

17-01-2024T16:12:21 - [MESSAGE][PASSED] - Object 'Object Repository/Page_MTD_Spend_Monitoring_Data/Page_/p_MTD Spend Vs Target by Channel' is present

17-01-2024T16:12:21 - [TEST_STEP][PASSED] - verifyElementText(findTestObject("Object Repository/Page_MTD_Spend_Monitoring_Data/Page_/p_MTD Spend Vs Target by Channel"), "MTD Spend Vs Target by Channel"): Actual text and expected text of test object 'Object Repository/Page_MTD_Spend_Monitoring_Data/Page_/p_MTD Spend Vs Target by Channel' are matched.

17-01-2024T16:12:21 - [MESSAGE][PASSED] - Actual text and expected text of test object 'Object Repository/Page_MTD_Spend_Monitoring_Data/Page_/p_MTD Spend Vs Target by Channel' are matched.

17-01-2024T16:12:21 - [TEST_STEP][PASSED] - verifyElementPresent(findTestObject("Object Repository/Page_MTD_Spend_Monitoring_Data/Page_/div_Items per page"), 0): Object 'Object Repository/Page_MTD_Spend_Monitoring_Data/Page_/div_Items per page' is present

17-01-2024T16:12:21 - [MESSAGE][WARNING] - Timeout '0' is invalid. Using default page load timeout: '30'

17-01-2024T16:12:22 - [MESSAGE][PASSED] - Object 'Object Repository/Page_MTD_Spend_Monitoring_Data/Page_/div_Items per page' is present

17-01-2024T16:12:22 - [TEST_STEP][PASSED] - verifyElementText(findTestObject("Object Repository/Page_MTD_Spend_Monitoring_Data/Page_/div_Items per page"), "Items per page:"): Actual text and expected text of test object 'Object Repository/Page_MTD_Spend_Monitoring_Data/Page_/div_Items per page' are matched.

17-01-2024T16:12:22 - [MESSAGE][PASSED] - Actual text and expected text of test object 'Object Repository/Page_MTD_Spend_Monitoring_Data/Page_/div_Items per page' are matched.

17-01-2024T16:12:22 - [TEST_STEP][PASSED] - verifyElementClickable(findTestObject("Object Repository/Page_MTD_Spend_Monitoring_Data/Page_/div_mat-select-arrow-wrapper ng-tns-c110-10")): Object 'Object Repository/Page_MTD_Spend_Monitoring_Data/Page_/div_mat-select-arrow-wrapper ng-tns-c110-10' is clickable

17-01-2024T16:12:23 - [MESSAGE][PASSED] - Object 'Object Repository/Page_MTD_Spend_Monitoring_Data/Page_/div_mat-select-arrow-wrapper ng-tns-c110-10' is clickable

17-01-2024T16:12:23 - [TEST_STEP][PASSED] - click(findTestObject("Object Repository/Page_MTD_Spend_Monitoring_Data/Page_/div_mat-select-arrow-wrapper ng-tns-c110-10")): Object: 'Object Repository/Page_MTD_Spend_Monitoring_Data/Page_/div_mat-select-arrow-wrapper ng-tns-c110-10' is clicked on

17-01-2024T16:12:23 - [MESSAGE][PASSED] - Object: 'Object Repository/Page_MTD_Spend_Monitoring_Data/Page_/div_mat-select-arrow-wrapper ng-tns-c110-10' is clicked on

17-01-2024T16:12:23 - [TEST_STEP][PASSED] - click(findTestObject("Object Repository/Page_MTD_Spend_Monitoring_Data/Page_/span_20")): Object: 'Object Repository/Page_MTD_Spend_Monitoring_Data/Page_/span_20' is clicked on

17-01-2024T16:12:54 - [MESSAGE][INFO] - Unable to find the element located by 'By.xpath: //mat-option[@id='mat-option-6']/span'. Please recheck the objects properties to make sure the desired element is located. 

17-01-2024T16:12:54 - [MESSAGE][WARNING] - [SELF-HEALING] Failed to find element with id 'Object Repository/Page_MTD_Spend_Monitoring_Data/Page_/span_20'. Try using Self-healing.

17-01-2024T16:12:54 - [MESSAGE][WARNING] - [SELF-HEALING] The current locator of test object 'Object Repository/Page_MTD_Spend_Monitoring_Data/Page_/span_20' was broken. Propose an alternative one: '//mat-option[3]/span'.

17-01-2024T16:12:54 - [MESSAGE][PASSED] - Object: 'Object Repository/Page_MTD_Spend_Monitoring_Data/Page_/span_20' is clicked on

17-01-2024T16:12:54 - [TEST_STEP][PASSED] - click(findTestObject("Object Repository/Page_MTD_Spend_Monitoring_Data/Page_/div_mat-select-arrow ng-tns-c110-10")): Object: 'Object Repository/Page_MTD_Spend_Monitoring_Data/Page_/div_mat-select-arrow ng-tns-c110-10' is clicked on

17-01-2024T16:12:55 - [MESSAGE][PASSED] - Object: 'Object Repository/Page_MTD_Spend_Monitoring_Data/Page_/div_mat-select-arrow ng-tns-c110-10' is clicked on

17-01-2024T16:12:55 - [TEST_STEP][PASSED] - click(findTestObject("Object Repository/Page_MTD_Spend_Monitoring_Data/Page_/span_10")): Object: 'Object Repository/Page_MTD_Spend_Monitoring_Data/Page_/span_10' is clicked on

17-01-2024T16:13:26 - [MESSAGE][INFO] - Unable to find the element located by 'By.xpath: //mat-option[@id='mat-option-5']/span'. Please recheck the objects properties to make sure the desired element is located. 

17-01-2024T16:13:26 - [MESSAGE][WARNING] - [SELF-HEALING] Failed to find element with id 'Object Repository/Page_MTD_Spend_Monitoring_Data/Page_/span_10'. Try using Self-healing.

17-01-2024T16:13:27 - [MESSAGE][WARNING] - [SELF-HEALING] The current locator of test object 'Object Repository/Page_MTD_Spend_Monitoring_Data/Page_/span_10' was broken. Propose an alternative one: '//mat-option[2]/span'.

17-01-2024T16:13:27 - [MESSAGE][PASSED] - Object: 'Object Repository/Page_MTD_Spend_Monitoring_Data/Page_/span_10' is clicked on

17-01-2024T16:13:27 - [TEST_STEP][PASSED] - click(findTestObject("Object Repository/Page_MTD_Spend_Monitoring_Data/Page_/div_mat-select-arrow-wrapper ng-tns-c110-10")): Object: 'Object Repository/Page_MTD_Spend_Monitoring_Data/Page_/div_mat-select-arrow-wrapper ng-tns-c110-10' is clicked on

17-01-2024T16:13:27 - [MESSAGE][PASSED] - Object: 'Object Repository/Page_MTD_Spend_Monitoring_Data/Page_/div_mat-select-arrow-wrapper ng-tns-c110-10' is clicked on

17-01-2024T16:13:27 - [TEST_STEP][PASSED] - click(findTestObject("Object Repository/Page_MTD_Spend_Monitoring_Data/Page_/span_5")): Object: 'Object Repository/Page_MTD_Spend_Monitoring_Data/Page_/span_5' is clicked on

17-01-2024T16:13:58 - [MESSAGE][INFO] - Unable to find the element located by 'By.xpath: //mat-option[@id='mat-option-4']/span'. Please recheck the objects properties to make sure the desired element is located. 

17-01-2024T16:13:58 - [MESSAGE][WARNING] - [SELF-HEALING] Failed to find element with id 'Object Repository/Page_MTD_Spend_Monitoring_Data/Page_/span_5'. Try using Self-healing.

17-01-2024T16:13:59 - [MESSAGE][WARNING] - [SELF-HEALING] The current locator of test object 'Object Repository/Page_MTD_Spend_Monitoring_Data/Page_/span_5' was broken. Propose an alternative one: '//mat-option/span'.

17-01-2024T16:13:59 - [MESSAGE][PASSED] - Object: 'Object Repository/Page_MTD_Spend_Monitoring_Data/Page_/span_5' is clicked on

17-01-2024T16:13:59 - [TEST_STEP][PASSED] - click(findTestObject("Object Repository/Page_MTD_Spend_Monitoring_Data/Page_/div_mat-select-arrow ng-tns-c110-10")): Object: 'Object Repository/Page_MTD_Spend_Monitoring_Data/Page_/div_mat-select-arrow ng-tns-c110-10' is clicked on

17-01-2024T16:14:00 - [MESSAGE][PASSED] - Object: 'Object Repository/Page_MTD_Spend_Monitoring_Data/Page_/div_mat-select-arrow ng-tns-c110-10' is clicked on

17-01-2024T16:14:00 - [TEST_STEP][PASSED] - click(findTestObject("Object Repository/Page_MTD_Spend_Monitoring_Data/Page_/span_30")): Object: 'Object Repository/Page_MTD_Spend_Monitoring_Data/Page_/span_30' is clicked on

17-01-2024T16:14:31 - [MESSAGE][INFO] - Unable to find the element located by 'By.xpath: //mat-option[@id='mat-option-7']/span'. Please recheck the objects properties to make sure the desired element is located. 

17-01-2024T16:14:31 - [MESSAGE][WARNING] - [SELF-HEALING] Failed to find element with id 'Object Repository/Page_MTD_Spend_Monitoring_Data/Page_/span_30'. Try using Self-healing.

17-01-2024T16:14:31 - [MESSAGE][WARNING] - [SELF-HEALING] The current locator of test object 'Object Repository/Page_MTD_Spend_Monitoring_Data/Page_/span_30' was broken. Propose an alternative one: '//mat-option[4]/span'.

17-01-2024T16:14:31 - [MESSAGE][PASSED] - Object: 'Object Repository/Page_MTD_Spend_Monitoring_Data/Page_/span_30' is clicked on]]></system-out>
         <system-err><![CDATA[]]></system-err>
      </testcase>
      <testcase name="Test Cases/Spend Monitoring/test_weekly_spend_monitoring_zoom" time="6.16" classname="Test Cases/Spend Monitoring/test_weekly_spend_monitoring_zoom" status="PASSED">
         <system-out><![CDATA[17-01-2024T16:14:31 - [TEST_CASE][PASSED] - Test Cases/Spend Monitoring/test_weekly_spend_monitoring_zoom: Test Cases/Spend Monitoring/test_weekly_spend_monitoring_zoom

17-01-2024T16:14:31 - [TEST_STEP][PASSED] - click(findTestObject("Object Repository/Page_Weekly_Spend_Monitoring_Zoom/Page_/div_Weekly Spends Monitoring Report")): Object: 'Object Repository/Page_Weekly_Spend_Monitoring_Zoom/Page_/div_Weekly Spends Monitoring Report' is clicked on

17-01-2024T16:14:32 - [MESSAGE][PASSED] - Object: 'Object Repository/Page_Weekly_Spend_Monitoring_Zoom/Page_/div_Weekly Spends Monitoring Report' is clicked on

17-01-2024T16:14:32 - [TEST_STEP][PASSED] - verifyElementClickable(findTestObject("Object Repository/Page_Weekly_Spend_Monitoring_Zoom/Page_/img")): Object 'Object Repository/Page_Weekly_Spend_Monitoring_Zoom/Page_/img' is clickable

17-01-2024T16:14:33 - [MESSAGE][PASSED] - Object 'Object Repository/Page_Weekly_Spend_Monitoring_Zoom/Page_/img' is clickable

17-01-2024T16:14:33 - [TEST_STEP][PASSED] - click(findTestObject("Object Repository/Page_Weekly_Spend_Monitoring_Zoom/Page_/img")): Object: 'Object Repository/Page_Weekly_Spend_Monitoring_Zoom/Page_/img' is clicked on

17-01-2024T16:14:33 - [MESSAGE][PASSED] - Object: 'Object Repository/Page_Weekly_Spend_Monitoring_Zoom/Page_/img' is clicked on

17-01-2024T16:14:33 - [TEST_STEP][PASSED] - delay(2): Delayed 2 second(s)

17-01-2024T16:14:35 - [MESSAGE][PASSED] - Delayed 2 second(s)

17-01-2024T16:14:35 - [TEST_STEP][PASSED] - executeJavaScript("document.exitFullscreen();", null): Execute JavaScript 'document.exitFullscreen();' successfully

17-01-2024T16:14:35 - [MESSAGE][PASSED] - Execute JavaScript 'document.exitFullscreen();' successfully

17-01-2024T16:14:35 - [TEST_STEP][PASSED] - delay(2): Delayed 2 second(s)

17-01-2024T16:14:37 - [MESSAGE][PASSED] - Delayed 2 second(s)]]></system-out>
         <system-err><![CDATA[]]></system-err>
      </testcase>
      <testcase name="Test Cases/Spend Monitoring/test_daily_spend_monitoring_zoom" time="5.947" classname="Test Cases/Spend Monitoring/test_daily_spend_monitoring_zoom" status="PASSED">
         <system-out><![CDATA[17-01-2024T16:14:37 - [TEST_CASE][PASSED] - Test Cases/Spend Monitoring/test_daily_spend_monitoring_zoom: Test Cases/Spend Monitoring/test_daily_spend_monitoring_zoom

17-01-2024T16:14:37 - [TEST_STEP][PASSED] - click(findTestObject("Object Repository/Page_Daily_Spend_Monitoring_Zoom/Page_/div_Daily Spends Monitoring Report")): Object: 'Object Repository/Page_Daily_Spend_Monitoring_Zoom/Page_/div_Daily Spends Monitoring Report' is clicked on

17-01-2024T16:14:38 - [MESSAGE][PASSED] - Object: 'Object Repository/Page_Daily_Spend_Monitoring_Zoom/Page_/div_Daily Spends Monitoring Report' is clicked on

17-01-2024T16:14:38 - [TEST_STEP][PASSED] - verifyElementClickable(findTestObject("Object Repository/Page_Daily_Spend_Monitoring_Zoom/Page_/img")): Object 'Object Repository/Page_Daily_Spend_Monitoring_Zoom/Page_/img' is clickable

17-01-2024T16:14:39 - [MESSAGE][PASSED] - Object 'Object Repository/Page_Daily_Spend_Monitoring_Zoom/Page_/img' is clickable

17-01-2024T16:14:39 - [TEST_STEP][PASSED] - click(findTestObject("Object Repository/Page_Daily_Spend_Monitoring_Zoom/Page_/img")): Object: 'Object Repository/Page_Daily_Spend_Monitoring_Zoom/Page_/img' is clicked on

17-01-2024T16:14:39 - [MESSAGE][PASSED] - Object: 'Object Repository/Page_Daily_Spend_Monitoring_Zoom/Page_/img' is clicked on

17-01-2024T16:14:39 - [TEST_STEP][PASSED] - delay(2): Delayed 2 second(s)

17-01-2024T16:14:41 - [MESSAGE][PASSED] - Delayed 2 second(s)

17-01-2024T16:14:41 - [TEST_STEP][PASSED] - executeJavaScript("document.exitFullscreen();", null): Execute JavaScript 'document.exitFullscreen();' successfully

17-01-2024T16:14:41 - [MESSAGE][PASSED] - Execute JavaScript 'document.exitFullscreen();' successfully

17-01-2024T16:14:41 - [TEST_STEP][PASSED] - delay(2): Delayed 2 second(s)

17-01-2024T16:14:43 - [MESSAGE][PASSED] - Delayed 2 second(s)]]></system-out>
         <system-err><![CDATA[]]></system-err>
      </testcase>
      <testcase name="Test Cases/Spend Monitoring/test_mtd_spend_monitoring_zoom" time="5.957" classname="Test Cases/Spend Monitoring/test_mtd_spend_monitoring_zoom" status="PASSED">
         <system-out><![CDATA[17-01-2024T16:14:43 - [TEST_CASE][PASSED] - Test Cases/Spend Monitoring/test_mtd_spend_monitoring_zoom: Test Cases/Spend Monitoring/test_mtd_spend_monitoring_zoom

17-01-2024T16:14:43 - [TEST_STEP][PASSED] - click(findTestObject("Object Repository/Page_MTD_Spend_Monitoring_Zoom/Page_/div_MTD Spend Monitoring")): Object: 'Object Repository/Page_MTD_Spend_Monitoring_Zoom/Page_/div_MTD Spend Monitoring' is clicked on

17-01-2024T16:14:44 - [MESSAGE][PASSED] - Object: 'Object Repository/Page_MTD_Spend_Monitoring_Zoom/Page_/div_MTD Spend Monitoring' is clicked on

17-01-2024T16:14:44 - [TEST_STEP][PASSED] - verifyElementClickable(findTestObject("Object Repository/Page_MTD_Spend_Monitoring_Zoom/Page_/img")): Object 'Object Repository/Page_MTD_Spend_Monitoring_Zoom/Page_/img' is clickable

17-01-2024T16:14:45 - [MESSAGE][PASSED] - Object 'Object Repository/Page_MTD_Spend_Monitoring_Zoom/Page_/img' is clickable

17-01-2024T16:14:45 - [TEST_STEP][PASSED] - click(findTestObject("Object Repository/Page_MTD_Spend_Monitoring_Zoom/Page_/img")): Object: 'Object Repository/Page_MTD_Spend_Monitoring_Zoom/Page_/img' is clicked on

17-01-2024T16:14:45 - [MESSAGE][PASSED] - Object: 'Object Repository/Page_MTD_Spend_Monitoring_Zoom/Page_/img' is clicked on

17-01-2024T16:14:45 - [TEST_STEP][PASSED] - delay(2): Delayed 2 second(s)

17-01-2024T16:14:47 - [MESSAGE][PASSED] - Delayed 2 second(s)

17-01-2024T16:14:47 - [TEST_STEP][PASSED] - executeJavaScript("document.exitFullscreen();", null): Execute JavaScript 'document.exitFullscreen();' successfully

17-01-2024T16:14:47 - [MESSAGE][PASSED] - Execute JavaScript 'document.exitFullscreen();' successfully

17-01-2024T16:14:47 - [TEST_STEP][PASSED] - delay(2): Delayed 2 second(s)

17-01-2024T16:14:49 - [MESSAGE][PASSED] - Delayed 2 second(s)]]></system-out>
         <system-err><![CDATA[]]></system-err>
      </testcase>
      <system-out><![CDATA[17-01-2024T15:59:58 - [TEST_SUITE][PASSED] - spend_monitoring_report: Test Cases/Spend Monitoring/test_mtd_spend_monitoring_zoom]]></system-out>
      <system-err><![CDATA[]]></system-err>
   </testsuite>
</testsuites>
