<?xml version="1.0" encoding="UTF-8"?>
<testsuites name="browser_test" time="165.442" tests="4" failures="0" errors="0">
   <testsuite name="browser_test" tests="4" failures="0" errors="0" time="165.442" skipped="0" timestamp="05-01-2024T11:35:15" hostname="Pavitra I R - DESKTOP-MFB1Q4P" id="Test Suites/browser_test">
      <properties>
         <property name="deviceName" value=""/>
         <property name="devicePlatform" value=""/>
         <property name="logFolder" value="C:\\Users\\Pavitra I R\\Katalon Studio\\Admetrics\\Reports\\20240105_113455\\browser_test\\20240105_113455"/>
         <property name="logFiles" value="C:\\Users\\Pavitra I R\\Katalon Studio\\Admetrics\\Reports\\20240105_113455\\browser_test\\20240105_113455\\execution0.log"/>
         <property name="attachments" value=""/>
         <property name="hostName" value="Pavitra I R - DESKTOP-MFB1Q4P"/>
         <property name="os" value="Windows 10 64bit"/>
         <property name="katalonVersion" value="9.2.0.212"/>
         <property name="browser" value="Chrome 120.0.0.0"/>
         <property name="hostAddress" value="192.168.1.129"/>
         <property name="sessionId" value="60263a39a5b280d75ec2eef8cce17c7d"/>
         <property name="seleniumVersion" value="3.141.59"/>
         <property name="proxyInformation" value="ProxyInformation { proxyOption=NO_PROXY, proxyServerType=HTTP, username=, password=********, proxyServerAddress=, proxyServerPort=0, executionList=&quot;&quot;, isApplyToDesiredCapabilities=true }"/>
         <property name="platform" value="Windows 10"/>
      </properties>
      <testcase name="Test Cases/Dashboard_Page/test_login_demo" time="7.802" classname="Test Cases/Dashboard_Page/test_login_demo" status="PASSED">
         <system-out><![CDATA[05-01-2024T11:35:16 - [TEST_CASE][PASSED] - Test Cases/Dashboard_Page/test_login_demo: Test Cases/Dashboard_Page/test_login_demo

05-01-2024T11:35:16 - [TEST_STEP][PASSED] - openBrowser(""): Browser is opened with url: ''

05-01-2024T11:35:16 - [MESSAGE][INFO] - Starting 'Chrome' driver

05-01-2024T11:35:16 - [MESSAGE][INFO] - Action delay is set to 0 milliseconds

05-01-2024T11:35:19 - [MESSAGE][PASSED] - Browser is opened with url: ''

05-01-2024T11:35:19 - [TEST_STEP][PASSED] - maximizeWindow(): Current window maximized

05-01-2024T11:35:19 - [MESSAGE][PASSED] - Current window maximized

05-01-2024T11:35:19 - [TEST_STEP][PASSED] - navigateToUrl("https://dash.admetrics.ai/"): Navigate to 'https://dash.admetrics.ai/' successfully

05-01-2024T11:35:20 - [MESSAGE][PASSED] - Navigate to 'https://dash.admetrics.ai/' successfully

05-01-2024T11:35:20 - [TEST_STEP][PASSED] - setText(findTestObject("Object Repository/page_login_demo/Page_/input_User ID_username"), "admin"): Text 'admin' is set on object 'Object Repository/page_login_demo/Page_/input_User ID_username'

05-01-2024T11:35:22 - [MESSAGE][PASSED] - Text 'admin' is set on object 'Object Repository/page_login_demo/Page_/input_User ID_username'

05-01-2024T11:35:22 - [TEST_STEP][PASSED] - setEncryptedText(findTestObject("Object Repository/page_login_demo/Page_/input_Password_password"), "7Dxoto1EjKfQbGop/Ov+1g=="): Text ****** has been set on object 'Object Repository/page_login_demo/Page_/input_Password_password'

05-01-2024T11:35:23 - [MESSAGE][PASSED] - Text ****** has been set on object 'Object Repository/page_login_demo/Page_/input_Password_password'

05-01-2024T11:35:23 - [TEST_STEP][PASSED] - click(findTestObject("Object Repository/page_login_demo/Page_/button_Login")): Object: 'Object Repository/page_login_demo/Page_/button_Login' is clicked on

05-01-2024T11:35:23 - [MESSAGE][PASSED] - Object: 'Object Repository/page_login_demo/Page_/button_Login' is clicked on]]></system-out>
         <system-err><![CDATA[]]></system-err>
      </testcase>
      <testcase name="Test Cases/Dashboard_Page/test_report" time="16.17" classname="Test Cases/Dashboard_Page/test_report" status="PASSED">
         <system-out><![CDATA[05-01-2024T11:35:23 - [TEST_CASE][PASSED] - Test Cases/Dashboard_Page/test_report: Test Cases/Dashboard_Page/test_report

05-01-2024T11:35:24 - [TEST_STEP][PASSED] - click(findTestObject("Object Repository/page_report_demo/Page_/div_Monthly Spend Report")): Object: 'Object Repository/page_report_demo/Page_/div_Monthly Spend Report' is clicked on

05-01-2024T11:35:27 - [MESSAGE][PASSED] - Object: 'Object Repository/page_report_demo/Page_/div_Monthly Spend Report' is clicked on

05-01-2024T11:35:27 - [TEST_STEP][PASSED] - click(findTestObject("Object Repository/page_report_demo/Page_/svg_Enter a date range_mat-datepicker-toggl_ef015c")): Object: 'Object Repository/page_report_demo/Page_/svg_Enter a date range_mat-datepicker-toggl_ef015c' is clicked on

05-01-2024T11:35:29 - [MESSAGE][PASSED] - Object: 'Object Repository/page_report_demo/Page_/svg_Enter a date range_mat-datepicker-toggl_ef015c' is clicked on

05-01-2024T11:35:29 - [TEST_STEP][PASSED] - click(findTestObject("Object Repository/page_report_demo/Page_/button_SEPT 2023_mat-focus-indicator mat-ca_7a0138")): Object: 'Object Repository/page_report_demo/Page_/button_SEPT 2023_mat-focus-indicator mat-ca_7a0138' is clicked on

05-01-2024T11:35:30 - [MESSAGE][PASSED] - Object: 'Object Repository/page_report_demo/Page_/button_SEPT 2023_mat-focus-indicator mat-ca_7a0138' is clicked on

05-01-2024T11:35:30 - [TEST_STEP][PASSED] - click(findTestObject("Object Repository/page_report_demo/Page_/button_SEPT 2023_mat-focus-indicator mat-ca_7a0138")): Object: 'Object Repository/page_report_demo/Page_/button_SEPT 2023_mat-focus-indicator mat-ca_7a0138' is clicked on

05-01-2024T11:35:31 - [MESSAGE][PASSED] - Object: 'Object Repository/page_report_demo/Page_/button_SEPT 2023_mat-focus-indicator mat-ca_7a0138' is clicked on

05-01-2024T11:35:31 - [TEST_STEP][PASSED] - click(findTestObject("Object Repository/page_report_demo/Page_/div_1")): Object: 'Object Repository/page_report_demo/Page_/div_1' is clicked on

05-01-2024T11:35:32 - [MESSAGE][PASSED] - Object: 'Object Repository/page_report_demo/Page_/div_1' is clicked on

05-01-2024T11:35:32 - [TEST_STEP][PASSED] - click(findTestObject("Object Repository/page_report_demo/Page_/div_31")): Object: 'Object Repository/page_report_demo/Page_/div_31' is clicked on

05-01-2024T11:35:32 - [MESSAGE][PASSED] - Object: 'Object Repository/page_report_demo/Page_/div_31' is clicked on

05-01-2024T11:35:32 - [TEST_STEP][PASSED] - callTestCase(findTestCase("Reusable_Functions/Fullscreen"), [:], CONTINUE_ON_FAILURE): Call Test Case 'Test Cases/Reusable_Functions/Fullscreen' successfully

05-01-2024T11:35:33 - [TEST_CASE][PASSED] - Test Cases/Reusable_Functions/Fullscreen: Test Cases/Reusable_Functions/Fullscreen

05-01-2024T11:35:33 - [TEST_STEP][PASSED] - verifyElementClickable(findTestObject("Object Repository/Page_Fullscreen/Page_/img")): Object 'Object Repository/Page_Fullscreen/Page_/img' is clickable

05-01-2024T11:35:35 - [MESSAGE][PASSED] - Object 'Object Repository/Page_Fullscreen/Page_/img' is clickable

05-01-2024T11:35:35 - [TEST_STEP][PASSED] - click(findTestObject("Object Repository/Page_Fullscreen/Page_/img")): Object: 'Object Repository/Page_Fullscreen/Page_/img' is clicked on

05-01-2024T11:35:35 - [MESSAGE][PASSED] - Object: 'Object Repository/Page_Fullscreen/Page_/img' is clicked on

05-01-2024T11:35:35 - [TEST_STEP][PASSED] - delay(2): Delayed 2 second(s)

05-01-2024T11:35:37 - [MESSAGE][PASSED] - Delayed 2 second(s)

05-01-2024T11:35:37 - [TEST_STEP][PASSED] - executeJavaScript("document.exitFullscreen();", null): Execute JavaScript 'document.exitFullscreen();' successfully

05-01-2024T11:35:37 - [MESSAGE][PASSED] - Execute JavaScript 'document.exitFullscreen();' successfully

05-01-2024T11:35:37 - [TEST_STEP][PASSED] - delay(2): Delayed 2 second(s)

05-01-2024T11:35:40 - [MESSAGE][PASSED] - Delayed 2 second(s)

05-01-2024T11:35:40 - [MESSAGE][PASSED] - Call Test Case 'Test Cases/Reusable_Functions/Fullscreen' successfully]]></system-out>
         <system-err><![CDATA[]]></system-err>
      </testcase>
      <testcase name="Test Cases/Dashboard_Page/test_report2" time="67.744" classname="Test Cases/Dashboard_Page/test_report2" status="PASSED">
         <system-out><![CDATA[05-01-2024T11:35:40 - [TEST_CASE][PASSED] - Test Cases/Dashboard_Page/test_report2: Test Cases/Dashboard_Page/test_report2

05-01-2024T11:35:40 - [TEST_STEP][PASSED] - click(findTestObject("Object Repository/page_report_demo2/Page_/div_Daily Spend Report")): Object: 'Object Repository/page_report_demo2/Page_/div_Daily Spend Report' is clicked on

05-01-2024T11:35:40 - [MESSAGE][PASSED] - Object: 'Object Repository/page_report_demo2/Page_/div_Daily Spend Report' is clicked on

05-01-2024T11:35:40 - [TEST_STEP][PASSED] - click(findTestObject("Object Repository/page_report_demo2/Page_/svg_Enter a date range_mat-datepicker-toggl_ef015c")): Object: 'Object Repository/page_report_demo2/Page_/svg_Enter a date range_mat-datepicker-toggl_ef015c' is clicked on

05-01-2024T11:35:42 - [MESSAGE][PASSED] - Object: 'Object Repository/page_report_demo2/Page_/svg_Enter a date range_mat-datepicker-toggl_ef015c' is clicked on

05-01-2024T11:35:42 - [TEST_STEP][PASSED] - click(findTestObject("Object Repository/page_report_demo2/Page_/button_DEC 2023_mat-focus-indicator mat-cal_bd9491")): Object: 'Object Repository/page_report_demo2/Page_/button_DEC 2023_mat-focus-indicator mat-cal_bd9491' is clicked on

05-01-2024T11:35:43 - [MESSAGE][PASSED] - Object: 'Object Repository/page_report_demo2/Page_/button_DEC 2023_mat-focus-indicator mat-cal_bd9491' is clicked on

05-01-2024T11:35:43 - [TEST_STEP][PASSED] - click(findTestObject("Object Repository/page_report_demo2/Page_/div_1")): Object: 'Object Repository/page_report_demo2/Page_/div_1' is clicked on

05-01-2024T11:36:15 - [MESSAGE][INFO] - Unable to find the element located by 'By.xpath: //mat-calendar[@id='mat-datepicker-1']/div/mat-month-view/table/tbody/tr/td[2]/button/div'. Please recheck the objects properties to make sure the desired element is located. 

05-01-2024T11:36:15 - [MESSAGE][WARNING] - [SELF-HEALING] Failed to find element with id 'Object Repository/page_report_demo2/Page_/div_1'. Try using Self-healing.

05-01-2024T11:36:15 - [MESSAGE][WARNING] - [SELF-HEALING] The current locator of test object 'Object Repository/page_report_demo2/Page_/div_1' was broken. Propose an alternative one: '(.//*[normalize-space(text()) and normalize-space(.)='NOV'])[1]/following::div[1]'.

05-01-2024T11:36:15 - [MESSAGE][PASSED] - Object: 'Object Repository/page_report_demo2/Page_/div_1' is clicked on

05-01-2024T11:36:15 - [TEST_STEP][PASSED] - click(findTestObject("Object Repository/page_report_demo2/Page_/div_30")): Object: 'Object Repository/page_report_demo2/Page_/div_30' is clicked on

05-01-2024T11:36:47 - [MESSAGE][INFO] - Unable to find the element located by 'By.xpath: //mat-calendar[@id='mat-datepicker-1']/div/mat-month-view/table/tbody/tr[5]/td[5]/button/div'. Please recheck the objects properties to make sure the desired element is located. 

05-01-2024T11:36:47 - [MESSAGE][WARNING] - [SELF-HEALING] Failed to find element with id 'Object Repository/page_report_demo2/Page_/div_30'. Try using Self-healing.

05-01-2024T11:36:47 - [MESSAGE][WARNING] - [SELF-HEALING] The current locator of test object 'Object Repository/page_report_demo2/Page_/div_30' was broken. Propose an alternative one: '(.//*[normalize-space(text()) and normalize-space(.)='NOV'])[1]/following::div[59]'.

05-01-2024T11:36:47 - [MESSAGE][PASSED] - Object: 'Object Repository/page_report_demo2/Page_/div_30' is clicked on]]></system-out>
         <system-err><![CDATA[]]></system-err>
      </testcase>
      <testcase name="Test Cases/Dashboard_Page/test_report3" time="73.38" classname="Test Cases/Dashboard_Page/test_report3" status="PASSED">
         <system-out><![CDATA[05-01-2024T11:36:47 - [TEST_CASE][PASSED] - Test Cases/Dashboard_Page/test_report3: Test Cases/Dashboard_Page/test_report3

05-01-2024T11:36:47 - [TEST_STEP][PASSED] - verifyElementClickable(findTestObject("Object Repository/page_report_demo3/Page_/li_Spend Monitoring")): Object 'Object Repository/page_report_demo3/Page_/li_Spend Monitoring' is clickable

05-01-2024T11:36:49 - [MESSAGE][PASSED] - Object 'Object Repository/page_report_demo3/Page_/li_Spend Monitoring' is clickable

05-01-2024T11:36:49 - [TEST_STEP][PASSED] - click(findTestObject("Object Repository/page_report_demo3/Page_/li_Spend Monitoring")): Object: 'Object Repository/page_report_demo3/Page_/li_Spend Monitoring' is clicked on

05-01-2024T11:36:50 - [MESSAGE][PASSED] - Object: 'Object Repository/page_report_demo3/Page_/li_Spend Monitoring' is clicked on

05-01-2024T11:36:50 - [TEST_STEP][PASSED] - verifyElementClickable(findTestObject("Object Repository/page_report_demo3/Page_/div_Daily Spends Monitoring Report")): Object 'Object Repository/page_report_demo3/Page_/div_Daily Spends Monitoring Report' is clickable

05-01-2024T11:36:52 - [MESSAGE][PASSED] - Object 'Object Repository/page_report_demo3/Page_/div_Daily Spends Monitoring Report' is clickable

05-01-2024T11:36:52 - [TEST_STEP][PASSED] - click(findTestObject("Object Repository/page_report_demo3/Page_/div_Daily Spends Monitoring Report")): Object: 'Object Repository/page_report_demo3/Page_/div_Daily Spends Monitoring Report' is clicked on

05-01-2024T11:36:53 - [MESSAGE][PASSED] - Object: 'Object Repository/page_report_demo3/Page_/div_Daily Spends Monitoring Report' is clicked on

05-01-2024T11:36:53 - [TEST_STEP][PASSED] - verifyElementClickable(findTestObject("Object Repository/page_report_demo3/Page_/svg_Enter a date range_mat-datepicker-toggl_ef015c")): Object 'Object Repository/page_report_demo3/Page_/svg_Enter a date range_mat-datepicker-toggl_ef015c' is clickable

05-01-2024T11:36:54 - [MESSAGE][PASSED] - Object 'Object Repository/page_report_demo3/Page_/svg_Enter a date range_mat-datepicker-toggl_ef015c' is clickable

05-01-2024T11:36:54 - [TEST_STEP][PASSED] - verifyElementClickable(findTestObject("Object Repository/page_report_demo3/Page_/mat-icon_clear")): Object 'Object Repository/page_report_demo3/Page_/mat-icon_clear' is clickable

05-01-2024T11:36:55 - [MESSAGE][PASSED] - Object 'Object Repository/page_report_demo3/Page_/mat-icon_clear' is clickable

05-01-2024T11:36:55 - [TEST_STEP][PASSED] - click(findTestObject("Object Repository/page_report_demo2/Page_/svg_Enter a date range_mat-datepicker-toggl_ef015c")): Object: 'Object Repository/page_report_demo2/Page_/svg_Enter a date range_mat-datepicker-toggl_ef015c' is clicked on

05-01-2024T11:36:55 - [MESSAGE][PASSED] - Object: 'Object Repository/page_report_demo2/Page_/svg_Enter a date range_mat-datepicker-toggl_ef015c' is clicked on

05-01-2024T11:36:55 - [TEST_STEP][PASSED] - verifyElementClickable(findTestObject("Object Repository/page_report_demo3/Page_/button_DEC 2023_mat-focus-indicator mat-cal_bd9491")): Object 'Object Repository/page_report_demo3/Page_/button_DEC 2023_mat-focus-indicator mat-cal_bd9491' is clickable

05-01-2024T11:36:56 - [MESSAGE][PASSED] - Object 'Object Repository/page_report_demo3/Page_/button_DEC 2023_mat-focus-indicator mat-cal_bd9491' is clickable

05-01-2024T11:36:56 - [TEST_STEP][PASSED] - verifyElementClickable(findTestObject("Object Repository/page_report_demo3/Page_/button_DEC 2023_mat-focus-indicator mat-cal_bd9491")): Object 'Object Repository/page_report_demo3/Page_/button_DEC 2023_mat-focus-indicator mat-cal_bd9491' is clickable

05-01-2024T11:36:57 - [MESSAGE][PASSED] - Object 'Object Repository/page_report_demo3/Page_/button_DEC 2023_mat-focus-indicator mat-cal_bd9491' is clickable

05-01-2024T11:36:57 - [TEST_STEP][PASSED] - click(findTestObject("Object Repository/page_report_demo3/Page_/button_DEC 2023_mat-focus-indicator mat-cal_bd9491")): Object: 'Object Repository/page_report_demo3/Page_/button_DEC 2023_mat-focus-indicator mat-cal_bd9491' is clicked on

05-01-2024T11:36:57 - [MESSAGE][PASSED] - Object: 'Object Repository/page_report_demo3/Page_/button_DEC 2023_mat-focus-indicator mat-cal_bd9491' is clicked on

05-01-2024T11:36:57 - [TEST_STEP][PASSED] - click(findTestObject("Object Repository/page_report_demo3/Page_/div_1")): Object: 'Object Repository/page_report_demo3/Page_/div_1' is clicked on

05-01-2024T11:37:28 - [MESSAGE][INFO] - Unable to find the element located by 'By.xpath: //mat-calendar[@id='mat-datepicker-2']/div/mat-month-view/table/tbody/tr/td[2]/button/div'. Please recheck the objects properties to make sure the desired element is located. 

05-01-2024T11:37:28 - [MESSAGE][WARNING] - [SELF-HEALING] Failed to find element with id 'Object Repository/page_report_demo3/Page_/div_1'. Try using Self-healing.

05-01-2024T11:37:28 - [MESSAGE][WARNING] - [SELF-HEALING] The current locator of test object 'Object Repository/page_report_demo3/Page_/div_1' was broken. Propose an alternative one: '(.//*[normalize-space(text()) and normalize-space(.)='NOV'])[1]/following::div[1]'.

05-01-2024T11:37:29 - [MESSAGE][PASSED] - Object: 'Object Repository/page_report_demo3/Page_/div_1' is clicked on

05-01-2024T11:37:29 - [TEST_STEP][PASSED] - click(findTestObject("Object Repository/page_report_demo3/Page_/div_30")): Object: 'Object Repository/page_report_demo3/Page_/div_30' is clicked on

05-01-2024T11:38:00 - [MESSAGE][INFO] - Unable to find the element located by 'By.xpath: //mat-calendar[@id='mat-datepicker-2']/div/mat-month-view/table/tbody/tr[5]/td[5]/button/div'. Please recheck the objects properties to make sure the desired element is located. 

05-01-2024T11:38:00 - [MESSAGE][WARNING] - [SELF-HEALING] Failed to find element with id 'Object Repository/page_report_demo3/Page_/div_30'. Try using Self-healing.

05-01-2024T11:38:00 - [MESSAGE][WARNING] - [SELF-HEALING] The current locator of test object 'Object Repository/page_report_demo3/Page_/div_30' was broken. Propose an alternative one: '(.//*[normalize-space(text()) and normalize-space(.)='NOV'])[1]/following::div[59]'.

05-01-2024T11:38:00 - [MESSAGE][PASSED] - Object: 'Object Repository/page_report_demo3/Page_/div_30' is clicked on

05-01-2024T11:38:00 - [TEST_STEP][PASSED] - closeBrowser(): Browser is closed

05-01-2024T11:38:01 - [MESSAGE][PASSED] - Browser is closed]]></system-out>
         <system-err><![CDATA[]]></system-err>
      </testcase>
      <system-out><![CDATA[05-01-2024T11:35:15 - [TEST_SUITE][PASSED] - browser_test: Test Cases/Dashboard_Page/test_report3]]></system-out>
      <system-err><![CDATA[]]></system-err>
   </testsuite>
</testsuites>
