<?xml version="1.0" encoding="UTF-8"?>
<testsuites name="Function_test" time="156.406" tests="11" failures="0" errors="0">
   <testsuite name="Function_test" tests="11" failures="0" errors="0" time="156.406" skipped="0" timestamp="2023-12-07 18:22:14" hostname="Pavitra I R - DESKTOP-MFB1Q4P" id="Test Suites/Function_test">
      <properties>
         <property name="deviceName" value=""/>
         <property name="devicePlatform" value=""/>
         <property name="logFolder" value="C:\\Users\\Pavitra I R\\Katalon Studio\\Admetrics\\Reports\\20231207_182203\\Function_test\\20231207_182204"/>
         <property name="logFiles" value="C:\\Users\\Pavitra I R\\Katalon Studio\\Admetrics\\Reports\\20231207_182203\\Function_test\\20231207_182204\\execution0.log"/>
         <property name="attachments" value=""/>
         <property name="hostName" value="Pavitra I R - DESKTOP-MFB1Q4P"/>
         <property name="os" value="Windows 10 64bit"/>
         <property name="katalonVersion" value="8.6.8.208"/>
         <property name="browser" value="Chrome 120.0.0.0"/>
         <property name="hostAddress" value="192.168.1.122"/>
         <property name="sessionId" value="2c643287f14990a225b1c6d3be4a681e"/>
         <property name="seleniumVersion" value="3.141.59"/>
         <property name="proxyInformation" value="ProxyInformation { proxyOption=NO_PROXY, proxyServerType=HTTP, username=, password=********, proxyServerAddress=, proxyServerPort=0, executionList=&quot;&quot;, isApplyToDesiredCapabilities=true }"/>
         <property name="platform" value="Windows 10"/>
      </properties>
      <testcase name="Test Cases/Login_Page/test_verify_project_title" time="10.048" classname="Test Cases/Login_Page/test_verify_project_title" status="PASSED">
         <system-out><![CDATA[2023-12-07 18:22:14 - [TEST_CASE][PASSED] - Test Cases/Login_Page/test_verify_project_title: Test Cases/Login_Page/test_verify_project_title

2023-12-07 18:22:15 - [TEST_STEP][PASSED] - openBrowser(""): Browser is opened with url: ''

2023-12-07 18:22:15 - [MESSAGE][INFO] - Starting 'Chrome' driver

2023-12-07 18:22:15 - [MESSAGE][INFO] - Action delay is set to 0 milliseconds

2023-12-07 18:22:17 - [MESSAGE][PASSED] - Browser is opened with url: ''

2023-12-07 18:22:17 - [TEST_STEP][PASSED] - maximizeWindow(): Current window maximized

2023-12-07 18:22:18 - [MESSAGE][PASSED] - Current window maximized

2023-12-07 18:22:18 - [TEST_STEP][PASSED] - navigateToUrl("https://dev-dash.admetrics.ai/"): Navigate to 'https://dev-dash.admetrics.ai/' successfully

2023-12-07 18:22:18 - [MESSAGE][PASSED] - Navigate to 'https://dev-dash.admetrics.ai/' successfully

2023-12-07 18:22:18 - [TEST_STEP][PASSED] - verifyElementText(findTestObject("Object Repository/Page_Project_Title/p_Admetrics"), "Admetrics"): Actual text and expected text of test object 'Object Repository/Page_Project_Title/p_Admetrics' are matched.

2023-12-07 18:22:20 - [MESSAGE][PASSED] - Actual text and expected text of test object 'Object Repository/Page_Project_Title/p_Admetrics' are matched.

2023-12-07 18:22:20 - [TEST_STEP][PASSED] - verifyElementVisible(findTestObject("Object Repository/Page_Project_Title/img_User ID_logoImg mr-3")): Object 'Object Repository/Page_Project_Title/img_User ID_logoImg mr-3' is visible

2023-12-07 18:22:21 - [MESSAGE][PASSED] - Object 'Object Repository/Page_Project_Title/img_User ID_logoImg mr-3' is visible

2023-12-07 18:22:21 - [TEST_STEP][PASSED] - verifyElementText(findTestObject("Object Repository/Page_Project_Title/p_India"), "India"): Actual text and expected text of test object 'Object Repository/Page_Project_Title/p_India' are matched.

2023-12-07 18:22:22 - [MESSAGE][PASSED] - Actual text and expected text of test object 'Object Repository/Page_Project_Title/p_India' are matched.

2023-12-07 18:22:22 - [TEST_STEP][PASSED] - verifyElementText(findTestObject("Object Repository/Page_Project_Title/input_User ID_username"), ""): Actual text and expected text of test object 'Object Repository/Page_Project_Title/input_User ID_username' are matched.

2023-12-07 18:22:22 - [MESSAGE][PASSED] - Actual text and expected text of test object 'Object Repository/Page_Project_Title/input_User ID_username' are matched.

2023-12-07 18:22:22 - [TEST_STEP][PASSED] - verifyElementText(findTestObject("Object Repository/Page_Project_Title/input_Password_password"), ""): Actual text and expected text of test object 'Object Repository/Page_Project_Title/input_Password_password' are matched.

2023-12-07 18:22:23 - [MESSAGE][PASSED] - Actual text and expected text of test object 'Object Repository/Page_Project_Title/input_Password_password' are matched.

2023-12-07 18:22:23 - [TEST_STEP][PASSED] - verifyElementClickable(findTestObject("Object Repository/Page_Project_Title/button_Login")): Object 'Object Repository/Page_Project_Title/button_Login' is clickable

2023-12-07 18:22:23 - [MESSAGE][PASSED] - Object 'Object Repository/Page_Project_Title/button_Login' is clickable

2023-12-07 18:22:23 - [TEST_STEP][PASSED] - closeBrowser(): Browser is closed

2023-12-07 18:22:24 - [MESSAGE][PASSED] - Browser is closed]]></system-out>
         <system-err><![CDATA[]]></system-err>
      </testcase>
      <testcase name="Test Cases/Login_Page/test_empty_credentials" time="7.024" classname="Test Cases/Login_Page/test_empty_credentials" status="PASSED">
         <system-out><![CDATA[2023-12-07 18:22:24 - [TEST_CASE][PASSED] - Test Cases/Login_Page/test_empty_credentials: Test Cases/Login_Page/test_empty_credentials

2023-12-07 18:22:25 - [TEST_STEP][PASSED] - openBrowser(""): Browser is opened with url: ''

2023-12-07 18:22:25 - [MESSAGE][INFO] - Starting 'Chrome' driver

2023-12-07 18:22:25 - [MESSAGE][INFO] - Action delay is set to 0 milliseconds

2023-12-07 18:22:26 - [MESSAGE][PASSED] - Browser is opened with url: ''

2023-12-07 18:22:26 - [TEST_STEP][PASSED] - maximizeWindow(): Current window maximized

2023-12-07 18:22:26 - [MESSAGE][PASSED] - Current window maximized

2023-12-07 18:22:26 - [TEST_STEP][PASSED] - navigateToUrl("https://dev-dash.admetrics.ai/"): Navigate to 'https://dev-dash.admetrics.ai/' successfully

2023-12-07 18:22:27 - [MESSAGE][PASSED] - Navigate to 'https://dev-dash.admetrics.ai/' successfully

2023-12-07 18:22:27 - [TEST_STEP][PASSED] - click(findTestObject("Object Repository/Page_Empty_credentials/Page_/input_User ID_username")): Object: 'Object Repository/Page_Empty_credentials/Page_/input_User ID_username' is clicked on

2023-12-07 18:22:30 - [MESSAGE][PASSED] - Object: 'Object Repository/Page_Empty_credentials/Page_/input_User ID_username' is clicked on

2023-12-07 18:22:30 - [TEST_STEP][PASSED] - click(findTestObject("Object Repository/Page_Empty_credentials/Page_/button_Login")): Object: 'Object Repository/Page_Empty_credentials/Page_/button_Login' is clicked on

2023-12-07 18:22:30 - [MESSAGE][PASSED] - Object: 'Object Repository/Page_Empty_credentials/Page_/button_Login' is clicked on

2023-12-07 18:22:30 - [TEST_STEP][PASSED] - verifyElementText(findTestObject("Object Repository/Page_Empty_credentials/Page_/span_Invalid Credentials"), "Invalid Credentials"): Actual text and expected text of test object 'Object Repository/Page_Empty_credentials/Page_/span_Invalid Credentials' are matched.

2023-12-07 18:22:31 - [MESSAGE][PASSED] - Actual text and expected text of test object 'Object Repository/Page_Empty_credentials/Page_/span_Invalid Credentials' are matched.

2023-12-07 18:22:31 - [TEST_STEP][PASSED] - closeBrowser(): Browser is closed

2023-12-07 18:22:31 - [MESSAGE][PASSED] - Browser is closed]]></system-out>
         <system-err><![CDATA[]]></system-err>
      </testcase>
      <testcase name="Test Cases/Login_Page/test_invalidusername_validpassword" time="7.974" classname="Test Cases/Login_Page/test_invalidusername_validpassword" status="PASSED">
         <system-out><![CDATA[2023-12-07 18:22:32 - [TEST_CASE][PASSED] - Test Cases/Login_Page/test_invalidusername_validpassword: Test Cases/Login_Page/test_invalidusername_validpassword

2023-12-07 18:22:32 - [TEST_STEP][PASSED] - openBrowser(""): Browser is opened with url: ''

2023-12-07 18:22:32 - [MESSAGE][INFO] - Starting 'Chrome' driver

2023-12-07 18:22:32 - [MESSAGE][INFO] - Action delay is set to 0 milliseconds

2023-12-07 18:22:33 - [MESSAGE][PASSED] - Browser is opened with url: ''

2023-12-07 18:22:33 - [TEST_STEP][PASSED] - maximizeWindow(): Current window maximized

2023-12-07 18:22:33 - [MESSAGE][PASSED] - Current window maximized

2023-12-07 18:22:33 - [TEST_STEP][PASSED] - navigateToUrl("https://dev-dash.admetrics.ai/"): Navigate to 'https://dev-dash.admetrics.ai/' successfully

2023-12-07 18:22:34 - [MESSAGE][PASSED] - Navigate to 'https://dev-dash.admetrics.ai/' successfully

2023-12-07 18:22:34 - [TEST_STEP][PASSED] - setText(findTestObject("Object Repository/Page_invalid_valid/Page_/input_User ID_username"), "tibil"): Text 'tibil' is set on object 'Object Repository/Page_invalid_valid/Page_/input_User ID_username'

2023-12-07 18:22:37 - [MESSAGE][PASSED] - Text 'tibil' is set on object 'Object Repository/Page_invalid_valid/Page_/input_User ID_username'

2023-12-07 18:22:37 - [TEST_STEP][PASSED] - setEncryptedText(findTestObject("Object Repository/Page_invalid_valid/Page_/input_Password_password"), "7Dxoto1EjKfQbGop/Ov+1g=="): Text ****** has been set on object 'Object Repository/Page_invalid_valid/Page_/input_Password_password'

2023-12-07 18:22:37 - [MESSAGE][PASSED] - Text ****** has been set on object 'Object Repository/Page_invalid_valid/Page_/input_Password_password'

2023-12-07 18:22:37 - [TEST_STEP][PASSED] - click(findTestObject("Object Repository/Page_invalid_valid/Page_/button_Login")): Object: 'Object Repository/Page_invalid_valid/Page_/button_Login' is clicked on

2023-12-07 18:22:38 - [MESSAGE][PASSED] - Object: 'Object Repository/Page_invalid_valid/Page_/button_Login' is clicked on

2023-12-07 18:22:38 - [TEST_STEP][PASSED] - verifyElementText(findTestObject("Object Repository/Page_invalid_valid/Page_/span_Invalid Credentials"), "Invalid Credentials"): Actual text and expected text of test object 'Object Repository/Page_invalid_valid/Page_/span_Invalid Credentials' are matched.

2023-12-07 18:22:38 - [MESSAGE][PASSED] - Actual text and expected text of test object 'Object Repository/Page_invalid_valid/Page_/span_Invalid Credentials' are matched.

2023-12-07 18:22:38 - [TEST_STEP][PASSED] - closeBrowser(): Browser is closed

2023-12-07 18:22:39 - [MESSAGE][PASSED] - Browser is closed]]></system-out>
         <system-err><![CDATA[]]></system-err>
      </testcase>
      <testcase name="Test Cases/Login_Page/test_invalid_username_password" time="7.353" classname="Test Cases/Login_Page/test_invalid_username_password" status="PASSED">
         <system-out><![CDATA[2023-12-07 18:22:39 - [TEST_CASE][PASSED] - Test Cases/Login_Page/test_invalid_username_password: Test Cases/Login_Page/test_invalid_username_password

2023-12-07 18:22:40 - [TEST_STEP][PASSED] - openBrowser(""): Browser is opened with url: ''

2023-12-07 18:22:40 - [MESSAGE][INFO] - Starting 'Chrome' driver

2023-12-07 18:22:40 - [MESSAGE][INFO] - Action delay is set to 0 milliseconds

2023-12-07 18:22:41 - [MESSAGE][PASSED] - Browser is opened with url: ''

2023-12-07 18:22:41 - [TEST_STEP][PASSED] - maximizeWindow(): Current window maximized

2023-12-07 18:22:41 - [MESSAGE][PASSED] - Current window maximized

2023-12-07 18:22:41 - [TEST_STEP][PASSED] - navigateToUrl("https://dev-dash.admetrics.ai/"): Navigate to 'https://dev-dash.admetrics.ai/' successfully

2023-12-07 18:22:42 - [MESSAGE][PASSED] - Navigate to 'https://dev-dash.admetrics.ai/' successfully

2023-12-07 18:22:42 - [TEST_STEP][PASSED] - setText(findTestObject("Object Repository/Page_Invalid/Page_/input_User ID_username"), "cqube"): Text 'cqube' is set on object 'Object Repository/Page_Invalid/Page_/input_User ID_username'

2023-12-07 18:22:45 - [MESSAGE][PASSED] - Text 'cqube' is set on object 'Object Repository/Page_Invalid/Page_/input_User ID_username'

2023-12-07 18:22:45 - [TEST_STEP][PASSED] - setEncryptedText(findTestObject("Object Repository/Page_Invalid/Page_/input_Password_password"), "KNgadmoWMNQLHR89HR7ydQ=="): Text ****** has been set on object 'Object Repository/Page_Invalid/Page_/input_Password_password'

2023-12-07 18:22:45 - [MESSAGE][PASSED] - Text ****** has been set on object 'Object Repository/Page_Invalid/Page_/input_Password_password'

2023-12-07 18:22:45 - [TEST_STEP][PASSED] - click(findTestObject("Object Repository/Page_Invalid/Page_/button_Login")): Object: 'Object Repository/Page_Invalid/Page_/button_Login' is clicked on

2023-12-07 18:22:45 - [MESSAGE][PASSED] - Object: 'Object Repository/Page_Invalid/Page_/button_Login' is clicked on

2023-12-07 18:22:45 - [TEST_STEP][PASSED] - verifyElementText(findTestObject("Object Repository/Page_Invalid/Page_/span_Invalid Credentials"), "Invalid Credentials"): Actual text and expected text of test object 'Object Repository/Page_Invalid/Page_/span_Invalid Credentials' are matched.

2023-12-07 18:22:46 - [MESSAGE][PASSED] - Actual text and expected text of test object 'Object Repository/Page_Invalid/Page_/span_Invalid Credentials' are matched.

2023-12-07 18:22:46 - [TEST_STEP][PASSED] - closeBrowser(): Browser is closed

2023-12-07 18:22:47 - [MESSAGE][PASSED] - Browser is closed]]></system-out>
         <system-err><![CDATA[]]></system-err>
      </testcase>
      <testcase name="Test Cases/Login_Page/test_validusername_invalipassword" time="8.28" classname="Test Cases/Login_Page/test_validusername_invalipassword" status="PASSED">
         <system-out><![CDATA[2023-12-07 18:22:47 - [TEST_CASE][PASSED] - Test Cases/Login_Page/test_validusername_invalipassword: Test Cases/Login_Page/test_validusername_invalipassword

2023-12-07 18:22:47 - [TEST_STEP][PASSED] - openBrowser(""): Browser is opened with url: ''

2023-12-07 18:22:47 - [MESSAGE][INFO] - Starting 'Chrome' driver

2023-12-07 18:22:47 - [MESSAGE][INFO] - Action delay is set to 0 milliseconds

2023-12-07 18:22:49 - [MESSAGE][PASSED] - Browser is opened with url: ''

2023-12-07 18:22:49 - [TEST_STEP][PASSED] - maximizeWindow(): Current window maximized

2023-12-07 18:22:49 - [MESSAGE][PASSED] - Current window maximized

2023-12-07 18:22:49 - [TEST_STEP][PASSED] - navigateToUrl("https://dev-dash.admetrics.ai/"): Navigate to 'https://dev-dash.admetrics.ai/' successfully

2023-12-07 18:22:49 - [MESSAGE][PASSED] - Navigate to 'https://dev-dash.admetrics.ai/' successfully

2023-12-07 18:22:49 - [TEST_STEP][PASSED] - setText(findTestObject("Object Repository/Page_valid_invalid/Page_/input_User ID_username"), "admin"): Text 'admin' is set on object 'Object Repository/Page_valid_invalid/Page_/input_User ID_username'

2023-12-07 18:22:53 - [MESSAGE][PASSED] - Text 'admin' is set on object 'Object Repository/Page_valid_invalid/Page_/input_User ID_username'

2023-12-07 18:22:53 - [TEST_STEP][PASSED] - setEncryptedText(findTestObject("Object Repository/Page_valid_invalid/Page_/input_Password_password"), "RSNArcc3BqI="): Text ****** has been set on object 'Object Repository/Page_valid_invalid/Page_/input_Password_password'

2023-12-07 18:22:53 - [MESSAGE][PASSED] - Text ****** has been set on object 'Object Repository/Page_valid_invalid/Page_/input_Password_password'

2023-12-07 18:22:53 - [TEST_STEP][PASSED] - click(findTestObject("Object Repository/Page_valid_invalid/Page_/button_Login")): Object: 'Object Repository/Page_valid_invalid/Page_/button_Login' is clicked on

2023-12-07 18:22:54 - [MESSAGE][PASSED] - Object: 'Object Repository/Page_valid_invalid/Page_/button_Login' is clicked on

2023-12-07 18:22:54 - [TEST_STEP][PASSED] - verifyElementText(findTestObject("Object Repository/Page_valid_invalid/Page_/span_Invalid Credentials"), "Invalid Credentials"): Actual text and expected text of test object 'Object Repository/Page_valid_invalid/Page_/span_Invalid Credentials' are matched.

2023-12-07 18:22:54 - [MESSAGE][PASSED] - Actual text and expected text of test object 'Object Repository/Page_valid_invalid/Page_/span_Invalid Credentials' are matched.

2023-12-07 18:22:54 - [TEST_STEP][PASSED] - closeBrowser(): Browser is closed

2023-12-07 18:22:55 - [MESSAGE][PASSED] - Browser is closed]]></system-out>
         <system-err><![CDATA[]]></system-err>
      </testcase>
      <testcase name="Test Cases/Login_Page/test_valid_login" time="9.624" classname="Test Cases/Login_Page/test_valid_login" status="PASSED">
         <system-out><![CDATA[2023-12-07 18:22:55 - [TEST_CASE][PASSED] - Test Cases/Login_Page/test_valid_login: Test Cases/Login_Page/test_valid_login

2023-12-07 18:22:55 - [TEST_STEP][PASSED] - openBrowser(""): Browser is opened with url: ''

2023-12-07 18:22:55 - [MESSAGE][INFO] - Starting 'Chrome' driver

2023-12-07 18:22:55 - [MESSAGE][INFO] - Action delay is set to 0 milliseconds

2023-12-07 18:22:57 - [MESSAGE][PASSED] - Browser is opened with url: ''

2023-12-07 18:22:57 - [TEST_STEP][PASSED] - maximizeWindow(): Current window maximized

2023-12-07 18:22:57 - [MESSAGE][PASSED] - Current window maximized

2023-12-07 18:22:57 - [TEST_STEP][PASSED] - navigateToUrl("https://dev-dash.admetrics.ai/"): Navigate to 'https://dev-dash.admetrics.ai/' successfully

2023-12-07 18:22:58 - [MESSAGE][PASSED] - Navigate to 'https://dev-dash.admetrics.ai/' successfully

2023-12-07 18:22:58 - [TEST_STEP][PASSED] - setText(findTestObject("Object Repository/Page_valid_login/Page_/input_User ID_username"), "admin"): Text 'admin' is set on object 'Object Repository/Page_valid_login/Page_/input_User ID_username'

2023-12-07 18:23:00 - [MESSAGE][PASSED] - Text 'admin' is set on object 'Object Repository/Page_valid_login/Page_/input_User ID_username'

2023-12-07 18:23:00 - [TEST_STEP][PASSED] - setEncryptedText(findTestObject("Object Repository/Page_valid_login/Page_/input_Password_password"), "7Dxoto1EjKfQbGop/Ov+1g=="): Text ****** has been set on object 'Object Repository/Page_valid_login/Page_/input_Password_password'

2023-12-07 18:23:01 - [MESSAGE][PASSED] - Text ****** has been set on object 'Object Repository/Page_valid_login/Page_/input_Password_password'

2023-12-07 18:23:01 - [TEST_STEP][PASSED] - click(findTestObject("Object Repository/Page_valid_login/Page_/button_Login")): Object: 'Object Repository/Page_valid_login/Page_/button_Login' is clicked on

2023-12-07 18:23:01 - [MESSAGE][PASSED] - Object: 'Object Repository/Page_valid_login/Page_/button_Login' is clicked on

2023-12-07 18:23:01 - [TEST_STEP][PASSED] - verifyElementText(findTestObject("Object Repository/Page_valid_login/Page_/p_Summary Statistics"), "Summary Statistics"): Actual text and expected text of test object 'Object Repository/Page_valid_login/Page_/p_Summary Statistics' are matched.

2023-12-07 18:23:04 - [MESSAGE][PASSED] - Actual text and expected text of test object 'Object Repository/Page_valid_login/Page_/p_Summary Statistics' are matched.

2023-12-07 18:23:04 - [TEST_STEP][PASSED] - closeBrowser(): Browser is closed

2023-12-07 18:23:05 - [MESSAGE][PASSED] - Browser is closed]]></system-out>
         <system-err><![CDATA[]]></system-err>
      </testcase>
      <testcase name="Test Cases/Dashboard_Page/test_verify_menu" time="42.61" classname="Test Cases/Dashboard_Page/test_verify_menu" status="PASSED">
         <system-out><![CDATA[2023-12-07 18:23:05 - [TEST_CASE][PASSED] - Test Cases/Dashboard_Page/test_verify_menu: Test Cases/Dashboard_Page/test_verify_menu

2023-12-07 18:23:05 - [TEST_STEP][PASSED] - callTestCase(findTestCase("Reusable_Functions/Login"), [:], CONTINUE_ON_FAILURE): Call Test Case 'Test Cases/Reusable_Functions/Login' successfully

2023-12-07 18:23:05 - [TEST_CASE][PASSED] - Test Cases/Reusable_Functions/Login: Test Cases/Reusable_Functions/Login

2023-12-07 18:23:05 - [TEST_STEP][PASSED] - openBrowser(""): Browser is opened with url: ''

2023-12-07 18:23:05 - [MESSAGE][INFO] - Starting 'Chrome' driver

2023-12-07 18:23:05 - [MESSAGE][INFO] - Action delay is set to 0 milliseconds

2023-12-07 18:23:07 - [MESSAGE][PASSED] - Browser is opened with url: ''

2023-12-07 18:23:07 - [TEST_STEP][PASSED] - maximizeWindow(): Current window maximized

2023-12-07 18:23:07 - [MESSAGE][PASSED] - Current window maximized

2023-12-07 18:23:07 - [TEST_STEP][PASSED] - navigateToUrl("https://dev-dash.admetrics.ai/"): Navigate to 'https://dev-dash.admetrics.ai/' successfully

2023-12-07 18:23:07 - [MESSAGE][PASSED] - Navigate to 'https://dev-dash.admetrics.ai/' successfully

2023-12-07 18:23:07 - [TEST_STEP][PASSED] - setText(findTestObject("Object Repository/Page_Project_Title/input_User ID_username"), "admin"): Text 'admin' is set on object 'Object Repository/Page_Project_Title/input_User ID_username'

2023-12-07 18:23:11 - [MESSAGE][PASSED] - Text 'admin' is set on object 'Object Repository/Page_Project_Title/input_User ID_username'

2023-12-07 18:23:11 - [TEST_STEP][PASSED] - setEncryptedText(findTestObject("Object Repository/Page_Project_Title/input_Password_password"), "7Dxoto1EjKfQbGop/Ov+1g=="): Text ****** has been set on object 'Object Repository/Page_Project_Title/input_Password_password'

2023-12-07 18:23:11 - [MESSAGE][PASSED] - Text ****** has been set on object 'Object Repository/Page_Project_Title/input_Password_password'

2023-12-07 18:23:11 - [TEST_STEP][PASSED] - click(findTestObject("Object Repository/Page_Project_Title/button_Login")): Object: 'Object Repository/Page_Project_Title/button_Login' is clicked on

2023-12-07 18:23:12 - [MESSAGE][PASSED] - Object: 'Object Repository/Page_Project_Title/button_Login' is clicked on

2023-12-07 18:23:12 - [MESSAGE][PASSED] - Call Test Case 'Test Cases/Reusable_Functions/Login' successfully

2023-12-07 18:23:12 - [TEST_STEP][PASSED] - verifyElementText(findTestObject("Object Repository/Page_Menu/Page_/p_Summary Statistics"), "Summary Statistics"): Actual text and expected text of test object 'Object Repository/Page_Menu/Page_/p_Summary Statistics' are matched.

2023-12-07 18:23:14 - [MESSAGE][PASSED] - Actual text and expected text of test object 'Object Repository/Page_Menu/Page_/p_Summary Statistics' are matched.

2023-12-07 18:23:14 - [TEST_STEP][PASSED] - verifyElementVisible(findTestObject("Object Repository/Page_Menu/Page_/img")): Object 'Object Repository/Page_Menu/Page_/img' is visible

2023-12-07 18:23:15 - [MESSAGE][PASSED] - Object 'Object Repository/Page_Menu/Page_/img' is visible

2023-12-07 18:23:15 - [TEST_STEP][PASSED] - verifyElementText(findTestObject("Object Repository/Page_Menu/Page_/span_admetrics"), "admetrics"): Actual text and expected text of test object 'Object Repository/Page_Menu/Page_/span_admetrics' are matched.

2023-12-07 18:23:15 - [MESSAGE][PASSED] - Actual text and expected text of test object 'Object Repository/Page_Menu/Page_/span_admetrics' are matched.

2023-12-07 18:23:15 - [TEST_STEP][PASSED] - verifyElementClickable(findTestObject("Object Repository/Page_Menu/Page_/div_admetrics_spinner diagonal part-2")): Object 'Object Repository/Page_Menu/Page_/div_admetrics_spinner diagonal part-2' is clickable

2023-12-07 18:23:16 - [MESSAGE][PASSED] - Object 'Object Repository/Page_Menu/Page_/div_admetrics_spinner diagonal part-2' is clickable

2023-12-07 18:23:16 - [TEST_STEP][PASSED] - click(findTestObject("Object Repository/Page_Menu/Page_/div_admetrics_spinner diagonal part-2")): Object: 'Object Repository/Page_Menu/Page_/div_admetrics_spinner diagonal part-2' is clicked on

2023-12-07 18:23:16 - [MESSAGE][PASSED] - Object: 'Object Repository/Page_Menu/Page_/div_admetrics_spinner diagonal part-2' is clicked on

2023-12-07 18:23:16 - [TEST_STEP][PASSED] - click(findTestObject("Object Repository/Page_Menu/Page_/div_admetrics_RespMenuIcon")): Object: 'Object Repository/Page_Menu/Page_/div_admetrics_RespMenuIcon' is clicked on

2023-12-07 18:23:17 - [MESSAGE][PASSED] - Object: 'Object Repository/Page_Menu/Page_/div_admetrics_RespMenuIcon' is clicked on

2023-12-07 18:23:17 - [TEST_STEP][PASSED] - verifyElementClickable(findTestObject("Object Repository/Page_Menu/Page_/div_admetrics_spinner diagonal part-2_1")): Object 'Object Repository/Page_Menu/Page_/div_admetrics_spinner diagonal part-2_1' is clickable

2023-12-07 18:23:17 - [MESSAGE][PASSED] - Object 'Object Repository/Page_Menu/Page_/div_admetrics_spinner diagonal part-2_1' is clickable

2023-12-07 18:23:17 - [TEST_STEP][PASSED] - click(findTestObject("Object Repository/Page_Menu/Page_/div_admetrics_spinner horizontal")): Object: 'Object Repository/Page_Menu/Page_/div_admetrics_spinner horizontal' is clicked on

2023-12-07 18:23:18 - [MESSAGE][PASSED] - Object: 'Object Repository/Page_Menu/Page_/div_admetrics_spinner horizontal' is clicked on

2023-12-07 18:23:18 - [TEST_STEP][PASSED] - click(findTestObject("Object Repository/Page_Menu/Page_/label_admetrics_sidebarIconToggle")): Object: 'Object Repository/Page_Menu/Page_/label_admetrics_sidebarIconToggle' is clicked on

2023-12-07 18:23:19 - [MESSAGE][PASSED] - Object: 'Object Repository/Page_Menu/Page_/label_admetrics_sidebarIconToggle' is clicked on

2023-12-07 18:23:19 - [TEST_STEP][PASSED] - mouseOver(findTestObject("Object Repository/Page_Menu/Page_/img_admetrics_menuIcon")): Object: 'Object Repository/Page_Menu/Page_/img_admetrics_menuIcon' is hovered

2023-12-07 18:23:19 - [MESSAGE][PASSED] - Object: 'Object Repository/Page_Menu/Page_/img_admetrics_menuIcon' is hovered

2023-12-07 18:23:19 - [TEST_STEP][PASSED] - mouseOver(findTestObject("Object Repository/Page_Menu/Page_/img_Summary Statistics_menuIcon")): Object: 'Object Repository/Page_Menu/Page_/img_Summary Statistics_menuIcon' is hovered

2023-12-07 18:23:20 - [MESSAGE][PASSED] - Object: 'Object Repository/Page_Menu/Page_/img_Summary Statistics_menuIcon' is hovered

2023-12-07 18:23:20 - [TEST_STEP][PASSED] - mouseOver(findTestObject("Object Repository/Page_Menu/Page_/img_Spend Report_menuIcon")): Object: 'Object Repository/Page_Menu/Page_/img_Spend Report_menuIcon' is hovered

2023-12-07 18:23:21 - [MESSAGE][PASSED] - Object: 'Object Repository/Page_Menu/Page_/img_Spend Report_menuIcon' is hovered

2023-12-07 18:23:21 - [TEST_STEP][PASSED] - mouseOver(findTestObject("Object Repository/Page_Menu/Page_/img_Spend Monitoring_menuIcon")): Object: 'Object Repository/Page_Menu/Page_/img_Spend Monitoring_menuIcon' is hovered

2023-12-07 18:23:21 - [MESSAGE][PASSED] - Object: 'Object Repository/Page_Menu/Page_/img_Spend Monitoring_menuIcon' is hovered

2023-12-07 18:23:21 - [TEST_STEP][PASSED] - mouseOver(findTestObject("Object Repository/Page_Menu/Page_/img_Performance_menuIcon")): Object: 'Object Repository/Page_Menu/Page_/img_Performance_menuIcon' is hovered

2023-12-07 18:23:22 - [MESSAGE][PASSED] - Object: 'Object Repository/Page_Menu/Page_/img_Performance_menuIcon' is hovered

2023-12-07 18:23:22 - [TEST_STEP][PASSED] - click(findTestObject("Object Repository/Page_Menu/Page_/div_admetrics_spinner diagonal part-2_1")): Object: 'Object Repository/Page_Menu/Page_/div_admetrics_spinner diagonal part-2_1' is clicked on

2023-12-07 18:23:23 - [MESSAGE][PASSED] - Object: 'Object Repository/Page_Menu/Page_/div_admetrics_spinner diagonal part-2_1' is clicked on

2023-12-07 18:23:23 - [TEST_STEP][PASSED] - verifyElementText(findTestObject("Object Repository/Page_Menu/Page_/span_Summary Statistics"), "Summary Statistics"): Actual text and expected text of test object 'Object Repository/Page_Menu/Page_/span_Summary Statistics' are matched.

2023-12-07 18:23:23 - [MESSAGE][PASSED] - Actual text and expected text of test object 'Object Repository/Page_Menu/Page_/span_Summary Statistics' are matched.

2023-12-07 18:23:23 - [TEST_STEP][PASSED] - verifyElementVisible(findTestObject("Object Repository/Page_Menu/Page_/img_admetrics_menuIcon")): Object 'Object Repository/Page_Menu/Page_/img_admetrics_menuIcon' is visible

2023-12-07 18:23:24 - [MESSAGE][PASSED] - Object 'Object Repository/Page_Menu/Page_/img_admetrics_menuIcon' is visible

2023-12-07 18:23:24 - [TEST_STEP][PASSED] - verifyElementText(findTestObject("Object Repository/Page_Menu/Page_/span_Spend Report"), "Spend Report"): Actual text and expected text of test object 'Object Repository/Page_Menu/Page_/span_Spend Report' are matched.

2023-12-07 18:23:24 - [MESSAGE][PASSED] - Actual text and expected text of test object 'Object Repository/Page_Menu/Page_/span_Spend Report' are matched.

2023-12-07 18:23:24 - [TEST_STEP][PASSED] - verifyElementVisible(findTestObject("Object Repository/Page_Menu/Page_/img_Summary Statistics_menuIcon")): Object 'Object Repository/Page_Menu/Page_/img_Summary Statistics_menuIcon' is visible

2023-12-07 18:23:24 - [MESSAGE][PASSED] - Object 'Object Repository/Page_Menu/Page_/img_Summary Statistics_menuIcon' is visible

2023-12-07 18:23:24 - [TEST_STEP][PASSED] - click(findTestObject("Object Repository/Page_Menu/Page_/div_Spend Report")): Object: 'Object Repository/Page_Menu/Page_/div_Spend Report' is clicked on

2023-12-07 18:23:25 - [MESSAGE][PASSED] - Object: 'Object Repository/Page_Menu/Page_/div_Spend Report' is clicked on

2023-12-07 18:23:25 - [TEST_STEP][PASSED] - click(findTestObject("Object Repository/Page_Menu/Page_/div_admetrics_spinner horizontal")): Object: 'Object Repository/Page_Menu/Page_/div_admetrics_spinner horizontal' is clicked on

2023-12-07 18:23:28 - [MESSAGE][PASSED] - Object: 'Object Repository/Page_Menu/Page_/div_admetrics_spinner horizontal' is clicked on

2023-12-07 18:23:28 - [TEST_STEP][PASSED] - verifyElementText(findTestObject("Object Repository/Page_Menu/Page_/span_Spend Monitoring"), "Spend Monitoring"): Actual text and expected text of test object 'Object Repository/Page_Menu/Page_/span_Spend Monitoring' are matched.

2023-12-07 18:23:28 - [MESSAGE][PASSED] - Actual text and expected text of test object 'Object Repository/Page_Menu/Page_/span_Spend Monitoring' are matched.

2023-12-07 18:23:28 - [TEST_STEP][PASSED] - verifyElementVisible(findTestObject("Object Repository/Page_Menu/Page_/img_Spend Report_menuIcon")): Object 'Object Repository/Page_Menu/Page_/img_Spend Report_menuIcon' is visible

2023-12-07 18:23:29 - [MESSAGE][PASSED] - Object 'Object Repository/Page_Menu/Page_/img_Spend Report_menuIcon' is visible

2023-12-07 18:23:29 - [TEST_STEP][PASSED] - click(findTestObject("Object Repository/Page_Menu/Page_/span_Spend Monitoring")): Object: 'Object Repository/Page_Menu/Page_/span_Spend Monitoring' is clicked on

2023-12-07 18:23:29 - [MESSAGE][PASSED] - Object: 'Object Repository/Page_Menu/Page_/span_Spend Monitoring' is clicked on

2023-12-07 18:23:29 - [TEST_STEP][PASSED] - click(findTestObject("Object Repository/Page_Menu/Page_/div_admetrics_spinner diagonal part-2_1")): Object: 'Object Repository/Page_Menu/Page_/div_admetrics_spinner diagonal part-2_1' is clicked on

2023-12-07 18:23:31 - [MESSAGE][PASSED] - Object: 'Object Repository/Page_Menu/Page_/div_admetrics_spinner diagonal part-2_1' is clicked on

2023-12-07 18:23:31 - [TEST_STEP][PASSED] - verifyElementText(findTestObject("Object Repository/Page_Menu/Page_/span_Performance"), "Performance"): Actual text and expected text of test object 'Object Repository/Page_Menu/Page_/span_Performance' are matched.

2023-12-07 18:23:32 - [MESSAGE][PASSED] - Actual text and expected text of test object 'Object Repository/Page_Menu/Page_/span_Performance' are matched.

2023-12-07 18:23:32 - [TEST_STEP][PASSED] - verifyElementVisible(findTestObject("Object Repository/Page_Menu/Page_/img_Spend Monitoring_menuIcon")): Object 'Object Repository/Page_Menu/Page_/img_Spend Monitoring_menuIcon' is visible

2023-12-07 18:23:32 - [MESSAGE][PASSED] - Object 'Object Repository/Page_Menu/Page_/img_Spend Monitoring_menuIcon' is visible

2023-12-07 18:23:32 - [TEST_STEP][PASSED] - click(findTestObject("Object Repository/Page_Menu/Page_/div_Performance")): Object: 'Object Repository/Page_Menu/Page_/div_Performance' is clicked on

2023-12-07 18:23:33 - [MESSAGE][PASSED] - Object: 'Object Repository/Page_Menu/Page_/div_Performance' is clicked on

2023-12-07 18:23:33 - [TEST_STEP][PASSED] - click(findTestObject("Object Repository/Page_Menu/Page_/label_admetrics_sidebarIconToggle_1")): Object: 'Object Repository/Page_Menu/Page_/label_admetrics_sidebarIconToggle_1' is clicked on

2023-12-07 18:23:35 - [MESSAGE][PASSED] - Object: 'Object Repository/Page_Menu/Page_/label_admetrics_sidebarIconToggle_1' is clicked on

2023-12-07 18:23:35 - [TEST_STEP][PASSED] - verifyElementText(findTestObject("Object Repository/Page_Menu/Page_/span_Campaign"), "Campaign"): Actual text and expected text of test object 'Object Repository/Page_Menu/Page_/span_Campaign' are matched.

2023-12-07 18:23:36 - [MESSAGE][PASSED] - Actual text and expected text of test object 'Object Repository/Page_Menu/Page_/span_Campaign' are matched.

2023-12-07 18:23:36 - [TEST_STEP][PASSED] - verifyElementVisible(findTestObject("Object Repository/Page_Menu/Page_/img_Spend Monitoring_menuIcon")): Object 'Object Repository/Page_Menu/Page_/img_Spend Monitoring_menuIcon' is visible

2023-12-07 18:23:37 - [MESSAGE][PASSED] - Object 'Object Repository/Page_Menu/Page_/img_Spend Monitoring_menuIcon' is visible

2023-12-07 18:23:37 - [TEST_STEP][PASSED] - click(findTestObject("Object Repository/Page_Menu/Page_/span_Performance")): Object: 'Object Repository/Page_Menu/Page_/span_Performance' is clicked on

2023-12-07 18:23:37 - [MESSAGE][PASSED] - Object: 'Object Repository/Page_Menu/Page_/span_Performance' is clicked on

2023-12-07 18:23:37 - [TEST_STEP][PASSED] - click(findTestObject("Object Repository/Page_Menu/Page_/label_admetrics_sidebarIconToggle_1")): Object: 'Object Repository/Page_Menu/Page_/label_admetrics_sidebarIconToggle_1' is clicked on

2023-12-07 18:23:38 - [MESSAGE][PASSED] - Object: 'Object Repository/Page_Menu/Page_/label_admetrics_sidebarIconToggle_1' is clicked on

2023-12-07 18:23:38 - [TEST_STEP][PASSED] - verifyElementText(findTestObject("Object Repository/Page_Menu/Page_/span_Campaign"), "Campaign"): Actual text and expected text of test object 'Object Repository/Page_Menu/Page_/span_Campaign' are matched.

2023-12-07 18:23:38 - [MESSAGE][PASSED] - Actual text and expected text of test object 'Object Repository/Page_Menu/Page_/span_Campaign' are matched.

2023-12-07 18:23:38 - [TEST_STEP][PASSED] - verifyElementVisible(findTestObject("Object Repository/Page_Menu/Page_/img_Performance_menuIcon")): Object 'Object Repository/Page_Menu/Page_/img_Performance_menuIcon' is visible

2023-12-07 18:23:39 - [MESSAGE][PASSED] - Object 'Object Repository/Page_Menu/Page_/img_Performance_menuIcon' is visible

2023-12-07 18:23:39 - [TEST_STEP][PASSED] - click(findTestObject("Object Repository/Page_Menu/Page_/span_Campaign")): Object: 'Object Repository/Page_Menu/Page_/span_Campaign' is clicked on

2023-12-07 18:23:39 - [MESSAGE][PASSED] - Object: 'Object Repository/Page_Menu/Page_/span_Campaign' is clicked on

2023-12-07 18:23:39 - [TEST_STEP][PASSED] - click(findTestObject("Object Repository/Page_Menu/Page_/label_admetrics_sidebarIconToggle_1")): Object: 'Object Repository/Page_Menu/Page_/label_admetrics_sidebarIconToggle_1' is clicked on

2023-12-07 18:23:43 - [MESSAGE][PASSED] - Object: 'Object Repository/Page_Menu/Page_/label_admetrics_sidebarIconToggle_1' is clicked on

2023-12-07 18:23:43 - [TEST_STEP][PASSED] - verifyElementVisible(findTestObject("Object Repository/Page_Menu/Page_/i_Campaign_signOut")): Object 'Object Repository/Page_Menu/Page_/i_Campaign_signOut' is visible

2023-12-07 18:23:43 - [MESSAGE][PASSED] - Object 'Object Repository/Page_Menu/Page_/i_Campaign_signOut' is visible

2023-12-07 18:23:43 - [TEST_STEP][PASSED] - verifyElementClickable(findTestObject("Object Repository/Page_Menu/Page_/i_Campaign_signOut")): Object 'Object Repository/Page_Menu/Page_/i_Campaign_signOut' is clickable

2023-12-07 18:23:44 - [MESSAGE][PASSED] - Object 'Object Repository/Page_Menu/Page_/i_Campaign_signOut' is clickable

2023-12-07 18:23:44 - [TEST_STEP][PASSED] - click(findTestObject("Object Repository/Page_Menu/Page_/i_Campaign_signOut")): Object: 'Object Repository/Page_Menu/Page_/i_Campaign_signOut' is clicked on

2023-12-07 18:23:44 - [MESSAGE][PASSED] - Object: 'Object Repository/Page_Menu/Page_/i_Campaign_signOut' is clicked on

2023-12-07 18:23:44 - [TEST_STEP][PASSED] - delay(2): Delayed 2 second(s)

2023-12-07 18:23:46 - [MESSAGE][PASSED] - Delayed 2 second(s)

2023-12-07 18:23:46 - [TEST_STEP][PASSED] - closeBrowser(): Browser is closed

2023-12-07 18:23:47 - [MESSAGE][PASSED] - Browser is closed]]></system-out>
         <system-err><![CDATA[]]></system-err>
      </testcase>
      <testcase name="Test Cases/Dashboard_Page/test_spend_report" time="15.696" classname="Test Cases/Dashboard_Page/test_spend_report" status="PASSED">
         <system-out><![CDATA[2023-12-07 18:23:47 - [TEST_CASE][PASSED] - Test Cases/Dashboard_Page/test_spend_report: Test Cases/Dashboard_Page/test_spend_report

2023-12-07 18:23:48 - [TEST_STEP][PASSED] - callTestCase(findTestCase("Reusable_Functions/Login"), [:], CONTINUE_ON_FAILURE): Call Test Case 'Test Cases/Reusable_Functions/Login' successfully

2023-12-07 18:23:48 - [TEST_CASE][PASSED] - Test Cases/Reusable_Functions/Login: Test Cases/Reusable_Functions/Login

2023-12-07 18:23:48 - [TEST_STEP][PASSED] - openBrowser(""): Browser is opened with url: ''

2023-12-07 18:23:48 - [MESSAGE][INFO] - Starting 'Chrome' driver

2023-12-07 18:23:48 - [MESSAGE][INFO] - Action delay is set to 0 milliseconds

2023-12-07 18:23:49 - [MESSAGE][PASSED] - Browser is opened with url: ''

2023-12-07 18:23:49 - [TEST_STEP][PASSED] - maximizeWindow(): Current window maximized

2023-12-07 18:23:49 - [MESSAGE][PASSED] - Current window maximized

2023-12-07 18:23:49 - [TEST_STEP][PASSED] - navigateToUrl("https://dev-dash.admetrics.ai/"): Navigate to 'https://dev-dash.admetrics.ai/' successfully

2023-12-07 18:23:50 - [MESSAGE][PASSED] - Navigate to 'https://dev-dash.admetrics.ai/' successfully

2023-12-07 18:23:50 - [TEST_STEP][PASSED] - setText(findTestObject("Object Repository/Page_Project_Title/input_User ID_username"), "admin"): Text 'admin' is set on object 'Object Repository/Page_Project_Title/input_User ID_username'

2023-12-07 18:23:53 - [MESSAGE][PASSED] - Text 'admin' is set on object 'Object Repository/Page_Project_Title/input_User ID_username'

2023-12-07 18:23:53 - [TEST_STEP][PASSED] - setEncryptedText(findTestObject("Object Repository/Page_Project_Title/input_Password_password"), "7Dxoto1EjKfQbGop/Ov+1g=="): Text ****** has been set on object 'Object Repository/Page_Project_Title/input_Password_password'

2023-12-07 18:23:53 - [MESSAGE][PASSED] - Text ****** has been set on object 'Object Repository/Page_Project_Title/input_Password_password'

2023-12-07 18:23:53 - [TEST_STEP][PASSED] - click(findTestObject("Object Repository/Page_Project_Title/button_Login")): Object: 'Object Repository/Page_Project_Title/button_Login' is clicked on

2023-12-07 18:23:54 - [MESSAGE][PASSED] - Object: 'Object Repository/Page_Project_Title/button_Login' is clicked on

2023-12-07 18:23:54 - [MESSAGE][PASSED] - Call Test Case 'Test Cases/Reusable_Functions/Login' successfully

2023-12-07 18:23:54 - [TEST_STEP][PASSED] - verifyElementText(findTestObject("Object Repository/Page_Spend_Report/Page_/div_Spend Report"), "Spend Report"): Actual text and expected text of test object 'Object Repository/Page_Spend_Report/Page_/div_Spend Report' are matched.

2023-12-07 18:23:56 - [MESSAGE][PASSED] - Actual text and expected text of test object 'Object Repository/Page_Spend_Report/Page_/div_Spend Report' are matched.

2023-12-07 18:23:56 - [TEST_STEP][PASSED] - verifyElementVisible(findTestObject("Object Repository/Page_Spend_Report/Page_/img_Spend Report_mg-0")): Object 'Object Repository/Page_Spend_Report/Page_/img_Spend Report_mg-0' is visible

2023-12-07 18:23:57 - [MESSAGE][PASSED] - Object 'Object Repository/Page_Spend_Report/Page_/img_Spend Report_mg-0' is visible

2023-12-07 18:23:57 - [TEST_STEP][PASSED] - mouseOver(findTestObject("Object Repository/Page_Spend_Report/Page_/img_Spend Report_infoIconImage")): Object: 'Object Repository/Page_Spend_Report/Page_/img_Spend Report_infoIconImage' is hovered

2023-12-07 18:23:57 - [MESSAGE][PASSED] - Object: 'Object Repository/Page_Spend_Report/Page_/img_Spend Report_infoIconImage' is hovered

2023-12-07 18:23:57 - [TEST_STEP][PASSED] - verifyElementText(findTestObject("Object Repository/Page_Spend_Report/Page_/p_Access dashboard to"), "Access dashboard to"): Actual text and expected text of test object 'Object Repository/Page_Spend_Report/Page_/p_Access dashboard to' are matched.

2023-12-07 18:23:58 - [MESSAGE][PASSED] - Actual text and expected text of test object 'Object Repository/Page_Spend_Report/Page_/p_Access dashboard to' are matched.

2023-12-07 18:23:58 - [TEST_STEP][PASSED] - verifyElementText(findTestObject("Object Repository/Page_Spend_Report/Page_/p_view details"), "view details"): Actual text and expected text of test object 'Object Repository/Page_Spend_Report/Page_/p_view details' are matched.

2023-12-07 18:23:58 - [MESSAGE][PASSED] - Actual text and expected text of test object 'Object Repository/Page_Spend_Report/Page_/p_view details' are matched.

2023-12-07 18:23:58 - [TEST_STEP][PASSED] - verifyElementText(findTestObject("Object Repository/Page_Spend_Report/Page_/button_Access dashboard"), "Access dashboard →"): Actual text and expected text of test object 'Object Repository/Page_Spend_Report/Page_/button_Access dashboard' are matched.

2023-12-07 18:23:59 - [MESSAGE][PASSED] - Actual text and expected text of test object 'Object Repository/Page_Spend_Report/Page_/button_Access dashboard' are matched.

2023-12-07 18:23:59 - [TEST_STEP][PASSED] - verifyElementClickable(findTestObject("Object Repository/Page_Spend_Report/Page_/button_Access dashboard")): Object 'Object Repository/Page_Spend_Report/Page_/button_Access dashboard' is clickable

2023-12-07 18:23:59 - [MESSAGE][PASSED] - Object 'Object Repository/Page_Spend_Report/Page_/button_Access dashboard' is clickable

2023-12-07 18:23:59 - [TEST_STEP][PASSED] - click(findTestObject("Object Repository/Page_Spend_Report/Page_/button_Access dashboard")): Object: 'Object Repository/Page_Spend_Report/Page_/button_Access dashboard' is clicked on

2023-12-07 18:23:59 - [MESSAGE][PASSED] - Object: 'Object Repository/Page_Spend_Report/Page_/button_Access dashboard' is clicked on

2023-12-07 18:23:59 - [TEST_STEP][PASSED] - verifyElementText(findTestObject("Object Repository/Page_Spend_Report/Page_/p_Spend Report"), "Spend Report"): Actual text and expected text of test object 'Object Repository/Page_Spend_Report/Page_/p_Spend Report' are matched.

2023-12-07 18:24:02 - [MESSAGE][PASSED] - Actual text and expected text of test object 'Object Repository/Page_Spend_Report/Page_/p_Spend Report' are matched.

2023-12-07 18:24:02 - [TEST_STEP][PASSED] - closeBrowser(): Browser is closed

2023-12-07 18:24:03 - [MESSAGE][PASSED] - Browser is closed]]></system-out>
         <system-err><![CDATA[]]></system-err>
      </testcase>
      <testcase name="Test Cases/Dashboard_Page/test_spend_monitoring_report" time="15.598" classname="Test Cases/Dashboard_Page/test_spend_monitoring_report" status="PASSED">
         <system-out><![CDATA[2023-12-07 18:24:03 - [TEST_CASE][PASSED] - Test Cases/Dashboard_Page/test_spend_monitoring_report: Test Cases/Dashboard_Page/test_spend_monitoring_report

2023-12-07 18:24:03 - [TEST_STEP][PASSED] - callTestCase(findTestCase("Reusable_Functions/Login"), [:], CONTINUE_ON_FAILURE): Call Test Case 'Test Cases/Reusable_Functions/Login' successfully

2023-12-07 18:24:03 - [TEST_CASE][PASSED] - Test Cases/Reusable_Functions/Login: Test Cases/Reusable_Functions/Login

2023-12-07 18:24:03 - [TEST_STEP][PASSED] - openBrowser(""): Browser is opened with url: ''

2023-12-07 18:24:03 - [MESSAGE][INFO] - Starting 'Chrome' driver

2023-12-07 18:24:03 - [MESSAGE][INFO] - Action delay is set to 0 milliseconds

2023-12-07 18:24:05 - [MESSAGE][PASSED] - Browser is opened with url: ''

2023-12-07 18:24:05 - [TEST_STEP][PASSED] - maximizeWindow(): Current window maximized

2023-12-07 18:24:05 - [MESSAGE][PASSED] - Current window maximized

2023-12-07 18:24:05 - [TEST_STEP][PASSED] - navigateToUrl("https://dev-dash.admetrics.ai/"): Navigate to 'https://dev-dash.admetrics.ai/' successfully

2023-12-07 18:24:06 - [MESSAGE][PASSED] - Navigate to 'https://dev-dash.admetrics.ai/' successfully

2023-12-07 18:24:06 - [TEST_STEP][PASSED] - setText(findTestObject("Object Repository/Page_Project_Title/input_User ID_username"), "admin"): Text 'admin' is set on object 'Object Repository/Page_Project_Title/input_User ID_username'

2023-12-07 18:24:09 - [MESSAGE][PASSED] - Text 'admin' is set on object 'Object Repository/Page_Project_Title/input_User ID_username'

2023-12-07 18:24:09 - [TEST_STEP][PASSED] - setEncryptedText(findTestObject("Object Repository/Page_Project_Title/input_Password_password"), "7Dxoto1EjKfQbGop/Ov+1g=="): Text ****** has been set on object 'Object Repository/Page_Project_Title/input_Password_password'

2023-12-07 18:24:09 - [MESSAGE][PASSED] - Text ****** has been set on object 'Object Repository/Page_Project_Title/input_Password_password'

2023-12-07 18:24:09 - [TEST_STEP][PASSED] - click(findTestObject("Object Repository/Page_Project_Title/button_Login")): Object: 'Object Repository/Page_Project_Title/button_Login' is clicked on

2023-12-07 18:24:10 - [MESSAGE][PASSED] - Object: 'Object Repository/Page_Project_Title/button_Login' is clicked on

2023-12-07 18:24:10 - [MESSAGE][PASSED] - Call Test Case 'Test Cases/Reusable_Functions/Login' successfully

2023-12-07 18:24:10 - [TEST_STEP][PASSED] - verifyElementText(findTestObject("Object Repository/Page_Spend_Monitoring/Page_/div_Spend Monitoring"), "Spend Monitoring"): Actual text and expected text of test object 'Object Repository/Page_Spend_Monitoring/Page_/div_Spend Monitoring' are matched.

2023-12-07 18:24:12 - [MESSAGE][PASSED] - Actual text and expected text of test object 'Object Repository/Page_Spend_Monitoring/Page_/div_Spend Monitoring' are matched.

2023-12-07 18:24:12 - [TEST_STEP][PASSED] - verifyElementVisible(findTestObject("Object Repository/Page_Spend_Monitoring/Page_/img_Spend Monitoring_mg-0")): Object 'Object Repository/Page_Spend_Monitoring/Page_/img_Spend Monitoring_mg-0' is visible

2023-12-07 18:24:12 - [MESSAGE][PASSED] - Object 'Object Repository/Page_Spend_Monitoring/Page_/img_Spend Monitoring_mg-0' is visible

2023-12-07 18:24:12 - [TEST_STEP][PASSED] - mouseOver(findTestObject("Object Repository/Page_Spend_Monitoring/Page_/img_Spend Monitoring_infoIconImage")): Object: 'Object Repository/Page_Spend_Monitoring/Page_/img_Spend Monitoring_infoIconImage' is hovered

2023-12-07 18:24:13 - [MESSAGE][PASSED] - Object: 'Object Repository/Page_Spend_Monitoring/Page_/img_Spend Monitoring_infoIconImage' is hovered

2023-12-07 18:24:13 - [TEST_STEP][PASSED] - verifyElementText(findTestObject("Object Repository/Page_Spend_Monitoring/Page_/p_Access dashboard to"), "Access dashboard to"): Actual text and expected text of test object 'Object Repository/Page_Spend_Monitoring/Page_/p_Access dashboard to' are matched.

2023-12-07 18:24:13 - [MESSAGE][PASSED] - Actual text and expected text of test object 'Object Repository/Page_Spend_Monitoring/Page_/p_Access dashboard to' are matched.

2023-12-07 18:24:13 - [TEST_STEP][PASSED] - verifyElementText(findTestObject("Object Repository/Page_Spend_Monitoring/Page_/p_view details"), "view details"): Actual text and expected text of test object 'Object Repository/Page_Spend_Monitoring/Page_/p_view details' are matched.

2023-12-07 18:24:14 - [MESSAGE][PASSED] - Actual text and expected text of test object 'Object Repository/Page_Spend_Monitoring/Page_/p_view details' are matched.

2023-12-07 18:24:14 - [TEST_STEP][PASSED] - verifyElementText(findTestObject("Object Repository/Page_Spend_Monitoring/Page_/button_Access dashboard"), "Access dashboard →"): Actual text and expected text of test object 'Object Repository/Page_Spend_Monitoring/Page_/button_Access dashboard' are matched.

2023-12-07 18:24:14 - [MESSAGE][PASSED] - Actual text and expected text of test object 'Object Repository/Page_Spend_Monitoring/Page_/button_Access dashboard' are matched.

2023-12-07 18:24:14 - [TEST_STEP][PASSED] - verifyElementClickable(findTestObject("Object Repository/Page_Spend_Monitoring/Page_/button_Access dashboard")): Object 'Object Repository/Page_Spend_Monitoring/Page_/button_Access dashboard' is clickable

2023-12-07 18:24:14 - [MESSAGE][PASSED] - Object 'Object Repository/Page_Spend_Monitoring/Page_/button_Access dashboard' is clickable

2023-12-07 18:24:14 - [TEST_STEP][PASSED] - click(findTestObject("Object Repository/Page_Spend_Monitoring/Page_/button_Access dashboard")): Object: 'Object Repository/Page_Spend_Monitoring/Page_/button_Access dashboard' is clicked on

2023-12-07 18:24:15 - [MESSAGE][PASSED] - Object: 'Object Repository/Page_Spend_Monitoring/Page_/button_Access dashboard' is clicked on

2023-12-07 18:24:15 - [TEST_STEP][PASSED] - verifyElementText(findTestObject("Object Repository/Page_Spend_Monitoring/Page_/p_Spend Monitoring Report"), "Spend Monitoring Report"): Actual text and expected text of test object 'Object Repository/Page_Spend_Monitoring/Page_/p_Spend Monitoring Report' are matched.

2023-12-07 18:24:18 - [MESSAGE][PASSED] - Actual text and expected text of test object 'Object Repository/Page_Spend_Monitoring/Page_/p_Spend Monitoring Report' are matched.

2023-12-07 18:24:18 - [TEST_STEP][PASSED] - closeBrowser(): Browser is closed

2023-12-07 18:24:19 - [MESSAGE][PASSED] - Browser is closed]]></system-out>
         <system-err><![CDATA[]]></system-err>
      </testcase>
      <testcase name="Test Cases/Dashboard_Page/test_performance_report" time="15.639" classname="Test Cases/Dashboard_Page/test_performance_report" status="PASSED">
         <system-out><![CDATA[2023-12-07 18:24:19 - [TEST_CASE][PASSED] - Test Cases/Dashboard_Page/test_performance_report: Test Cases/Dashboard_Page/test_performance_report

2023-12-07 18:24:19 - [TEST_STEP][PASSED] - callTestCase(findTestCase("Reusable_Functions/Login"), [:], CONTINUE_ON_FAILURE): Call Test Case 'Test Cases/Reusable_Functions/Login' successfully

2023-12-07 18:24:19 - [TEST_CASE][PASSED] - Test Cases/Reusable_Functions/Login: Test Cases/Reusable_Functions/Login

2023-12-07 18:24:19 - [TEST_STEP][PASSED] - openBrowser(""): Browser is opened with url: ''

2023-12-07 18:24:19 - [MESSAGE][INFO] - Starting 'Chrome' driver

2023-12-07 18:24:19 - [MESSAGE][INFO] - Action delay is set to 0 milliseconds

2023-12-07 18:24:20 - [MESSAGE][PASSED] - Browser is opened with url: ''

2023-12-07 18:24:20 - [TEST_STEP][PASSED] - maximizeWindow(): Current window maximized

2023-12-07 18:24:21 - [MESSAGE][PASSED] - Current window maximized

2023-12-07 18:24:21 - [TEST_STEP][PASSED] - navigateToUrl("https://dev-dash.admetrics.ai/"): Navigate to 'https://dev-dash.admetrics.ai/' successfully

2023-12-07 18:24:21 - [MESSAGE][PASSED] - Navigate to 'https://dev-dash.admetrics.ai/' successfully

2023-12-07 18:24:21 - [TEST_STEP][PASSED] - setText(findTestObject("Object Repository/Page_Project_Title/input_User ID_username"), "admin"): Text 'admin' is set on object 'Object Repository/Page_Project_Title/input_User ID_username'

2023-12-07 18:24:24 - [MESSAGE][PASSED] - Text 'admin' is set on object 'Object Repository/Page_Project_Title/input_User ID_username'

2023-12-07 18:24:24 - [TEST_STEP][PASSED] - setEncryptedText(findTestObject("Object Repository/Page_Project_Title/input_Password_password"), "7Dxoto1EjKfQbGop/Ov+1g=="): Text ****** has been set on object 'Object Repository/Page_Project_Title/input_Password_password'

2023-12-07 18:24:24 - [MESSAGE][PASSED] - Text ****** has been set on object 'Object Repository/Page_Project_Title/input_Password_password'

2023-12-07 18:24:24 - [TEST_STEP][PASSED] - click(findTestObject("Object Repository/Page_Project_Title/button_Login")): Object: 'Object Repository/Page_Project_Title/button_Login' is clicked on

2023-12-07 18:24:25 - [MESSAGE][PASSED] - Object: 'Object Repository/Page_Project_Title/button_Login' is clicked on

2023-12-07 18:24:25 - [MESSAGE][PASSED] - Call Test Case 'Test Cases/Reusable_Functions/Login' successfully

2023-12-07 18:24:25 - [TEST_STEP][PASSED] - verifyElementText(findTestObject("Object Repository/Page_Performance/Page_/div_Performance"), "Performance"): Actual text and expected text of test object 'Object Repository/Page_Performance/Page_/div_Performance' are matched.

2023-12-07 18:24:28 - [MESSAGE][PASSED] - Actual text and expected text of test object 'Object Repository/Page_Performance/Page_/div_Performance' are matched.

2023-12-07 18:24:28 - [TEST_STEP][PASSED] - verifyElementVisible(findTestObject("Object Repository/Page_Performance/Page_/img_Performance_mg-0")): Object 'Object Repository/Page_Performance/Page_/img_Performance_mg-0' is visible

2023-12-07 18:24:28 - [MESSAGE][PASSED] - Object 'Object Repository/Page_Performance/Page_/img_Performance_mg-0' is visible

2023-12-07 18:24:28 - [TEST_STEP][PASSED] - mouseOver(findTestObject("Object Repository/Page_Performance/Page_/img_Performance_infoIconImage")): Object: 'Object Repository/Page_Performance/Page_/img_Performance_infoIconImage' is hovered

2023-12-07 18:24:29 - [MESSAGE][PASSED] - Object: 'Object Repository/Page_Performance/Page_/img_Performance_infoIconImage' is hovered

2023-12-07 18:24:29 - [TEST_STEP][PASSED] - verifyElementText(findTestObject("Object Repository/Page_Performance/Page_/p_Access dashboard to"), "Access dashboard to"): Actual text and expected text of test object 'Object Repository/Page_Performance/Page_/p_Access dashboard to' are matched.

2023-12-07 18:24:29 - [MESSAGE][PASSED] - Actual text and expected text of test object 'Object Repository/Page_Performance/Page_/p_Access dashboard to' are matched.

2023-12-07 18:24:29 - [TEST_STEP][PASSED] - verifyElementText(findTestObject("Object Repository/Page_Performance/Page_/p_view details"), "view details"): Actual text and expected text of test object 'Object Repository/Page_Performance/Page_/p_view details' are matched.

2023-12-07 18:24:30 - [MESSAGE][PASSED] - Actual text and expected text of test object 'Object Repository/Page_Performance/Page_/p_view details' are matched.

2023-12-07 18:24:30 - [TEST_STEP][PASSED] - verifyElementText(findTestObject("Object Repository/Page_Performance/Page_/button_Access dashboard"), "Access dashboard →"): Actual text and expected text of test object 'Object Repository/Page_Performance/Page_/button_Access dashboard' are matched.

2023-12-07 18:24:30 - [MESSAGE][PASSED] - Actual text and expected text of test object 'Object Repository/Page_Performance/Page_/button_Access dashboard' are matched.

2023-12-07 18:24:30 - [TEST_STEP][PASSED] - verifyElementClickable(findTestObject("Object Repository/Page_Performance/Page_/button_Access dashboard")): Object 'Object Repository/Page_Performance/Page_/button_Access dashboard' is clickable

2023-12-07 18:24:31 - [MESSAGE][PASSED] - Object 'Object Repository/Page_Performance/Page_/button_Access dashboard' is clickable

2023-12-07 18:24:31 - [TEST_STEP][PASSED] - click(findTestObject("Object Repository/Page_Performance/Page_/button_Access dashboard")): Object: 'Object Repository/Page_Performance/Page_/button_Access dashboard' is clicked on

2023-12-07 18:24:31 - [MESSAGE][PASSED] - Object: 'Object Repository/Page_Performance/Page_/button_Access dashboard' is clicked on

2023-12-07 18:24:31 - [TEST_STEP][PASSED] - verifyElementText(findTestObject("Object Repository/Page_Performance/Page_/p_Performance Report"), "Performance Report"): Actual text and expected text of test object 'Object Repository/Page_Performance/Page_/p_Performance Report' are matched.

2023-12-07 18:24:33 - [MESSAGE][PASSED] - Actual text and expected text of test object 'Object Repository/Page_Performance/Page_/p_Performance Report' are matched.

2023-12-07 18:24:33 - [TEST_STEP][PASSED] - closeBrowser(): Browser is closed

2023-12-07 18:24:34 - [MESSAGE][PASSED] - Browser is closed]]></system-out>
         <system-err><![CDATA[]]></system-err>
      </testcase>
      <testcase name="Test Cases/Dashboard_Page/test_campaign_report" time="16.2" classname="Test Cases/Dashboard_Page/test_campaign_report" status="PASSED">
         <system-out><![CDATA[2023-12-07 18:24:34 - [TEST_CASE][PASSED] - Test Cases/Dashboard_Page/test_campaign_report: Test Cases/Dashboard_Page/test_campaign_report

2023-12-07 18:24:35 - [TEST_STEP][PASSED] - callTestCase(findTestCase("Reusable_Functions/Login"), [:], CONTINUE_ON_FAILURE): Call Test Case 'Test Cases/Reusable_Functions/Login' successfully

2023-12-07 18:24:35 - [TEST_CASE][PASSED] - Test Cases/Reusable_Functions/Login: Test Cases/Reusable_Functions/Login

2023-12-07 18:24:35 - [TEST_STEP][PASSED] - openBrowser(""): Browser is opened with url: ''

2023-12-07 18:24:35 - [MESSAGE][INFO] - Starting 'Chrome' driver

2023-12-07 18:24:35 - [MESSAGE][INFO] - Action delay is set to 0 milliseconds

2023-12-07 18:24:36 - [MESSAGE][PASSED] - Browser is opened with url: ''

2023-12-07 18:24:36 - [TEST_STEP][PASSED] - maximizeWindow(): Current window maximized

2023-12-07 18:24:36 - [MESSAGE][PASSED] - Current window maximized

2023-12-07 18:24:36 - [TEST_STEP][PASSED] - navigateToUrl("https://dev-dash.admetrics.ai/"): Navigate to 'https://dev-dash.admetrics.ai/' successfully

2023-12-07 18:24:37 - [MESSAGE][PASSED] - Navigate to 'https://dev-dash.admetrics.ai/' successfully

2023-12-07 18:24:37 - [TEST_STEP][PASSED] - setText(findTestObject("Object Repository/Page_Project_Title/input_User ID_username"), "admin"): Text 'admin' is set on object 'Object Repository/Page_Project_Title/input_User ID_username'

2023-12-07 18:24:40 - [MESSAGE][PASSED] - Text 'admin' is set on object 'Object Repository/Page_Project_Title/input_User ID_username'

2023-12-07 18:24:40 - [TEST_STEP][PASSED] - setEncryptedText(findTestObject("Object Repository/Page_Project_Title/input_Password_password"), "7Dxoto1EjKfQbGop/Ov+1g=="): Text ****** has been set on object 'Object Repository/Page_Project_Title/input_Password_password'

2023-12-07 18:24:40 - [MESSAGE][PASSED] - Text ****** has been set on object 'Object Repository/Page_Project_Title/input_Password_password'

2023-12-07 18:24:40 - [TEST_STEP][PASSED] - click(findTestObject("Object Repository/Page_Project_Title/button_Login")): Object: 'Object Repository/Page_Project_Title/button_Login' is clicked on

2023-12-07 18:24:40 - [MESSAGE][PASSED] - Object: 'Object Repository/Page_Project_Title/button_Login' is clicked on

2023-12-07 18:24:40 - [MESSAGE][PASSED] - Call Test Case 'Test Cases/Reusable_Functions/Login' successfully

2023-12-07 18:24:40 - [TEST_STEP][PASSED] - verifyElementText(findTestObject("Object Repository/Page_Campaign/Page_/div_Campaign"), "Campaign"): Actual text and expected text of test object 'Object Repository/Page_Campaign/Page_/div_Campaign' are matched.

2023-12-07 18:24:43 - [MESSAGE][PASSED] - Actual text and expected text of test object 'Object Repository/Page_Campaign/Page_/div_Campaign' are matched.

2023-12-07 18:24:43 - [TEST_STEP][PASSED] - verifyElementVisible(findTestObject("Object Repository/Page_Campaign/Page_/img_Campaign_mg-0")): Object 'Object Repository/Page_Campaign/Page_/img_Campaign_mg-0' is visible

2023-12-07 18:24:43 - [MESSAGE][PASSED] - Object 'Object Repository/Page_Campaign/Page_/img_Campaign_mg-0' is visible

2023-12-07 18:24:43 - [TEST_STEP][PASSED] - mouseOver(findTestObject("Object Repository/Page_Campaign/Page_/img_Campaign_infoIconImage")): Object: 'Object Repository/Page_Campaign/Page_/img_Campaign_infoIconImage' is hovered

2023-12-07 18:24:44 - [MESSAGE][PASSED] - Object: 'Object Repository/Page_Campaign/Page_/img_Campaign_infoIconImage' is hovered

2023-12-07 18:24:44 - [TEST_STEP][PASSED] - verifyElementText(findTestObject("Object Repository/Page_Campaign/Page_/p_Access dashboard to"), "Access dashboard to"): Actual text and expected text of test object 'Object Repository/Page_Campaign/Page_/p_Access dashboard to' are matched.

2023-12-07 18:24:44 - [MESSAGE][PASSED] - Actual text and expected text of test object 'Object Repository/Page_Campaign/Page_/p_Access dashboard to' are matched.

2023-12-07 18:24:44 - [TEST_STEP][PASSED] - verifyElementText(findTestObject("Object Repository/Page_Campaign/Page_/p_view details"), "view details"): Actual text and expected text of test object 'Object Repository/Page_Campaign/Page_/p_view details' are matched.

2023-12-07 18:24:45 - [MESSAGE][PASSED] - Actual text and expected text of test object 'Object Repository/Page_Campaign/Page_/p_view details' are matched.

2023-12-07 18:24:45 - [TEST_STEP][PASSED] - verifyElementText(findTestObject("Object Repository/Page_Campaign/Page_/button_Access dashboard"), "Access dashboard →"): Actual text and expected text of test object 'Object Repository/Page_Campaign/Page_/button_Access dashboard' are matched.

2023-12-07 18:24:45 - [MESSAGE][PASSED] - Actual text and expected text of test object 'Object Repository/Page_Campaign/Page_/button_Access dashboard' are matched.

2023-12-07 18:24:45 - [TEST_STEP][PASSED] - verifyElementClickable(findTestObject("Object Repository/Page_Campaign/Page_/button_Access dashboard")): Object 'Object Repository/Page_Campaign/Page_/button_Access dashboard' is clickable

2023-12-07 18:24:46 - [MESSAGE][PASSED] - Object 'Object Repository/Page_Campaign/Page_/button_Access dashboard' is clickable

2023-12-07 18:24:46 - [TEST_STEP][PASSED] - click(findTestObject("Object Repository/Page_Campaign/Page_/button_Access dashboard")): Object: 'Object Repository/Page_Campaign/Page_/button_Access dashboard' is clicked on

2023-12-07 18:24:46 - [MESSAGE][PASSED] - Object: 'Object Repository/Page_Campaign/Page_/button_Access dashboard' is clicked on

2023-12-07 18:24:46 - [TEST_STEP][PASSED] - verifyElementText(findTestObject("Object Repository/Page_Campaign/Page_/p_Campaign Analytics"), "Campaign Analytics"): Actual text and expected text of test object 'Object Repository/Page_Campaign/Page_/p_Campaign Analytics' are matched.

2023-12-07 18:24:50 - [MESSAGE][PASSED] - Actual text and expected text of test object 'Object Repository/Page_Campaign/Page_/p_Campaign Analytics' are matched.

2023-12-07 18:24:50 - [TEST_STEP][PASSED] - closeBrowser(): Browser is closed

2023-12-07 18:24:51 - [MESSAGE][PASSED] - Browser is closed]]></system-out>
         <system-err><![CDATA[]]></system-err>
      </testcase>
      <system-out><![CDATA[2023-12-07 18:22:14 - [TEST_SUITE][PASSED] - Function_test: Test Cases/Dashboard_Page/test_campaign_report]]></system-out>
      <system-err><![CDATA[]]></system-err>
   </testsuite>
</testsuites>
