<?xml version="1.0" encoding="UTF-8"?>
<testsuites name="Function_test" time="1313.439" tests="19" failures="0" errors="0">
   <testsuite name="Function_test" tests="19" failures="0" errors="0" time="1313.439" skipped="0" timestamp="2023-12-19 17:29:54" hostname="Pavitra I R - DESKTOP-MFB1Q4P" id="Test Suites/Function_test">
      <properties>
         <property name="deviceName" value=""/>
         <property name="devicePlatform" value=""/>
         <property name="logFolder" value="C:\\Users\\Pavitra I R\\Katalon Studio\\Admetrics\\Reports\\20231219_172945\\Function_test\\20231219_172946"/>
         <property name="logFiles" value="C:\\Users\\Pavitra I R\\Katalon Studio\\Admetrics\\Reports\\20231219_172945\\Function_test\\20231219_172946\\execution0.log"/>
         <property name="attachments" value=""/>
         <property name="hostName" value="Pavitra I R - DESKTOP-MFB1Q4P"/>
         <property name="os" value="Windows 10 64bit"/>
         <property name="katalonVersion" value="8.6.8.208"/>
         <property name="browser" value="Chrome 120.0.0.0"/>
         <property name="hostAddress" value="192.168.1.92"/>
         <property name="sessionId" value="4f5507f2983b821390e8fc9521e63a8c"/>
         <property name="seleniumVersion" value="3.141.59"/>
         <property name="proxyInformation" value="ProxyInformation { proxyOption=NO_PROXY, proxyServerType=HTTP, username=, password=********, proxyServerAddress=, proxyServerPort=0, executionList=&quot;&quot;, isApplyToDesiredCapabilities=true }"/>
         <property name="platform" value="Windows 10"/>
      </properties>
      <testcase name="Test Cases/Login_Page/test_verify_project_title" time="8.748" classname="Test Cases/Login_Page/test_verify_project_title" status="PASSED">
         <system-out><![CDATA[2023-12-19 17:29:54 - [TEST_CASE][PASSED] - Test Cases/Login_Page/test_verify_project_title: Test Cases/Login_Page/test_verify_project_title

2023-12-19 17:29:55 - [TEST_STEP][PASSED] - openBrowser(""): Browser is opened with url: ''

2023-12-19 17:29:55 - [MESSAGE][INFO] - Starting 'Chrome' driver

2023-12-19 17:29:55 - [MESSAGE][INFO] - Action delay is set to 0 milliseconds

2023-12-19 17:29:57 - [MESSAGE][PASSED] - Browser is opened with url: ''

2023-12-19 17:29:57 - [TEST_STEP][PASSED] - maximizeWindow(): Current window maximized

2023-12-19 17:29:57 - [MESSAGE][PASSED] - Current window maximized

2023-12-19 17:29:57 - [TEST_STEP][PASSED] - navigateToUrl(url): Navigate to 'https://dev-dash.admetrics.ai/' successfully

2023-12-19 17:29:58 - [MESSAGE][PASSED] - Navigate to 'https://dev-dash.admetrics.ai/' successfully

2023-12-19 17:29:58 - [TEST_STEP][PASSED] - verifyElementText(findTestObject("Object Repository/Page_Project_Title/p_Admetrics"), "Admetrics"): Actual text and expected text of test object 'Object Repository/Page_Project_Title/p_Admetrics' are matched.

2023-12-19 17:30:00 - [MESSAGE][PASSED] - Actual text and expected text of test object 'Object Repository/Page_Project_Title/p_Admetrics' are matched.

2023-12-19 17:30:00 - [TEST_STEP][PASSED] - verifyElementVisible(findTestObject("Object Repository/Page_Project_Title/img_User ID_logoImg mr-3")): Object 'Object Repository/Page_Project_Title/img_User ID_logoImg mr-3' is visible

2023-12-19 17:30:01 - [MESSAGE][PASSED] - Object 'Object Repository/Page_Project_Title/img_User ID_logoImg mr-3' is visible

2023-12-19 17:30:01 - [TEST_STEP][PASSED] - verifyElementText(findTestObject("Object Repository/Page_Project_Title/p_India"), "India"): Actual text and expected text of test object 'Object Repository/Page_Project_Title/p_India' are matched.

2023-12-19 17:30:01 - [MESSAGE][PASSED] - Actual text and expected text of test object 'Object Repository/Page_Project_Title/p_India' are matched.

2023-12-19 17:30:01 - [TEST_STEP][PASSED] - verifyElementText(findTestObject("Object Repository/Page_Project_Title/input_User ID_username"), ""): Actual text and expected text of test object 'Object Repository/Page_Project_Title/input_User ID_username' are matched.

2023-12-19 17:30:02 - [MESSAGE][PASSED] - Actual text and expected text of test object 'Object Repository/Page_Project_Title/input_User ID_username' are matched.

2023-12-19 17:30:02 - [TEST_STEP][PASSED] - verifyElementText(findTestObject("Object Repository/Page_Project_Title/input_Password_password"), ""): Actual text and expected text of test object 'Object Repository/Page_Project_Title/input_Password_password' are matched.

2023-12-19 17:30:02 - [MESSAGE][PASSED] - Actual text and expected text of test object 'Object Repository/Page_Project_Title/input_Password_password' are matched.

2023-12-19 17:30:02 - [TEST_STEP][PASSED] - verifyElementClickable(findTestObject("Object Repository/Page_Project_Title/button_Login")): Object 'Object Repository/Page_Project_Title/button_Login' is clickable

2023-12-19 17:30:02 - [MESSAGE][PASSED] - Object 'Object Repository/Page_Project_Title/button_Login' is clickable

2023-12-19 17:30:02 - [TEST_STEP][PASSED] - closeBrowser(): Browser is closed

2023-12-19 17:30:03 - [MESSAGE][PASSED] - Browser is closed]]></system-out>
         <system-err><![CDATA[]]></system-err>
      </testcase>
      <testcase name="Test Cases/Login_Page/test_empty_credentials" time="6.218" classname="Test Cases/Login_Page/test_empty_credentials" status="PASSED">
         <system-out><![CDATA[2023-12-19 17:30:03 - [TEST_CASE][PASSED] - Test Cases/Login_Page/test_empty_credentials: Test Cases/Login_Page/test_empty_credentials

2023-12-19 17:30:04 - [TEST_STEP][PASSED] - openBrowser(""): Browser is opened with url: ''

2023-12-19 17:30:04 - [MESSAGE][INFO] - Starting 'Chrome' driver

2023-12-19 17:30:04 - [MESSAGE][INFO] - Action delay is set to 0 milliseconds

2023-12-19 17:30:05 - [MESSAGE][PASSED] - Browser is opened with url: ''

2023-12-19 17:30:05 - [TEST_STEP][PASSED] - maximizeWindow(): Current window maximized

2023-12-19 17:30:05 - [MESSAGE][PASSED] - Current window maximized

2023-12-19 17:30:05 - [TEST_STEP][PASSED] - navigateToUrl(url): Navigate to 'https://dev-dash.admetrics.ai/' successfully

2023-12-19 17:30:06 - [MESSAGE][PASSED] - Navigate to 'https://dev-dash.admetrics.ai/' successfully

2023-12-19 17:30:06 - [TEST_STEP][PASSED] - click(findTestObject("Object Repository/Page_Empty_credentials/Page_/input_User ID_username")): Object: 'Object Repository/Page_Empty_credentials/Page_/input_User ID_username' is clicked on

2023-12-19 17:30:07 - [MESSAGE][PASSED] - Object: 'Object Repository/Page_Empty_credentials/Page_/input_User ID_username' is clicked on

2023-12-19 17:30:07 - [TEST_STEP][PASSED] - click(findTestObject("Object Repository/Page_Empty_credentials/Page_/button_Login")): Object: 'Object Repository/Page_Empty_credentials/Page_/button_Login' is clicked on

2023-12-19 17:30:08 - [MESSAGE][PASSED] - Object: 'Object Repository/Page_Empty_credentials/Page_/button_Login' is clicked on

2023-12-19 17:30:08 - [TEST_STEP][PASSED] - verifyElementText(findTestObject("Object Repository/Page_Empty_credentials/Page_/span_Invalid Credentials"), "Invalid Credentials"): Actual text and expected text of test object 'Object Repository/Page_Empty_credentials/Page_/span_Invalid Credentials' are matched.

2023-12-19 17:30:09 - [MESSAGE][PASSED] - Actual text and expected text of test object 'Object Repository/Page_Empty_credentials/Page_/span_Invalid Credentials' are matched.

2023-12-19 17:30:09 - [TEST_STEP][PASSED] - closeBrowser(): Browser is closed

2023-12-19 17:30:09 - [MESSAGE][PASSED] - Browser is closed]]></system-out>
         <system-err><![CDATA[]]></system-err>
      </testcase>
      <testcase name="Test Cases/Login_Page/test_invalidusername_validpassword" time="7.104" classname="Test Cases/Login_Page/test_invalidusername_validpassword" status="PASSED">
         <system-out><![CDATA[2023-12-19 17:30:09 - [TEST_CASE][PASSED] - Test Cases/Login_Page/test_invalidusername_validpassword: Test Cases/Login_Page/test_invalidusername_validpassword

2023-12-19 17:30:10 - [TEST_STEP][PASSED] - openBrowser(""): Browser is opened with url: ''

2023-12-19 17:30:10 - [MESSAGE][INFO] - Starting 'Chrome' driver

2023-12-19 17:30:10 - [MESSAGE][INFO] - Action delay is set to 0 milliseconds

2023-12-19 17:30:11 - [MESSAGE][PASSED] - Browser is opened with url: ''

2023-12-19 17:30:11 - [TEST_STEP][PASSED] - maximizeWindow(): Current window maximized

2023-12-19 17:30:11 - [MESSAGE][PASSED] - Current window maximized

2023-12-19 17:30:11 - [TEST_STEP][PASSED] - navigateToUrl(url): Navigate to 'https://dev-dash.admetrics.ai/' successfully

2023-12-19 17:30:12 - [MESSAGE][PASSED] - Navigate to 'https://dev-dash.admetrics.ai/' successfully

2023-12-19 17:30:12 - [TEST_STEP][PASSED] - setText(findTestObject("Object Repository/Page_invalid_valid/Page_/input_User ID_username"), "tibil"): Text 'tibil' is set on object 'Object Repository/Page_invalid_valid/Page_/input_User ID_username'

2023-12-19 17:30:14 - [MESSAGE][PASSED] - Text 'tibil' is set on object 'Object Repository/Page_invalid_valid/Page_/input_User ID_username'

2023-12-19 17:30:14 - [TEST_STEP][PASSED] - setEncryptedText(findTestObject("Object Repository/Page_invalid_valid/Page_/input_Password_password"), "7Dxoto1EjKfQbGop/Ov+1g=="): Text ****** has been set on object 'Object Repository/Page_invalid_valid/Page_/input_Password_password'

2023-12-19 17:30:15 - [MESSAGE][PASSED] - Text ****** has been set on object 'Object Repository/Page_invalid_valid/Page_/input_Password_password'

2023-12-19 17:30:15 - [TEST_STEP][PASSED] - click(findTestObject("Object Repository/Page_invalid_valid/Page_/button_Login")): Object: 'Object Repository/Page_invalid_valid/Page_/button_Login' is clicked on

2023-12-19 17:30:15 - [MESSAGE][PASSED] - Object: 'Object Repository/Page_invalid_valid/Page_/button_Login' is clicked on

2023-12-19 17:30:15 - [TEST_STEP][PASSED] - verifyElementText(findTestObject("Object Repository/Page_invalid_valid/Page_/span_Invalid Credentials"), "Invalid Credentials"): Actual text and expected text of test object 'Object Repository/Page_invalid_valid/Page_/span_Invalid Credentials' are matched.

2023-12-19 17:30:16 - [MESSAGE][PASSED] - Actual text and expected text of test object 'Object Repository/Page_invalid_valid/Page_/span_Invalid Credentials' are matched.

2023-12-19 17:30:16 - [TEST_STEP][PASSED] - closeBrowser(): Browser is closed

2023-12-19 17:30:17 - [MESSAGE][PASSED] - Browser is closed]]></system-out>
         <system-err><![CDATA[]]></system-err>
      </testcase>
      <testcase name="Test Cases/Login_Page/test_validate_login_page" time="6.47" classname="Test Cases/Login_Page/test_validate_login_page" status="PASSED">
         <system-out><![CDATA[2023-12-19 17:30:17 - [TEST_CASE][PASSED] - Test Cases/Login_Page/test_validate_login_page: Test Cases/Login_Page/test_validate_login_page

2023-12-19 17:30:17 - [TEST_STEP][PASSED] - openBrowser(""): Browser is opened with url: ''

2023-12-19 17:30:17 - [MESSAGE][INFO] - Starting 'Chrome' driver

2023-12-19 17:30:17 - [MESSAGE][INFO] - Action delay is set to 0 milliseconds

2023-12-19 17:30:18 - [MESSAGE][PASSED] - Browser is opened with url: ''

2023-12-19 17:30:18 - [TEST_STEP][PASSED] - maximizeWindow(): Current window maximized

2023-12-19 17:30:18 - [MESSAGE][PASSED] - Current window maximized

2023-12-19 17:30:18 - [TEST_STEP][PASSED] - navigateToUrl(url): Navigate to 'https://dev-dash.admetrics.ai/' successfully

2023-12-19 17:30:19 - [MESSAGE][PASSED] - Navigate to 'https://dev-dash.admetrics.ai/' successfully

2023-12-19 17:30:19 - [TEST_STEP][PASSED] - setText(findTestObject("Object Repository/Page_Invalid/Page_/input_User ID_username"), username): Text '' is set on object 'Object Repository/Page_Invalid/Page_/input_User ID_username'

2023-12-19 17:30:21 - [MESSAGE][PASSED] - Text '' is set on object 'Object Repository/Page_Invalid/Page_/input_User ID_username'

2023-12-19 17:30:21 - [TEST_STEP][PASSED] - setEncryptedText(findTestObject("Object Repository/Page_Invalid/Page_/input_Password_password"), password): Text ****** has been set on object 'Object Repository/Page_Invalid/Page_/input_Password_password'

2023-12-19 17:30:21 - [MESSAGE][PASSED] - Text ****** has been set on object 'Object Repository/Page_Invalid/Page_/input_Password_password'

2023-12-19 17:30:21 - [TEST_STEP][PASSED] - click(findTestObject("Object Repository/Page_Invalid/Page_/button_Login")): Object: 'Object Repository/Page_Invalid/Page_/button_Login' is clicked on

2023-12-19 17:30:22 - [MESSAGE][PASSED] - Object: 'Object Repository/Page_Invalid/Page_/button_Login' is clicked on

2023-12-19 17:30:22 - [TEST_STEP][PASSED] - verifyElementText(findTestObject("Object Repository/Page_Invalid/Page_/span_Invalid Credentials"), "Invalid Credentials"): Actual text and expected text of test object 'Object Repository/Page_Invalid/Page_/span_Invalid Credentials' are matched.

2023-12-19 17:30:22 - [MESSAGE][PASSED] - Actual text and expected text of test object 'Object Repository/Page_Invalid/Page_/span_Invalid Credentials' are matched.

2023-12-19 17:30:22 - [TEST_STEP][PASSED] - closeBrowser(): Browser is closed

2023-12-19 17:30:23 - [MESSAGE][PASSED] - Browser is closed]]></system-out>
         <system-err><![CDATA[]]></system-err>
      </testcase>
      <testcase name="Test Cases/Login_Page/test_validusername_invalipassword" time="7.262" classname="Test Cases/Login_Page/test_validusername_invalipassword" status="PASSED">
         <system-out><![CDATA[2023-12-19 17:30:23 - [TEST_CASE][PASSED] - Test Cases/Login_Page/test_validusername_invalipassword: Test Cases/Login_Page/test_validusername_invalipassword

2023-12-19 17:30:23 - [TEST_STEP][PASSED] - openBrowser(""): Browser is opened with url: ''

2023-12-19 17:30:23 - [MESSAGE][INFO] - Starting 'Chrome' driver

2023-12-19 17:30:23 - [MESSAGE][INFO] - Action delay is set to 0 milliseconds

2023-12-19 17:30:25 - [MESSAGE][PASSED] - Browser is opened with url: ''

2023-12-19 17:30:25 - [TEST_STEP][PASSED] - maximizeWindow(): Current window maximized

2023-12-19 17:30:25 - [MESSAGE][PASSED] - Current window maximized

2023-12-19 17:30:25 - [TEST_STEP][PASSED] - navigateToUrl(url): Navigate to 'https://dev-dash.admetrics.ai/' successfully

2023-12-19 17:30:25 - [MESSAGE][PASSED] - Navigate to 'https://dev-dash.admetrics.ai/' successfully

2023-12-19 17:30:25 - [TEST_STEP][PASSED] - setText(findTestObject("Object Repository/Page_valid_invalid/Page_/input_User ID_username"), "admin"): Text 'admin' is set on object 'Object Repository/Page_valid_invalid/Page_/input_User ID_username'

2023-12-19 17:30:28 - [MESSAGE][PASSED] - Text 'admin' is set on object 'Object Repository/Page_valid_invalid/Page_/input_User ID_username'

2023-12-19 17:30:28 - [TEST_STEP][PASSED] - setEncryptedText(findTestObject("Object Repository/Page_valid_invalid/Page_/input_Password_password"), "RSNArcc3BqI="): Text ****** has been set on object 'Object Repository/Page_valid_invalid/Page_/input_Password_password'

2023-12-19 17:30:29 - [MESSAGE][PASSED] - Text ****** has been set on object 'Object Repository/Page_valid_invalid/Page_/input_Password_password'

2023-12-19 17:30:29 - [TEST_STEP][PASSED] - click(findTestObject("Object Repository/Page_valid_invalid/Page_/button_Login")): Object: 'Object Repository/Page_valid_invalid/Page_/button_Login' is clicked on

2023-12-19 17:30:29 - [MESSAGE][PASSED] - Object: 'Object Repository/Page_valid_invalid/Page_/button_Login' is clicked on

2023-12-19 17:30:29 - [TEST_STEP][PASSED] - verifyElementText(findTestObject("Object Repository/Page_valid_invalid/Page_/span_Invalid Credentials"), "Invalid Credentials"): Actual text and expected text of test object 'Object Repository/Page_valid_invalid/Page_/span_Invalid Credentials' are matched.

2023-12-19 17:30:30 - [MESSAGE][PASSED] - Actual text and expected text of test object 'Object Repository/Page_valid_invalid/Page_/span_Invalid Credentials' are matched.

2023-12-19 17:30:30 - [TEST_STEP][PASSED] - closeBrowser(): Browser is closed

2023-12-19 17:30:30 - [MESSAGE][PASSED] - Browser is closed]]></system-out>
         <system-err><![CDATA[]]></system-err>
      </testcase>
      <testcase name="Test Cases/Login_Page/test_valid_login" time="10.542" classname="Test Cases/Login_Page/test_valid_login" status="PASSED">
         <system-out><![CDATA[2023-12-19 17:30:30 - [TEST_CASE][PASSED] - Test Cases/Login_Page/test_valid_login: Test Cases/Login_Page/test_valid_login

2023-12-19 17:30:31 - [TEST_STEP][PASSED] - openBrowser(""): Browser is opened with url: ''

2023-12-19 17:30:31 - [MESSAGE][INFO] - Starting 'Chrome' driver

2023-12-19 17:30:31 - [MESSAGE][INFO] - Action delay is set to 0 milliseconds

2023-12-19 17:30:32 - [MESSAGE][PASSED] - Browser is opened with url: ''

2023-12-19 17:30:32 - [TEST_STEP][PASSED] - maximizeWindow(): Current window maximized

2023-12-19 17:30:32 - [MESSAGE][PASSED] - Current window maximized

2023-12-19 17:30:32 - [TEST_STEP][PASSED] - navigateToUrl(url): Navigate to 'https://dev-dash.admetrics.ai/' successfully

2023-12-19 17:30:33 - [MESSAGE][PASSED] - Navigate to 'https://dev-dash.admetrics.ai/' successfully

2023-12-19 17:30:33 - [TEST_STEP][PASSED] - setText(findTestObject("Object Repository/Page_valid_login/Page_/input_User ID_username"), username): Text 'admin' is set on object 'Object Repository/Page_valid_login/Page_/input_User ID_username'

2023-12-19 17:30:36 - [MESSAGE][PASSED] - Text 'admin' is set on object 'Object Repository/Page_valid_login/Page_/input_User ID_username'

2023-12-19 17:30:36 - [TEST_STEP][PASSED] - setEncryptedText(findTestObject("Object Repository/Page_valid_login/Page_/input_Password_password"), password): Text ****** has been set on object 'Object Repository/Page_valid_login/Page_/input_Password_password'

2023-12-19 17:30:36 - [MESSAGE][PASSED] - Text ****** has been set on object 'Object Repository/Page_valid_login/Page_/input_Password_password'

2023-12-19 17:30:36 - [TEST_STEP][PASSED] - click(findTestObject("Object Repository/Page_valid_login/Page_/button_Login")): Object: 'Object Repository/Page_valid_login/Page_/button_Login' is clicked on

2023-12-19 17:30:36 - [MESSAGE][PASSED] - Object: 'Object Repository/Page_valid_login/Page_/button_Login' is clicked on

2023-12-19 17:30:36 - [TEST_STEP][PASSED] - verifyElementText(findTestObject("Object Repository/Page_Menu/Page_/span_Spend Report"), "Spend Report"): Actual text and expected text of test object 'Object Repository/Page_Menu/Page_/span_Spend Report' are matched.

2023-12-19 17:30:38 - [MESSAGE][PASSED] - Actual text and expected text of test object 'Object Repository/Page_Menu/Page_/span_Spend Report' are matched.

2023-12-19 17:30:38 - [TEST_STEP][PASSED] - delay(2): Delayed 2 second(s)

2023-12-19 17:30:40 - [MESSAGE][PASSED] - Delayed 2 second(s)

2023-12-19 17:30:40 - [TEST_STEP][PASSED] - closeBrowser(): Browser is closed

2023-12-19 17:30:41 - [MESSAGE][PASSED] - Browser is closed]]></system-out>
         <system-err><![CDATA[]]></system-err>
      </testcase>
      <testcase name="Test Cases/Dashboard_Page/test_verify_menu" time="36.962" classname="Test Cases/Dashboard_Page/test_verify_menu" status="PASSED">
         <system-out><![CDATA[2023-12-19 17:30:41 - [TEST_CASE][PASSED] - Test Cases/Dashboard_Page/test_verify_menu: Test Cases/Dashboard_Page/test_verify_menu

2023-12-19 17:30:41 - [TEST_STEP][PASSED] - callTestCase(findTestCase("Reusable_Functions/Login"), [:], CONTINUE_ON_FAILURE): Call Test Case 'Test Cases/Reusable_Functions/Login' successfully

2023-12-19 17:30:42 - [TEST_CASE][PASSED] - Test Cases/Reusable_Functions/Login: Test Cases/Reusable_Functions/Login

2023-12-19 17:30:42 - [TEST_STEP][PASSED] - openBrowser(""): Browser is opened with url: ''

2023-12-19 17:30:42 - [MESSAGE][INFO] - Starting 'Chrome' driver

2023-12-19 17:30:42 - [MESSAGE][INFO] - Action delay is set to 0 milliseconds

2023-12-19 17:30:43 - [MESSAGE][PASSED] - Browser is opened with url: ''

2023-12-19 17:30:43 - [TEST_STEP][PASSED] - maximizeWindow(): Current window maximized

2023-12-19 17:30:43 - [MESSAGE][PASSED] - Current window maximized

2023-12-19 17:30:43 - [TEST_STEP][PASSED] - navigateToUrl("https://dev-dash.admetrics.ai/"): Navigate to 'https://dev-dash.admetrics.ai/' successfully

2023-12-19 17:30:44 - [MESSAGE][PASSED] - Navigate to 'https://dev-dash.admetrics.ai/' successfully

2023-12-19 17:30:44 - [TEST_STEP][PASSED] - setText(findTestObject("Object Repository/Page_Project_Title/input_User ID_username"), "admin"): Text 'admin' is set on object 'Object Repository/Page_Project_Title/input_User ID_username'

2023-12-19 17:30:46 - [MESSAGE][PASSED] - Text 'admin' is set on object 'Object Repository/Page_Project_Title/input_User ID_username'

2023-12-19 17:30:46 - [TEST_STEP][PASSED] - setEncryptedText(findTestObject("Object Repository/Page_Project_Title/input_Password_password"), "7Dxoto1EjKfQbGop/Ov+1g=="): Text ****** has been set on object 'Object Repository/Page_Project_Title/input_Password_password'

2023-12-19 17:30:47 - [MESSAGE][PASSED] - Text ****** has been set on object 'Object Repository/Page_Project_Title/input_Password_password'

2023-12-19 17:30:47 - [TEST_STEP][PASSED] - click(findTestObject("Object Repository/Page_Project_Title/button_Login")): Object: 'Object Repository/Page_Project_Title/button_Login' is clicked on

2023-12-19 17:30:47 - [MESSAGE][PASSED] - Object: 'Object Repository/Page_Project_Title/button_Login' is clicked on

2023-12-19 17:30:47 - [MESSAGE][PASSED] - Call Test Case 'Test Cases/Reusable_Functions/Login' successfully

2023-12-19 17:30:47 - [TEST_STEP][PASSED] - verifyElementVisible(findTestObject("Object Repository/Page_Menu/Page_/img")): Object 'Object Repository/Page_Menu/Page_/img' is visible

2023-12-19 17:30:49 - [MESSAGE][PASSED] - Object 'Object Repository/Page_Menu/Page_/img' is visible

2023-12-19 17:30:49 - [TEST_STEP][PASSED] - verifyElementText(findTestObject("Object Repository/Page_Menu/Page_/span_admetrics"), "admetrics"): Actual text and expected text of test object 'Object Repository/Page_Menu/Page_/span_admetrics' are matched.

2023-12-19 17:30:51 - [MESSAGE][PASSED] - Actual text and expected text of test object 'Object Repository/Page_Menu/Page_/span_admetrics' are matched.

2023-12-19 17:30:51 - [TEST_STEP][PASSED] - verifyElementClickable(findTestObject("Object Repository/Page_Menu/Page_/div_admetrics_spinner diagonal part-1")): Object 'Object Repository/Page_Menu/Page_/div_admetrics_spinner diagonal part-1' is clickable

2023-12-19 17:30:52 - [MESSAGE][PASSED] - Object 'Object Repository/Page_Menu/Page_/div_admetrics_spinner diagonal part-1' is clickable

2023-12-19 17:30:52 - [TEST_STEP][PASSED] - click(findTestObject("Object Repository/Page_Menu/Page_/div_admetrics_spinner diagonal part-2")): Object: 'Object Repository/Page_Menu/Page_/div_admetrics_spinner diagonal part-2' is clicked on

2023-12-19 17:30:52 - [MESSAGE][PASSED] - Object: 'Object Repository/Page_Menu/Page_/div_admetrics_spinner diagonal part-2' is clicked on

2023-12-19 17:30:52 - [TEST_STEP][PASSED] - click(findTestObject("Object Repository/Page_Menu/Page_/div_admetrics_spinner horizontal")): Object: 'Object Repository/Page_Menu/Page_/div_admetrics_spinner horizontal' is clicked on

2023-12-19 17:30:53 - [MESSAGE][PASSED] - Object: 'Object Repository/Page_Menu/Page_/div_admetrics_spinner horizontal' is clicked on

2023-12-19 17:30:53 - [TEST_STEP][PASSED] - verifyElementClickable(findTestObject("Object Repository/Page_Menu/Page_/div_admetrics_spinner horizontal_1")): Object 'Object Repository/Page_Menu/Page_/div_admetrics_spinner horizontal_1' is clickable

2023-12-19 17:30:53 - [MESSAGE][PASSED] - Object 'Object Repository/Page_Menu/Page_/div_admetrics_spinner horizontal_1' is clickable

2023-12-19 17:30:53 - [TEST_STEP][PASSED] - click(findTestObject("Object Repository/Page_Menu/Page_/div_admetrics_spinner diagonal part-2")): Object: 'Object Repository/Page_Menu/Page_/div_admetrics_spinner diagonal part-2' is clicked on

2023-12-19 17:30:54 - [MESSAGE][PASSED] - Object: 'Object Repository/Page_Menu/Page_/div_admetrics_spinner diagonal part-2' is clicked on

2023-12-19 17:30:54 - [TEST_STEP][PASSED] - click(findTestObject("Object Repository/Page_Menu/Page_/label_admetrics_sidebarIconToggle")): Object: 'Object Repository/Page_Menu/Page_/label_admetrics_sidebarIconToggle' is clicked on

2023-12-19 17:30:55 - [MESSAGE][PASSED] - Object: 'Object Repository/Page_Menu/Page_/label_admetrics_sidebarIconToggle' is clicked on

2023-12-19 17:30:55 - [TEST_STEP][PASSED] - verifyElementVisible(findTestObject("Object Repository/Page_Menu/Page_/img_admetrics_menuIcon")): Object 'Object Repository/Page_Menu/Page_/img_admetrics_menuIcon' is visible

2023-12-19 17:30:55 - [MESSAGE][PASSED] - Object 'Object Repository/Page_Menu/Page_/img_admetrics_menuIcon' is visible

2023-12-19 17:30:55 - [TEST_STEP][PASSED] - click(findTestObject("Object Repository/Page_Menu/Page_/li_Spend Report")): Object: 'Object Repository/Page_Menu/Page_/li_Spend Report' is clicked on

2023-12-19 17:30:56 - [MESSAGE][PASSED] - Object: 'Object Repository/Page_Menu/Page_/li_Spend Report' is clicked on

2023-12-19 17:30:56 - [TEST_STEP][PASSED] - verifyElementText(findTestObject("Object Repository/Page_Menu/Page_/p_Spend Report"), "Spend Report"): Actual text and expected text of test object 'Object Repository/Page_Menu/Page_/p_Spend Report' are matched.

2023-12-19 17:30:56 - [MESSAGE][PASSED] - Actual text and expected text of test object 'Object Repository/Page_Menu/Page_/p_Spend Report' are matched.

2023-12-19 17:30:56 - [TEST_STEP][PASSED] - click(findTestObject("Object Repository/Page_Menu/Page_/div_admetrics_spinner horizontal_1")): Object: 'Object Repository/Page_Menu/Page_/div_admetrics_spinner horizontal_1' is clicked on

2023-12-19 17:30:57 - [MESSAGE][PASSED] - Object: 'Object Repository/Page_Menu/Page_/div_admetrics_spinner horizontal_1' is clicked on

2023-12-19 17:30:57 - [TEST_STEP][PASSED] - verifyElementClickable(findTestObject("Object Repository/Page_Menu/Page_/li_Spend Report")): Object 'Object Repository/Page_Menu/Page_/li_Spend Report' is clickable

2023-12-19 17:30:57 - [MESSAGE][PASSED] - Object 'Object Repository/Page_Menu/Page_/li_Spend Report' is clickable

2023-12-19 17:30:57 - [TEST_STEP][PASSED] - click(findTestObject("Object Repository/Page_Menu/Page_/label_admetrics_sidebarIconToggle")): Object: 'Object Repository/Page_Menu/Page_/label_admetrics_sidebarIconToggle' is clicked on

2023-12-19 17:30:58 - [MESSAGE][PASSED] - Object: 'Object Repository/Page_Menu/Page_/label_admetrics_sidebarIconToggle' is clicked on

2023-12-19 17:30:58 - [TEST_STEP][PASSED] - verifyElementText(findTestObject("Object Repository/Page_Menu/Page_/span_Spend Report"), "Spend Report"): Actual text and expected text of test object 'Object Repository/Page_Menu/Page_/span_Spend Report' are matched.

2023-12-19 17:30:58 - [MESSAGE][PASSED] - Actual text and expected text of test object 'Object Repository/Page_Menu/Page_/span_Spend Report' are matched.

2023-12-19 17:30:58 - [TEST_STEP][PASSED] - verifyElementVisible(findTestObject("Object Repository/Page_Menu/Page_/img_Spend Report_menuIcon")): Object 'Object Repository/Page_Menu/Page_/img_Spend Report_menuIcon' is visible

2023-12-19 17:30:59 - [MESSAGE][PASSED] - Object 'Object Repository/Page_Menu/Page_/img_Spend Report_menuIcon' is visible

2023-12-19 17:30:59 - [TEST_STEP][PASSED] - click(findTestObject("Object Repository/Page_Menu/Page_/li_Spend Monitoring")): Object: 'Object Repository/Page_Menu/Page_/li_Spend Monitoring' is clicked on

2023-12-19 17:30:59 - [MESSAGE][PASSED] - Object: 'Object Repository/Page_Menu/Page_/li_Spend Monitoring' is clicked on

2023-12-19 17:30:59 - [TEST_STEP][PASSED] - verifyElementClickable(findTestObject("Object Repository/Page_Menu/Page_/li_Spend Monitoring")): Object 'Object Repository/Page_Menu/Page_/li_Spend Monitoring' is clickable

2023-12-19 17:31:01 - [MESSAGE][PASSED] - Object 'Object Repository/Page_Menu/Page_/li_Spend Monitoring' is clickable

2023-12-19 17:31:01 - [TEST_STEP][PASSED] - click(findTestObject("Object Repository/Page_Menu/Page_/div_admetrics_spinner diagonal part-2")): Object: 'Object Repository/Page_Menu/Page_/div_admetrics_spinner diagonal part-2' is clicked on

2023-12-19 17:31:02 - [MESSAGE][PASSED] - Object: 'Object Repository/Page_Menu/Page_/div_admetrics_spinner diagonal part-2' is clicked on

2023-12-19 17:31:02 - [TEST_STEP][PASSED] - verifyElementText(findTestObject("Object Repository/Page_Menu/Page_/p_Spend Monitoring Report"), "Spend Monitoring Report"): Actual text and expected text of test object 'Object Repository/Page_Menu/Page_/p_Spend Monitoring Report' are matched.

2023-12-19 17:31:02 - [MESSAGE][PASSED] - Actual text and expected text of test object 'Object Repository/Page_Menu/Page_/p_Spend Monitoring Report' are matched.

2023-12-19 17:31:02 - [TEST_STEP][PASSED] - click(findTestObject("Object Repository/Page_Menu/Page_/div_admetrics_spinner diagonal part-2_1")): Object: 'Object Repository/Page_Menu/Page_/div_admetrics_spinner diagonal part-2_1' is clicked on

2023-12-19 17:31:03 - [MESSAGE][PASSED] - Object: 'Object Repository/Page_Menu/Page_/div_admetrics_spinner diagonal part-2_1' is clicked on

2023-12-19 17:31:03 - [TEST_STEP][PASSED] - verifyElementVisible(findTestObject("Object Repository/Page_Menu/Page_/img_Spend Monitoring_menuIcon")): Object 'Object Repository/Page_Menu/Page_/img_Spend Monitoring_menuIcon' is visible

2023-12-19 17:31:03 - [MESSAGE][PASSED] - Object 'Object Repository/Page_Menu/Page_/img_Spend Monitoring_menuIcon' is visible

2023-12-19 17:31:03 - [TEST_STEP][PASSED] - click(findTestObject("Object Repository/Page_Menu/Page_/li_Performance")): Object: 'Object Repository/Page_Menu/Page_/li_Performance' is clicked on

2023-12-19 17:31:04 - [MESSAGE][PASSED] - Object: 'Object Repository/Page_Menu/Page_/li_Performance' is clicked on

2023-12-19 17:31:04 - [TEST_STEP][PASSED] - verifyElementClickable(findTestObject("Object Repository/Page_Menu/Page_/li_Performance")): Object 'Object Repository/Page_Menu/Page_/li_Performance' is clickable

2023-12-19 17:31:05 - [MESSAGE][PASSED] - Object 'Object Repository/Page_Menu/Page_/li_Performance' is clickable

2023-12-19 17:31:05 - [TEST_STEP][PASSED] - verifyElementText(findTestObject("Object Repository/Page_Menu/Page_/p_Performance Report"), "Performance Report"): Actual text and expected text of test object 'Object Repository/Page_Menu/Page_/p_Performance Report' are matched.

2023-12-19 17:31:07 - [MESSAGE][PASSED] - Actual text and expected text of test object 'Object Repository/Page_Menu/Page_/p_Performance Report' are matched.

2023-12-19 17:31:07 - [TEST_STEP][PASSED] - click(findTestObject("Object Repository/Page_Menu/Page_/div_admetrics_spinner diagonal part-2")): Object: 'Object Repository/Page_Menu/Page_/div_admetrics_spinner diagonal part-2' is clicked on

2023-12-19 17:31:07 - [MESSAGE][PASSED] - Object: 'Object Repository/Page_Menu/Page_/div_admetrics_spinner diagonal part-2' is clicked on

2023-12-19 17:31:07 - [TEST_STEP][PASSED] - click(findTestObject("Object Repository/Page_Menu/Page_/label_admetrics_sidebarIconToggle")): Object: 'Object Repository/Page_Menu/Page_/label_admetrics_sidebarIconToggle' is clicked on

2023-12-19 17:31:08 - [MESSAGE][PASSED] - Object: 'Object Repository/Page_Menu/Page_/label_admetrics_sidebarIconToggle' is clicked on

2023-12-19 17:31:08 - [TEST_STEP][PASSED] - verifyElementVisible(findTestObject("Object Repository/Page_Menu/Page_/img_Performance_menuIcon")): Object 'Object Repository/Page_Menu/Page_/img_Performance_menuIcon' is visible

2023-12-19 17:31:08 - [MESSAGE][PASSED] - Object 'Object Repository/Page_Menu/Page_/img_Performance_menuIcon' is visible

2023-12-19 17:31:08 - [TEST_STEP][PASSED] - click(findTestObject("Object Repository/Page_Menu/Page_/li_Campaign")): Object: 'Object Repository/Page_Menu/Page_/li_Campaign' is clicked on

2023-12-19 17:31:09 - [MESSAGE][PASSED] - Object: 'Object Repository/Page_Menu/Page_/li_Campaign' is clicked on

2023-12-19 17:31:09 - [TEST_STEP][PASSED] - verifyElementClickable(findTestObject("Object Repository/Page_Menu/Page_/li_Campaign")): Object 'Object Repository/Page_Menu/Page_/li_Campaign' is clickable

2023-12-19 17:31:13 - [MESSAGE][PASSED] - Object 'Object Repository/Page_Menu/Page_/li_Campaign' is clickable

2023-12-19 17:31:13 - [TEST_STEP][PASSED] - click(findTestObject("Object Repository/Page_Menu/Page_/label_admetrics_sidebarIconToggle_1")): Object: 'Object Repository/Page_Menu/Page_/label_admetrics_sidebarIconToggle_1' is clicked on

2023-12-19 17:31:13 - [MESSAGE][PASSED] - Object: 'Object Repository/Page_Menu/Page_/label_admetrics_sidebarIconToggle_1' is clicked on

2023-12-19 17:31:13 - [TEST_STEP][PASSED] - verifyElementText(findTestObject("Object Repository/Page_Menu/Page_/p_Campaign Analytics"), "Campaign Analytics"): Actual text and expected text of test object 'Object Repository/Page_Menu/Page_/p_Campaign Analytics' are matched.

2023-12-19 17:31:14 - [MESSAGE][PASSED] - Actual text and expected text of test object 'Object Repository/Page_Menu/Page_/p_Campaign Analytics' are matched.

2023-12-19 17:31:14 - [TEST_STEP][PASSED] - click(findTestObject("Object Repository/Page_Menu/Page_/label_admetrics_sidebarIconToggle")): Object: 'Object Repository/Page_Menu/Page_/label_admetrics_sidebarIconToggle' is clicked on

2023-12-19 17:31:14 - [MESSAGE][PASSED] - Object: 'Object Repository/Page_Menu/Page_/label_admetrics_sidebarIconToggle' is clicked on

2023-12-19 17:31:14 - [TEST_STEP][PASSED] - verifyElementClickable(findTestObject("Object Repository/Page_Menu/Page_/i_Campaign_signOut")): Object 'Object Repository/Page_Menu/Page_/i_Campaign_signOut' is clickable

2023-12-19 17:31:15 - [MESSAGE][PASSED] - Object 'Object Repository/Page_Menu/Page_/i_Campaign_signOut' is clickable

2023-12-19 17:31:15 - [TEST_STEP][PASSED] - click(findTestObject("Object Repository/Page_Menu/Page_/i_Campaign_signOut")): Object: 'Object Repository/Page_Menu/Page_/i_Campaign_signOut' is clicked on

2023-12-19 17:31:15 - [MESSAGE][PASSED] - Object: 'Object Repository/Page_Menu/Page_/i_Campaign_signOut' is clicked on

2023-12-19 17:31:15 - [TEST_STEP][PASSED] - delay(2): Delayed 2 second(s)

2023-12-19 17:31:17 - [MESSAGE][PASSED] - Delayed 2 second(s)

2023-12-19 17:31:17 - [TEST_STEP][PASSED] - closeBrowser(): Browser is closed

2023-12-19 17:31:18 - [MESSAGE][PASSED] - Browser is closed]]></system-out>
         <system-err><![CDATA[]]></system-err>
      </testcase>
      <testcase name="Test Cases/Spend_Report/test_monthly_spend_report" time="20.326" classname="Test Cases/Spend_Report/test_monthly_spend_report" status="PASSED">
         <system-out><![CDATA[2023-12-19 17:31:18 - [TEST_CASE][PASSED] - Test Cases/Spend_Report/test_monthly_spend_report: Test Cases/Spend_Report/test_monthly_spend_report

2023-12-19 17:31:18 - [TEST_STEP][PASSED] - callTestCase(findTestCase("Reusable_Functions/Login"), [:], CONTINUE_ON_FAILURE): Call Test Case 'Test Cases/Reusable_Functions/Login' successfully

2023-12-19 17:31:18 - [TEST_CASE][PASSED] - Test Cases/Reusable_Functions/Login: Test Cases/Reusable_Functions/Login

2023-12-19 17:31:18 - [TEST_STEP][PASSED] - openBrowser(""): Browser is opened with url: ''

2023-12-19 17:31:18 - [MESSAGE][INFO] - Starting 'Chrome' driver

2023-12-19 17:31:18 - [MESSAGE][INFO] - Action delay is set to 0 milliseconds

2023-12-19 17:31:20 - [MESSAGE][PASSED] - Browser is opened with url: ''

2023-12-19 17:31:20 - [TEST_STEP][PASSED] - maximizeWindow(): Current window maximized

2023-12-19 17:31:20 - [MESSAGE][PASSED] - Current window maximized

2023-12-19 17:31:20 - [TEST_STEP][PASSED] - navigateToUrl("https://dev-dash.admetrics.ai/"): Navigate to 'https://dev-dash.admetrics.ai/' successfully

2023-12-19 17:31:21 - [MESSAGE][PASSED] - Navigate to 'https://dev-dash.admetrics.ai/' successfully

2023-12-19 17:31:21 - [TEST_STEP][PASSED] - setText(findTestObject("Object Repository/Page_Project_Title/input_User ID_username"), "admin"): Text 'admin' is set on object 'Object Repository/Page_Project_Title/input_User ID_username'

2023-12-19 17:31:25 - [MESSAGE][PASSED] - Text 'admin' is set on object 'Object Repository/Page_Project_Title/input_User ID_username'

2023-12-19 17:31:25 - [TEST_STEP][PASSED] - setEncryptedText(findTestObject("Object Repository/Page_Project_Title/input_Password_password"), "7Dxoto1EjKfQbGop/Ov+1g=="): Text ****** has been set on object 'Object Repository/Page_Project_Title/input_Password_password'

2023-12-19 17:31:25 - [MESSAGE][PASSED] - Text ****** has been set on object 'Object Repository/Page_Project_Title/input_Password_password'

2023-12-19 17:31:25 - [TEST_STEP][PASSED] - click(findTestObject("Object Repository/Page_Project_Title/button_Login")): Object: 'Object Repository/Page_Project_Title/button_Login' is clicked on

2023-12-19 17:31:25 - [MESSAGE][PASSED] - Object: 'Object Repository/Page_Project_Title/button_Login' is clicked on

2023-12-19 17:31:25 - [MESSAGE][PASSED] - Call Test Case 'Test Cases/Reusable_Functions/Login' successfully

2023-12-19 17:31:25 - [TEST_STEP][PASSED] - verifyElementClickable(findTestObject("Object Repository/Page_Monthly_Spend_Report/Page_/div_Monthly Spend Report")): Object 'Object Repository/Page_Monthly_Spend_Report/Page_/div_Monthly Spend Report' is clickable

2023-12-19 17:31:27 - [MESSAGE][PASSED] - Object 'Object Repository/Page_Monthly_Spend_Report/Page_/div_Monthly Spend Report' is clickable

2023-12-19 17:31:27 - [TEST_STEP][PASSED] - click(findTestObject("Object Repository/Page_Monthly_Spend_Report/Page_/div_Monthly Spend Report")): Object: 'Object Repository/Page_Monthly_Spend_Report/Page_/div_Monthly Spend Report' is clicked on

2023-12-19 17:31:29 - [MESSAGE][PASSED] - Object: 'Object Repository/Page_Monthly_Spend_Report/Page_/div_Monthly Spend Report' is clicked on

2023-12-19 17:31:29 - [TEST_STEP][PASSED] - verifyElementClickable(findTestObject("Object Repository/Page_Monthly_Spend_Report/Page_/svg_Enter a date range_mat-datepicker-toggl_ef015c")): Object 'Object Repository/Page_Monthly_Spend_Report/Page_/svg_Enter a date range_mat-datepicker-toggl_ef015c' is clickable

2023-12-19 17:31:31 - [MESSAGE][PASSED] - Object 'Object Repository/Page_Monthly_Spend_Report/Page_/svg_Enter a date range_mat-datepicker-toggl_ef015c' is clickable

2023-12-19 17:31:31 - [TEST_STEP][PASSED] - verifyElementClickable(findTestObject("Object Repository/Page_Monthly_Spend_Report/Page_/mat-icon_clear")): Object 'Object Repository/Page_Monthly_Spend_Report/Page_/mat-icon_clear' is clickable

2023-12-19 17:31:32 - [MESSAGE][PASSED] - Object 'Object Repository/Page_Monthly_Spend_Report/Page_/mat-icon_clear' is clickable

2023-12-19 17:31:32 - [TEST_STEP][PASSED] - click(findTestObject("Object Repository/Page_Monthly_Spend_Report/Page_/svg_Enter a date range_mat-datepicker-toggl_ef015c")): Object: 'Object Repository/Page_Monthly_Spend_Report/Page_/svg_Enter a date range_mat-datepicker-toggl_ef015c' is clicked on

2023-12-19 17:31:32 - [MESSAGE][PASSED] - Object: 'Object Repository/Page_Monthly_Spend_Report/Page_/svg_Enter a date range_mat-datepicker-toggl_ef015c' is clicked on

2023-12-19 17:31:32 - [TEST_STEP][PASSED] - verifyElementClickable(findTestObject("Object Repository/Page_Monthly_Spend_Report/Page_/button_SEPT 2023_mat-focus-indicator mat-ca_7a0138")): Object 'Object Repository/Page_Monthly_Spend_Report/Page_/button_SEPT 2023_mat-focus-indicator mat-ca_7a0138' is clickable

2023-12-19 17:31:33 - [MESSAGE][PASSED] - Object 'Object Repository/Page_Monthly_Spend_Report/Page_/button_SEPT 2023_mat-focus-indicator mat-ca_7a0138' is clickable

2023-12-19 17:31:33 - [TEST_STEP][PASSED] - verifyElementClickable(findTestObject("Object Repository/Page_Monthly_Spend_Report/Page_/button_SEPT 2023_mat-focus-indicator mat-ca_7a0138")): Object 'Object Repository/Page_Monthly_Spend_Report/Page_/button_SEPT 2023_mat-focus-indicator mat-ca_7a0138' is clickable

2023-12-19 17:31:33 - [MESSAGE][PASSED] - Object 'Object Repository/Page_Monthly_Spend_Report/Page_/button_SEPT 2023_mat-focus-indicator mat-ca_7a0138' is clickable

2023-12-19 17:31:33 - [TEST_STEP][PASSED] - click(findTestObject("Object Repository/Page_Monthly_Spend_Report/Page_/button_SEPT 2023_mat-focus-indicator mat-ca_7a0138")): Object: 'Object Repository/Page_Monthly_Spend_Report/Page_/button_SEPT 2023_mat-focus-indicator mat-ca_7a0138' is clicked on

2023-12-19 17:31:34 - [MESSAGE][PASSED] - Object: 'Object Repository/Page_Monthly_Spend_Report/Page_/button_SEPT 2023_mat-focus-indicator mat-ca_7a0138' is clicked on

2023-12-19 17:31:34 - [TEST_STEP][PASSED] - click(findTestObject("Object Repository/Page_Monthly_Spend_Report/Page_/div_1")): Object: 'Object Repository/Page_Monthly_Spend_Report/Page_/div_1' is clicked on

2023-12-19 17:31:35 - [MESSAGE][PASSED] - Object: 'Object Repository/Page_Monthly_Spend_Report/Page_/div_1' is clicked on

2023-12-19 17:31:35 - [TEST_STEP][PASSED] - click(findTestObject("Object Repository/Page_Monthly_Spend_Report/Page_/div_31")): Object: 'Object Repository/Page_Monthly_Spend_Report/Page_/div_31' is clicked on

2023-12-19 17:31:35 - [MESSAGE][PASSED] - Object: 'Object Repository/Page_Monthly_Spend_Report/Page_/div_31' is clicked on

2023-12-19 17:31:35 - [TEST_STEP][PASSED] - delay(2): Delayed 2 second(s)

2023-12-19 17:31:37 - [MESSAGE][PASSED] - Delayed 2 second(s)

2023-12-19 17:31:37 - [TEST_STEP][PASSED] - closeBrowser(): Browser is closed

2023-12-19 17:31:38 - [MESSAGE][PASSED] - Browser is closed]]></system-out>
         <system-err><![CDATA[]]></system-err>
      </testcase>
      <testcase name="Test Cases/Spend_Report/test_weekly_spend_report" time="20.156" classname="Test Cases/Spend_Report/test_weekly_spend_report" status="PASSED">
         <system-out><![CDATA[2023-12-19 17:31:38 - [TEST_CASE][PASSED] - Test Cases/Spend_Report/test_weekly_spend_report: Test Cases/Spend_Report/test_weekly_spend_report

2023-12-19 17:31:39 - [TEST_STEP][PASSED] - callTestCase(findTestCase("Reusable_Functions/Login"), [:], CONTINUE_ON_FAILURE): Call Test Case 'Test Cases/Reusable_Functions/Login' successfully

2023-12-19 17:31:39 - [TEST_CASE][PASSED] - Test Cases/Reusable_Functions/Login: Test Cases/Reusable_Functions/Login

2023-12-19 17:31:39 - [TEST_STEP][PASSED] - openBrowser(""): Browser is opened with url: ''

2023-12-19 17:31:39 - [MESSAGE][INFO] - Starting 'Chrome' driver

2023-12-19 17:31:39 - [MESSAGE][INFO] - Action delay is set to 0 milliseconds

2023-12-19 17:31:40 - [MESSAGE][PASSED] - Browser is opened with url: ''

2023-12-19 17:31:40 - [TEST_STEP][PASSED] - maximizeWindow(): Current window maximized

2023-12-19 17:31:40 - [MESSAGE][PASSED] - Current window maximized

2023-12-19 17:31:40 - [TEST_STEP][PASSED] - navigateToUrl("https://dev-dash.admetrics.ai/"): Navigate to 'https://dev-dash.admetrics.ai/' successfully

2023-12-19 17:31:43 - [MESSAGE][PASSED] - Navigate to 'https://dev-dash.admetrics.ai/' successfully

2023-12-19 17:31:43 - [TEST_STEP][PASSED] - setText(findTestObject("Object Repository/Page_Project_Title/input_User ID_username"), "admin"): Text 'admin' is set on object 'Object Repository/Page_Project_Title/input_User ID_username'

2023-12-19 17:31:47 - [MESSAGE][PASSED] - Text 'admin' is set on object 'Object Repository/Page_Project_Title/input_User ID_username'

2023-12-19 17:31:47 - [TEST_STEP][PASSED] - setEncryptedText(findTestObject("Object Repository/Page_Project_Title/input_Password_password"), "7Dxoto1EjKfQbGop/Ov+1g=="): Text ****** has been set on object 'Object Repository/Page_Project_Title/input_Password_password'

2023-12-19 17:31:47 - [MESSAGE][PASSED] - Text ****** has been set on object 'Object Repository/Page_Project_Title/input_Password_password'

2023-12-19 17:31:47 - [TEST_STEP][PASSED] - click(findTestObject("Object Repository/Page_Project_Title/button_Login")): Object: 'Object Repository/Page_Project_Title/button_Login' is clicked on

2023-12-19 17:31:48 - [MESSAGE][PASSED] - Object: 'Object Repository/Page_Project_Title/button_Login' is clicked on

2023-12-19 17:31:48 - [MESSAGE][PASSED] - Call Test Case 'Test Cases/Reusable_Functions/Login' successfully

2023-12-19 17:31:48 - [TEST_STEP][PASSED] - verifyElementClickable(findTestObject("Object Repository/Page_Weekly_Spend_Report/Page_/div_Weekly Spend Report")): Object 'Object Repository/Page_Weekly_Spend_Report/Page_/div_Weekly Spend Report' is clickable

2023-12-19 17:31:49 - [MESSAGE][PASSED] - Object 'Object Repository/Page_Weekly_Spend_Report/Page_/div_Weekly Spend Report' is clickable

2023-12-19 17:31:49 - [TEST_STEP][PASSED] - click(findTestObject("Object Repository/Page_Weekly_Spend_Report/Page_/div_Weekly Spend Report")): Object: 'Object Repository/Page_Weekly_Spend_Report/Page_/div_Weekly Spend Report' is clicked on

2023-12-19 17:31:51 - [MESSAGE][PASSED] - Object: 'Object Repository/Page_Weekly_Spend_Report/Page_/div_Weekly Spend Report' is clicked on

2023-12-19 17:31:51 - [TEST_STEP][PASSED] - verifyElementClickable(findTestObject("Object Repository/Page_Weekly_Spend_Report/Page_/svg_Enter a date range_mat-datepicker-toggl_ef015c")): Object 'Object Repository/Page_Weekly_Spend_Report/Page_/svg_Enter a date range_mat-datepicker-toggl_ef015c' is clickable

2023-12-19 17:31:52 - [MESSAGE][PASSED] - Object 'Object Repository/Page_Weekly_Spend_Report/Page_/svg_Enter a date range_mat-datepicker-toggl_ef015c' is clickable

2023-12-19 17:31:52 - [TEST_STEP][PASSED] - verifyElementClickable(findTestObject("Object Repository/Page_Weekly_Spend_Report/Page_/mat-icon_clear")): Object 'Object Repository/Page_Weekly_Spend_Report/Page_/mat-icon_clear' is clickable

2023-12-19 17:31:53 - [MESSAGE][PASSED] - Object 'Object Repository/Page_Weekly_Spend_Report/Page_/mat-icon_clear' is clickable

2023-12-19 17:31:53 - [TEST_STEP][PASSED] - click(findTestObject("Object Repository/Page_Monthly_Spend_Report/Page_/svg_Enter a date range_mat-datepicker-toggl_ef015c")): Object: 'Object Repository/Page_Monthly_Spend_Report/Page_/svg_Enter a date range_mat-datepicker-toggl_ef015c' is clicked on

2023-12-19 17:31:53 - [MESSAGE][PASSED] - Object: 'Object Repository/Page_Monthly_Spend_Report/Page_/svg_Enter a date range_mat-datepicker-toggl_ef015c' is clicked on

2023-12-19 17:31:53 - [TEST_STEP][PASSED] - verifyElementClickable(findTestObject("Object Repository/Page_Weekly_Spend_Report/Page_/button_NOV 2023_mat-focus-indicator mat-cal_145c8e")): Object 'Object Repository/Page_Weekly_Spend_Report/Page_/button_NOV 2023_mat-focus-indicator mat-cal_145c8e' is clickable

2023-12-19 17:31:54 - [MESSAGE][PASSED] - Object 'Object Repository/Page_Weekly_Spend_Report/Page_/button_NOV 2023_mat-focus-indicator mat-cal_145c8e' is clickable

2023-12-19 17:31:54 - [TEST_STEP][PASSED] - verifyElementClickable(findTestObject("Object Repository/Page_Weekly_Spend_Report/Page_/button_NOV 2023_mat-focus-indicator mat-cal_145c8e")): Object 'Object Repository/Page_Weekly_Spend_Report/Page_/button_NOV 2023_mat-focus-indicator mat-cal_145c8e' is clickable

2023-12-19 17:31:55 - [MESSAGE][PASSED] - Object 'Object Repository/Page_Weekly_Spend_Report/Page_/button_NOV 2023_mat-focus-indicator mat-cal_145c8e' is clickable

2023-12-19 17:31:55 - [TEST_STEP][PASSED] - click(findTestObject("Object Repository/Page_Weekly_Spend_Report/Page_/button_NOV 2023_mat-focus-indicator mat-cal_145c8e")): Object: 'Object Repository/Page_Weekly_Spend_Report/Page_/button_NOV 2023_mat-focus-indicator mat-cal_145c8e' is clicked on

2023-12-19 17:31:55 - [MESSAGE][PASSED] - Object: 'Object Repository/Page_Weekly_Spend_Report/Page_/button_NOV 2023_mat-focus-indicator mat-cal_145c8e' is clicked on

2023-12-19 17:31:55 - [TEST_STEP][PASSED] - click(findTestObject("Object Repository/Page_Weekly_Spend_Report/Page_/button_NOV 2023_mat-focus-indicator mat-cal_145c8e")): Object: 'Object Repository/Page_Weekly_Spend_Report/Page_/button_NOV 2023_mat-focus-indicator mat-cal_145c8e' is clicked on

2023-12-19 17:31:56 - [MESSAGE][PASSED] - Object: 'Object Repository/Page_Weekly_Spend_Report/Page_/button_NOV 2023_mat-focus-indicator mat-cal_145c8e' is clicked on

2023-12-19 17:31:56 - [TEST_STEP][PASSED] - click(findTestObject("Object Repository/Page_Weekly_Spend_Report/Page_/div_1")): Object: 'Object Repository/Page_Weekly_Spend_Report/Page_/div_1' is clicked on

2023-12-19 17:31:57 - [MESSAGE][PASSED] - Object: 'Object Repository/Page_Weekly_Spend_Report/Page_/div_1' is clicked on

2023-12-19 17:31:57 - [TEST_STEP][PASSED] - click(findTestObject("Object Repository/Page_Weekly_Spend_Report/Page_/div_30")): Object: 'Object Repository/Page_Weekly_Spend_Report/Page_/div_30' is clicked on

2023-12-19 17:31:58 - [MESSAGE][PASSED] - Object: 'Object Repository/Page_Weekly_Spend_Report/Page_/div_30' is clicked on

2023-12-19 17:31:58 - [TEST_STEP][PASSED] - closeBrowser(): Browser is closed

2023-12-19 17:31:58 - [MESSAGE][PASSED] - Browser is closed]]></system-out>
         <system-err><![CDATA[]]></system-err>
      </testcase>
      <testcase name="Test Cases/Spend_Report/test_daily_spend_report" time="21.412" classname="Test Cases/Spend_Report/test_daily_spend_report" status="PASSED">
         <system-out><![CDATA[2023-12-19 17:31:58 - [TEST_CASE][PASSED] - Test Cases/Spend_Report/test_daily_spend_report: Test Cases/Spend_Report/test_daily_spend_report

2023-12-19 17:31:59 - [TEST_STEP][PASSED] - callTestCase(findTestCase("Reusable_Functions/Login"), [:], CONTINUE_ON_FAILURE): Call Test Case 'Test Cases/Reusable_Functions/Login' successfully

2023-12-19 17:31:59 - [TEST_CASE][PASSED] - Test Cases/Reusable_Functions/Login: Test Cases/Reusable_Functions/Login

2023-12-19 17:31:59 - [TEST_STEP][PASSED] - openBrowser(""): Browser is opened with url: ''

2023-12-19 17:31:59 - [MESSAGE][INFO] - Starting 'Chrome' driver

2023-12-19 17:31:59 - [MESSAGE][INFO] - Action delay is set to 0 milliseconds

2023-12-19 17:32:00 - [MESSAGE][PASSED] - Browser is opened with url: ''

2023-12-19 17:32:00 - [TEST_STEP][PASSED] - maximizeWindow(): Current window maximized

2023-12-19 17:32:00 - [MESSAGE][PASSED] - Current window maximized

2023-12-19 17:32:00 - [TEST_STEP][PASSED] - navigateToUrl("https://dev-dash.admetrics.ai/"): Navigate to 'https://dev-dash.admetrics.ai/' successfully

2023-12-19 17:32:01 - [MESSAGE][PASSED] - Navigate to 'https://dev-dash.admetrics.ai/' successfully

2023-12-19 17:32:01 - [TEST_STEP][PASSED] - setText(findTestObject("Object Repository/Page_Project_Title/input_User ID_username"), "admin"): Text 'admin' is set on object 'Object Repository/Page_Project_Title/input_User ID_username'

2023-12-19 17:32:05 - [MESSAGE][PASSED] - Text 'admin' is set on object 'Object Repository/Page_Project_Title/input_User ID_username'

2023-12-19 17:32:05 - [TEST_STEP][PASSED] - setEncryptedText(findTestObject("Object Repository/Page_Project_Title/input_Password_password"), "7Dxoto1EjKfQbGop/Ov+1g=="): Text ****** has been set on object 'Object Repository/Page_Project_Title/input_Password_password'

2023-12-19 17:32:06 - [MESSAGE][PASSED] - Text ****** has been set on object 'Object Repository/Page_Project_Title/input_Password_password'

2023-12-19 17:32:06 - [TEST_STEP][PASSED] - click(findTestObject("Object Repository/Page_Project_Title/button_Login")): Object: 'Object Repository/Page_Project_Title/button_Login' is clicked on

2023-12-19 17:32:06 - [MESSAGE][PASSED] - Object: 'Object Repository/Page_Project_Title/button_Login' is clicked on

2023-12-19 17:32:06 - [MESSAGE][PASSED] - Call Test Case 'Test Cases/Reusable_Functions/Login' successfully

2023-12-19 17:32:06 - [TEST_STEP][PASSED] - verifyElementClickable(findTestObject("Object Repository/Page_Daily_Spend_Report/Page_/div_Daily Spend Report")): Object 'Object Repository/Page_Daily_Spend_Report/Page_/div_Daily Spend Report' is clickable

2023-12-19 17:32:08 - [MESSAGE][PASSED] - Object 'Object Repository/Page_Daily_Spend_Report/Page_/div_Daily Spend Report' is clickable

2023-12-19 17:32:08 - [TEST_STEP][PASSED] - click(findTestObject("Object Repository/Page_Daily_Spend_Report/Page_/div_Daily Spend Report")): Object: 'Object Repository/Page_Daily_Spend_Report/Page_/div_Daily Spend Report' is clicked on

2023-12-19 17:32:10 - [MESSAGE][PASSED] - Object: 'Object Repository/Page_Daily_Spend_Report/Page_/div_Daily Spend Report' is clicked on

2023-12-19 17:32:10 - [TEST_STEP][PASSED] - verifyElementClickable(findTestObject("Object Repository/Page_Daily_Spend_Report/Page_/svg_Enter a date range_mat-datepicker-toggl_ef015c")): Object 'Object Repository/Page_Daily_Spend_Report/Page_/svg_Enter a date range_mat-datepicker-toggl_ef015c' is clickable

2023-12-19 17:32:12 - [MESSAGE][PASSED] - Object 'Object Repository/Page_Daily_Spend_Report/Page_/svg_Enter a date range_mat-datepicker-toggl_ef015c' is clickable

2023-12-19 17:32:12 - [TEST_STEP][PASSED] - verifyElementClickable(findTestObject("Object Repository/Page_Daily_Spend_Report/Page_/mat-icon_clear")): Object 'Object Repository/Page_Daily_Spend_Report/Page_/mat-icon_clear' is clickable

2023-12-19 17:32:12 - [MESSAGE][PASSED] - Object 'Object Repository/Page_Daily_Spend_Report/Page_/mat-icon_clear' is clickable

2023-12-19 17:32:12 - [TEST_STEP][PASSED] - click(findTestObject("Object Repository/Page_Monthly_Spend_Report/Page_/svg_Enter a date range_mat-datepicker-toggl_ef015c")): Object: 'Object Repository/Page_Monthly_Spend_Report/Page_/svg_Enter a date range_mat-datepicker-toggl_ef015c' is clicked on

2023-12-19 17:32:12 - [MESSAGE][PASSED] - Object: 'Object Repository/Page_Monthly_Spend_Report/Page_/svg_Enter a date range_mat-datepicker-toggl_ef015c' is clicked on

2023-12-19 17:32:12 - [TEST_STEP][PASSED] - click(findTestObject("Object Repository/Page_Daily_Spend_Report/Page_/button_NOV 2023_mat-focus-indicator mat-cal_145c8e")): Object: 'Object Repository/Page_Daily_Spend_Report/Page_/button_NOV 2023_mat-focus-indicator mat-cal_145c8e' is clicked on

2023-12-19 17:32:13 - [MESSAGE][PASSED] - Object: 'Object Repository/Page_Daily_Spend_Report/Page_/button_NOV 2023_mat-focus-indicator mat-cal_145c8e' is clicked on

2023-12-19 17:32:13 - [TEST_STEP][PASSED] - click(findTestObject("Object Repository/Page_Daily_Spend_Report/Page_/button_NOV 2023_mat-focus-indicator mat-cal_145c8e")): Object: 'Object Repository/Page_Daily_Spend_Report/Page_/button_NOV 2023_mat-focus-indicator mat-cal_145c8e' is clicked on

2023-12-19 17:32:14 - [MESSAGE][PASSED] - Object: 'Object Repository/Page_Daily_Spend_Report/Page_/button_NOV 2023_mat-focus-indicator mat-cal_145c8e' is clicked on

2023-12-19 17:32:14 - [TEST_STEP][PASSED] - click(findTestObject("Object Repository/Page_Daily_Spend_Report/Page_/div_1")): Object: 'Object Repository/Page_Daily_Spend_Report/Page_/div_1' is clicked on

2023-12-19 17:32:15 - [MESSAGE][PASSED] - Object: 'Object Repository/Page_Daily_Spend_Report/Page_/div_1' is clicked on

2023-12-19 17:32:15 - [TEST_STEP][PASSED] - click(findTestObject("Object Repository/Page_Daily_Spend_Report/Page_/div_30")): Object: 'Object Repository/Page_Daily_Spend_Report/Page_/div_30' is clicked on

2023-12-19 17:32:16 - [MESSAGE][PASSED] - Object: 'Object Repository/Page_Daily_Spend_Report/Page_/div_30' is clicked on

2023-12-19 17:32:16 - [TEST_STEP][PASSED] - delay(2): Delayed 2 second(s)

2023-12-19 17:32:18 - [MESSAGE][PASSED] - Delayed 2 second(s)

2023-12-19 17:32:18 - [TEST_STEP][PASSED] - click(findTestObject("Object Repository/Page_Daily_Spend_Report/Page_/canvas_Enter a date range_chartjs-render-monitor")): Object: 'Object Repository/Page_Daily_Spend_Report/Page_/canvas_Enter a date range_chartjs-render-monitor' is clicked on

2023-12-19 17:32:18 - [MESSAGE][PASSED] - Object: 'Object Repository/Page_Daily_Spend_Report/Page_/canvas_Enter a date range_chartjs-render-monitor' is clicked on

2023-12-19 17:32:18 - [TEST_STEP][PASSED] - click(findTestObject("Object Repository/Page_Daily_Spend_Report/Page_/canvas_Enter a date range_chartjs-render-monitor")): Object: 'Object Repository/Page_Daily_Spend_Report/Page_/canvas_Enter a date range_chartjs-render-monitor' is clicked on

2023-12-19 17:32:19 - [MESSAGE][PASSED] - Object: 'Object Repository/Page_Daily_Spend_Report/Page_/canvas_Enter a date range_chartjs-render-monitor' is clicked on

2023-12-19 17:32:19 - [TEST_STEP][PASSED] - click(findTestObject("Object Repository/Page_Daily_Spend_Report/Page_/canvas_Enter a date range_chartjs-render-monitor")): Object: 'Object Repository/Page_Daily_Spend_Report/Page_/canvas_Enter a date range_chartjs-render-monitor' is clicked on

2023-12-19 17:32:19 - [MESSAGE][PASSED] - Object: 'Object Repository/Page_Daily_Spend_Report/Page_/canvas_Enter a date range_chartjs-render-monitor' is clicked on

2023-12-19 17:32:19 - [TEST_STEP][PASSED] - closeBrowser(): Browser is closed

2023-12-19 17:32:20 - [MESSAGE][PASSED] - Browser is closed]]></system-out>
         <system-err><![CDATA[]]></system-err>
      </testcase>
      <testcase name="Test Cases/Spend_Monitoring/test_daily_spend_monitoring_report" time="23.301" classname="Test Cases/Spend_Monitoring/test_daily_spend_monitoring_report" status="PASSED">
         <system-out><![CDATA[2023-12-19 17:32:20 - [TEST_CASE][PASSED] - Test Cases/Spend_Monitoring/test_daily_spend_monitoring_report: Test Cases/Spend_Monitoring/test_daily_spend_monitoring_report

2023-12-19 17:32:20 - [TEST_STEP][PASSED] - callTestCase(findTestCase("Reusable_Functions/Login"), [:], CONTINUE_ON_FAILURE): Call Test Case 'Test Cases/Reusable_Functions/Login' successfully

2023-12-19 17:32:20 - [TEST_CASE][PASSED] - Test Cases/Reusable_Functions/Login: Test Cases/Reusable_Functions/Login

2023-12-19 17:32:20 - [TEST_STEP][PASSED] - openBrowser(""): Browser is opened with url: ''

2023-12-19 17:32:20 - [MESSAGE][INFO] - Starting 'Chrome' driver

2023-12-19 17:32:20 - [MESSAGE][INFO] - Action delay is set to 0 milliseconds

2023-12-19 17:32:22 - [MESSAGE][PASSED] - Browser is opened with url: ''

2023-12-19 17:32:22 - [TEST_STEP][PASSED] - maximizeWindow(): Current window maximized

2023-12-19 17:32:22 - [MESSAGE][PASSED] - Current window maximized

2023-12-19 17:32:22 - [TEST_STEP][PASSED] - navigateToUrl("https://dev-dash.admetrics.ai/"): Navigate to 'https://dev-dash.admetrics.ai/' successfully

2023-12-19 17:32:23 - [MESSAGE][PASSED] - Navigate to 'https://dev-dash.admetrics.ai/' successfully

2023-12-19 17:32:23 - [TEST_STEP][PASSED] - setText(findTestObject("Object Repository/Page_Project_Title/input_User ID_username"), "admin"): Text 'admin' is set on object 'Object Repository/Page_Project_Title/input_User ID_username'

2023-12-19 17:32:27 - [MESSAGE][PASSED] - Text 'admin' is set on object 'Object Repository/Page_Project_Title/input_User ID_username'

2023-12-19 17:32:27 - [TEST_STEP][PASSED] - setEncryptedText(findTestObject("Object Repository/Page_Project_Title/input_Password_password"), "7Dxoto1EjKfQbGop/Ov+1g=="): Text ****** has been set on object 'Object Repository/Page_Project_Title/input_Password_password'

2023-12-19 17:32:27 - [MESSAGE][PASSED] - Text ****** has been set on object 'Object Repository/Page_Project_Title/input_Password_password'

2023-12-19 17:32:27 - [TEST_STEP][PASSED] - click(findTestObject("Object Repository/Page_Project_Title/button_Login")): Object: 'Object Repository/Page_Project_Title/button_Login' is clicked on

2023-12-19 17:32:28 - [MESSAGE][PASSED] - Object: 'Object Repository/Page_Project_Title/button_Login' is clicked on

2023-12-19 17:32:28 - [MESSAGE][PASSED] - Call Test Case 'Test Cases/Reusable_Functions/Login' successfully

2023-12-19 17:32:28 - [TEST_STEP][PASSED] - verifyElementClickable(findTestObject("Object Repository/Page_Daily_Spends_Monitoring_Report/Page_/li_Spend Monitoring")): Object 'Object Repository/Page_Daily_Spends_Monitoring_Report/Page_/li_Spend Monitoring' is clickable

2023-12-19 17:32:29 - [MESSAGE][PASSED] - Object 'Object Repository/Page_Daily_Spends_Monitoring_Report/Page_/li_Spend Monitoring' is clickable

2023-12-19 17:32:29 - [TEST_STEP][PASSED] - click(findTestObject("Object Repository/Page_Daily_Spends_Monitoring_Report/Page_/li_Spend Monitoring")): Object: 'Object Repository/Page_Daily_Spends_Monitoring_Report/Page_/li_Spend Monitoring' is clicked on

2023-12-19 17:32:31 - [MESSAGE][PASSED] - Object: 'Object Repository/Page_Daily_Spends_Monitoring_Report/Page_/li_Spend Monitoring' is clicked on

2023-12-19 17:32:31 - [TEST_STEP][PASSED] - verifyElementClickable(findTestObject("Object Repository/Page_Daily_Spends_Monitoring_Report/Page_/div_Daily Spends Monitoring Report")): Object 'Object Repository/Page_Daily_Spends_Monitoring_Report/Page_/div_Daily Spends Monitoring Report' is clickable

2023-12-19 17:32:33 - [MESSAGE][PASSED] - Object 'Object Repository/Page_Daily_Spends_Monitoring_Report/Page_/div_Daily Spends Monitoring Report' is clickable

2023-12-19 17:32:33 - [TEST_STEP][PASSED] - click(findTestObject("Object Repository/Page_Daily_Spends_Monitoring_Report/Page_/div_Daily Spends Monitoring Report")): Object: 'Object Repository/Page_Daily_Spends_Monitoring_Report/Page_/div_Daily Spends Monitoring Report' is clicked on

2023-12-19 17:32:34 - [MESSAGE][PASSED] - Object: 'Object Repository/Page_Daily_Spends_Monitoring_Report/Page_/div_Daily Spends Monitoring Report' is clicked on

2023-12-19 17:32:34 - [TEST_STEP][PASSED] - verifyElementClickable(findTestObject("Object Repository/Page_Daily_Spends_Monitoring_Report/Page_/svg_Enter a date range_mat-datepicker-toggl_ef015c")): Object 'Object Repository/Page_Daily_Spends_Monitoring_Report/Page_/svg_Enter a date range_mat-datepicker-toggl_ef015c' is clickable

2023-12-19 17:32:35 - [MESSAGE][PASSED] - Object 'Object Repository/Page_Daily_Spends_Monitoring_Report/Page_/svg_Enter a date range_mat-datepicker-toggl_ef015c' is clickable

2023-12-19 17:32:35 - [TEST_STEP][PASSED] - verifyElementClickable(findTestObject("Object Repository/Page_Daily_Spends_Monitoring_Report/Page_/mat-icon_clear")): Object 'Object Repository/Page_Daily_Spends_Monitoring_Report/Page_/mat-icon_clear' is clickable

2023-12-19 17:32:35 - [MESSAGE][PASSED] - Object 'Object Repository/Page_Daily_Spends_Monitoring_Report/Page_/mat-icon_clear' is clickable

2023-12-19 17:32:35 - [TEST_STEP][PASSED] - click(findTestObject("Object Repository/Page_Daily_Spends_Monitoring_Report/Page_/svg_Enter a date range_mat-datepicker-toggl_ef015c")): Object: 'Object Repository/Page_Daily_Spends_Monitoring_Report/Page_/svg_Enter a date range_mat-datepicker-toggl_ef015c' is clicked on

2023-12-19 17:32:36 - [MESSAGE][PASSED] - Object: 'Object Repository/Page_Daily_Spends_Monitoring_Report/Page_/svg_Enter a date range_mat-datepicker-toggl_ef015c' is clicked on

2023-12-19 17:32:36 - [TEST_STEP][PASSED] - verifyElementClickable(findTestObject("Object Repository/Page_Daily_Spends_Monitoring_Report/Page_/button_DEC 2023_mat-focus-indicator mat-cal_bd9491")): Object 'Object Repository/Page_Daily_Spends_Monitoring_Report/Page_/button_DEC 2023_mat-focus-indicator mat-cal_bd9491' is clickable

2023-12-19 17:32:37 - [MESSAGE][PASSED] - Object 'Object Repository/Page_Daily_Spends_Monitoring_Report/Page_/button_DEC 2023_mat-focus-indicator mat-cal_bd9491' is clickable

2023-12-19 17:32:37 - [TEST_STEP][PASSED] - verifyElementClickable(findTestObject("Object Repository/Page_Daily_Spends_Monitoring_Report/Page_/button_DEC 2023_mat-focus-indicator mat-cal_bd9491")): Object 'Object Repository/Page_Daily_Spends_Monitoring_Report/Page_/button_DEC 2023_mat-focus-indicator mat-cal_bd9491' is clickable

2023-12-19 17:32:37 - [MESSAGE][PASSED] - Object 'Object Repository/Page_Daily_Spends_Monitoring_Report/Page_/button_DEC 2023_mat-focus-indicator mat-cal_bd9491' is clickable

2023-12-19 17:32:37 - [TEST_STEP][PASSED] - click(findTestObject("Object Repository/Page_Daily_Spends_Monitoring_Report/Page_/button_DEC 2023_mat-focus-indicator mat-cal_bd9491")): Object: 'Object Repository/Page_Daily_Spends_Monitoring_Report/Page_/button_DEC 2023_mat-focus-indicator mat-cal_bd9491' is clicked on

2023-12-19 17:32:38 - [MESSAGE][PASSED] - Object: 'Object Repository/Page_Daily_Spends_Monitoring_Report/Page_/button_DEC 2023_mat-focus-indicator mat-cal_bd9491' is clicked on

2023-12-19 17:32:38 - [TEST_STEP][PASSED] - click(findTestObject("Object Repository/Page_Daily_Spends_Monitoring_Report/Page_/button_DEC 2023_mat-focus-indicator mat-cal_bd9491")): Object: 'Object Repository/Page_Daily_Spends_Monitoring_Report/Page_/button_DEC 2023_mat-focus-indicator mat-cal_bd9491' is clicked on

2023-12-19 17:32:39 - [MESSAGE][PASSED] - Object: 'Object Repository/Page_Daily_Spends_Monitoring_Report/Page_/button_DEC 2023_mat-focus-indicator mat-cal_bd9491' is clicked on

2023-12-19 17:32:39 - [TEST_STEP][PASSED] - click(findTestObject("Object Repository/Page_Daily_Spends_Monitoring_Report/Page_/div_1")): Object: 'Object Repository/Page_Daily_Spends_Monitoring_Report/Page_/div_1' is clicked on

2023-12-19 17:32:40 - [MESSAGE][PASSED] - Object: 'Object Repository/Page_Daily_Spends_Monitoring_Report/Page_/div_1' is clicked on

2023-12-19 17:32:40 - [TEST_STEP][PASSED] - click(findTestObject("Object Repository/Page_Daily_Spends_Monitoring_Report/Page_/div_31")): Object: 'Object Repository/Page_Daily_Spends_Monitoring_Report/Page_/div_31' is clicked on

2023-12-19 17:32:40 - [MESSAGE][PASSED] - Object: 'Object Repository/Page_Daily_Spends_Monitoring_Report/Page_/div_31' is clicked on

2023-12-19 17:32:40 - [TEST_STEP][PASSED] - delay(2): Delayed 2 second(s)

2023-12-19 17:32:42 - [MESSAGE][PASSED] - Delayed 2 second(s)

2023-12-19 17:32:42 - [TEST_STEP][PASSED] - closeBrowser(): Browser is closed

2023-12-19 17:32:43 - [MESSAGE][PASSED] - Browser is closed]]></system-out>
         <system-err><![CDATA[]]></system-err>
      </testcase>
      <testcase name="Test Cases/Spend_Monitoring/test_weekly_spend_monitoring_report" time="21.029" classname="Test Cases/Spend_Monitoring/test_weekly_spend_monitoring_report" status="PASSED">
         <system-out><![CDATA[2023-12-19 17:32:43 - [TEST_CASE][PASSED] - Test Cases/Spend_Monitoring/test_weekly_spend_monitoring_report: Test Cases/Spend_Monitoring/test_weekly_spend_monitoring_report

2023-12-19 17:32:44 - [TEST_STEP][PASSED] - callTestCase(findTestCase("Reusable_Functions/Login"), [:], CONTINUE_ON_FAILURE): Call Test Case 'Test Cases/Reusable_Functions/Login' successfully

2023-12-19 17:32:44 - [TEST_CASE][PASSED] - Test Cases/Reusable_Functions/Login: Test Cases/Reusable_Functions/Login

2023-12-19 17:32:44 - [TEST_STEP][PASSED] - openBrowser(""): Browser is opened with url: ''

2023-12-19 17:32:44 - [MESSAGE][INFO] - Starting 'Chrome' driver

2023-12-19 17:32:44 - [MESSAGE][INFO] - Action delay is set to 0 milliseconds

2023-12-19 17:32:45 - [MESSAGE][PASSED] - Browser is opened with url: ''

2023-12-19 17:32:45 - [TEST_STEP][PASSED] - maximizeWindow(): Current window maximized

2023-12-19 17:32:45 - [MESSAGE][PASSED] - Current window maximized

2023-12-19 17:32:45 - [TEST_STEP][PASSED] - navigateToUrl("https://dev-dash.admetrics.ai/"): Navigate to 'https://dev-dash.admetrics.ai/' successfully

2023-12-19 17:32:46 - [MESSAGE][PASSED] - Navigate to 'https://dev-dash.admetrics.ai/' successfully

2023-12-19 17:32:46 - [TEST_STEP][PASSED] - setText(findTestObject("Object Repository/Page_Project_Title/input_User ID_username"), "admin"): Text 'admin' is set on object 'Object Repository/Page_Project_Title/input_User ID_username'

2023-12-19 17:32:50 - [MESSAGE][PASSED] - Text 'admin' is set on object 'Object Repository/Page_Project_Title/input_User ID_username'

2023-12-19 17:32:50 - [TEST_STEP][PASSED] - setEncryptedText(findTestObject("Object Repository/Page_Project_Title/input_Password_password"), "7Dxoto1EjKfQbGop/Ov+1g=="): Text ****** has been set on object 'Object Repository/Page_Project_Title/input_Password_password'

2023-12-19 17:32:51 - [MESSAGE][PASSED] - Text ****** has been set on object 'Object Repository/Page_Project_Title/input_Password_password'

2023-12-19 17:32:51 - [TEST_STEP][PASSED] - click(findTestObject("Object Repository/Page_Project_Title/button_Login")): Object: 'Object Repository/Page_Project_Title/button_Login' is clicked on

2023-12-19 17:32:51 - [MESSAGE][PASSED] - Object: 'Object Repository/Page_Project_Title/button_Login' is clicked on

2023-12-19 17:32:51 - [MESSAGE][PASSED] - Call Test Case 'Test Cases/Reusable_Functions/Login' successfully

2023-12-19 17:32:51 - [TEST_STEP][PASSED] - verifyElementClickable(findTestObject("Object Repository/Page_Weekly_Spend_Monitoring_Report/Page_/li_Spend Monitoring")): Object 'Object Repository/Page_Weekly_Spend_Monitoring_Report/Page_/li_Spend Monitoring' is clickable

2023-12-19 17:32:53 - [MESSAGE][PASSED] - Object 'Object Repository/Page_Weekly_Spend_Monitoring_Report/Page_/li_Spend Monitoring' is clickable

2023-12-19 17:32:53 - [TEST_STEP][PASSED] - click(findTestObject("Object Repository/Page_Weekly_Spend_Monitoring_Report/Page_/li_Spend Monitoring")): Object: 'Object Repository/Page_Weekly_Spend_Monitoring_Report/Page_/li_Spend Monitoring' is clicked on

2023-12-19 17:32:55 - [MESSAGE][PASSED] - Object: 'Object Repository/Page_Weekly_Spend_Monitoring_Report/Page_/li_Spend Monitoring' is clicked on

2023-12-19 17:32:55 - [TEST_STEP][PASSED] - verifyElementClickable(findTestObject("Object Repository/Page_Weekly_Spend_Monitoring_Report/Page_/div_Weekly Spends Monitoring Report")): Object 'Object Repository/Page_Weekly_Spend_Monitoring_Report/Page_/div_Weekly Spends Monitoring Report' is clickable

2023-12-19 17:32:57 - [MESSAGE][PASSED] - Object 'Object Repository/Page_Weekly_Spend_Monitoring_Report/Page_/div_Weekly Spends Monitoring Report' is clickable

2023-12-19 17:32:57 - [TEST_STEP][PASSED] - click(findTestObject("Object Repository/Page_Weekly_Spend_Monitoring_Report/Page_/div_Weekly Spends Monitoring Report")): Object: 'Object Repository/Page_Weekly_Spend_Monitoring_Report/Page_/div_Weekly Spends Monitoring Report' is clicked on

2023-12-19 17:32:57 - [MESSAGE][PASSED] - Object: 'Object Repository/Page_Weekly_Spend_Monitoring_Report/Page_/div_Weekly Spends Monitoring Report' is clicked on

2023-12-19 17:32:57 - [TEST_STEP][PASSED] - verifyElementClickable(findTestObject("Object Repository/Page_Daily_Spends_Monitoring_Report/Page_/svg_Enter a date range_mat-datepicker-toggl_ef015c")): Object 'Object Repository/Page_Daily_Spends_Monitoring_Report/Page_/svg_Enter a date range_mat-datepicker-toggl_ef015c' is clickable

2023-12-19 17:32:58 - [MESSAGE][PASSED] - Object 'Object Repository/Page_Daily_Spends_Monitoring_Report/Page_/svg_Enter a date range_mat-datepicker-toggl_ef015c' is clickable

2023-12-19 17:32:58 - [TEST_STEP][PASSED] - verifyElementClickable(findTestObject("Object Repository/Page_Weekly_Spend_Monitoring_Report/Page_/mat-icon_clear")): Object 'Object Repository/Page_Weekly_Spend_Monitoring_Report/Page_/mat-icon_clear' is clickable

2023-12-19 17:32:59 - [MESSAGE][PASSED] - Object 'Object Repository/Page_Weekly_Spend_Monitoring_Report/Page_/mat-icon_clear' is clickable

2023-12-19 17:32:59 - [TEST_STEP][PASSED] - click(findTestObject("Object Repository/Page_Weekly_Spend_Monitoring_Report/Page_/svg_Enter a date range_mat-datepicker-toggl_ef015c")): Object: 'Object Repository/Page_Weekly_Spend_Monitoring_Report/Page_/svg_Enter a date range_mat-datepicker-toggl_ef015c' is clicked on

2023-12-19 17:32:59 - [MESSAGE][PASSED] - Object: 'Object Repository/Page_Weekly_Spend_Monitoring_Report/Page_/svg_Enter a date range_mat-datepicker-toggl_ef015c' is clicked on

2023-12-19 17:32:59 - [TEST_STEP][PASSED] - verifyElementClickable(findTestObject("Object Repository/Page_Weekly_Spend_Monitoring_Report/Page_/button_NOV 2023_mat-focus-indicator mat-cal_145c8e")): Object 'Object Repository/Page_Weekly_Spend_Monitoring_Report/Page_/button_NOV 2023_mat-focus-indicator mat-cal_145c8e' is clickable

2023-12-19 17:33:00 - [MESSAGE][PASSED] - Object 'Object Repository/Page_Weekly_Spend_Monitoring_Report/Page_/button_NOV 2023_mat-focus-indicator mat-cal_145c8e' is clickable

2023-12-19 17:33:00 - [TEST_STEP][PASSED] - verifyElementClickable(findTestObject("Object Repository/Page_Weekly_Spend_Monitoring_Report/Page_/button_NOV 2023_mat-focus-indicator mat-cal_145c8e")): Object 'Object Repository/Page_Weekly_Spend_Monitoring_Report/Page_/button_NOV 2023_mat-focus-indicator mat-cal_145c8e' is clickable

2023-12-19 17:33:00 - [MESSAGE][PASSED] - Object 'Object Repository/Page_Weekly_Spend_Monitoring_Report/Page_/button_NOV 2023_mat-focus-indicator mat-cal_145c8e' is clickable

2023-12-19 17:33:00 - [TEST_STEP][PASSED] - click(findTestObject("Object Repository/Page_Weekly_Spend_Monitoring_Report/Page_/button_NOV 2023_mat-focus-indicator mat-cal_145c8e")): Object: 'Object Repository/Page_Weekly_Spend_Monitoring_Report/Page_/button_NOV 2023_mat-focus-indicator mat-cal_145c8e' is clicked on

2023-12-19 17:33:01 - [MESSAGE][PASSED] - Object: 'Object Repository/Page_Weekly_Spend_Monitoring_Report/Page_/button_NOV 2023_mat-focus-indicator mat-cal_145c8e' is clicked on

2023-12-19 17:33:01 - [TEST_STEP][PASSED] - click(findTestObject("Object Repository/Page_Weekly_Spend_Monitoring_Report/Page_/button_NOV 2023_mat-focus-indicator mat-cal_145c8e")): Object: 'Object Repository/Page_Weekly_Spend_Monitoring_Report/Page_/button_NOV 2023_mat-focus-indicator mat-cal_145c8e' is clicked on

2023-12-19 17:33:02 - [MESSAGE][PASSED] - Object: 'Object Repository/Page_Weekly_Spend_Monitoring_Report/Page_/button_NOV 2023_mat-focus-indicator mat-cal_145c8e' is clicked on

2023-12-19 17:33:02 - [TEST_STEP][PASSED] - click(findTestObject("Object Repository/Page_Weekly_Spend_Monitoring_Report/Page_/div_1")): Object: 'Object Repository/Page_Weekly_Spend_Monitoring_Report/Page_/div_1' is clicked on

2023-12-19 17:33:03 - [MESSAGE][PASSED] - Object: 'Object Repository/Page_Weekly_Spend_Monitoring_Report/Page_/div_1' is clicked on

2023-12-19 17:33:03 - [TEST_STEP][PASSED] - click(findTestObject("Object Repository/Page_Weekly_Spend_Monitoring_Report/Page_/div_30")): Object: 'Object Repository/Page_Weekly_Spend_Monitoring_Report/Page_/div_30' is clicked on

2023-12-19 17:33:03 - [MESSAGE][PASSED] - Object: 'Object Repository/Page_Weekly_Spend_Monitoring_Report/Page_/div_30' is clicked on

2023-12-19 17:33:03 - [TEST_STEP][PASSED] - closeBrowser(): Browser is closed

2023-12-19 17:33:04 - [MESSAGE][PASSED] - Browser is closed]]></system-out>
         <system-err><![CDATA[]]></system-err>
      </testcase>
      <testcase name="Test Cases/Spend_Monitoring/test_mtd_spend_monitor" time="221.914" classname="Test Cases/Spend_Monitoring/test_mtd_spend_monitor" status="PASSED">
         <system-out><![CDATA[2023-12-19 17:33:04 - [TEST_CASE][PASSED] - Test Cases/Spend_Monitoring/test_mtd_spend_monitor: Test Cases/Spend_Monitoring/test_mtd_spend_monitor

2023-12-19 17:33:05 - [TEST_STEP][PASSED] - callTestCase(findTestCase("Reusable_Functions/Login"), [:], CONTINUE_ON_FAILURE): Call Test Case 'Test Cases/Reusable_Functions/Login' successfully

2023-12-19 17:33:05 - [TEST_CASE][PASSED] - Test Cases/Reusable_Functions/Login: Test Cases/Reusable_Functions/Login

2023-12-19 17:33:05 - [TEST_STEP][PASSED] - openBrowser(""): Browser is opened with url: ''

2023-12-19 17:33:05 - [MESSAGE][INFO] - Starting 'Chrome' driver

2023-12-19 17:33:05 - [MESSAGE][INFO] - Action delay is set to 0 milliseconds

2023-12-19 17:33:06 - [MESSAGE][PASSED] - Browser is opened with url: ''

2023-12-19 17:33:06 - [TEST_STEP][PASSED] - maximizeWindow(): Current window maximized

2023-12-19 17:33:06 - [MESSAGE][PASSED] - Current window maximized

2023-12-19 17:33:06 - [TEST_STEP][PASSED] - navigateToUrl("https://dev-dash.admetrics.ai/"): Navigate to 'https://dev-dash.admetrics.ai/' successfully

2023-12-19 17:33:07 - [MESSAGE][PASSED] - Navigate to 'https://dev-dash.admetrics.ai/' successfully

2023-12-19 17:33:07 - [TEST_STEP][PASSED] - setText(findTestObject("Object Repository/Page_Project_Title/input_User ID_username"), "admin"): Text 'admin' is set on object 'Object Repository/Page_Project_Title/input_User ID_username'

2023-12-19 17:33:11 - [MESSAGE][PASSED] - Text 'admin' is set on object 'Object Repository/Page_Project_Title/input_User ID_username'

2023-12-19 17:33:11 - [TEST_STEP][PASSED] - setEncryptedText(findTestObject("Object Repository/Page_Project_Title/input_Password_password"), "7Dxoto1EjKfQbGop/Ov+1g=="): Text ****** has been set on object 'Object Repository/Page_Project_Title/input_Password_password'

2023-12-19 17:33:11 - [MESSAGE][PASSED] - Text ****** has been set on object 'Object Repository/Page_Project_Title/input_Password_password'

2023-12-19 17:33:11 - [TEST_STEP][PASSED] - click(findTestObject("Object Repository/Page_Project_Title/button_Login")): Object: 'Object Repository/Page_Project_Title/button_Login' is clicked on

2023-12-19 17:33:11 - [MESSAGE][PASSED] - Object: 'Object Repository/Page_Project_Title/button_Login' is clicked on

2023-12-19 17:33:11 - [MESSAGE][PASSED] - Call Test Case 'Test Cases/Reusable_Functions/Login' successfully

2023-12-19 17:33:11 - [TEST_STEP][PASSED] - verifyElementClickable(findTestObject("Object Repository/Page_MTD_Spend_Monitoring/Page_/li_Spend Monitoring")): Object 'Object Repository/Page_MTD_Spend_Monitoring/Page_/li_Spend Monitoring' is clickable

2023-12-19 17:33:14 - [MESSAGE][PASSED] - Object 'Object Repository/Page_MTD_Spend_Monitoring/Page_/li_Spend Monitoring' is clickable

2023-12-19 17:33:14 - [TEST_STEP][PASSED] - click(findTestObject("Object Repository/Page_MTD_Spend_Monitoring/Page_/li_Spend Monitoring")): Object: 'Object Repository/Page_MTD_Spend_Monitoring/Page_/li_Spend Monitoring' is clicked on

2023-12-19 17:33:16 - [MESSAGE][PASSED] - Object: 'Object Repository/Page_MTD_Spend_Monitoring/Page_/li_Spend Monitoring' is clicked on

2023-12-19 17:33:16 - [TEST_STEP][PASSED] - verifyElementClickable(findTestObject("Object Repository/Page_MTD_Spend_Monitoring/Page_/div_MTD Spend Monitoring")): Object 'Object Repository/Page_MTD_Spend_Monitoring/Page_/div_MTD Spend Monitoring' is clickable

2023-12-19 17:33:17 - [MESSAGE][PASSED] - Object 'Object Repository/Page_MTD_Spend_Monitoring/Page_/div_MTD Spend Monitoring' is clickable

2023-12-19 17:33:17 - [TEST_STEP][PASSED] - click(findTestObject("Object Repository/Page_MTD_Spend_Monitoring/Page_/div_MTD Spend Monitoring")): Object: 'Object Repository/Page_MTD_Spend_Monitoring/Page_/div_MTD Spend Monitoring' is clicked on

2023-12-19 17:33:18 - [MESSAGE][PASSED] - Object: 'Object Repository/Page_MTD_Spend_Monitoring/Page_/div_MTD Spend Monitoring' is clicked on

2023-12-19 17:33:18 - [TEST_STEP][PASSED] - verifyElementPresent(findTestObject("Object Repository/Page_MTD_Spend_Monitoring/Page_/h1_56.79"), 0): Object 'Object Repository/Page_MTD_Spend_Monitoring/Page_/h1_56.79' is present

2023-12-19 17:33:18 - [MESSAGE][WARNING] - Timeout '0' is invalid. Using default page load timeout: '30'

2023-12-19 17:33:20 - [MESSAGE][PASSED] - Object 'Object Repository/Page_MTD_Spend_Monitoring/Page_/h1_56.79' is present

2023-12-19 17:33:20 - [TEST_STEP][PASSED] - verifyElementText(findTestObject("Object Repository/Page_MTD_Spend_Monitoring/Page_/div_achievement"), "% achievement"): Actual text and expected text of test object 'Object Repository/Page_MTD_Spend_Monitoring/Page_/div_achievement' are matched.

2023-12-19 17:33:21 - [MESSAGE][PASSED] - Actual text and expected text of test object 'Object Repository/Page_MTD_Spend_Monitoring/Page_/div_achievement' are matched.

2023-12-19 17:33:21 - [TEST_STEP][PASSED] - verifyElementText(findTestObject("Object Repository/Page_MTD_Spend_Monitoring/Page_/p_MTD Spend Prorated"), "MTD Spend Prorated"): Actual text and expected text of test object 'Object Repository/Page_MTD_Spend_Monitoring/Page_/p_MTD Spend Prorated' are matched.

2023-12-19 17:33:21 - [MESSAGE][PASSED] - Actual text and expected text of test object 'Object Repository/Page_MTD_Spend_Monitoring/Page_/p_MTD Spend Prorated' are matched.

2023-12-19 17:33:21 - [TEST_STEP][PASSED] - verifyElementText(findTestObject("Object Repository/Page_MTD_Spend_Monitoring/Page_/div_Items per page"), "Items per page:"): Actual text and expected text of test object 'Object Repository/Page_MTD_Spend_Monitoring/Page_/div_Items per page' are matched.

2023-12-19 17:33:22 - [MESSAGE][PASSED] - Actual text and expected text of test object 'Object Repository/Page_MTD_Spend_Monitoring/Page_/div_Items per page' are matched.

2023-12-19 17:33:22 - [TEST_STEP][PASSED] - verifyElementClickable(findTestObject("Object Repository/Page_MTD_Spend_Monitoring/Page_/div_Items per page_mat-select-arrow-wrapper_b66081")): Object 'Object Repository/Page_MTD_Spend_Monitoring/Page_/div_Items per page_mat-select-arrow-wrapper_b66081' is clickable

2023-12-19 17:33:22 - [MESSAGE][PASSED] - Object 'Object Repository/Page_MTD_Spend_Monitoring/Page_/div_Items per page_mat-select-arrow-wrapper_b66081' is clickable

2023-12-19 17:33:22 - [TEST_STEP][PASSED] - click(findTestObject("Object Repository/Page_MTD_Spend_Monitoring/Page_/div_Items per page_mat-select-arrow-wrapper_b66081")): Object: 'Object Repository/Page_MTD_Spend_Monitoring/Page_/div_Items per page_mat-select-arrow-wrapper_b66081' is clicked on

2023-12-19 17:33:22 - [MESSAGE][PASSED] - Object: 'Object Repository/Page_MTD_Spend_Monitoring/Page_/div_Items per page_mat-select-arrow-wrapper_b66081' is clicked on

2023-12-19 17:33:22 - [TEST_STEP][PASSED] - click(findTestObject("Object Repository/Page_MTD_Spend_Monitoring/Page_/div_20")): Object: 'Object Repository/Page_MTD_Spend_Monitoring/Page_/div_20' is clicked on

2023-12-19 17:33:23 - [MESSAGE][PASSED] - Object: 'Object Repository/Page_MTD_Spend_Monitoring/Page_/div_20' is clicked on

2023-12-19 17:33:23 - [TEST_STEP][PASSED] - click(findTestObject("Object Repository/Page_MTD_Spend_Monitoring/Page_/div_Items per page_mat-select-arrow ng-tns-c110-10")): Object: 'Object Repository/Page_MTD_Spend_Monitoring/Page_/div_Items per page_mat-select-arrow ng-tns-c110-10' is clicked on

2023-12-19 17:33:24 - [MESSAGE][PASSED] - Object: 'Object Repository/Page_MTD_Spend_Monitoring/Page_/div_Items per page_mat-select-arrow ng-tns-c110-10' is clicked on

2023-12-19 17:33:24 - [TEST_STEP][PASSED] - click(findTestObject("Object Repository/Page_MTD_Spend_Monitoring/Page_/div_10")): Object: 'Object Repository/Page_MTD_Spend_Monitoring/Page_/div_10' is clicked on

2023-12-19 17:33:24 - [MESSAGE][PASSED] - Object: 'Object Repository/Page_MTD_Spend_Monitoring/Page_/div_10' is clicked on

2023-12-19 17:33:24 - [TEST_STEP][PASSED] - click(findTestObject("Object Repository/Page_MTD_Spend_Monitoring/Page_/div_Items per page_mat-select-arrow-wrapper_b66081")): Object: 'Object Repository/Page_MTD_Spend_Monitoring/Page_/div_Items per page_mat-select-arrow-wrapper_b66081' is clicked on

2023-12-19 17:33:25 - [MESSAGE][PASSED] - Object: 'Object Repository/Page_MTD_Spend_Monitoring/Page_/div_Items per page_mat-select-arrow-wrapper_b66081' is clicked on

2023-12-19 17:33:25 - [TEST_STEP][PASSED] - click(findTestObject("Object Repository/Page_MTD_Spend_Monitoring/Page_/div_5")): Object: 'Object Repository/Page_MTD_Spend_Monitoring/Page_/div_5' is clicked on

2023-12-19 17:33:25 - [MESSAGE][PASSED] - Object: 'Object Repository/Page_MTD_Spend_Monitoring/Page_/div_5' is clicked on

2023-12-19 17:33:25 - [TEST_STEP][PASSED] - verifyElementClickable(findTestObject("Object Repository/Page_MTD_Spend_Monitoring/Page_/svg_Items per page_mat-paginator-icon")): Object 'Object Repository/Page_MTD_Spend_Monitoring/Page_/svg_Items per page_mat-paginator-icon' is clickable

2023-12-19 17:33:26 - [MESSAGE][PASSED] - Object 'Object Repository/Page_MTD_Spend_Monitoring/Page_/svg_Items per page_mat-paginator-icon' is clickable

2023-12-19 17:33:26 - [TEST_STEP][PASSED] - verifyElementClickable(findTestObject("Object Repository/Page_MTD_Spend_Monitoring/Page_/svg_Items per page_mat-paginator-icon_1")): Object 'Object Repository/Page_MTD_Spend_Monitoring/Page_/svg_Items per page_mat-paginator-icon_1' is clickable

2023-12-19 17:33:26 - [MESSAGE][PASSED] - Object 'Object Repository/Page_MTD_Spend_Monitoring/Page_/svg_Items per page_mat-paginator-icon_1' is clickable

2023-12-19 17:33:26 - [TEST_STEP][PASSED] - click(findTestObject("Object Repository/Page_MTD_Spend_Monitoring/Page_/svg_Items per page_mat-paginator-icon_1_2_3")): Object: 'Object Repository/Page_MTD_Spend_Monitoring/Page_/svg_Items per page_mat-paginator-icon_1_2_3' is clicked on

2023-12-19 17:33:27 - [MESSAGE][PASSED] - Object: 'Object Repository/Page_MTD_Spend_Monitoring/Page_/svg_Items per page_mat-paginator-icon_1_2_3' is clicked on

2023-12-19 17:33:27 - [TEST_STEP][PASSED] - verifyElementText(findTestObject("Object Repository/Page_MTD_Spend_Monitoring/Page_/p_Monthly Spend Vs Target"), "Monthly Spend Vs Target"): Actual text and expected text of test object 'Object Repository/Page_MTD_Spend_Monitoring/Page_/p_Monthly Spend Vs Target' are matched.

2023-12-19 17:33:27 - [MESSAGE][PASSED] - Actual text and expected text of test object 'Object Repository/Page_MTD_Spend_Monitoring/Page_/p_Monthly Spend Vs Target' are matched.

2023-12-19 17:33:27 - [TEST_STEP][PASSED] - verifyElementText(findTestObject("Object Repository/Page_MTD_Spend_Monitoring/Page_/div_Items per page"), "Items per page:"): Actual text and expected text of test object 'Object Repository/Page_MTD_Spend_Monitoring/Page_/div_Items per page' are matched.

2023-12-19 17:33:28 - [MESSAGE][PASSED] - Actual text and expected text of test object 'Object Repository/Page_MTD_Spend_Monitoring/Page_/div_Items per page' are matched.

2023-12-19 17:33:28 - [TEST_STEP][PASSED] - verifyElementClickable(findTestObject("Object Repository/Page_MTD_Spend_Monitoring/Page_/div_Items per page_mat-select-arrow-wrapper_a107c1")): Object 'Object Repository/Page_MTD_Spend_Monitoring/Page_/div_Items per page_mat-select-arrow-wrapper_a107c1' is clickable

2023-12-19 17:33:28 - [MESSAGE][PASSED] - Object 'Object Repository/Page_MTD_Spend_Monitoring/Page_/div_Items per page_mat-select-arrow-wrapper_a107c1' is clickable

2023-12-19 17:33:28 - [TEST_STEP][PASSED] - click(findTestObject("Object Repository/Page_MTD_Spend_Monitoring/Page_/div_Items per page_mat-select-arrow ng-tns-c110-12")): Object: 'Object Repository/Page_MTD_Spend_Monitoring/Page_/div_Items per page_mat-select-arrow ng-tns-c110-12' is clicked on

2023-12-19 17:33:28 - [MESSAGE][PASSED] - Object: 'Object Repository/Page_MTD_Spend_Monitoring/Page_/div_Items per page_mat-select-arrow ng-tns-c110-12' is clicked on

2023-12-19 17:33:28 - [TEST_STEP][PASSED] - click(findTestObject("Object Repository/Page_MTD_Spend_Monitoring/Page_/div_20")): Object: 'Object Repository/Page_MTD_Spend_Monitoring/Page_/div_20' is clicked on

2023-12-19 17:33:59 - [MESSAGE][INFO] - Unable to find the element located by 'By.xpath: //mat-option[@id='mat-option-2']/span'. Please recheck the objects properties to make sure the desired element is located. 

2023-12-19 17:33:59 - [MESSAGE][WARNING] - [SELF-HEALING] Failed to find element with id 'Object Repository/Page_MTD_Spend_Monitoring/Page_/div_20'. Try using Self-healing.

2023-12-19 17:34:00 - [MESSAGE][WARNING] - [SELF-HEALING] The current locator of test object 'Object Repository/Page_MTD_Spend_Monitoring/Page_/div_20' was broken. Propose an alternative one: '(.//*[normalize-space(text()) and normalize-space(.)='Logout'])[1]/following::span[3]'.

2023-12-19 17:34:00 - [MESSAGE][PASSED] - Object: 'Object Repository/Page_MTD_Spend_Monitoring/Page_/div_20' is clicked on

2023-12-19 17:34:00 - [TEST_STEP][PASSED] - click(findTestObject("Object Repository/Page_MTD_Spend_Monitoring/Page_/div_Items per page_mat-select-arrow-wrapper_a107c1")): Object: 'Object Repository/Page_MTD_Spend_Monitoring/Page_/div_Items per page_mat-select-arrow-wrapper_a107c1' is clicked on

2023-12-19 17:34:01 - [MESSAGE][PASSED] - Object: 'Object Repository/Page_MTD_Spend_Monitoring/Page_/div_Items per page_mat-select-arrow-wrapper_a107c1' is clicked on

2023-12-19 17:34:01 - [TEST_STEP][PASSED] - click(findTestObject("Object Repository/Page_MTD_Spend_Monitoring/Page_/div_10")): Object: 'Object Repository/Page_MTD_Spend_Monitoring/Page_/div_10' is clicked on

2023-12-19 17:34:32 - [MESSAGE][INFO] - Unable to find the element located by 'By.xpath: //mat-option[@id='mat-option-1']/span'. Please recheck the objects properties to make sure the desired element is located. 

2023-12-19 17:34:32 - [MESSAGE][WARNING] - [SELF-HEALING] Failed to find element with id 'Object Repository/Page_MTD_Spend_Monitoring/Page_/div_10'. Try using Self-healing.

2023-12-19 17:34:32 - [MESSAGE][WARNING] - [SELF-HEALING] The current locator of test object 'Object Repository/Page_MTD_Spend_Monitoring/Page_/div_10' was broken. Propose an alternative one: '(.//*[normalize-space(text()) and normalize-space(.)='Logout'])[1]/following::span[2]'.

2023-12-19 17:34:32 - [MESSAGE][PASSED] - Object: 'Object Repository/Page_MTD_Spend_Monitoring/Page_/div_10' is clicked on

2023-12-19 17:34:32 - [TEST_STEP][PASSED] - click(findTestObject("Object Repository/Page_MTD_Spend_Monitoring/Page_/div_Items per page_mat-select-arrow ng-tns-c110-12")): Object: 'Object Repository/Page_MTD_Spend_Monitoring/Page_/div_Items per page_mat-select-arrow ng-tns-c110-12' is clicked on

2023-12-19 17:34:33 - [MESSAGE][PASSED] - Object: 'Object Repository/Page_MTD_Spend_Monitoring/Page_/div_Items per page_mat-select-arrow ng-tns-c110-12' is clicked on

2023-12-19 17:34:33 - [TEST_STEP][PASSED] - click(findTestObject("Object Repository/Page_MTD_Spend_Monitoring/Page_/div_5")): Object: 'Object Repository/Page_MTD_Spend_Monitoring/Page_/div_5' is clicked on

2023-12-19 17:35:04 - [MESSAGE][INFO] - Unable to find the element located by 'By.xpath: //mat-option[@id='mat-option-0']/span'. Please recheck the objects properties to make sure the desired element is located. 

2023-12-19 17:35:04 - [MESSAGE][WARNING] - [SELF-HEALING] Failed to find element with id 'Object Repository/Page_MTD_Spend_Monitoring/Page_/div_5'. Try using Self-healing.

2023-12-19 17:35:05 - [MESSAGE][WARNING] - [SELF-HEALING] The current locator of test object 'Object Repository/Page_MTD_Spend_Monitoring/Page_/div_5' was broken. Propose an alternative one: '(.//*[normalize-space(text()) and normalize-space(.)='Logout'])[1]/following::span[1]'.

2023-12-19 17:35:05 - [MESSAGE][PASSED] - Object: 'Object Repository/Page_MTD_Spend_Monitoring/Page_/div_5' is clicked on

2023-12-19 17:35:05 - [TEST_STEP][PASSED] - verifyElementClickable(findTestObject("Object Repository/Page_MTD_Spend_Monitoring/Page_/svg_Items per page_mat-paginator-icon_1_2")): Object 'Object Repository/Page_MTD_Spend_Monitoring/Page_/svg_Items per page_mat-paginator-icon_1_2' is clickable

2023-12-19 17:35:05 - [MESSAGE][PASSED] - Object 'Object Repository/Page_MTD_Spend_Monitoring/Page_/svg_Items per page_mat-paginator-icon_1_2' is clickable

2023-12-19 17:35:05 - [TEST_STEP][PASSED] - verifyElementClickable(findTestObject("Object Repository/Page_MTD_Spend_Monitoring/Page_/svg_Items per page_mat-paginator-icon_1_2_3")): Object 'Object Repository/Page_MTD_Spend_Monitoring/Page_/svg_Items per page_mat-paginator-icon_1_2_3' is clickable

2023-12-19 17:35:06 - [MESSAGE][PASSED] - Object 'Object Repository/Page_MTD_Spend_Monitoring/Page_/svg_Items per page_mat-paginator-icon_1_2_3' is clickable

2023-12-19 17:35:06 - [TEST_STEP][PASSED] - click(findTestObject("Object Repository/Page_MTD_Spend_Monitoring/Page_/svg_Items per page_mat-paginator-icon_1_2_3")): Object: 'Object Repository/Page_MTD_Spend_Monitoring/Page_/svg_Items per page_mat-paginator-icon_1_2_3' is clicked on

2023-12-19 17:35:06 - [MESSAGE][PASSED] - Object: 'Object Repository/Page_MTD_Spend_Monitoring/Page_/svg_Items per page_mat-paginator-icon_1_2_3' is clicked on

2023-12-19 17:35:06 - [TEST_STEP][PASSED] - verifyElementText(findTestObject("Object Repository/Page_MTD_Spend_Monitoring/Page_/p_MTD Spend Vs Target by Channel"), "MTD Spend Vs Target by Channel"): Actual text and expected text of test object 'Object Repository/Page_MTD_Spend_Monitoring/Page_/p_MTD Spend Vs Target by Channel' are matched.

2023-12-19 17:35:07 - [MESSAGE][PASSED] - Actual text and expected text of test object 'Object Repository/Page_MTD_Spend_Monitoring/Page_/p_MTD Spend Vs Target by Channel' are matched.

2023-12-19 17:35:07 - [TEST_STEP][PASSED] - verifyElementText(findTestObject("Object Repository/Page_MTD_Spend_Monitoring/Page_/div_Items per page"), "Items per page:"): Actual text and expected text of test object 'Object Repository/Page_MTD_Spend_Monitoring/Page_/div_Items per page' are matched.

2023-12-19 17:35:07 - [MESSAGE][PASSED] - Actual text and expected text of test object 'Object Repository/Page_MTD_Spend_Monitoring/Page_/div_Items per page' are matched.

2023-12-19 17:35:07 - [TEST_STEP][PASSED] - verifyElementClickable(findTestObject("Object Repository/Page_MTD_Spend_Monitoring/Page_/div_Items per page_mat-select-arrow-wrapper_9322e4")): Object 'Object Repository/Page_MTD_Spend_Monitoring/Page_/div_Items per page_mat-select-arrow-wrapper_9322e4' is clickable

2023-12-19 17:35:07 - [MESSAGE][PASSED] - Object 'Object Repository/Page_MTD_Spend_Monitoring/Page_/div_Items per page_mat-select-arrow-wrapper_9322e4' is clickable

2023-12-19 17:35:07 - [TEST_STEP][PASSED] - click(findTestObject("Object Repository/Page_MTD_Spend_Monitoring/Page_/div_Items per page_mat-select-arrow ng-tns-c110-14")): Object: 'Object Repository/Page_MTD_Spend_Monitoring/Page_/div_Items per page_mat-select-arrow ng-tns-c110-14' is clicked on

2023-12-19 17:35:08 - [MESSAGE][PASSED] - Object: 'Object Repository/Page_MTD_Spend_Monitoring/Page_/div_Items per page_mat-select-arrow ng-tns-c110-14' is clicked on

2023-12-19 17:35:08 - [TEST_STEP][PASSED] - click(findTestObject("Object Repository/Page_MTD_Spend_Monitoring/Page_/div_20")): Object: 'Object Repository/Page_MTD_Spend_Monitoring/Page_/div_20' is clicked on

2023-12-19 17:35:39 - [MESSAGE][INFO] - Unable to find the element located by 'By.xpath: //mat-option[@id='mat-option-2']/span'. Please recheck the objects properties to make sure the desired element is located. 

2023-12-19 17:35:39 - [MESSAGE][WARNING] - [SELF-HEALING] Failed to find element with id 'Object Repository/Page_MTD_Spend_Monitoring/Page_/div_20'. Try using Self-healing.

2023-12-19 17:35:39 - [MESSAGE][WARNING] - [SELF-HEALING] The current locator of test object 'Object Repository/Page_MTD_Spend_Monitoring/Page_/div_20' was broken. Propose an alternative one: '(.//*[normalize-space(text()) and normalize-space(.)='Logout'])[1]/following::span[3]'.

2023-12-19 17:35:39 - [MESSAGE][PASSED] - Object: 'Object Repository/Page_MTD_Spend_Monitoring/Page_/div_20' is clicked on

2023-12-19 17:35:39 - [TEST_STEP][PASSED] - click(findTestObject("Object Repository/Page_MTD_Spend_Monitoring/Page_/div_Items per page_mat-select-arrow-wrapper_9322e4")): Object: 'Object Repository/Page_MTD_Spend_Monitoring/Page_/div_Items per page_mat-select-arrow-wrapper_9322e4' is clicked on

2023-12-19 17:35:40 - [MESSAGE][PASSED] - Object: 'Object Repository/Page_MTD_Spend_Monitoring/Page_/div_Items per page_mat-select-arrow-wrapper_9322e4' is clicked on

2023-12-19 17:35:40 - [TEST_STEP][PASSED] - click(findTestObject("Object Repository/Page_MTD_Spend_Monitoring/Page_/div_10")): Object: 'Object Repository/Page_MTD_Spend_Monitoring/Page_/div_10' is clicked on

2023-12-19 17:36:12 - [MESSAGE][INFO] - Unable to find the element located by 'By.xpath: //mat-option[@id='mat-option-1']/span'. Please recheck the objects properties to make sure the desired element is located. 

2023-12-19 17:36:12 - [MESSAGE][WARNING] - [SELF-HEALING] Failed to find element with id 'Object Repository/Page_MTD_Spend_Monitoring/Page_/div_10'. Try using Self-healing.

2023-12-19 17:36:12 - [MESSAGE][WARNING] - [SELF-HEALING] The current locator of test object 'Object Repository/Page_MTD_Spend_Monitoring/Page_/div_10' was broken. Propose an alternative one: '(.//*[normalize-space(text()) and normalize-space(.)='Logout'])[1]/following::span[2]'.

2023-12-19 17:36:12 - [MESSAGE][PASSED] - Object: 'Object Repository/Page_MTD_Spend_Monitoring/Page_/div_10' is clicked on

2023-12-19 17:36:12 - [TEST_STEP][PASSED] - click(findTestObject("Object Repository/Page_MTD_Spend_Monitoring/Page_/div_Items per page_mat-select-arrow ng-tns-c110-14")): Object: 'Object Repository/Page_MTD_Spend_Monitoring/Page_/div_Items per page_mat-select-arrow ng-tns-c110-14' is clicked on

2023-12-19 17:36:13 - [MESSAGE][PASSED] - Object: 'Object Repository/Page_MTD_Spend_Monitoring/Page_/div_Items per page_mat-select-arrow ng-tns-c110-14' is clicked on

2023-12-19 17:36:13 - [TEST_STEP][PASSED] - click(findTestObject("Object Repository/Page_MTD_Spend_Monitoring/Page_/div_5")): Object: 'Object Repository/Page_MTD_Spend_Monitoring/Page_/div_5' is clicked on

2023-12-19 17:36:44 - [MESSAGE][INFO] - Unable to find the element located by 'By.xpath: //mat-option[@id='mat-option-0']/span'. Please recheck the objects properties to make sure the desired element is located. 

2023-12-19 17:36:44 - [MESSAGE][WARNING] - [SELF-HEALING] Failed to find element with id 'Object Repository/Page_MTD_Spend_Monitoring/Page_/div_5'. Try using Self-healing.

2023-12-19 17:36:44 - [MESSAGE][WARNING] - [SELF-HEALING] The current locator of test object 'Object Repository/Page_MTD_Spend_Monitoring/Page_/div_5' was broken. Propose an alternative one: '(.//*[normalize-space(text()) and normalize-space(.)='Logout'])[1]/following::span[1]'.

2023-12-19 17:36:44 - [MESSAGE][PASSED] - Object: 'Object Repository/Page_MTD_Spend_Monitoring/Page_/div_5' is clicked on

2023-12-19 17:36:44 - [TEST_STEP][PASSED] - verifyElementClickable(findTestObject("Object Repository/Page_MTD_Spend_Monitoring/Page_/svg_Items per page_mat-paginator-icon_1_2_3_4")): Object 'Object Repository/Page_MTD_Spend_Monitoring/Page_/svg_Items per page_mat-paginator-icon_1_2_3_4' is clickable

2023-12-19 17:36:45 - [MESSAGE][PASSED] - Object 'Object Repository/Page_MTD_Spend_Monitoring/Page_/svg_Items per page_mat-paginator-icon_1_2_3_4' is clickable

2023-12-19 17:36:45 - [TEST_STEP][PASSED] - click(findTestObject("Object Repository/Page_MTD_Spend_Monitoring/Page_/svg_Items per page_mat-paginator-icon_1_2_3")): Object: 'Object Repository/Page_MTD_Spend_Monitoring/Page_/svg_Items per page_mat-paginator-icon_1_2_3' is clicked on

2023-12-19 17:36:45 - [MESSAGE][PASSED] - Object: 'Object Repository/Page_MTD_Spend_Monitoring/Page_/svg_Items per page_mat-paginator-icon_1_2_3' is clicked on

2023-12-19 17:36:45 - [TEST_STEP][PASSED] - closeBrowser(): Browser is closed

2023-12-19 17:36:46 - [MESSAGE][PASSED] - Browser is closed]]></system-out>
         <system-err><![CDATA[]]></system-err>
      </testcase>
      <testcase name="Test Cases/Performance_Report/test_weekly_buyer_cac_report" time="28.404" classname="Test Cases/Performance_Report/test_weekly_buyer_cac_report" status="PASSED">
         <system-out><![CDATA[2023-12-19 17:36:46 - [TEST_CASE][PASSED] - Test Cases/Performance_Report/test_weekly_buyer_cac_report: Test Cases/Performance_Report/test_weekly_buyer_cac_report

2023-12-19 17:36:46 - [TEST_STEP][PASSED] - callTestCase(findTestCase("Reusable_Functions/Login"), [:], CONTINUE_ON_FAILURE): Call Test Case 'Test Cases/Reusable_Functions/Login' successfully

2023-12-19 17:36:47 - [TEST_CASE][PASSED] - Test Cases/Reusable_Functions/Login: Test Cases/Reusable_Functions/Login

2023-12-19 17:36:47 - [TEST_STEP][PASSED] - openBrowser(""): Browser is opened with url: ''

2023-12-19 17:36:47 - [MESSAGE][INFO] - Starting 'Chrome' driver

2023-12-19 17:36:47 - [MESSAGE][INFO] - Action delay is set to 0 milliseconds

2023-12-19 17:36:48 - [MESSAGE][PASSED] - Browser is opened with url: ''

2023-12-19 17:36:48 - [TEST_STEP][PASSED] - maximizeWindow(): Current window maximized

2023-12-19 17:36:48 - [MESSAGE][PASSED] - Current window maximized

2023-12-19 17:36:48 - [TEST_STEP][PASSED] - navigateToUrl("https://dev-dash.admetrics.ai/"): Navigate to 'https://dev-dash.admetrics.ai/' successfully

2023-12-19 17:36:48 - [MESSAGE][PASSED] - Navigate to 'https://dev-dash.admetrics.ai/' successfully

2023-12-19 17:36:48 - [TEST_STEP][PASSED] - setText(findTestObject("Object Repository/Page_Project_Title/input_User ID_username"), "admin"): Text 'admin' is set on object 'Object Repository/Page_Project_Title/input_User ID_username'

2023-12-19 17:36:51 - [MESSAGE][PASSED] - Text 'admin' is set on object 'Object Repository/Page_Project_Title/input_User ID_username'

2023-12-19 17:36:51 - [TEST_STEP][PASSED] - setEncryptedText(findTestObject("Object Repository/Page_Project_Title/input_Password_password"), "7Dxoto1EjKfQbGop/Ov+1g=="): Text ****** has been set on object 'Object Repository/Page_Project_Title/input_Password_password'

2023-12-19 17:36:51 - [MESSAGE][PASSED] - Text ****** has been set on object 'Object Repository/Page_Project_Title/input_Password_password'

2023-12-19 17:36:51 - [TEST_STEP][PASSED] - click(findTestObject("Object Repository/Page_Project_Title/button_Login")): Object: 'Object Repository/Page_Project_Title/button_Login' is clicked on

2023-12-19 17:36:52 - [MESSAGE][PASSED] - Object: 'Object Repository/Page_Project_Title/button_Login' is clicked on

2023-12-19 17:36:52 - [MESSAGE][PASSED] - Call Test Case 'Test Cases/Reusable_Functions/Login' successfully

2023-12-19 17:36:52 - [TEST_STEP][PASSED] - verifyElementClickable(findTestObject("Object Repository/Page_Weekly_Buyer_CAC_Report/Page_/li_Performance")): Object 'Object Repository/Page_Weekly_Buyer_CAC_Report/Page_/li_Performance' is clickable

2023-12-19 17:36:55 - [MESSAGE][PASSED] - Object 'Object Repository/Page_Weekly_Buyer_CAC_Report/Page_/li_Performance' is clickable

2023-12-19 17:36:55 - [TEST_STEP][PASSED] - click(findTestObject("Object Repository/Page_Weekly_Buyer_CAC_Report/Page_/li_Performance")): Object: 'Object Repository/Page_Weekly_Buyer_CAC_Report/Page_/li_Performance' is clicked on

2023-12-19 17:36:56 - [MESSAGE][PASSED] - Object: 'Object Repository/Page_Weekly_Buyer_CAC_Report/Page_/li_Performance' is clicked on

2023-12-19 17:36:56 - [TEST_STEP][PASSED] - verifyElementClickable(findTestObject("Object Repository/Page_Weekly_Buyer_CAC_Report/Page_/div_Weekly Buyer CAC Report")): Object 'Object Repository/Page_Weekly_Buyer_CAC_Report/Page_/div_Weekly Buyer CAC Report' is clickable

2023-12-19 17:36:58 - [MESSAGE][PASSED] - Object 'Object Repository/Page_Weekly_Buyer_CAC_Report/Page_/div_Weekly Buyer CAC Report' is clickable

2023-12-19 17:36:58 - [TEST_STEP][PASSED] - click(findTestObject("Object Repository/Page_Weekly_Buyer_CAC_Report/Page_/div_Weekly Buyer CAC Report")): Object: 'Object Repository/Page_Weekly_Buyer_CAC_Report/Page_/div_Weekly Buyer CAC Report' is clicked on

2023-12-19 17:36:58 - [MESSAGE][PASSED] - Object: 'Object Repository/Page_Weekly_Buyer_CAC_Report/Page_/div_Weekly Buyer CAC Report' is clicked on

2023-12-19 17:36:58 - [TEST_STEP][PASSED] - verifyElementClickable(findTestObject("Object Repository/Page_Weekly_Buyer_CAC_Report/Page_/svg_Enter a date range_mat-datepicker-toggl_ef015c")): Object 'Object Repository/Page_Weekly_Buyer_CAC_Report/Page_/svg_Enter a date range_mat-datepicker-toggl_ef015c' is clickable

2023-12-19 17:36:59 - [MESSAGE][PASSED] - Object 'Object Repository/Page_Weekly_Buyer_CAC_Report/Page_/svg_Enter a date range_mat-datepicker-toggl_ef015c' is clickable

2023-12-19 17:36:59 - [TEST_STEP][PASSED] - verifyElementClickable(findTestObject("Object Repository/Page_Weekly_Buyer_CAC_Report/Page_/mat-icon_clear")): Object 'Object Repository/Page_Weekly_Buyer_CAC_Report/Page_/mat-icon_clear' is clickable

2023-12-19 17:37:00 - [MESSAGE][PASSED] - Object 'Object Repository/Page_Weekly_Buyer_CAC_Report/Page_/mat-icon_clear' is clickable

2023-12-19 17:37:00 - [TEST_STEP][PASSED] - click(findTestObject("Object Repository/Page_Weekly_Buyer_CAC_Report/Page_/svg_Enter a date range_mat-datepicker-toggl_ef015c")): Object: 'Object Repository/Page_Weekly_Buyer_CAC_Report/Page_/svg_Enter a date range_mat-datepicker-toggl_ef015c' is clicked on

2023-12-19 17:37:00 - [MESSAGE][PASSED] - Object: 'Object Repository/Page_Weekly_Buyer_CAC_Report/Page_/svg_Enter a date range_mat-datepicker-toggl_ef015c' is clicked on

2023-12-19 17:37:00 - [TEST_STEP][PASSED] - click(findTestObject("Object Repository/Page_Weekly_Buyer_CAC_Report/Page_/button_NOV 2023_mat-focus-indicator mat-cal_145c8e")): Object: 'Object Repository/Page_Weekly_Buyer_CAC_Report/Page_/button_NOV 2023_mat-focus-indicator mat-cal_145c8e' is clicked on

2023-12-19 17:37:01 - [MESSAGE][PASSED] - Object: 'Object Repository/Page_Weekly_Buyer_CAC_Report/Page_/button_NOV 2023_mat-focus-indicator mat-cal_145c8e' is clicked on

2023-12-19 17:37:01 - [TEST_STEP][PASSED] - click(findTestObject("Object Repository/Page_Weekly_Buyer_CAC_Report/Page_/div_1")): Object: 'Object Repository/Page_Weekly_Buyer_CAC_Report/Page_/div_1' is clicked on

2023-12-19 17:37:02 - [MESSAGE][PASSED] - Object: 'Object Repository/Page_Weekly_Buyer_CAC_Report/Page_/div_1' is clicked on

2023-12-19 17:37:02 - [TEST_STEP][PASSED] - click(findTestObject("Object Repository/Page_Weekly_Buyer_CAC_Report/Page_/div_31")): Object: 'Object Repository/Page_Weekly_Buyer_CAC_Report/Page_/div_31' is clicked on

2023-12-19 17:37:03 - [MESSAGE][PASSED] - Object: 'Object Repository/Page_Weekly_Buyer_CAC_Report/Page_/div_31' is clicked on

2023-12-19 17:37:03 - [TEST_STEP][PASSED] - verifyElementText(findTestObject("Object Repository/Page_Weekly_Buyer_CAC_Report/Page_/h2_Buyer CAC"), "Buyer CAC"): Actual text and expected text of test object 'Object Repository/Page_Weekly_Buyer_CAC_Report/Page_/h2_Buyer CAC' are matched.

2023-12-19 17:37:04 - [MESSAGE][PASSED] - Actual text and expected text of test object 'Object Repository/Page_Weekly_Buyer_CAC_Report/Page_/h2_Buyer CAC' are matched.

2023-12-19 17:37:04 - [TEST_STEP][PASSED] - verifyElementText(findTestObject("Object Repository/Page_Weekly_Buyer_CAC_Report/Page_/div_Weeks"), "Weeks"): Actual text and expected text of test object 'Object Repository/Page_Weekly_Buyer_CAC_Report/Page_/div_Weeks' are matched.

2023-12-19 17:37:05 - [MESSAGE][PASSED] - Actual text and expected text of test object 'Object Repository/Page_Weekly_Buyer_CAC_Report/Page_/div_Weeks' are matched.

2023-12-19 17:37:05 - [TEST_STEP][PASSED] - verifyElementClickable(findTestObject("Object Repository/Page_Weekly_Buyer_CAC_Report/Page_/div_Weeks_mat-sort-header-arrow ng-trigger _303ad2")): Object 'Object Repository/Page_Weekly_Buyer_CAC_Report/Page_/div_Weeks_mat-sort-header-arrow ng-trigger _303ad2' is clickable

2023-12-19 17:37:05 - [MESSAGE][PASSED] - Object 'Object Repository/Page_Weekly_Buyer_CAC_Report/Page_/div_Weeks_mat-sort-header-arrow ng-trigger _303ad2' is clickable

2023-12-19 17:37:05 - [TEST_STEP][PASSED] - click(findTestObject("Object Repository/Page_Weekly_Buyer_CAC_Report/Page_/div_Weeks_mat-sort-header-arrow ng-trigger _303ad2")): Object: 'Object Repository/Page_Weekly_Buyer_CAC_Report/Page_/div_Weeks_mat-sort-header-arrow ng-trigger _303ad2' is clicked on

2023-12-19 17:37:06 - [MESSAGE][PASSED] - Object: 'Object Repository/Page_Weekly_Buyer_CAC_Report/Page_/div_Weeks_mat-sort-header-arrow ng-trigger _303ad2' is clicked on

2023-12-19 17:37:06 - [TEST_STEP][PASSED] - verifyElementText(findTestObject("Object Repository/Page_Weekly_Buyer_CAC_Report/Page_/div_Buyer Spend"), "Buyer Spend"): Actual text and expected text of test object 'Object Repository/Page_Weekly_Buyer_CAC_Report/Page_/div_Buyer Spend' are matched.

2023-12-19 17:37:06 - [MESSAGE][PASSED] - Actual text and expected text of test object 'Object Repository/Page_Weekly_Buyer_CAC_Report/Page_/div_Buyer Spend' are matched.

2023-12-19 17:37:06 - [TEST_STEP][PASSED] - verifyElementClickable(findTestObject("Object Repository/Page_Weekly_Buyer_CAC_Report/Page_/div_Buyer Spend_mat-sort-header-stem ng-tns-c99-12_1")): Object 'Object Repository/Page_Weekly_Buyer_CAC_Report/Page_/div_Buyer Spend_mat-sort-header-stem ng-tns-c99-12_1' is clickable

2023-12-19 17:37:06 - [MESSAGE][PASSED] - Object 'Object Repository/Page_Weekly_Buyer_CAC_Report/Page_/div_Buyer Spend_mat-sort-header-stem ng-tns-c99-12_1' is clickable

2023-12-19 17:37:06 - [TEST_STEP][PASSED] - click(findTestObject("Object Repository/Page_Weekly_Buyer_CAC_Report/Page_/div_Buyer Spend_mat-sort-header-stem ng-tns-c99-12")): Object: 'Object Repository/Page_Weekly_Buyer_CAC_Report/Page_/div_Buyer Spend_mat-sort-header-stem ng-tns-c99-12' is clicked on

2023-12-19 17:37:07 - [MESSAGE][PASSED] - Object: 'Object Repository/Page_Weekly_Buyer_CAC_Report/Page_/div_Buyer Spend_mat-sort-header-stem ng-tns-c99-12' is clicked on

2023-12-19 17:37:07 - [TEST_STEP][PASSED] - verifyElementText(findTestObject("Object Repository/Page_Weekly_Buyer_CAC_Report/Page_/div_Number of Project"), "Number of Project"): Actual text and expected text of test object 'Object Repository/Page_Weekly_Buyer_CAC_Report/Page_/div_Number of Project' are matched.

2023-12-19 17:37:07 - [MESSAGE][PASSED] - Actual text and expected text of test object 'Object Repository/Page_Weekly_Buyer_CAC_Report/Page_/div_Number of Project' are matched.

2023-12-19 17:37:07 - [TEST_STEP][PASSED] - verifyElementClickable(findTestObject("Object Repository/Page_Weekly_Buyer_CAC_Report/Page_/div_Number of Project_mat-sort-header-arrow_2710b1")): Object 'Object Repository/Page_Weekly_Buyer_CAC_Report/Page_/div_Number of Project_mat-sort-header-arrow_2710b1' is clickable

2023-12-19 17:37:07 - [MESSAGE][PASSED] - Object 'Object Repository/Page_Weekly_Buyer_CAC_Report/Page_/div_Number of Project_mat-sort-header-arrow_2710b1' is clickable

2023-12-19 17:37:07 - [TEST_STEP][PASSED] - click(findTestObject("Object Repository/Page_Weekly_Buyer_CAC_Report/Page_/div_Number of Project_mat-sort-header-arrow_de0971")): Object: 'Object Repository/Page_Weekly_Buyer_CAC_Report/Page_/div_Number of Project_mat-sort-header-arrow_de0971' is clicked on

2023-12-19 17:37:08 - [MESSAGE][PASSED] - Object: 'Object Repository/Page_Weekly_Buyer_CAC_Report/Page_/div_Number of Project_mat-sort-header-arrow_de0971' is clicked on

2023-12-19 17:37:08 - [TEST_STEP][PASSED] - verifyElementText(findTestObject("Object Repository/Page_Weekly_Buyer_CAC_Report/Page_/div_Buyer CAC"), "Buyer CAC"): Actual text and expected text of test object 'Object Repository/Page_Weekly_Buyer_CAC_Report/Page_/div_Buyer CAC' are matched.

2023-12-19 17:37:08 - [MESSAGE][PASSED] - Actual text and expected text of test object 'Object Repository/Page_Weekly_Buyer_CAC_Report/Page_/div_Buyer CAC' are matched.

2023-12-19 17:37:08 - [TEST_STEP][PASSED] - verifyElementClickable(findTestObject("Object Repository/Page_Weekly_Buyer_CAC_Report/Page_/div_Buyer CAC_mat-sort-header-arrow ng-trig_22d852")): Object 'Object Repository/Page_Weekly_Buyer_CAC_Report/Page_/div_Buyer CAC_mat-sort-header-arrow ng-trig_22d852' is clickable

2023-12-19 17:37:08 - [MESSAGE][PASSED] - Object 'Object Repository/Page_Weekly_Buyer_CAC_Report/Page_/div_Buyer CAC_mat-sort-header-arrow ng-trig_22d852' is clickable

2023-12-19 17:37:08 - [TEST_STEP][PASSED] - click(findTestObject("Object Repository/Page_Weekly_Buyer_CAC_Report/Page_/div_Buyer CAC_mat-sort-header-arrow ng-trig_6f2de1")): Object: 'Object Repository/Page_Weekly_Buyer_CAC_Report/Page_/div_Buyer CAC_mat-sort-header-arrow ng-trig_6f2de1' is clicked on

2023-12-19 17:37:09 - [MESSAGE][PASSED] - Object: 'Object Repository/Page_Weekly_Buyer_CAC_Report/Page_/div_Buyer CAC_mat-sort-header-arrow ng-trig_6f2de1' is clicked on

2023-12-19 17:37:09 - [TEST_STEP][PASSED] - verifyElementText(findTestObject("Object Repository/Page_Weekly_Buyer_CAC_Report/Page_/div_Items per page"), "Items per page:"): Actual text and expected text of test object 'Object Repository/Page_Weekly_Buyer_CAC_Report/Page_/div_Items per page' are matched.

2023-12-19 17:37:09 - [MESSAGE][PASSED] - Actual text and expected text of test object 'Object Repository/Page_Weekly_Buyer_CAC_Report/Page_/div_Items per page' are matched.

2023-12-19 17:37:09 - [TEST_STEP][PASSED] - verifyElementClickable(findTestObject("Object Repository/Page_Weekly_Buyer_CAC_Report/Page_/div_Items per page_mat-select-arrow-wrapper_b66081")): Object 'Object Repository/Page_Weekly_Buyer_CAC_Report/Page_/div_Items per page_mat-select-arrow-wrapper_b66081' is clickable

2023-12-19 17:37:10 - [MESSAGE][PASSED] - Object 'Object Repository/Page_Weekly_Buyer_CAC_Report/Page_/div_Items per page_mat-select-arrow-wrapper_b66081' is clickable

2023-12-19 17:37:10 - [TEST_STEP][PASSED] - click(findTestObject("Object Repository/Page_Weekly_Buyer_CAC_Report/Page_/div_Items per page_mat-select-arrow ng-tns-c110-10")): Object: 'Object Repository/Page_Weekly_Buyer_CAC_Report/Page_/div_Items per page_mat-select-arrow ng-tns-c110-10' is clicked on

2023-12-19 17:37:10 - [MESSAGE][PASSED] - Object: 'Object Repository/Page_Weekly_Buyer_CAC_Report/Page_/div_Items per page_mat-select-arrow ng-tns-c110-10' is clicked on

2023-12-19 17:37:10 - [TEST_STEP][PASSED] - click(findTestObject("Object Repository/Page_Weekly_Buyer_CAC_Report/Page_/span_10")): Object: 'Object Repository/Page_Weekly_Buyer_CAC_Report/Page_/span_10' is clicked on

2023-12-19 17:37:10 - [MESSAGE][PASSED] - Object: 'Object Repository/Page_Weekly_Buyer_CAC_Report/Page_/span_10' is clicked on

2023-12-19 17:37:10 - [TEST_STEP][PASSED] - click(findTestObject("Object Repository/Page_Weekly_Buyer_CAC_Report/Page_/div_Items per page_mat-select-arrow ng-tns-c110-10")): Object: 'Object Repository/Page_Weekly_Buyer_CAC_Report/Page_/div_Items per page_mat-select-arrow ng-tns-c110-10' is clicked on

2023-12-19 17:37:11 - [MESSAGE][PASSED] - Object: 'Object Repository/Page_Weekly_Buyer_CAC_Report/Page_/div_Items per page_mat-select-arrow ng-tns-c110-10' is clicked on

2023-12-19 17:37:11 - [TEST_STEP][PASSED] - click(findTestObject("Object Repository/Page_Weekly_Buyer_CAC_Report/Page_/span_20")): Object: 'Object Repository/Page_Weekly_Buyer_CAC_Report/Page_/span_20' is clicked on

2023-12-19 17:37:12 - [MESSAGE][PASSED] - Object: 'Object Repository/Page_Weekly_Buyer_CAC_Report/Page_/span_20' is clicked on

2023-12-19 17:37:12 - [TEST_STEP][PASSED] - click(findTestObject("Object Repository/Page_Weekly_Buyer_CAC_Report/Page_/div_20")): Object: 'Object Repository/Page_Weekly_Buyer_CAC_Report/Page_/div_20' is clicked on

2023-12-19 17:37:12 - [MESSAGE][PASSED] - Object: 'Object Repository/Page_Weekly_Buyer_CAC_Report/Page_/div_20' is clicked on

2023-12-19 17:37:12 - [TEST_STEP][PASSED] - click(findTestObject("Object Repository/Page_Weekly_Buyer_CAC_Report/Page_/span_30")): Object: 'Object Repository/Page_Weekly_Buyer_CAC_Report/Page_/span_30' is clicked on

2023-12-19 17:37:13 - [MESSAGE][PASSED] - Object: 'Object Repository/Page_Weekly_Buyer_CAC_Report/Page_/span_30' is clicked on

2023-12-19 17:37:13 - [TEST_STEP][PASSED] - verifyElementClickable(findTestObject("Object Repository/Page_Weekly_Buyer_CAC_Report/Page_/svg_Items per page_mat-paginator-icon")): Object 'Object Repository/Page_Weekly_Buyer_CAC_Report/Page_/svg_Items per page_mat-paginator-icon' is clickable

2023-12-19 17:37:13 - [MESSAGE][PASSED] - Object 'Object Repository/Page_Weekly_Buyer_CAC_Report/Page_/svg_Items per page_mat-paginator-icon' is clickable

2023-12-19 17:37:13 - [TEST_STEP][PASSED] - closeBrowser(): Browser is closed

2023-12-19 17:37:14 - [MESSAGE][PASSED] - Browser is closed]]></system-out>
         <system-err><![CDATA[]]></system-err>
      </testcase>
      <testcase name="Test Cases/Performance_Report/test_weekly_seller_cac_report" time="33.748" classname="Test Cases/Performance_Report/test_weekly_seller_cac_report" status="PASSED">
         <system-out><![CDATA[2023-12-19 17:37:15 - [TEST_CASE][PASSED] - Test Cases/Performance_Report/test_weekly_seller_cac_report: Test Cases/Performance_Report/test_weekly_seller_cac_report

2023-12-19 17:37:15 - [TEST_STEP][PASSED] - callTestCase(findTestCase("Reusable_Functions/Login"), [:], CONTINUE_ON_FAILURE): Call Test Case 'Test Cases/Reusable_Functions/Login' successfully

2023-12-19 17:37:15 - [TEST_CASE][PASSED] - Test Cases/Reusable_Functions/Login: Test Cases/Reusable_Functions/Login

2023-12-19 17:37:15 - [TEST_STEP][PASSED] - openBrowser(""): Browser is opened with url: ''

2023-12-19 17:37:15 - [MESSAGE][INFO] - Starting 'Chrome' driver

2023-12-19 17:37:15 - [MESSAGE][INFO] - Action delay is set to 0 milliseconds

2023-12-19 17:37:16 - [MESSAGE][PASSED] - Browser is opened with url: ''

2023-12-19 17:37:16 - [TEST_STEP][PASSED] - maximizeWindow(): Current window maximized

2023-12-19 17:37:17 - [MESSAGE][PASSED] - Current window maximized

2023-12-19 17:37:17 - [TEST_STEP][PASSED] - navigateToUrl("https://dev-dash.admetrics.ai/"): Navigate to 'https://dev-dash.admetrics.ai/' successfully

2023-12-19 17:37:17 - [MESSAGE][PASSED] - Navigate to 'https://dev-dash.admetrics.ai/' successfully

2023-12-19 17:37:17 - [TEST_STEP][PASSED] - setText(findTestObject("Object Repository/Page_Project_Title/input_User ID_username"), "admin"): Text 'admin' is set on object 'Object Repository/Page_Project_Title/input_User ID_username'

2023-12-19 17:37:21 - [MESSAGE][PASSED] - Text 'admin' is set on object 'Object Repository/Page_Project_Title/input_User ID_username'

2023-12-19 17:37:21 - [TEST_STEP][PASSED] - setEncryptedText(findTestObject("Object Repository/Page_Project_Title/input_Password_password"), "7Dxoto1EjKfQbGop/Ov+1g=="): Text ****** has been set on object 'Object Repository/Page_Project_Title/input_Password_password'

2023-12-19 17:37:22 - [MESSAGE][PASSED] - Text ****** has been set on object 'Object Repository/Page_Project_Title/input_Password_password'

2023-12-19 17:37:22 - [TEST_STEP][PASSED] - click(findTestObject("Object Repository/Page_Project_Title/button_Login")): Object: 'Object Repository/Page_Project_Title/button_Login' is clicked on

2023-12-19 17:37:22 - [MESSAGE][PASSED] - Object: 'Object Repository/Page_Project_Title/button_Login' is clicked on

2023-12-19 17:37:22 - [MESSAGE][PASSED] - Call Test Case 'Test Cases/Reusable_Functions/Login' successfully

2023-12-19 17:37:22 - [TEST_STEP][PASSED] - verifyElementClickable(findTestObject("Object Repository/Page_Weekly_Seller_CAC_Report/Page_/li_Performance")): Object 'Object Repository/Page_Weekly_Seller_CAC_Report/Page_/li_Performance' is clickable

2023-12-19 17:37:24 - [MESSAGE][PASSED] - Object 'Object Repository/Page_Weekly_Seller_CAC_Report/Page_/li_Performance' is clickable

2023-12-19 17:37:24 - [TEST_STEP][PASSED] - click(findTestObject("Object Repository/Page_Weekly_Seller_CAC_Report/Page_/li_Performance")): Object: 'Object Repository/Page_Weekly_Seller_CAC_Report/Page_/li_Performance' is clicked on

2023-12-19 17:37:26 - [MESSAGE][PASSED] - Object: 'Object Repository/Page_Weekly_Seller_CAC_Report/Page_/li_Performance' is clicked on

2023-12-19 17:37:26 - [TEST_STEP][PASSED] - verifyElementClickable(findTestObject("Object Repository/Page_Weekly_Seller_CAC_Report/Page_/div_Weekly Seller CAC Report")): Object 'Object Repository/Page_Weekly_Seller_CAC_Report/Page_/div_Weekly Seller CAC Report' is clickable

2023-12-19 17:37:28 - [MESSAGE][PASSED] - Object 'Object Repository/Page_Weekly_Seller_CAC_Report/Page_/div_Weekly Seller CAC Report' is clickable

2023-12-19 17:37:28 - [TEST_STEP][PASSED] - click(findTestObject("Object Repository/Page_Weekly_Seller_CAC_Report/Page_/div_Weekly Seller CAC Report")): Object: 'Object Repository/Page_Weekly_Seller_CAC_Report/Page_/div_Weekly Seller CAC Report' is clicked on

2023-12-19 17:37:28 - [MESSAGE][PASSED] - Object: 'Object Repository/Page_Weekly_Seller_CAC_Report/Page_/div_Weekly Seller CAC Report' is clicked on

2023-12-19 17:37:28 - [TEST_STEP][PASSED] - verifyElementClickable(findTestObject("Object Repository/Page_Weekly_Buyer_CAC_Report/Page_/svg_Enter a date range_mat-datepicker-toggl_ef015c")): Object 'Object Repository/Page_Weekly_Buyer_CAC_Report/Page_/svg_Enter a date range_mat-datepicker-toggl_ef015c' is clickable

2023-12-19 17:37:30 - [MESSAGE][PASSED] - Object 'Object Repository/Page_Weekly_Buyer_CAC_Report/Page_/svg_Enter a date range_mat-datepicker-toggl_ef015c' is clickable

2023-12-19 17:37:30 - [TEST_STEP][PASSED] - verifyElementClickable(findTestObject("Object Repository/Page_Weekly_Seller_CAC_Report/Page_/mat-icon_clear")): Object 'Object Repository/Page_Weekly_Seller_CAC_Report/Page_/mat-icon_clear' is clickable

2023-12-19 17:37:30 - [MESSAGE][PASSED] - Object 'Object Repository/Page_Weekly_Seller_CAC_Report/Page_/mat-icon_clear' is clickable

2023-12-19 17:37:30 - [TEST_STEP][PASSED] - click(findTestObject("Object Repository/Page_Weekly_Seller_CAC_Report/Page_/svg_Enter a date range_mat-datepicker-toggl_ef015c")): Object: 'Object Repository/Page_Weekly_Seller_CAC_Report/Page_/svg_Enter a date range_mat-datepicker-toggl_ef015c' is clicked on

2023-12-19 17:37:31 - [MESSAGE][PASSED] - Object: 'Object Repository/Page_Weekly_Seller_CAC_Report/Page_/svg_Enter a date range_mat-datepicker-toggl_ef015c' is clicked on

2023-12-19 17:37:31 - [TEST_STEP][PASSED] - verifyElementClickable(findTestObject("Object Repository/Page_Weekly_Seller_CAC_Report/Page_/button_NOV 2023_mat-focus-indicator mat-cal_145c8e")): Object 'Object Repository/Page_Weekly_Seller_CAC_Report/Page_/button_NOV 2023_mat-focus-indicator mat-cal_145c8e' is clickable

2023-12-19 17:37:32 - [MESSAGE][PASSED] - Object 'Object Repository/Page_Weekly_Seller_CAC_Report/Page_/button_NOV 2023_mat-focus-indicator mat-cal_145c8e' is clickable

2023-12-19 17:37:32 - [TEST_STEP][PASSED] - verifyElementClickable(findTestObject("Object Repository/Page_Weekly_Seller_CAC_Report/Page_/button_NOV 2023_mat-focus-indicator mat-cal_145c8e")): Object 'Object Repository/Page_Weekly_Seller_CAC_Report/Page_/button_NOV 2023_mat-focus-indicator mat-cal_145c8e' is clickable

2023-12-19 17:37:32 - [MESSAGE][PASSED] - Object 'Object Repository/Page_Weekly_Seller_CAC_Report/Page_/button_NOV 2023_mat-focus-indicator mat-cal_145c8e' is clickable

2023-12-19 17:37:32 - [TEST_STEP][PASSED] - click(findTestObject("Object Repository/Page_Weekly_Seller_CAC_Report/Page_/button_NOV 2023_mat-focus-indicator mat-cal_145c8e")): Object: 'Object Repository/Page_Weekly_Seller_CAC_Report/Page_/button_NOV 2023_mat-focus-indicator mat-cal_145c8e' is clicked on

2023-12-19 17:37:33 - [MESSAGE][PASSED] - Object: 'Object Repository/Page_Weekly_Seller_CAC_Report/Page_/button_NOV 2023_mat-focus-indicator mat-cal_145c8e' is clicked on

2023-12-19 17:37:33 - [TEST_STEP][PASSED] - click(findTestObject("Object Repository/Page_Weekly_Seller_CAC_Report/Page_/button_NOV 2023_mat-focus-indicator mat-cal_145c8e")): Object: 'Object Repository/Page_Weekly_Seller_CAC_Report/Page_/button_NOV 2023_mat-focus-indicator mat-cal_145c8e' is clicked on

2023-12-19 17:37:33 - [MESSAGE][PASSED] - Object: 'Object Repository/Page_Weekly_Seller_CAC_Report/Page_/button_NOV 2023_mat-focus-indicator mat-cal_145c8e' is clicked on

2023-12-19 17:37:33 - [TEST_STEP][PASSED] - click(findTestObject("Object Repository/Page_Weekly_Seller_CAC_Report/Page_/button_NOV 2023_mat-focus-indicator mat-cal_145c8e")): Object: 'Object Repository/Page_Weekly_Seller_CAC_Report/Page_/button_NOV 2023_mat-focus-indicator mat-cal_145c8e' is clicked on

2023-12-19 17:37:34 - [MESSAGE][PASSED] - Object: 'Object Repository/Page_Weekly_Seller_CAC_Report/Page_/button_NOV 2023_mat-focus-indicator mat-cal_145c8e' is clicked on

2023-12-19 17:37:34 - [TEST_STEP][PASSED] - click(findTestObject("Object Repository/Page_Weekly_Seller_CAC_Report/Page_/div_1")): Object: 'Object Repository/Page_Weekly_Seller_CAC_Report/Page_/div_1' is clicked on

2023-12-19 17:37:35 - [MESSAGE][PASSED] - Object: 'Object Repository/Page_Weekly_Seller_CAC_Report/Page_/div_1' is clicked on

2023-12-19 17:37:35 - [TEST_STEP][PASSED] - click(findTestObject("Object Repository/Page_Weekly_Seller_CAC_Report/Page_/div_31")): Object: 'Object Repository/Page_Weekly_Seller_CAC_Report/Page_/div_31' is clicked on

2023-12-19 17:37:36 - [MESSAGE][PASSED] - Object: 'Object Repository/Page_Weekly_Seller_CAC_Report/Page_/div_31' is clicked on

2023-12-19 17:37:36 - [TEST_STEP][PASSED] - verifyElementText(findTestObject("Object Repository/Page_Weekly_Seller_CAC_Report/Page_/h2_Seller CAC"), "Seller CAC"): Actual text and expected text of test object 'Object Repository/Page_Weekly_Seller_CAC_Report/Page_/h2_Seller CAC' are matched.

2023-12-19 17:37:37 - [MESSAGE][PASSED] - Actual text and expected text of test object 'Object Repository/Page_Weekly_Seller_CAC_Report/Page_/h2_Seller CAC' are matched.

2023-12-19 17:37:37 - [TEST_STEP][PASSED] - verifyElementText(findTestObject("Object Repository/Page_Weekly_Seller_CAC_Report/Page_/div_Weeks"), "Weeks"): Actual text and expected text of test object 'Object Repository/Page_Weekly_Seller_CAC_Report/Page_/div_Weeks' are matched.

2023-12-19 17:37:38 - [MESSAGE][PASSED] - Actual text and expected text of test object 'Object Repository/Page_Weekly_Seller_CAC_Report/Page_/div_Weeks' are matched.

2023-12-19 17:37:38 - [TEST_STEP][PASSED] - verifyElementClickable(findTestObject("Object Repository/Page_Weekly_Seller_CAC_Report/Page_/div_Weeks_mat-sort-header-stem ng-tns-c99-19")): Object 'Object Repository/Page_Weekly_Seller_CAC_Report/Page_/div_Weeks_mat-sort-header-stem ng-tns-c99-19' is clickable

2023-12-19 17:37:38 - [MESSAGE][PASSED] - Object 'Object Repository/Page_Weekly_Seller_CAC_Report/Page_/div_Weeks_mat-sort-header-stem ng-tns-c99-19' is clickable

2023-12-19 17:37:38 - [TEST_STEP][PASSED] - click(findTestObject("Object Repository/Page_Weekly_Seller_CAC_Report/Page_/div_Weeks_mat-sort-header-arrow ng-trigger _5f670c")): Object: 'Object Repository/Page_Weekly_Seller_CAC_Report/Page_/div_Weeks_mat-sort-header-arrow ng-trigger _5f670c' is clicked on

2023-12-19 17:37:39 - [MESSAGE][PASSED] - Object: 'Object Repository/Page_Weekly_Seller_CAC_Report/Page_/div_Weeks_mat-sort-header-arrow ng-trigger _5f670c' is clicked on

2023-12-19 17:37:39 - [TEST_STEP][PASSED] - verifyElementText(findTestObject("Object Repository/Page_Weekly_Seller_CAC_Report/Page_/div_Seller Spend"), "Seller Spend"): Actual text and expected text of test object 'Object Repository/Page_Weekly_Seller_CAC_Report/Page_/div_Seller Spend' are matched.

2023-12-19 17:37:39 - [MESSAGE][PASSED] - Actual text and expected text of test object 'Object Repository/Page_Weekly_Seller_CAC_Report/Page_/div_Seller Spend' are matched.

2023-12-19 17:37:39 - [TEST_STEP][PASSED] - verifyElementClickable(findTestObject("Object Repository/Page_Weekly_Seller_CAC_Report/Page_/div_Seller Spend_mat-sort-header-stem ng-tn_acea68")): Object 'Object Repository/Page_Weekly_Seller_CAC_Report/Page_/div_Seller Spend_mat-sort-header-stem ng-tn_acea68' is clickable

2023-12-19 17:37:39 - [MESSAGE][PASSED] - Object 'Object Repository/Page_Weekly_Seller_CAC_Report/Page_/div_Seller Spend_mat-sort-header-stem ng-tn_acea68' is clickable

2023-12-19 17:37:39 - [TEST_STEP][PASSED] - verifyElementText(findTestObject("Object Repository/Page_Weekly_Seller_CAC_Report/Page_/div_Number of Applications"), "Number of Applications"): Actual text and expected text of test object 'Object Repository/Page_Weekly_Seller_CAC_Report/Page_/div_Number of Applications' are matched.

2023-12-19 17:37:40 - [MESSAGE][PASSED] - Actual text and expected text of test object 'Object Repository/Page_Weekly_Seller_CAC_Report/Page_/div_Number of Applications' are matched.

2023-12-19 17:37:40 - [TEST_STEP][PASSED] - verifyElementClickable(findTestObject("Object Repository/Page_Weekly_Seller_CAC_Report/Page_/div_Number of Applications_mat-sort-header-_eaa14e_1")): Object 'Object Repository/Page_Weekly_Seller_CAC_Report/Page_/div_Number of Applications_mat-sort-header-_eaa14e_1' is clickable

2023-12-19 17:37:40 - [MESSAGE][PASSED] - Object 'Object Repository/Page_Weekly_Seller_CAC_Report/Page_/div_Number of Applications_mat-sort-header-_eaa14e_1' is clickable

2023-12-19 17:37:40 - [TEST_STEP][PASSED] - click(findTestObject("Object Repository/Page_Weekly_Seller_CAC_Report/Page_/div_Number of Applications_mat-sort-header-_eaa14e")): Object: 'Object Repository/Page_Weekly_Seller_CAC_Report/Page_/div_Number of Applications_mat-sort-header-_eaa14e' is clicked on

2023-12-19 17:37:40 - [MESSAGE][PASSED] - Object: 'Object Repository/Page_Weekly_Seller_CAC_Report/Page_/div_Number of Applications_mat-sort-header-_eaa14e' is clicked on

2023-12-19 17:37:40 - [TEST_STEP][PASSED] - verifyElementText(findTestObject("Object Repository/Page_Weekly_Seller_CAC_Report/Page_/div_Seller CAC"), "Seller CAC"): Actual text and expected text of test object 'Object Repository/Page_Weekly_Seller_CAC_Report/Page_/div_Seller CAC' are matched.

2023-12-19 17:37:41 - [MESSAGE][PASSED] - Actual text and expected text of test object 'Object Repository/Page_Weekly_Seller_CAC_Report/Page_/div_Seller CAC' are matched.

2023-12-19 17:37:41 - [TEST_STEP][PASSED] - verifyElementClickable(findTestObject("Object Repository/Page_Weekly_Seller_CAC_Report/Page_/div_Seller CAC_mat-sort-header-arrow ng-tri_917ba4")): Object 'Object Repository/Page_Weekly_Seller_CAC_Report/Page_/div_Seller CAC_mat-sort-header-arrow ng-tri_917ba4' is clickable

2023-12-19 17:37:41 - [MESSAGE][PASSED] - Object 'Object Repository/Page_Weekly_Seller_CAC_Report/Page_/div_Seller CAC_mat-sort-header-arrow ng-tri_917ba4' is clickable

2023-12-19 17:37:41 - [TEST_STEP][PASSED] - click(findTestObject("Object Repository/Page_Weekly_Seller_CAC_Report/Page_/div_Seller CAC_mat-sort-header-stem ng-tns-c99-22")): Object: 'Object Repository/Page_Weekly_Seller_CAC_Report/Page_/div_Seller CAC_mat-sort-header-stem ng-tns-c99-22' is clicked on

2023-12-19 17:37:42 - [MESSAGE][PASSED] - Object: 'Object Repository/Page_Weekly_Seller_CAC_Report/Page_/div_Seller CAC_mat-sort-header-stem ng-tns-c99-22' is clicked on

2023-12-19 17:37:42 - [TEST_STEP][PASSED] - verifyElementText(findTestObject("Object Repository/Page_Weekly_Seller_CAC_Report/Page_/div_Items per page"), "Items per page:"): Actual text and expected text of test object 'Object Repository/Page_Weekly_Seller_CAC_Report/Page_/div_Items per page' are matched.

2023-12-19 17:37:43 - [MESSAGE][PASSED] - Actual text and expected text of test object 'Object Repository/Page_Weekly_Seller_CAC_Report/Page_/div_Items per page' are matched.

2023-12-19 17:37:43 - [TEST_STEP][PASSED] - verifyElementClickable(findTestObject("Object Repository/Page_Weekly_Seller_CAC_Report/Page_/div_Items per page_mat-select-arrow-wrapper_f05958")): Object 'Object Repository/Page_Weekly_Seller_CAC_Report/Page_/div_Items per page_mat-select-arrow-wrapper_f05958' is clickable

2023-12-19 17:37:43 - [MESSAGE][PASSED] - Object 'Object Repository/Page_Weekly_Seller_CAC_Report/Page_/div_Items per page_mat-select-arrow-wrapper_f05958' is clickable

2023-12-19 17:37:43 - [TEST_STEP][PASSED] - click(findTestObject("Object Repository/Page_Weekly_Seller_CAC_Report/Page_/div_Items per page_mat-select-arrow ng-tns-c110-18")): Object: 'Object Repository/Page_Weekly_Seller_CAC_Report/Page_/div_Items per page_mat-select-arrow ng-tns-c110-18' is clicked on

2023-12-19 17:37:43 - [MESSAGE][PASSED] - Object: 'Object Repository/Page_Weekly_Seller_CAC_Report/Page_/div_Items per page_mat-select-arrow ng-tns-c110-18' is clicked on

2023-12-19 17:37:43 - [TEST_STEP][PASSED] - click(findTestObject("Object Repository/Page_Weekly_Seller_CAC_Report/Page_/span_10")): Object: 'Object Repository/Page_Weekly_Seller_CAC_Report/Page_/span_10' is clicked on

2023-12-19 17:37:44 - [MESSAGE][PASSED] - Object: 'Object Repository/Page_Weekly_Seller_CAC_Report/Page_/span_10' is clicked on

2023-12-19 17:37:44 - [TEST_STEP][PASSED] - click(findTestObject("Object Repository/Page_Weekly_Seller_CAC_Report/Page_/div_Items per page_mat-select-arrow-wrapper_f05958")): Object: 'Object Repository/Page_Weekly_Seller_CAC_Report/Page_/div_Items per page_mat-select-arrow-wrapper_f05958' is clicked on

2023-12-19 17:37:45 - [MESSAGE][PASSED] - Object: 'Object Repository/Page_Weekly_Seller_CAC_Report/Page_/div_Items per page_mat-select-arrow-wrapper_f05958' is clicked on

2023-12-19 17:37:45 - [TEST_STEP][PASSED] - click(findTestObject("Object Repository/Page_Weekly_Seller_CAC_Report/Page_/span_20")): Object: 'Object Repository/Page_Weekly_Seller_CAC_Report/Page_/span_20' is clicked on

2023-12-19 17:37:45 - [MESSAGE][PASSED] - Object: 'Object Repository/Page_Weekly_Seller_CAC_Report/Page_/span_20' is clicked on

2023-12-19 17:37:45 - [TEST_STEP][PASSED] - click(findTestObject("Object Repository/Page_Weekly_Seller_CAC_Report/Page_/div_Items per page_mat-select-arrow ng-tns-c110-18")): Object: 'Object Repository/Page_Weekly_Seller_CAC_Report/Page_/div_Items per page_mat-select-arrow ng-tns-c110-18' is clicked on

2023-12-19 17:37:46 - [MESSAGE][PASSED] - Object: 'Object Repository/Page_Weekly_Seller_CAC_Report/Page_/div_Items per page_mat-select-arrow ng-tns-c110-18' is clicked on

2023-12-19 17:37:46 - [TEST_STEP][PASSED] - click(findTestObject("Object Repository/Page_Weekly_Seller_CAC_Report/Page_/span_30")): Object: 'Object Repository/Page_Weekly_Seller_CAC_Report/Page_/span_30' is clicked on

2023-12-19 17:37:46 - [MESSAGE][PASSED] - Object: 'Object Repository/Page_Weekly_Seller_CAC_Report/Page_/span_30' is clicked on

2023-12-19 17:37:46 - [TEST_STEP][PASSED] - verifyElementClickable(findTestObject("Object Repository/Page_Weekly_Seller_CAC_Report/Page_/svg_Items per page_mat-paginator-icon")): Object 'Object Repository/Page_Weekly_Seller_CAC_Report/Page_/svg_Items per page_mat-paginator-icon' is clickable

2023-12-19 17:37:47 - [MESSAGE][PASSED] - Object 'Object Repository/Page_Weekly_Seller_CAC_Report/Page_/svg_Items per page_mat-paginator-icon' is clickable

2023-12-19 17:37:47 - [TEST_STEP][PASSED] - verifyElementClickable(findTestObject("Object Repository/Page_Weekly_Seller_CAC_Report/Page_/svg_Items per page_mat-paginator-icon_1")): Object 'Object Repository/Page_Weekly_Seller_CAC_Report/Page_/svg_Items per page_mat-paginator-icon_1' is clickable

2023-12-19 17:37:47 - [MESSAGE][PASSED] - Object 'Object Repository/Page_Weekly_Seller_CAC_Report/Page_/svg_Items per page_mat-paginator-icon_1' is clickable

2023-12-19 17:37:47 - [TEST_STEP][PASSED] - closeBrowser(): Browser is closed

2023-12-19 17:37:48 - [MESSAGE][PASSED] - Browser is closed]]></system-out>
         <system-err><![CDATA[]]></system-err>
      </testcase>
      <testcase name="Test Cases/Campaign/test_camaign_cac_report" time="46.64" classname="Test Cases/Campaign/test_camaign_cac_report" status="PASSED">
         <system-out><![CDATA[2023-12-19 17:37:48 - [TEST_CASE][PASSED] - Test Cases/Campaign/test_camaign_cac_report: Test Cases/Campaign/test_camaign_cac_report

2023-12-19 17:37:49 - [TEST_STEP][PASSED] - callTestCase(findTestCase("Reusable_Functions/Login"), [:], CONTINUE_ON_FAILURE): Call Test Case 'Test Cases/Reusable_Functions/Login' successfully

2023-12-19 17:37:49 - [TEST_CASE][PASSED] - Test Cases/Reusable_Functions/Login: Test Cases/Reusable_Functions/Login

2023-12-19 17:37:49 - [TEST_STEP][PASSED] - openBrowser(""): Browser is opened with url: ''

2023-12-19 17:37:49 - [MESSAGE][INFO] - Starting 'Chrome' driver

2023-12-19 17:37:49 - [MESSAGE][INFO] - Action delay is set to 0 milliseconds

2023-12-19 17:37:50 - [MESSAGE][PASSED] - Browser is opened with url: ''

2023-12-19 17:37:50 - [TEST_STEP][PASSED] - maximizeWindow(): Current window maximized

2023-12-19 17:37:50 - [MESSAGE][PASSED] - Current window maximized

2023-12-19 17:37:50 - [TEST_STEP][PASSED] - navigateToUrl("https://dev-dash.admetrics.ai/"): Navigate to 'https://dev-dash.admetrics.ai/' successfully

2023-12-19 17:37:51 - [MESSAGE][PASSED] - Navigate to 'https://dev-dash.admetrics.ai/' successfully

2023-12-19 17:37:51 - [TEST_STEP][PASSED] - setText(findTestObject("Object Repository/Page_Project_Title/input_User ID_username"), "admin"): Text 'admin' is set on object 'Object Repository/Page_Project_Title/input_User ID_username'

2023-12-19 17:37:55 - [MESSAGE][PASSED] - Text 'admin' is set on object 'Object Repository/Page_Project_Title/input_User ID_username'

2023-12-19 17:37:55 - [TEST_STEP][PASSED] - setEncryptedText(findTestObject("Object Repository/Page_Project_Title/input_Password_password"), "7Dxoto1EjKfQbGop/Ov+1g=="): Text ****** has been set on object 'Object Repository/Page_Project_Title/input_Password_password'

2023-12-19 17:37:55 - [MESSAGE][PASSED] - Text ****** has been set on object 'Object Repository/Page_Project_Title/input_Password_password'

2023-12-19 17:37:55 - [TEST_STEP][PASSED] - click(findTestObject("Object Repository/Page_Project_Title/button_Login")): Object: 'Object Repository/Page_Project_Title/button_Login' is clicked on

2023-12-19 17:37:55 - [MESSAGE][PASSED] - Object: 'Object Repository/Page_Project_Title/button_Login' is clicked on

2023-12-19 17:37:55 - [MESSAGE][PASSED] - Call Test Case 'Test Cases/Reusable_Functions/Login' successfully

2023-12-19 17:37:55 - [TEST_STEP][PASSED] - verifyElementClickable(findTestObject("Object Repository/Page_Campaign_CAC_Report1/Page_/img_Performance_menuIcon")): Object 'Object Repository/Page_Campaign_CAC_Report1/Page_/img_Performance_menuIcon' is clickable

2023-12-19 17:37:57 - [MESSAGE][PASSED] - Object 'Object Repository/Page_Campaign_CAC_Report1/Page_/img_Performance_menuIcon' is clickable

2023-12-19 17:37:57 - [TEST_STEP][PASSED] - click(findTestObject("Object Repository/Page_Campaign_CAC_Report1/Page_/li_Campaign")): Object: 'Object Repository/Page_Campaign_CAC_Report1/Page_/li_Campaign' is clicked on

2023-12-19 17:37:59 - [MESSAGE][PASSED] - Object: 'Object Repository/Page_Campaign_CAC_Report1/Page_/li_Campaign' is clicked on

2023-12-19 17:37:59 - [TEST_STEP][PASSED] - verifyElementClickable(findTestObject("Object Repository/Page_Campaign_CAC_Report1/Page_/div_Campaign CAC")): Object 'Object Repository/Page_Campaign_CAC_Report1/Page_/div_Campaign CAC' is clickable

2023-12-19 17:38:02 - [MESSAGE][PASSED] - Object 'Object Repository/Page_Campaign_CAC_Report1/Page_/div_Campaign CAC' is clickable

2023-12-19 17:38:02 - [TEST_STEP][PASSED] - click(findTestObject("Object Repository/Page_Campaign_CAC_Report1/Page_/div_Campaign CAC")): Object: 'Object Repository/Page_Campaign_CAC_Report1/Page_/div_Campaign CAC' is clicked on

2023-12-19 17:38:02 - [MESSAGE][PASSED] - Object: 'Object Repository/Page_Campaign_CAC_Report1/Page_/div_Campaign CAC' is clicked on

2023-12-19 17:38:02 - [TEST_STEP][PASSED] - verifyElementClickable(findTestObject("Object Repository/Page_Campaign_CAC_Report1/Page_/svg_Enter a date range_mat-datepicker-toggl_ef015c")): Object 'Object Repository/Page_Campaign_CAC_Report1/Page_/svg_Enter a date range_mat-datepicker-toggl_ef015c' is clickable

2023-12-19 17:38:03 - [MESSAGE][PASSED] - Object 'Object Repository/Page_Campaign_CAC_Report1/Page_/svg_Enter a date range_mat-datepicker-toggl_ef015c' is clickable

2023-12-19 17:38:03 - [TEST_STEP][PASSED] - verifyElementClickable(findTestObject("Object Repository/Page_Campaign_CAC_Report1/Page_/mat-icon_clear")): Object 'Object Repository/Page_Campaign_CAC_Report1/Page_/mat-icon_clear' is clickable

2023-12-19 17:38:04 - [MESSAGE][PASSED] - Object 'Object Repository/Page_Campaign_CAC_Report1/Page_/mat-icon_clear' is clickable

2023-12-19 17:38:04 - [TEST_STEP][PASSED] - click(findTestObject("Object Repository/Page_Campaign_CAC_Report1/Page_/svg_Enter a date range_mat-datepicker-toggl_ef015c")): Object: 'Object Repository/Page_Campaign_CAC_Report1/Page_/svg_Enter a date range_mat-datepicker-toggl_ef015c' is clicked on

2023-12-19 17:38:04 - [MESSAGE][PASSED] - Object: 'Object Repository/Page_Campaign_CAC_Report1/Page_/svg_Enter a date range_mat-datepicker-toggl_ef015c' is clicked on

2023-12-19 17:38:04 - [TEST_STEP][PASSED] - verifyElementClickable(findTestObject("Object Repository/Page_Campaign_CAC_Report1/Page_/button_DEC 2023_mat-focus-indicator mat-cal_bd9491")): Object 'Object Repository/Page_Campaign_CAC_Report1/Page_/button_DEC 2023_mat-focus-indicator mat-cal_bd9491' is clickable

2023-12-19 17:38:05 - [MESSAGE][PASSED] - Object 'Object Repository/Page_Campaign_CAC_Report1/Page_/button_DEC 2023_mat-focus-indicator mat-cal_bd9491' is clickable

2023-12-19 17:38:05 - [TEST_STEP][PASSED] - verifyElementClickable(findTestObject("Object Repository/Page_Campaign_CAC_Report1/Page_/button_DEC 2023_mat-focus-indicator mat-cal_bd9491")): Object 'Object Repository/Page_Campaign_CAC_Report1/Page_/button_DEC 2023_mat-focus-indicator mat-cal_bd9491' is clickable

2023-12-19 17:38:06 - [MESSAGE][PASSED] - Object 'Object Repository/Page_Campaign_CAC_Report1/Page_/button_DEC 2023_mat-focus-indicator mat-cal_bd9491' is clickable

2023-12-19 17:38:06 - [TEST_STEP][PASSED] - click(findTestObject("Object Repository/Page_Campaign_CAC_Report1/Page_/button_DEC 2023_mat-focus-indicator mat-cal_bd9491")): Object: 'Object Repository/Page_Campaign_CAC_Report1/Page_/button_DEC 2023_mat-focus-indicator mat-cal_bd9491' is clicked on

2023-12-19 17:38:06 - [MESSAGE][PASSED] - Object: 'Object Repository/Page_Campaign_CAC_Report1/Page_/button_DEC 2023_mat-focus-indicator mat-cal_bd9491' is clicked on

2023-12-19 17:38:06 - [TEST_STEP][PASSED] - click(findTestObject("Object Repository/Page_Campaign_CAC_Report1/Page_/button_DEC 2023_mat-focus-indicator mat-cal_bd9491")): Object: 'Object Repository/Page_Campaign_CAC_Report1/Page_/button_DEC 2023_mat-focus-indicator mat-cal_bd9491' is clicked on

2023-12-19 17:38:07 - [MESSAGE][PASSED] - Object: 'Object Repository/Page_Campaign_CAC_Report1/Page_/button_DEC 2023_mat-focus-indicator mat-cal_bd9491' is clicked on

2023-12-19 17:38:07 - [TEST_STEP][PASSED] - click(findTestObject("Object Repository/Page_Campaign_CAC_Report1/Page_/button_DEC 2023_mat-focus-indicator mat-cal_bd9491")): Object: 'Object Repository/Page_Campaign_CAC_Report1/Page_/button_DEC 2023_mat-focus-indicator mat-cal_bd9491' is clicked on

2023-12-19 17:38:08 - [MESSAGE][PASSED] - Object: 'Object Repository/Page_Campaign_CAC_Report1/Page_/button_DEC 2023_mat-focus-indicator mat-cal_bd9491' is clicked on

2023-12-19 17:38:08 - [TEST_STEP][PASSED] - click(findTestObject("Object Repository/Page_Campaign_CAC_Report1/Page_/button_DEC 2023_mat-focus-indicator mat-cal_bd9491")): Object: 'Object Repository/Page_Campaign_CAC_Report1/Page_/button_DEC 2023_mat-focus-indicator mat-cal_bd9491' is clicked on

2023-12-19 17:38:09 - [MESSAGE][PASSED] - Object: 'Object Repository/Page_Campaign_CAC_Report1/Page_/button_DEC 2023_mat-focus-indicator mat-cal_bd9491' is clicked on

2023-12-19 17:38:09 - [TEST_STEP][PASSED] - click(findTestObject("Object Repository/Page_Campaign_CAC_Report1/Page_/button_DEC 2023_mat-focus-indicator mat-cal_bd9491")): Object: 'Object Repository/Page_Campaign_CAC_Report1/Page_/button_DEC 2023_mat-focus-indicator mat-cal_bd9491' is clicked on

2023-12-19 17:38:10 - [MESSAGE][PASSED] - Object: 'Object Repository/Page_Campaign_CAC_Report1/Page_/button_DEC 2023_mat-focus-indicator mat-cal_bd9491' is clicked on

2023-12-19 17:38:10 - [TEST_STEP][PASSED] - click(findTestObject("Object Repository/Page_Campaign_CAC_Report1/Page_/div_1")): Object: 'Object Repository/Page_Campaign_CAC_Report1/Page_/div_1' is clicked on

2023-12-19 17:38:11 - [MESSAGE][PASSED] - Object: 'Object Repository/Page_Campaign_CAC_Report1/Page_/div_1' is clicked on

2023-12-19 17:38:11 - [TEST_STEP][PASSED] - click(findTestObject("Object Repository/Page_Campaign_CAC_Report1/Page_/div_31")): Object: 'Object Repository/Page_Campaign_CAC_Report1/Page_/div_31' is clicked on

2023-12-19 17:38:11 - [MESSAGE][PASSED] - Object: 'Object Repository/Page_Campaign_CAC_Report1/Page_/div_31' is clicked on

2023-12-19 17:38:11 - [TEST_STEP][PASSED] - verifyElementText(findTestObject("Object Repository/Page_Campaign_CAC_Report1/Page_/div_Select Channel"), "Select Channel"): Actual text and expected text of test object 'Object Repository/Page_Campaign_CAC_Report1/Page_/div_Select Channel' are matched.

2023-12-19 17:38:13 - [MESSAGE][PASSED] - Actual text and expected text of test object 'Object Repository/Page_Campaign_CAC_Report1/Page_/div_Select Channel' are matched.

2023-12-19 17:38:13 - [TEST_STEP][PASSED] - verifyElementClickable(findTestObject("Object Repository/Page_Campaign_CAC_Report1/Page_/span_Google Ads_ng-arrow-wrapper")): Object 'Object Repository/Page_Campaign_CAC_Report1/Page_/span_Google Ads_ng-arrow-wrapper' is clickable

2023-12-19 17:38:13 - [MESSAGE][PASSED] - Object 'Object Repository/Page_Campaign_CAC_Report1/Page_/span_Google Ads_ng-arrow-wrapper' is clickable

2023-12-19 17:38:13 - [TEST_STEP][PASSED] - click(findTestObject("Object Repository/Page_Campaign_CAC_Report1/Page_/span_Google Ads_ng-arrow-wrapper")): Object: 'Object Repository/Page_Campaign_CAC_Report1/Page_/span_Google Ads_ng-arrow-wrapper' is clicked on

2023-12-19 17:38:14 - [MESSAGE][PASSED] - Object: 'Object Repository/Page_Campaign_CAC_Report1/Page_/span_Google Ads_ng-arrow-wrapper' is clicked on

2023-12-19 17:38:14 - [TEST_STEP][PASSED] - click(findTestObject("Object Repository/Page_Campaign_CAC_Report1/Page_/span_Google Ads_ng-arrow-wrapper")): Object: 'Object Repository/Page_Campaign_CAC_Report1/Page_/span_Google Ads_ng-arrow-wrapper' is clicked on

2023-12-19 17:38:14 - [MESSAGE][PASSED] - Object: 'Object Repository/Page_Campaign_CAC_Report1/Page_/span_Google Ads_ng-arrow-wrapper' is clicked on

2023-12-19 17:38:14 - [TEST_STEP][PASSED] - verifyElementText(findTestObject("Object Repository/Page_Campaign_CAC_Report1/Page_/div_Select Businessline"), "Select Businessline"): Actual text and expected text of test object 'Object Repository/Page_Campaign_CAC_Report1/Page_/div_Select Businessline' are matched.

2023-12-19 17:38:14 - [MESSAGE][PASSED] - Actual text and expected text of test object 'Object Repository/Page_Campaign_CAC_Report1/Page_/div_Select Businessline' are matched.

2023-12-19 17:38:14 - [TEST_STEP][PASSED] - verifyElementClickable(findTestObject("Object Repository/Page_Campaign_CAC_Report1/Page_/span_Buyer_ng-arrow-wrapper")): Object 'Object Repository/Page_Campaign_CAC_Report1/Page_/span_Buyer_ng-arrow-wrapper' is clickable

2023-12-19 17:38:15 - [MESSAGE][PASSED] - Object 'Object Repository/Page_Campaign_CAC_Report1/Page_/span_Buyer_ng-arrow-wrapper' is clickable

2023-12-19 17:38:15 - [TEST_STEP][PASSED] - click(findTestObject("Object Repository/Page_Campaign_CAC_Report1/Page_/span_Buyer_ng-arrow-wrapper")): Object: 'Object Repository/Page_Campaign_CAC_Report1/Page_/span_Buyer_ng-arrow-wrapper' is clicked on

2023-12-19 17:38:15 - [MESSAGE][PASSED] - Object: 'Object Repository/Page_Campaign_CAC_Report1/Page_/span_Buyer_ng-arrow-wrapper' is clicked on

2023-12-19 17:38:15 - [TEST_STEP][PASSED] - click(findTestObject("Object Repository/Page_Campaign_CAC_Report1/Page_/span_Buyer_ng-arrow-wrapper")): Object: 'Object Repository/Page_Campaign_CAC_Report1/Page_/span_Buyer_ng-arrow-wrapper' is clicked on

2023-12-19 17:38:16 - [MESSAGE][PASSED] - Object: 'Object Repository/Page_Campaign_CAC_Report1/Page_/span_Buyer_ng-arrow-wrapper' is clicked on

2023-12-19 17:38:16 - [TEST_STEP][PASSED] - verifyElementText(findTestObject("Object Repository/Page_Campaign_CAC_Report1/Page_/div_Select Campaign Status"), "Select Campaign Status"): Actual text and expected text of test object 'Object Repository/Page_Campaign_CAC_Report1/Page_/div_Select Campaign Status' are matched.

2023-12-19 17:38:16 - [MESSAGE][PASSED] - Actual text and expected text of test object 'Object Repository/Page_Campaign_CAC_Report1/Page_/div_Select Campaign Status' are matched.

2023-12-19 17:38:16 - [TEST_STEP][PASSED] - verifyElementClickable(findTestObject("Object Repository/Page_Campaign_CAC_Report1/Page_/span_ENABLED_ng-arrow-wrapper")): Object 'Object Repository/Page_Campaign_CAC_Report1/Page_/span_ENABLED_ng-arrow-wrapper' is clickable

2023-12-19 17:38:17 - [MESSAGE][PASSED] - Object 'Object Repository/Page_Campaign_CAC_Report1/Page_/span_ENABLED_ng-arrow-wrapper' is clickable

2023-12-19 17:38:17 - [TEST_STEP][PASSED] - click(findTestObject("Object Repository/Page_Campaign_CAC_Report1/Page_/span_ENABLED_ng-arrow-wrapper")): Object: 'Object Repository/Page_Campaign_CAC_Report1/Page_/span_ENABLED_ng-arrow-wrapper' is clicked on

2023-12-19 17:38:17 - [MESSAGE][PASSED] - Object: 'Object Repository/Page_Campaign_CAC_Report1/Page_/span_ENABLED_ng-arrow-wrapper' is clicked on

2023-12-19 17:38:17 - [TEST_STEP][PASSED] - click(findTestObject("Object Repository/Page_Campaign_CAC_Report1/Page_/span_ENABLED_ng-arrow-wrapper")): Object: 'Object Repository/Page_Campaign_CAC_Report1/Page_/span_ENABLED_ng-arrow-wrapper' is clicked on

2023-12-19 17:38:18 - [MESSAGE][PASSED] - Object: 'Object Repository/Page_Campaign_CAC_Report1/Page_/span_ENABLED_ng-arrow-wrapper' is clicked on

2023-12-19 17:38:18 - [TEST_STEP][PASSED] - verifyElementText(findTestObject("Object Repository/Page_Campaign_CAC_Report1/Page_/input_text"), ""): Actual text and expected text of test object 'Object Repository/Page_Campaign_CAC_Report1/Page_/input_text' are matched.

2023-12-19 17:38:18 - [MESSAGE][PASSED] - Actual text and expected text of test object 'Object Repository/Page_Campaign_CAC_Report1/Page_/input_text' are matched.

2023-12-19 17:38:18 - [TEST_STEP][PASSED] - verifyElementClickable(findTestObject("Object Repository/Page_Campaign_CAC_Report1/Page_/span_Select Campaign Name_ng-arrow-wrapper")): Object 'Object Repository/Page_Campaign_CAC_Report1/Page_/span_Select Campaign Name_ng-arrow-wrapper' is clickable

2023-12-19 17:38:19 - [MESSAGE][PASSED] - Object 'Object Repository/Page_Campaign_CAC_Report1/Page_/span_Select Campaign Name_ng-arrow-wrapper' is clickable

2023-12-19 17:38:19 - [TEST_STEP][PASSED] - click(findTestObject("Object Repository/Page_Campaign_CAC_Report1/Page_/span_Select Campaign Name_ng-arrow-wrapper_1")): Object: 'Object Repository/Page_Campaign_CAC_Report1/Page_/span_Select Campaign Name_ng-arrow-wrapper_1' is clicked on

2023-12-19 17:38:19 - [MESSAGE][PASSED] - Object: 'Object Repository/Page_Campaign_CAC_Report1/Page_/span_Select Campaign Name_ng-arrow-wrapper_1' is clicked on

2023-12-19 17:38:19 - [TEST_STEP][PASSED] - click(findTestObject("Object Repository/Page_Campaign_CAC_Report1/Page_/span_Select Campaign Name_ng-arrow-wrapper_1_2")): Object: 'Object Repository/Page_Campaign_CAC_Report1/Page_/span_Select Campaign Name_ng-arrow-wrapper_1_2' is clicked on

2023-12-19 17:38:20 - [MESSAGE][PASSED] - Object: 'Object Repository/Page_Campaign_CAC_Report1/Page_/span_Select Campaign Name_ng-arrow-wrapper_1_2' is clicked on

2023-12-19 17:38:20 - [TEST_STEP][PASSED] - verifyElementText(findTestObject("Object Repository/Page_Campaign_CAC_Report1/Page_/h2_Campaign CAC"), "Campaign CAC"): Actual text and expected text of test object 'Object Repository/Page_Campaign_CAC_Report1/Page_/h2_Campaign CAC' are matched.

2023-12-19 17:38:20 - [MESSAGE][PASSED] - Actual text and expected text of test object 'Object Repository/Page_Campaign_CAC_Report1/Page_/h2_Campaign CAC' are matched.

2023-12-19 17:38:20 - [TEST_STEP][PASSED] - verifyElementText(findTestObject("Object Repository/Page_Campaign_CAC_Report1/Page_/div_Date"), "Date"): Actual text and expected text of test object 'Object Repository/Page_Campaign_CAC_Report1/Page_/div_Date' are matched.

2023-12-19 17:38:21 - [MESSAGE][PASSED] - Actual text and expected text of test object 'Object Repository/Page_Campaign_CAC_Report1/Page_/div_Date' are matched.

2023-12-19 17:38:21 - [TEST_STEP][PASSED] - verifyElementClickable(findTestObject("Object Repository/Page_Campaign_CAC_Report1/Page_/div_Date_mat-sort-header-stem ng-tns-c99-11_1")): Object 'Object Repository/Page_Campaign_CAC_Report1/Page_/div_Date_mat-sort-header-stem ng-tns-c99-11_1' is clickable

2023-12-19 17:38:21 - [MESSAGE][PASSED] - Object 'Object Repository/Page_Campaign_CAC_Report1/Page_/div_Date_mat-sort-header-stem ng-tns-c99-11_1' is clickable

2023-12-19 17:38:21 - [TEST_STEP][PASSED] - verifyElementText(findTestObject("Object Repository/Page_Campaign_CAC_Report1/Page_/div_Campaign Name"), "Campaign Name"): Actual text and expected text of test object 'Object Repository/Page_Campaign_CAC_Report1/Page_/div_Campaign Name' are matched.

2023-12-19 17:38:21 - [MESSAGE][PASSED] - Actual text and expected text of test object 'Object Repository/Page_Campaign_CAC_Report1/Page_/div_Campaign Name' are matched.

2023-12-19 17:38:21 - [TEST_STEP][PASSED] - verifyElementClickable(findTestObject("Object Repository/Page_Campaign_CAC_Report1/Page_/div_Campaign Name_mat-sort-header-arrow ng-_531ae5")): Object 'Object Repository/Page_Campaign_CAC_Report1/Page_/div_Campaign Name_mat-sort-header-arrow ng-_531ae5' is clickable

2023-12-19 17:38:22 - [MESSAGE][PASSED] - Object 'Object Repository/Page_Campaign_CAC_Report1/Page_/div_Campaign Name_mat-sort-header-arrow ng-_531ae5' is clickable

2023-12-19 17:38:22 - [TEST_STEP][PASSED] - click(findTestObject("Object Repository/Page_Campaign_CAC_Report1/Page_/div_Campaign Name_mat-sort-header-stem ng-t_af6e04")): Object: 'Object Repository/Page_Campaign_CAC_Report1/Page_/div_Campaign Name_mat-sort-header-stem ng-t_af6e04' is clicked on

2023-12-19 17:38:22 - [MESSAGE][PASSED] - Object: 'Object Repository/Page_Campaign_CAC_Report1/Page_/div_Campaign Name_mat-sort-header-stem ng-t_af6e04' is clicked on

2023-12-19 17:38:22 - [TEST_STEP][PASSED] - verifyElementText(findTestObject("Object Repository/Page_Campaign_CAC_Report1/Page_/div_Campaign Spend"), "Campaign Spend"): Actual text and expected text of test object 'Object Repository/Page_Campaign_CAC_Report1/Page_/div_Campaign Spend' are matched.

2023-12-19 17:38:23 - [MESSAGE][PASSED] - Actual text and expected text of test object 'Object Repository/Page_Campaign_CAC_Report1/Page_/div_Campaign Spend' are matched.

2023-12-19 17:38:23 - [TEST_STEP][PASSED] - verifyElementClickable(findTestObject("Object Repository/Page_Campaign_CAC_Report1/Page_/div_Campaign Spend_mat-sort-header-pointer-_6ba696")): Object 'Object Repository/Page_Campaign_CAC_Report1/Page_/div_Campaign Spend_mat-sort-header-pointer-_6ba696' is clickable

2023-12-19 17:38:23 - [MESSAGE][PASSED] - Object 'Object Repository/Page_Campaign_CAC_Report1/Page_/div_Campaign Spend_mat-sort-header-pointer-_6ba696' is clickable

2023-12-19 17:38:23 - [TEST_STEP][PASSED] - click(findTestObject("Object Repository/Page_Campaign_CAC_Report1/Page_/div_Campaign Spend_mat-sort-header-stem ng-_0cf940")): Object: 'Object Repository/Page_Campaign_CAC_Report1/Page_/div_Campaign Spend_mat-sort-header-stem ng-_0cf940' is clicked on

2023-12-19 17:38:24 - [MESSAGE][PASSED] - Object: 'Object Repository/Page_Campaign_CAC_Report1/Page_/div_Campaign Spend_mat-sort-header-stem ng-_0cf940' is clicked on

2023-12-19 17:38:24 - [TEST_STEP][PASSED] - verifyElementText(findTestObject("Object Repository/Page_Campaign_CAC_Report1/Page_/div_No Conversion"), "No Conversion"): Actual text and expected text of test object 'Object Repository/Page_Campaign_CAC_Report1/Page_/div_No Conversion' are matched.

2023-12-19 17:38:24 - [MESSAGE][PASSED] - Actual text and expected text of test object 'Object Repository/Page_Campaign_CAC_Report1/Page_/div_No Conversion' are matched.

2023-12-19 17:38:24 - [TEST_STEP][PASSED] - verifyElementClickable(findTestObject("Object Repository/Page_Campaign_CAC_Report1/Page_/div_No Conversion_mat-sort-header-arrow ng-_a84281")): Object 'Object Repository/Page_Campaign_CAC_Report1/Page_/div_No Conversion_mat-sort-header-arrow ng-_a84281' is clickable

2023-12-19 17:38:25 - [MESSAGE][PASSED] - Object 'Object Repository/Page_Campaign_CAC_Report1/Page_/div_No Conversion_mat-sort-header-arrow ng-_a84281' is clickable

2023-12-19 17:38:25 - [TEST_STEP][PASSED] - click(findTestObject("Object Repository/Page_Campaign_CAC_Report1/Page_/div_No Conversion_mat-sort-header-stem ng-t_f8e32e")): Object: 'Object Repository/Page_Campaign_CAC_Report1/Page_/div_No Conversion_mat-sort-header-stem ng-t_f8e32e' is clicked on

2023-12-19 17:38:25 - [MESSAGE][PASSED] - Object: 'Object Repository/Page_Campaign_CAC_Report1/Page_/div_No Conversion_mat-sort-header-stem ng-t_f8e32e' is clicked on

2023-12-19 17:38:25 - [TEST_STEP][PASSED] - verifyElementText(findTestObject("Object Repository/Page_Campaign_CAC_Report1/Page_/div_Campaign CAC"), "Campaign CAC"): Actual text and expected text of test object 'Object Repository/Page_Campaign_CAC_Report1/Page_/div_Campaign CAC' are matched.

2023-12-19 17:38:26 - [MESSAGE][PASSED] - Actual text and expected text of test object 'Object Repository/Page_Campaign_CAC_Report1/Page_/div_Campaign CAC' are matched.

2023-12-19 17:38:26 - [TEST_STEP][PASSED] - verifyElementClickable(findTestObject("Object Repository/Page_Campaign_CAC_Report1/Page_/div_Campaign CAC_mat-sort-header-indicator _5c10ee_1")): Object 'Object Repository/Page_Campaign_CAC_Report1/Page_/div_Campaign CAC_mat-sort-header-indicator _5c10ee_1' is clickable

2023-12-19 17:38:26 - [MESSAGE][PASSED] - Object 'Object Repository/Page_Campaign_CAC_Report1/Page_/div_Campaign CAC_mat-sort-header-indicator _5c10ee_1' is clickable

2023-12-19 17:38:26 - [TEST_STEP][PASSED] - click(findTestObject("Object Repository/Page_Campaign_CAC_Report1/Page_/div_Campaign CAC_mat-sort-header-arrow ng-t_da4635")): Object: 'Object Repository/Page_Campaign_CAC_Report1/Page_/div_Campaign CAC_mat-sort-header-arrow ng-t_da4635' is clicked on

2023-12-19 17:38:26 - [MESSAGE][PASSED] - Object: 'Object Repository/Page_Campaign_CAC_Report1/Page_/div_Campaign CAC_mat-sort-header-arrow ng-t_da4635' is clicked on

2023-12-19 17:38:26 - [TEST_STEP][PASSED] - verifyElementText(findTestObject("Object Repository/Page_Campaign_CAC_Report1/Page_/div_Items per page"), "Items per page:"): Actual text and expected text of test object 'Object Repository/Page_Campaign_CAC_Report1/Page_/div_Items per page' are matched.

2023-12-19 17:38:27 - [MESSAGE][PASSED] - Actual text and expected text of test object 'Object Repository/Page_Campaign_CAC_Report1/Page_/div_Items per page' are matched.

2023-12-19 17:38:27 - [TEST_STEP][PASSED] - verifyElementClickable(findTestObject("Object Repository/Page_Campaign_CAC_Report1/Page_/div_Items per page_mat-select-arrow-wrapper_b66081")): Object 'Object Repository/Page_Campaign_CAC_Report1/Page_/div_Items per page_mat-select-arrow-wrapper_b66081' is clickable

2023-12-19 17:38:27 - [MESSAGE][PASSED] - Object 'Object Repository/Page_Campaign_CAC_Report1/Page_/div_Items per page_mat-select-arrow-wrapper_b66081' is clickable

2023-12-19 17:38:27 - [TEST_STEP][PASSED] - click(findTestObject("Object Repository/Page_Campaign_CAC_Report1/Page_/div_Items per page_mat-select-arrow ng-tns-c110-10")): Object: 'Object Repository/Page_Campaign_CAC_Report1/Page_/div_Items per page_mat-select-arrow ng-tns-c110-10' is clicked on

2023-12-19 17:38:28 - [MESSAGE][PASSED] - Object: 'Object Repository/Page_Campaign_CAC_Report1/Page_/div_Items per page_mat-select-arrow ng-tns-c110-10' is clicked on

2023-12-19 17:38:28 - [TEST_STEP][PASSED] - click(findTestObject("Object Repository/Page_Campaign_CAC_Report1/Page_/span_10")): Object: 'Object Repository/Page_Campaign_CAC_Report1/Page_/span_10' is clicked on

2023-12-19 17:38:28 - [MESSAGE][PASSED] - Object: 'Object Repository/Page_Campaign_CAC_Report1/Page_/span_10' is clicked on

2023-12-19 17:38:28 - [TEST_STEP][PASSED] - click(findTestObject("Object Repository/Page_Campaign_CAC_Report1/Page_/div_Items per page_mat-select-arrow-wrapper_b66081")): Object: 'Object Repository/Page_Campaign_CAC_Report1/Page_/div_Items per page_mat-select-arrow-wrapper_b66081' is clicked on

2023-12-19 17:38:29 - [MESSAGE][PASSED] - Object: 'Object Repository/Page_Campaign_CAC_Report1/Page_/div_Items per page_mat-select-arrow-wrapper_b66081' is clicked on

2023-12-19 17:38:29 - [TEST_STEP][PASSED] - click(findTestObject("Object Repository/Page_Campaign_CAC_Report1/Page_/span_20")): Object: 'Object Repository/Page_Campaign_CAC_Report1/Page_/span_20' is clicked on

2023-12-19 17:38:30 - [MESSAGE][PASSED] - Object: 'Object Repository/Page_Campaign_CAC_Report1/Page_/span_20' is clicked on

2023-12-19 17:38:30 - [TEST_STEP][PASSED] - click(findTestObject("Object Repository/Page_Campaign_CAC_Report1/Page_/div_Items per page_mat-select-arrow ng-tns-c110-10")): Object: 'Object Repository/Page_Campaign_CAC_Report1/Page_/div_Items per page_mat-select-arrow ng-tns-c110-10' is clicked on

2023-12-19 17:38:30 - [MESSAGE][PASSED] - Object: 'Object Repository/Page_Campaign_CAC_Report1/Page_/div_Items per page_mat-select-arrow ng-tns-c110-10' is clicked on

2023-12-19 17:38:30 - [TEST_STEP][PASSED] - click(findTestObject("Object Repository/Page_Campaign_CAC_Report1/Page_/span_30")): Object: 'Object Repository/Page_Campaign_CAC_Report1/Page_/span_30' is clicked on

2023-12-19 17:38:31 - [MESSAGE][PASSED] - Object: 'Object Repository/Page_Campaign_CAC_Report1/Page_/span_30' is clicked on

2023-12-19 17:38:31 - [TEST_STEP][PASSED] - click(findTestObject("Object Repository/Page_Campaign_CAC_Report1/Page_/div_Items per page_mat-select-arrow-wrapper_b66081")): Object: 'Object Repository/Page_Campaign_CAC_Report1/Page_/div_Items per page_mat-select-arrow-wrapper_b66081' is clicked on

2023-12-19 17:38:31 - [MESSAGE][PASSED] - Object: 'Object Repository/Page_Campaign_CAC_Report1/Page_/div_Items per page_mat-select-arrow-wrapper_b66081' is clicked on

2023-12-19 17:38:31 - [TEST_STEP][PASSED] - click(findTestObject("Object Repository/Page_Campaign_CAC_Report1/Page_/span_5")): Object: 'Object Repository/Page_Campaign_CAC_Report1/Page_/span_5' is clicked on

2023-12-19 17:38:32 - [MESSAGE][PASSED] - Object: 'Object Repository/Page_Campaign_CAC_Report1/Page_/span_5' is clicked on

2023-12-19 17:38:32 - [TEST_STEP][PASSED] - verifyElementClickable(findTestObject("Object Repository/Page_Campaign_CAC_Report1/Page_/svg_Items per page_mat-paginator-icon")): Object 'Object Repository/Page_Campaign_CAC_Report1/Page_/svg_Items per page_mat-paginator-icon' is clickable

2023-12-19 17:38:33 - [MESSAGE][PASSED] - Object 'Object Repository/Page_Campaign_CAC_Report1/Page_/svg_Items per page_mat-paginator-icon' is clickable

2023-12-19 17:38:33 - [TEST_STEP][PASSED] - click(findTestObject("Object Repository/Page_Campaign_CAC_Report1/Page_/svg_Items per page_mat-paginator-icon")): Object: 'Object Repository/Page_Campaign_CAC_Report1/Page_/svg_Items per page_mat-paginator-icon' is clicked on

2023-12-19 17:38:33 - [MESSAGE][PASSED] - Object: 'Object Repository/Page_Campaign_CAC_Report1/Page_/svg_Items per page_mat-paginator-icon' is clicked on

2023-12-19 17:38:33 - [TEST_STEP][PASSED] - verifyElementClickable(findTestObject("Object Repository/Page_Campaign_CAC_Report1/Page_/svg_Items per page_mat-paginator-icon_1")): Object 'Object Repository/Page_Campaign_CAC_Report1/Page_/svg_Items per page_mat-paginator-icon_1' is clickable

2023-12-19 17:38:34 - [MESSAGE][PASSED] - Object 'Object Repository/Page_Campaign_CAC_Report1/Page_/svg_Items per page_mat-paginator-icon_1' is clickable

2023-12-19 17:38:34 - [TEST_STEP][PASSED] - click(findTestObject("Object Repository/Page_Campaign_CAC_Report1/Page_/svg_Items per page_mat-paginator-icon_1")): Object: 'Object Repository/Page_Campaign_CAC_Report1/Page_/svg_Items per page_mat-paginator-icon_1' is clicked on

2023-12-19 17:38:34 - [MESSAGE][PASSED] - Object: 'Object Repository/Page_Campaign_CAC_Report1/Page_/svg_Items per page_mat-paginator-icon_1' is clicked on

2023-12-19 17:38:34 - [TEST_STEP][PASSED] - closeBrowser(): Browser is closed

2023-12-19 17:38:35 - [MESSAGE][PASSED] - Browser is closed]]></system-out>
         <system-err><![CDATA[]]></system-err>
      </testcase>
      <testcase name="Test Cases/Campaign/test_verify_dropdown_cac_report" time="698.77" classname="Test Cases/Campaign/test_verify_dropdown_cac_report" status="PASSED">
         <system-out><![CDATA[2023-12-19 17:38:35 - [TEST_CASE][PASSED] - Test Cases/Campaign/test_verify_dropdown_cac_report: Test Cases/Campaign/test_verify_dropdown_cac_report

2023-12-19 17:38:35 - [TEST_STEP][PASSED] - callTestCase(findTestCase("Reusable_Functions/Login"), [:], CONTINUE_ON_FAILURE): Call Test Case 'Test Cases/Reusable_Functions/Login' successfully

2023-12-19 17:38:35 - [TEST_CASE][PASSED] - Test Cases/Reusable_Functions/Login: Test Cases/Reusable_Functions/Login

2023-12-19 17:38:35 - [TEST_STEP][PASSED] - openBrowser(""): Browser is opened with url: ''

2023-12-19 17:38:35 - [MESSAGE][INFO] - Starting 'Chrome' driver

2023-12-19 17:38:35 - [MESSAGE][INFO] - Action delay is set to 0 milliseconds

2023-12-19 17:38:37 - [MESSAGE][PASSED] - Browser is opened with url: ''

2023-12-19 17:38:37 - [TEST_STEP][PASSED] - maximizeWindow(): Current window maximized

2023-12-19 17:38:37 - [MESSAGE][PASSED] - Current window maximized

2023-12-19 17:38:37 - [TEST_STEP][PASSED] - navigateToUrl("https://dev-dash.admetrics.ai/"): Navigate to 'https://dev-dash.admetrics.ai/' successfully

2023-12-19 17:38:37 - [MESSAGE][PASSED] - Navigate to 'https://dev-dash.admetrics.ai/' successfully

2023-12-19 17:38:37 - [TEST_STEP][PASSED] - setText(findTestObject("Object Repository/Page_Project_Title/input_User ID_username"), "admin"): Text 'admin' is set on object 'Object Repository/Page_Project_Title/input_User ID_username'

2023-12-19 17:38:40 - [MESSAGE][PASSED] - Text 'admin' is set on object 'Object Repository/Page_Project_Title/input_User ID_username'

2023-12-19 17:38:40 - [TEST_STEP][PASSED] - setEncryptedText(findTestObject("Object Repository/Page_Project_Title/input_Password_password"), "7Dxoto1EjKfQbGop/Ov+1g=="): Text ****** has been set on object 'Object Repository/Page_Project_Title/input_Password_password'

2023-12-19 17:38:40 - [MESSAGE][PASSED] - Text ****** has been set on object 'Object Repository/Page_Project_Title/input_Password_password'

2023-12-19 17:38:40 - [TEST_STEP][PASSED] - click(findTestObject("Object Repository/Page_Project_Title/button_Login")): Object: 'Object Repository/Page_Project_Title/button_Login' is clicked on

2023-12-19 17:38:41 - [MESSAGE][PASSED] - Object: 'Object Repository/Page_Project_Title/button_Login' is clicked on

2023-12-19 17:38:41 - [MESSAGE][PASSED] - Call Test Case 'Test Cases/Reusable_Functions/Login' successfully

2023-12-19 17:38:41 - [TEST_STEP][PASSED] - verifyElementClickable(findTestObject("Object Repository/Page_Campaign_CAC_Report1/Page_/img_Performance_menuIcon")): Object 'Object Repository/Page_Campaign_CAC_Report1/Page_/img_Performance_menuIcon' is clickable

2023-12-19 17:38:43 - [MESSAGE][PASSED] - Object 'Object Repository/Page_Campaign_CAC_Report1/Page_/img_Performance_menuIcon' is clickable

2023-12-19 17:38:43 - [TEST_STEP][PASSED] - click(findTestObject("Object Repository/Page_Campaign_CAC_Report1/Page_/li_Campaign")): Object: 'Object Repository/Page_Campaign_CAC_Report1/Page_/li_Campaign' is clicked on

2023-12-19 17:38:45 - [MESSAGE][PASSED] - Object: 'Object Repository/Page_Campaign_CAC_Report1/Page_/li_Campaign' is clicked on

2023-12-19 17:38:45 - [TEST_STEP][PASSED] - click(findTestObject("Object Repository/Page_Verify_dropdown_CAC_Report/Page_/div_Campaign CAC")): Object: 'Object Repository/Page_Verify_dropdown_CAC_Report/Page_/div_Campaign CAC' is clicked on

2023-12-19 17:39:16 - [MESSAGE][INFO] - Unable to find the element located by 'By.xpath: //div[@id='mat-tab-label-0-0']/div'. Please recheck the objects properties to make sure the desired element is located. 

2023-12-19 17:39:16 - [MESSAGE][WARNING] - [SELF-HEALING] Failed to find element with id 'Object Repository/Page_Verify_dropdown_CAC_Report/Page_/div_Campaign CAC'. Try using Self-healing.

2023-12-19 17:39:16 - [MESSAGE][WARNING] - [SELF-HEALING] The current locator of test object 'Object Repository/Page_Verify_dropdown_CAC_Report/Page_/div_Campaign CAC' was broken. Propose an alternative one: '(.//*[normalize-space(text()) and normalize-space(.)='Campaign'])[1]/following::div[14]'.

2023-12-19 17:39:16 - [MESSAGE][PASSED] - Object: 'Object Repository/Page_Verify_dropdown_CAC_Report/Page_/div_Campaign CAC' is clicked on

2023-12-19 17:39:16 - [TEST_STEP][PASSED] - click(findTestObject("Object Repository/Page_Verify_dropdown_CAC_Report/Page_/span_Google Ads_ng-arrow-wrapper")): Object: 'Object Repository/Page_Verify_dropdown_CAC_Report/Page_/span_Google Ads_ng-arrow-wrapper' is clicked on

2023-12-19 17:39:17 - [MESSAGE][PASSED] - Object: 'Object Repository/Page_Verify_dropdown_CAC_Report/Page_/span_Google Ads_ng-arrow-wrapper' is clicked on

2023-12-19 17:39:17 - [TEST_STEP][PASSED] - click(findTestObject("Object Repository/Page_Verify_dropdown_CAC_Report/Page_/div_Facebook")): Object: 'Object Repository/Page_Verify_dropdown_CAC_Report/Page_/div_Facebook' is clicked on

2023-12-19 17:39:49 - [MESSAGE][INFO] - Unable to find the element located by 'By.xpath: //div[@id='a2fc48a86d75-2']/span'. Please recheck the objects properties to make sure the desired element is located. 

2023-12-19 17:39:49 - [MESSAGE][WARNING] - [SELF-HEALING] Failed to find element with id 'Object Repository/Page_Verify_dropdown_CAC_Report/Page_/div_Facebook'. Try using Self-healing.

2023-12-19 17:39:49 - [MESSAGE][WARNING] - [SELF-HEALING] The current locator of test object 'Object Repository/Page_Verify_dropdown_CAC_Report/Page_/div_Facebook' was broken. Propose an alternative one: '(.//*[normalize-space(text()) and normalize-space(.)='Google Ads'])[2]/following::div[1]'.

2023-12-19 17:39:49 - [MESSAGE][PASSED] - Object: 'Object Repository/Page_Verify_dropdown_CAC_Report/Page_/div_Facebook' is clicked on

2023-12-19 17:39:49 - [TEST_STEP][PASSED] - click(findTestObject("Object Repository/Page_Verify_dropdown_CAC_Report/Page_/span_Google Ads_ng-arrow-wrapper")): Object: 'Object Repository/Page_Verify_dropdown_CAC_Report/Page_/span_Google Ads_ng-arrow-wrapper' is clicked on

2023-12-19 17:39:52 - [MESSAGE][PASSED] - Object: 'Object Repository/Page_Verify_dropdown_CAC_Report/Page_/span_Google Ads_ng-arrow-wrapper' is clicked on

2023-12-19 17:39:52 - [TEST_STEP][PASSED] - click(findTestObject("Object Repository/Page_Verify_dropdown_CAC_Report/Page_/div_LinkedIn")): Object: 'Object Repository/Page_Verify_dropdown_CAC_Report/Page_/div_LinkedIn' is clicked on

2023-12-19 17:40:23 - [MESSAGE][INFO] - Unable to find the element located by 'By.xpath: //div[@id='a50b5c5153b0-3']/span'. Please recheck the objects properties to make sure the desired element is located. 

2023-12-19 17:40:23 - [MESSAGE][WARNING] - [SELF-HEALING] Failed to find element with id 'Object Repository/Page_Verify_dropdown_CAC_Report/Page_/div_LinkedIn'. Try using Self-healing.

2023-12-19 17:40:23 - [MESSAGE][WARNING] - [SELF-HEALING] The current locator of test object 'Object Repository/Page_Verify_dropdown_CAC_Report/Page_/div_LinkedIn' was broken. Propose an alternative one: '(.//*[normalize-space(text()) and normalize-space(.)='Facebook'])[2]/following::div[1]'.

2023-12-19 17:40:23 - [MESSAGE][PASSED] - Object: 'Object Repository/Page_Verify_dropdown_CAC_Report/Page_/div_LinkedIn' is clicked on

2023-12-19 17:40:23 - [TEST_STEP][PASSED] - click(findTestObject("Object Repository/Page_Verify_dropdown_CAC_Report/Page_/span_Google Ads_ng-arrow-wrapper")): Object: 'Object Repository/Page_Verify_dropdown_CAC_Report/Page_/span_Google Ads_ng-arrow-wrapper' is clicked on

2023-12-19 17:40:26 - [MESSAGE][PASSED] - Object: 'Object Repository/Page_Verify_dropdown_CAC_Report/Page_/span_Google Ads_ng-arrow-wrapper' is clicked on

2023-12-19 17:40:26 - [TEST_STEP][PASSED] - click(findTestObject("Object Repository/Page_Verify_dropdown_CAC_Report/Page_/div_Google Ads")): Object: 'Object Repository/Page_Verify_dropdown_CAC_Report/Page_/div_Google Ads' is clicked on

2023-12-19 17:40:57 - [MESSAGE][INFO] - Unable to find the element located by 'By.xpath: //div[@id='ac0cedb24199-0']/span'. Please recheck the objects properties to make sure the desired element is located. 

2023-12-19 17:40:57 - [MESSAGE][WARNING] - [SELF-HEALING] Failed to find element with id 'Object Repository/Page_Verify_dropdown_CAC_Report/Page_/div_Google Ads'. Try using Self-healing.

2023-12-19 17:40:57 - [MESSAGE][WARNING] - [SELF-HEALING] The current locator of test object 'Object Repository/Page_Verify_dropdown_CAC_Report/Page_/div_Google Ads' was broken. Propose an alternative one: '(.//*[normalize-space(text()) and normalize-space(.)='LinkedIn'])[1]/following::span[5]'.

2023-12-19 17:40:57 - [MESSAGE][PASSED] - Object: 'Object Repository/Page_Verify_dropdown_CAC_Report/Page_/div_Google Ads' is clicked on

2023-12-19 17:40:57 - [TEST_STEP][PASSED] - click(findTestObject("Object Repository/Page_Verify_dropdown_CAC_Report/Page_/span_Buyer_ng-arrow-wrapper")): Object: 'Object Repository/Page_Verify_dropdown_CAC_Report/Page_/span_Buyer_ng-arrow-wrapper' is clicked on

2023-12-19 17:41:00 - [MESSAGE][PASSED] - Object: 'Object Repository/Page_Verify_dropdown_CAC_Report/Page_/span_Buyer_ng-arrow-wrapper' is clicked on

2023-12-19 17:41:00 - [TEST_STEP][PASSED] - click(findTestObject("Object Repository/Page_Verify_dropdown_CAC_Report/Page_/span_Seller")): Object: 'Object Repository/Page_Verify_dropdown_CAC_Report/Page_/span_Seller' is clicked on

2023-12-19 17:41:31 - [MESSAGE][INFO] - Unable to find the element located by 'By.xpath: //div[@id='a91b73d35815-1']/span'. Please recheck the objects properties to make sure the desired element is located. 

2023-12-19 17:41:31 - [MESSAGE][WARNING] - [SELF-HEALING] Failed to find element with id 'Object Repository/Page_Verify_dropdown_CAC_Report/Page_/span_Seller'. Try using Self-healing.

2023-12-19 17:41:31 - [MESSAGE][WARNING] - [SELF-HEALING] The current locator of test object 'Object Repository/Page_Verify_dropdown_CAC_Report/Page_/span_Seller' was broken. Propose an alternative one: '(.//*[normalize-space(text()) and normalize-space(.)='Buyer'])[1]/following::span[6]'.

2023-12-19 17:41:31 - [MESSAGE][PASSED] - Object: 'Object Repository/Page_Verify_dropdown_CAC_Report/Page_/span_Seller' is clicked on

2023-12-19 17:41:31 - [TEST_STEP][PASSED] - click(findTestObject("Object Repository/Page_Verify_dropdown_CAC_Report/Page_/span_Buyer_ng-arrow-wrapper")): Object: 'Object Repository/Page_Verify_dropdown_CAC_Report/Page_/span_Buyer_ng-arrow-wrapper' is clicked on

2023-12-19 17:41:34 - [MESSAGE][PASSED] - Object: 'Object Repository/Page_Verify_dropdown_CAC_Report/Page_/span_Buyer_ng-arrow-wrapper' is clicked on

2023-12-19 17:41:34 - [TEST_STEP][PASSED] - click(findTestObject("Object Repository/Page_Verify_dropdown_CAC_Report/Page_/span_Buyer")): Object: 'Object Repository/Page_Verify_dropdown_CAC_Report/Page_/span_Buyer' is clicked on

2023-12-19 17:42:05 - [MESSAGE][INFO] - Unable to find the element located by 'By.xpath: //div[@id='a79e3221066b-0']/span'. Please recheck the objects properties to make sure the desired element is located. 

2023-12-19 17:42:05 - [MESSAGE][WARNING] - [SELF-HEALING] Failed to find element with id 'Object Repository/Page_Verify_dropdown_CAC_Report/Page_/span_Buyer'. Try using Self-healing.

2023-12-19 17:42:06 - [MESSAGE][WARNING] - [SELF-HEALING] The current locator of test object 'Object Repository/Page_Verify_dropdown_CAC_Report/Page_/span_Buyer' was broken. Propose an alternative one: '(.//*[normalize-space(text()) and normalize-space(.)='Seller'])[1]/following::span[5]'.

2023-12-19 17:42:06 - [MESSAGE][PASSED] - Object: 'Object Repository/Page_Verify_dropdown_CAC_Report/Page_/span_Buyer' is clicked on

2023-12-19 17:42:06 - [TEST_STEP][PASSED] - click(findTestObject("Object Repository/Page_Verify_dropdown_CAC_Report/Page_/span_ENABLED_ng-arrow-wrapper")): Object: 'Object Repository/Page_Verify_dropdown_CAC_Report/Page_/span_ENABLED_ng-arrow-wrapper' is clicked on

2023-12-19 17:42:09 - [MESSAGE][PASSED] - Object: 'Object Repository/Page_Verify_dropdown_CAC_Report/Page_/span_ENABLED_ng-arrow-wrapper' is clicked on

2023-12-19 17:42:09 - [TEST_STEP][PASSED] - click(findTestObject("Object Repository/Page_Verify_dropdown_CAC_Report/Page_/span_ACTIVE")): Object: 'Object Repository/Page_Verify_dropdown_CAC_Report/Page_/span_ACTIVE' is clicked on

2023-12-19 17:42:40 - [MESSAGE][INFO] - Unable to find the element located by 'By.xpath: //div[@id='a0330c73e9d5-1']/span'. Please recheck the objects properties to make sure the desired element is located. 

2023-12-19 17:42:40 - [MESSAGE][WARNING] - [SELF-HEALING] Failed to find element with id 'Object Repository/Page_Verify_dropdown_CAC_Report/Page_/span_ACTIVE'. Try using Self-healing.

2023-12-19 17:42:41 - [MESSAGE][WARNING] - [SELF-HEALING] The current locator of test object 'Object Repository/Page_Verify_dropdown_CAC_Report/Page_/span_ACTIVE' was broken. Propose an alternative one: '(.//*[normalize-space(text()) and normalize-space(.)='ENABLED'])[2]/following::span[1]'.

2023-12-19 17:42:41 - [MESSAGE][PASSED] - Object: 'Object Repository/Page_Verify_dropdown_CAC_Report/Page_/span_ACTIVE' is clicked on

2023-12-19 17:42:41 - [TEST_STEP][PASSED] - click(findTestObject("Object Repository/Page_Verify_dropdown_CAC_Report/Page_/span_ENABLED_ng-arrow-wrapper")): Object: 'Object Repository/Page_Verify_dropdown_CAC_Report/Page_/span_ENABLED_ng-arrow-wrapper' is clicked on

2023-12-19 17:42:43 - [MESSAGE][PASSED] - Object: 'Object Repository/Page_Verify_dropdown_CAC_Report/Page_/span_ENABLED_ng-arrow-wrapper' is clicked on

2023-12-19 17:42:43 - [TEST_STEP][PASSED] - click(findTestObject("Object Repository/Page_Verify_dropdown_CAC_Report/Page_/span_COMPLETED")): Object: 'Object Repository/Page_Verify_dropdown_CAC_Report/Page_/span_COMPLETED' is clicked on

2023-12-19 17:43:14 - [MESSAGE][INFO] - Unable to find the element located by 'By.xpath: //div[@id='ac1f411402b9-2']/span'. Please recheck the objects properties to make sure the desired element is located. 

2023-12-19 17:43:14 - [MESSAGE][WARNING] - [SELF-HEALING] Failed to find element with id 'Object Repository/Page_Verify_dropdown_CAC_Report/Page_/span_COMPLETED'. Try using Self-healing.

2023-12-19 17:43:15 - [MESSAGE][WARNING] - [SELF-HEALING] The current locator of test object 'Object Repository/Page_Verify_dropdown_CAC_Report/Page_/span_COMPLETED' was broken. Propose an alternative one: '(.//*[normalize-space(text()) and normalize-space(.)='ENABLED'])[1]/following::span[2]'.

2023-12-19 17:43:15 - [MESSAGE][PASSED] - Object: 'Object Repository/Page_Verify_dropdown_CAC_Report/Page_/span_COMPLETED' is clicked on

2023-12-19 17:43:15 - [TEST_STEP][PASSED] - click(findTestObject("Object Repository/Page_Verify_dropdown_CAC_Report/Page_/span_ENABLED_ng-arrow-wrapper")): Object: 'Object Repository/Page_Verify_dropdown_CAC_Report/Page_/span_ENABLED_ng-arrow-wrapper' is clicked on

2023-12-19 17:43:17 - [MESSAGE][PASSED] - Object: 'Object Repository/Page_Verify_dropdown_CAC_Report/Page_/span_ENABLED_ng-arrow-wrapper' is clicked on

2023-12-19 17:43:17 - [TEST_STEP][PASSED] - click(findTestObject("Object Repository/Page_Verify_dropdown_CAC_Report/Page_/span_DRAFT")): Object: 'Object Repository/Page_Verify_dropdown_CAC_Report/Page_/span_DRAFT' is clicked on

2023-12-19 17:43:49 - [MESSAGE][INFO] - Unable to find the element located by 'By.xpath: //div[@id='af7e57f93cd8-3']/span'. Please recheck the objects properties to make sure the desired element is located. 

2023-12-19 17:43:49 - [MESSAGE][WARNING] - [SELF-HEALING] Failed to find element with id 'Object Repository/Page_Verify_dropdown_CAC_Report/Page_/span_DRAFT'. Try using Self-healing.

2023-12-19 17:43:49 - [MESSAGE][WARNING] - [SELF-HEALING] The current locator of test object 'Object Repository/Page_Verify_dropdown_CAC_Report/Page_/span_DRAFT' was broken. Propose an alternative one: '(.//*[normalize-space(text()) and normalize-space(.)='Select Campaign Name'])[1]/preceding::span[2]'.

2023-12-19 17:43:49 - [MESSAGE][PASSED] - Object: 'Object Repository/Page_Verify_dropdown_CAC_Report/Page_/span_DRAFT' is clicked on

2023-12-19 17:43:49 - [TEST_STEP][PASSED] - click(findTestObject("Object Repository/Page_Verify_dropdown_CAC_Report/Page_/span_ENABLED_ng-arrow-wrapper")): Object: 'Object Repository/Page_Verify_dropdown_CAC_Report/Page_/span_ENABLED_ng-arrow-wrapper' is clicked on

2023-12-19 17:43:51 - [MESSAGE][PASSED] - Object: 'Object Repository/Page_Verify_dropdown_CAC_Report/Page_/span_ENABLED_ng-arrow-wrapper' is clicked on

2023-12-19 17:43:51 - [TEST_STEP][PASSED] - click(findTestObject("Object Repository/Page_Verify_dropdown_CAC_Report/Page_/span_PAUSED")): Object: 'Object Repository/Page_Verify_dropdown_CAC_Report/Page_/span_PAUSED' is clicked on

2023-12-19 17:44:22 - [MESSAGE][INFO] - Unable to find the element located by 'By.xpath: //div[@id='a9c26781d673-4']/span'. Please recheck the objects properties to make sure the desired element is located. 

2023-12-19 17:44:22 - [MESSAGE][WARNING] - [SELF-HEALING] Failed to find element with id 'Object Repository/Page_Verify_dropdown_CAC_Report/Page_/span_PAUSED'. Try using Self-healing.

2023-12-19 17:44:23 - [MESSAGE][WARNING] - [SELF-HEALING] The current locator of test object 'Object Repository/Page_Verify_dropdown_CAC_Report/Page_/span_PAUSED' was broken. Propose an alternative one: '(.//*[normalize-space(text()) and normalize-space(.)='Select Campaign Name'])[1]/preceding::span[1]'.

2023-12-19 17:44:23 - [MESSAGE][PASSED] - Object: 'Object Repository/Page_Verify_dropdown_CAC_Report/Page_/span_PAUSED' is clicked on

2023-12-19 17:44:23 - [TEST_STEP][PASSED] - click(findTestObject("Object Repository/Page_Verify_dropdown_CAC_Report/Page_/span_ENABLED_ng-arrow-wrapper")): Object: 'Object Repository/Page_Verify_dropdown_CAC_Report/Page_/span_ENABLED_ng-arrow-wrapper' is clicked on

2023-12-19 17:44:25 - [MESSAGE][PASSED] - Object: 'Object Repository/Page_Verify_dropdown_CAC_Report/Page_/span_ENABLED_ng-arrow-wrapper' is clicked on

2023-12-19 17:44:25 - [TEST_STEP][PASSED] - click(findTestObject("Object Repository/Page_Verify_dropdown_CAC_Report/Page_/span_ENABLED")): Object: 'Object Repository/Page_Verify_dropdown_CAC_Report/Page_/span_ENABLED' is clicked on

2023-12-19 17:44:56 - [MESSAGE][INFO] - Unable to find the element located by 'By.xpath: //div[@id='a191b56ac579-0']/span'. Please recheck the objects properties to make sure the desired element is located. 

2023-12-19 17:44:56 - [MESSAGE][WARNING] - [SELF-HEALING] Failed to find element with id 'Object Repository/Page_Verify_dropdown_CAC_Report/Page_/span_ENABLED'. Try using Self-healing.

2023-12-19 17:44:57 - [MESSAGE][WARNING] - [SELF-HEALING] The current locator of test object 'Object Repository/Page_Verify_dropdown_CAC_Report/Page_/span_ENABLED' was broken. Propose an alternative one: '(.//*[normalize-space(text()) and normalize-space(.)='PAUSED'])[1]/following::span[5]'.

2023-12-19 17:44:57 - [MESSAGE][PASSED] - Object: 'Object Repository/Page_Verify_dropdown_CAC_Report/Page_/span_ENABLED' is clicked on

2023-12-19 17:44:57 - [TEST_STEP][PASSED] - click(findTestObject("Object Repository/Page_Verify_dropdown_CAC_Report/Page_/span_Select Campaign Name_ng-arrow-wrapper")): Object: 'Object Repository/Page_Verify_dropdown_CAC_Report/Page_/span_Select Campaign Name_ng-arrow-wrapper' is clicked on

2023-12-19 17:45:28 - [MESSAGE][INFO] - Unable to find the element located by 'By.xpath: //mat-tab-body[@id='mat-tab-content-0-0']/div/app-campaign-cac/div/div/div[2]/app-filter-panel/div/div/div/div/div[4]/ng-select/div/span'. Please recheck the objects properties to make sure the desired element is located. 

2023-12-19 17:45:28 - [MESSAGE][WARNING] - [SELF-HEALING] Failed to find element with id 'Object Repository/Page_Verify_dropdown_CAC_Report/Page_/span_Select Campaign Name_ng-arrow-wrapper'. Try using Self-healing.

2023-12-19 17:45:28 - [MESSAGE][WARNING] - [SELF-HEALING] The current locator of test object 'Object Repository/Page_Verify_dropdown_CAC_Report/Page_/span_Select Campaign Name_ng-arrow-wrapper' was broken. Propose an alternative one: '(.//*[normalize-space(text()) and normalize-space(.)='Select Campaign Name'])[1]/following::span[1]'.

2023-12-19 17:45:28 - [MESSAGE][PASSED] - Object: 'Object Repository/Page_Verify_dropdown_CAC_Report/Page_/span_Select Campaign Name_ng-arrow-wrapper' is clicked on

2023-12-19 17:45:28 - [TEST_STEP][PASSED] - click(findTestObject("Object Repository/Page_Verify_dropdown_CAC_Report/Page_/div_WIZ_Google__Search_Retargeting_Microgig_16735c")): Object: 'Object Repository/Page_Verify_dropdown_CAC_Report/Page_/div_WIZ_Google__Search_Retargeting_Microgig_16735c' is clicked on

2023-12-19 17:46:00 - [MESSAGE][INFO] - Unable to find the element located by 'By.xpath: //div[@id='a9dc7d325c82-1']/div'. Please recheck the objects properties to make sure the desired element is located. 

2023-12-19 17:46:00 - [MESSAGE][WARNING] - [SELF-HEALING] Failed to find element with id 'Object Repository/Page_Verify_dropdown_CAC_Report/Page_/div_WIZ_Google__Search_Retargeting_Microgig_16735c'. Try using Self-healing.

2023-12-19 17:46:00 - [MESSAGE][WARNING] - [SELF-HEALING] The current locator of test object 'Object Repository/Page_Verify_dropdown_CAC_Report/Page_/div_WIZ_Google__Search_Retargeting_Microgig_16735c' was broken. Propose an alternative one: '(.//*[normalize-space(text()) and normalize-space(.)='Submit'])[1]/following::div[7]'.

2023-12-19 17:46:00 - [MESSAGE][PASSED] - Object: 'Object Repository/Page_Verify_dropdown_CAC_Report/Page_/div_WIZ_Google__Search_Retargeting_Microgig_16735c' is clicked on

2023-12-19 17:46:00 - [TEST_STEP][PASSED] - click(findTestObject("Object Repository/Page_Verify_dropdown_CAC_Report/Page_/button_Submit")): Object: 'Object Repository/Page_Verify_dropdown_CAC_Report/Page_/button_Submit' is clicked on

2023-12-19 17:46:31 - [MESSAGE][INFO] - Unable to find the element located by 'By.xpath: //ng-dropdown-panel[@id='a9dc7d325c82']/div/button'. Please recheck the objects properties to make sure the desired element is located. 

2023-12-19 17:46:31 - [MESSAGE][WARNING] - [SELF-HEALING] Failed to find element with id 'Object Repository/Page_Verify_dropdown_CAC_Report/Page_/button_Submit'. Try using Self-healing.

2023-12-19 17:46:31 - [MESSAGE][WARNING] - [SELF-HEALING] The current locator of test object 'Object Repository/Page_Verify_dropdown_CAC_Report/Page_/button_Submit' was broken. Propose an alternative one: '(.//*[normalize-space(text()) and normalize-space(.)='Select Campaign Name'])[1]/following::button[1]'.

2023-12-19 17:46:32 - [MESSAGE][PASSED] - Object: 'Object Repository/Page_Verify_dropdown_CAC_Report/Page_/button_Submit' is clicked on

2023-12-19 17:46:32 - [TEST_STEP][PASSED] - click(findTestObject("Object Repository/Page_Verify_dropdown_CAC_Report/Page_/div_Select Campaign Name WIZ_Google__Search_a5a171")): Object: 'Object Repository/Page_Verify_dropdown_CAC_Report/Page_/div_Select Campaign Name WIZ_Google__Search_a5a171' is clicked on

2023-12-19 17:47:03 - [MESSAGE][INFO] - Unable to find the element located by 'By.xpath: //mat-tab-body[@id='mat-tab-content-0-0']/div/app-campaign-cac/div/div/div[2]/app-filter-panel/div/div/div/div/div[4]'. Please recheck the objects properties to make sure the desired element is located. 

2023-12-19 17:47:03 - [MESSAGE][WARNING] - [SELF-HEALING] Failed to find element with id 'Object Repository/Page_Verify_dropdown_CAC_Report/Page_/div_Select Campaign Name WIZ_Google__Search_a5a171'. Try using Self-healing.

2023-12-19 17:47:03 - [MESSAGE][WARNING] - [SELF-HEALING] The current locator of test object 'Object Repository/Page_Verify_dropdown_CAC_Report/Page_/div_Select Campaign Name WIZ_Google__Search_a5a171' was broken. Propose an alternative one: '(.//*[normalize-space(text()) and normalize-space(.)='ENABLED'])[1]/following::div[2]'.

2023-12-19 17:47:03 - [MESSAGE][PASSED] - Object: 'Object Repository/Page_Verify_dropdown_CAC_Report/Page_/div_Select Campaign Name WIZ_Google__Search_a5a171' is clicked on

2023-12-19 17:47:03 - [TEST_STEP][PASSED] - click(findTestObject("Object Repository/Page_Verify_dropdown_CAC_Report/Page_/div_WIZ_Google__Search_Retargeting_Microgig_16735c")): Object: 'Object Repository/Page_Verify_dropdown_CAC_Report/Page_/div_WIZ_Google__Search_Retargeting_Microgig_16735c' is clicked on

2023-12-19 17:47:35 - [MESSAGE][INFO] - Unable to find the element located by 'By.xpath: //div[@id='a9dc7d325c82-1']/div'. Please recheck the objects properties to make sure the desired element is located. 

2023-12-19 17:47:35 - [MESSAGE][WARNING] - [SELF-HEALING] Failed to find element with id 'Object Repository/Page_Verify_dropdown_CAC_Report/Page_/div_WIZ_Google__Search_Retargeting_Microgig_16735c'. Try using Self-healing.

2023-12-19 17:47:35 - [MESSAGE][WARNING] - [SELF-HEALING] The current locator of test object 'Object Repository/Page_Verify_dropdown_CAC_Report/Page_/div_WIZ_Google__Search_Retargeting_Microgig_16735c' was broken. Propose an alternative one: '(.//*[normalize-space(text()) and normalize-space(.)='Submit'])[1]/following::div[7]'.

2023-12-19 17:47:35 - [MESSAGE][PASSED] - Object: 'Object Repository/Page_Verify_dropdown_CAC_Report/Page_/div_WIZ_Google__Search_Retargeting_Microgig_16735c' is clicked on

2023-12-19 17:47:35 - [TEST_STEP][PASSED] - click(findTestObject("Object Repository/Page_Verify_dropdown_CAC_Report/Page_/div_WIZ_Moonlyte_Buyer_Freelancer_Google_Se_df922d")): Object: 'Object Repository/Page_Verify_dropdown_CAC_Report/Page_/div_WIZ_Moonlyte_Buyer_Freelancer_Google_Se_df922d' is clicked on

2023-12-19 17:48:06 - [MESSAGE][INFO] - Unable to find the element located by 'By.xpath: //div[@id='a0d344e3b593-2']/div'. Please recheck the objects properties to make sure the desired element is located. 

2023-12-19 17:48:06 - [MESSAGE][WARNING] - [SELF-HEALING] Failed to find element with id 'Object Repository/Page_Verify_dropdown_CAC_Report/Page_/div_WIZ_Moonlyte_Buyer_Freelancer_Google_Se_df922d'. Try using Self-healing.

2023-12-19 17:48:06 - [MESSAGE][WARNING] - [SELF-HEALING] The current locator of test object 'Object Repository/Page_Verify_dropdown_CAC_Report/Page_/div_WIZ_Moonlyte_Buyer_Freelancer_Google_Se_df922d' was broken. Propose an alternative one: '(.//*[normalize-space(text()) and normalize-space(.)='WIZ_Google__Search_Retargeting_Microgigs_Sep_2022'])[1]/following::div[2]'.

2023-12-19 17:48:06 - [MESSAGE][PASSED] - Object: 'Object Repository/Page_Verify_dropdown_CAC_Report/Page_/div_WIZ_Moonlyte_Buyer_Freelancer_Google_Se_df922d' is clicked on

2023-12-19 17:48:06 - [TEST_STEP][PASSED] - click(findTestObject("Object Repository/Page_Verify_dropdown_CAC_Report/Page_/button_Submit")): Object: 'Object Repository/Page_Verify_dropdown_CAC_Report/Page_/button_Submit' is clicked on

2023-12-19 17:48:38 - [MESSAGE][INFO] - Unable to find the element located by 'By.xpath: //ng-dropdown-panel[@id='a9dc7d325c82']/div/button'. Please recheck the objects properties to make sure the desired element is located. 

2023-12-19 17:48:38 - [MESSAGE][WARNING] - [SELF-HEALING] Failed to find element with id 'Object Repository/Page_Verify_dropdown_CAC_Report/Page_/button_Submit'. Try using Self-healing.

2023-12-19 17:48:38 - [MESSAGE][WARNING] - [SELF-HEALING] The current locator of test object 'Object Repository/Page_Verify_dropdown_CAC_Report/Page_/button_Submit' was broken. Propose an alternative one: '(.//*[normalize-space(text()) and normalize-space(.)='Select Campaign Name'])[1]/following::button[1]'.

2023-12-19 17:48:38 - [MESSAGE][PASSED] - Object: 'Object Repository/Page_Verify_dropdown_CAC_Report/Page_/button_Submit' is clicked on

2023-12-19 17:48:38 - [TEST_STEP][PASSED] - click(findTestObject("Object Repository/Page_Verify_dropdown_CAC_Report/Page_/div_Select Campaign Name WIZ_Moonlyte_Buyer_73f178")): Object: 'Object Repository/Page_Verify_dropdown_CAC_Report/Page_/div_Select Campaign Name WIZ_Moonlyte_Buyer_73f178' is clicked on

2023-12-19 17:49:09 - [MESSAGE][INFO] - Unable to find the element located by 'By.xpath: //mat-tab-body[@id='mat-tab-content-0-0']/div/app-campaign-cac/div/div/div[2]/app-filter-panel/div/div/div/div/div[4]'. Please recheck the objects properties to make sure the desired element is located. 

2023-12-19 17:49:09 - [MESSAGE][WARNING] - [SELF-HEALING] Failed to find element with id 'Object Repository/Page_Verify_dropdown_CAC_Report/Page_/div_Select Campaign Name WIZ_Moonlyte_Buyer_73f178'. Try using Self-healing.

2023-12-19 17:49:10 - [MESSAGE][WARNING] - [SELF-HEALING] The current locator of test object 'Object Repository/Page_Verify_dropdown_CAC_Report/Page_/div_Select Campaign Name WIZ_Moonlyte_Buyer_73f178' was broken. Propose an alternative one: '(.//*[normalize-space(text()) and normalize-space(.)='ENABLED'])[1]/following::div[2]'.

2023-12-19 17:49:10 - [MESSAGE][PASSED] - Object: 'Object Repository/Page_Verify_dropdown_CAC_Report/Page_/div_Select Campaign Name WIZ_Moonlyte_Buyer_73f178' is clicked on

2023-12-19 17:49:10 - [TEST_STEP][PASSED] - click(findTestObject("Object Repository/Page_Verify_dropdown_CAC_Report/Page_/div_WIZ_Moonlyte_Buyer_Freelancer_Google_Se_df922d")): Object: 'Object Repository/Page_Verify_dropdown_CAC_Report/Page_/div_WIZ_Moonlyte_Buyer_Freelancer_Google_Se_df922d' is clicked on

2023-12-19 17:49:41 - [MESSAGE][INFO] - Unable to find the element located by 'By.xpath: //div[@id='a0d344e3b593-2']/div'. Please recheck the objects properties to make sure the desired element is located. 

2023-12-19 17:49:41 - [MESSAGE][WARNING] - [SELF-HEALING] Failed to find element with id 'Object Repository/Page_Verify_dropdown_CAC_Report/Page_/div_WIZ_Moonlyte_Buyer_Freelancer_Google_Se_df922d'. Try using Self-healing.

2023-12-19 17:49:41 - [MESSAGE][WARNING] - [SELF-HEALING] The current locator of test object 'Object Repository/Page_Verify_dropdown_CAC_Report/Page_/div_WIZ_Moonlyte_Buyer_Freelancer_Google_Se_df922d' was broken. Propose an alternative one: '(.//*[normalize-space(text()) and normalize-space(.)='WIZ_Google__Search_Retargeting_Microgigs_Sep_2022'])[1]/following::div[2]'.

2023-12-19 17:49:41 - [MESSAGE][PASSED] - Object: 'Object Repository/Page_Verify_dropdown_CAC_Report/Page_/div_WIZ_Moonlyte_Buyer_Freelancer_Google_Se_df922d' is clicked on

2023-12-19 17:49:41 - [TEST_STEP][PASSED] - click(findTestObject("Object Repository/Page_Verify_dropdown_CAC_Report/Page_/button_Submit")): Object: 'Object Repository/Page_Verify_dropdown_CAC_Report/Page_/button_Submit' is clicked on

2023-12-19 17:50:12 - [MESSAGE][INFO] - Unable to find the element located by 'By.xpath: //ng-dropdown-panel[@id='a9dc7d325c82']/div/button'. Please recheck the objects properties to make sure the desired element is located. 

2023-12-19 17:50:12 - [MESSAGE][WARNING] - [SELF-HEALING] Failed to find element with id 'Object Repository/Page_Verify_dropdown_CAC_Report/Page_/button_Submit'. Try using Self-healing.

2023-12-19 17:50:13 - [MESSAGE][WARNING] - [SELF-HEALING] The current locator of test object 'Object Repository/Page_Verify_dropdown_CAC_Report/Page_/button_Submit' was broken. Propose an alternative one: '(.//*[normalize-space(text()) and normalize-space(.)='Select Campaign Name'])[1]/following::button[1]'.

2023-12-19 17:50:13 - [MESSAGE][PASSED] - Object: 'Object Repository/Page_Verify_dropdown_CAC_Report/Page_/button_Submit' is clicked on

2023-12-19 17:50:13 - [TEST_STEP][PASSED] - closeBrowser(): Browser is closed

2023-12-19 17:50:14 - [MESSAGE][PASSED] - Browser is closed]]></system-out>
         <system-err><![CDATA[]]></system-err>
      </testcase>
      <testcase name="Test Cases/Campaign/test_campaign_conversion_report" time="32.998" classname="Test Cases/Campaign/test_campaign_conversion_report" status="PASSED">
         <system-out><![CDATA[2023-12-19 17:50:14 - [TEST_CASE][PASSED] - Test Cases/Campaign/test_campaign_conversion_report: Test Cases/Campaign/test_campaign_conversion_report

2023-12-19 17:50:14 - [TEST_STEP][PASSED] - callTestCase(findTestCase("Reusable_Functions/Login"), [:], CONTINUE_ON_FAILURE): Call Test Case 'Test Cases/Reusable_Functions/Login' successfully

2023-12-19 17:50:14 - [TEST_CASE][PASSED] - Test Cases/Reusable_Functions/Login: Test Cases/Reusable_Functions/Login

2023-12-19 17:50:14 - [TEST_STEP][PASSED] - openBrowser(""): Browser is opened with url: ''

2023-12-19 17:50:14 - [MESSAGE][INFO] - Starting 'Chrome' driver

2023-12-19 17:50:14 - [MESSAGE][INFO] - Action delay is set to 0 milliseconds

2023-12-19 17:50:15 - [MESSAGE][PASSED] - Browser is opened with url: ''

2023-12-19 17:50:15 - [TEST_STEP][PASSED] - maximizeWindow(): Current window maximized

2023-12-19 17:50:15 - [MESSAGE][PASSED] - Current window maximized

2023-12-19 17:50:15 - [TEST_STEP][PASSED] - navigateToUrl("https://dev-dash.admetrics.ai/"): Navigate to 'https://dev-dash.admetrics.ai/' successfully

2023-12-19 17:50:16 - [MESSAGE][PASSED] - Navigate to 'https://dev-dash.admetrics.ai/' successfully

2023-12-19 17:50:16 - [TEST_STEP][PASSED] - setText(findTestObject("Object Repository/Page_Project_Title/input_User ID_username"), "admin"): Text 'admin' is set on object 'Object Repository/Page_Project_Title/input_User ID_username'

2023-12-19 17:50:19 - [MESSAGE][PASSED] - Text 'admin' is set on object 'Object Repository/Page_Project_Title/input_User ID_username'

2023-12-19 17:50:19 - [TEST_STEP][PASSED] - setEncryptedText(findTestObject("Object Repository/Page_Project_Title/input_Password_password"), "7Dxoto1EjKfQbGop/Ov+1g=="): Text ****** has been set on object 'Object Repository/Page_Project_Title/input_Password_password'

2023-12-19 17:50:19 - [MESSAGE][PASSED] - Text ****** has been set on object 'Object Repository/Page_Project_Title/input_Password_password'

2023-12-19 17:50:19 - [TEST_STEP][PASSED] - click(findTestObject("Object Repository/Page_Project_Title/button_Login")): Object: 'Object Repository/Page_Project_Title/button_Login' is clicked on

2023-12-19 17:50:19 - [MESSAGE][PASSED] - Object: 'Object Repository/Page_Project_Title/button_Login' is clicked on

2023-12-19 17:50:19 - [MESSAGE][PASSED] - Call Test Case 'Test Cases/Reusable_Functions/Login' successfully

2023-12-19 17:50:19 - [TEST_STEP][PASSED] - verifyElementClickable(findTestObject("Object Repository/Page_Campaign_Conversion_Report/Page_/li_Campaign")): Object 'Object Repository/Page_Campaign_Conversion_Report/Page_/li_Campaign' is clickable

2023-12-19 17:50:23 - [MESSAGE][PASSED] - Object 'Object Repository/Page_Campaign_Conversion_Report/Page_/li_Campaign' is clickable

2023-12-19 17:50:23 - [TEST_STEP][PASSED] - click(findTestObject("Object Repository/Page_Campaign_Conversion_Report/Page_/i_Performance_img")): Object: 'Object Repository/Page_Campaign_Conversion_Report/Page_/i_Performance_img' is clicked on

2023-12-19 17:50:24 - [MESSAGE][PASSED] - Object: 'Object Repository/Page_Campaign_Conversion_Report/Page_/i_Performance_img' is clicked on

2023-12-19 17:50:24 - [TEST_STEP][PASSED] - verifyElementClickable(findTestObject("Object Repository/Page_Campaign_Conversion_Report/Page_/div_Campaign Conversions")): Object 'Object Repository/Page_Campaign_Conversion_Report/Page_/div_Campaign Conversions' is clickable

2023-12-19 17:50:27 - [MESSAGE][PASSED] - Object 'Object Repository/Page_Campaign_Conversion_Report/Page_/div_Campaign Conversions' is clickable

2023-12-19 17:50:27 - [TEST_STEP][PASSED] - click(findTestObject("Object Repository/Page_Campaign_Conversion_Report/Page_/div_Campaign Conversions")): Object: 'Object Repository/Page_Campaign_Conversion_Report/Page_/div_Campaign Conversions' is clicked on

2023-12-19 17:50:27 - [MESSAGE][PASSED] - Object: 'Object Repository/Page_Campaign_Conversion_Report/Page_/div_Campaign Conversions' is clicked on

2023-12-19 17:50:27 - [TEST_STEP][PASSED] - verifyElementClickable(findTestObject("Object Repository/Page_Campaign_CAC_Report1/Page_/svg_Enter a date range_mat-datepicker-toggl_ef015c")): Object 'Object Repository/Page_Campaign_CAC_Report1/Page_/svg_Enter a date range_mat-datepicker-toggl_ef015c' is clickable

2023-12-19 17:50:30 - [MESSAGE][PASSED] - Object 'Object Repository/Page_Campaign_CAC_Report1/Page_/svg_Enter a date range_mat-datepicker-toggl_ef015c' is clickable

2023-12-19 17:50:30 - [TEST_STEP][PASSED] - verifyElementClickable(findTestObject("Object Repository/Page_Campaign_Conversion_Report/Page_/mat-icon_clear")): Object 'Object Repository/Page_Campaign_Conversion_Report/Page_/mat-icon_clear' is clickable

2023-12-19 17:50:30 - [MESSAGE][PASSED] - Object 'Object Repository/Page_Campaign_Conversion_Report/Page_/mat-icon_clear' is clickable

2023-12-19 17:50:30 - [TEST_STEP][PASSED] - click(findTestObject("Object Repository/Page_Campaign_CAC_Report1/Page_/svg_Enter a date range_mat-datepicker-toggl_ef015c")): Object: 'Object Repository/Page_Campaign_CAC_Report1/Page_/svg_Enter a date range_mat-datepicker-toggl_ef015c' is clicked on

2023-12-19 17:50:30 - [MESSAGE][PASSED] - Object: 'Object Repository/Page_Campaign_CAC_Report1/Page_/svg_Enter a date range_mat-datepicker-toggl_ef015c' is clicked on

2023-12-19 17:50:30 - [TEST_STEP][PASSED] - verifyElementClickable(findTestObject("Object Repository/Page_Campaign_Conversion_Report/Page_/button_DEC 2023_mat-focus-indicator mat-cal_bd9491")): Object 'Object Repository/Page_Campaign_Conversion_Report/Page_/button_DEC 2023_mat-focus-indicator mat-cal_bd9491' is clickable

2023-12-19 17:50:31 - [MESSAGE][PASSED] - Object 'Object Repository/Page_Campaign_Conversion_Report/Page_/button_DEC 2023_mat-focus-indicator mat-cal_bd9491' is clickable

2023-12-19 17:50:31 - [TEST_STEP][PASSED] - verifyElementClickable(findTestObject("Object Repository/Page_Campaign_Conversion_Report/Page_/button_DEC 2023_mat-focus-indicator mat-cal_bd9491")): Object 'Object Repository/Page_Campaign_Conversion_Report/Page_/button_DEC 2023_mat-focus-indicator mat-cal_bd9491' is clickable

2023-12-19 17:50:32 - [MESSAGE][PASSED] - Object 'Object Repository/Page_Campaign_Conversion_Report/Page_/button_DEC 2023_mat-focus-indicator mat-cal_bd9491' is clickable

2023-12-19 17:50:32 - [TEST_STEP][PASSED] - click(findTestObject("Object Repository/Page_Campaign_Conversion_Report/Page_/button_DEC 2023_mat-focus-indicator mat-cal_bd9491")): Object: 'Object Repository/Page_Campaign_Conversion_Report/Page_/button_DEC 2023_mat-focus-indicator mat-cal_bd9491' is clicked on

2023-12-19 17:50:32 - [MESSAGE][PASSED] - Object: 'Object Repository/Page_Campaign_Conversion_Report/Page_/button_DEC 2023_mat-focus-indicator mat-cal_bd9491' is clicked on

2023-12-19 17:50:32 - [TEST_STEP][PASSED] - click(findTestObject("Object Repository/Page_Campaign_Conversion_Report/Page_/button_DEC 2023_mat-focus-indicator mat-cal_bd9491")): Object: 'Object Repository/Page_Campaign_Conversion_Report/Page_/button_DEC 2023_mat-focus-indicator mat-cal_bd9491' is clicked on

2023-12-19 17:50:33 - [MESSAGE][PASSED] - Object: 'Object Repository/Page_Campaign_Conversion_Report/Page_/button_DEC 2023_mat-focus-indicator mat-cal_bd9491' is clicked on

2023-12-19 17:50:33 - [TEST_STEP][PASSED] - click(findTestObject("Object Repository/Page_Campaign_Conversion_Report/Page_/div_1")): Object: 'Object Repository/Page_Campaign_Conversion_Report/Page_/div_1' is clicked on

2023-12-19 17:50:34 - [MESSAGE][PASSED] - Object: 'Object Repository/Page_Campaign_Conversion_Report/Page_/div_1' is clicked on

2023-12-19 17:50:34 - [TEST_STEP][PASSED] - click(findTestObject("Object Repository/Page_Campaign_Conversion_Report/Page_/div_31")): Object: 'Object Repository/Page_Campaign_Conversion_Report/Page_/div_31' is clicked on

2023-12-19 17:50:35 - [MESSAGE][PASSED] - Object: 'Object Repository/Page_Campaign_Conversion_Report/Page_/div_31' is clicked on

2023-12-19 17:50:35 - [TEST_STEP][PASSED] - verifyElementText(findTestObject("Object Repository/Page_Campaign_Conversion_Report/Page_/div_Select Channel"), "Select Channel"): Actual text and expected text of test object 'Object Repository/Page_Campaign_Conversion_Report/Page_/div_Select Channel' are matched.

2023-12-19 17:50:36 - [MESSAGE][PASSED] - Actual text and expected text of test object 'Object Repository/Page_Campaign_Conversion_Report/Page_/div_Select Channel' are matched.

2023-12-19 17:50:36 - [TEST_STEP][PASSED] - verifyElementClickable(findTestObject("Object Repository/Page_Campaign_Conversion_Report/Page_/span_Google Ads_ng-arrow-wrapper")): Object 'Object Repository/Page_Campaign_Conversion_Report/Page_/span_Google Ads_ng-arrow-wrapper' is clickable

2023-12-19 17:50:36 - [MESSAGE][PASSED] - Object 'Object Repository/Page_Campaign_Conversion_Report/Page_/span_Google Ads_ng-arrow-wrapper' is clickable

2023-12-19 17:50:36 - [TEST_STEP][PASSED] - click(findTestObject("Object Repository/Page_Campaign_Conversion_Report/Page_/input_text")): Object: 'Object Repository/Page_Campaign_Conversion_Report/Page_/input_text' is clicked on

2023-12-19 17:50:37 - [MESSAGE][PASSED] - Object: 'Object Repository/Page_Campaign_Conversion_Report/Page_/input_text' is clicked on

2023-12-19 17:50:37 - [TEST_STEP][PASSED] - click(findTestObject("Object Repository/Page_Campaign_Conversion_Report/Page_/input_text")): Object: 'Object Repository/Page_Campaign_Conversion_Report/Page_/input_text' is clicked on

2023-12-19 17:50:37 - [MESSAGE][PASSED] - Object: 'Object Repository/Page_Campaign_Conversion_Report/Page_/input_text' is clicked on

2023-12-19 17:50:37 - [TEST_STEP][PASSED] - click(findTestObject("Object Repository/Page_Campaign_Conversion_Report/Page_/span_Google Ads_ng-arrow-wrapper")): Object: 'Object Repository/Page_Campaign_Conversion_Report/Page_/span_Google Ads_ng-arrow-wrapper' is clicked on

2023-12-19 17:50:37 - [MESSAGE][PASSED] - Object: 'Object Repository/Page_Campaign_Conversion_Report/Page_/span_Google Ads_ng-arrow-wrapper' is clicked on

2023-12-19 17:50:37 - [TEST_STEP][PASSED] - verifyElementText(findTestObject("Object Repository/Page_Campaign_Conversion_Report/Page_/div_Select Businessline"), "Select Businessline"): Actual text and expected text of test object 'Object Repository/Page_Campaign_Conversion_Report/Page_/div_Select Businessline' are matched.

2023-12-19 17:50:38 - [MESSAGE][PASSED] - Actual text and expected text of test object 'Object Repository/Page_Campaign_Conversion_Report/Page_/div_Select Businessline' are matched.

2023-12-19 17:50:38 - [TEST_STEP][PASSED] - verifyElementClickable(findTestObject("Object Repository/Page_Campaign_Conversion_Report/Page_/span_Buyer_ng-arrow-wrapper")): Object 'Object Repository/Page_Campaign_Conversion_Report/Page_/span_Buyer_ng-arrow-wrapper' is clickable

2023-12-19 17:50:38 - [MESSAGE][PASSED] - Object 'Object Repository/Page_Campaign_Conversion_Report/Page_/span_Buyer_ng-arrow-wrapper' is clickable

2023-12-19 17:50:38 - [TEST_STEP][PASSED] - click(findTestObject("Object Repository/Page_Campaign_Conversion_Report/Page_/span_Buyer_ng-arrow-wrapper")): Object: 'Object Repository/Page_Campaign_Conversion_Report/Page_/span_Buyer_ng-arrow-wrapper' is clicked on

2023-12-19 17:50:39 - [MESSAGE][PASSED] - Object: 'Object Repository/Page_Campaign_Conversion_Report/Page_/span_Buyer_ng-arrow-wrapper' is clicked on

2023-12-19 17:50:39 - [TEST_STEP][PASSED] - click(findTestObject("Object Repository/Page_Campaign_Conversion_Report/Page_/span_Buyer_ng-arrow-wrapper")): Object: 'Object Repository/Page_Campaign_Conversion_Report/Page_/span_Buyer_ng-arrow-wrapper' is clicked on

2023-12-19 17:50:39 - [MESSAGE][PASSED] - Object: 'Object Repository/Page_Campaign_Conversion_Report/Page_/span_Buyer_ng-arrow-wrapper' is clicked on

2023-12-19 17:50:39 - [TEST_STEP][PASSED] - verifyElementText(findTestObject("Object Repository/Page_Campaign_Conversion_Report/Page_/div_Select Campaign Status"), "Select Campaign Status"): Actual text and expected text of test object 'Object Repository/Page_Campaign_Conversion_Report/Page_/div_Select Campaign Status' are matched.

2023-12-19 17:50:42 - [MESSAGE][PASSED] - Actual text and expected text of test object 'Object Repository/Page_Campaign_Conversion_Report/Page_/div_Select Campaign Status' are matched.

2023-12-19 17:50:42 - [TEST_STEP][PASSED] - verifyElementClickable(findTestObject("Object Repository/Page_Campaign_Conversion_Report/Page_/span_ENABLED_ng-arrow-wrapper")): Object 'Object Repository/Page_Campaign_Conversion_Report/Page_/span_ENABLED_ng-arrow-wrapper' is clickable

2023-12-19 17:50:43 - [MESSAGE][PASSED] - Object 'Object Repository/Page_Campaign_Conversion_Report/Page_/span_ENABLED_ng-arrow-wrapper' is clickable

2023-12-19 17:50:43 - [TEST_STEP][PASSED] - click(findTestObject("Object Repository/Page_Campaign_Conversion_Report/Page_/span_ENABLED_ng-arrow-wrapper")): Object: 'Object Repository/Page_Campaign_Conversion_Report/Page_/span_ENABLED_ng-arrow-wrapper' is clicked on

2023-12-19 17:50:43 - [MESSAGE][PASSED] - Object: 'Object Repository/Page_Campaign_Conversion_Report/Page_/span_ENABLED_ng-arrow-wrapper' is clicked on

2023-12-19 17:50:43 - [TEST_STEP][PASSED] - click(findTestObject("Object Repository/Page_Campaign_Conversion_Report/Page_/span_ENABLED_ng-arrow-wrapper")): Object: 'Object Repository/Page_Campaign_Conversion_Report/Page_/span_ENABLED_ng-arrow-wrapper' is clicked on

2023-12-19 17:50:44 - [MESSAGE][PASSED] - Object: 'Object Repository/Page_Campaign_Conversion_Report/Page_/span_ENABLED_ng-arrow-wrapper' is clicked on

2023-12-19 17:50:44 - [TEST_STEP][PASSED] - verifyElementText(findTestObject("Object Repository/Page_Campaign_Conversion_Report/Page_/input_text"), ""): Actual text and expected text of test object 'Object Repository/Page_Campaign_Conversion_Report/Page_/input_text' are matched.

2023-12-19 17:50:44 - [MESSAGE][PASSED] - Actual text and expected text of test object 'Object Repository/Page_Campaign_Conversion_Report/Page_/input_text' are matched.

2023-12-19 17:50:44 - [TEST_STEP][PASSED] - verifyElementClickable(findTestObject("Object Repository/Page_Campaign_Conversion_Report/Page_/span_Select Campaign Name_ng-arrow-wrapper")): Object 'Object Repository/Page_Campaign_Conversion_Report/Page_/span_Select Campaign Name_ng-arrow-wrapper' is clickable

2023-12-19 17:50:45 - [MESSAGE][PASSED] - Object 'Object Repository/Page_Campaign_Conversion_Report/Page_/span_Select Campaign Name_ng-arrow-wrapper' is clickable

2023-12-19 17:50:45 - [TEST_STEP][PASSED] - click(findTestObject("Object Repository/Page_Campaign_Conversion_Report/Page_/span_Select Campaign Name_ng-arrow-wrapper_1")): Object: 'Object Repository/Page_Campaign_Conversion_Report/Page_/span_Select Campaign Name_ng-arrow-wrapper_1' is clicked on

2023-12-19 17:50:45 - [MESSAGE][PASSED] - Object: 'Object Repository/Page_Campaign_Conversion_Report/Page_/span_Select Campaign Name_ng-arrow-wrapper_1' is clicked on

2023-12-19 17:50:45 - [TEST_STEP][PASSED] - click(findTestObject("Object Repository/Page_Campaign_Conversion_Report/Page_/span_Select Campaign Name_ng-arrow-wrapper_1_2")): Object: 'Object Repository/Page_Campaign_Conversion_Report/Page_/span_Select Campaign Name_ng-arrow-wrapper_1_2' is clicked on

2023-12-19 17:50:46 - [MESSAGE][PASSED] - Object: 'Object Repository/Page_Campaign_Conversion_Report/Page_/span_Select Campaign Name_ng-arrow-wrapper_1_2' is clicked on

2023-12-19 17:50:46 - [TEST_STEP][PASSED] - closeBrowser(): Browser is closed

2023-12-19 17:50:47 - [MESSAGE][PASSED] - Browser is closed]]></system-out>
         <system-err><![CDATA[]]></system-err>
      </testcase>
      <testcase name="Test Cases/Campaign/test_campaign_metric_table" time="60.933" classname="Test Cases/Campaign/test_campaign_metric_table" status="PASSED">
         <system-out><![CDATA[2023-12-19 17:50:47 - [TEST_CASE][PASSED] - Test Cases/Campaign/test_campaign_metric_table: Test Cases/Campaign/test_campaign_metric_table

2023-12-19 17:50:47 - [TEST_STEP][PASSED] - callTestCase(findTestCase("Reusable_Functions/Login"), [:], CONTINUE_ON_FAILURE): Call Test Case 'Test Cases/Reusable_Functions/Login' successfully

2023-12-19 17:50:47 - [TEST_CASE][PASSED] - Test Cases/Reusable_Functions/Login: Test Cases/Reusable_Functions/Login

2023-12-19 17:50:47 - [TEST_STEP][PASSED] - openBrowser(""): Browser is opened with url: ''

2023-12-19 17:50:47 - [MESSAGE][INFO] - Starting 'Chrome' driver

2023-12-19 17:50:47 - [MESSAGE][INFO] - Action delay is set to 0 milliseconds

2023-12-19 17:50:49 - [MESSAGE][PASSED] - Browser is opened with url: ''

2023-12-19 17:50:49 - [TEST_STEP][PASSED] - maximizeWindow(): Current window maximized

2023-12-19 17:50:49 - [MESSAGE][PASSED] - Current window maximized

2023-12-19 17:50:49 - [TEST_STEP][PASSED] - navigateToUrl("https://dev-dash.admetrics.ai/"): Navigate to 'https://dev-dash.admetrics.ai/' successfully

2023-12-19 17:50:52 - [MESSAGE][PASSED] - Navigate to 'https://dev-dash.admetrics.ai/' successfully

2023-12-19 17:50:52 - [TEST_STEP][PASSED] - setText(findTestObject("Object Repository/Page_Project_Title/input_User ID_username"), "admin"): Text 'admin' is set on object 'Object Repository/Page_Project_Title/input_User ID_username'

2023-12-19 17:50:56 - [MESSAGE][PASSED] - Text 'admin' is set on object 'Object Repository/Page_Project_Title/input_User ID_username'

2023-12-19 17:50:56 - [TEST_STEP][PASSED] - setEncryptedText(findTestObject("Object Repository/Page_Project_Title/input_Password_password"), "7Dxoto1EjKfQbGop/Ov+1g=="): Text ****** has been set on object 'Object Repository/Page_Project_Title/input_Password_password'

2023-12-19 17:50:56 - [MESSAGE][PASSED] - Text ****** has been set on object 'Object Repository/Page_Project_Title/input_Password_password'

2023-12-19 17:50:56 - [TEST_STEP][PASSED] - click(findTestObject("Object Repository/Page_Project_Title/button_Login")): Object: 'Object Repository/Page_Project_Title/button_Login' is clicked on

2023-12-19 17:50:57 - [MESSAGE][PASSED] - Object: 'Object Repository/Page_Project_Title/button_Login' is clicked on

2023-12-19 17:50:57 - [MESSAGE][PASSED] - Call Test Case 'Test Cases/Reusable_Functions/Login' successfully

2023-12-19 17:50:57 - [TEST_STEP][PASSED] - verifyElementClickable(findTestObject("Object Repository/Page_Campaign_Metric_Table/Page_/li_Campaign")): Object 'Object Repository/Page_Campaign_Metric_Table/Page_/li_Campaign' is clickable

2023-12-19 17:51:01 - [MESSAGE][PASSED] - Object 'Object Repository/Page_Campaign_Metric_Table/Page_/li_Campaign' is clickable

2023-12-19 17:51:01 - [TEST_STEP][PASSED] - click(findTestObject("Object Repository/Page_Campaign_Metric_Table/Page_/li_Campaign")): Object: 'Object Repository/Page_Campaign_Metric_Table/Page_/li_Campaign' is clicked on

2023-12-19 17:51:02 - [MESSAGE][PASSED] - Object: 'Object Repository/Page_Campaign_Metric_Table/Page_/li_Campaign' is clicked on

2023-12-19 17:51:02 - [TEST_STEP][PASSED] - verifyElementClickable(findTestObject("Object Repository/Page_Campaign_Metric_Table/Page_/div_Campaign Metrics")): Object 'Object Repository/Page_Campaign_Metric_Table/Page_/div_Campaign Metrics' is clickable

2023-12-19 17:51:06 - [MESSAGE][PASSED] - Object 'Object Repository/Page_Campaign_Metric_Table/Page_/div_Campaign Metrics' is clickable

2023-12-19 17:51:06 - [TEST_STEP][PASSED] - click(findTestObject("Object Repository/Page_Campaign_Metric_Table/Page_/div_Campaign Metrics")): Object: 'Object Repository/Page_Campaign_Metric_Table/Page_/div_Campaign Metrics' is clicked on

2023-12-19 17:51:07 - [MESSAGE][PASSED] - Object: 'Object Repository/Page_Campaign_Metric_Table/Page_/div_Campaign Metrics' is clicked on

2023-12-19 17:51:07 - [TEST_STEP][PASSED] - verifyElementClickable(findTestObject("Object Repository/Page_Campaign_Metric_Table/Page_/svg_Enter a date range_mat-datepicker-toggl_ef015c")): Object 'Object Repository/Page_Campaign_Metric_Table/Page_/svg_Enter a date range_mat-datepicker-toggl_ef015c' is clickable

2023-12-19 17:51:11 - [MESSAGE][PASSED] - Object 'Object Repository/Page_Campaign_Metric_Table/Page_/svg_Enter a date range_mat-datepicker-toggl_ef015c' is clickable

2023-12-19 17:51:11 - [TEST_STEP][PASSED] - verifyElementClickable(findTestObject("Object Repository/Page_Campaign_Metric_Table/Page_/mat-icon_clear")): Object 'Object Repository/Page_Campaign_Metric_Table/Page_/mat-icon_clear' is clickable

2023-12-19 17:51:11 - [MESSAGE][PASSED] - Object 'Object Repository/Page_Campaign_Metric_Table/Page_/mat-icon_clear' is clickable

2023-12-19 17:51:11 - [TEST_STEP][PASSED] - click(findTestObject("Object Repository/Page_Campaign_Metric_Table/Page_/svg_Enter a date range_mat-datepicker-toggl_ef015c")): Object: 'Object Repository/Page_Campaign_Metric_Table/Page_/svg_Enter a date range_mat-datepicker-toggl_ef015c' is clicked on

2023-12-19 17:51:12 - [MESSAGE][PASSED] - Object: 'Object Repository/Page_Campaign_Metric_Table/Page_/svg_Enter a date range_mat-datepicker-toggl_ef015c' is clicked on

2023-12-19 17:51:12 - [TEST_STEP][PASSED] - verifyElementClickable(findTestObject("Object Repository/Page_Campaign_Metric_Table/Page_/button_DEC 2023_mat-focus-indicator mat-cal_bd9491")): Object 'Object Repository/Page_Campaign_Metric_Table/Page_/button_DEC 2023_mat-focus-indicator mat-cal_bd9491' is clickable

2023-12-19 17:51:13 - [MESSAGE][PASSED] - Object 'Object Repository/Page_Campaign_Metric_Table/Page_/button_DEC 2023_mat-focus-indicator mat-cal_bd9491' is clickable

2023-12-19 17:51:13 - [TEST_STEP][PASSED] - verifyElementClickable(findTestObject("Object Repository/Page_Campaign_Metric_Table/Page_/button_DEC 2023_mat-focus-indicator mat-cal_bd9491")): Object 'Object Repository/Page_Campaign_Metric_Table/Page_/button_DEC 2023_mat-focus-indicator mat-cal_bd9491' is clickable

2023-12-19 17:51:13 - [MESSAGE][PASSED] - Object 'Object Repository/Page_Campaign_Metric_Table/Page_/button_DEC 2023_mat-focus-indicator mat-cal_bd9491' is clickable

2023-12-19 17:51:13 - [TEST_STEP][PASSED] - click(findTestObject("Object Repository/Page_Campaign_Metric_Table/Page_/button_DEC 2023_mat-focus-indicator mat-cal_bd9491")): Object: 'Object Repository/Page_Campaign_Metric_Table/Page_/button_DEC 2023_mat-focus-indicator mat-cal_bd9491' is clicked on

2023-12-19 17:51:14 - [MESSAGE][PASSED] - Object: 'Object Repository/Page_Campaign_Metric_Table/Page_/button_DEC 2023_mat-focus-indicator mat-cal_bd9491' is clicked on

2023-12-19 17:51:14 - [TEST_STEP][PASSED] - click(findTestObject("Object Repository/Page_Campaign_Metric_Table/Page_/button_DEC 2023_mat-focus-indicator mat-cal_bd9491")): Object: 'Object Repository/Page_Campaign_Metric_Table/Page_/button_DEC 2023_mat-focus-indicator mat-cal_bd9491' is clicked on

2023-12-19 17:51:15 - [MESSAGE][PASSED] - Object: 'Object Repository/Page_Campaign_Metric_Table/Page_/button_DEC 2023_mat-focus-indicator mat-cal_bd9491' is clicked on

2023-12-19 17:51:15 - [TEST_STEP][PASSED] - click(findTestObject("Object Repository/Page_Campaign_Metric_Table/Page_/button_DEC 2023_mat-focus-indicator mat-cal_bd9491")): Object: 'Object Repository/Page_Campaign_Metric_Table/Page_/button_DEC 2023_mat-focus-indicator mat-cal_bd9491' is clicked on

2023-12-19 17:51:16 - [MESSAGE][PASSED] - Object: 'Object Repository/Page_Campaign_Metric_Table/Page_/button_DEC 2023_mat-focus-indicator mat-cal_bd9491' is clicked on

2023-12-19 17:51:16 - [TEST_STEP][PASSED] - click(findTestObject("Object Repository/Page_Campaign_Metric_Table/Page_/div_1")): Object: 'Object Repository/Page_Campaign_Metric_Table/Page_/div_1' is clicked on

2023-12-19 17:51:17 - [MESSAGE][PASSED] - Object: 'Object Repository/Page_Campaign_Metric_Table/Page_/div_1' is clicked on

2023-12-19 17:51:17 - [TEST_STEP][PASSED] - click(findTestObject("Object Repository/Page_Campaign_Metric_Table/Page_/div_30")): Object: 'Object Repository/Page_Campaign_Metric_Table/Page_/div_30' is clicked on

2023-12-19 17:51:18 - [MESSAGE][PASSED] - Object: 'Object Repository/Page_Campaign_Metric_Table/Page_/div_30' is clicked on

2023-12-19 17:51:18 - [TEST_STEP][PASSED] - verifyElementText(findTestObject("Object Repository/Page_Campaign_Metric_Table/Page_/div_Select Channel"), "Select Channel"): Actual text and expected text of test object 'Object Repository/Page_Campaign_Metric_Table/Page_/div_Select Channel' are matched.

2023-12-19 17:51:19 - [MESSAGE][PASSED] - Actual text and expected text of test object 'Object Repository/Page_Campaign_Metric_Table/Page_/div_Select Channel' are matched.

2023-12-19 17:51:19 - [TEST_STEP][PASSED] - verifyElementClickable(findTestObject("Object Repository/Page_Campaign_Metric_Table/Page_/span_Google Ads_ng-arrow-wrapper")): Object 'Object Repository/Page_Campaign_Metric_Table/Page_/span_Google Ads_ng-arrow-wrapper' is clickable

2023-12-19 17:51:19 - [MESSAGE][PASSED] - Object 'Object Repository/Page_Campaign_Metric_Table/Page_/span_Google Ads_ng-arrow-wrapper' is clickable

2023-12-19 17:51:19 - [TEST_STEP][PASSED] - click(findTestObject("Object Repository/Page_Campaign_Metric_Table/Page_/span_Google Ads_ng-arrow-wrapper")): Object: 'Object Repository/Page_Campaign_Metric_Table/Page_/span_Google Ads_ng-arrow-wrapper' is clicked on

2023-12-19 17:51:19 - [MESSAGE][PASSED] - Object: 'Object Repository/Page_Campaign_Metric_Table/Page_/span_Google Ads_ng-arrow-wrapper' is clicked on

2023-12-19 17:51:19 - [TEST_STEP][PASSED] - click(findTestObject("Object Repository/Page_Campaign_Metric_Table/Page_/span_Google Ads_ng-arrow-wrapper")): Object: 'Object Repository/Page_Campaign_Metric_Table/Page_/span_Google Ads_ng-arrow-wrapper' is clicked on

2023-12-19 17:51:20 - [MESSAGE][PASSED] - Object: 'Object Repository/Page_Campaign_Metric_Table/Page_/span_Google Ads_ng-arrow-wrapper' is clicked on

2023-12-19 17:51:20 - [TEST_STEP][PASSED] - verifyElementText(findTestObject("Object Repository/Page_Campaign_Metric_Table/Page_/div_Select Businessline"), "Select Businessline"): Actual text and expected text of test object 'Object Repository/Page_Campaign_Metric_Table/Page_/div_Select Businessline' are matched.

2023-12-19 17:51:21 - [MESSAGE][PASSED] - Actual text and expected text of test object 'Object Repository/Page_Campaign_Metric_Table/Page_/div_Select Businessline' are matched.

2023-12-19 17:51:21 - [TEST_STEP][PASSED] - verifyElementClickable(findTestObject("Object Repository/Page_Campaign_Metric_Table/Page_/span_Buyer_ng-arrow-wrapper")): Object 'Object Repository/Page_Campaign_Metric_Table/Page_/span_Buyer_ng-arrow-wrapper' is clickable

2023-12-19 17:51:21 - [MESSAGE][PASSED] - Object 'Object Repository/Page_Campaign_Metric_Table/Page_/span_Buyer_ng-arrow-wrapper' is clickable

2023-12-19 17:51:21 - [TEST_STEP][PASSED] - click(findTestObject("Object Repository/Page_Campaign_Metric_Table/Page_/span_Buyer_ng-arrow-wrapper")): Object: 'Object Repository/Page_Campaign_Metric_Table/Page_/span_Buyer_ng-arrow-wrapper' is clicked on

2023-12-19 17:51:22 - [MESSAGE][PASSED] - Object: 'Object Repository/Page_Campaign_Metric_Table/Page_/span_Buyer_ng-arrow-wrapper' is clicked on

2023-12-19 17:51:22 - [TEST_STEP][PASSED] - click(findTestObject("Object Repository/Page_Campaign_Metric_Table/Page_/span_Buyer_ng-arrow-wrapper")): Object: 'Object Repository/Page_Campaign_Metric_Table/Page_/span_Buyer_ng-arrow-wrapper' is clicked on

2023-12-19 17:51:22 - [MESSAGE][PASSED] - Object: 'Object Repository/Page_Campaign_Metric_Table/Page_/span_Buyer_ng-arrow-wrapper' is clicked on

2023-12-19 17:51:22 - [TEST_STEP][PASSED] - verifyElementText(findTestObject("Object Repository/Page_Campaign_Metric_Table/Page_/div_Select Campaign Status"), "Select Campaign Status"): Actual text and expected text of test object 'Object Repository/Page_Campaign_Metric_Table/Page_/div_Select Campaign Status' are matched.

2023-12-19 17:51:23 - [MESSAGE][PASSED] - Actual text and expected text of test object 'Object Repository/Page_Campaign_Metric_Table/Page_/div_Select Campaign Status' are matched.

2023-12-19 17:51:23 - [TEST_STEP][PASSED] - verifyElementClickable(findTestObject("Object Repository/Page_Campaign_Metric_Table/Page_/span_ENABLED_ng-arrow-wrapper")): Object 'Object Repository/Page_Campaign_Metric_Table/Page_/span_ENABLED_ng-arrow-wrapper' is clickable

2023-12-19 17:51:23 - [MESSAGE][PASSED] - Object 'Object Repository/Page_Campaign_Metric_Table/Page_/span_ENABLED_ng-arrow-wrapper' is clickable

2023-12-19 17:51:23 - [TEST_STEP][PASSED] - click(findTestObject("Object Repository/Page_Campaign_Metric_Table/Page_/span_ENABLED_ng-arrow-wrapper")): Object: 'Object Repository/Page_Campaign_Metric_Table/Page_/span_ENABLED_ng-arrow-wrapper' is clicked on

2023-12-19 17:51:24 - [MESSAGE][PASSED] - Object: 'Object Repository/Page_Campaign_Metric_Table/Page_/span_ENABLED_ng-arrow-wrapper' is clicked on

2023-12-19 17:51:24 - [TEST_STEP][PASSED] - click(findTestObject("Object Repository/Page_Campaign_Metric_Table/Page_/span_ENABLED_ng-arrow-wrapper")): Object: 'Object Repository/Page_Campaign_Metric_Table/Page_/span_ENABLED_ng-arrow-wrapper' is clicked on

2023-12-19 17:51:24 - [MESSAGE][PASSED] - Object: 'Object Repository/Page_Campaign_Metric_Table/Page_/span_ENABLED_ng-arrow-wrapper' is clicked on

2023-12-19 17:51:24 - [TEST_STEP][PASSED] - verifyElementText(findTestObject("Object Repository/Page_Campaign_Metric_Table/Page_/input_text"), ""): Actual text and expected text of test object 'Object Repository/Page_Campaign_Metric_Table/Page_/input_text' are matched.

2023-12-19 17:51:25 - [MESSAGE][PASSED] - Actual text and expected text of test object 'Object Repository/Page_Campaign_Metric_Table/Page_/input_text' are matched.

2023-12-19 17:51:25 - [TEST_STEP][PASSED] - verifyElementClickable(findTestObject("Object Repository/Page_Campaign_Metric_Table/Page_/span_Select Campaign Name_ng-arrow-wrapper")): Object 'Object Repository/Page_Campaign_Metric_Table/Page_/span_Select Campaign Name_ng-arrow-wrapper' is clickable

2023-12-19 17:51:25 - [MESSAGE][PASSED] - Object 'Object Repository/Page_Campaign_Metric_Table/Page_/span_Select Campaign Name_ng-arrow-wrapper' is clickable

2023-12-19 17:51:25 - [TEST_STEP][PASSED] - click(findTestObject("Object Repository/Page_Campaign_Metric_Table/Page_/span_Select Campaign Name_ng-arrow-wrapper_1")): Object: 'Object Repository/Page_Campaign_Metric_Table/Page_/span_Select Campaign Name_ng-arrow-wrapper_1' is clicked on

2023-12-19 17:51:26 - [MESSAGE][PASSED] - Object: 'Object Repository/Page_Campaign_Metric_Table/Page_/span_Select Campaign Name_ng-arrow-wrapper_1' is clicked on

2023-12-19 17:51:26 - [TEST_STEP][PASSED] - click(findTestObject("Object Repository/Page_Campaign_Metric_Table/Page_/span_Select Campaign Name_ng-arrow-wrapper_1_2")): Object: 'Object Repository/Page_Campaign_Metric_Table/Page_/span_Select Campaign Name_ng-arrow-wrapper_1_2' is clicked on

2023-12-19 17:51:26 - [MESSAGE][PASSED] - Object: 'Object Repository/Page_Campaign_Metric_Table/Page_/span_Select Campaign Name_ng-arrow-wrapper_1_2' is clicked on

2023-12-19 17:51:26 - [TEST_STEP][PASSED] - verifyElementText(findTestObject("Object Repository/Page_Campaign_Metric_Table/Page_/h2_Campaign Metrics"), "Campaign Metrics"): Actual text and expected text of test object 'Object Repository/Page_Campaign_Metric_Table/Page_/h2_Campaign Metrics' are matched.

2023-12-19 17:51:27 - [MESSAGE][PASSED] - Actual text and expected text of test object 'Object Repository/Page_Campaign_Metric_Table/Page_/h2_Campaign Metrics' are matched.

2023-12-19 17:51:27 - [TEST_STEP][PASSED] - verifyElementText(findTestObject("Object Repository/Page_Campaign_Metric_Table/Page_/div_Date"), "Date"): Actual text and expected text of test object 'Object Repository/Page_Campaign_Metric_Table/Page_/div_Date' are matched.

2023-12-19 17:51:28 - [MESSAGE][PASSED] - Actual text and expected text of test object 'Object Repository/Page_Campaign_Metric_Table/Page_/div_Date' are matched.

2023-12-19 17:51:28 - [TEST_STEP][PASSED] - verifyElementClickable(findTestObject("Object Repository/Page_Campaign_Metric_Table/Page_/div_Date_mat-sort-header-stem ng-tns-c99-19")): Object 'Object Repository/Page_Campaign_Metric_Table/Page_/div_Date_mat-sort-header-stem ng-tns-c99-19' is clickable

2023-12-19 17:51:28 - [MESSAGE][PASSED] - Object 'Object Repository/Page_Campaign_Metric_Table/Page_/div_Date_mat-sort-header-stem ng-tns-c99-19' is clickable

2023-12-19 17:51:28 - [TEST_STEP][PASSED] - verifyElementText(findTestObject("Object Repository/Page_Campaign_Metric_Table/Page_/div_Channel"), "Channel"): Actual text and expected text of test object 'Object Repository/Page_Campaign_Metric_Table/Page_/div_Channel' are matched.

2023-12-19 17:51:29 - [MESSAGE][PASSED] - Actual text and expected text of test object 'Object Repository/Page_Campaign_Metric_Table/Page_/div_Channel' are matched.

2023-12-19 17:51:29 - [TEST_STEP][PASSED] - verifyElementClickable(findTestObject("Object Repository/Page_Campaign_Metric_Table/Page_/div_Channel_mat-sort-header-arrow ng-trigge_f57087")): Object 'Object Repository/Page_Campaign_Metric_Table/Page_/div_Channel_mat-sort-header-arrow ng-trigge_f57087' is clickable

2023-12-19 17:51:29 - [MESSAGE][PASSED] - Object 'Object Repository/Page_Campaign_Metric_Table/Page_/div_Channel_mat-sort-header-arrow ng-trigge_f57087' is clickable

2023-12-19 17:51:29 - [TEST_STEP][PASSED] - verifyElementText(findTestObject("Object Repository/Page_Campaign_Metric_Table/Page_/div_Campaign Name"), "Campaign Name"): Actual text and expected text of test object 'Object Repository/Page_Campaign_Metric_Table/Page_/div_Campaign Name' are matched.

2023-12-19 17:51:30 - [MESSAGE][PASSED] - Actual text and expected text of test object 'Object Repository/Page_Campaign_Metric_Table/Page_/div_Campaign Name' are matched.

2023-12-19 17:51:30 - [TEST_STEP][PASSED] - verifyElementClickable(findTestObject("Object Repository/Page_Campaign_Metric_Table/Page_/div_Campaign Name_mat-sort-header-arrow ng-_8987ad")): Object 'Object Repository/Page_Campaign_Metric_Table/Page_/div_Campaign Name_mat-sort-header-arrow ng-_8987ad' is clickable

2023-12-19 17:51:30 - [MESSAGE][PASSED] - Object 'Object Repository/Page_Campaign_Metric_Table/Page_/div_Campaign Name_mat-sort-header-arrow ng-_8987ad' is clickable

2023-12-19 17:51:30 - [TEST_STEP][PASSED] - click(findTestObject("Object Repository/Page_Campaign_Metric_Table/Page_/div_Campaign Name_mat-sort-header-arrow ng-_8987ad")): Object: 'Object Repository/Page_Campaign_Metric_Table/Page_/div_Campaign Name_mat-sort-header-arrow ng-_8987ad' is clicked on

2023-12-19 17:51:31 - [MESSAGE][PASSED] - Object: 'Object Repository/Page_Campaign_Metric_Table/Page_/div_Campaign Name_mat-sort-header-arrow ng-_8987ad' is clicked on

2023-12-19 17:51:31 - [TEST_STEP][PASSED] - verifyElementText(findTestObject("Object Repository/Page_Campaign_Metric_Table/Page_/div_Clicks"), "Clicks"): Actual text and expected text of test object 'Object Repository/Page_Campaign_Metric_Table/Page_/div_Clicks' are matched.

2023-12-19 17:51:31 - [MESSAGE][PASSED] - Actual text and expected text of test object 'Object Repository/Page_Campaign_Metric_Table/Page_/div_Clicks' are matched.

2023-12-19 17:51:31 - [TEST_STEP][PASSED] - verifyElementClickable(findTestObject("Object Repository/Page_Campaign_Metric_Table/Page_/div_Clicks_mat-sort-header-arrow ng-trigger_b734c1")): Object 'Object Repository/Page_Campaign_Metric_Table/Page_/div_Clicks_mat-sort-header-arrow ng-trigger_b734c1' is clickable

2023-12-19 17:51:32 - [MESSAGE][PASSED] - Object 'Object Repository/Page_Campaign_Metric_Table/Page_/div_Clicks_mat-sort-header-arrow ng-trigger_b734c1' is clickable

2023-12-19 17:51:32 - [TEST_STEP][PASSED] - click(findTestObject("Object Repository/Page_Campaign_Metric_Table/Page_/div_Clicks_mat-sort-header-pointer-right ng_476778")): Object: 'Object Repository/Page_Campaign_Metric_Table/Page_/div_Clicks_mat-sort-header-pointer-right ng_476778' is clicked on

2023-12-19 17:51:33 - [MESSAGE][PASSED] - Object: 'Object Repository/Page_Campaign_Metric_Table/Page_/div_Clicks_mat-sort-header-pointer-right ng_476778' is clicked on

2023-12-19 17:51:33 - [TEST_STEP][PASSED] - verifyElementText(findTestObject("Object Repository/Page_Campaign_Metric_Table/Page_/div_Impressions"), "Impressions"): Actual text and expected text of test object 'Object Repository/Page_Campaign_Metric_Table/Page_/div_Impressions' are matched.

2023-12-19 17:51:33 - [MESSAGE][PASSED] - Actual text and expected text of test object 'Object Repository/Page_Campaign_Metric_Table/Page_/div_Impressions' are matched.

2023-12-19 17:51:33 - [TEST_STEP][PASSED] - verifyElementClickable(findTestObject("Object Repository/Page_Campaign_Metric_Table/Page_/div_Impressions_mat-sort-header-arrow ng-tr_ed34d1")): Object 'Object Repository/Page_Campaign_Metric_Table/Page_/div_Impressions_mat-sort-header-arrow ng-tr_ed34d1' is clickable

2023-12-19 17:51:34 - [MESSAGE][PASSED] - Object 'Object Repository/Page_Campaign_Metric_Table/Page_/div_Impressions_mat-sort-header-arrow ng-tr_ed34d1' is clickable

2023-12-19 17:51:34 - [TEST_STEP][PASSED] - click(findTestObject("Object Repository/Page_Campaign_Metric_Table/Page_/div_Impressions_mat-sort-header-arrow ng-tr_f28acf")): Object: 'Object Repository/Page_Campaign_Metric_Table/Page_/div_Impressions_mat-sort-header-arrow ng-tr_f28acf' is clicked on

2023-12-19 17:51:34 - [MESSAGE][PASSED] - Object: 'Object Repository/Page_Campaign_Metric_Table/Page_/div_Impressions_mat-sort-header-arrow ng-tr_f28acf' is clicked on

2023-12-19 17:51:34 - [TEST_STEP][PASSED] - verifyElementText(findTestObject("Object Repository/Page_Campaign_Metric_Table/Page_/div_CTR"), "CTR"): Actual text and expected text of test object 'Object Repository/Page_Campaign_Metric_Table/Page_/div_CTR' are matched.

2023-12-19 17:51:35 - [MESSAGE][PASSED] - Actual text and expected text of test object 'Object Repository/Page_Campaign_Metric_Table/Page_/div_CTR' are matched.

2023-12-19 17:51:35 - [TEST_STEP][PASSED] - verifyElementClickable(findTestObject("Object Repository/Page_Campaign_Metric_Table/Page_/div_CTR_mat-sort-header-pointer-right ng-tn_aed4c2")): Object 'Object Repository/Page_Campaign_Metric_Table/Page_/div_CTR_mat-sort-header-pointer-right ng-tn_aed4c2' is clickable

2023-12-19 17:51:35 - [MESSAGE][PASSED] - Object 'Object Repository/Page_Campaign_Metric_Table/Page_/div_CTR_mat-sort-header-pointer-right ng-tn_aed4c2' is clickable

2023-12-19 17:51:35 - [TEST_STEP][PASSED] - click(findTestObject("Object Repository/Page_Campaign_Metric_Table/Page_/div_CTR_mat-sort-header-stem ng-tns-c99-24")): Object: 'Object Repository/Page_Campaign_Metric_Table/Page_/div_CTR_mat-sort-header-stem ng-tns-c99-24' is clicked on

2023-12-19 17:51:36 - [MESSAGE][PASSED] - Object: 'Object Repository/Page_Campaign_Metric_Table/Page_/div_CTR_mat-sort-header-stem ng-tns-c99-24' is clicked on

2023-12-19 17:51:36 - [TEST_STEP][PASSED] - verifyElementText(findTestObject("Object Repository/Page_Campaign_Metric_Table/Page_/div_Reach"), "Reach"): Actual text and expected text of test object 'Object Repository/Page_Campaign_Metric_Table/Page_/div_Reach' are matched.

2023-12-19 17:51:36 - [MESSAGE][PASSED] - Actual text and expected text of test object 'Object Repository/Page_Campaign_Metric_Table/Page_/div_Reach' are matched.

2023-12-19 17:51:36 - [TEST_STEP][PASSED] - verifyElementClickable(findTestObject("Object Repository/Page_Campaign_Metric_Table/Page_/div_Reach_mat-sort-header-arrow ng-trigger _8c97b8")): Object 'Object Repository/Page_Campaign_Metric_Table/Page_/div_Reach_mat-sort-header-arrow ng-trigger _8c97b8' is clickable

2023-12-19 17:51:37 - [MESSAGE][PASSED] - Object 'Object Repository/Page_Campaign_Metric_Table/Page_/div_Reach_mat-sort-header-arrow ng-trigger _8c97b8' is clickable

2023-12-19 17:51:37 - [TEST_STEP][PASSED] - click(findTestObject("Object Repository/Page_Campaign_Metric_Table/Page_/div_Reach_mat-sort-header-pointer-right ng-_fc1ecb")): Object: 'Object Repository/Page_Campaign_Metric_Table/Page_/div_Reach_mat-sort-header-pointer-right ng-_fc1ecb' is clicked on

2023-12-19 17:51:37 - [MESSAGE][PASSED] - Object: 'Object Repository/Page_Campaign_Metric_Table/Page_/div_Reach_mat-sort-header-pointer-right ng-_fc1ecb' is clicked on

2023-12-19 17:51:37 - [TEST_STEP][PASSED] - verifyElementText(findTestObject("Object Repository/Page_Campaign_Metric_Table/Page_/div_Spend"), "Spend"): Actual text and expected text of test object 'Object Repository/Page_Campaign_Metric_Table/Page_/div_Spend' are matched.

2023-12-19 17:51:38 - [MESSAGE][PASSED] - Actual text and expected text of test object 'Object Repository/Page_Campaign_Metric_Table/Page_/div_Spend' are matched.

2023-12-19 17:51:38 - [TEST_STEP][PASSED] - verifyElementClickable(findTestObject("Object Repository/Page_Campaign_Metric_Table/Page_/div_Spend_mat-sort-header-arrow ng-trigger _30b2bc")): Object 'Object Repository/Page_Campaign_Metric_Table/Page_/div_Spend_mat-sort-header-arrow ng-trigger _30b2bc' is clickable

2023-12-19 17:51:39 - [MESSAGE][PASSED] - Object 'Object Repository/Page_Campaign_Metric_Table/Page_/div_Spend_mat-sort-header-arrow ng-trigger _30b2bc' is clickable

2023-12-19 17:51:39 - [TEST_STEP][PASSED] - click(findTestObject("Object Repository/Page_Campaign_Metric_Table/Page_/div_Spend_mat-sort-header-pointer-right ng-_841ab6")): Object: 'Object Repository/Page_Campaign_Metric_Table/Page_/div_Spend_mat-sort-header-pointer-right ng-_841ab6' is clicked on

2023-12-19 17:51:39 - [MESSAGE][PASSED] - Object: 'Object Repository/Page_Campaign_Metric_Table/Page_/div_Spend_mat-sort-header-pointer-right ng-_841ab6' is clicked on

2023-12-19 17:51:39 - [TEST_STEP][PASSED] - verifyElementText(findTestObject("Object Repository/Page_Campaign_Metric_Table/Page_/div_Items per page"), "Items per page:"): Actual text and expected text of test object 'Object Repository/Page_Campaign_Metric_Table/Page_/div_Items per page' are matched.

2023-12-19 17:51:40 - [MESSAGE][PASSED] - Actual text and expected text of test object 'Object Repository/Page_Campaign_Metric_Table/Page_/div_Items per page' are matched.

2023-12-19 17:51:40 - [TEST_STEP][PASSED] - verifyElementClickable(findTestObject("Object Repository/Page_Campaign_Metric_Table/Page_/div_Items per page_mat-select-arrow-wrapper_f05958")): Object 'Object Repository/Page_Campaign_Metric_Table/Page_/div_Items per page_mat-select-arrow-wrapper_f05958' is clickable

2023-12-19 17:51:40 - [MESSAGE][PASSED] - Object 'Object Repository/Page_Campaign_Metric_Table/Page_/div_Items per page_mat-select-arrow-wrapper_f05958' is clickable

2023-12-19 17:51:40 - [TEST_STEP][PASSED] - click(findTestObject("Object Repository/Page_Campaign_Metric_Table/Page_/div_Items per page_mat-select-arrow-wrapper_f05958")): Object: 'Object Repository/Page_Campaign_Metric_Table/Page_/div_Items per page_mat-select-arrow-wrapper_f05958' is clicked on

2023-12-19 17:51:41 - [MESSAGE][PASSED] - Object: 'Object Repository/Page_Campaign_Metric_Table/Page_/div_Items per page_mat-select-arrow-wrapper_f05958' is clicked on

2023-12-19 17:51:41 - [TEST_STEP][PASSED] - click(findTestObject("Object Repository/Page_Campaign_Metric_Table/Page_/span_10")): Object: 'Object Repository/Page_Campaign_Metric_Table/Page_/span_10' is clicked on

2023-12-19 17:51:41 - [MESSAGE][PASSED] - Object: 'Object Repository/Page_Campaign_Metric_Table/Page_/span_10' is clicked on

2023-12-19 17:51:41 - [TEST_STEP][PASSED] - click(findTestObject("Object Repository/Page_Campaign_Metric_Table/Page_/div_Items per page_mat-select-arrow ng-tns-c110-18")): Object: 'Object Repository/Page_Campaign_Metric_Table/Page_/div_Items per page_mat-select-arrow ng-tns-c110-18' is clicked on

2023-12-19 17:51:42 - [MESSAGE][PASSED] - Object: 'Object Repository/Page_Campaign_Metric_Table/Page_/div_Items per page_mat-select-arrow ng-tns-c110-18' is clicked on

2023-12-19 17:51:42 - [TEST_STEP][PASSED] - click(findTestObject("Object Repository/Page_Campaign_Metric_Table/Page_/span_20")): Object: 'Object Repository/Page_Campaign_Metric_Table/Page_/span_20' is clicked on

2023-12-19 17:51:42 - [MESSAGE][PASSED] - Object: 'Object Repository/Page_Campaign_Metric_Table/Page_/span_20' is clicked on

2023-12-19 17:51:42 - [TEST_STEP][PASSED] - click(findTestObject("Object Repository/Page_Campaign_Metric_Table/Page_/div_Items per page_mat-select-arrow ng-tns-c110-18")): Object: 'Object Repository/Page_Campaign_Metric_Table/Page_/div_Items per page_mat-select-arrow ng-tns-c110-18' is clicked on

2023-12-19 17:51:43 - [MESSAGE][PASSED] - Object: 'Object Repository/Page_Campaign_Metric_Table/Page_/div_Items per page_mat-select-arrow ng-tns-c110-18' is clicked on

2023-12-19 17:51:43 - [TEST_STEP][PASSED] - click(findTestObject("Object Repository/Page_Campaign_Metric_Table/Page_/span_30")): Object: 'Object Repository/Page_Campaign_Metric_Table/Page_/span_30' is clicked on

2023-12-19 17:51:44 - [MESSAGE][PASSED] - Object: 'Object Repository/Page_Campaign_Metric_Table/Page_/span_30' is clicked on

2023-12-19 17:51:44 - [TEST_STEP][PASSED] - click(findTestObject("Object Repository/Page_Campaign_Metric_Table/Page_/div_Items per page_mat-select-arrow-wrapper_f05958")): Object: 'Object Repository/Page_Campaign_Metric_Table/Page_/div_Items per page_mat-select-arrow-wrapper_f05958' is clicked on

2023-12-19 17:51:44 - [MESSAGE][PASSED] - Object: 'Object Repository/Page_Campaign_Metric_Table/Page_/div_Items per page_mat-select-arrow-wrapper_f05958' is clicked on

2023-12-19 17:51:44 - [TEST_STEP][PASSED] - click(findTestObject("Object Repository/Page_Campaign_Metric_Table/Page_/span_5")): Object: 'Object Repository/Page_Campaign_Metric_Table/Page_/span_5' is clicked on

2023-12-19 17:51:45 - [MESSAGE][PASSED] - Object: 'Object Repository/Page_Campaign_Metric_Table/Page_/span_5' is clicked on

2023-12-19 17:51:45 - [TEST_STEP][PASSED] - verifyElementClickable(findTestObject("Object Repository/Page_Campaign_Metric_Table/Page_/svg_Items per page_mat-paginator-icon")): Object 'Object Repository/Page_Campaign_Metric_Table/Page_/svg_Items per page_mat-paginator-icon' is clickable

2023-12-19 17:51:46 - [MESSAGE][PASSED] - Object 'Object Repository/Page_Campaign_Metric_Table/Page_/svg_Items per page_mat-paginator-icon' is clickable

2023-12-19 17:51:46 - [TEST_STEP][PASSED] - click(findTestObject("Object Repository/Page_Campaign_Metric_Table/Page_/svg_Items per page_mat-paginator-icon")): Object: 'Object Repository/Page_Campaign_Metric_Table/Page_/svg_Items per page_mat-paginator-icon' is clicked on

2023-12-19 17:51:46 - [MESSAGE][PASSED] - Object: 'Object Repository/Page_Campaign_Metric_Table/Page_/svg_Items per page_mat-paginator-icon' is clicked on

2023-12-19 17:51:46 - [TEST_STEP][PASSED] - click(findTestObject("Object Repository/Page_Campaign_Metric_Table/Page_/svg_Items per page_mat-paginator-icon_1")): Object: 'Object Repository/Page_Campaign_Metric_Table/Page_/svg_Items per page_mat-paginator-icon_1' is clicked on

2023-12-19 17:51:47 - [MESSAGE][PASSED] - Object: 'Object Repository/Page_Campaign_Metric_Table/Page_/svg_Items per page_mat-paginator-icon_1' is clicked on

2023-12-19 17:51:47 - [TEST_STEP][PASSED] - closeBrowser(): Browser is closed

2023-12-19 17:51:48 - [MESSAGE][PASSED] - Browser is closed]]></system-out>
         <system-err><![CDATA[]]></system-err>
      </testcase>
      <system-out><![CDATA[2023-12-19 17:29:54 - [TEST_SUITE][PASSED] - Function_test: Test Cases/Campaign/test_campaign_metric_table]]></system-out>
      <system-err><![CDATA[]]></system-err>
   </testsuite>
</testsuites>
