<?xml version="1.0" encoding="UTF-8"?>
<testsuites name="Demo_test" time="47.078" tests="6" failures="0" errors="0">
   <testsuite name="Demo_test" tests="6" failures="0" errors="0" time="47.078" skipped="0" timestamp="2023-12-20 18:17:43" hostname="Pavitra I R - DESKTOP-MFB1Q4P" id="Test Suites/Demo_test">
      <properties>
         <property name="deviceName" value=""/>
         <property name="devicePlatform" value=""/>
         <property name="logFolder" value="C:\\Users\\Pavitra I R\\Katalon Studio\\Admetrics\\Reports\\20231220_181733\\Demo_test\\20231220_181733"/>
         <property name="logFiles" value="C:\\Users\\Pavitra I R\\Katalon Studio\\Admetrics\\Reports\\20231220_181733\\Demo_test\\20231220_181733\\execution0.log"/>
         <property name="attachments" value=""/>
         <property name="hostName" value="Pavitra I R - DESKTOP-MFB1Q4P"/>
         <property name="os" value="Windows 10 64bit"/>
         <property name="katalonVersion" value="8.6.8.208"/>
         <property name="browser" value="Chrome 120.0.0.0"/>
         <property name="hostAddress" value="192.168.1.110"/>
         <property name="sessionId" value="150fa7284392c198e0c50ac5d14d2dd3"/>
         <property name="seleniumVersion" value="3.141.59"/>
         <property name="proxyInformation" value="ProxyInformation { proxyOption=NO_PROXY, proxyServerType=HTTP, username=, password=********, proxyServerAddress=, proxyServerPort=0, executionList=&quot;&quot;, isApplyToDesiredCapabilities=true }"/>
         <property name="platform" value="Windows 10"/>
      </properties>
      <testcase name="Test Cases/Login_Page/test_empty_credentials" time="8.408" classname="Test Cases/Login_Page/test_empty_credentials" status="PASSED">
         <system-out><![CDATA[2023-12-20 18:17:44 - [TEST_CASE][PASSED] - Test Cases/Login_Page/test_empty_credentials: Test Cases/Login_Page/test_empty_credentials

2023-12-20 18:17:44 - [TEST_STEP][PASSED] - openBrowser(""): Browser is opened with url: ''

2023-12-20 18:17:44 - [MESSAGE][INFO] - Starting 'Chrome' driver

2023-12-20 18:17:44 - [MESSAGE][INFO] - Action delay is set to 0 milliseconds

2023-12-20 18:17:47 - [MESSAGE][PASSED] - Browser is opened with url: ''

2023-12-20 18:17:47 - [TEST_STEP][PASSED] - maximizeWindow(): Current window maximized

2023-12-20 18:17:47 - [MESSAGE][PASSED] - Current window maximized

2023-12-20 18:17:47 - [TEST_STEP][PASSED] - navigateToUrl(url): Navigate to 'https://dev-dash.admetrics.ai/' successfully

2023-12-20 18:17:48 - [MESSAGE][PASSED] - Navigate to 'https://dev-dash.admetrics.ai/' successfully

2023-12-20 18:17:48 - [TEST_STEP][PASSED] - click(findTestObject("Object Repository/Page_Empty_credentials/Page_/input_User ID_username")): Object: 'Object Repository/Page_Empty_credentials/Page_/input_User ID_username' is clicked on

2023-12-20 18:17:50 - [MESSAGE][PASSED] - Object: 'Object Repository/Page_Empty_credentials/Page_/input_User ID_username' is clicked on

2023-12-20 18:17:50 - [TEST_STEP][PASSED] - click(findTestObject("Object Repository/Page_Empty_credentials/Page_/button_Login")): Object: 'Object Repository/Page_Empty_credentials/Page_/button_Login' is clicked on

2023-12-20 18:17:50 - [MESSAGE][PASSED] - Object: 'Object Repository/Page_Empty_credentials/Page_/button_Login' is clicked on

2023-12-20 18:17:50 - [TEST_STEP][PASSED] - verifyElementText(findTestObject("Object Repository/Page_Empty_credentials/Page_/span_Invalid Credentials"), "Invalid Credentials"): Actual text and expected text of test object 'Object Repository/Page_Empty_credentials/Page_/span_Invalid Credentials' are matched.

2023-12-20 18:17:51 - [MESSAGE][PASSED] - Actual text and expected text of test object 'Object Repository/Page_Empty_credentials/Page_/span_Invalid Credentials' are matched.

2023-12-20 18:17:51 - [TEST_STEP][PASSED] - closeBrowser(): Browser is closed

2023-12-20 18:17:52 - [MESSAGE][PASSED] - Browser is closed]]></system-out>
         <system-err><![CDATA[]]></system-err>
      </testcase>
      <testcase name="Test Cases/Login_Page/test_invalidusername_validpassword" time="7.134" classname="Test Cases/Login_Page/test_invalidusername_validpassword" status="PASSED">
         <system-out><![CDATA[2023-12-20 18:17:52 - [TEST_CASE][PASSED] - Test Cases/Login_Page/test_invalidusername_validpassword: Test Cases/Login_Page/test_invalidusername_validpassword

2023-12-20 18:17:52 - [TEST_STEP][PASSED] - openBrowser(""): Browser is opened with url: ''

2023-12-20 18:17:52 - [MESSAGE][INFO] - Starting 'Chrome' driver

2023-12-20 18:17:52 - [MESSAGE][INFO] - Action delay is set to 0 milliseconds

2023-12-20 18:17:54 - [MESSAGE][PASSED] - Browser is opened with url: ''

2023-12-20 18:17:54 - [TEST_STEP][PASSED] - maximizeWindow(): Current window maximized

2023-12-20 18:17:54 - [MESSAGE][PASSED] - Current window maximized

2023-12-20 18:17:54 - [TEST_STEP][PASSED] - navigateToUrl(url): Navigate to 'https://dev-dash.admetrics.ai/' successfully

2023-12-20 18:17:55 - [MESSAGE][PASSED] - Navigate to 'https://dev-dash.admetrics.ai/' successfully

2023-12-20 18:17:55 - [TEST_STEP][PASSED] - setText(findTestObject("Object Repository/Page_invalid_valid/Page_/input_User ID_username"), "tibil"): Text 'tibil' is set on object 'Object Repository/Page_invalid_valid/Page_/input_User ID_username'

2023-12-20 18:17:57 - [MESSAGE][PASSED] - Text 'tibil' is set on object 'Object Repository/Page_invalid_valid/Page_/input_User ID_username'

2023-12-20 18:17:57 - [TEST_STEP][PASSED] - setEncryptedText(findTestObject("Object Repository/Page_invalid_valid/Page_/input_Password_password"), "7Dxoto1EjKfQbGop/Ov+1g=="): Text ****** has been set on object 'Object Repository/Page_invalid_valid/Page_/input_Password_password'

2023-12-20 18:17:57 - [MESSAGE][PASSED] - Text ****** has been set on object 'Object Repository/Page_invalid_valid/Page_/input_Password_password'

2023-12-20 18:17:57 - [TEST_STEP][PASSED] - click(findTestObject("Object Repository/Page_invalid_valid/Page_/button_Login")): Object: 'Object Repository/Page_invalid_valid/Page_/button_Login' is clicked on

2023-12-20 18:17:58 - [MESSAGE][PASSED] - Object: 'Object Repository/Page_invalid_valid/Page_/button_Login' is clicked on

2023-12-20 18:17:58 - [TEST_STEP][PASSED] - verifyElementText(findTestObject("Object Repository/Page_invalid_valid/Page_/span_Invalid Credentials"), "Invalid Credentials"): Actual text and expected text of test object 'Object Repository/Page_invalid_valid/Page_/span_Invalid Credentials' are matched.

2023-12-20 18:17:58 - [MESSAGE][PASSED] - Actual text and expected text of test object 'Object Repository/Page_invalid_valid/Page_/span_Invalid Credentials' are matched.

2023-12-20 18:17:58 - [TEST_STEP][PASSED] - closeBrowser(): Browser is closed

2023-12-20 18:17:59 - [MESSAGE][PASSED] - Browser is closed]]></system-out>
         <system-err><![CDATA[]]></system-err>
      </testcase>
      <testcase name="Test Cases/Login_Page/test_validate_login_page" time="6.807" classname="Test Cases/Login_Page/test_validate_login_page" status="PASSED">
         <system-out><![CDATA[2023-12-20 18:17:59 - [TEST_CASE][PASSED] - Test Cases/Login_Page/test_validate_login_page: Test Cases/Login_Page/test_validate_login_page

2023-12-20 18:18:00 - [TEST_STEP][PASSED] - openBrowser(""): Browser is opened with url: ''

2023-12-20 18:18:00 - [MESSAGE][INFO] - Starting 'Chrome' driver

2023-12-20 18:18:00 - [MESSAGE][INFO] - Action delay is set to 0 milliseconds

2023-12-20 18:18:01 - [MESSAGE][PASSED] - Browser is opened with url: ''

2023-12-20 18:18:01 - [TEST_STEP][PASSED] - maximizeWindow(): Current window maximized

2023-12-20 18:18:01 - [MESSAGE][PASSED] - Current window maximized

2023-12-20 18:18:01 - [TEST_STEP][PASSED] - navigateToUrl(url): Navigate to 'https://dev-dash.admetrics.ai/' successfully

2023-12-20 18:18:02 - [MESSAGE][PASSED] - Navigate to 'https://dev-dash.admetrics.ai/' successfully

2023-12-20 18:18:02 - [TEST_STEP][PASSED] - setText(findTestObject("Object Repository/Page_Invalid/Page_/input_User ID_username"), username): Text '' is set on object 'Object Repository/Page_Invalid/Page_/input_User ID_username'

2023-12-20 18:18:04 - [MESSAGE][PASSED] - Text '' is set on object 'Object Repository/Page_Invalid/Page_/input_User ID_username'

2023-12-20 18:18:04 - [TEST_STEP][PASSED] - setEncryptedText(findTestObject("Object Repository/Page_Invalid/Page_/input_Password_password"), password): Text ****** has been set on object 'Object Repository/Page_Invalid/Page_/input_Password_password'

2023-12-20 18:18:04 - [MESSAGE][PASSED] - Text ****** has been set on object 'Object Repository/Page_Invalid/Page_/input_Password_password'

2023-12-20 18:18:04 - [TEST_STEP][PASSED] - click(findTestObject("Object Repository/Page_Invalid/Page_/button_Login")): Object: 'Object Repository/Page_Invalid/Page_/button_Login' is clicked on

2023-12-20 18:18:05 - [MESSAGE][PASSED] - Object: 'Object Repository/Page_Invalid/Page_/button_Login' is clicked on

2023-12-20 18:18:05 - [TEST_STEP][PASSED] - verifyElementText(findTestObject("Object Repository/Page_Invalid/Page_/span_Invalid Credentials"), "Invalid Credentials"): Actual text and expected text of test object 'Object Repository/Page_Invalid/Page_/span_Invalid Credentials' are matched.

2023-12-20 18:18:05 - [MESSAGE][PASSED] - Actual text and expected text of test object 'Object Repository/Page_Invalid/Page_/span_Invalid Credentials' are matched.

2023-12-20 18:18:05 - [TEST_STEP][PASSED] - closeBrowser(): Browser is closed

2023-12-20 18:18:06 - [MESSAGE][PASSED] - Browser is closed]]></system-out>
         <system-err><![CDATA[]]></system-err>
      </testcase>
      <testcase name="Test Cases/Login_Page/test_validusername_invalipassword" time="7.082" classname="Test Cases/Login_Page/test_validusername_invalipassword" status="PASSED">
         <system-out><![CDATA[2023-12-20 18:18:06 - [TEST_CASE][PASSED] - Test Cases/Login_Page/test_validusername_invalipassword: Test Cases/Login_Page/test_validusername_invalipassword

2023-12-20 18:18:06 - [TEST_STEP][PASSED] - openBrowser(""): Browser is opened with url: ''

2023-12-20 18:18:06 - [MESSAGE][INFO] - Starting 'Chrome' driver

2023-12-20 18:18:06 - [MESSAGE][INFO] - Action delay is set to 0 milliseconds

2023-12-20 18:18:08 - [MESSAGE][PASSED] - Browser is opened with url: ''

2023-12-20 18:18:08 - [TEST_STEP][PASSED] - maximizeWindow(): Current window maximized

2023-12-20 18:18:08 - [MESSAGE][PASSED] - Current window maximized

2023-12-20 18:18:08 - [TEST_STEP][PASSED] - navigateToUrl(url): Navigate to 'https://dev-dash.admetrics.ai/' successfully

2023-12-20 18:18:09 - [MESSAGE][PASSED] - Navigate to 'https://dev-dash.admetrics.ai/' successfully

2023-12-20 18:18:09 - [TEST_STEP][PASSED] - setText(findTestObject("Object Repository/Page_valid_invalid/Page_/input_User ID_username"), "admin"): Text 'admin' is set on object 'Object Repository/Page_valid_invalid/Page_/input_User ID_username'

2023-12-20 18:18:11 - [MESSAGE][PASSED] - Text 'admin' is set on object 'Object Repository/Page_valid_invalid/Page_/input_User ID_username'

2023-12-20 18:18:11 - [TEST_STEP][PASSED] - setEncryptedText(findTestObject("Object Repository/Page_valid_invalid/Page_/input_Password_password"), "RSNArcc3BqI="): Text ****** has been set on object 'Object Repository/Page_valid_invalid/Page_/input_Password_password'

2023-12-20 18:18:11 - [MESSAGE][PASSED] - Text ****** has been set on object 'Object Repository/Page_valid_invalid/Page_/input_Password_password'

2023-12-20 18:18:11 - [TEST_STEP][PASSED] - click(findTestObject("Object Repository/Page_valid_invalid/Page_/button_Login")): Object: 'Object Repository/Page_valid_invalid/Page_/button_Login' is clicked on

2023-12-20 18:18:12 - [MESSAGE][PASSED] - Object: 'Object Repository/Page_valid_invalid/Page_/button_Login' is clicked on

2023-12-20 18:18:12 - [TEST_STEP][PASSED] - verifyElementText(findTestObject("Object Repository/Page_valid_invalid/Page_/span_Invalid Credentials"), "Invalid Credentials"): Actual text and expected text of test object 'Object Repository/Page_valid_invalid/Page_/span_Invalid Credentials' are matched.

2023-12-20 18:18:12 - [MESSAGE][PASSED] - Actual text and expected text of test object 'Object Repository/Page_valid_invalid/Page_/span_Invalid Credentials' are matched.

2023-12-20 18:18:12 - [TEST_STEP][PASSED] - closeBrowser(): Browser is closed

2023-12-20 18:18:13 - [MESSAGE][PASSED] - Browser is closed]]></system-out>
         <system-err><![CDATA[]]></system-err>
      </testcase>
      <testcase name="Test Cases/Login_Page/test_valid_login" time="9.658" classname="Test Cases/Login_Page/test_valid_login" status="PASSED">
         <system-out><![CDATA[2023-12-20 18:18:13 - [TEST_CASE][PASSED] - Test Cases/Login_Page/test_valid_login: Test Cases/Login_Page/test_valid_login

2023-12-20 18:18:13 - [TEST_STEP][PASSED] - openBrowser(""): Browser is opened with url: ''

2023-12-20 18:18:13 - [MESSAGE][INFO] - Starting 'Chrome' driver

2023-12-20 18:18:14 - [MESSAGE][INFO] - Action delay is set to 0 milliseconds

2023-12-20 18:18:15 - [MESSAGE][PASSED] - Browser is opened with url: ''

2023-12-20 18:18:15 - [TEST_STEP][PASSED] - maximizeWindow(): Current window maximized

2023-12-20 18:18:15 - [MESSAGE][PASSED] - Current window maximized

2023-12-20 18:18:15 - [TEST_STEP][PASSED] - navigateToUrl(url): Navigate to 'https://dev-dash.admetrics.ai/' successfully

2023-12-20 18:18:16 - [MESSAGE][PASSED] - Navigate to 'https://dev-dash.admetrics.ai/' successfully

2023-12-20 18:18:16 - [TEST_STEP][PASSED] - setText(findTestObject("Object Repository/Page_valid_login/Page_/input_User ID_username"), username): Text 'admin' is set on object 'Object Repository/Page_valid_login/Page_/input_User ID_username'

2023-12-20 18:18:17 - [MESSAGE][PASSED] - Text 'admin' is set on object 'Object Repository/Page_valid_login/Page_/input_User ID_username'

2023-12-20 18:18:17 - [TEST_STEP][PASSED] - setEncryptedText(findTestObject("Object Repository/Page_valid_login/Page_/input_Password_password"), password): Text ****** has been set on object 'Object Repository/Page_valid_login/Page_/input_Password_password'

2023-12-20 18:18:18 - [MESSAGE][PASSED] - Text ****** has been set on object 'Object Repository/Page_valid_login/Page_/input_Password_password'

2023-12-20 18:18:18 - [TEST_STEP][PASSED] - click(findTestObject("Object Repository/Page_valid_login/Page_/button_Login")): Object: 'Object Repository/Page_valid_login/Page_/button_Login' is clicked on

2023-12-20 18:18:18 - [MESSAGE][PASSED] - Object: 'Object Repository/Page_valid_login/Page_/button_Login' is clicked on

2023-12-20 18:18:18 - [TEST_STEP][PASSED] - verifyElementText(findTestObject("Object Repository/Page_Menu/Page_/span_Spend Report"), "Spend Report"): Actual text and expected text of test object 'Object Repository/Page_Menu/Page_/span_Spend Report' are matched.

2023-12-20 18:18:20 - [MESSAGE][PASSED] - Actual text and expected text of test object 'Object Repository/Page_Menu/Page_/span_Spend Report' are matched.

2023-12-20 18:18:20 - [TEST_STEP][PASSED] - delay(2): Delayed 2 second(s)

2023-12-20 18:18:22 - [MESSAGE][PASSED] - Delayed 2 second(s)

2023-12-20 18:18:22 - [TEST_STEP][PASSED] - closeBrowser(): Browser is closed

2023-12-20 18:18:23 - [MESSAGE][PASSED] - Browser is closed]]></system-out>
         <system-err><![CDATA[]]></system-err>
      </testcase>
      <testcase name="Test Cases/Login_Page/test_verify_project_title" time="7.566" classname="Test Cases/Login_Page/test_verify_project_title" status="PASSED">
         <system-out><![CDATA[2023-12-20 18:18:23 - [TEST_CASE][PASSED] - Test Cases/Login_Page/test_verify_project_title: Test Cases/Login_Page/test_verify_project_title

2023-12-20 18:18:23 - [TEST_STEP][PASSED] - openBrowser(""): Browser is opened with url: ''

2023-12-20 18:18:23 - [MESSAGE][INFO] - Starting 'Chrome' driver

2023-12-20 18:18:23 - [MESSAGE][INFO] - Action delay is set to 0 milliseconds

2023-12-20 18:18:25 - [MESSAGE][PASSED] - Browser is opened with url: ''

2023-12-20 18:18:25 - [TEST_STEP][PASSED] - maximizeWindow(): Current window maximized

2023-12-20 18:18:25 - [MESSAGE][PASSED] - Current window maximized

2023-12-20 18:18:25 - [TEST_STEP][PASSED] - navigateToUrl("https://dev-dash.admetrics.ai/"): Navigate to 'https://dev-dash.admetrics.ai/' successfully

2023-12-20 18:18:25 - [MESSAGE][PASSED] - Navigate to 'https://dev-dash.admetrics.ai/' successfully

2023-12-20 18:18:25 - [TEST_STEP][PASSED] - verifyElementVisible(findTestObject("Object Repository/Page_Project_Title/Page_/img_User ID_logoImg mr-3")): Object 'Object Repository/Page_Project_Title/Page_/img_User ID_logoImg mr-3' is visible

2023-12-20 18:18:27 - [MESSAGE][PASSED] - Object 'Object Repository/Page_Project_Title/Page_/img_User ID_logoImg mr-3' is visible

2023-12-20 18:18:27 - [TEST_STEP][PASSED] - verifyElementText(findTestObject("Object Repository/Page_Project_Title/Page_/p_admetrics"), "admetrics"): Actual text and expected text of test object 'Object Repository/Page_Project_Title/Page_/p_admetrics' are matched.

2023-12-20 18:18:27 - [MESSAGE][PASSED] - Actual text and expected text of test object 'Object Repository/Page_Project_Title/Page_/p_admetrics' are matched.

2023-12-20 18:18:27 - [TEST_STEP][PASSED] - verifyElementText(findTestObject("Object Repository/Page_Project_Title/Page_/label_User ID"), "User ID"): Actual text and expected text of test object 'Object Repository/Page_Project_Title/Page_/label_User ID' are matched.

2023-12-20 18:18:28 - [MESSAGE][PASSED] - Actual text and expected text of test object 'Object Repository/Page_Project_Title/Page_/label_User ID' are matched.

2023-12-20 18:18:28 - [TEST_STEP][PASSED] - verifyElementText(findTestObject("Object Repository/Page_Project_Title/Page_/input_User ID_username"), ""): Actual text and expected text of test object 'Object Repository/Page_Project_Title/Page_/input_User ID_username' are matched.

2023-12-20 18:18:28 - [MESSAGE][PASSED] - Actual text and expected text of test object 'Object Repository/Page_Project_Title/Page_/input_User ID_username' are matched.

2023-12-20 18:18:28 - [TEST_STEP][PASSED] - verifyElementText(findTestObject("Object Repository/Page_Project_Title/Page_/label_Password"), "Password"): Actual text and expected text of test object 'Object Repository/Page_Project_Title/Page_/label_Password' are matched.

2023-12-20 18:18:28 - [MESSAGE][PASSED] - Actual text and expected text of test object 'Object Repository/Page_Project_Title/Page_/label_Password' are matched.

2023-12-20 18:18:28 - [TEST_STEP][PASSED] - verifyElementText(findTestObject("Object Repository/Page_Project_Title/Page_/input_Password_password"), ""): Actual text and expected text of test object 'Object Repository/Page_Project_Title/Page_/input_Password_password' are matched.

2023-12-20 18:18:29 - [MESSAGE][PASSED] - Actual text and expected text of test object 'Object Repository/Page_Project_Title/Page_/input_Password_password' are matched.

2023-12-20 18:18:29 - [TEST_STEP][PASSED] - verifyElementText(findTestObject("Object Repository/Page_Project_Title/Page_/button_Login"), "Login"): Actual text and expected text of test object 'Object Repository/Page_Project_Title/Page_/button_Login' are matched.

2023-12-20 18:18:29 - [MESSAGE][PASSED] - Actual text and expected text of test object 'Object Repository/Page_Project_Title/Page_/button_Login' are matched.

2023-12-20 18:18:29 - [TEST_STEP][PASSED] - verifyElementClickable(findTestObject("Object Repository/Page_Project_Title/Page_/button_Login")): Object 'Object Repository/Page_Project_Title/Page_/button_Login' is clickable

2023-12-20 18:18:30 - [MESSAGE][PASSED] - Object 'Object Repository/Page_Project_Title/Page_/button_Login' is clickable

2023-12-20 18:18:30 - [TEST_STEP][PASSED] - closeBrowser(): Browser is closed

2023-12-20 18:18:30 - [MESSAGE][PASSED] - Browser is closed]]></system-out>
         <system-err><![CDATA[]]></system-err>
      </testcase>
      <system-out><![CDATA[2023-12-20 18:17:43 - [TEST_SUITE][PASSED] - Demo_test: Test Cases/Login_Page/test_verify_project_title]]></system-out>
      <system-err><![CDATA[]]></system-err>
   </testsuite>
</testsuites>
