<?xml version="1.0" encoding="UTF-8"?>
<testsuites name="Function_test" time="180.908" tests="12" failures="0" errors="0">
   <testsuite name="Function_test" tests="12" failures="0" errors="0" time="180.908" skipped="0" timestamp="2023-12-07 18:10:36" hostname="Pavitra I R - DESKTOP-MFB1Q4P" id="Test Suites/Function_test">
      <properties>
         <property name="deviceName" value=""/>
         <property name="devicePlatform" value=""/>
         <property name="logFolder" value="C:\\Users\\Pavitra I R\\Katalon Studio\\Admetrics\\Reports\\20231207_181025\\Function_test\\20231207_181026"/>
         <property name="logFiles" value="C:\\Users\\Pavitra I R\\Katalon Studio\\Admetrics\\Reports\\20231207_181025\\Function_test\\20231207_181026\\execution0.log"/>
         <property name="attachments" value=""/>
         <property name="hostName" value="Pavitra I R - DESKTOP-MFB1Q4P"/>
         <property name="os" value="Windows 10 64bit"/>
         <property name="katalonVersion" value="8.6.8.208"/>
         <property name="browser" value="Chrome 120.0.0.0"/>
         <property name="hostAddress" value="192.168.1.122"/>
         <property name="sessionId" value="e6684f6e60766c3fb0f1fc38ab8969f5"/>
         <property name="seleniumVersion" value="3.141.59"/>
         <property name="proxyInformation" value="ProxyInformation { proxyOption=NO_PROXY, proxyServerType=HTTP, username=, password=********, proxyServerAddress=, proxyServerPort=0, executionList=&quot;&quot;, isApplyToDesiredCapabilities=true }"/>
         <property name="platform" value="Windows 10"/>
      </properties>
      <testcase name="Test Cases/Login_Page/test_empty_credentials" time="8.844" classname="Test Cases/Login_Page/test_empty_credentials" status="PASSED">
         <system-out><![CDATA[2023-12-07 18:10:37 - [TEST_CASE][PASSED] - Test Cases/Login_Page/test_empty_credentials: Test Cases/Login_Page/test_empty_credentials

2023-12-07 18:10:37 - [TEST_STEP][PASSED] - openBrowser(""): Browser is opened with url: ''

2023-12-07 18:10:37 - [MESSAGE][INFO] - Starting 'Chrome' driver

2023-12-07 18:10:37 - [MESSAGE][INFO] - Action delay is set to 0 milliseconds

2023-12-07 18:10:39 - [MESSAGE][PASSED] - Browser is opened with url: ''

2023-12-07 18:10:39 - [TEST_STEP][PASSED] - maximizeWindow(): Current window maximized

2023-12-07 18:10:40 - [MESSAGE][PASSED] - Current window maximized

2023-12-07 18:10:40 - [TEST_STEP][PASSED] - navigateToUrl("https://dev-dash.admetrics.ai/"): Navigate to 'https://dev-dash.admetrics.ai/' successfully

2023-12-07 18:10:41 - [MESSAGE][PASSED] - Navigate to 'https://dev-dash.admetrics.ai/' successfully

2023-12-07 18:10:41 - [TEST_STEP][PASSED] - click(findTestObject("Object Repository/Page_Empty_credentials/Page_/input_User ID_username")): Object: 'Object Repository/Page_Empty_credentials/Page_/input_User ID_username' is clicked on

2023-12-07 18:10:43 - [MESSAGE][PASSED] - Object: 'Object Repository/Page_Empty_credentials/Page_/input_User ID_username' is clicked on

2023-12-07 18:10:43 - [TEST_STEP][PASSED] - click(findTestObject("Object Repository/Page_Empty_credentials/Page_/button_Login")): Object: 'Object Repository/Page_Empty_credentials/Page_/button_Login' is clicked on

2023-12-07 18:10:44 - [MESSAGE][PASSED] - Object: 'Object Repository/Page_Empty_credentials/Page_/button_Login' is clicked on

2023-12-07 18:10:44 - [TEST_STEP][PASSED] - verifyElementText(findTestObject("Object Repository/Page_Empty_credentials/Page_/span_Invalid Credentials"), "Invalid Credentials"): Actual text and expected text of test object 'Object Repository/Page_Empty_credentials/Page_/span_Invalid Credentials' are matched.

2023-12-07 18:10:45 - [MESSAGE][PASSED] - Actual text and expected text of test object 'Object Repository/Page_Empty_credentials/Page_/span_Invalid Credentials' are matched.

2023-12-07 18:10:45 - [TEST_STEP][PASSED] - closeBrowser(): Browser is closed

2023-12-07 18:10:45 - [MESSAGE][PASSED] - Browser is closed]]></system-out>
         <system-err><![CDATA[]]></system-err>
      </testcase>
      <testcase name="Test Cases/Login_Page/test_invalidusername_validpassword" time="7.716" classname="Test Cases/Login_Page/test_invalidusername_validpassword" status="PASSED">
         <system-out><![CDATA[2023-12-07 18:10:45 - [TEST_CASE][PASSED] - Test Cases/Login_Page/test_invalidusername_validpassword: Test Cases/Login_Page/test_invalidusername_validpassword

2023-12-07 18:10:46 - [TEST_STEP][PASSED] - openBrowser(""): Browser is opened with url: ''

2023-12-07 18:10:46 - [MESSAGE][INFO] - Starting 'Chrome' driver

2023-12-07 18:10:46 - [MESSAGE][INFO] - Action delay is set to 0 milliseconds

2023-12-07 18:10:47 - [MESSAGE][PASSED] - Browser is opened with url: ''

2023-12-07 18:10:47 - [TEST_STEP][PASSED] - maximizeWindow(): Current window maximized

2023-12-07 18:10:47 - [MESSAGE][PASSED] - Current window maximized

2023-12-07 18:10:47 - [TEST_STEP][PASSED] - navigateToUrl("https://dev-dash.admetrics.ai/"): Navigate to 'https://dev-dash.admetrics.ai/' successfully

2023-12-07 18:10:48 - [MESSAGE][PASSED] - Navigate to 'https://dev-dash.admetrics.ai/' successfully

2023-12-07 18:10:48 - [TEST_STEP][PASSED] - setText(findTestObject("Object Repository/Page_invalid_valid/Page_/input_User ID_username"), "tibil"): Text 'tibil' is set on object 'Object Repository/Page_invalid_valid/Page_/input_User ID_username'

2023-12-07 18:10:51 - [MESSAGE][PASSED] - Text 'tibil' is set on object 'Object Repository/Page_invalid_valid/Page_/input_User ID_username'

2023-12-07 18:10:51 - [TEST_STEP][PASSED] - setEncryptedText(findTestObject("Object Repository/Page_invalid_valid/Page_/input_Password_password"), "7Dxoto1EjKfQbGop/Ov+1g=="): Text ****** has been set on object 'Object Repository/Page_invalid_valid/Page_/input_Password_password'

2023-12-07 18:10:51 - [MESSAGE][PASSED] - Text ****** has been set on object 'Object Repository/Page_invalid_valid/Page_/input_Password_password'

2023-12-07 18:10:51 - [TEST_STEP][PASSED] - click(findTestObject("Object Repository/Page_invalid_valid/Page_/button_Login")): Object: 'Object Repository/Page_invalid_valid/Page_/button_Login' is clicked on

2023-12-07 18:10:52 - [MESSAGE][PASSED] - Object: 'Object Repository/Page_invalid_valid/Page_/button_Login' is clicked on

2023-12-07 18:10:52 - [TEST_STEP][PASSED] - verifyElementText(findTestObject("Object Repository/Page_invalid_valid/Page_/span_Invalid Credentials"), "Invalid Credentials"): Actual text and expected text of test object 'Object Repository/Page_invalid_valid/Page_/span_Invalid Credentials' are matched.

2023-12-07 18:10:52 - [MESSAGE][PASSED] - Actual text and expected text of test object 'Object Repository/Page_invalid_valid/Page_/span_Invalid Credentials' are matched.

2023-12-07 18:10:52 - [TEST_STEP][PASSED] - closeBrowser(): Browser is closed

2023-12-07 18:10:53 - [MESSAGE][PASSED] - Browser is closed]]></system-out>
         <system-err><![CDATA[]]></system-err>
      </testcase>
      <testcase name="Test Cases/Login_Page/test_invalid_username_password" time="7.37" classname="Test Cases/Login_Page/test_invalid_username_password" status="PASSED">
         <system-out><![CDATA[2023-12-07 18:10:53 - [TEST_CASE][PASSED] - Test Cases/Login_Page/test_invalid_username_password: Test Cases/Login_Page/test_invalid_username_password

2023-12-07 18:10:53 - [TEST_STEP][PASSED] - openBrowser(""): Browser is opened with url: ''

2023-12-07 18:10:53 - [MESSAGE][INFO] - Starting 'Chrome' driver

2023-12-07 18:10:53 - [MESSAGE][INFO] - Action delay is set to 0 milliseconds

2023-12-07 18:10:55 - [MESSAGE][PASSED] - Browser is opened with url: ''

2023-12-07 18:10:55 - [TEST_STEP][PASSED] - maximizeWindow(): Current window maximized

2023-12-07 18:10:55 - [MESSAGE][PASSED] - Current window maximized

2023-12-07 18:10:55 - [TEST_STEP][PASSED] - navigateToUrl("https://dev-dash.admetrics.ai/"): Navigate to 'https://dev-dash.admetrics.ai/' successfully

2023-12-07 18:10:55 - [MESSAGE][PASSED] - Navigate to 'https://dev-dash.admetrics.ai/' successfully

2023-12-07 18:10:55 - [TEST_STEP][PASSED] - setText(findTestObject("Object Repository/Page_Invalid/Page_/input_User ID_username"), "cqube"): Text 'cqube' is set on object 'Object Repository/Page_Invalid/Page_/input_User ID_username'

2023-12-07 18:10:58 - [MESSAGE][PASSED] - Text 'cqube' is set on object 'Object Repository/Page_Invalid/Page_/input_User ID_username'

2023-12-07 18:10:58 - [TEST_STEP][PASSED] - setEncryptedText(findTestObject("Object Repository/Page_Invalid/Page_/input_Password_password"), "KNgadmoWMNQLHR89HR7ydQ=="): Text ****** has been set on object 'Object Repository/Page_Invalid/Page_/input_Password_password'

2023-12-07 18:10:59 - [MESSAGE][PASSED] - Text ****** has been set on object 'Object Repository/Page_Invalid/Page_/input_Password_password'

2023-12-07 18:10:59 - [TEST_STEP][PASSED] - click(findTestObject("Object Repository/Page_Invalid/Page_/button_Login")): Object: 'Object Repository/Page_Invalid/Page_/button_Login' is clicked on

2023-12-07 18:10:59 - [MESSAGE][PASSED] - Object: 'Object Repository/Page_Invalid/Page_/button_Login' is clicked on

2023-12-07 18:10:59 - [TEST_STEP][PASSED] - verifyElementText(findTestObject("Object Repository/Page_Invalid/Page_/span_Invalid Credentials"), "Invalid Credentials"): Actual text and expected text of test object 'Object Repository/Page_Invalid/Page_/span_Invalid Credentials' are matched.

2023-12-07 18:11:00 - [MESSAGE][PASSED] - Actual text and expected text of test object 'Object Repository/Page_Invalid/Page_/span_Invalid Credentials' are matched.

2023-12-07 18:11:00 - [TEST_STEP][PASSED] - closeBrowser(): Browser is closed

2023-12-07 18:11:00 - [MESSAGE][PASSED] - Browser is closed]]></system-out>
         <system-err><![CDATA[]]></system-err>
      </testcase>
      <testcase name="Test Cases/Login_Page/test_validusername_invalipassword" time="7.931" classname="Test Cases/Login_Page/test_validusername_invalipassword" status="PASSED">
         <system-out><![CDATA[2023-12-07 18:11:01 - [TEST_CASE][PASSED] - Test Cases/Login_Page/test_validusername_invalipassword: Test Cases/Login_Page/test_validusername_invalipassword

2023-12-07 18:11:01 - [TEST_STEP][PASSED] - openBrowser(""): Browser is opened with url: ''

2023-12-07 18:11:01 - [MESSAGE][INFO] - Starting 'Chrome' driver

2023-12-07 18:11:01 - [MESSAGE][INFO] - Action delay is set to 0 milliseconds

2023-12-07 18:11:02 - [MESSAGE][PASSED] - Browser is opened with url: ''

2023-12-07 18:11:02 - [TEST_STEP][PASSED] - maximizeWindow(): Current window maximized

2023-12-07 18:11:02 - [MESSAGE][PASSED] - Current window maximized

2023-12-07 18:11:02 - [TEST_STEP][PASSED] - navigateToUrl("https://dev-dash.admetrics.ai/"): Navigate to 'https://dev-dash.admetrics.ai/' successfully

2023-12-07 18:11:03 - [MESSAGE][PASSED] - Navigate to 'https://dev-dash.admetrics.ai/' successfully

2023-12-07 18:11:03 - [TEST_STEP][PASSED] - setText(findTestObject("Object Repository/Page_valid_invalid/Page_/input_User ID_username"), "admin"): Text 'admin' is set on object 'Object Repository/Page_valid_invalid/Page_/input_User ID_username'

2023-12-07 18:11:06 - [MESSAGE][PASSED] - Text 'admin' is set on object 'Object Repository/Page_valid_invalid/Page_/input_User ID_username'

2023-12-07 18:11:06 - [TEST_STEP][PASSED] - setEncryptedText(findTestObject("Object Repository/Page_valid_invalid/Page_/input_Password_password"), "RSNArcc3BqI="): Text ****** has been set on object 'Object Repository/Page_valid_invalid/Page_/input_Password_password'

2023-12-07 18:11:06 - [MESSAGE][PASSED] - Text ****** has been set on object 'Object Repository/Page_valid_invalid/Page_/input_Password_password'

2023-12-07 18:11:06 - [TEST_STEP][PASSED] - click(findTestObject("Object Repository/Page_valid_invalid/Page_/button_Login")): Object: 'Object Repository/Page_valid_invalid/Page_/button_Login' is clicked on

2023-12-07 18:11:07 - [MESSAGE][PASSED] - Object: 'Object Repository/Page_valid_invalid/Page_/button_Login' is clicked on

2023-12-07 18:11:07 - [TEST_STEP][PASSED] - verifyElementText(findTestObject("Object Repository/Page_valid_invalid/Page_/span_Invalid Credentials"), "Invalid Credentials"): Actual text and expected text of test object 'Object Repository/Page_valid_invalid/Page_/span_Invalid Credentials' are matched.

2023-12-07 18:11:08 - [MESSAGE][PASSED] - Actual text and expected text of test object 'Object Repository/Page_valid_invalid/Page_/span_Invalid Credentials' are matched.

2023-12-07 18:11:08 - [TEST_STEP][PASSED] - closeBrowser(): Browser is closed

2023-12-07 18:11:08 - [MESSAGE][PASSED] - Browser is closed]]></system-out>
         <system-err><![CDATA[]]></system-err>
      </testcase>
      <testcase name="Test Cases/Login_Page/test_valid_login" time="8.897" classname="Test Cases/Login_Page/test_valid_login" status="PASSED">
         <system-out><![CDATA[2023-12-07 18:11:08 - [TEST_CASE][PASSED] - Test Cases/Login_Page/test_valid_login: Test Cases/Login_Page/test_valid_login

2023-12-07 18:11:09 - [TEST_STEP][PASSED] - openBrowser(""): Browser is opened with url: ''

2023-12-07 18:11:09 - [MESSAGE][INFO] - Starting 'Chrome' driver

2023-12-07 18:11:09 - [MESSAGE][INFO] - Action delay is set to 0 milliseconds

2023-12-07 18:11:10 - [MESSAGE][PASSED] - Browser is opened with url: ''

2023-12-07 18:11:10 - [TEST_STEP][PASSED] - maximizeWindow(): Current window maximized

2023-12-07 18:11:10 - [MESSAGE][PASSED] - Current window maximized

2023-12-07 18:11:10 - [TEST_STEP][PASSED] - navigateToUrl("https://dev-dash.admetrics.ai/"): Navigate to 'https://dev-dash.admetrics.ai/' successfully

2023-12-07 18:11:11 - [MESSAGE][PASSED] - Navigate to 'https://dev-dash.admetrics.ai/' successfully

2023-12-07 18:11:11 - [TEST_STEP][PASSED] - setText(findTestObject("Object Repository/Page_valid_login/Page_/input_User ID_username"), "admin"): Text 'admin' is set on object 'Object Repository/Page_valid_login/Page_/input_User ID_username'

2023-12-07 18:11:14 - [MESSAGE][PASSED] - Text 'admin' is set on object 'Object Repository/Page_valid_login/Page_/input_User ID_username'

2023-12-07 18:11:14 - [TEST_STEP][PASSED] - setEncryptedText(findTestObject("Object Repository/Page_valid_login/Page_/input_Password_password"), "7Dxoto1EjKfQbGop/Ov+1g=="): Text ****** has been set on object 'Object Repository/Page_valid_login/Page_/input_Password_password'

2023-12-07 18:11:14 - [MESSAGE][PASSED] - Text ****** has been set on object 'Object Repository/Page_valid_login/Page_/input_Password_password'

2023-12-07 18:11:14 - [TEST_STEP][PASSED] - click(findTestObject("Object Repository/Page_valid_login/Page_/button_Login")): Object: 'Object Repository/Page_valid_login/Page_/button_Login' is clicked on

2023-12-07 18:11:15 - [MESSAGE][PASSED] - Object: 'Object Repository/Page_valid_login/Page_/button_Login' is clicked on

2023-12-07 18:11:15 - [TEST_STEP][PASSED] - verifyElementText(findTestObject("Object Repository/Page_valid_login/Page_/p_Summary Statistics"), "Summary Statistics"): Actual text and expected text of test object 'Object Repository/Page_valid_login/Page_/p_Summary Statistics' are matched.

2023-12-07 18:11:17 - [MESSAGE][PASSED] - Actual text and expected text of test object 'Object Repository/Page_valid_login/Page_/p_Summary Statistics' are matched.

2023-12-07 18:11:17 - [TEST_STEP][PASSED] - closeBrowser(): Browser is closed

2023-12-07 18:11:17 - [MESSAGE][PASSED] - Browser is closed]]></system-out>
         <system-err><![CDATA[]]></system-err>
      </testcase>
      <testcase name="Test Cases/Login_Page/test_verify_project_title" time="7.891" classname="Test Cases/Login_Page/test_verify_project_title" status="PASSED">
         <system-out><![CDATA[2023-12-07 18:11:17 - [TEST_CASE][PASSED] - Test Cases/Login_Page/test_verify_project_title: Test Cases/Login_Page/test_verify_project_title

2023-12-07 18:11:18 - [TEST_STEP][PASSED] - openBrowser(""): Browser is opened with url: ''

2023-12-07 18:11:18 - [MESSAGE][INFO] - Starting 'Chrome' driver

2023-12-07 18:11:18 - [MESSAGE][INFO] - Action delay is set to 0 milliseconds

2023-12-07 18:11:19 - [MESSAGE][PASSED] - Browser is opened with url: ''

2023-12-07 18:11:19 - [TEST_STEP][PASSED] - maximizeWindow(): Current window maximized

2023-12-07 18:11:19 - [MESSAGE][PASSED] - Current window maximized

2023-12-07 18:11:19 - [TEST_STEP][PASSED] - navigateToUrl("https://dev-dash.admetrics.ai/"): Navigate to 'https://dev-dash.admetrics.ai/' successfully

2023-12-07 18:11:20 - [MESSAGE][PASSED] - Navigate to 'https://dev-dash.admetrics.ai/' successfully

2023-12-07 18:11:20 - [TEST_STEP][PASSED] - verifyElementText(findTestObject("Object Repository/Page_Project_Title/p_Admetrics"), "Admetrics"): Actual text and expected text of test object 'Object Repository/Page_Project_Title/p_Admetrics' are matched.

2023-12-07 18:11:22 - [MESSAGE][PASSED] - Actual text and expected text of test object 'Object Repository/Page_Project_Title/p_Admetrics' are matched.

2023-12-07 18:11:22 - [TEST_STEP][PASSED] - verifyElementVisible(findTestObject("Object Repository/Page_Project_Title/img_User ID_logoImg mr-3")): Object 'Object Repository/Page_Project_Title/img_User ID_logoImg mr-3' is visible

2023-12-07 18:11:23 - [MESSAGE][PASSED] - Object 'Object Repository/Page_Project_Title/img_User ID_logoImg mr-3' is visible

2023-12-07 18:11:23 - [TEST_STEP][PASSED] - verifyElementText(findTestObject("Object Repository/Page_Project_Title/p_India"), "India"): Actual text and expected text of test object 'Object Repository/Page_Project_Title/p_India' are matched.

2023-12-07 18:11:23 - [MESSAGE][PASSED] - Actual text and expected text of test object 'Object Repository/Page_Project_Title/p_India' are matched.

2023-12-07 18:11:23 - [TEST_STEP][PASSED] - verifyElementText(findTestObject("Object Repository/Page_Project_Title/input_User ID_username"), ""): Actual text and expected text of test object 'Object Repository/Page_Project_Title/input_User ID_username' are matched.

2023-12-07 18:11:24 - [MESSAGE][PASSED] - Actual text and expected text of test object 'Object Repository/Page_Project_Title/input_User ID_username' are matched.

2023-12-07 18:11:24 - [TEST_STEP][PASSED] - verifyElementText(findTestObject("Object Repository/Page_Project_Title/input_Password_password"), ""): Actual text and expected text of test object 'Object Repository/Page_Project_Title/input_Password_password' are matched.

2023-12-07 18:11:24 - [MESSAGE][PASSED] - Actual text and expected text of test object 'Object Repository/Page_Project_Title/input_Password_password' are matched.

2023-12-07 18:11:24 - [TEST_STEP][PASSED] - verifyElementClickable(findTestObject("Object Repository/Page_Project_Title/button_Login")): Object 'Object Repository/Page_Project_Title/button_Login' is clickable

2023-12-07 18:11:24 - [MESSAGE][PASSED] - Object 'Object Repository/Page_Project_Title/button_Login' is clickable

2023-12-07 18:11:24 - [TEST_STEP][PASSED] - closeBrowser(): Browser is closed

2023-12-07 18:11:25 - [MESSAGE][PASSED] - Browser is closed]]></system-out>
         <system-err><![CDATA[]]></system-err>
      </testcase>
      <testcase name="Test Cases/Dashboard_Page/test_campaign_report" time="17.728" classname="Test Cases/Dashboard_Page/test_campaign_report" status="PASSED">
         <system-out><![CDATA[2023-12-07 18:11:25 - [TEST_CASE][PASSED] - Test Cases/Dashboard_Page/test_campaign_report: Test Cases/Dashboard_Page/test_campaign_report

2023-12-07 18:11:26 - [TEST_STEP][PASSED] - callTestCase(findTestCase("Reusable_Functions/Login"), [:], CONTINUE_ON_FAILURE): Call Test Case 'Test Cases/Reusable_Functions/Login' successfully

2023-12-07 18:11:26 - [TEST_CASE][PASSED] - Test Cases/Reusable_Functions/Login: Test Cases/Reusable_Functions/Login

2023-12-07 18:11:26 - [TEST_STEP][PASSED] - openBrowser(""): Browser is opened with url: ''

2023-12-07 18:11:26 - [MESSAGE][INFO] - Starting 'Chrome' driver

2023-12-07 18:11:26 - [MESSAGE][INFO] - Action delay is set to 0 milliseconds

2023-12-07 18:11:27 - [MESSAGE][PASSED] - Browser is opened with url: ''

2023-12-07 18:11:27 - [TEST_STEP][PASSED] - maximizeWindow(): Current window maximized

2023-12-07 18:11:27 - [MESSAGE][PASSED] - Current window maximized

2023-12-07 18:11:27 - [TEST_STEP][PASSED] - navigateToUrl("https://dev-dash.admetrics.ai/"): Navigate to 'https://dev-dash.admetrics.ai/' successfully

2023-12-07 18:11:28 - [MESSAGE][PASSED] - Navigate to 'https://dev-dash.admetrics.ai/' successfully

2023-12-07 18:11:28 - [TEST_STEP][PASSED] - setText(findTestObject("Object Repository/Page_Project_Title/input_User ID_username"), "admin"): Text 'admin' is set on object 'Object Repository/Page_Project_Title/input_User ID_username'

2023-12-07 18:11:31 - [MESSAGE][PASSED] - Text 'admin' is set on object 'Object Repository/Page_Project_Title/input_User ID_username'

2023-12-07 18:11:31 - [TEST_STEP][PASSED] - setEncryptedText(findTestObject("Object Repository/Page_Project_Title/input_Password_password"), "7Dxoto1EjKfQbGop/Ov+1g=="): Text ****** has been set on object 'Object Repository/Page_Project_Title/input_Password_password'

2023-12-07 18:11:31 - [MESSAGE][PASSED] - Text ****** has been set on object 'Object Repository/Page_Project_Title/input_Password_password'

2023-12-07 18:11:31 - [TEST_STEP][PASSED] - click(findTestObject("Object Repository/Page_Project_Title/button_Login")): Object: 'Object Repository/Page_Project_Title/button_Login' is clicked on

2023-12-07 18:11:32 - [MESSAGE][PASSED] - Object: 'Object Repository/Page_Project_Title/button_Login' is clicked on

2023-12-07 18:11:32 - [MESSAGE][PASSED] - Call Test Case 'Test Cases/Reusable_Functions/Login' successfully

2023-12-07 18:11:32 - [TEST_STEP][PASSED] - verifyElementText(findTestObject("Object Repository/Page_Campaign/Page_/div_Campaign"), "Campaign"): Actual text and expected text of test object 'Object Repository/Page_Campaign/Page_/div_Campaign' are matched.

2023-12-07 18:11:35 - [MESSAGE][PASSED] - Actual text and expected text of test object 'Object Repository/Page_Campaign/Page_/div_Campaign' are matched.

2023-12-07 18:11:35 - [TEST_STEP][PASSED] - verifyElementVisible(findTestObject("Object Repository/Page_Campaign/Page_/img_Campaign_mg-0")): Object 'Object Repository/Page_Campaign/Page_/img_Campaign_mg-0' is visible

2023-12-07 18:11:35 - [MESSAGE][PASSED] - Object 'Object Repository/Page_Campaign/Page_/img_Campaign_mg-0' is visible

2023-12-07 18:11:35 - [TEST_STEP][PASSED] - mouseOver(findTestObject("Object Repository/Page_Campaign/Page_/img_Campaign_infoIconImage")): Object: 'Object Repository/Page_Campaign/Page_/img_Campaign_infoIconImage' is hovered

2023-12-07 18:11:36 - [MESSAGE][PASSED] - Object: 'Object Repository/Page_Campaign/Page_/img_Campaign_infoIconImage' is hovered

2023-12-07 18:11:36 - [TEST_STEP][PASSED] - verifyElementText(findTestObject("Object Repository/Page_Campaign/Page_/p_Access dashboard to"), "Access dashboard to"): Actual text and expected text of test object 'Object Repository/Page_Campaign/Page_/p_Access dashboard to' are matched.

2023-12-07 18:11:37 - [MESSAGE][PASSED] - Actual text and expected text of test object 'Object Repository/Page_Campaign/Page_/p_Access dashboard to' are matched.

2023-12-07 18:11:37 - [TEST_STEP][PASSED] - verifyElementText(findTestObject("Object Repository/Page_Campaign/Page_/p_view details"), "view details"): Actual text and expected text of test object 'Object Repository/Page_Campaign/Page_/p_view details' are matched.

2023-12-07 18:11:37 - [MESSAGE][PASSED] - Actual text and expected text of test object 'Object Repository/Page_Campaign/Page_/p_view details' are matched.

2023-12-07 18:11:37 - [TEST_STEP][PASSED] - verifyElementText(findTestObject("Object Repository/Page_Campaign/Page_/button_Access dashboard"), "Access dashboard →"): Actual text and expected text of test object 'Object Repository/Page_Campaign/Page_/button_Access dashboard' are matched.

2023-12-07 18:11:37 - [MESSAGE][PASSED] - Actual text and expected text of test object 'Object Repository/Page_Campaign/Page_/button_Access dashboard' are matched.

2023-12-07 18:11:37 - [TEST_STEP][PASSED] - verifyElementClickable(findTestObject("Object Repository/Page_Campaign/Page_/button_Access dashboard")): Object 'Object Repository/Page_Campaign/Page_/button_Access dashboard' is clickable

2023-12-07 18:11:38 - [MESSAGE][PASSED] - Object 'Object Repository/Page_Campaign/Page_/button_Access dashboard' is clickable

2023-12-07 18:11:38 - [TEST_STEP][PASSED] - click(findTestObject("Object Repository/Page_Campaign/Page_/button_Access dashboard")): Object: 'Object Repository/Page_Campaign/Page_/button_Access dashboard' is clicked on

2023-12-07 18:11:39 - [MESSAGE][PASSED] - Object: 'Object Repository/Page_Campaign/Page_/button_Access dashboard' is clicked on

2023-12-07 18:11:39 - [TEST_STEP][PASSED] - verifyElementText(findTestObject("Object Repository/Page_Campaign/Page_/p_Campaign Analytics"), "Campaign Analytics"): Actual text and expected text of test object 'Object Repository/Page_Campaign/Page_/p_Campaign Analytics' are matched.

2023-12-07 18:11:42 - [MESSAGE][PASSED] - Actual text and expected text of test object 'Object Repository/Page_Campaign/Page_/p_Campaign Analytics' are matched.

2023-12-07 18:11:42 - [TEST_STEP][PASSED] - closeBrowser(): Browser is closed

2023-12-07 18:11:43 - [MESSAGE][PASSED] - Browser is closed]]></system-out>
         <system-err><![CDATA[]]></system-err>
      </testcase>
      <testcase name="Test Cases/Dashboard_Page/test_performance_report" time="14.774" classname="Test Cases/Dashboard_Page/test_performance_report" status="PASSED">
         <system-out><![CDATA[2023-12-07 18:11:43 - [TEST_CASE][PASSED] - Test Cases/Dashboard_Page/test_performance_report: Test Cases/Dashboard_Page/test_performance_report

2023-12-07 18:11:43 - [TEST_STEP][PASSED] - callTestCase(findTestCase("Reusable_Functions/Login"), [:], CONTINUE_ON_FAILURE): Call Test Case 'Test Cases/Reusable_Functions/Login' successfully

2023-12-07 18:11:43 - [TEST_CASE][PASSED] - Test Cases/Reusable_Functions/Login: Test Cases/Reusable_Functions/Login

2023-12-07 18:11:43 - [TEST_STEP][PASSED] - openBrowser(""): Browser is opened with url: ''

2023-12-07 18:11:43 - [MESSAGE][INFO] - Starting 'Chrome' driver

2023-12-07 18:11:43 - [MESSAGE][INFO] - Action delay is set to 0 milliseconds

2023-12-07 18:11:45 - [MESSAGE][PASSED] - Browser is opened with url: ''

2023-12-07 18:11:45 - [TEST_STEP][PASSED] - maximizeWindow(): Current window maximized

2023-12-07 18:11:45 - [MESSAGE][PASSED] - Current window maximized

2023-12-07 18:11:45 - [TEST_STEP][PASSED] - navigateToUrl("https://dev-dash.admetrics.ai/"): Navigate to 'https://dev-dash.admetrics.ai/' successfully

2023-12-07 18:11:45 - [MESSAGE][PASSED] - Navigate to 'https://dev-dash.admetrics.ai/' successfully

2023-12-07 18:11:45 - [TEST_STEP][PASSED] - setText(findTestObject("Object Repository/Page_Project_Title/input_User ID_username"), "admin"): Text 'admin' is set on object 'Object Repository/Page_Project_Title/input_User ID_username'

2023-12-07 18:11:48 - [MESSAGE][PASSED] - Text 'admin' is set on object 'Object Repository/Page_Project_Title/input_User ID_username'

2023-12-07 18:11:48 - [TEST_STEP][PASSED] - setEncryptedText(findTestObject("Object Repository/Page_Project_Title/input_Password_password"), "7Dxoto1EjKfQbGop/Ov+1g=="): Text ****** has been set on object 'Object Repository/Page_Project_Title/input_Password_password'

2023-12-07 18:11:48 - [MESSAGE][PASSED] - Text ****** has been set on object 'Object Repository/Page_Project_Title/input_Password_password'

2023-12-07 18:11:48 - [TEST_STEP][PASSED] - click(findTestObject("Object Repository/Page_Project_Title/button_Login")): Object: 'Object Repository/Page_Project_Title/button_Login' is clicked on

2023-12-07 18:11:49 - [MESSAGE][PASSED] - Object: 'Object Repository/Page_Project_Title/button_Login' is clicked on

2023-12-07 18:11:49 - [MESSAGE][PASSED] - Call Test Case 'Test Cases/Reusable_Functions/Login' successfully

2023-12-07 18:11:49 - [TEST_STEP][PASSED] - verifyElementText(findTestObject("Object Repository/Page_Performance/Page_/div_Performance"), "Performance"): Actual text and expected text of test object 'Object Repository/Page_Performance/Page_/div_Performance' are matched.

2023-12-07 18:11:52 - [MESSAGE][PASSED] - Actual text and expected text of test object 'Object Repository/Page_Performance/Page_/div_Performance' are matched.

2023-12-07 18:11:52 - [TEST_STEP][PASSED] - verifyElementVisible(findTestObject("Object Repository/Page_Performance/Page_/img_Performance_mg-0")): Object 'Object Repository/Page_Performance/Page_/img_Performance_mg-0' is visible

2023-12-07 18:11:52 - [MESSAGE][PASSED] - Object 'Object Repository/Page_Performance/Page_/img_Performance_mg-0' is visible

2023-12-07 18:11:52 - [TEST_STEP][PASSED] - mouseOver(findTestObject("Object Repository/Page_Performance/Page_/img_Performance_infoIconImage")): Object: 'Object Repository/Page_Performance/Page_/img_Performance_infoIconImage' is hovered

2023-12-07 18:11:53 - [MESSAGE][PASSED] - Object: 'Object Repository/Page_Performance/Page_/img_Performance_infoIconImage' is hovered

2023-12-07 18:11:53 - [TEST_STEP][PASSED] - verifyElementText(findTestObject("Object Repository/Page_Performance/Page_/p_Access dashboard to"), "Access dashboard to"): Actual text and expected text of test object 'Object Repository/Page_Performance/Page_/p_Access dashboard to' are matched.

2023-12-07 18:11:53 - [MESSAGE][PASSED] - Actual text and expected text of test object 'Object Repository/Page_Performance/Page_/p_Access dashboard to' are matched.

2023-12-07 18:11:53 - [TEST_STEP][PASSED] - verifyElementText(findTestObject("Object Repository/Page_Performance/Page_/p_view details"), "view details"): Actual text and expected text of test object 'Object Repository/Page_Performance/Page_/p_view details' are matched.

2023-12-07 18:11:53 - [MESSAGE][PASSED] - Actual text and expected text of test object 'Object Repository/Page_Performance/Page_/p_view details' are matched.

2023-12-07 18:11:53 - [TEST_STEP][PASSED] - verifyElementText(findTestObject("Object Repository/Page_Performance/Page_/button_Access dashboard"), "Access dashboard →"): Actual text and expected text of test object 'Object Repository/Page_Performance/Page_/button_Access dashboard' are matched.

2023-12-07 18:11:54 - [MESSAGE][PASSED] - Actual text and expected text of test object 'Object Repository/Page_Performance/Page_/button_Access dashboard' are matched.

2023-12-07 18:11:54 - [TEST_STEP][PASSED] - verifyElementClickable(findTestObject("Object Repository/Page_Performance/Page_/button_Access dashboard")): Object 'Object Repository/Page_Performance/Page_/button_Access dashboard' is clickable

2023-12-07 18:11:54 - [MESSAGE][PASSED] - Object 'Object Repository/Page_Performance/Page_/button_Access dashboard' is clickable

2023-12-07 18:11:54 - [TEST_STEP][PASSED] - click(findTestObject("Object Repository/Page_Performance/Page_/button_Access dashboard")): Object: 'Object Repository/Page_Performance/Page_/button_Access dashboard' is clicked on

2023-12-07 18:11:55 - [MESSAGE][PASSED] - Object: 'Object Repository/Page_Performance/Page_/button_Access dashboard' is clicked on

2023-12-07 18:11:55 - [TEST_STEP][PASSED] - verifyElementText(findTestObject("Object Repository/Page_Performance/Page_/p_Performance Report"), "Performance Report"): Actual text and expected text of test object 'Object Repository/Page_Performance/Page_/p_Performance Report' are matched.

2023-12-07 18:11:57 - [MESSAGE][PASSED] - Actual text and expected text of test object 'Object Repository/Page_Performance/Page_/p_Performance Report' are matched.

2023-12-07 18:11:57 - [TEST_STEP][PASSED] - closeBrowser(): Browser is closed

2023-12-07 18:11:58 - [MESSAGE][PASSED] - Browser is closed]]></system-out>
         <system-err><![CDATA[]]></system-err>
      </testcase>
      <testcase name="Test Cases/Dashboard_Page/test_spend_monitoring_report" time="15.361" classname="Test Cases/Dashboard_Page/test_spend_monitoring_report" status="PASSED">
         <system-out><![CDATA[2023-12-07 18:11:58 - [TEST_CASE][PASSED] - Test Cases/Dashboard_Page/test_spend_monitoring_report: Test Cases/Dashboard_Page/test_spend_monitoring_report

2023-12-07 18:11:58 - [TEST_STEP][PASSED] - callTestCase(findTestCase("Reusable_Functions/Login"), [:], CONTINUE_ON_FAILURE): Call Test Case 'Test Cases/Reusable_Functions/Login' successfully

2023-12-07 18:11:58 - [TEST_CASE][PASSED] - Test Cases/Reusable_Functions/Login: Test Cases/Reusable_Functions/Login

2023-12-07 18:11:58 - [TEST_STEP][PASSED] - openBrowser(""): Browser is opened with url: ''

2023-12-07 18:11:58 - [MESSAGE][INFO] - Starting 'Chrome' driver

2023-12-07 18:11:58 - [MESSAGE][INFO] - Action delay is set to 0 milliseconds

2023-12-07 18:11:59 - [MESSAGE][PASSED] - Browser is opened with url: ''

2023-12-07 18:11:59 - [TEST_STEP][PASSED] - maximizeWindow(): Current window maximized

2023-12-07 18:12:00 - [MESSAGE][PASSED] - Current window maximized

2023-12-07 18:12:00 - [TEST_STEP][PASSED] - navigateToUrl("https://dev-dash.admetrics.ai/"): Navigate to 'https://dev-dash.admetrics.ai/' successfully

2023-12-07 18:12:00 - [MESSAGE][PASSED] - Navigate to 'https://dev-dash.admetrics.ai/' successfully

2023-12-07 18:12:00 - [TEST_STEP][PASSED] - setText(findTestObject("Object Repository/Page_Project_Title/input_User ID_username"), "admin"): Text 'admin' is set on object 'Object Repository/Page_Project_Title/input_User ID_username'

2023-12-07 18:12:03 - [MESSAGE][PASSED] - Text 'admin' is set on object 'Object Repository/Page_Project_Title/input_User ID_username'

2023-12-07 18:12:03 - [TEST_STEP][PASSED] - setEncryptedText(findTestObject("Object Repository/Page_Project_Title/input_Password_password"), "7Dxoto1EjKfQbGop/Ov+1g=="): Text ****** has been set on object 'Object Repository/Page_Project_Title/input_Password_password'

2023-12-07 18:12:04 - [MESSAGE][PASSED] - Text ****** has been set on object 'Object Repository/Page_Project_Title/input_Password_password'

2023-12-07 18:12:04 - [TEST_STEP][PASSED] - click(findTestObject("Object Repository/Page_Project_Title/button_Login")): Object: 'Object Repository/Page_Project_Title/button_Login' is clicked on

2023-12-07 18:12:04 - [MESSAGE][PASSED] - Object: 'Object Repository/Page_Project_Title/button_Login' is clicked on

2023-12-07 18:12:04 - [MESSAGE][PASSED] - Call Test Case 'Test Cases/Reusable_Functions/Login' successfully

2023-12-07 18:12:04 - [TEST_STEP][PASSED] - verifyElementText(findTestObject("Object Repository/Page_Spend_Monitoring/Page_/div_Spend Monitoring"), "Spend Monitoring"): Actual text and expected text of test object 'Object Repository/Page_Spend_Monitoring/Page_/div_Spend Monitoring' are matched.

2023-12-07 18:12:06 - [MESSAGE][PASSED] - Actual text and expected text of test object 'Object Repository/Page_Spend_Monitoring/Page_/div_Spend Monitoring' are matched.

2023-12-07 18:12:06 - [TEST_STEP][PASSED] - verifyElementVisible(findTestObject("Object Repository/Page_Spend_Monitoring/Page_/img_Spend Monitoring_mg-0")): Object 'Object Repository/Page_Spend_Monitoring/Page_/img_Spend Monitoring_mg-0' is visible

2023-12-07 18:12:07 - [MESSAGE][PASSED] - Object 'Object Repository/Page_Spend_Monitoring/Page_/img_Spend Monitoring_mg-0' is visible

2023-12-07 18:12:07 - [TEST_STEP][PASSED] - mouseOver(findTestObject("Object Repository/Page_Spend_Monitoring/Page_/img_Spend Monitoring_infoIconImage")): Object: 'Object Repository/Page_Spend_Monitoring/Page_/img_Spend Monitoring_infoIconImage' is hovered

2023-12-07 18:12:07 - [MESSAGE][PASSED] - Object: 'Object Repository/Page_Spend_Monitoring/Page_/img_Spend Monitoring_infoIconImage' is hovered

2023-12-07 18:12:07 - [TEST_STEP][PASSED] - verifyElementText(findTestObject("Object Repository/Page_Spend_Monitoring/Page_/p_Access dashboard to"), "Access dashboard to"): Actual text and expected text of test object 'Object Repository/Page_Spend_Monitoring/Page_/p_Access dashboard to' are matched.

2023-12-07 18:12:08 - [MESSAGE][PASSED] - Actual text and expected text of test object 'Object Repository/Page_Spend_Monitoring/Page_/p_Access dashboard to' are matched.

2023-12-07 18:12:08 - [TEST_STEP][PASSED] - verifyElementText(findTestObject("Object Repository/Page_Spend_Monitoring/Page_/p_view details"), "view details"): Actual text and expected text of test object 'Object Repository/Page_Spend_Monitoring/Page_/p_view details' are matched.

2023-12-07 18:12:08 - [MESSAGE][PASSED] - Actual text and expected text of test object 'Object Repository/Page_Spend_Monitoring/Page_/p_view details' are matched.

2023-12-07 18:12:08 - [TEST_STEP][PASSED] - verifyElementText(findTestObject("Object Repository/Page_Spend_Monitoring/Page_/button_Access dashboard"), "Access dashboard →"): Actual text and expected text of test object 'Object Repository/Page_Spend_Monitoring/Page_/button_Access dashboard' are matched.

2023-12-07 18:12:09 - [MESSAGE][PASSED] - Actual text and expected text of test object 'Object Repository/Page_Spend_Monitoring/Page_/button_Access dashboard' are matched.

2023-12-07 18:12:09 - [TEST_STEP][PASSED] - verifyElementClickable(findTestObject("Object Repository/Page_Spend_Monitoring/Page_/button_Access dashboard")): Object 'Object Repository/Page_Spend_Monitoring/Page_/button_Access dashboard' is clickable

2023-12-07 18:12:09 - [MESSAGE][PASSED] - Object 'Object Repository/Page_Spend_Monitoring/Page_/button_Access dashboard' is clickable

2023-12-07 18:12:09 - [TEST_STEP][PASSED] - click(findTestObject("Object Repository/Page_Spend_Monitoring/Page_/button_Access dashboard")): Object: 'Object Repository/Page_Spend_Monitoring/Page_/button_Access dashboard' is clicked on

2023-12-07 18:12:10 - [MESSAGE][PASSED] - Object: 'Object Repository/Page_Spend_Monitoring/Page_/button_Access dashboard' is clicked on

2023-12-07 18:12:10 - [TEST_STEP][PASSED] - verifyElementText(findTestObject("Object Repository/Page_Spend_Monitoring/Page_/p_Spend Monitoring Report"), "Spend Monitoring Report"): Actual text and expected text of test object 'Object Repository/Page_Spend_Monitoring/Page_/p_Spend Monitoring Report' are matched.

2023-12-07 18:12:12 - [MESSAGE][PASSED] - Actual text and expected text of test object 'Object Repository/Page_Spend_Monitoring/Page_/p_Spend Monitoring Report' are matched.

2023-12-07 18:12:12 - [TEST_STEP][PASSED] - closeBrowser(): Browser is closed

2023-12-07 18:12:13 - [MESSAGE][PASSED] - Browser is closed]]></system-out>
         <system-err><![CDATA[]]></system-err>
      </testcase>
      <testcase name="Test Cases/Dashboard_Page/test_spend_report" time="16.695" classname="Test Cases/Dashboard_Page/test_spend_report" status="PASSED">
         <system-out><![CDATA[2023-12-07 18:12:13 - [TEST_CASE][PASSED] - Test Cases/Dashboard_Page/test_spend_report: Test Cases/Dashboard_Page/test_spend_report

2023-12-07 18:12:13 - [TEST_STEP][PASSED] - callTestCase(findTestCase("Reusable_Functions/Login"), [:], CONTINUE_ON_FAILURE): Call Test Case 'Test Cases/Reusable_Functions/Login' successfully

2023-12-07 18:12:14 - [TEST_CASE][PASSED] - Test Cases/Reusable_Functions/Login: Test Cases/Reusable_Functions/Login

2023-12-07 18:12:14 - [TEST_STEP][PASSED] - openBrowser(""): Browser is opened with url: ''

2023-12-07 18:12:14 - [MESSAGE][INFO] - Starting 'Chrome' driver

2023-12-07 18:12:14 - [MESSAGE][INFO] - Action delay is set to 0 milliseconds

2023-12-07 18:12:15 - [MESSAGE][PASSED] - Browser is opened with url: ''

2023-12-07 18:12:15 - [TEST_STEP][PASSED] - maximizeWindow(): Current window maximized

2023-12-07 18:12:15 - [MESSAGE][PASSED] - Current window maximized

2023-12-07 18:12:15 - [TEST_STEP][PASSED] - navigateToUrl("https://dev-dash.admetrics.ai/"): Navigate to 'https://dev-dash.admetrics.ai/' successfully

2023-12-07 18:12:15 - [MESSAGE][PASSED] - Navigate to 'https://dev-dash.admetrics.ai/' successfully

2023-12-07 18:12:15 - [TEST_STEP][PASSED] - setText(findTestObject("Object Repository/Page_Project_Title/input_User ID_username"), "admin"): Text 'admin' is set on object 'Object Repository/Page_Project_Title/input_User ID_username'

2023-12-07 18:12:19 - [MESSAGE][PASSED] - Text 'admin' is set on object 'Object Repository/Page_Project_Title/input_User ID_username'

2023-12-07 18:12:19 - [TEST_STEP][PASSED] - setEncryptedText(findTestObject("Object Repository/Page_Project_Title/input_Password_password"), "7Dxoto1EjKfQbGop/Ov+1g=="): Text ****** has been set on object 'Object Repository/Page_Project_Title/input_Password_password'

2023-12-07 18:12:19 - [MESSAGE][PASSED] - Text ****** has been set on object 'Object Repository/Page_Project_Title/input_Password_password'

2023-12-07 18:12:19 - [TEST_STEP][PASSED] - click(findTestObject("Object Repository/Page_Project_Title/button_Login")): Object: 'Object Repository/Page_Project_Title/button_Login' is clicked on

2023-12-07 18:12:20 - [MESSAGE][PASSED] - Object: 'Object Repository/Page_Project_Title/button_Login' is clicked on

2023-12-07 18:12:20 - [MESSAGE][PASSED] - Call Test Case 'Test Cases/Reusable_Functions/Login' successfully

2023-12-07 18:12:20 - [TEST_STEP][PASSED] - verifyElementText(findTestObject("Object Repository/Page_Spend_Report/Page_/div_Spend Report"), "Spend Report"): Actual text and expected text of test object 'Object Repository/Page_Spend_Report/Page_/div_Spend Report' are matched.

2023-12-07 18:12:23 - [MESSAGE][PASSED] - Actual text and expected text of test object 'Object Repository/Page_Spend_Report/Page_/div_Spend Report' are matched.

2023-12-07 18:12:23 - [TEST_STEP][PASSED] - verifyElementVisible(findTestObject("Object Repository/Page_Spend_Report/Page_/img_Spend Report_mg-0")): Object 'Object Repository/Page_Spend_Report/Page_/img_Spend Report_mg-0' is visible

2023-12-07 18:12:23 - [MESSAGE][PASSED] - Object 'Object Repository/Page_Spend_Report/Page_/img_Spend Report_mg-0' is visible

2023-12-07 18:12:23 - [TEST_STEP][PASSED] - mouseOver(findTestObject("Object Repository/Page_Spend_Report/Page_/img_Spend Report_infoIconImage")): Object: 'Object Repository/Page_Spend_Report/Page_/img_Spend Report_infoIconImage' is hovered

2023-12-07 18:12:24 - [MESSAGE][PASSED] - Object: 'Object Repository/Page_Spend_Report/Page_/img_Spend Report_infoIconImage' is hovered

2023-12-07 18:12:24 - [TEST_STEP][PASSED] - verifyElementText(findTestObject("Object Repository/Page_Spend_Report/Page_/p_Access dashboard to"), "Access dashboard to"): Actual text and expected text of test object 'Object Repository/Page_Spend_Report/Page_/p_Access dashboard to' are matched.

2023-12-07 18:12:24 - [MESSAGE][PASSED] - Actual text and expected text of test object 'Object Repository/Page_Spend_Report/Page_/p_Access dashboard to' are matched.

2023-12-07 18:12:24 - [TEST_STEP][PASSED] - verifyElementText(findTestObject("Object Repository/Page_Spend_Report/Page_/p_view details"), "view details"): Actual text and expected text of test object 'Object Repository/Page_Spend_Report/Page_/p_view details' are matched.

2023-12-07 18:12:25 - [MESSAGE][PASSED] - Actual text and expected text of test object 'Object Repository/Page_Spend_Report/Page_/p_view details' are matched.

2023-12-07 18:12:25 - [TEST_STEP][PASSED] - verifyElementText(findTestObject("Object Repository/Page_Spend_Report/Page_/button_Access dashboard"), "Access dashboard →"): Actual text and expected text of test object 'Object Repository/Page_Spend_Report/Page_/button_Access dashboard' are matched.

2023-12-07 18:12:25 - [MESSAGE][PASSED] - Actual text and expected text of test object 'Object Repository/Page_Spend_Report/Page_/button_Access dashboard' are matched.

2023-12-07 18:12:25 - [TEST_STEP][PASSED] - verifyElementClickable(findTestObject("Object Repository/Page_Spend_Report/Page_/button_Access dashboard")): Object 'Object Repository/Page_Spend_Report/Page_/button_Access dashboard' is clickable

2023-12-07 18:12:26 - [MESSAGE][PASSED] - Object 'Object Repository/Page_Spend_Report/Page_/button_Access dashboard' is clickable

2023-12-07 18:12:26 - [TEST_STEP][PASSED] - click(findTestObject("Object Repository/Page_Spend_Report/Page_/button_Access dashboard")): Object: 'Object Repository/Page_Spend_Report/Page_/button_Access dashboard' is clicked on

2023-12-07 18:12:26 - [MESSAGE][PASSED] - Object: 'Object Repository/Page_Spend_Report/Page_/button_Access dashboard' is clicked on

2023-12-07 18:12:26 - [TEST_STEP][PASSED] - verifyElementText(findTestObject("Object Repository/Page_Spend_Report/Page_/p_Spend Report"), "Spend Report"): Actual text and expected text of test object 'Object Repository/Page_Spend_Report/Page_/p_Spend Report' are matched.

2023-12-07 18:12:29 - [MESSAGE][PASSED] - Actual text and expected text of test object 'Object Repository/Page_Spend_Report/Page_/p_Spend Report' are matched.

2023-12-07 18:12:29 - [TEST_STEP][PASSED] - closeBrowser(): Browser is closed

2023-12-07 18:12:30 - [MESSAGE][PASSED] - Browser is closed]]></system-out>
         <system-err><![CDATA[]]></system-err>
      </testcase>
      <testcase name="Test Cases/Dashboard_Page/test_verify_menu" time="42.6" classname="Test Cases/Dashboard_Page/test_verify_menu" status="PASSED">
         <system-out><![CDATA[2023-12-07 18:12:30 - [TEST_CASE][PASSED] - Test Cases/Dashboard_Page/test_verify_menu: Test Cases/Dashboard_Page/test_verify_menu

2023-12-07 18:12:30 - [TEST_STEP][PASSED] - callTestCase(findTestCase("Reusable_Functions/Login"), [:], CONTINUE_ON_FAILURE): Call Test Case 'Test Cases/Reusable_Functions/Login' successfully

2023-12-07 18:12:30 - [TEST_CASE][PASSED] - Test Cases/Reusable_Functions/Login: Test Cases/Reusable_Functions/Login

2023-12-07 18:12:30 - [TEST_STEP][PASSED] - openBrowser(""): Browser is opened with url: ''

2023-12-07 18:12:30 - [MESSAGE][INFO] - Starting 'Chrome' driver

2023-12-07 18:12:30 - [MESSAGE][INFO] - Action delay is set to 0 milliseconds

2023-12-07 18:12:31 - [MESSAGE][PASSED] - Browser is opened with url: ''

2023-12-07 18:12:31 - [TEST_STEP][PASSED] - maximizeWindow(): Current window maximized

2023-12-07 18:12:32 - [MESSAGE][PASSED] - Current window maximized

2023-12-07 18:12:32 - [TEST_STEP][PASSED] - navigateToUrl("https://dev-dash.admetrics.ai/"): Navigate to 'https://dev-dash.admetrics.ai/' successfully

2023-12-07 18:12:33 - [MESSAGE][PASSED] - Navigate to 'https://dev-dash.admetrics.ai/' successfully

2023-12-07 18:12:33 - [TEST_STEP][PASSED] - setText(findTestObject("Object Repository/Page_Project_Title/input_User ID_username"), "admin"): Text 'admin' is set on object 'Object Repository/Page_Project_Title/input_User ID_username'

2023-12-07 18:12:35 - [MESSAGE][PASSED] - Text 'admin' is set on object 'Object Repository/Page_Project_Title/input_User ID_username'

2023-12-07 18:12:35 - [TEST_STEP][PASSED] - setEncryptedText(findTestObject("Object Repository/Page_Project_Title/input_Password_password"), "7Dxoto1EjKfQbGop/Ov+1g=="): Text ****** has been set on object 'Object Repository/Page_Project_Title/input_Password_password'

2023-12-07 18:12:36 - [MESSAGE][PASSED] - Text ****** has been set on object 'Object Repository/Page_Project_Title/input_Password_password'

2023-12-07 18:12:36 - [TEST_STEP][PASSED] - click(findTestObject("Object Repository/Page_Project_Title/button_Login")): Object: 'Object Repository/Page_Project_Title/button_Login' is clicked on

2023-12-07 18:12:36 - [MESSAGE][PASSED] - Object: 'Object Repository/Page_Project_Title/button_Login' is clicked on

2023-12-07 18:12:36 - [MESSAGE][PASSED] - Call Test Case 'Test Cases/Reusable_Functions/Login' successfully

2023-12-07 18:12:36 - [TEST_STEP][PASSED] - verifyElementText(findTestObject("Object Repository/Page_Menu/Page_/p_Summary Statistics"), "Summary Statistics"): Actual text and expected text of test object 'Object Repository/Page_Menu/Page_/p_Summary Statistics' are matched.

2023-12-07 18:12:39 - [MESSAGE][PASSED] - Actual text and expected text of test object 'Object Repository/Page_Menu/Page_/p_Summary Statistics' are matched.

2023-12-07 18:12:39 - [TEST_STEP][PASSED] - verifyElementVisible(findTestObject("Object Repository/Page_Menu/Page_/img")): Object 'Object Repository/Page_Menu/Page_/img' is visible

2023-12-07 18:12:39 - [MESSAGE][PASSED] - Object 'Object Repository/Page_Menu/Page_/img' is visible

2023-12-07 18:12:39 - [TEST_STEP][PASSED] - verifyElementText(findTestObject("Object Repository/Page_Menu/Page_/span_admetrics"), "admetrics"): Actual text and expected text of test object 'Object Repository/Page_Menu/Page_/span_admetrics' are matched.

2023-12-07 18:12:40 - [MESSAGE][PASSED] - Actual text and expected text of test object 'Object Repository/Page_Menu/Page_/span_admetrics' are matched.

2023-12-07 18:12:40 - [TEST_STEP][PASSED] - verifyElementClickable(findTestObject("Object Repository/Page_Menu/Page_/div_admetrics_spinner diagonal part-2")): Object 'Object Repository/Page_Menu/Page_/div_admetrics_spinner diagonal part-2' is clickable

2023-12-07 18:12:40 - [MESSAGE][PASSED] - Object 'Object Repository/Page_Menu/Page_/div_admetrics_spinner diagonal part-2' is clickable

2023-12-07 18:12:40 - [TEST_STEP][PASSED] - click(findTestObject("Object Repository/Page_Menu/Page_/div_admetrics_spinner diagonal part-2")): Object: 'Object Repository/Page_Menu/Page_/div_admetrics_spinner diagonal part-2' is clicked on

2023-12-07 18:12:41 - [MESSAGE][PASSED] - Object: 'Object Repository/Page_Menu/Page_/div_admetrics_spinner diagonal part-2' is clicked on

2023-12-07 18:12:41 - [TEST_STEP][PASSED] - click(findTestObject("Object Repository/Page_Menu/Page_/div_admetrics_RespMenuIcon")): Object: 'Object Repository/Page_Menu/Page_/div_admetrics_RespMenuIcon' is clicked on

2023-12-07 18:12:41 - [MESSAGE][PASSED] - Object: 'Object Repository/Page_Menu/Page_/div_admetrics_RespMenuIcon' is clicked on

2023-12-07 18:12:41 - [TEST_STEP][PASSED] - verifyElementClickable(findTestObject("Object Repository/Page_Menu/Page_/div_admetrics_spinner diagonal part-2_1")): Object 'Object Repository/Page_Menu/Page_/div_admetrics_spinner diagonal part-2_1' is clickable

2023-12-07 18:12:42 - [MESSAGE][PASSED] - Object 'Object Repository/Page_Menu/Page_/div_admetrics_spinner diagonal part-2_1' is clickable

2023-12-07 18:12:42 - [TEST_STEP][PASSED] - click(findTestObject("Object Repository/Page_Menu/Page_/div_admetrics_spinner horizontal")): Object: 'Object Repository/Page_Menu/Page_/div_admetrics_spinner horizontal' is clicked on

2023-12-07 18:12:42 - [MESSAGE][PASSED] - Object: 'Object Repository/Page_Menu/Page_/div_admetrics_spinner horizontal' is clicked on

2023-12-07 18:12:42 - [TEST_STEP][PASSED] - click(findTestObject("Object Repository/Page_Menu/Page_/label_admetrics_sidebarIconToggle")): Object: 'Object Repository/Page_Menu/Page_/label_admetrics_sidebarIconToggle' is clicked on

2023-12-07 18:12:43 - [MESSAGE][PASSED] - Object: 'Object Repository/Page_Menu/Page_/label_admetrics_sidebarIconToggle' is clicked on

2023-12-07 18:12:43 - [TEST_STEP][PASSED] - mouseOver(findTestObject("Object Repository/Page_Menu/Page_/img_admetrics_menuIcon")): Object: 'Object Repository/Page_Menu/Page_/img_admetrics_menuIcon' is hovered

2023-12-07 18:12:44 - [MESSAGE][PASSED] - Object: 'Object Repository/Page_Menu/Page_/img_admetrics_menuIcon' is hovered

2023-12-07 18:12:44 - [TEST_STEP][PASSED] - mouseOver(findTestObject("Object Repository/Page_Menu/Page_/img_Summary Statistics_menuIcon")): Object: 'Object Repository/Page_Menu/Page_/img_Summary Statistics_menuIcon' is hovered

2023-12-07 18:12:44 - [MESSAGE][PASSED] - Object: 'Object Repository/Page_Menu/Page_/img_Summary Statistics_menuIcon' is hovered

2023-12-07 18:12:44 - [TEST_STEP][PASSED] - mouseOver(findTestObject("Object Repository/Page_Menu/Page_/img_Spend Report_menuIcon")): Object: 'Object Repository/Page_Menu/Page_/img_Spend Report_menuIcon' is hovered

2023-12-07 18:12:45 - [MESSAGE][PASSED] - Object: 'Object Repository/Page_Menu/Page_/img_Spend Report_menuIcon' is hovered

2023-12-07 18:12:45 - [TEST_STEP][PASSED] - mouseOver(findTestObject("Object Repository/Page_Menu/Page_/img_Spend Monitoring_menuIcon")): Object: 'Object Repository/Page_Menu/Page_/img_Spend Monitoring_menuIcon' is hovered

2023-12-07 18:12:46 - [MESSAGE][PASSED] - Object: 'Object Repository/Page_Menu/Page_/img_Spend Monitoring_menuIcon' is hovered

2023-12-07 18:12:46 - [TEST_STEP][PASSED] - mouseOver(findTestObject("Object Repository/Page_Menu/Page_/img_Performance_menuIcon")): Object: 'Object Repository/Page_Menu/Page_/img_Performance_menuIcon' is hovered

2023-12-07 18:12:47 - [MESSAGE][PASSED] - Object: 'Object Repository/Page_Menu/Page_/img_Performance_menuIcon' is hovered

2023-12-07 18:12:47 - [TEST_STEP][PASSED] - click(findTestObject("Object Repository/Page_Menu/Page_/div_admetrics_spinner diagonal part-2_1")): Object: 'Object Repository/Page_Menu/Page_/div_admetrics_spinner diagonal part-2_1' is clicked on

2023-12-07 18:12:47 - [MESSAGE][PASSED] - Object: 'Object Repository/Page_Menu/Page_/div_admetrics_spinner diagonal part-2_1' is clicked on

2023-12-07 18:12:47 - [TEST_STEP][PASSED] - verifyElementText(findTestObject("Object Repository/Page_Menu/Page_/span_Summary Statistics"), "Summary Statistics"): Actual text and expected text of test object 'Object Repository/Page_Menu/Page_/span_Summary Statistics' are matched.

2023-12-07 18:12:48 - [MESSAGE][PASSED] - Actual text and expected text of test object 'Object Repository/Page_Menu/Page_/span_Summary Statistics' are matched.

2023-12-07 18:12:48 - [TEST_STEP][PASSED] - verifyElementVisible(findTestObject("Object Repository/Page_Menu/Page_/img_admetrics_menuIcon")): Object 'Object Repository/Page_Menu/Page_/img_admetrics_menuIcon' is visible

2023-12-07 18:12:48 - [MESSAGE][PASSED] - Object 'Object Repository/Page_Menu/Page_/img_admetrics_menuIcon' is visible

2023-12-07 18:12:48 - [TEST_STEP][PASSED] - verifyElementText(findTestObject("Object Repository/Page_Menu/Page_/span_Spend Report"), "Spend Report"): Actual text and expected text of test object 'Object Repository/Page_Menu/Page_/span_Spend Report' are matched.

2023-12-07 18:12:49 - [MESSAGE][PASSED] - Actual text and expected text of test object 'Object Repository/Page_Menu/Page_/span_Spend Report' are matched.

2023-12-07 18:12:49 - [TEST_STEP][PASSED] - verifyElementVisible(findTestObject("Object Repository/Page_Menu/Page_/img_Summary Statistics_menuIcon")): Object 'Object Repository/Page_Menu/Page_/img_Summary Statistics_menuIcon' is visible

2023-12-07 18:12:49 - [MESSAGE][PASSED] - Object 'Object Repository/Page_Menu/Page_/img_Summary Statistics_menuIcon' is visible

2023-12-07 18:12:49 - [TEST_STEP][PASSED] - click(findTestObject("Object Repository/Page_Menu/Page_/div_Spend Report")): Object: 'Object Repository/Page_Menu/Page_/div_Spend Report' is clicked on

2023-12-07 18:12:49 - [MESSAGE][PASSED] - Object: 'Object Repository/Page_Menu/Page_/div_Spend Report' is clicked on

2023-12-07 18:12:49 - [TEST_STEP][PASSED] - click(findTestObject("Object Repository/Page_Menu/Page_/div_admetrics_spinner horizontal")): Object: 'Object Repository/Page_Menu/Page_/div_admetrics_spinner horizontal' is clicked on

2023-12-07 18:12:53 - [MESSAGE][PASSED] - Object: 'Object Repository/Page_Menu/Page_/div_admetrics_spinner horizontal' is clicked on

2023-12-07 18:12:53 - [TEST_STEP][PASSED] - verifyElementText(findTestObject("Object Repository/Page_Menu/Page_/span_Spend Monitoring"), "Spend Monitoring"): Actual text and expected text of test object 'Object Repository/Page_Menu/Page_/span_Spend Monitoring' are matched.

2023-12-07 18:12:53 - [MESSAGE][PASSED] - Actual text and expected text of test object 'Object Repository/Page_Menu/Page_/span_Spend Monitoring' are matched.

2023-12-07 18:12:53 - [TEST_STEP][PASSED] - verifyElementVisible(findTestObject("Object Repository/Page_Menu/Page_/img_Spend Report_menuIcon")): Object 'Object Repository/Page_Menu/Page_/img_Spend Report_menuIcon' is visible

2023-12-07 18:12:53 - [MESSAGE][PASSED] - Object 'Object Repository/Page_Menu/Page_/img_Spend Report_menuIcon' is visible

2023-12-07 18:12:53 - [TEST_STEP][PASSED] - click(findTestObject("Object Repository/Page_Menu/Page_/span_Spend Monitoring")): Object: 'Object Repository/Page_Menu/Page_/span_Spend Monitoring' is clicked on

2023-12-07 18:12:54 - [MESSAGE][PASSED] - Object: 'Object Repository/Page_Menu/Page_/span_Spend Monitoring' is clicked on

2023-12-07 18:12:54 - [TEST_STEP][PASSED] - click(findTestObject("Object Repository/Page_Menu/Page_/div_admetrics_spinner diagonal part-2_1")): Object: 'Object Repository/Page_Menu/Page_/div_admetrics_spinner diagonal part-2_1' is clicked on

2023-12-07 18:12:57 - [MESSAGE][PASSED] - Object: 'Object Repository/Page_Menu/Page_/div_admetrics_spinner diagonal part-2_1' is clicked on

2023-12-07 18:12:57 - [TEST_STEP][PASSED] - verifyElementText(findTestObject("Object Repository/Page_Menu/Page_/span_Performance"), "Performance"): Actual text and expected text of test object 'Object Repository/Page_Menu/Page_/span_Performance' are matched.

2023-12-07 18:12:57 - [MESSAGE][PASSED] - Actual text and expected text of test object 'Object Repository/Page_Menu/Page_/span_Performance' are matched.

2023-12-07 18:12:57 - [TEST_STEP][PASSED] - verifyElementVisible(findTestObject("Object Repository/Page_Menu/Page_/img_Spend Monitoring_menuIcon")): Object 'Object Repository/Page_Menu/Page_/img_Spend Monitoring_menuIcon' is visible

2023-12-07 18:12:58 - [MESSAGE][PASSED] - Object 'Object Repository/Page_Menu/Page_/img_Spend Monitoring_menuIcon' is visible

2023-12-07 18:12:58 - [TEST_STEP][PASSED] - click(findTestObject("Object Repository/Page_Menu/Page_/div_Performance")): Object: 'Object Repository/Page_Menu/Page_/div_Performance' is clicked on

2023-12-07 18:12:58 - [MESSAGE][PASSED] - Object: 'Object Repository/Page_Menu/Page_/div_Performance' is clicked on

2023-12-07 18:12:58 - [TEST_STEP][PASSED] - click(findTestObject("Object Repository/Page_Menu/Page_/label_admetrics_sidebarIconToggle_1")): Object: 'Object Repository/Page_Menu/Page_/label_admetrics_sidebarIconToggle_1' is clicked on

2023-12-07 18:13:01 - [MESSAGE][PASSED] - Object: 'Object Repository/Page_Menu/Page_/label_admetrics_sidebarIconToggle_1' is clicked on

2023-12-07 18:13:01 - [TEST_STEP][PASSED] - verifyElementText(findTestObject("Object Repository/Page_Menu/Page_/span_Campaign"), "Campaign"): Actual text and expected text of test object 'Object Repository/Page_Menu/Page_/span_Campaign' are matched.

2023-12-07 18:13:01 - [MESSAGE][PASSED] - Actual text and expected text of test object 'Object Repository/Page_Menu/Page_/span_Campaign' are matched.

2023-12-07 18:13:01 - [TEST_STEP][PASSED] - verifyElementVisible(findTestObject("Object Repository/Page_Menu/Page_/img_Spend Monitoring_menuIcon")): Object 'Object Repository/Page_Menu/Page_/img_Spend Monitoring_menuIcon' is visible

2023-12-07 18:13:02 - [MESSAGE][PASSED] - Object 'Object Repository/Page_Menu/Page_/img_Spend Monitoring_menuIcon' is visible

2023-12-07 18:13:02 - [TEST_STEP][PASSED] - click(findTestObject("Object Repository/Page_Menu/Page_/span_Performance")): Object: 'Object Repository/Page_Menu/Page_/span_Performance' is clicked on

2023-12-07 18:13:02 - [MESSAGE][PASSED] - Object: 'Object Repository/Page_Menu/Page_/span_Performance' is clicked on

2023-12-07 18:13:02 - [TEST_STEP][PASSED] - click(findTestObject("Object Repository/Page_Menu/Page_/label_admetrics_sidebarIconToggle_1")): Object: 'Object Repository/Page_Menu/Page_/label_admetrics_sidebarIconToggle_1' is clicked on

2023-12-07 18:13:03 - [MESSAGE][PASSED] - Object: 'Object Repository/Page_Menu/Page_/label_admetrics_sidebarIconToggle_1' is clicked on

2023-12-07 18:13:03 - [TEST_STEP][PASSED] - verifyElementText(findTestObject("Object Repository/Page_Menu/Page_/span_Campaign"), "Campaign"): Actual text and expected text of test object 'Object Repository/Page_Menu/Page_/span_Campaign' are matched.

2023-12-07 18:13:03 - [MESSAGE][PASSED] - Actual text and expected text of test object 'Object Repository/Page_Menu/Page_/span_Campaign' are matched.

2023-12-07 18:13:03 - [TEST_STEP][PASSED] - verifyElementVisible(findTestObject("Object Repository/Page_Menu/Page_/img_Performance_menuIcon")): Object 'Object Repository/Page_Menu/Page_/img_Performance_menuIcon' is visible

2023-12-07 18:13:04 - [MESSAGE][PASSED] - Object 'Object Repository/Page_Menu/Page_/img_Performance_menuIcon' is visible

2023-12-07 18:13:04 - [TEST_STEP][PASSED] - click(findTestObject("Object Repository/Page_Menu/Page_/span_Campaign")): Object: 'Object Repository/Page_Menu/Page_/span_Campaign' is clicked on

2023-12-07 18:13:04 - [MESSAGE][PASSED] - Object: 'Object Repository/Page_Menu/Page_/span_Campaign' is clicked on

2023-12-07 18:13:04 - [TEST_STEP][PASSED] - click(findTestObject("Object Repository/Page_Menu/Page_/label_admetrics_sidebarIconToggle_1")): Object: 'Object Repository/Page_Menu/Page_/label_admetrics_sidebarIconToggle_1' is clicked on

2023-12-07 18:13:08 - [MESSAGE][PASSED] - Object: 'Object Repository/Page_Menu/Page_/label_admetrics_sidebarIconToggle_1' is clicked on

2023-12-07 18:13:08 - [TEST_STEP][PASSED] - verifyElementVisible(findTestObject("Object Repository/Page_Menu/Page_/i_Campaign_signOut")): Object 'Object Repository/Page_Menu/Page_/i_Campaign_signOut' is visible

2023-12-07 18:13:08 - [MESSAGE][PASSED] - Object 'Object Repository/Page_Menu/Page_/i_Campaign_signOut' is visible

2023-12-07 18:13:08 - [TEST_STEP][PASSED] - verifyElementClickable(findTestObject("Object Repository/Page_Menu/Page_/i_Campaign_signOut")): Object 'Object Repository/Page_Menu/Page_/i_Campaign_signOut' is clickable

2023-12-07 18:13:09 - [MESSAGE][PASSED] - Object 'Object Repository/Page_Menu/Page_/i_Campaign_signOut' is clickable

2023-12-07 18:13:09 - [TEST_STEP][PASSED] - click(findTestObject("Object Repository/Page_Menu/Page_/i_Campaign_signOut")): Object: 'Object Repository/Page_Menu/Page_/i_Campaign_signOut' is clicked on

2023-12-07 18:13:09 - [MESSAGE][PASSED] - Object: 'Object Repository/Page_Menu/Page_/i_Campaign_signOut' is clicked on

2023-12-07 18:13:09 - [TEST_STEP][PASSED] - delay(2): Delayed 2 second(s)

2023-12-07 18:13:12 - [MESSAGE][PASSED] - Delayed 2 second(s)

2023-12-07 18:13:12 - [TEST_STEP][PASSED] - closeBrowser(): Browser is closed

2023-12-07 18:13:12 - [MESSAGE][PASSED] - Browser is closed]]></system-out>
         <system-err><![CDATA[]]></system-err>
      </testcase>
      <testcase name="Test Cases/Dashboard_Page/test_verify_menu_tooltip_information" time="24.719" classname="Test Cases/Dashboard_Page/test_verify_menu_tooltip_information" status="PASSED">
         <system-out><![CDATA[2023-12-07 18:13:12 - [TEST_CASE][PASSED] - Test Cases/Dashboard_Page/test_verify_menu_tooltip_information: Test Cases/Dashboard_Page/test_verify_menu_tooltip_information

2023-12-07 18:13:13 - [TEST_STEP][PASSED] - callTestCase(findTestCase("Reusable_Functions/Login"), [:], CONTINUE_ON_FAILURE): Call Test Case 'Test Cases/Reusable_Functions/Login' successfully

2023-12-07 18:13:13 - [TEST_CASE][PASSED] - Test Cases/Reusable_Functions/Login: Test Cases/Reusable_Functions/Login

2023-12-07 18:13:13 - [TEST_STEP][PASSED] - openBrowser(""): Browser is opened with url: ''

2023-12-07 18:13:13 - [MESSAGE][INFO] - Starting 'Chrome' driver

2023-12-07 18:13:13 - [MESSAGE][INFO] - Action delay is set to 0 milliseconds

2023-12-07 18:13:14 - [MESSAGE][PASSED] - Browser is opened with url: ''

2023-12-07 18:13:14 - [TEST_STEP][PASSED] - maximizeWindow(): Current window maximized

2023-12-07 18:13:14 - [MESSAGE][PASSED] - Current window maximized

2023-12-07 18:13:14 - [TEST_STEP][PASSED] - navigateToUrl("https://dev-dash.admetrics.ai/"): Navigate to 'https://dev-dash.admetrics.ai/' successfully

2023-12-07 18:13:15 - [MESSAGE][PASSED] - Navigate to 'https://dev-dash.admetrics.ai/' successfully

2023-12-07 18:13:15 - [TEST_STEP][PASSED] - setText(findTestObject("Object Repository/Page_Project_Title/input_User ID_username"), "admin"): Text 'admin' is set on object 'Object Repository/Page_Project_Title/input_User ID_username'

2023-12-07 18:13:18 - [MESSAGE][PASSED] - Text 'admin' is set on object 'Object Repository/Page_Project_Title/input_User ID_username'

2023-12-07 18:13:18 - [TEST_STEP][PASSED] - setEncryptedText(findTestObject("Object Repository/Page_Project_Title/input_Password_password"), "7Dxoto1EjKfQbGop/Ov+1g=="): Text ****** has been set on object 'Object Repository/Page_Project_Title/input_Password_password'

2023-12-07 18:13:19 - [MESSAGE][PASSED] - Text ****** has been set on object 'Object Repository/Page_Project_Title/input_Password_password'

2023-12-07 18:13:19 - [TEST_STEP][PASSED] - click(findTestObject("Object Repository/Page_Project_Title/button_Login")): Object: 'Object Repository/Page_Project_Title/button_Login' is clicked on

2023-12-07 18:13:19 - [MESSAGE][PASSED] - Object: 'Object Repository/Page_Project_Title/button_Login' is clicked on

2023-12-07 18:13:19 - [MESSAGE][PASSED] - Call Test Case 'Test Cases/Reusable_Functions/Login' successfully

2023-12-07 18:13:19 - [TEST_STEP][PASSED] - click(findTestObject("Object Repository/Page_tooltip_information/Page_/div_A_spinner horizontal")): Object: 'Object Repository/Page_tooltip_information/Page_/div_A_spinner horizontal' is clicked on

2023-12-07 18:13:21 - [MESSAGE][PASSED] - Object: 'Object Repository/Page_tooltip_information/Page_/div_A_spinner horizontal' is clicked on

2023-12-07 18:13:21 - [TEST_STEP][PASSED] - mouseOver(findTestObject("Object Repository/Page_tooltip_information/Page_/li_Summary Statistics")): Object: 'Object Repository/Page_tooltip_information/Page_/li_Summary Statistics' is hovered

2023-12-07 18:13:21 - [MESSAGE][PASSED] - Object: 'Object Repository/Page_tooltip_information/Page_/li_Summary Statistics' is hovered

2023-12-07 18:13:21 - [TEST_STEP][PASSED] - click(findTestObject("Object Repository/Page_tooltip_information/Page_/li_Spend Report")): Object: 'Object Repository/Page_tooltip_information/Page_/li_Spend Report' is clicked on

2023-12-07 18:13:22 - [MESSAGE][PASSED] - Object: 'Object Repository/Page_tooltip_information/Page_/li_Spend Report' is clicked on

2023-12-07 18:13:22 - [TEST_STEP][PASSED] - mouseOver(findTestObject("Object Repository/Page_tooltip_information/Page_/li_Spend Report")): Object: 'Object Repository/Page_tooltip_information/Page_/li_Spend Report' is hovered

2023-12-07 18:13:25 - [MESSAGE][PASSED] - Object: 'Object Repository/Page_tooltip_information/Page_/li_Spend Report' is hovered

2023-12-07 18:13:25 - [TEST_STEP][PASSED] - click(findTestObject("Object Repository/Page_tooltip_information/Page_/li_Spend Monitoring")): Object: 'Object Repository/Page_tooltip_information/Page_/li_Spend Monitoring' is clicked on

2023-12-07 18:13:25 - [MESSAGE][PASSED] - Object: 'Object Repository/Page_tooltip_information/Page_/li_Spend Monitoring' is clicked on

2023-12-07 18:13:25 - [TEST_STEP][PASSED] - mouseOver(findTestObject("Object Repository/Page_tooltip_information/Page_/li_Spend Monitoring")): Object: 'Object Repository/Page_tooltip_information/Page_/li_Spend Monitoring' is hovered

2023-12-07 18:13:28 - [MESSAGE][PASSED] - Object: 'Object Repository/Page_tooltip_information/Page_/li_Spend Monitoring' is hovered

2023-12-07 18:13:28 - [TEST_STEP][PASSED] - click(findTestObject("Object Repository/Page_tooltip_information/Page_/li_Performance")): Object: 'Object Repository/Page_tooltip_information/Page_/li_Performance' is clicked on

2023-12-07 18:13:28 - [MESSAGE][PASSED] - Object: 'Object Repository/Page_tooltip_information/Page_/li_Performance' is clicked on

2023-12-07 18:13:28 - [TEST_STEP][PASSED] - mouseOver(findTestObject("Object Repository/Page_tooltip_information/Page_/li_Performance")): Object: 'Object Repository/Page_tooltip_information/Page_/li_Performance' is hovered

2023-12-07 18:13:31 - [MESSAGE][PASSED] - Object: 'Object Repository/Page_tooltip_information/Page_/li_Performance' is hovered

2023-12-07 18:13:31 - [TEST_STEP][PASSED] - click(findTestObject("Object Repository/Page_tooltip_information/Page_/li_Campaign")): Object: 'Object Repository/Page_tooltip_information/Page_/li_Campaign' is clicked on

2023-12-07 18:13:31 - [MESSAGE][PASSED] - Object: 'Object Repository/Page_tooltip_information/Page_/li_Campaign' is clicked on

2023-12-07 18:13:31 - [TEST_STEP][PASSED] - mouseOver(findTestObject("Object Repository/Page_tooltip_information/Page_/li_Campaign")): Object: 'Object Repository/Page_tooltip_information/Page_/li_Campaign' is hovered

2023-12-07 18:13:36 - [MESSAGE][PASSED] - Object: 'Object Repository/Page_tooltip_information/Page_/li_Campaign' is hovered

2023-12-07 18:13:36 - [TEST_STEP][PASSED] - closeBrowser(): Browser is closed

2023-12-07 18:13:37 - [MESSAGE][PASSED] - Browser is closed]]></system-out>
         <system-err><![CDATA[]]></system-err>
      </testcase>
      <system-out><![CDATA[2023-12-07 18:10:36 - [TEST_SUITE][PASSED] - Function_test: Test Cases/Dashboard_Page/test_verify_menu_tooltip_information]]></system-out>
      <system-err><![CDATA[]]></system-err>
   </testsuite>
</testsuites>
