<?xml version="1.0" encoding="UTF-8"?>
<testsuites name="Function_test" time="880.92" tests="19" failures="0" errors="0">
   <testsuite name="Function_test" tests="19" failures="0" errors="0" time="880.92" skipped="0" timestamp="2023-12-19 13:55:50" hostname="Pavitra I R - DESKTOP-MFB1Q4P" id="Test Suites/Function_test">
      <properties>
         <property name="deviceName" value=""/>
         <property name="devicePlatform" value=""/>
         <property name="logFolder" value="C:\\Users\\Pavitra I R\\Katalon Studio\\Admetrics\\Reports\\20231219_135540\\Function_test\\20231219_135541"/>
         <property name="logFiles" value="C:\\Users\\Pavitra I R\\Katalon Studio\\Admetrics\\Reports\\20231219_135540\\Function_test\\20231219_135541\\execution0.log"/>
         <property name="attachments" value=""/>
         <property name="hostName" value="Pavitra I R - DESKTOP-MFB1Q4P"/>
         <property name="os" value="Windows 10 64bit"/>
         <property name="katalonVersion" value="8.6.8.208"/>
         <property name="browser" value="Chrome 120.0.0.0"/>
         <property name="hostAddress" value="192.168.1.92"/>
         <property name="sessionId" value="5820103e300df873362f7fb47e5f83d1"/>
         <property name="seleniumVersion" value="3.141.59"/>
         <property name="proxyInformation" value="ProxyInformation { proxyOption=NO_PROXY, proxyServerType=HTTP, username=, password=********, proxyServerAddress=, proxyServerPort=0, executionList=&quot;&quot;, isApplyToDesiredCapabilities=true }"/>
         <property name="platform" value="Windows 10"/>
      </properties>
      <testcase name="Test Cases/Login_Page/test_verify_project_title" time="8.635" classname="Test Cases/Login_Page/test_verify_project_title" status="PASSED">
         <system-out><![CDATA[2023-12-19 13:55:50 - [TEST_CASE][PASSED] - Test Cases/Login_Page/test_verify_project_title: Test Cases/Login_Page/test_verify_project_title

2023-12-19 13:55:50 - [TEST_STEP][PASSED] - openBrowser(""): Browser is opened with url: ''

2023-12-19 13:55:50 - [MESSAGE][INFO] - Starting 'Chrome' driver

2023-12-19 13:55:50 - [MESSAGE][INFO] - Action delay is set to 0 milliseconds

2023-12-19 13:55:52 - [MESSAGE][PASSED] - Browser is opened with url: ''

2023-12-19 13:55:52 - [TEST_STEP][PASSED] - maximizeWindow(): Current window maximized

2023-12-19 13:55:52 - [MESSAGE][PASSED] - Current window maximized

2023-12-19 13:55:52 - [TEST_STEP][PASSED] - navigateToUrl(url): Navigate to 'https://dev-dash.admetrics.ai/' successfully

2023-12-19 13:55:53 - [MESSAGE][PASSED] - Navigate to 'https://dev-dash.admetrics.ai/' successfully

2023-12-19 13:55:53 - [TEST_STEP][PASSED] - verifyElementText(findTestObject("Object Repository/Page_Project_Title/p_Admetrics"), "Admetrics"): Actual text and expected text of test object 'Object Repository/Page_Project_Title/p_Admetrics' are matched.

2023-12-19 13:55:56 - [MESSAGE][PASSED] - Actual text and expected text of test object 'Object Repository/Page_Project_Title/p_Admetrics' are matched.

2023-12-19 13:55:56 - [TEST_STEP][PASSED] - verifyElementVisible(findTestObject("Object Repository/Page_Project_Title/img_User ID_logoImg mr-3")): Object 'Object Repository/Page_Project_Title/img_User ID_logoImg mr-3' is visible

2023-12-19 13:55:56 - [MESSAGE][PASSED] - Object 'Object Repository/Page_Project_Title/img_User ID_logoImg mr-3' is visible

2023-12-19 13:55:56 - [TEST_STEP][PASSED] - verifyElementText(findTestObject("Object Repository/Page_Project_Title/p_India"), "India"): Actual text and expected text of test object 'Object Repository/Page_Project_Title/p_India' are matched.

2023-12-19 13:55:56 - [MESSAGE][PASSED] - Actual text and expected text of test object 'Object Repository/Page_Project_Title/p_India' are matched.

2023-12-19 13:55:56 - [TEST_STEP][PASSED] - verifyElementText(findTestObject("Object Repository/Page_Project_Title/input_User ID_username"), ""): Actual text and expected text of test object 'Object Repository/Page_Project_Title/input_User ID_username' are matched.

2023-12-19 13:55:57 - [MESSAGE][PASSED] - Actual text and expected text of test object 'Object Repository/Page_Project_Title/input_User ID_username' are matched.

2023-12-19 13:55:57 - [TEST_STEP][PASSED] - verifyElementText(findTestObject("Object Repository/Page_Project_Title/input_Password_password"), ""): Actual text and expected text of test object 'Object Repository/Page_Project_Title/input_Password_password' are matched.

2023-12-19 13:55:57 - [MESSAGE][PASSED] - Actual text and expected text of test object 'Object Repository/Page_Project_Title/input_Password_password' are matched.

2023-12-19 13:55:57 - [TEST_STEP][PASSED] - verifyElementClickable(findTestObject("Object Repository/Page_Project_Title/button_Login")): Object 'Object Repository/Page_Project_Title/button_Login' is clickable

2023-12-19 13:55:58 - [MESSAGE][PASSED] - Object 'Object Repository/Page_Project_Title/button_Login' is clickable

2023-12-19 13:55:58 - [TEST_STEP][PASSED] - closeBrowser(): Browser is closed

2023-12-19 13:55:58 - [MESSAGE][PASSED] - Browser is closed]]></system-out>
         <system-err><![CDATA[]]></system-err>
      </testcase>
      <testcase name="Test Cases/Login_Page/test_empty_credentials" time="5.946" classname="Test Cases/Login_Page/test_empty_credentials" status="PASSED">
         <system-out><![CDATA[2023-12-19 13:55:58 - [TEST_CASE][PASSED] - Test Cases/Login_Page/test_empty_credentials: Test Cases/Login_Page/test_empty_credentials

2023-12-19 13:55:59 - [TEST_STEP][PASSED] - openBrowser(""): Browser is opened with url: ''

2023-12-19 13:55:59 - [MESSAGE][INFO] - Starting 'Chrome' driver

2023-12-19 13:55:59 - [MESSAGE][INFO] - Action delay is set to 0 milliseconds

2023-12-19 13:56:00 - [MESSAGE][PASSED] - Browser is opened with url: ''

2023-12-19 13:56:00 - [TEST_STEP][PASSED] - maximizeWindow(): Current window maximized

2023-12-19 13:56:00 - [MESSAGE][PASSED] - Current window maximized

2023-12-19 13:56:00 - [TEST_STEP][PASSED] - navigateToUrl(url): Navigate to 'https://dev-dash.admetrics.ai/' successfully

2023-12-19 13:56:01 - [MESSAGE][PASSED] - Navigate to 'https://dev-dash.admetrics.ai/' successfully

2023-12-19 13:56:01 - [TEST_STEP][PASSED] - click(findTestObject("Object Repository/Page_Empty_credentials/Page_/input_User ID_username")): Object: 'Object Repository/Page_Empty_credentials/Page_/input_User ID_username' is clicked on

2023-12-19 13:56:03 - [MESSAGE][PASSED] - Object: 'Object Repository/Page_Empty_credentials/Page_/input_User ID_username' is clicked on

2023-12-19 13:56:03 - [TEST_STEP][PASSED] - click(findTestObject("Object Repository/Page_Empty_credentials/Page_/button_Login")): Object: 'Object Repository/Page_Empty_credentials/Page_/button_Login' is clicked on

2023-12-19 13:56:03 - [MESSAGE][PASSED] - Object: 'Object Repository/Page_Empty_credentials/Page_/button_Login' is clicked on

2023-12-19 13:56:03 - [TEST_STEP][PASSED] - verifyElementText(findTestObject("Object Repository/Page_Empty_credentials/Page_/span_Invalid Credentials"), "Invalid Credentials"): Actual text and expected text of test object 'Object Repository/Page_Empty_credentials/Page_/span_Invalid Credentials' are matched.

2023-12-19 13:56:04 - [MESSAGE][PASSED] - Actual text and expected text of test object 'Object Repository/Page_Empty_credentials/Page_/span_Invalid Credentials' are matched.

2023-12-19 13:56:04 - [TEST_STEP][PASSED] - closeBrowser(): Browser is closed

2023-12-19 13:56:04 - [MESSAGE][PASSED] - Browser is closed]]></system-out>
         <system-err><![CDATA[]]></system-err>
      </testcase>
      <testcase name="Test Cases/Login_Page/test_invalidusername_validpassword" time="6.912" classname="Test Cases/Login_Page/test_invalidusername_validpassword" status="PASSED">
         <system-out><![CDATA[2023-12-19 13:56:04 - [TEST_CASE][PASSED] - Test Cases/Login_Page/test_invalidusername_validpassword: Test Cases/Login_Page/test_invalidusername_validpassword

2023-12-19 13:56:05 - [TEST_STEP][PASSED] - openBrowser(""): Browser is opened with url: ''

2023-12-19 13:56:05 - [MESSAGE][INFO] - Starting 'Chrome' driver

2023-12-19 13:56:05 - [MESSAGE][INFO] - Action delay is set to 0 milliseconds

2023-12-19 13:56:06 - [MESSAGE][PASSED] - Browser is opened with url: ''

2023-12-19 13:56:06 - [TEST_STEP][PASSED] - maximizeWindow(): Current window maximized

2023-12-19 13:56:06 - [MESSAGE][PASSED] - Current window maximized

2023-12-19 13:56:06 - [TEST_STEP][PASSED] - navigateToUrl(url): Navigate to 'https://dev-dash.admetrics.ai/' successfully

2023-12-19 13:56:06 - [MESSAGE][PASSED] - Navigate to 'https://dev-dash.admetrics.ai/' successfully

2023-12-19 13:56:06 - [TEST_STEP][PASSED] - setText(findTestObject("Object Repository/Page_invalid_valid/Page_/input_User ID_username"), "tibil"): Text 'tibil' is set on object 'Object Repository/Page_invalid_valid/Page_/input_User ID_username'

2023-12-19 13:56:09 - [MESSAGE][PASSED] - Text 'tibil' is set on object 'Object Repository/Page_invalid_valid/Page_/input_User ID_username'

2023-12-19 13:56:09 - [TEST_STEP][PASSED] - setEncryptedText(findTestObject("Object Repository/Page_invalid_valid/Page_/input_Password_password"), "7Dxoto1EjKfQbGop/Ov+1g=="): Text ****** has been set on object 'Object Repository/Page_invalid_valid/Page_/input_Password_password'

2023-12-19 13:56:09 - [MESSAGE][PASSED] - Text ****** has been set on object 'Object Repository/Page_invalid_valid/Page_/input_Password_password'

2023-12-19 13:56:09 - [TEST_STEP][PASSED] - click(findTestObject("Object Repository/Page_invalid_valid/Page_/button_Login")): Object: 'Object Repository/Page_invalid_valid/Page_/button_Login' is clicked on

2023-12-19 13:56:10 - [MESSAGE][PASSED] - Object: 'Object Repository/Page_invalid_valid/Page_/button_Login' is clicked on

2023-12-19 13:56:10 - [TEST_STEP][PASSED] - verifyElementText(findTestObject("Object Repository/Page_invalid_valid/Page_/span_Invalid Credentials"), "Invalid Credentials"): Actual text and expected text of test object 'Object Repository/Page_invalid_valid/Page_/span_Invalid Credentials' are matched.

2023-12-19 13:56:11 - [MESSAGE][PASSED] - Actual text and expected text of test object 'Object Repository/Page_invalid_valid/Page_/span_Invalid Credentials' are matched.

2023-12-19 13:56:11 - [TEST_STEP][PASSED] - closeBrowser(): Browser is closed

2023-12-19 13:56:11 - [MESSAGE][PASSED] - Browser is closed]]></system-out>
         <system-err><![CDATA[]]></system-err>
      </testcase>
      <testcase name="Test Cases/Login_Page/test_validate_login_page" time="6.573" classname="Test Cases/Login_Page/test_validate_login_page" status="PASSED">
         <system-out><![CDATA[2023-12-19 13:56:11 - [TEST_CASE][PASSED] - Test Cases/Login_Page/test_validate_login_page: Test Cases/Login_Page/test_validate_login_page

2023-12-19 13:56:12 - [TEST_STEP][PASSED] - openBrowser(""): Browser is opened with url: ''

2023-12-19 13:56:12 - [MESSAGE][INFO] - Starting 'Chrome' driver

2023-12-19 13:56:12 - [MESSAGE][INFO] - Action delay is set to 0 milliseconds

2023-12-19 13:56:13 - [MESSAGE][PASSED] - Browser is opened with url: ''

2023-12-19 13:56:13 - [TEST_STEP][PASSED] - maximizeWindow(): Current window maximized

2023-12-19 13:56:13 - [MESSAGE][PASSED] - Current window maximized

2023-12-19 13:56:13 - [TEST_STEP][PASSED] - navigateToUrl(url): Navigate to 'https://dev-dash.admetrics.ai/' successfully

2023-12-19 13:56:13 - [MESSAGE][PASSED] - Navigate to 'https://dev-dash.admetrics.ai/' successfully

2023-12-19 13:56:13 - [TEST_STEP][PASSED] - setText(findTestObject("Object Repository/Page_Invalid/Page_/input_User ID_username"), username): Text '' is set on object 'Object Repository/Page_Invalid/Page_/input_User ID_username'

2023-12-19 13:56:16 - [MESSAGE][PASSED] - Text '' is set on object 'Object Repository/Page_Invalid/Page_/input_User ID_username'

2023-12-19 13:56:16 - [TEST_STEP][PASSED] - setEncryptedText(findTestObject("Object Repository/Page_Invalid/Page_/input_Password_password"), password): Text ****** has been set on object 'Object Repository/Page_Invalid/Page_/input_Password_password'

2023-12-19 13:56:16 - [MESSAGE][PASSED] - Text ****** has been set on object 'Object Repository/Page_Invalid/Page_/input_Password_password'

2023-12-19 13:56:16 - [TEST_STEP][PASSED] - click(findTestObject("Object Repository/Page_Invalid/Page_/button_Login")): Object: 'Object Repository/Page_Invalid/Page_/button_Login' is clicked on

2023-12-19 13:56:17 - [MESSAGE][PASSED] - Object: 'Object Repository/Page_Invalid/Page_/button_Login' is clicked on

2023-12-19 13:56:17 - [TEST_STEP][PASSED] - verifyElementText(findTestObject("Object Repository/Page_Invalid/Page_/span_Invalid Credentials"), "Invalid Credentials"): Actual text and expected text of test object 'Object Repository/Page_Invalid/Page_/span_Invalid Credentials' are matched.

2023-12-19 13:56:17 - [MESSAGE][PASSED] - Actual text and expected text of test object 'Object Repository/Page_Invalid/Page_/span_Invalid Credentials' are matched.

2023-12-19 13:56:17 - [TEST_STEP][PASSED] - closeBrowser(): Browser is closed

2023-12-19 13:56:18 - [MESSAGE][PASSED] - Browser is closed]]></system-out>
         <system-err><![CDATA[]]></system-err>
      </testcase>
      <testcase name="Test Cases/Login_Page/test_validusername_invalipassword" time="7.04" classname="Test Cases/Login_Page/test_validusername_invalipassword" status="PASSED">
         <system-out><![CDATA[2023-12-19 13:56:18 - [TEST_CASE][PASSED] - Test Cases/Login_Page/test_validusername_invalipassword: Test Cases/Login_Page/test_validusername_invalipassword

2023-12-19 13:56:18 - [TEST_STEP][PASSED] - openBrowser(""): Browser is opened with url: ''

2023-12-19 13:56:18 - [MESSAGE][INFO] - Starting 'Chrome' driver

2023-12-19 13:56:18 - [MESSAGE][INFO] - Action delay is set to 0 milliseconds

2023-12-19 13:56:19 - [MESSAGE][PASSED] - Browser is opened with url: ''

2023-12-19 13:56:19 - [TEST_STEP][PASSED] - maximizeWindow(): Current window maximized

2023-12-19 13:56:19 - [MESSAGE][PASSED] - Current window maximized

2023-12-19 13:56:19 - [TEST_STEP][PASSED] - navigateToUrl(url): Navigate to 'https://dev-dash.admetrics.ai/' successfully

2023-12-19 13:56:20 - [MESSAGE][PASSED] - Navigate to 'https://dev-dash.admetrics.ai/' successfully

2023-12-19 13:56:20 - [TEST_STEP][PASSED] - setText(findTestObject("Object Repository/Page_valid_invalid/Page_/input_User ID_username"), "admin"): Text 'admin' is set on object 'Object Repository/Page_valid_invalid/Page_/input_User ID_username'

2023-12-19 13:56:23 - [MESSAGE][PASSED] - Text 'admin' is set on object 'Object Repository/Page_valid_invalid/Page_/input_User ID_username'

2023-12-19 13:56:23 - [TEST_STEP][PASSED] - setEncryptedText(findTestObject("Object Repository/Page_valid_invalid/Page_/input_Password_password"), "RSNArcc3BqI="): Text ****** has been set on object 'Object Repository/Page_valid_invalid/Page_/input_Password_password'

2023-12-19 13:56:23 - [MESSAGE][PASSED] - Text ****** has been set on object 'Object Repository/Page_valid_invalid/Page_/input_Password_password'

2023-12-19 13:56:23 - [TEST_STEP][PASSED] - click(findTestObject("Object Repository/Page_valid_invalid/Page_/button_Login")): Object: 'Object Repository/Page_valid_invalid/Page_/button_Login' is clicked on

2023-12-19 13:56:24 - [MESSAGE][PASSED] - Object: 'Object Repository/Page_valid_invalid/Page_/button_Login' is clicked on

2023-12-19 13:56:24 - [TEST_STEP][PASSED] - verifyElementText(findTestObject("Object Repository/Page_valid_invalid/Page_/span_Invalid Credentials"), "Invalid Credentials"): Actual text and expected text of test object 'Object Repository/Page_valid_invalid/Page_/span_Invalid Credentials' are matched.

2023-12-19 13:56:24 - [MESSAGE][PASSED] - Actual text and expected text of test object 'Object Repository/Page_valid_invalid/Page_/span_Invalid Credentials' are matched.

2023-12-19 13:56:24 - [TEST_STEP][PASSED] - closeBrowser(): Browser is closed

2023-12-19 13:56:25 - [MESSAGE][PASSED] - Browser is closed]]></system-out>
         <system-err><![CDATA[]]></system-err>
      </testcase>
      <testcase name="Test Cases/Login_Page/test_valid_login" time="10.239" classname="Test Cases/Login_Page/test_valid_login" status="PASSED">
         <system-out><![CDATA[2023-12-19 13:56:25 - [TEST_CASE][PASSED] - Test Cases/Login_Page/test_valid_login: Test Cases/Login_Page/test_valid_login

2023-12-19 13:56:25 - [TEST_STEP][PASSED] - openBrowser(""): Browser is opened with url: ''

2023-12-19 13:56:25 - [MESSAGE][INFO] - Starting 'Chrome' driver

2023-12-19 13:56:25 - [MESSAGE][INFO] - Action delay is set to 0 milliseconds

2023-12-19 13:56:26 - [MESSAGE][PASSED] - Browser is opened with url: ''

2023-12-19 13:56:26 - [TEST_STEP][PASSED] - maximizeWindow(): Current window maximized

2023-12-19 13:56:27 - [MESSAGE][PASSED] - Current window maximized

2023-12-19 13:56:27 - [TEST_STEP][PASSED] - navigateToUrl(url): Navigate to 'https://dev-dash.admetrics.ai/' successfully

2023-12-19 13:56:27 - [MESSAGE][PASSED] - Navigate to 'https://dev-dash.admetrics.ai/' successfully

2023-12-19 13:56:27 - [TEST_STEP][PASSED] - setText(findTestObject("Object Repository/Page_valid_login/Page_/input_User ID_username"), username): Text 'admin' is set on object 'Object Repository/Page_valid_login/Page_/input_User ID_username'

2023-12-19 13:56:30 - [MESSAGE][PASSED] - Text 'admin' is set on object 'Object Repository/Page_valid_login/Page_/input_User ID_username'

2023-12-19 13:56:30 - [TEST_STEP][PASSED] - setEncryptedText(findTestObject("Object Repository/Page_valid_login/Page_/input_Password_password"), password): Text ****** has been set on object 'Object Repository/Page_valid_login/Page_/input_Password_password'

2023-12-19 13:56:30 - [MESSAGE][PASSED] - Text ****** has been set on object 'Object Repository/Page_valid_login/Page_/input_Password_password'

2023-12-19 13:56:30 - [TEST_STEP][PASSED] - click(findTestObject("Object Repository/Page_valid_login/Page_/button_Login")): Object: 'Object Repository/Page_valid_login/Page_/button_Login' is clicked on

2023-12-19 13:56:30 - [MESSAGE][PASSED] - Object: 'Object Repository/Page_valid_login/Page_/button_Login' is clicked on

2023-12-19 13:56:30 - [TEST_STEP][PASSED] - verifyElementText(findTestObject("Object Repository/Page_Menu/Page_/span_Spend Report"), "Spend Report"): Actual text and expected text of test object 'Object Repository/Page_Menu/Page_/span_Spend Report' are matched.

2023-12-19 13:56:32 - [MESSAGE][PASSED] - Actual text and expected text of test object 'Object Repository/Page_Menu/Page_/span_Spend Report' are matched.

2023-12-19 13:56:32 - [TEST_STEP][PASSED] - delay(2): Delayed 2 second(s)

2023-12-19 13:56:34 - [MESSAGE][PASSED] - Delayed 2 second(s)

2023-12-19 13:56:34 - [TEST_STEP][PASSED] - closeBrowser(): Browser is closed

2023-12-19 13:56:35 - [MESSAGE][PASSED] - Browser is closed]]></system-out>
         <system-err><![CDATA[]]></system-err>
      </testcase>
      <testcase name="Test Cases/Dashboard_Page/test_verify_menu" time="33.11" classname="Test Cases/Dashboard_Page/test_verify_menu" status="PASSED">
         <system-out><![CDATA[2023-12-19 13:56:35 - [TEST_CASE][PASSED] - Test Cases/Dashboard_Page/test_verify_menu: Test Cases/Dashboard_Page/test_verify_menu

2023-12-19 13:56:36 - [TEST_STEP][PASSED] - callTestCase(findTestCase("Reusable_Functions/Login"), [:], CONTINUE_ON_FAILURE): Call Test Case 'Test Cases/Reusable_Functions/Login' successfully

2023-12-19 13:56:36 - [TEST_CASE][PASSED] - Test Cases/Reusable_Functions/Login: Test Cases/Reusable_Functions/Login

2023-12-19 13:56:36 - [TEST_STEP][PASSED] - openBrowser(""): Browser is opened with url: ''

2023-12-19 13:56:36 - [MESSAGE][INFO] - Starting 'Chrome' driver

2023-12-19 13:56:36 - [MESSAGE][INFO] - Action delay is set to 0 milliseconds

2023-12-19 13:56:37 - [MESSAGE][PASSED] - Browser is opened with url: ''

2023-12-19 13:56:37 - [TEST_STEP][PASSED] - maximizeWindow(): Current window maximized

2023-12-19 13:56:37 - [MESSAGE][PASSED] - Current window maximized

2023-12-19 13:56:37 - [TEST_STEP][PASSED] - navigateToUrl("https://dev-dash.admetrics.ai/"): Navigate to 'https://dev-dash.admetrics.ai/' successfully

2023-12-19 13:56:38 - [MESSAGE][PASSED] - Navigate to 'https://dev-dash.admetrics.ai/' successfully

2023-12-19 13:56:38 - [TEST_STEP][PASSED] - setText(findTestObject("Object Repository/Page_Project_Title/input_User ID_username"), "admin"): Text 'admin' is set on object 'Object Repository/Page_Project_Title/input_User ID_username'

2023-12-19 13:56:40 - [MESSAGE][PASSED] - Text 'admin' is set on object 'Object Repository/Page_Project_Title/input_User ID_username'

2023-12-19 13:56:40 - [TEST_STEP][PASSED] - setEncryptedText(findTestObject("Object Repository/Page_Project_Title/input_Password_password"), "7Dxoto1EjKfQbGop/Ov+1g=="): Text ****** has been set on object 'Object Repository/Page_Project_Title/input_Password_password'

2023-12-19 13:56:41 - [MESSAGE][PASSED] - Text ****** has been set on object 'Object Repository/Page_Project_Title/input_Password_password'

2023-12-19 13:56:41 - [TEST_STEP][PASSED] - click(findTestObject("Object Repository/Page_Project_Title/button_Login")): Object: 'Object Repository/Page_Project_Title/button_Login' is clicked on

2023-12-19 13:56:41 - [MESSAGE][PASSED] - Object: 'Object Repository/Page_Project_Title/button_Login' is clicked on

2023-12-19 13:56:41 - [MESSAGE][PASSED] - Call Test Case 'Test Cases/Reusable_Functions/Login' successfully

2023-12-19 13:56:41 - [TEST_STEP][PASSED] - verifyElementVisible(findTestObject("Object Repository/Page_Menu/Page_/img")): Object 'Object Repository/Page_Menu/Page_/img' is visible

2023-12-19 13:56:43 - [MESSAGE][PASSED] - Object 'Object Repository/Page_Menu/Page_/img' is visible

2023-12-19 13:56:43 - [TEST_STEP][PASSED] - verifyElementText(findTestObject("Object Repository/Page_Menu/Page_/span_admetrics"), "admetrics"): Actual text and expected text of test object 'Object Repository/Page_Menu/Page_/span_admetrics' are matched.

2023-12-19 13:56:45 - [MESSAGE][PASSED] - Actual text and expected text of test object 'Object Repository/Page_Menu/Page_/span_admetrics' are matched.

2023-12-19 13:56:45 - [TEST_STEP][PASSED] - verifyElementClickable(findTestObject("Object Repository/Page_Menu/Page_/div_admetrics_spinner diagonal part-1")): Object 'Object Repository/Page_Menu/Page_/div_admetrics_spinner diagonal part-1' is clickable

2023-12-19 13:56:45 - [MESSAGE][PASSED] - Object 'Object Repository/Page_Menu/Page_/div_admetrics_spinner diagonal part-1' is clickable

2023-12-19 13:56:45 - [TEST_STEP][PASSED] - click(findTestObject("Object Repository/Page_Menu/Page_/div_admetrics_spinner diagonal part-2")): Object: 'Object Repository/Page_Menu/Page_/div_admetrics_spinner diagonal part-2' is clicked on

2023-12-19 13:56:46 - [MESSAGE][PASSED] - Object: 'Object Repository/Page_Menu/Page_/div_admetrics_spinner diagonal part-2' is clicked on

2023-12-19 13:56:46 - [TEST_STEP][PASSED] - click(findTestObject("Object Repository/Page_Menu/Page_/div_admetrics_spinner horizontal")): Object: 'Object Repository/Page_Menu/Page_/div_admetrics_spinner horizontal' is clicked on

2023-12-19 13:56:46 - [MESSAGE][PASSED] - Object: 'Object Repository/Page_Menu/Page_/div_admetrics_spinner horizontal' is clicked on

2023-12-19 13:56:46 - [TEST_STEP][PASSED] - verifyElementClickable(findTestObject("Object Repository/Page_Menu/Page_/div_admetrics_spinner horizontal_1")): Object 'Object Repository/Page_Menu/Page_/div_admetrics_spinner horizontal_1' is clickable

2023-12-19 13:56:47 - [MESSAGE][PASSED] - Object 'Object Repository/Page_Menu/Page_/div_admetrics_spinner horizontal_1' is clickable

2023-12-19 13:56:47 - [TEST_STEP][PASSED] - click(findTestObject("Object Repository/Page_Menu/Page_/div_admetrics_spinner diagonal part-2")): Object: 'Object Repository/Page_Menu/Page_/div_admetrics_spinner diagonal part-2' is clicked on

2023-12-19 13:56:47 - [MESSAGE][PASSED] - Object: 'Object Repository/Page_Menu/Page_/div_admetrics_spinner diagonal part-2' is clicked on

2023-12-19 13:56:47 - [TEST_STEP][PASSED] - click(findTestObject("Object Repository/Page_Menu/Page_/label_admetrics_sidebarIconToggle")): Object: 'Object Repository/Page_Menu/Page_/label_admetrics_sidebarIconToggle' is clicked on

2023-12-19 13:56:48 - [MESSAGE][PASSED] - Object: 'Object Repository/Page_Menu/Page_/label_admetrics_sidebarIconToggle' is clicked on

2023-12-19 13:56:48 - [TEST_STEP][PASSED] - verifyElementVisible(findTestObject("Object Repository/Page_Menu/Page_/img_admetrics_menuIcon")): Object 'Object Repository/Page_Menu/Page_/img_admetrics_menuIcon' is visible

2023-12-19 13:56:48 - [MESSAGE][PASSED] - Object 'Object Repository/Page_Menu/Page_/img_admetrics_menuIcon' is visible

2023-12-19 13:56:48 - [TEST_STEP][PASSED] - click(findTestObject("Object Repository/Page_Menu/Page_/li_Spend Report")): Object: 'Object Repository/Page_Menu/Page_/li_Spend Report' is clicked on

2023-12-19 13:56:49 - [MESSAGE][PASSED] - Object: 'Object Repository/Page_Menu/Page_/li_Spend Report' is clicked on

2023-12-19 13:56:49 - [TEST_STEP][PASSED] - verifyElementText(findTestObject("Object Repository/Page_Menu/Page_/p_Spend Report"), "Spend Report"): Actual text and expected text of test object 'Object Repository/Page_Menu/Page_/p_Spend Report' are matched.

2023-12-19 13:56:49 - [MESSAGE][PASSED] - Actual text and expected text of test object 'Object Repository/Page_Menu/Page_/p_Spend Report' are matched.

2023-12-19 13:56:49 - [TEST_STEP][PASSED] - click(findTestObject("Object Repository/Page_Menu/Page_/div_admetrics_spinner horizontal_1")): Object: 'Object Repository/Page_Menu/Page_/div_admetrics_spinner horizontal_1' is clicked on

2023-12-19 13:56:50 - [MESSAGE][PASSED] - Object: 'Object Repository/Page_Menu/Page_/div_admetrics_spinner horizontal_1' is clicked on

2023-12-19 13:56:50 - [TEST_STEP][PASSED] - verifyElementClickable(findTestObject("Object Repository/Page_Menu/Page_/li_Spend Report")): Object 'Object Repository/Page_Menu/Page_/li_Spend Report' is clickable

2023-12-19 13:56:50 - [MESSAGE][PASSED] - Object 'Object Repository/Page_Menu/Page_/li_Spend Report' is clickable

2023-12-19 13:56:50 - [TEST_STEP][PASSED] - click(findTestObject("Object Repository/Page_Menu/Page_/label_admetrics_sidebarIconToggle")): Object: 'Object Repository/Page_Menu/Page_/label_admetrics_sidebarIconToggle' is clicked on

2023-12-19 13:56:51 - [MESSAGE][PASSED] - Object: 'Object Repository/Page_Menu/Page_/label_admetrics_sidebarIconToggle' is clicked on

2023-12-19 13:56:51 - [TEST_STEP][PASSED] - verifyElementText(findTestObject("Object Repository/Page_Menu/Page_/span_Spend Report"), "Spend Report"): Actual text and expected text of test object 'Object Repository/Page_Menu/Page_/span_Spend Report' are matched.

2023-12-19 13:56:51 - [MESSAGE][PASSED] - Actual text and expected text of test object 'Object Repository/Page_Menu/Page_/span_Spend Report' are matched.

2023-12-19 13:56:51 - [TEST_STEP][PASSED] - verifyElementVisible(findTestObject("Object Repository/Page_Menu/Page_/img_Spend Report_menuIcon")): Object 'Object Repository/Page_Menu/Page_/img_Spend Report_menuIcon' is visible

2023-12-19 13:56:51 - [MESSAGE][PASSED] - Object 'Object Repository/Page_Menu/Page_/img_Spend Report_menuIcon' is visible

2023-12-19 13:56:51 - [TEST_STEP][PASSED] - click(findTestObject("Object Repository/Page_Menu/Page_/li_Spend Monitoring")): Object: 'Object Repository/Page_Menu/Page_/li_Spend Monitoring' is clicked on

2023-12-19 13:56:52 - [MESSAGE][PASSED] - Object: 'Object Repository/Page_Menu/Page_/li_Spend Monitoring' is clicked on

2023-12-19 13:56:52 - [TEST_STEP][PASSED] - verifyElementClickable(findTestObject("Object Repository/Page_Menu/Page_/li_Spend Monitoring")): Object 'Object Repository/Page_Menu/Page_/li_Spend Monitoring' is clickable

2023-12-19 13:56:54 - [MESSAGE][PASSED] - Object 'Object Repository/Page_Menu/Page_/li_Spend Monitoring' is clickable

2023-12-19 13:56:54 - [TEST_STEP][PASSED] - click(findTestObject("Object Repository/Page_Menu/Page_/div_admetrics_spinner diagonal part-2")): Object: 'Object Repository/Page_Menu/Page_/div_admetrics_spinner diagonal part-2' is clicked on

2023-12-19 13:56:54 - [MESSAGE][PASSED] - Object: 'Object Repository/Page_Menu/Page_/div_admetrics_spinner diagonal part-2' is clicked on

2023-12-19 13:56:54 - [TEST_STEP][PASSED] - verifyElementText(findTestObject("Object Repository/Page_Menu/Page_/p_Spend Monitoring Report"), "Spend Monitoring Report"): Actual text and expected text of test object 'Object Repository/Page_Menu/Page_/p_Spend Monitoring Report' are matched.

2023-12-19 13:56:55 - [MESSAGE][PASSED] - Actual text and expected text of test object 'Object Repository/Page_Menu/Page_/p_Spend Monitoring Report' are matched.

2023-12-19 13:56:55 - [TEST_STEP][PASSED] - click(findTestObject("Object Repository/Page_Menu/Page_/div_admetrics_spinner diagonal part-2_1")): Object: 'Object Repository/Page_Menu/Page_/div_admetrics_spinner diagonal part-2_1' is clicked on

2023-12-19 13:56:55 - [MESSAGE][PASSED] - Object: 'Object Repository/Page_Menu/Page_/div_admetrics_spinner diagonal part-2_1' is clicked on

2023-12-19 13:56:55 - [TEST_STEP][PASSED] - verifyElementVisible(findTestObject("Object Repository/Page_Menu/Page_/img_Spend Monitoring_menuIcon")): Object 'Object Repository/Page_Menu/Page_/img_Spend Monitoring_menuIcon' is visible

2023-12-19 13:56:56 - [MESSAGE][PASSED] - Object 'Object Repository/Page_Menu/Page_/img_Spend Monitoring_menuIcon' is visible

2023-12-19 13:56:56 - [TEST_STEP][PASSED] - click(findTestObject("Object Repository/Page_Menu/Page_/li_Performance")): Object: 'Object Repository/Page_Menu/Page_/li_Performance' is clicked on

2023-12-19 13:56:56 - [MESSAGE][PASSED] - Object: 'Object Repository/Page_Menu/Page_/li_Performance' is clicked on

2023-12-19 13:56:56 - [TEST_STEP][PASSED] - verifyElementClickable(findTestObject("Object Repository/Page_Menu/Page_/li_Performance")): Object 'Object Repository/Page_Menu/Page_/li_Performance' is clickable

2023-12-19 13:56:58 - [MESSAGE][PASSED] - Object 'Object Repository/Page_Menu/Page_/li_Performance' is clickable

2023-12-19 13:56:58 - [TEST_STEP][PASSED] - verifyElementText(findTestObject("Object Repository/Page_Menu/Page_/p_Performance Report"), "Performance Report"): Actual text and expected text of test object 'Object Repository/Page_Menu/Page_/p_Performance Report' are matched.

2023-12-19 13:56:59 - [MESSAGE][PASSED] - Actual text and expected text of test object 'Object Repository/Page_Menu/Page_/p_Performance Report' are matched.

2023-12-19 13:56:59 - [TEST_STEP][PASSED] - click(findTestObject("Object Repository/Page_Menu/Page_/div_admetrics_spinner diagonal part-2")): Object: 'Object Repository/Page_Menu/Page_/div_admetrics_spinner diagonal part-2' is clicked on

2023-12-19 13:56:59 - [MESSAGE][PASSED] - Object: 'Object Repository/Page_Menu/Page_/div_admetrics_spinner diagonal part-2' is clicked on

2023-12-19 13:56:59 - [TEST_STEP][PASSED] - click(findTestObject("Object Repository/Page_Menu/Page_/label_admetrics_sidebarIconToggle")): Object: 'Object Repository/Page_Menu/Page_/label_admetrics_sidebarIconToggle' is clicked on

2023-12-19 13:57:00 - [MESSAGE][PASSED] - Object: 'Object Repository/Page_Menu/Page_/label_admetrics_sidebarIconToggle' is clicked on

2023-12-19 13:57:00 - [TEST_STEP][PASSED] - verifyElementVisible(findTestObject("Object Repository/Page_Menu/Page_/img_Performance_menuIcon")): Object 'Object Repository/Page_Menu/Page_/img_Performance_menuIcon' is visible

2023-12-19 13:57:00 - [MESSAGE][PASSED] - Object 'Object Repository/Page_Menu/Page_/img_Performance_menuIcon' is visible

2023-12-19 13:57:00 - [TEST_STEP][PASSED] - click(findTestObject("Object Repository/Page_Menu/Page_/li_Campaign")): Object: 'Object Repository/Page_Menu/Page_/li_Campaign' is clicked on

2023-12-19 13:57:00 - [MESSAGE][PASSED] - Object: 'Object Repository/Page_Menu/Page_/li_Campaign' is clicked on

2023-12-19 13:57:00 - [TEST_STEP][PASSED] - verifyElementClickable(findTestObject("Object Repository/Page_Menu/Page_/li_Campaign")): Object 'Object Repository/Page_Menu/Page_/li_Campaign' is clickable

2023-12-19 13:57:03 - [MESSAGE][PASSED] - Object 'Object Repository/Page_Menu/Page_/li_Campaign' is clickable

2023-12-19 13:57:03 - [TEST_STEP][PASSED] - click(findTestObject("Object Repository/Page_Menu/Page_/label_admetrics_sidebarIconToggle_1")): Object: 'Object Repository/Page_Menu/Page_/label_admetrics_sidebarIconToggle_1' is clicked on

2023-12-19 13:57:04 - [MESSAGE][PASSED] - Object: 'Object Repository/Page_Menu/Page_/label_admetrics_sidebarIconToggle_1' is clicked on

2023-12-19 13:57:04 - [TEST_STEP][PASSED] - verifyElementText(findTestObject("Object Repository/Page_Menu/Page_/p_Campaign Analytics"), "Campaign Analytics"): Actual text and expected text of test object 'Object Repository/Page_Menu/Page_/p_Campaign Analytics' are matched.

2023-12-19 13:57:04 - [MESSAGE][PASSED] - Actual text and expected text of test object 'Object Repository/Page_Menu/Page_/p_Campaign Analytics' are matched.

2023-12-19 13:57:04 - [TEST_STEP][PASSED] - click(findTestObject("Object Repository/Page_Menu/Page_/label_admetrics_sidebarIconToggle")): Object: 'Object Repository/Page_Menu/Page_/label_admetrics_sidebarIconToggle' is clicked on

2023-12-19 13:57:05 - [MESSAGE][PASSED] - Object: 'Object Repository/Page_Menu/Page_/label_admetrics_sidebarIconToggle' is clicked on

2023-12-19 13:57:05 - [TEST_STEP][PASSED] - verifyElementClickable(findTestObject("Object Repository/Page_Menu/Page_/i_Campaign_signOut")): Object 'Object Repository/Page_Menu/Page_/i_Campaign_signOut' is clickable

2023-12-19 13:57:05 - [MESSAGE][PASSED] - Object 'Object Repository/Page_Menu/Page_/i_Campaign_signOut' is clickable

2023-12-19 13:57:05 - [TEST_STEP][PASSED] - click(findTestObject("Object Repository/Page_Menu/Page_/i_Campaign_signOut")): Object: 'Object Repository/Page_Menu/Page_/i_Campaign_signOut' is clicked on

2023-12-19 13:57:05 - [MESSAGE][PASSED] - Object: 'Object Repository/Page_Menu/Page_/i_Campaign_signOut' is clicked on

2023-12-19 13:57:05 - [TEST_STEP][PASSED] - delay(2): Delayed 2 second(s)

2023-12-19 13:57:07 - [MESSAGE][PASSED] - Delayed 2 second(s)

2023-12-19 13:57:07 - [TEST_STEP][PASSED] - closeBrowser(): Browser is closed

2023-12-19 13:57:08 - [MESSAGE][PASSED] - Browser is closed]]></system-out>
         <system-err><![CDATA[]]></system-err>
      </testcase>
      <testcase name="Test Cases/Spend_Report/test_monthly_spend_report" time="18.706" classname="Test Cases/Spend_Report/test_monthly_spend_report" status="PASSED">
         <system-out><![CDATA[2023-12-19 13:57:08 - [TEST_CASE][PASSED] - Test Cases/Spend_Report/test_monthly_spend_report: Test Cases/Spend_Report/test_monthly_spend_report

2023-12-19 13:57:09 - [TEST_STEP][PASSED] - callTestCase(findTestCase("Reusable_Functions/Login"), [:], CONTINUE_ON_FAILURE): Call Test Case 'Test Cases/Reusable_Functions/Login' successfully

2023-12-19 13:57:09 - [TEST_CASE][PASSED] - Test Cases/Reusable_Functions/Login: Test Cases/Reusable_Functions/Login

2023-12-19 13:57:09 - [TEST_STEP][PASSED] - openBrowser(""): Browser is opened with url: ''

2023-12-19 13:57:09 - [MESSAGE][INFO] - Starting 'Chrome' driver

2023-12-19 13:57:09 - [MESSAGE][INFO] - Action delay is set to 0 milliseconds

2023-12-19 13:57:10 - [MESSAGE][PASSED] - Browser is opened with url: ''

2023-12-19 13:57:10 - [TEST_STEP][PASSED] - maximizeWindow(): Current window maximized

2023-12-19 13:57:10 - [MESSAGE][PASSED] - Current window maximized

2023-12-19 13:57:10 - [TEST_STEP][PASSED] - navigateToUrl("https://dev-dash.admetrics.ai/"): Navigate to 'https://dev-dash.admetrics.ai/' successfully

2023-12-19 13:57:11 - [MESSAGE][PASSED] - Navigate to 'https://dev-dash.admetrics.ai/' successfully

2023-12-19 13:57:11 - [TEST_STEP][PASSED] - setText(findTestObject("Object Repository/Page_Project_Title/input_User ID_username"), "admin"): Text 'admin' is set on object 'Object Repository/Page_Project_Title/input_User ID_username'

2023-12-19 13:57:13 - [MESSAGE][PASSED] - Text 'admin' is set on object 'Object Repository/Page_Project_Title/input_User ID_username'

2023-12-19 13:57:13 - [TEST_STEP][PASSED] - setEncryptedText(findTestObject("Object Repository/Page_Project_Title/input_Password_password"), "7Dxoto1EjKfQbGop/Ov+1g=="): Text ****** has been set on object 'Object Repository/Page_Project_Title/input_Password_password'

2023-12-19 13:57:13 - [MESSAGE][PASSED] - Text ****** has been set on object 'Object Repository/Page_Project_Title/input_Password_password'

2023-12-19 13:57:13 - [TEST_STEP][PASSED] - click(findTestObject("Object Repository/Page_Project_Title/button_Login")): Object: 'Object Repository/Page_Project_Title/button_Login' is clicked on

2023-12-19 13:57:14 - [MESSAGE][PASSED] - Object: 'Object Repository/Page_Project_Title/button_Login' is clicked on

2023-12-19 13:57:14 - [MESSAGE][PASSED] - Call Test Case 'Test Cases/Reusable_Functions/Login' successfully

2023-12-19 13:57:14 - [TEST_STEP][PASSED] - verifyElementClickable(findTestObject("Object Repository/Page_Monthly_Spend_Report/Page_/div_Monthly Spend Report")): Object 'Object Repository/Page_Monthly_Spend_Report/Page_/div_Monthly Spend Report' is clickable

2023-12-19 13:57:18 - [MESSAGE][PASSED] - Object 'Object Repository/Page_Monthly_Spend_Report/Page_/div_Monthly Spend Report' is clickable

2023-12-19 13:57:18 - [TEST_STEP][PASSED] - click(findTestObject("Object Repository/Page_Monthly_Spend_Report/Page_/div_Monthly Spend Report")): Object: 'Object Repository/Page_Monthly_Spend_Report/Page_/div_Monthly Spend Report' is clicked on

2023-12-19 13:57:18 - [MESSAGE][PASSED] - Object: 'Object Repository/Page_Monthly_Spend_Report/Page_/div_Monthly Spend Report' is clicked on

2023-12-19 13:57:18 - [TEST_STEP][PASSED] - verifyElementClickable(findTestObject("Object Repository/Page_Monthly_Spend_Report/Page_/svg_Enter a date range_mat-datepicker-toggl_ef015c")): Object 'Object Repository/Page_Monthly_Spend_Report/Page_/svg_Enter a date range_mat-datepicker-toggl_ef015c' is clickable

2023-12-19 13:57:20 - [MESSAGE][PASSED] - Object 'Object Repository/Page_Monthly_Spend_Report/Page_/svg_Enter a date range_mat-datepicker-toggl_ef015c' is clickable

2023-12-19 13:57:20 - [TEST_STEP][PASSED] - verifyElementClickable(findTestObject("Object Repository/Page_Monthly_Spend_Report/Page_/mat-icon_clear")): Object 'Object Repository/Page_Monthly_Spend_Report/Page_/mat-icon_clear' is clickable

2023-12-19 13:57:21 - [MESSAGE][PASSED] - Object 'Object Repository/Page_Monthly_Spend_Report/Page_/mat-icon_clear' is clickable

2023-12-19 13:57:21 - [TEST_STEP][PASSED] - click(findTestObject("Object Repository/Page_Monthly_Spend_Report/Page_/svg_Enter a date range_mat-datepicker-toggl_ef015c")): Object: 'Object Repository/Page_Monthly_Spend_Report/Page_/svg_Enter a date range_mat-datepicker-toggl_ef015c' is clicked on

2023-12-19 13:57:21 - [MESSAGE][PASSED] - Object: 'Object Repository/Page_Monthly_Spend_Report/Page_/svg_Enter a date range_mat-datepicker-toggl_ef015c' is clicked on

2023-12-19 13:57:21 - [TEST_STEP][PASSED] - verifyElementClickable(findTestObject("Object Repository/Page_Monthly_Spend_Report/Page_/button_SEPT 2023_mat-focus-indicator mat-ca_7a0138")): Object 'Object Repository/Page_Monthly_Spend_Report/Page_/button_SEPT 2023_mat-focus-indicator mat-ca_7a0138' is clickable

2023-12-19 13:57:22 - [MESSAGE][PASSED] - Object 'Object Repository/Page_Monthly_Spend_Report/Page_/button_SEPT 2023_mat-focus-indicator mat-ca_7a0138' is clickable

2023-12-19 13:57:22 - [TEST_STEP][PASSED] - verifyElementClickable(findTestObject("Object Repository/Page_Monthly_Spend_Report/Page_/button_SEPT 2023_mat-focus-indicator mat-ca_7a0138")): Object 'Object Repository/Page_Monthly_Spend_Report/Page_/button_SEPT 2023_mat-focus-indicator mat-ca_7a0138' is clickable

2023-12-19 13:57:22 - [MESSAGE][PASSED] - Object 'Object Repository/Page_Monthly_Spend_Report/Page_/button_SEPT 2023_mat-focus-indicator mat-ca_7a0138' is clickable

2023-12-19 13:57:22 - [TEST_STEP][PASSED] - click(findTestObject("Object Repository/Page_Monthly_Spend_Report/Page_/button_SEPT 2023_mat-focus-indicator mat-ca_7a0138")): Object: 'Object Repository/Page_Monthly_Spend_Report/Page_/button_SEPT 2023_mat-focus-indicator mat-ca_7a0138' is clicked on

2023-12-19 13:57:23 - [MESSAGE][PASSED] - Object: 'Object Repository/Page_Monthly_Spend_Report/Page_/button_SEPT 2023_mat-focus-indicator mat-ca_7a0138' is clicked on

2023-12-19 13:57:23 - [TEST_STEP][PASSED] - click(findTestObject("Object Repository/Page_Monthly_Spend_Report/Page_/div_1")): Object: 'Object Repository/Page_Monthly_Spend_Report/Page_/div_1' is clicked on

2023-12-19 13:57:24 - [MESSAGE][PASSED] - Object: 'Object Repository/Page_Monthly_Spend_Report/Page_/div_1' is clicked on

2023-12-19 13:57:24 - [TEST_STEP][PASSED] - click(findTestObject("Object Repository/Page_Monthly_Spend_Report/Page_/div_31")): Object: 'Object Repository/Page_Monthly_Spend_Report/Page_/div_31' is clicked on

2023-12-19 13:57:24 - [MESSAGE][PASSED] - Object: 'Object Repository/Page_Monthly_Spend_Report/Page_/div_31' is clicked on

2023-12-19 13:57:24 - [TEST_STEP][PASSED] - delay(2): Delayed 2 second(s)

2023-12-19 13:57:26 - [MESSAGE][PASSED] - Delayed 2 second(s)

2023-12-19 13:57:26 - [TEST_STEP][PASSED] - closeBrowser(): Browser is closed

2023-12-19 13:57:27 - [MESSAGE][PASSED] - Browser is closed]]></system-out>
         <system-err><![CDATA[]]></system-err>
      </testcase>
      <testcase name="Test Cases/Spend_Report/test_weekly_spend_report" time="18.804" classname="Test Cases/Spend_Report/test_weekly_spend_report" status="PASSED">
         <system-out><![CDATA[2023-12-19 13:57:27 - [TEST_CASE][PASSED] - Test Cases/Spend_Report/test_weekly_spend_report: Test Cases/Spend_Report/test_weekly_spend_report

2023-12-19 13:57:27 - [TEST_STEP][PASSED] - callTestCase(findTestCase("Reusable_Functions/Login"), [:], CONTINUE_ON_FAILURE): Call Test Case 'Test Cases/Reusable_Functions/Login' successfully

2023-12-19 13:57:27 - [TEST_CASE][PASSED] - Test Cases/Reusable_Functions/Login: Test Cases/Reusable_Functions/Login

2023-12-19 13:57:27 - [TEST_STEP][PASSED] - openBrowser(""): Browser is opened with url: ''

2023-12-19 13:57:27 - [MESSAGE][INFO] - Starting 'Chrome' driver

2023-12-19 13:57:27 - [MESSAGE][INFO] - Action delay is set to 0 milliseconds

2023-12-19 13:57:29 - [MESSAGE][PASSED] - Browser is opened with url: ''

2023-12-19 13:57:29 - [TEST_STEP][PASSED] - maximizeWindow(): Current window maximized

2023-12-19 13:57:29 - [MESSAGE][PASSED] - Current window maximized

2023-12-19 13:57:29 - [TEST_STEP][PASSED] - navigateToUrl("https://dev-dash.admetrics.ai/"): Navigate to 'https://dev-dash.admetrics.ai/' successfully

2023-12-19 13:57:30 - [MESSAGE][PASSED] - Navigate to 'https://dev-dash.admetrics.ai/' successfully

2023-12-19 13:57:30 - [TEST_STEP][PASSED] - setText(findTestObject("Object Repository/Page_Project_Title/input_User ID_username"), "admin"): Text 'admin' is set on object 'Object Repository/Page_Project_Title/input_User ID_username'

2023-12-19 13:57:34 - [MESSAGE][PASSED] - Text 'admin' is set on object 'Object Repository/Page_Project_Title/input_User ID_username'

2023-12-19 13:57:34 - [TEST_STEP][PASSED] - setEncryptedText(findTestObject("Object Repository/Page_Project_Title/input_Password_password"), "7Dxoto1EjKfQbGop/Ov+1g=="): Text ****** has been set on object 'Object Repository/Page_Project_Title/input_Password_password'

2023-12-19 13:57:35 - [MESSAGE][PASSED] - Text ****** has been set on object 'Object Repository/Page_Project_Title/input_Password_password'

2023-12-19 13:57:35 - [TEST_STEP][PASSED] - click(findTestObject("Object Repository/Page_Project_Title/button_Login")): Object: 'Object Repository/Page_Project_Title/button_Login' is clicked on

2023-12-19 13:57:35 - [MESSAGE][PASSED] - Object: 'Object Repository/Page_Project_Title/button_Login' is clicked on

2023-12-19 13:57:35 - [MESSAGE][PASSED] - Call Test Case 'Test Cases/Reusable_Functions/Login' successfully

2023-12-19 13:57:35 - [TEST_STEP][PASSED] - verifyElementClickable(findTestObject("Object Repository/Page_Weekly_Spend_Report/Page_/div_Weekly Spend Report")): Object 'Object Repository/Page_Weekly_Spend_Report/Page_/div_Weekly Spend Report' is clickable

2023-12-19 13:57:37 - [MESSAGE][PASSED] - Object 'Object Repository/Page_Weekly_Spend_Report/Page_/div_Weekly Spend Report' is clickable

2023-12-19 13:57:37 - [TEST_STEP][PASSED] - click(findTestObject("Object Repository/Page_Weekly_Spend_Report/Page_/div_Weekly Spend Report")): Object: 'Object Repository/Page_Weekly_Spend_Report/Page_/div_Weekly Spend Report' is clicked on

2023-12-19 13:57:39 - [MESSAGE][PASSED] - Object: 'Object Repository/Page_Weekly_Spend_Report/Page_/div_Weekly Spend Report' is clicked on

2023-12-19 13:57:39 - [TEST_STEP][PASSED] - verifyElementClickable(findTestObject("Object Repository/Page_Weekly_Spend_Report/Page_/svg_Enter a date range_mat-datepicker-toggl_ef015c")): Object 'Object Repository/Page_Weekly_Spend_Report/Page_/svg_Enter a date range_mat-datepicker-toggl_ef015c' is clickable

2023-12-19 13:57:40 - [MESSAGE][PASSED] - Object 'Object Repository/Page_Weekly_Spend_Report/Page_/svg_Enter a date range_mat-datepicker-toggl_ef015c' is clickable

2023-12-19 13:57:40 - [TEST_STEP][PASSED] - verifyElementClickable(findTestObject("Object Repository/Page_Weekly_Spend_Report/Page_/mat-icon_clear")): Object 'Object Repository/Page_Weekly_Spend_Report/Page_/mat-icon_clear' is clickable

2023-12-19 13:57:40 - [MESSAGE][PASSED] - Object 'Object Repository/Page_Weekly_Spend_Report/Page_/mat-icon_clear' is clickable

2023-12-19 13:57:40 - [TEST_STEP][PASSED] - click(findTestObject("Object Repository/Page_Monthly_Spend_Report/Page_/svg_Enter a date range_mat-datepicker-toggl_ef015c")): Object: 'Object Repository/Page_Monthly_Spend_Report/Page_/svg_Enter a date range_mat-datepicker-toggl_ef015c' is clicked on

2023-12-19 13:57:41 - [MESSAGE][PASSED] - Object: 'Object Repository/Page_Monthly_Spend_Report/Page_/svg_Enter a date range_mat-datepicker-toggl_ef015c' is clicked on

2023-12-19 13:57:41 - [TEST_STEP][PASSED] - verifyElementClickable(findTestObject("Object Repository/Page_Weekly_Spend_Report/Page_/button_NOV 2023_mat-focus-indicator mat-cal_145c8e")): Object 'Object Repository/Page_Weekly_Spend_Report/Page_/button_NOV 2023_mat-focus-indicator mat-cal_145c8e' is clickable

2023-12-19 13:57:42 - [MESSAGE][PASSED] - Object 'Object Repository/Page_Weekly_Spend_Report/Page_/button_NOV 2023_mat-focus-indicator mat-cal_145c8e' is clickable

2023-12-19 13:57:42 - [TEST_STEP][PASSED] - verifyElementClickable(findTestObject("Object Repository/Page_Weekly_Spend_Report/Page_/button_NOV 2023_mat-focus-indicator mat-cal_145c8e")): Object 'Object Repository/Page_Weekly_Spend_Report/Page_/button_NOV 2023_mat-focus-indicator mat-cal_145c8e' is clickable

2023-12-19 13:57:42 - [MESSAGE][PASSED] - Object 'Object Repository/Page_Weekly_Spend_Report/Page_/button_NOV 2023_mat-focus-indicator mat-cal_145c8e' is clickable

2023-12-19 13:57:42 - [TEST_STEP][PASSED] - click(findTestObject("Object Repository/Page_Weekly_Spend_Report/Page_/button_NOV 2023_mat-focus-indicator mat-cal_145c8e")): Object: 'Object Repository/Page_Weekly_Spend_Report/Page_/button_NOV 2023_mat-focus-indicator mat-cal_145c8e' is clicked on

2023-12-19 13:57:43 - [MESSAGE][PASSED] - Object: 'Object Repository/Page_Weekly_Spend_Report/Page_/button_NOV 2023_mat-focus-indicator mat-cal_145c8e' is clicked on

2023-12-19 13:57:43 - [TEST_STEP][PASSED] - click(findTestObject("Object Repository/Page_Weekly_Spend_Report/Page_/button_NOV 2023_mat-focus-indicator mat-cal_145c8e")): Object: 'Object Repository/Page_Weekly_Spend_Report/Page_/button_NOV 2023_mat-focus-indicator mat-cal_145c8e' is clicked on

2023-12-19 13:57:43 - [MESSAGE][PASSED] - Object: 'Object Repository/Page_Weekly_Spend_Report/Page_/button_NOV 2023_mat-focus-indicator mat-cal_145c8e' is clicked on

2023-12-19 13:57:43 - [TEST_STEP][PASSED] - click(findTestObject("Object Repository/Page_Weekly_Spend_Report/Page_/div_1")): Object: 'Object Repository/Page_Weekly_Spend_Report/Page_/div_1' is clicked on

2023-12-19 13:57:44 - [MESSAGE][PASSED] - Object: 'Object Repository/Page_Weekly_Spend_Report/Page_/div_1' is clicked on

2023-12-19 13:57:44 - [TEST_STEP][PASSED] - click(findTestObject("Object Repository/Page_Weekly_Spend_Report/Page_/div_30")): Object: 'Object Repository/Page_Weekly_Spend_Report/Page_/div_30' is clicked on

2023-12-19 13:57:45 - [MESSAGE][PASSED] - Object: 'Object Repository/Page_Weekly_Spend_Report/Page_/div_30' is clicked on

2023-12-19 13:57:45 - [TEST_STEP][PASSED] - closeBrowser(): Browser is closed

2023-12-19 13:57:46 - [MESSAGE][PASSED] - Browser is closed]]></system-out>
         <system-err><![CDATA[]]></system-err>
      </testcase>
      <testcase name="Test Cases/Spend_Report/test_daily_spend_report" time="22.066" classname="Test Cases/Spend_Report/test_daily_spend_report" status="PASSED">
         <system-out><![CDATA[2023-12-19 13:57:46 - [TEST_CASE][PASSED] - Test Cases/Spend_Report/test_daily_spend_report: Test Cases/Spend_Report/test_daily_spend_report

2023-12-19 13:57:46 - [TEST_STEP][PASSED] - callTestCase(findTestCase("Reusable_Functions/Login"), [:], CONTINUE_ON_FAILURE): Call Test Case 'Test Cases/Reusable_Functions/Login' successfully

2023-12-19 13:57:46 - [TEST_CASE][PASSED] - Test Cases/Reusable_Functions/Login: Test Cases/Reusable_Functions/Login

2023-12-19 13:57:46 - [TEST_STEP][PASSED] - openBrowser(""): Browser is opened with url: ''

2023-12-19 13:57:46 - [MESSAGE][INFO] - Starting 'Chrome' driver

2023-12-19 13:57:46 - [MESSAGE][INFO] - Action delay is set to 0 milliseconds

2023-12-19 13:57:47 - [MESSAGE][PASSED] - Browser is opened with url: ''

2023-12-19 13:57:47 - [TEST_STEP][PASSED] - maximizeWindow(): Current window maximized

2023-12-19 13:57:48 - [MESSAGE][PASSED] - Current window maximized

2023-12-19 13:57:48 - [TEST_STEP][PASSED] - navigateToUrl("https://dev-dash.admetrics.ai/"): Navigate to 'https://dev-dash.admetrics.ai/' successfully

2023-12-19 13:57:48 - [MESSAGE][PASSED] - Navigate to 'https://dev-dash.admetrics.ai/' successfully

2023-12-19 13:57:48 - [TEST_STEP][PASSED] - setText(findTestObject("Object Repository/Page_Project_Title/input_User ID_username"), "admin"): Text 'admin' is set on object 'Object Repository/Page_Project_Title/input_User ID_username'

2023-12-19 13:57:52 - [MESSAGE][PASSED] - Text 'admin' is set on object 'Object Repository/Page_Project_Title/input_User ID_username'

2023-12-19 13:57:52 - [TEST_STEP][PASSED] - setEncryptedText(findTestObject("Object Repository/Page_Project_Title/input_Password_password"), "7Dxoto1EjKfQbGop/Ov+1g=="): Text ****** has been set on object 'Object Repository/Page_Project_Title/input_Password_password'

2023-12-19 13:57:53 - [MESSAGE][PASSED] - Text ****** has been set on object 'Object Repository/Page_Project_Title/input_Password_password'

2023-12-19 13:57:53 - [TEST_STEP][PASSED] - click(findTestObject("Object Repository/Page_Project_Title/button_Login")): Object: 'Object Repository/Page_Project_Title/button_Login' is clicked on

2023-12-19 13:57:53 - [MESSAGE][PASSED] - Object: 'Object Repository/Page_Project_Title/button_Login' is clicked on

2023-12-19 13:57:53 - [MESSAGE][PASSED] - Call Test Case 'Test Cases/Reusable_Functions/Login' successfully

2023-12-19 13:57:53 - [TEST_STEP][PASSED] - verifyElementClickable(findTestObject("Object Repository/Page_Daily_Spend_Report/Page_/div_Daily Spend Report")): Object 'Object Repository/Page_Daily_Spend_Report/Page_/div_Daily Spend Report' is clickable

2023-12-19 13:57:55 - [MESSAGE][PASSED] - Object 'Object Repository/Page_Daily_Spend_Report/Page_/div_Daily Spend Report' is clickable

2023-12-19 13:57:55 - [TEST_STEP][PASSED] - click(findTestObject("Object Repository/Page_Daily_Spend_Report/Page_/div_Daily Spend Report")): Object: 'Object Repository/Page_Daily_Spend_Report/Page_/div_Daily Spend Report' is clicked on

2023-12-19 13:57:57 - [MESSAGE][PASSED] - Object: 'Object Repository/Page_Daily_Spend_Report/Page_/div_Daily Spend Report' is clicked on

2023-12-19 13:57:57 - [TEST_STEP][PASSED] - verifyElementClickable(findTestObject("Object Repository/Page_Daily_Spend_Report/Page_/svg_Enter a date range_mat-datepicker-toggl_ef015c")): Object 'Object Repository/Page_Daily_Spend_Report/Page_/svg_Enter a date range_mat-datepicker-toggl_ef015c' is clickable

2023-12-19 13:57:59 - [MESSAGE][PASSED] - Object 'Object Repository/Page_Daily_Spend_Report/Page_/svg_Enter a date range_mat-datepicker-toggl_ef015c' is clickable

2023-12-19 13:57:59 - [TEST_STEP][PASSED] - verifyElementClickable(findTestObject("Object Repository/Page_Daily_Spend_Report/Page_/mat-icon_clear")): Object 'Object Repository/Page_Daily_Spend_Report/Page_/mat-icon_clear' is clickable

2023-12-19 13:58:00 - [MESSAGE][PASSED] - Object 'Object Repository/Page_Daily_Spend_Report/Page_/mat-icon_clear' is clickable

2023-12-19 13:58:00 - [TEST_STEP][PASSED] - click(findTestObject("Object Repository/Page_Monthly_Spend_Report/Page_/svg_Enter a date range_mat-datepicker-toggl_ef015c")): Object: 'Object Repository/Page_Monthly_Spend_Report/Page_/svg_Enter a date range_mat-datepicker-toggl_ef015c' is clicked on

2023-12-19 13:58:00 - [MESSAGE][PASSED] - Object: 'Object Repository/Page_Monthly_Spend_Report/Page_/svg_Enter a date range_mat-datepicker-toggl_ef015c' is clicked on

2023-12-19 13:58:00 - [TEST_STEP][PASSED] - click(findTestObject("Object Repository/Page_Daily_Spend_Report/Page_/button_NOV 2023_mat-focus-indicator mat-cal_145c8e")): Object: 'Object Repository/Page_Daily_Spend_Report/Page_/button_NOV 2023_mat-focus-indicator mat-cal_145c8e' is clicked on

2023-12-19 13:58:01 - [MESSAGE][PASSED] - Object: 'Object Repository/Page_Daily_Spend_Report/Page_/button_NOV 2023_mat-focus-indicator mat-cal_145c8e' is clicked on

2023-12-19 13:58:01 - [TEST_STEP][PASSED] - click(findTestObject("Object Repository/Page_Daily_Spend_Report/Page_/button_NOV 2023_mat-focus-indicator mat-cal_145c8e")): Object: 'Object Repository/Page_Daily_Spend_Report/Page_/button_NOV 2023_mat-focus-indicator mat-cal_145c8e' is clicked on

2023-12-19 13:58:02 - [MESSAGE][PASSED] - Object: 'Object Repository/Page_Daily_Spend_Report/Page_/button_NOV 2023_mat-focus-indicator mat-cal_145c8e' is clicked on

2023-12-19 13:58:02 - [TEST_STEP][PASSED] - click(findTestObject("Object Repository/Page_Daily_Spend_Report/Page_/div_1")): Object: 'Object Repository/Page_Daily_Spend_Report/Page_/div_1' is clicked on

2023-12-19 13:58:03 - [MESSAGE][PASSED] - Object: 'Object Repository/Page_Daily_Spend_Report/Page_/div_1' is clicked on

2023-12-19 13:58:03 - [TEST_STEP][PASSED] - click(findTestObject("Object Repository/Page_Daily_Spend_Report/Page_/div_30")): Object: 'Object Repository/Page_Daily_Spend_Report/Page_/div_30' is clicked on

2023-12-19 13:58:03 - [MESSAGE][PASSED] - Object: 'Object Repository/Page_Daily_Spend_Report/Page_/div_30' is clicked on

2023-12-19 13:58:03 - [TEST_STEP][PASSED] - delay(2): Delayed 2 second(s)

2023-12-19 13:58:05 - [MESSAGE][PASSED] - Delayed 2 second(s)

2023-12-19 13:58:05 - [TEST_STEP][PASSED] - click(findTestObject("Object Repository/Page_Daily_Spend_Report/Page_/canvas_Enter a date range_chartjs-render-monitor")): Object: 'Object Repository/Page_Daily_Spend_Report/Page_/canvas_Enter a date range_chartjs-render-monitor' is clicked on

2023-12-19 13:58:06 - [MESSAGE][PASSED] - Object: 'Object Repository/Page_Daily_Spend_Report/Page_/canvas_Enter a date range_chartjs-render-monitor' is clicked on

2023-12-19 13:58:06 - [TEST_STEP][PASSED] - click(findTestObject("Object Repository/Page_Daily_Spend_Report/Page_/canvas_Enter a date range_chartjs-render-monitor")): Object: 'Object Repository/Page_Daily_Spend_Report/Page_/canvas_Enter a date range_chartjs-render-monitor' is clicked on

2023-12-19 13:58:06 - [MESSAGE][PASSED] - Object: 'Object Repository/Page_Daily_Spend_Report/Page_/canvas_Enter a date range_chartjs-render-monitor' is clicked on

2023-12-19 13:58:06 - [TEST_STEP][PASSED] - click(findTestObject("Object Repository/Page_Daily_Spend_Report/Page_/canvas_Enter a date range_chartjs-render-monitor")): Object: 'Object Repository/Page_Daily_Spend_Report/Page_/canvas_Enter a date range_chartjs-render-monitor' is clicked on

2023-12-19 13:58:07 - [MESSAGE][PASSED] - Object: 'Object Repository/Page_Daily_Spend_Report/Page_/canvas_Enter a date range_chartjs-render-monitor' is clicked on

2023-12-19 13:58:07 - [TEST_STEP][PASSED] - closeBrowser(): Browser is closed

2023-12-19 13:58:08 - [MESSAGE][PASSED] - Browser is closed]]></system-out>
         <system-err><![CDATA[]]></system-err>
      </testcase>
      <testcase name="Test Cases/Spend_Monitoring/test_daily_spend_monitoring_report" time="24.924" classname="Test Cases/Spend_Monitoring/test_daily_spend_monitoring_report" status="PASSED">
         <system-out><![CDATA[2023-12-19 13:58:08 - [TEST_CASE][PASSED] - Test Cases/Spend_Monitoring/test_daily_spend_monitoring_report: Test Cases/Spend_Monitoring/test_daily_spend_monitoring_report

2023-12-19 13:58:08 - [TEST_STEP][PASSED] - callTestCase(findTestCase("Reusable_Functions/Login"), [:], CONTINUE_ON_FAILURE): Call Test Case 'Test Cases/Reusable_Functions/Login' successfully

2023-12-19 13:58:08 - [TEST_CASE][PASSED] - Test Cases/Reusable_Functions/Login: Test Cases/Reusable_Functions/Login

2023-12-19 13:58:08 - [TEST_STEP][PASSED] - openBrowser(""): Browser is opened with url: ''

2023-12-19 13:58:08 - [MESSAGE][INFO] - Starting 'Chrome' driver

2023-12-19 13:58:08 - [MESSAGE][INFO] - Action delay is set to 0 milliseconds

2023-12-19 13:58:10 - [MESSAGE][PASSED] - Browser is opened with url: ''

2023-12-19 13:58:10 - [TEST_STEP][PASSED] - maximizeWindow(): Current window maximized

2023-12-19 13:58:10 - [MESSAGE][PASSED] - Current window maximized

2023-12-19 13:58:10 - [TEST_STEP][PASSED] - navigateToUrl("https://dev-dash.admetrics.ai/"): Navigate to 'https://dev-dash.admetrics.ai/' successfully

2023-12-19 13:58:11 - [MESSAGE][PASSED] - Navigate to 'https://dev-dash.admetrics.ai/' successfully

2023-12-19 13:58:11 - [TEST_STEP][PASSED] - setText(findTestObject("Object Repository/Page_Project_Title/input_User ID_username"), "admin"): Text 'admin' is set on object 'Object Repository/Page_Project_Title/input_User ID_username'

2023-12-19 13:58:16 - [MESSAGE][PASSED] - Text 'admin' is set on object 'Object Repository/Page_Project_Title/input_User ID_username'

2023-12-19 13:58:16 - [TEST_STEP][PASSED] - setEncryptedText(findTestObject("Object Repository/Page_Project_Title/input_Password_password"), "7Dxoto1EjKfQbGop/Ov+1g=="): Text ****** has been set on object 'Object Repository/Page_Project_Title/input_Password_password'

2023-12-19 13:58:16 - [MESSAGE][PASSED] - Text ****** has been set on object 'Object Repository/Page_Project_Title/input_Password_password'

2023-12-19 13:58:16 - [TEST_STEP][PASSED] - click(findTestObject("Object Repository/Page_Project_Title/button_Login")): Object: 'Object Repository/Page_Project_Title/button_Login' is clicked on

2023-12-19 13:58:17 - [MESSAGE][PASSED] - Object: 'Object Repository/Page_Project_Title/button_Login' is clicked on

2023-12-19 13:58:17 - [MESSAGE][PASSED] - Call Test Case 'Test Cases/Reusable_Functions/Login' successfully

2023-12-19 13:58:17 - [TEST_STEP][PASSED] - verifyElementClickable(findTestObject("Object Repository/Page_Daily_Spends_Monitoring_Report/Page_/li_Spend Monitoring")): Object 'Object Repository/Page_Daily_Spends_Monitoring_Report/Page_/li_Spend Monitoring' is clickable

2023-12-19 13:58:19 - [MESSAGE][PASSED] - Object 'Object Repository/Page_Daily_Spends_Monitoring_Report/Page_/li_Spend Monitoring' is clickable

2023-12-19 13:58:19 - [TEST_STEP][PASSED] - click(findTestObject("Object Repository/Page_Daily_Spends_Monitoring_Report/Page_/li_Spend Monitoring")): Object: 'Object Repository/Page_Daily_Spends_Monitoring_Report/Page_/li_Spend Monitoring' is clicked on

2023-12-19 13:58:20 - [MESSAGE][PASSED] - Object: 'Object Repository/Page_Daily_Spends_Monitoring_Report/Page_/li_Spend Monitoring' is clicked on

2023-12-19 13:58:20 - [TEST_STEP][PASSED] - verifyElementClickable(findTestObject("Object Repository/Page_Daily_Spends_Monitoring_Report/Page_/div_Daily Spends Monitoring Report")): Object 'Object Repository/Page_Daily_Spends_Monitoring_Report/Page_/div_Daily Spends Monitoring Report' is clickable

2023-12-19 13:58:22 - [MESSAGE][PASSED] - Object 'Object Repository/Page_Daily_Spends_Monitoring_Report/Page_/div_Daily Spends Monitoring Report' is clickable

2023-12-19 13:58:22 - [TEST_STEP][PASSED] - click(findTestObject("Object Repository/Page_Daily_Spends_Monitoring_Report/Page_/div_Daily Spends Monitoring Report")): Object: 'Object Repository/Page_Daily_Spends_Monitoring_Report/Page_/div_Daily Spends Monitoring Report' is clicked on

2023-12-19 13:58:23 - [MESSAGE][PASSED] - Object: 'Object Repository/Page_Daily_Spends_Monitoring_Report/Page_/div_Daily Spends Monitoring Report' is clicked on

2023-12-19 13:58:23 - [TEST_STEP][PASSED] - verifyElementClickable(findTestObject("Object Repository/Page_Daily_Spends_Monitoring_Report/Page_/svg_Enter a date range_mat-datepicker-toggl_ef015c")): Object 'Object Repository/Page_Daily_Spends_Monitoring_Report/Page_/svg_Enter a date range_mat-datepicker-toggl_ef015c' is clickable

2023-12-19 13:58:25 - [MESSAGE][PASSED] - Object 'Object Repository/Page_Daily_Spends_Monitoring_Report/Page_/svg_Enter a date range_mat-datepicker-toggl_ef015c' is clickable

2023-12-19 13:58:25 - [TEST_STEP][PASSED] - verifyElementClickable(findTestObject("Object Repository/Page_Daily_Spends_Monitoring_Report/Page_/mat-icon_clear")): Object 'Object Repository/Page_Daily_Spends_Monitoring_Report/Page_/mat-icon_clear' is clickable

2023-12-19 13:58:25 - [MESSAGE][PASSED] - Object 'Object Repository/Page_Daily_Spends_Monitoring_Report/Page_/mat-icon_clear' is clickable

2023-12-19 13:58:25 - [TEST_STEP][PASSED] - click(findTestObject("Object Repository/Page_Daily_Spends_Monitoring_Report/Page_/svg_Enter a date range_mat-datepicker-toggl_ef015c")): Object: 'Object Repository/Page_Daily_Spends_Monitoring_Report/Page_/svg_Enter a date range_mat-datepicker-toggl_ef015c' is clicked on

2023-12-19 13:58:26 - [MESSAGE][PASSED] - Object: 'Object Repository/Page_Daily_Spends_Monitoring_Report/Page_/svg_Enter a date range_mat-datepicker-toggl_ef015c' is clicked on

2023-12-19 13:58:26 - [TEST_STEP][PASSED] - verifyElementClickable(findTestObject("Object Repository/Page_Daily_Spends_Monitoring_Report/Page_/button_DEC 2023_mat-focus-indicator mat-cal_bd9491")): Object 'Object Repository/Page_Daily_Spends_Monitoring_Report/Page_/button_DEC 2023_mat-focus-indicator mat-cal_bd9491' is clickable

2023-12-19 13:58:27 - [MESSAGE][PASSED] - Object 'Object Repository/Page_Daily_Spends_Monitoring_Report/Page_/button_DEC 2023_mat-focus-indicator mat-cal_bd9491' is clickable

2023-12-19 13:58:27 - [TEST_STEP][PASSED] - verifyElementClickable(findTestObject("Object Repository/Page_Daily_Spends_Monitoring_Report/Page_/button_DEC 2023_mat-focus-indicator mat-cal_bd9491")): Object 'Object Repository/Page_Daily_Spends_Monitoring_Report/Page_/button_DEC 2023_mat-focus-indicator mat-cal_bd9491' is clickable

2023-12-19 13:58:27 - [MESSAGE][PASSED] - Object 'Object Repository/Page_Daily_Spends_Monitoring_Report/Page_/button_DEC 2023_mat-focus-indicator mat-cal_bd9491' is clickable

2023-12-19 13:58:27 - [TEST_STEP][PASSED] - click(findTestObject("Object Repository/Page_Daily_Spends_Monitoring_Report/Page_/button_DEC 2023_mat-focus-indicator mat-cal_bd9491")): Object: 'Object Repository/Page_Daily_Spends_Monitoring_Report/Page_/button_DEC 2023_mat-focus-indicator mat-cal_bd9491' is clicked on

2023-12-19 13:58:27 - [MESSAGE][PASSED] - Object: 'Object Repository/Page_Daily_Spends_Monitoring_Report/Page_/button_DEC 2023_mat-focus-indicator mat-cal_bd9491' is clicked on

2023-12-19 13:58:27 - [TEST_STEP][PASSED] - click(findTestObject("Object Repository/Page_Daily_Spends_Monitoring_Report/Page_/button_DEC 2023_mat-focus-indicator mat-cal_bd9491")): Object: 'Object Repository/Page_Daily_Spends_Monitoring_Report/Page_/button_DEC 2023_mat-focus-indicator mat-cal_bd9491' is clicked on

2023-12-19 13:58:28 - [MESSAGE][PASSED] - Object: 'Object Repository/Page_Daily_Spends_Monitoring_Report/Page_/button_DEC 2023_mat-focus-indicator mat-cal_bd9491' is clicked on

2023-12-19 13:58:28 - [TEST_STEP][PASSED] - click(findTestObject("Object Repository/Page_Daily_Spends_Monitoring_Report/Page_/div_1")): Object: 'Object Repository/Page_Daily_Spends_Monitoring_Report/Page_/div_1' is clicked on

2023-12-19 13:58:29 - [MESSAGE][PASSED] - Object: 'Object Repository/Page_Daily_Spends_Monitoring_Report/Page_/div_1' is clicked on

2023-12-19 13:58:29 - [TEST_STEP][PASSED] - click(findTestObject("Object Repository/Page_Daily_Spends_Monitoring_Report/Page_/div_31")): Object: 'Object Repository/Page_Daily_Spends_Monitoring_Report/Page_/div_31' is clicked on

2023-12-19 13:58:30 - [MESSAGE][PASSED] - Object: 'Object Repository/Page_Daily_Spends_Monitoring_Report/Page_/div_31' is clicked on

2023-12-19 13:58:30 - [TEST_STEP][PASSED] - delay(2): Delayed 2 second(s)

2023-12-19 13:58:32 - [MESSAGE][PASSED] - Delayed 2 second(s)

2023-12-19 13:58:32 - [TEST_STEP][PASSED] - closeBrowser(): Browser is closed

2023-12-19 13:58:33 - [MESSAGE][PASSED] - Browser is closed]]></system-out>
         <system-err><![CDATA[]]></system-err>
      </testcase>
      <testcase name="Test Cases/Spend_Monitoring/test_weekly_spend_monitoring_report" time="21.783" classname="Test Cases/Spend_Monitoring/test_weekly_spend_monitoring_report" status="PASSED">
         <system-out><![CDATA[2023-12-19 13:58:33 - [TEST_CASE][PASSED] - Test Cases/Spend_Monitoring/test_weekly_spend_monitoring_report: Test Cases/Spend_Monitoring/test_weekly_spend_monitoring_report

2023-12-19 13:58:33 - [TEST_STEP][PASSED] - callTestCase(findTestCase("Reusable_Functions/Login"), [:], CONTINUE_ON_FAILURE): Call Test Case 'Test Cases/Reusable_Functions/Login' successfully

2023-12-19 13:58:33 - [TEST_CASE][PASSED] - Test Cases/Reusable_Functions/Login: Test Cases/Reusable_Functions/Login

2023-12-19 13:58:33 - [TEST_STEP][PASSED] - openBrowser(""): Browser is opened with url: ''

2023-12-19 13:58:33 - [MESSAGE][INFO] - Starting 'Chrome' driver

2023-12-19 13:58:33 - [MESSAGE][INFO] - Action delay is set to 0 milliseconds

2023-12-19 13:58:34 - [MESSAGE][PASSED] - Browser is opened with url: ''

2023-12-19 13:58:34 - [TEST_STEP][PASSED] - maximizeWindow(): Current window maximized

2023-12-19 13:58:35 - [MESSAGE][PASSED] - Current window maximized

2023-12-19 13:58:35 - [TEST_STEP][PASSED] - navigateToUrl("https://dev-dash.admetrics.ai/"): Navigate to 'https://dev-dash.admetrics.ai/' successfully

2023-12-19 13:58:36 - [MESSAGE][PASSED] - Navigate to 'https://dev-dash.admetrics.ai/' successfully

2023-12-19 13:58:36 - [TEST_STEP][PASSED] - setText(findTestObject("Object Repository/Page_Project_Title/input_User ID_username"), "admin"): Text 'admin' is set on object 'Object Repository/Page_Project_Title/input_User ID_username'

2023-12-19 13:58:40 - [MESSAGE][PASSED] - Text 'admin' is set on object 'Object Repository/Page_Project_Title/input_User ID_username'

2023-12-19 13:58:40 - [TEST_STEP][PASSED] - setEncryptedText(findTestObject("Object Repository/Page_Project_Title/input_Password_password"), "7Dxoto1EjKfQbGop/Ov+1g=="): Text ****** has been set on object 'Object Repository/Page_Project_Title/input_Password_password'

2023-12-19 13:58:40 - [MESSAGE][PASSED] - Text ****** has been set on object 'Object Repository/Page_Project_Title/input_Password_password'

2023-12-19 13:58:40 - [TEST_STEP][PASSED] - click(findTestObject("Object Repository/Page_Project_Title/button_Login")): Object: 'Object Repository/Page_Project_Title/button_Login' is clicked on

2023-12-19 13:58:41 - [MESSAGE][PASSED] - Object: 'Object Repository/Page_Project_Title/button_Login' is clicked on

2023-12-19 13:58:41 - [MESSAGE][PASSED] - Call Test Case 'Test Cases/Reusable_Functions/Login' successfully

2023-12-19 13:58:41 - [TEST_STEP][PASSED] - verifyElementClickable(findTestObject("Object Repository/Page_Weekly_Spend_Monitoring_Report/Page_/li_Spend Monitoring")): Object 'Object Repository/Page_Weekly_Spend_Monitoring_Report/Page_/li_Spend Monitoring' is clickable

2023-12-19 13:58:45 - [MESSAGE][PASSED] - Object 'Object Repository/Page_Weekly_Spend_Monitoring_Report/Page_/li_Spend Monitoring' is clickable

2023-12-19 13:58:45 - [TEST_STEP][PASSED] - click(findTestObject("Object Repository/Page_Weekly_Spend_Monitoring_Report/Page_/li_Spend Monitoring")): Object: 'Object Repository/Page_Weekly_Spend_Monitoring_Report/Page_/li_Spend Monitoring' is clicked on

2023-12-19 13:58:45 - [MESSAGE][PASSED] - Object: 'Object Repository/Page_Weekly_Spend_Monitoring_Report/Page_/li_Spend Monitoring' is clicked on

2023-12-19 13:58:45 - [TEST_STEP][PASSED] - verifyElementClickable(findTestObject("Object Repository/Page_Weekly_Spend_Monitoring_Report/Page_/div_Weekly Spends Monitoring Report")): Object 'Object Repository/Page_Weekly_Spend_Monitoring_Report/Page_/div_Weekly Spends Monitoring Report' is clickable

2023-12-19 13:58:47 - [MESSAGE][PASSED] - Object 'Object Repository/Page_Weekly_Spend_Monitoring_Report/Page_/div_Weekly Spends Monitoring Report' is clickable

2023-12-19 13:58:47 - [TEST_STEP][PASSED] - click(findTestObject("Object Repository/Page_Weekly_Spend_Monitoring_Report/Page_/div_Weekly Spends Monitoring Report")): Object: 'Object Repository/Page_Weekly_Spend_Monitoring_Report/Page_/div_Weekly Spends Monitoring Report' is clicked on

2023-12-19 13:58:48 - [MESSAGE][PASSED] - Object: 'Object Repository/Page_Weekly_Spend_Monitoring_Report/Page_/div_Weekly Spends Monitoring Report' is clicked on

2023-12-19 13:58:48 - [TEST_STEP][PASSED] - verifyElementClickable(findTestObject("Object Repository/Page_Daily_Spends_Monitoring_Report/Page_/svg_Enter a date range_mat-datepicker-toggl_ef015c")): Object 'Object Repository/Page_Daily_Spends_Monitoring_Report/Page_/svg_Enter a date range_mat-datepicker-toggl_ef015c' is clickable

2023-12-19 13:58:49 - [MESSAGE][PASSED] - Object 'Object Repository/Page_Daily_Spends_Monitoring_Report/Page_/svg_Enter a date range_mat-datepicker-toggl_ef015c' is clickable

2023-12-19 13:58:49 - [TEST_STEP][PASSED] - verifyElementClickable(findTestObject("Object Repository/Page_Weekly_Spend_Monitoring_Report/Page_/mat-icon_clear")): Object 'Object Repository/Page_Weekly_Spend_Monitoring_Report/Page_/mat-icon_clear' is clickable

2023-12-19 13:58:49 - [MESSAGE][PASSED] - Object 'Object Repository/Page_Weekly_Spend_Monitoring_Report/Page_/mat-icon_clear' is clickable

2023-12-19 13:58:49 - [TEST_STEP][PASSED] - click(findTestObject("Object Repository/Page_Weekly_Spend_Monitoring_Report/Page_/svg_Enter a date range_mat-datepicker-toggl_ef015c")): Object: 'Object Repository/Page_Weekly_Spend_Monitoring_Report/Page_/svg_Enter a date range_mat-datepicker-toggl_ef015c' is clicked on

2023-12-19 13:58:50 - [MESSAGE][PASSED] - Object: 'Object Repository/Page_Weekly_Spend_Monitoring_Report/Page_/svg_Enter a date range_mat-datepicker-toggl_ef015c' is clicked on

2023-12-19 13:58:50 - [TEST_STEP][PASSED] - verifyElementClickable(findTestObject("Object Repository/Page_Weekly_Spend_Monitoring_Report/Page_/button_NOV 2023_mat-focus-indicator mat-cal_145c8e")): Object 'Object Repository/Page_Weekly_Spend_Monitoring_Report/Page_/button_NOV 2023_mat-focus-indicator mat-cal_145c8e' is clickable

2023-12-19 13:58:50 - [MESSAGE][PASSED] - Object 'Object Repository/Page_Weekly_Spend_Monitoring_Report/Page_/button_NOV 2023_mat-focus-indicator mat-cal_145c8e' is clickable

2023-12-19 13:58:50 - [TEST_STEP][PASSED] - verifyElementClickable(findTestObject("Object Repository/Page_Weekly_Spend_Monitoring_Report/Page_/button_NOV 2023_mat-focus-indicator mat-cal_145c8e")): Object 'Object Repository/Page_Weekly_Spend_Monitoring_Report/Page_/button_NOV 2023_mat-focus-indicator mat-cal_145c8e' is clickable

2023-12-19 13:58:51 - [MESSAGE][PASSED] - Object 'Object Repository/Page_Weekly_Spend_Monitoring_Report/Page_/button_NOV 2023_mat-focus-indicator mat-cal_145c8e' is clickable

2023-12-19 13:58:51 - [TEST_STEP][PASSED] - click(findTestObject("Object Repository/Page_Weekly_Spend_Monitoring_Report/Page_/button_NOV 2023_mat-focus-indicator mat-cal_145c8e")): Object: 'Object Repository/Page_Weekly_Spend_Monitoring_Report/Page_/button_NOV 2023_mat-focus-indicator mat-cal_145c8e' is clicked on

2023-12-19 13:58:51 - [MESSAGE][PASSED] - Object: 'Object Repository/Page_Weekly_Spend_Monitoring_Report/Page_/button_NOV 2023_mat-focus-indicator mat-cal_145c8e' is clicked on

2023-12-19 13:58:51 - [TEST_STEP][PASSED] - click(findTestObject("Object Repository/Page_Weekly_Spend_Monitoring_Report/Page_/button_NOV 2023_mat-focus-indicator mat-cal_145c8e")): Object: 'Object Repository/Page_Weekly_Spend_Monitoring_Report/Page_/button_NOV 2023_mat-focus-indicator mat-cal_145c8e' is clicked on

2023-12-19 13:58:52 - [MESSAGE][PASSED] - Object: 'Object Repository/Page_Weekly_Spend_Monitoring_Report/Page_/button_NOV 2023_mat-focus-indicator mat-cal_145c8e' is clicked on

2023-12-19 13:58:52 - [TEST_STEP][PASSED] - click(findTestObject("Object Repository/Page_Weekly_Spend_Monitoring_Report/Page_/div_1")): Object: 'Object Repository/Page_Weekly_Spend_Monitoring_Report/Page_/div_1' is clicked on

2023-12-19 13:58:53 - [MESSAGE][PASSED] - Object: 'Object Repository/Page_Weekly_Spend_Monitoring_Report/Page_/div_1' is clicked on

2023-12-19 13:58:53 - [TEST_STEP][PASSED] - click(findTestObject("Object Repository/Page_Weekly_Spend_Monitoring_Report/Page_/div_30")): Object: 'Object Repository/Page_Weekly_Spend_Monitoring_Report/Page_/div_30' is clicked on

2023-12-19 13:58:54 - [MESSAGE][PASSED] - Object: 'Object Repository/Page_Weekly_Spend_Monitoring_Report/Page_/div_30' is clicked on

2023-12-19 13:58:54 - [TEST_STEP][PASSED] - closeBrowser(): Browser is closed

2023-12-19 13:58:55 - [MESSAGE][PASSED] - Browser is closed]]></system-out>
         <system-err><![CDATA[]]></system-err>
      </testcase>
      <testcase name="Test Cases/Spend_Monitoring/test_mtd_spend_monitor" time="222.715" classname="Test Cases/Spend_Monitoring/test_mtd_spend_monitor" status="PASSED">
         <system-out><![CDATA[2023-12-19 13:58:55 - [TEST_CASE][PASSED] - Test Cases/Spend_Monitoring/test_mtd_spend_monitor: Test Cases/Spend_Monitoring/test_mtd_spend_monitor

2023-12-19 13:58:55 - [TEST_STEP][PASSED] - callTestCase(findTestCase("Reusable_Functions/Login"), [:], CONTINUE_ON_FAILURE): Call Test Case 'Test Cases/Reusable_Functions/Login' successfully

2023-12-19 13:58:55 - [TEST_CASE][PASSED] - Test Cases/Reusable_Functions/Login: Test Cases/Reusable_Functions/Login

2023-12-19 13:58:55 - [TEST_STEP][PASSED] - openBrowser(""): Browser is opened with url: ''

2023-12-19 13:58:55 - [MESSAGE][INFO] - Starting 'Chrome' driver

2023-12-19 13:58:55 - [MESSAGE][INFO] - Action delay is set to 0 milliseconds

2023-12-19 13:58:56 - [MESSAGE][PASSED] - Browser is opened with url: ''

2023-12-19 13:58:56 - [TEST_STEP][PASSED] - maximizeWindow(): Current window maximized

2023-12-19 13:58:56 - [MESSAGE][PASSED] - Current window maximized

2023-12-19 13:58:56 - [TEST_STEP][PASSED] - navigateToUrl("https://dev-dash.admetrics.ai/"): Navigate to 'https://dev-dash.admetrics.ai/' successfully

2023-12-19 13:58:57 - [MESSAGE][PASSED] - Navigate to 'https://dev-dash.admetrics.ai/' successfully

2023-12-19 13:58:57 - [TEST_STEP][PASSED] - setText(findTestObject("Object Repository/Page_Project_Title/input_User ID_username"), "admin"): Text 'admin' is set on object 'Object Repository/Page_Project_Title/input_User ID_username'

2023-12-19 13:59:01 - [MESSAGE][PASSED] - Text 'admin' is set on object 'Object Repository/Page_Project_Title/input_User ID_username'

2023-12-19 13:59:01 - [TEST_STEP][PASSED] - setEncryptedText(findTestObject("Object Repository/Page_Project_Title/input_Password_password"), "7Dxoto1EjKfQbGop/Ov+1g=="): Text ****** has been set on object 'Object Repository/Page_Project_Title/input_Password_password'

2023-12-19 13:59:01 - [MESSAGE][PASSED] - Text ****** has been set on object 'Object Repository/Page_Project_Title/input_Password_password'

2023-12-19 13:59:01 - [TEST_STEP][PASSED] - click(findTestObject("Object Repository/Page_Project_Title/button_Login")): Object: 'Object Repository/Page_Project_Title/button_Login' is clicked on

2023-12-19 13:59:02 - [MESSAGE][PASSED] - Object: 'Object Repository/Page_Project_Title/button_Login' is clicked on

2023-12-19 13:59:02 - [MESSAGE][PASSED] - Call Test Case 'Test Cases/Reusable_Functions/Login' successfully

2023-12-19 13:59:02 - [TEST_STEP][PASSED] - verifyElementClickable(findTestObject("Object Repository/Page_MTD_Spend_Monitoring/Page_/li_Spend Monitoring")): Object 'Object Repository/Page_MTD_Spend_Monitoring/Page_/li_Spend Monitoring' is clickable

2023-12-19 13:59:06 - [MESSAGE][PASSED] - Object 'Object Repository/Page_MTD_Spend_Monitoring/Page_/li_Spend Monitoring' is clickable

2023-12-19 13:59:06 - [TEST_STEP][PASSED] - click(findTestObject("Object Repository/Page_MTD_Spend_Monitoring/Page_/li_Spend Monitoring")): Object: 'Object Repository/Page_MTD_Spend_Monitoring/Page_/li_Spend Monitoring' is clicked on

2023-12-19 13:59:07 - [MESSAGE][PASSED] - Object: 'Object Repository/Page_MTD_Spend_Monitoring/Page_/li_Spend Monitoring' is clicked on

2023-12-19 13:59:07 - [TEST_STEP][PASSED] - verifyElementClickable(findTestObject("Object Repository/Page_MTD_Spend_Monitoring/Page_/div_MTD Spend Monitoring")): Object 'Object Repository/Page_MTD_Spend_Monitoring/Page_/div_MTD Spend Monitoring' is clickable

2023-12-19 13:59:09 - [MESSAGE][PASSED] - Object 'Object Repository/Page_MTD_Spend_Monitoring/Page_/div_MTD Spend Monitoring' is clickable

2023-12-19 13:59:09 - [TEST_STEP][PASSED] - click(findTestObject("Object Repository/Page_MTD_Spend_Monitoring/Page_/div_MTD Spend Monitoring")): Object: 'Object Repository/Page_MTD_Spend_Monitoring/Page_/div_MTD Spend Monitoring' is clicked on

2023-12-19 13:59:09 - [MESSAGE][PASSED] - Object: 'Object Repository/Page_MTD_Spend_Monitoring/Page_/div_MTD Spend Monitoring' is clicked on

2023-12-19 13:59:09 - [TEST_STEP][PASSED] - verifyElementPresent(findTestObject("Object Repository/Page_MTD_Spend_Monitoring/Page_/h1_56.79"), 0): Object 'Object Repository/Page_MTD_Spend_Monitoring/Page_/h1_56.79' is present

2023-12-19 13:59:09 - [MESSAGE][WARNING] - Timeout '0' is invalid. Using default page load timeout: '30'

2023-12-19 13:59:12 - [MESSAGE][PASSED] - Object 'Object Repository/Page_MTD_Spend_Monitoring/Page_/h1_56.79' is present

2023-12-19 13:59:12 - [TEST_STEP][PASSED] - verifyElementText(findTestObject("Object Repository/Page_MTD_Spend_Monitoring/Page_/div_achievement"), "% achievement"): Actual text and expected text of test object 'Object Repository/Page_MTD_Spend_Monitoring/Page_/div_achievement' are matched.

2023-12-19 13:59:12 - [MESSAGE][PASSED] - Actual text and expected text of test object 'Object Repository/Page_MTD_Spend_Monitoring/Page_/div_achievement' are matched.

2023-12-19 13:59:12 - [TEST_STEP][PASSED] - verifyElementText(findTestObject("Object Repository/Page_MTD_Spend_Monitoring/Page_/p_MTD Spend Prorated"), "MTD Spend Prorated"): Actual text and expected text of test object 'Object Repository/Page_MTD_Spend_Monitoring/Page_/p_MTD Spend Prorated' are matched.

2023-12-19 13:59:12 - [MESSAGE][PASSED] - Actual text and expected text of test object 'Object Repository/Page_MTD_Spend_Monitoring/Page_/p_MTD Spend Prorated' are matched.

2023-12-19 13:59:12 - [TEST_STEP][PASSED] - verifyElementText(findTestObject("Object Repository/Page_MTD_Spend_Monitoring/Page_/div_Items per page"), "Items per page:"): Actual text and expected text of test object 'Object Repository/Page_MTD_Spend_Monitoring/Page_/div_Items per page' are matched.

2023-12-19 13:59:13 - [MESSAGE][PASSED] - Actual text and expected text of test object 'Object Repository/Page_MTD_Spend_Monitoring/Page_/div_Items per page' are matched.

2023-12-19 13:59:13 - [TEST_STEP][PASSED] - verifyElementClickable(findTestObject("Object Repository/Page_MTD_Spend_Monitoring/Page_/div_Items per page_mat-select-arrow-wrapper_b66081")): Object 'Object Repository/Page_MTD_Spend_Monitoring/Page_/div_Items per page_mat-select-arrow-wrapper_b66081' is clickable

2023-12-19 13:59:13 - [MESSAGE][PASSED] - Object 'Object Repository/Page_MTD_Spend_Monitoring/Page_/div_Items per page_mat-select-arrow-wrapper_b66081' is clickable

2023-12-19 13:59:13 - [TEST_STEP][PASSED] - click(findTestObject("Object Repository/Page_MTD_Spend_Monitoring/Page_/div_Items per page_mat-select-arrow-wrapper_b66081")): Object: 'Object Repository/Page_MTD_Spend_Monitoring/Page_/div_Items per page_mat-select-arrow-wrapper_b66081' is clicked on

2023-12-19 13:59:14 - [MESSAGE][PASSED] - Object: 'Object Repository/Page_MTD_Spend_Monitoring/Page_/div_Items per page_mat-select-arrow-wrapper_b66081' is clicked on

2023-12-19 13:59:14 - [TEST_STEP][PASSED] - click(findTestObject("Object Repository/Page_MTD_Spend_Monitoring/Page_/div_20")): Object: 'Object Repository/Page_MTD_Spend_Monitoring/Page_/div_20' is clicked on

2023-12-19 13:59:14 - [MESSAGE][PASSED] - Object: 'Object Repository/Page_MTD_Spend_Monitoring/Page_/div_20' is clicked on

2023-12-19 13:59:14 - [TEST_STEP][PASSED] - click(findTestObject("Object Repository/Page_MTD_Spend_Monitoring/Page_/div_Items per page_mat-select-arrow ng-tns-c110-10")): Object: 'Object Repository/Page_MTD_Spend_Monitoring/Page_/div_Items per page_mat-select-arrow ng-tns-c110-10' is clicked on

2023-12-19 13:59:15 - [MESSAGE][PASSED] - Object: 'Object Repository/Page_MTD_Spend_Monitoring/Page_/div_Items per page_mat-select-arrow ng-tns-c110-10' is clicked on

2023-12-19 13:59:15 - [TEST_STEP][PASSED] - click(findTestObject("Object Repository/Page_MTD_Spend_Monitoring/Page_/div_10")): Object: 'Object Repository/Page_MTD_Spend_Monitoring/Page_/div_10' is clicked on

2023-12-19 13:59:15 - [MESSAGE][PASSED] - Object: 'Object Repository/Page_MTD_Spend_Monitoring/Page_/div_10' is clicked on

2023-12-19 13:59:15 - [TEST_STEP][PASSED] - click(findTestObject("Object Repository/Page_MTD_Spend_Monitoring/Page_/div_Items per page_mat-select-arrow-wrapper_b66081")): Object: 'Object Repository/Page_MTD_Spend_Monitoring/Page_/div_Items per page_mat-select-arrow-wrapper_b66081' is clicked on

2023-12-19 13:59:16 - [MESSAGE][PASSED] - Object: 'Object Repository/Page_MTD_Spend_Monitoring/Page_/div_Items per page_mat-select-arrow-wrapper_b66081' is clicked on

2023-12-19 13:59:16 - [TEST_STEP][PASSED] - click(findTestObject("Object Repository/Page_MTD_Spend_Monitoring/Page_/div_5")): Object: 'Object Repository/Page_MTD_Spend_Monitoring/Page_/div_5' is clicked on

2023-12-19 13:59:17 - [MESSAGE][PASSED] - Object: 'Object Repository/Page_MTD_Spend_Monitoring/Page_/div_5' is clicked on

2023-12-19 13:59:17 - [TEST_STEP][PASSED] - verifyElementClickable(findTestObject("Object Repository/Page_MTD_Spend_Monitoring/Page_/svg_Items per page_mat-paginator-icon")): Object 'Object Repository/Page_MTD_Spend_Monitoring/Page_/svg_Items per page_mat-paginator-icon' is clickable

2023-12-19 13:59:17 - [MESSAGE][PASSED] - Object 'Object Repository/Page_MTD_Spend_Monitoring/Page_/svg_Items per page_mat-paginator-icon' is clickable

2023-12-19 13:59:17 - [TEST_STEP][PASSED] - verifyElementClickable(findTestObject("Object Repository/Page_MTD_Spend_Monitoring/Page_/svg_Items per page_mat-paginator-icon_1")): Object 'Object Repository/Page_MTD_Spend_Monitoring/Page_/svg_Items per page_mat-paginator-icon_1' is clickable

2023-12-19 13:59:18 - [MESSAGE][PASSED] - Object 'Object Repository/Page_MTD_Spend_Monitoring/Page_/svg_Items per page_mat-paginator-icon_1' is clickable

2023-12-19 13:59:18 - [TEST_STEP][PASSED] - click(findTestObject("Object Repository/Page_MTD_Spend_Monitoring/Page_/svg_Items per page_mat-paginator-icon_1_2_3")): Object: 'Object Repository/Page_MTD_Spend_Monitoring/Page_/svg_Items per page_mat-paginator-icon_1_2_3' is clicked on

2023-12-19 13:59:18 - [MESSAGE][PASSED] - Object: 'Object Repository/Page_MTD_Spend_Monitoring/Page_/svg_Items per page_mat-paginator-icon_1_2_3' is clicked on

2023-12-19 13:59:18 - [TEST_STEP][PASSED] - verifyElementText(findTestObject("Object Repository/Page_MTD_Spend_Monitoring/Page_/p_Monthly Spend Vs Target"), "Monthly Spend Vs Target"): Actual text and expected text of test object 'Object Repository/Page_MTD_Spend_Monitoring/Page_/p_Monthly Spend Vs Target' are matched.

2023-12-19 13:59:19 - [MESSAGE][PASSED] - Actual text and expected text of test object 'Object Repository/Page_MTD_Spend_Monitoring/Page_/p_Monthly Spend Vs Target' are matched.

2023-12-19 13:59:19 - [TEST_STEP][PASSED] - verifyElementText(findTestObject("Object Repository/Page_MTD_Spend_Monitoring/Page_/div_Items per page"), "Items per page:"): Actual text and expected text of test object 'Object Repository/Page_MTD_Spend_Monitoring/Page_/div_Items per page' are matched.

2023-12-19 13:59:19 - [MESSAGE][PASSED] - Actual text and expected text of test object 'Object Repository/Page_MTD_Spend_Monitoring/Page_/div_Items per page' are matched.

2023-12-19 13:59:19 - [TEST_STEP][PASSED] - verifyElementClickable(findTestObject("Object Repository/Page_MTD_Spend_Monitoring/Page_/div_Items per page_mat-select-arrow-wrapper_a107c1")): Object 'Object Repository/Page_MTD_Spend_Monitoring/Page_/div_Items per page_mat-select-arrow-wrapper_a107c1' is clickable

2023-12-19 13:59:19 - [MESSAGE][PASSED] - Object 'Object Repository/Page_MTD_Spend_Monitoring/Page_/div_Items per page_mat-select-arrow-wrapper_a107c1' is clickable

2023-12-19 13:59:19 - [TEST_STEP][PASSED] - click(findTestObject("Object Repository/Page_MTD_Spend_Monitoring/Page_/div_Items per page_mat-select-arrow ng-tns-c110-12")): Object: 'Object Repository/Page_MTD_Spend_Monitoring/Page_/div_Items per page_mat-select-arrow ng-tns-c110-12' is clicked on

2023-12-19 13:59:20 - [MESSAGE][PASSED] - Object: 'Object Repository/Page_MTD_Spend_Monitoring/Page_/div_Items per page_mat-select-arrow ng-tns-c110-12' is clicked on

2023-12-19 13:59:20 - [TEST_STEP][PASSED] - click(findTestObject("Object Repository/Page_MTD_Spend_Monitoring/Page_/div_20")): Object: 'Object Repository/Page_MTD_Spend_Monitoring/Page_/div_20' is clicked on

2023-12-19 13:59:51 - [MESSAGE][INFO] - Unable to find the element located by 'By.xpath: //mat-option[@id='mat-option-2']/span'. Please recheck the objects properties to make sure the desired element is located. 

2023-12-19 13:59:51 - [MESSAGE][WARNING] - [SELF-HEALING] Failed to find element with id 'Object Repository/Page_MTD_Spend_Monitoring/Page_/div_20'. Try using Self-healing.

2023-12-19 13:59:52 - [MESSAGE][WARNING] - [SELF-HEALING] The current locator of test object 'Object Repository/Page_MTD_Spend_Monitoring/Page_/div_20' was broken. Propose an alternative one: '(.//*[normalize-space(text()) and normalize-space(.)='Logout'])[1]/following::span[3]'.

2023-12-19 13:59:52 - [MESSAGE][PASSED] - Object: 'Object Repository/Page_MTD_Spend_Monitoring/Page_/div_20' is clicked on

2023-12-19 13:59:52 - [TEST_STEP][PASSED] - click(findTestObject("Object Repository/Page_MTD_Spend_Monitoring/Page_/div_Items per page_mat-select-arrow-wrapper_a107c1")): Object: 'Object Repository/Page_MTD_Spend_Monitoring/Page_/div_Items per page_mat-select-arrow-wrapper_a107c1' is clicked on

2023-12-19 13:59:52 - [MESSAGE][PASSED] - Object: 'Object Repository/Page_MTD_Spend_Monitoring/Page_/div_Items per page_mat-select-arrow-wrapper_a107c1' is clicked on

2023-12-19 13:59:52 - [TEST_STEP][PASSED] - click(findTestObject("Object Repository/Page_MTD_Spend_Monitoring/Page_/div_10")): Object: 'Object Repository/Page_MTD_Spend_Monitoring/Page_/div_10' is clicked on

2023-12-19 14:00:24 - [MESSAGE][INFO] - Unable to find the element located by 'By.xpath: //mat-option[@id='mat-option-1']/span'. Please recheck the objects properties to make sure the desired element is located. 

2023-12-19 14:00:24 - [MESSAGE][WARNING] - [SELF-HEALING] Failed to find element with id 'Object Repository/Page_MTD_Spend_Monitoring/Page_/div_10'. Try using Self-healing.

2023-12-19 14:00:24 - [MESSAGE][WARNING] - [SELF-HEALING] The current locator of test object 'Object Repository/Page_MTD_Spend_Monitoring/Page_/div_10' was broken. Propose an alternative one: '(.//*[normalize-space(text()) and normalize-space(.)='Logout'])[1]/following::span[2]'.

2023-12-19 14:00:24 - [MESSAGE][PASSED] - Object: 'Object Repository/Page_MTD_Spend_Monitoring/Page_/div_10' is clicked on

2023-12-19 14:00:24 - [TEST_STEP][PASSED] - click(findTestObject("Object Repository/Page_MTD_Spend_Monitoring/Page_/div_Items per page_mat-select-arrow ng-tns-c110-12")): Object: 'Object Repository/Page_MTD_Spend_Monitoring/Page_/div_Items per page_mat-select-arrow ng-tns-c110-12' is clicked on

2023-12-19 14:00:25 - [MESSAGE][PASSED] - Object: 'Object Repository/Page_MTD_Spend_Monitoring/Page_/div_Items per page_mat-select-arrow ng-tns-c110-12' is clicked on

2023-12-19 14:00:25 - [TEST_STEP][PASSED] - click(findTestObject("Object Repository/Page_MTD_Spend_Monitoring/Page_/div_5")): Object: 'Object Repository/Page_MTD_Spend_Monitoring/Page_/div_5' is clicked on

2023-12-19 14:00:56 - [MESSAGE][INFO] - Unable to find the element located by 'By.xpath: //mat-option[@id='mat-option-0']/span'. Please recheck the objects properties to make sure the desired element is located. 

2023-12-19 14:00:56 - [MESSAGE][WARNING] - [SELF-HEALING] Failed to find element with id 'Object Repository/Page_MTD_Spend_Monitoring/Page_/div_5'. Try using Self-healing.

2023-12-19 14:00:56 - [MESSAGE][WARNING] - [SELF-HEALING] The current locator of test object 'Object Repository/Page_MTD_Spend_Monitoring/Page_/div_5' was broken. Propose an alternative one: '(.//*[normalize-space(text()) and normalize-space(.)='Logout'])[1]/following::span[1]'.

2023-12-19 14:00:56 - [MESSAGE][PASSED] - Object: 'Object Repository/Page_MTD_Spend_Monitoring/Page_/div_5' is clicked on

2023-12-19 14:00:56 - [TEST_STEP][PASSED] - verifyElementClickable(findTestObject("Object Repository/Page_MTD_Spend_Monitoring/Page_/svg_Items per page_mat-paginator-icon_1_2")): Object 'Object Repository/Page_MTD_Spend_Monitoring/Page_/svg_Items per page_mat-paginator-icon_1_2' is clickable

2023-12-19 14:00:57 - [MESSAGE][PASSED] - Object 'Object Repository/Page_MTD_Spend_Monitoring/Page_/svg_Items per page_mat-paginator-icon_1_2' is clickable

2023-12-19 14:00:57 - [TEST_STEP][PASSED] - verifyElementClickable(findTestObject("Object Repository/Page_MTD_Spend_Monitoring/Page_/svg_Items per page_mat-paginator-icon_1_2_3")): Object 'Object Repository/Page_MTD_Spend_Monitoring/Page_/svg_Items per page_mat-paginator-icon_1_2_3' is clickable

2023-12-19 14:00:57 - [MESSAGE][PASSED] - Object 'Object Repository/Page_MTD_Spend_Monitoring/Page_/svg_Items per page_mat-paginator-icon_1_2_3' is clickable

2023-12-19 14:00:57 - [TEST_STEP][PASSED] - click(findTestObject("Object Repository/Page_MTD_Spend_Monitoring/Page_/svg_Items per page_mat-paginator-icon_1_2_3")): Object: 'Object Repository/Page_MTD_Spend_Monitoring/Page_/svg_Items per page_mat-paginator-icon_1_2_3' is clicked on

2023-12-19 14:00:58 - [MESSAGE][PASSED] - Object: 'Object Repository/Page_MTD_Spend_Monitoring/Page_/svg_Items per page_mat-paginator-icon_1_2_3' is clicked on

2023-12-19 14:00:58 - [TEST_STEP][PASSED] - verifyElementText(findTestObject("Object Repository/Page_MTD_Spend_Monitoring/Page_/p_MTD Spend Vs Target by Channel"), "MTD Spend Vs Target by Channel"): Actual text and expected text of test object 'Object Repository/Page_MTD_Spend_Monitoring/Page_/p_MTD Spend Vs Target by Channel' are matched.

2023-12-19 14:00:58 - [MESSAGE][PASSED] - Actual text and expected text of test object 'Object Repository/Page_MTD_Spend_Monitoring/Page_/p_MTD Spend Vs Target by Channel' are matched.

2023-12-19 14:00:58 - [TEST_STEP][PASSED] - verifyElementText(findTestObject("Object Repository/Page_MTD_Spend_Monitoring/Page_/div_Items per page"), "Items per page:"): Actual text and expected text of test object 'Object Repository/Page_MTD_Spend_Monitoring/Page_/div_Items per page' are matched.

2023-12-19 14:00:58 - [MESSAGE][PASSED] - Actual text and expected text of test object 'Object Repository/Page_MTD_Spend_Monitoring/Page_/div_Items per page' are matched.

2023-12-19 14:00:58 - [TEST_STEP][PASSED] - verifyElementClickable(findTestObject("Object Repository/Page_MTD_Spend_Monitoring/Page_/div_Items per page_mat-select-arrow-wrapper_9322e4")): Object 'Object Repository/Page_MTD_Spend_Monitoring/Page_/div_Items per page_mat-select-arrow-wrapper_9322e4' is clickable

2023-12-19 14:00:59 - [MESSAGE][PASSED] - Object 'Object Repository/Page_MTD_Spend_Monitoring/Page_/div_Items per page_mat-select-arrow-wrapper_9322e4' is clickable

2023-12-19 14:00:59 - [TEST_STEP][PASSED] - click(findTestObject("Object Repository/Page_MTD_Spend_Monitoring/Page_/div_Items per page_mat-select-arrow ng-tns-c110-14")): Object: 'Object Repository/Page_MTD_Spend_Monitoring/Page_/div_Items per page_mat-select-arrow ng-tns-c110-14' is clicked on

2023-12-19 14:00:59 - [MESSAGE][PASSED] - Object: 'Object Repository/Page_MTD_Spend_Monitoring/Page_/div_Items per page_mat-select-arrow ng-tns-c110-14' is clicked on

2023-12-19 14:00:59 - [TEST_STEP][PASSED] - click(findTestObject("Object Repository/Page_MTD_Spend_Monitoring/Page_/div_20")): Object: 'Object Repository/Page_MTD_Spend_Monitoring/Page_/div_20' is clicked on

2023-12-19 14:01:30 - [MESSAGE][INFO] - Unable to find the element located by 'By.xpath: //mat-option[@id='mat-option-2']/span'. Please recheck the objects properties to make sure the desired element is located. 

2023-12-19 14:01:30 - [MESSAGE][WARNING] - [SELF-HEALING] Failed to find element with id 'Object Repository/Page_MTD_Spend_Monitoring/Page_/div_20'. Try using Self-healing.

2023-12-19 14:01:31 - [MESSAGE][WARNING] - [SELF-HEALING] The current locator of test object 'Object Repository/Page_MTD_Spend_Monitoring/Page_/div_20' was broken. Propose an alternative one: '(.//*[normalize-space(text()) and normalize-space(.)='Logout'])[1]/following::span[3]'.

2023-12-19 14:01:31 - [MESSAGE][PASSED] - Object: 'Object Repository/Page_MTD_Spend_Monitoring/Page_/div_20' is clicked on

2023-12-19 14:01:31 - [TEST_STEP][PASSED] - click(findTestObject("Object Repository/Page_MTD_Spend_Monitoring/Page_/div_Items per page_mat-select-arrow-wrapper_9322e4")): Object: 'Object Repository/Page_MTD_Spend_Monitoring/Page_/div_Items per page_mat-select-arrow-wrapper_9322e4' is clicked on

2023-12-19 14:01:31 - [MESSAGE][PASSED] - Object: 'Object Repository/Page_MTD_Spend_Monitoring/Page_/div_Items per page_mat-select-arrow-wrapper_9322e4' is clicked on

2023-12-19 14:01:31 - [TEST_STEP][PASSED] - click(findTestObject("Object Repository/Page_MTD_Spend_Monitoring/Page_/div_10")): Object: 'Object Repository/Page_MTD_Spend_Monitoring/Page_/div_10' is clicked on

2023-12-19 14:02:03 - [MESSAGE][INFO] - Unable to find the element located by 'By.xpath: //mat-option[@id='mat-option-1']/span'. Please recheck the objects properties to make sure the desired element is located. 

2023-12-19 14:02:03 - [MESSAGE][WARNING] - [SELF-HEALING] Failed to find element with id 'Object Repository/Page_MTD_Spend_Monitoring/Page_/div_10'. Try using Self-healing.

2023-12-19 14:02:03 - [MESSAGE][WARNING] - [SELF-HEALING] The current locator of test object 'Object Repository/Page_MTD_Spend_Monitoring/Page_/div_10' was broken. Propose an alternative one: '(.//*[normalize-space(text()) and normalize-space(.)='Logout'])[1]/following::span[2]'.

2023-12-19 14:02:03 - [MESSAGE][PASSED] - Object: 'Object Repository/Page_MTD_Spend_Monitoring/Page_/div_10' is clicked on

2023-12-19 14:02:03 - [TEST_STEP][PASSED] - click(findTestObject("Object Repository/Page_MTD_Spend_Monitoring/Page_/div_Items per page_mat-select-arrow ng-tns-c110-14")): Object: 'Object Repository/Page_MTD_Spend_Monitoring/Page_/div_Items per page_mat-select-arrow ng-tns-c110-14' is clicked on

2023-12-19 14:02:04 - [MESSAGE][PASSED] - Object: 'Object Repository/Page_MTD_Spend_Monitoring/Page_/div_Items per page_mat-select-arrow ng-tns-c110-14' is clicked on

2023-12-19 14:02:04 - [TEST_STEP][PASSED] - click(findTestObject("Object Repository/Page_MTD_Spend_Monitoring/Page_/div_5")): Object: 'Object Repository/Page_MTD_Spend_Monitoring/Page_/div_5' is clicked on

2023-12-19 14:02:35 - [MESSAGE][INFO] - Unable to find the element located by 'By.xpath: //mat-option[@id='mat-option-0']/span'. Please recheck the objects properties to make sure the desired element is located. 

2023-12-19 14:02:35 - [MESSAGE][WARNING] - [SELF-HEALING] Failed to find element with id 'Object Repository/Page_MTD_Spend_Monitoring/Page_/div_5'. Try using Self-healing.

2023-12-19 14:02:35 - [MESSAGE][WARNING] - [SELF-HEALING] The current locator of test object 'Object Repository/Page_MTD_Spend_Monitoring/Page_/div_5' was broken. Propose an alternative one: '(.//*[normalize-space(text()) and normalize-space(.)='Logout'])[1]/following::span[1]'.

2023-12-19 14:02:36 - [MESSAGE][PASSED] - Object: 'Object Repository/Page_MTD_Spend_Monitoring/Page_/div_5' is clicked on

2023-12-19 14:02:36 - [TEST_STEP][PASSED] - verifyElementClickable(findTestObject("Object Repository/Page_MTD_Spend_Monitoring/Page_/svg_Items per page_mat-paginator-icon_1_2_3_4")): Object 'Object Repository/Page_MTD_Spend_Monitoring/Page_/svg_Items per page_mat-paginator-icon_1_2_3_4' is clickable

2023-12-19 14:02:36 - [MESSAGE][PASSED] - Object 'Object Repository/Page_MTD_Spend_Monitoring/Page_/svg_Items per page_mat-paginator-icon_1_2_3_4' is clickable

2023-12-19 14:02:36 - [TEST_STEP][PASSED] - click(findTestObject("Object Repository/Page_MTD_Spend_Monitoring/Page_/svg_Items per page_mat-paginator-icon_1_2_3")): Object: 'Object Repository/Page_MTD_Spend_Monitoring/Page_/svg_Items per page_mat-paginator-icon_1_2_3' is clicked on

2023-12-19 14:02:37 - [MESSAGE][PASSED] - Object: 'Object Repository/Page_MTD_Spend_Monitoring/Page_/svg_Items per page_mat-paginator-icon_1_2_3' is clicked on

2023-12-19 14:02:37 - [TEST_STEP][PASSED] - closeBrowser(): Browser is closed

2023-12-19 14:02:37 - [MESSAGE][PASSED] - Browser is closed]]></system-out>
         <system-err><![CDATA[]]></system-err>
      </testcase>
      <testcase name="Test Cases/Performance_Report/test_daily_buyer_cac_report" time="245.402" classname="Test Cases/Performance_Report/test_daily_buyer_cac_report" status="PASSED">
         <system-out><![CDATA[2023-12-19 14:02:37 - [TEST_CASE][PASSED] - Test Cases/Performance_Report/test_daily_buyer_cac_report: Test Cases/Performance_Report/test_daily_buyer_cac_report

2023-12-19 14:02:38 - [TEST_STEP][PASSED] - callTestCase(findTestCase("Reusable_Functions/Login"), [:], CONTINUE_ON_FAILURE): Call Test Case 'Test Cases/Reusable_Functions/Login' successfully

2023-12-19 14:02:38 - [TEST_CASE][PASSED] - Test Cases/Reusable_Functions/Login: Test Cases/Reusable_Functions/Login

2023-12-19 14:02:38 - [TEST_STEP][PASSED] - openBrowser(""): Browser is opened with url: ''

2023-12-19 14:02:38 - [MESSAGE][INFO] - Starting 'Chrome' driver

2023-12-19 14:02:38 - [MESSAGE][INFO] - Action delay is set to 0 milliseconds

2023-12-19 14:02:39 - [MESSAGE][PASSED] - Browser is opened with url: ''

2023-12-19 14:02:39 - [TEST_STEP][PASSED] - maximizeWindow(): Current window maximized

2023-12-19 14:02:39 - [MESSAGE][PASSED] - Current window maximized

2023-12-19 14:02:39 - [TEST_STEP][PASSED] - navigateToUrl("https://dev-dash.admetrics.ai/"): Navigate to 'https://dev-dash.admetrics.ai/' successfully

2023-12-19 14:02:40 - [MESSAGE][PASSED] - Navigate to 'https://dev-dash.admetrics.ai/' successfully

2023-12-19 14:02:40 - [TEST_STEP][PASSED] - setText(findTestObject("Object Repository/Page_Project_Title/input_User ID_username"), "admin"): Text 'admin' is set on object 'Object Repository/Page_Project_Title/input_User ID_username'

2023-12-19 14:02:43 - [MESSAGE][PASSED] - Text 'admin' is set on object 'Object Repository/Page_Project_Title/input_User ID_username'

2023-12-19 14:02:43 - [TEST_STEP][PASSED] - setEncryptedText(findTestObject("Object Repository/Page_Project_Title/input_Password_password"), "7Dxoto1EjKfQbGop/Ov+1g=="): Text ****** has been set on object 'Object Repository/Page_Project_Title/input_Password_password'

2023-12-19 14:02:43 - [MESSAGE][PASSED] - Text ****** has been set on object 'Object Repository/Page_Project_Title/input_Password_password'

2023-12-19 14:02:43 - [TEST_STEP][PASSED] - click(findTestObject("Object Repository/Page_Project_Title/button_Login")): Object: 'Object Repository/Page_Project_Title/button_Login' is clicked on

2023-12-19 14:02:43 - [MESSAGE][PASSED] - Object: 'Object Repository/Page_Project_Title/button_Login' is clicked on

2023-12-19 14:02:43 - [MESSAGE][PASSED] - Call Test Case 'Test Cases/Reusable_Functions/Login' successfully

2023-12-19 14:02:43 - [TEST_STEP][PASSED] - verifyElementClickable(findTestObject("Object Repository/Page_Daily_Buyer_CAC_Report/Page_/li_Performance")): Object 'Object Repository/Page_Daily_Buyer_CAC_Report/Page_/li_Performance' is clickable

2023-12-19 14:02:47 - [MESSAGE][PASSED] - Object 'Object Repository/Page_Daily_Buyer_CAC_Report/Page_/li_Performance' is clickable

2023-12-19 14:02:47 - [TEST_STEP][PASSED] - click(findTestObject("Object Repository/Page_Daily_Buyer_CAC_Report/Page_/li_Performance")): Object: 'Object Repository/Page_Daily_Buyer_CAC_Report/Page_/li_Performance' is clicked on

2023-12-19 14:02:47 - [MESSAGE][PASSED] - Object: 'Object Repository/Page_Daily_Buyer_CAC_Report/Page_/li_Performance' is clicked on

2023-12-19 14:02:47 - [TEST_STEP][PASSED] - verifyElementClickable(findTestObject("Object Repository/Page_Daily_Buyer_CAC_Report/Page_/div_Daily Buyer CAC Report")): Object 'Object Repository/Page_Daily_Buyer_CAC_Report/Page_/div_Daily Buyer CAC Report' is clickable

2023-12-19 14:02:49 - [MESSAGE][PASSED] - Object 'Object Repository/Page_Daily_Buyer_CAC_Report/Page_/div_Daily Buyer CAC Report' is clickable

2023-12-19 14:02:49 - [TEST_STEP][PASSED] - click(findTestObject("Object Repository/Page_Daily_Buyer_CAC_Report/Page_/div_Daily Buyer CAC Report")): Object: 'Object Repository/Page_Daily_Buyer_CAC_Report/Page_/div_Daily Buyer CAC Report' is clicked on

2023-12-19 14:02:50 - [MESSAGE][PASSED] - Object: 'Object Repository/Page_Daily_Buyer_CAC_Report/Page_/div_Daily Buyer CAC Report' is clicked on

2023-12-19 14:02:50 - [TEST_STEP][PASSED] - verifyElementClickable(findTestObject("Object Repository/Page_Daily_Buyer_CAC_Report/Page_/svg_Enter a date range_mat-datepicker-toggl_ef015c")): Object 'Object Repository/Page_Daily_Buyer_CAC_Report/Page_/svg_Enter a date range_mat-datepicker-toggl_ef015c' is clickable

2023-12-19 14:02:52 - [MESSAGE][PASSED] - Object 'Object Repository/Page_Daily_Buyer_CAC_Report/Page_/svg_Enter a date range_mat-datepicker-toggl_ef015c' is clickable

2023-12-19 14:02:52 - [TEST_STEP][PASSED] - verifyElementClickable(findTestObject("Object Repository/Page_Daily_Buyer_CAC_Report/Page_/mat-icon_clear")): Object 'Object Repository/Page_Daily_Buyer_CAC_Report/Page_/mat-icon_clear' is clickable

2023-12-19 14:02:53 - [MESSAGE][PASSED] - Object 'Object Repository/Page_Daily_Buyer_CAC_Report/Page_/mat-icon_clear' is clickable

2023-12-19 14:02:53 - [TEST_STEP][PASSED] - click(findTestObject("Object Repository/Page_Daily_Buyer_CAC_Report/Page_/svg_Enter a date range_mat-datepicker-toggl_ef015c")): Object: 'Object Repository/Page_Daily_Buyer_CAC_Report/Page_/svg_Enter a date range_mat-datepicker-toggl_ef015c' is clicked on

2023-12-19 14:02:53 - [MESSAGE][PASSED] - Object: 'Object Repository/Page_Daily_Buyer_CAC_Report/Page_/svg_Enter a date range_mat-datepicker-toggl_ef015c' is clicked on

2023-12-19 14:02:53 - [TEST_STEP][PASSED] - verifyElementClickable(findTestObject("Object Repository/Page_Daily_Buyer_CAC_Report/Page_/button_DEC 2023_mat-focus-indicator mat-cal_bd9491")): Object 'Object Repository/Page_Daily_Buyer_CAC_Report/Page_/button_DEC 2023_mat-focus-indicator mat-cal_bd9491' is clickable

2023-12-19 14:02:54 - [MESSAGE][PASSED] - Object 'Object Repository/Page_Daily_Buyer_CAC_Report/Page_/button_DEC 2023_mat-focus-indicator mat-cal_bd9491' is clickable

2023-12-19 14:02:54 - [TEST_STEP][PASSED] - verifyElementClickable(findTestObject("Object Repository/Page_Daily_Buyer_CAC_Report/Page_/button_DEC 2023_mat-focus-indicator mat-cal_bd9491")): Object 'Object Repository/Page_Daily_Buyer_CAC_Report/Page_/button_DEC 2023_mat-focus-indicator mat-cal_bd9491' is clickable

2023-12-19 14:02:54 - [MESSAGE][PASSED] - Object 'Object Repository/Page_Daily_Buyer_CAC_Report/Page_/button_DEC 2023_mat-focus-indicator mat-cal_bd9491' is clickable

2023-12-19 14:02:54 - [TEST_STEP][PASSED] - click(findTestObject("Object Repository/Page_Daily_Buyer_CAC_Report/Page_/button_DEC 2023_mat-focus-indicator mat-cal_bd9491")): Object: 'Object Repository/Page_Daily_Buyer_CAC_Report/Page_/button_DEC 2023_mat-focus-indicator mat-cal_bd9491' is clicked on

2023-12-19 14:02:55 - [MESSAGE][PASSED] - Object: 'Object Repository/Page_Daily_Buyer_CAC_Report/Page_/button_DEC 2023_mat-focus-indicator mat-cal_bd9491' is clicked on

2023-12-19 14:02:55 - [TEST_STEP][PASSED] - click(findTestObject("Object Repository/Page_Daily_Buyer_CAC_Report/Page_/button_DEC 2023_mat-focus-indicator mat-cal_bd9491")): Object: 'Object Repository/Page_Daily_Buyer_CAC_Report/Page_/button_DEC 2023_mat-focus-indicator mat-cal_bd9491' is clicked on

2023-12-19 14:02:56 - [MESSAGE][PASSED] - Object: 'Object Repository/Page_Daily_Buyer_CAC_Report/Page_/button_DEC 2023_mat-focus-indicator mat-cal_bd9491' is clicked on

2023-12-19 14:02:56 - [TEST_STEP][PASSED] - click(findTestObject("Object Repository/Page_Daily_Buyer_CAC_Report/Page_/button_DEC 2023_mat-focus-indicator mat-cal_bd9491")): Object: 'Object Repository/Page_Daily_Buyer_CAC_Report/Page_/button_DEC 2023_mat-focus-indicator mat-cal_bd9491' is clicked on

2023-12-19 14:02:57 - [MESSAGE][PASSED] - Object: 'Object Repository/Page_Daily_Buyer_CAC_Report/Page_/button_DEC 2023_mat-focus-indicator mat-cal_bd9491' is clicked on

2023-12-19 14:02:57 - [TEST_STEP][PASSED] - click(findTestObject("Object Repository/Page_Daily_Buyer_CAC_Report/Page_/div_1")): Object: 'Object Repository/Page_Daily_Buyer_CAC_Report/Page_/div_1' is clicked on

2023-12-19 14:02:58 - [MESSAGE][PASSED] - Object: 'Object Repository/Page_Daily_Buyer_CAC_Report/Page_/div_1' is clicked on

2023-12-19 14:02:58 - [TEST_STEP][PASSED] - click(findTestObject("Object Repository/Page_Daily_Buyer_CAC_Report/Page_/div_30")): Object: 'Object Repository/Page_Daily_Buyer_CAC_Report/Page_/div_30' is clicked on

2023-12-19 14:02:58 - [MESSAGE][PASSED] - Object: 'Object Repository/Page_Daily_Buyer_CAC_Report/Page_/div_30' is clicked on

2023-12-19 14:02:58 - [TEST_STEP][PASSED] - verifyElementText(findTestObject("Object Repository/Page_Daily_Buyer_CAC_Report/Page_/h2_Buyer CAC"), "Buyer CAC"): Actual text and expected text of test object 'Object Repository/Page_Daily_Buyer_CAC_Report/Page_/h2_Buyer CAC' are matched.

2023-12-19 14:03:01 - [MESSAGE][PASSED] - Actual text and expected text of test object 'Object Repository/Page_Daily_Buyer_CAC_Report/Page_/h2_Buyer CAC' are matched.

2023-12-19 14:03:01 - [TEST_STEP][PASSED] - verifyElementText(findTestObject("Object Repository/Page_Daily_Buyer_CAC_Report/Page_/div_Date"), "Date"): Actual text and expected text of test object 'Object Repository/Page_Daily_Buyer_CAC_Report/Page_/div_Date' are matched.

2023-12-19 14:03:01 - [MESSAGE][PASSED] - Actual text and expected text of test object 'Object Repository/Page_Daily_Buyer_CAC_Report/Page_/div_Date' are matched.

2023-12-19 14:03:01 - [TEST_STEP][PASSED] - verifyElementClickable(findTestObject("Object Repository/Page_Daily_Buyer_CAC_Report/Page_/div_Date_mat-sort-header-arrow ng-trigger n_aadfd3")): Object 'Object Repository/Page_Daily_Buyer_CAC_Report/Page_/div_Date_mat-sort-header-arrow ng-trigger n_aadfd3' is clickable

2023-12-19 14:03:01 - [MESSAGE][PASSED] - Object 'Object Repository/Page_Daily_Buyer_CAC_Report/Page_/div_Date_mat-sort-header-arrow ng-trigger n_aadfd3' is clickable

2023-12-19 14:03:01 - [TEST_STEP][PASSED] - click(findTestObject("Object Repository/Page_Daily_Buyer_CAC_Report/Page_/div_Date_mat-sort-header-arrow ng-trigger n_1345cc")): Object: 'Object Repository/Page_Daily_Buyer_CAC_Report/Page_/div_Date_mat-sort-header-arrow ng-trigger n_1345cc' is clicked on

2023-12-19 14:03:02 - [MESSAGE][PASSED] - Object: 'Object Repository/Page_Daily_Buyer_CAC_Report/Page_/div_Date_mat-sort-header-arrow ng-trigger n_1345cc' is clicked on

2023-12-19 14:03:02 - [TEST_STEP][PASSED] - verifyElementText(findTestObject("Object Repository/Page_Daily_Buyer_CAC_Report/Page_/div_Campaign Spend"), "Campaign Spend"): Actual text and expected text of test object 'Object Repository/Page_Daily_Buyer_CAC_Report/Page_/div_Campaign Spend' are matched.

2023-12-19 14:03:02 - [MESSAGE][PASSED] - Actual text and expected text of test object 'Object Repository/Page_Daily_Buyer_CAC_Report/Page_/div_Campaign Spend' are matched.

2023-12-19 14:03:02 - [TEST_STEP][PASSED] - verifyElementClickable(findTestObject("Object Repository/Page_Daily_Buyer_CAC_Report/Page_/div_Campaign Spend_mat-sort-header-arrow ng_607840")): Object 'Object Repository/Page_Daily_Buyer_CAC_Report/Page_/div_Campaign Spend_mat-sort-header-arrow ng_607840' is clickable

2023-12-19 14:03:03 - [MESSAGE][PASSED] - Object 'Object Repository/Page_Daily_Buyer_CAC_Report/Page_/div_Campaign Spend_mat-sort-header-arrow ng_607840' is clickable

2023-12-19 14:03:03 - [TEST_STEP][PASSED] - click(findTestObject("Object Repository/Page_Daily_Buyer_CAC_Report/Page_/div_Campaign Spend_mat-sort-header-arrow ng_492f16")): Object: 'Object Repository/Page_Daily_Buyer_CAC_Report/Page_/div_Campaign Spend_mat-sort-header-arrow ng_492f16' is clicked on

2023-12-19 14:03:03 - [MESSAGE][PASSED] - Object: 'Object Repository/Page_Daily_Buyer_CAC_Report/Page_/div_Campaign Spend_mat-sort-header-arrow ng_492f16' is clicked on

2023-12-19 14:03:03 - [TEST_STEP][PASSED] - verifyElementText(findTestObject("Object Repository/Page_Daily_Buyer_CAC_Report/Page_/div_Approved Projects"), "Approved Projects"): Actual text and expected text of test object 'Object Repository/Page_Daily_Buyer_CAC_Report/Page_/div_Approved Projects' are matched.

2023-12-19 14:03:03 - [MESSAGE][PASSED] - Actual text and expected text of test object 'Object Repository/Page_Daily_Buyer_CAC_Report/Page_/div_Approved Projects' are matched.

2023-12-19 14:03:03 - [TEST_STEP][PASSED] - verifyElementClickable(findTestObject("Object Repository/Page_Daily_Buyer_CAC_Report/Page_/div_Approved Projects_mat-sort-header-point_61a2d1_1")): Object 'Object Repository/Page_Daily_Buyer_CAC_Report/Page_/div_Approved Projects_mat-sort-header-point_61a2d1_1' is clickable

2023-12-19 14:03:04 - [MESSAGE][PASSED] - Object 'Object Repository/Page_Daily_Buyer_CAC_Report/Page_/div_Approved Projects_mat-sort-header-point_61a2d1_1' is clickable

2023-12-19 14:03:04 - [TEST_STEP][PASSED] - click(findTestObject("Object Repository/Page_Daily_Buyer_CAC_Report/Page_/div_Approved Projects_mat-sort-header-stem _f9f6c0")): Object: 'Object Repository/Page_Daily_Buyer_CAC_Report/Page_/div_Approved Projects_mat-sort-header-stem _f9f6c0' is clicked on

2023-12-19 14:03:04 - [MESSAGE][PASSED] - Object: 'Object Repository/Page_Daily_Buyer_CAC_Report/Page_/div_Approved Projects_mat-sort-header-stem _f9f6c0' is clicked on

2023-12-19 14:03:04 - [TEST_STEP][PASSED] - verifyElementText(findTestObject("Object Repository/Page_Daily_Buyer_CAC_Report/Page_/div_Buyer CAC"), "Buyer CAC"): Actual text and expected text of test object 'Object Repository/Page_Daily_Buyer_CAC_Report/Page_/div_Buyer CAC' are matched.

2023-12-19 14:03:04 - [MESSAGE][PASSED] - Actual text and expected text of test object 'Object Repository/Page_Daily_Buyer_CAC_Report/Page_/div_Buyer CAC' are matched.

2023-12-19 14:03:04 - [TEST_STEP][PASSED] - verifyElementClickable(findTestObject("Object Repository/Page_Daily_Buyer_CAC_Report/Page_/div_Buyer CAC_mat-sort-header-arrow ng-trig_8a0ef6")): Object 'Object Repository/Page_Daily_Buyer_CAC_Report/Page_/div_Buyer CAC_mat-sort-header-arrow ng-trig_8a0ef6' is clickable

2023-12-19 14:03:05 - [MESSAGE][PASSED] - Object 'Object Repository/Page_Daily_Buyer_CAC_Report/Page_/div_Buyer CAC_mat-sort-header-arrow ng-trig_8a0ef6' is clickable

2023-12-19 14:03:05 - [TEST_STEP][PASSED] - click(findTestObject("Object Repository/Page_Daily_Buyer_CAC_Report/Page_/div_Buyer CAC_mat-sort-header-arrow ng-trig_8f550c")): Object: 'Object Repository/Page_Daily_Buyer_CAC_Report/Page_/div_Buyer CAC_mat-sort-header-arrow ng-trig_8f550c' is clicked on

2023-12-19 14:03:05 - [MESSAGE][PASSED] - Object: 'Object Repository/Page_Daily_Buyer_CAC_Report/Page_/div_Buyer CAC_mat-sort-header-arrow ng-trig_8f550c' is clicked on

2023-12-19 14:03:05 - [TEST_STEP][PASSED] - verifyElementText(findTestObject("Object Repository/Page_Daily_Buyer_CAC_Report/Page_/div_Items per page"), "Items per page:"): Actual text and expected text of test object 'Object Repository/Page_Daily_Buyer_CAC_Report/Page_/div_Items per page' are matched.

2023-12-19 14:03:06 - [MESSAGE][PASSED] - Actual text and expected text of test object 'Object Repository/Page_Daily_Buyer_CAC_Report/Page_/div_Items per page' are matched.

2023-12-19 14:03:06 - [TEST_STEP][PASSED] - verifyElementClickable(findTestObject("Object Repository/Page_Daily_Buyer_CAC_Report/Page_/div_Items per page_mat-select-arrow-wrapper_5ef953")): Object 'Object Repository/Page_Daily_Buyer_CAC_Report/Page_/div_Items per page_mat-select-arrow-wrapper_5ef953' is clickable

2023-12-19 14:03:06 - [MESSAGE][PASSED] - Object 'Object Repository/Page_Daily_Buyer_CAC_Report/Page_/div_Items per page_mat-select-arrow-wrapper_5ef953' is clickable

2023-12-19 14:03:06 - [TEST_STEP][PASSED] - click(findTestObject("Object Repository/Page_Daily_Buyer_CAC_Report/Page_/div_Items per page_mat-select-arrow ng-tns-c110-21")): Object: 'Object Repository/Page_Daily_Buyer_CAC_Report/Page_/div_Items per page_mat-select-arrow ng-tns-c110-21' is clicked on

2023-12-19 14:03:06 - [MESSAGE][PASSED] - Object: 'Object Repository/Page_Daily_Buyer_CAC_Report/Page_/div_Items per page_mat-select-arrow ng-tns-c110-21' is clicked on

2023-12-19 14:03:06 - [TEST_STEP][PASSED] - click(findTestObject("Object Repository/Page_Daily_Buyer_CAC_Report/Page_/span_10")): Object: 'Object Repository/Page_Daily_Buyer_CAC_Report/Page_/span_10' is clicked on

2023-12-19 14:03:07 - [MESSAGE][PASSED] - Object: 'Object Repository/Page_Daily_Buyer_CAC_Report/Page_/span_10' is clicked on

2023-12-19 14:03:07 - [TEST_STEP][PASSED] - verifyElementClickable(findTestObject("Object Repository/Page_Daily_Buyer_CAC_Report/Page_/svg_Items per page_mat-paginator-icon")): Object 'Object Repository/Page_Daily_Buyer_CAC_Report/Page_/svg_Items per page_mat-paginator-icon' is clickable

2023-12-19 14:03:08 - [MESSAGE][PASSED] - Object 'Object Repository/Page_Daily_Buyer_CAC_Report/Page_/svg_Items per page_mat-paginator-icon' is clickable

2023-12-19 14:03:08 - [TEST_STEP][PASSED] - click(findTestObject("Object Repository/Page_Daily_Buyer_CAC_Report/Page_/svg_Items per page_mat-paginator-icon")): Object: 'Object Repository/Page_Daily_Buyer_CAC_Report/Page_/svg_Items per page_mat-paginator-icon' is clicked on

2023-12-19 14:03:08 - [MESSAGE][PASSED] - Object: 'Object Repository/Page_Daily_Buyer_CAC_Report/Page_/svg_Items per page_mat-paginator-icon' is clicked on

2023-12-19 14:03:08 - [TEST_STEP][PASSED] - verifyElementClickable(findTestObject("Object Repository/Page_Daily_Buyer_CAC_Report/Page_/svg_Items per page_mat-paginator-icon_1")): Object 'Object Repository/Page_Daily_Buyer_CAC_Report/Page_/svg_Items per page_mat-paginator-icon_1' is clickable

2023-12-19 14:03:09 - [MESSAGE][PASSED] - Object 'Object Repository/Page_Daily_Buyer_CAC_Report/Page_/svg_Items per page_mat-paginator-icon_1' is clickable

2023-12-19 14:03:09 - [TEST_STEP][PASSED] - click(findTestObject("Object Repository/Page_Daily_Buyer_CAC_Report/Page_/div_Items per page_mat-select-arrow ng-tns-c110-21")): Object: 'Object Repository/Page_Daily_Buyer_CAC_Report/Page_/div_Items per page_mat-select-arrow ng-tns-c110-21' is clicked on

2023-12-19 14:03:09 - [MESSAGE][PASSED] - Object: 'Object Repository/Page_Daily_Buyer_CAC_Report/Page_/div_Items per page_mat-select-arrow ng-tns-c110-21' is clicked on

2023-12-19 14:03:09 - [TEST_STEP][PASSED] - click(findTestObject("Object Repository/Page_Daily_Buyer_CAC_Report/Page_/span_20")): Object: 'Object Repository/Page_Daily_Buyer_CAC_Report/Page_/span_20' is clicked on

2023-12-19 14:03:09 - [MESSAGE][PASSED] - Object: 'Object Repository/Page_Daily_Buyer_CAC_Report/Page_/span_20' is clicked on

2023-12-19 14:03:09 - [TEST_STEP][PASSED] - click(findTestObject("Object Repository/Page_Daily_Buyer_CAC_Report/Page_/div_Items per page_mat-select-arrow ng-tns-c110-21")): Object: 'Object Repository/Page_Daily_Buyer_CAC_Report/Page_/div_Items per page_mat-select-arrow ng-tns-c110-21' is clicked on

2023-12-19 14:03:10 - [MESSAGE][PASSED] - Object: 'Object Repository/Page_Daily_Buyer_CAC_Report/Page_/div_Items per page_mat-select-arrow ng-tns-c110-21' is clicked on

2023-12-19 14:03:10 - [TEST_STEP][PASSED] - click(findTestObject("Object Repository/Page_Daily_Buyer_CAC_Report/Page_/span_30")): Object: 'Object Repository/Page_Daily_Buyer_CAC_Report/Page_/span_30' is clicked on

2023-12-19 14:03:11 - [MESSAGE][PASSED] - Object: 'Object Repository/Page_Daily_Buyer_CAC_Report/Page_/span_30' is clicked on

2023-12-19 14:03:11 - [TEST_STEP][PASSED] - verifyElementText(findTestObject("Object Repository/Page_Daily_Buyer_CAC_Report/Page_/h2_Project By Channel Source"), "Project By Channel Source"): Actual text and expected text of test object 'Object Repository/Page_Daily_Buyer_CAC_Report/Page_/h2_Project By Channel Source' are matched.

2023-12-19 14:03:11 - [MESSAGE][PASSED] - Actual text and expected text of test object 'Object Repository/Page_Daily_Buyer_CAC_Report/Page_/h2_Project By Channel Source' are matched.

2023-12-19 14:03:11 - [TEST_STEP][PASSED] - verifyElementText(findTestObject("Object Repository/Page_Daily_Buyer_CAC_Report/Page_/div_Date"), "Date"): Actual text and expected text of test object 'Object Repository/Page_Daily_Buyer_CAC_Report/Page_/div_Date' are matched.

2023-12-19 14:03:12 - [MESSAGE][PASSED] - Actual text and expected text of test object 'Object Repository/Page_Daily_Buyer_CAC_Report/Page_/div_Date' are matched.

2023-12-19 14:03:12 - [TEST_STEP][PASSED] - verifyElementClickable(findTestObject("Object Repository/Page_Daily_Buyer_CAC_Report/Page_/div_Date_mat-sort-header-arrow ng-trigger n_0ecd9d")): Object 'Object Repository/Page_Daily_Buyer_CAC_Report/Page_/div_Date_mat-sort-header-arrow ng-trigger n_0ecd9d' is clickable

2023-12-19 14:03:12 - [MESSAGE][PASSED] - Object 'Object Repository/Page_Daily_Buyer_CAC_Report/Page_/div_Date_mat-sort-header-arrow ng-trigger n_0ecd9d' is clickable

2023-12-19 14:03:12 - [TEST_STEP][PASSED] - click(findTestObject("Object Repository/Page_Daily_Buyer_CAC_Report/Page_/div_Date_mat-sort-header-arrow ng-trigger n_0ecd9d")): Object: 'Object Repository/Page_Daily_Buyer_CAC_Report/Page_/div_Date_mat-sort-header-arrow ng-trigger n_0ecd9d' is clicked on

2023-12-19 14:03:13 - [MESSAGE][PASSED] - Object: 'Object Repository/Page_Daily_Buyer_CAC_Report/Page_/div_Date_mat-sort-header-arrow ng-trigger n_0ecd9d' is clicked on

2023-12-19 14:03:13 - [TEST_STEP][PASSED] - verifyElementText(findTestObject("Object Repository/Page_Daily_Buyer_CAC_Report/Page_/div_Day"), "Day"): Actual text and expected text of test object 'Object Repository/Page_Daily_Buyer_CAC_Report/Page_/div_Day' are matched.

2023-12-19 14:03:13 - [MESSAGE][PASSED] - Actual text and expected text of test object 'Object Repository/Page_Daily_Buyer_CAC_Report/Page_/div_Day' are matched.

2023-12-19 14:03:13 - [TEST_STEP][PASSED] - verifyElementClickable(findTestObject("Object Repository/Page_Daily_Buyer_CAC_Report/Page_/div_Day_mat-sort-header-arrow ng-trigger ng_6a69be")): Object 'Object Repository/Page_Daily_Buyer_CAC_Report/Page_/div_Day_mat-sort-header-arrow ng-trigger ng_6a69be' is clickable

2023-12-19 14:03:13 - [MESSAGE][PASSED] - Object 'Object Repository/Page_Daily_Buyer_CAC_Report/Page_/div_Day_mat-sort-header-arrow ng-trigger ng_6a69be' is clickable

2023-12-19 14:03:13 - [TEST_STEP][PASSED] - click(findTestObject("Object Repository/Page_Daily_Buyer_CAC_Report/Page_/div_Day_mat-sort-header-arrow ng-trigger ng_6a69be")): Object: 'Object Repository/Page_Daily_Buyer_CAC_Report/Page_/div_Day_mat-sort-header-arrow ng-trigger ng_6a69be' is clicked on

2023-12-19 14:03:14 - [MESSAGE][PASSED] - Object: 'Object Repository/Page_Daily_Buyer_CAC_Report/Page_/div_Day_mat-sort-header-arrow ng-trigger ng_6a69be' is clicked on

2023-12-19 14:03:14 - [TEST_STEP][PASSED] - verifyElementText(findTestObject("Object Repository/Page_Daily_Buyer_CAC_Report/Page_/div_GoogleCPC"), "Google/CPC"): Actual text and expected text of test object 'Object Repository/Page_Daily_Buyer_CAC_Report/Page_/div_GoogleCPC' are matched.

2023-12-19 14:03:14 - [MESSAGE][PASSED] - Actual text and expected text of test object 'Object Repository/Page_Daily_Buyer_CAC_Report/Page_/div_GoogleCPC' are matched.

2023-12-19 14:03:14 - [TEST_STEP][PASSED] - verifyElementClickable(findTestObject("Object Repository/Page_Daily_Buyer_CAC_Report/Page_/div_GoogleCPC_mat-sort-header-arrow ng-trig_257927")): Object 'Object Repository/Page_Daily_Buyer_CAC_Report/Page_/div_GoogleCPC_mat-sort-header-arrow ng-trig_257927' is clickable

2023-12-19 14:03:15 - [MESSAGE][PASSED] - Object 'Object Repository/Page_Daily_Buyer_CAC_Report/Page_/div_GoogleCPC_mat-sort-header-arrow ng-trig_257927' is clickable

2023-12-19 14:03:15 - [TEST_STEP][PASSED] - click(findTestObject("Object Repository/Page_Daily_Buyer_CAC_Report/Page_/div_GoogleCPC_mat-sort-header-arrow ng-trig_0980d9")): Object: 'Object Repository/Page_Daily_Buyer_CAC_Report/Page_/div_GoogleCPC_mat-sort-header-arrow ng-trig_0980d9' is clicked on

2023-12-19 14:03:15 - [MESSAGE][PASSED] - Object: 'Object Repository/Page_Daily_Buyer_CAC_Report/Page_/div_GoogleCPC_mat-sort-header-arrow ng-trig_0980d9' is clicked on

2023-12-19 14:03:15 - [TEST_STEP][PASSED] - verifyElementText(findTestObject("Object Repository/Page_Daily_Buyer_CAC_Report/Page_/div_Others"), "Others"): Actual text and expected text of test object 'Object Repository/Page_Daily_Buyer_CAC_Report/Page_/div_Others' are matched.

2023-12-19 14:03:15 - [MESSAGE][PASSED] - Actual text and expected text of test object 'Object Repository/Page_Daily_Buyer_CAC_Report/Page_/div_Others' are matched.

2023-12-19 14:03:15 - [TEST_STEP][PASSED] - verifyElementClickable(findTestObject("Object Repository/Page_Daily_Buyer_CAC_Report/Page_/div_Others_mat-sort-header-stem ng-tns-c99-31")): Object 'Object Repository/Page_Daily_Buyer_CAC_Report/Page_/div_Others_mat-sort-header-stem ng-tns-c99-31' is clickable

2023-12-19 14:03:16 - [MESSAGE][PASSED] - Object 'Object Repository/Page_Daily_Buyer_CAC_Report/Page_/div_Others_mat-sort-header-stem ng-tns-c99-31' is clickable

2023-12-19 14:03:16 - [TEST_STEP][PASSED] - click(findTestObject("Object Repository/Page_Daily_Buyer_CAC_Report/Page_/div_Others_mat-sort-header-arrow ng-trigger_a75e61")): Object: 'Object Repository/Page_Daily_Buyer_CAC_Report/Page_/div_Others_mat-sort-header-arrow ng-trigger_a75e61' is clicked on

2023-12-19 14:03:16 - [MESSAGE][PASSED] - Object: 'Object Repository/Page_Daily_Buyer_CAC_Report/Page_/div_Others_mat-sort-header-arrow ng-trigger_a75e61' is clicked on

2023-12-19 14:03:16 - [TEST_STEP][PASSED] - verifyElementText(findTestObject("Object Repository/Page_Daily_Buyer_CAC_Report/Page_/div_Grand Total"), "Grand Total"): Actual text and expected text of test object 'Object Repository/Page_Daily_Buyer_CAC_Report/Page_/div_Grand Total' are matched.

2023-12-19 14:03:17 - [MESSAGE][PASSED] - Actual text and expected text of test object 'Object Repository/Page_Daily_Buyer_CAC_Report/Page_/div_Grand Total' are matched.

2023-12-19 14:03:17 - [TEST_STEP][PASSED] - verifyElementClickable(findTestObject("Object Repository/Page_Daily_Buyer_CAC_Report/Page_/div_Grand Total_mat-sort-header-arrow ng-tr_cec26e")): Object 'Object Repository/Page_Daily_Buyer_CAC_Report/Page_/div_Grand Total_mat-sort-header-arrow ng-tr_cec26e' is clickable

2023-12-19 14:03:17 - [MESSAGE][PASSED] - Object 'Object Repository/Page_Daily_Buyer_CAC_Report/Page_/div_Grand Total_mat-sort-header-arrow ng-tr_cec26e' is clickable

2023-12-19 14:03:17 - [TEST_STEP][PASSED] - click(findTestObject("Object Repository/Page_Daily_Buyer_CAC_Report/Page_/div_Grand Total_mat-sort-header-arrow ng-tr_c9f67f")): Object: 'Object Repository/Page_Daily_Buyer_CAC_Report/Page_/div_Grand Total_mat-sort-header-arrow ng-tr_c9f67f' is clicked on

2023-12-19 14:03:17 - [MESSAGE][PASSED] - Object: 'Object Repository/Page_Daily_Buyer_CAC_Report/Page_/div_Grand Total_mat-sort-header-arrow ng-tr_c9f67f' is clicked on

2023-12-19 14:03:17 - [TEST_STEP][PASSED] - verifyElementText(findTestObject("Object Repository/Page_Daily_Buyer_CAC_Report/Page_/div_Items per page"), "Items per page:"): Actual text and expected text of test object 'Object Repository/Page_Daily_Buyer_CAC_Report/Page_/div_Items per page' are matched.

2023-12-19 14:03:18 - [MESSAGE][PASSED] - Actual text and expected text of test object 'Object Repository/Page_Daily_Buyer_CAC_Report/Page_/div_Items per page' are matched.

2023-12-19 14:03:18 - [TEST_STEP][PASSED] - verifyElementClickable(findTestObject("Object Repository/Page_Daily_Buyer_CAC_Report/Page_/div_Items per page_mat-select-arrow ng-tns-c110-19")): Object 'Object Repository/Page_Daily_Buyer_CAC_Report/Page_/div_Items per page_mat-select-arrow ng-tns-c110-19' is clickable

2023-12-19 14:03:18 - [MESSAGE][PASSED] - Object 'Object Repository/Page_Daily_Buyer_CAC_Report/Page_/div_Items per page_mat-select-arrow ng-tns-c110-19' is clickable

2023-12-19 14:03:18 - [TEST_STEP][PASSED] - click(findTestObject("Object Repository/Page_Daily_Buyer_CAC_Report/Page_/div_Items per page_mat-select-arrow-wrapper_6ffc19")): Object: 'Object Repository/Page_Daily_Buyer_CAC_Report/Page_/div_Items per page_mat-select-arrow-wrapper_6ffc19' is clicked on

2023-12-19 14:03:19 - [MESSAGE][PASSED] - Object: 'Object Repository/Page_Daily_Buyer_CAC_Report/Page_/div_Items per page_mat-select-arrow-wrapper_6ffc19' is clicked on

2023-12-19 14:03:19 - [TEST_STEP][PASSED] - click(findTestObject("Object Repository/Page_Daily_Buyer_CAC_Report/Page_/span_10")): Object: 'Object Repository/Page_Daily_Buyer_CAC_Report/Page_/span_10' is clicked on

2023-12-19 14:03:50 - [MESSAGE][INFO] - Unable to find the element located by 'By.xpath: //mat-option[@id='mat-option-13']/span'. Please recheck the objects properties to make sure the desired element is located. 

2023-12-19 14:03:50 - [MESSAGE][WARNING] - [SELF-HEALING] Failed to find element with id 'Object Repository/Page_Daily_Buyer_CAC_Report/Page_/span_10'. Try using Self-healing.

2023-12-19 14:03:50 - [MESSAGE][WARNING] - [SELF-HEALING] The current locator of test object 'Object Repository/Page_Daily_Buyer_CAC_Report/Page_/span_10' was broken. Propose an alternative one: '(.//*[normalize-space(text()) and normalize-space(.)='Sort'])[1]/following::span[2]'.

2023-12-19 14:03:50 - [MESSAGE][PASSED] - Object: 'Object Repository/Page_Daily_Buyer_CAC_Report/Page_/span_10' is clicked on

2023-12-19 14:03:50 - [TEST_STEP][PASSED] - click(findTestObject("Object Repository/Page_Daily_Buyer_CAC_Report/Page_/div_Items per page_mat-select-arrow-wrapper_6ffc19")): Object: 'Object Repository/Page_Daily_Buyer_CAC_Report/Page_/div_Items per page_mat-select-arrow-wrapper_6ffc19' is clicked on

2023-12-19 14:03:51 - [MESSAGE][PASSED] - Object: 'Object Repository/Page_Daily_Buyer_CAC_Report/Page_/div_Items per page_mat-select-arrow-wrapper_6ffc19' is clicked on

2023-12-19 14:03:51 - [TEST_STEP][PASSED] - click(findTestObject("Object Repository/Page_Daily_Buyer_CAC_Report/Page_/span_20")): Object: 'Object Repository/Page_Daily_Buyer_CAC_Report/Page_/span_20' is clicked on

2023-12-19 14:04:22 - [MESSAGE][INFO] - Unable to find the element located by 'By.xpath: //mat-option[@id='mat-option-14']/span'. Please recheck the objects properties to make sure the desired element is located. 

2023-12-19 14:04:22 - [MESSAGE][WARNING] - [SELF-HEALING] Failed to find element with id 'Object Repository/Page_Daily_Buyer_CAC_Report/Page_/span_20'. Try using Self-healing.

2023-12-19 14:04:23 - [MESSAGE][WARNING] - [SELF-HEALING] The current locator of test object 'Object Repository/Page_Daily_Buyer_CAC_Report/Page_/span_20' was broken. Propose an alternative one: '(.//*[normalize-space(text()) and normalize-space(.)='Sort'])[1]/following::span[3]'.

2023-12-19 14:04:23 - [MESSAGE][PASSED] - Object: 'Object Repository/Page_Daily_Buyer_CAC_Report/Page_/span_20' is clicked on

2023-12-19 14:04:23 - [TEST_STEP][PASSED] - click(findTestObject("Object Repository/Page_Daily_Buyer_CAC_Report/Page_/div_Items per page_mat-select-arrow-wrapper_6ffc19")): Object: 'Object Repository/Page_Daily_Buyer_CAC_Report/Page_/div_Items per page_mat-select-arrow-wrapper_6ffc19' is clicked on

2023-12-19 14:04:23 - [MESSAGE][PASSED] - Object: 'Object Repository/Page_Daily_Buyer_CAC_Report/Page_/div_Items per page_mat-select-arrow-wrapper_6ffc19' is clicked on

2023-12-19 14:04:23 - [TEST_STEP][PASSED] - click(findTestObject("Object Repository/Page_Daily_Buyer_CAC_Report/Page_/span_30")): Object: 'Object Repository/Page_Daily_Buyer_CAC_Report/Page_/span_30' is clicked on

2023-12-19 14:04:55 - [MESSAGE][INFO] - Unable to find the element located by 'By.xpath: //mat-option[@id='mat-option-15']/span'. Please recheck the objects properties to make sure the desired element is located. 

2023-12-19 14:04:55 - [MESSAGE][WARNING] - [SELF-HEALING] Failed to find element with id 'Object Repository/Page_Daily_Buyer_CAC_Report/Page_/span_30'. Try using Self-healing.

2023-12-19 14:04:55 - [MESSAGE][WARNING] - [SELF-HEALING] The current locator of test object 'Object Repository/Page_Daily_Buyer_CAC_Report/Page_/span_30' was broken. Propose an alternative one: '(.//*[normalize-space(text()) and normalize-space(.)='Sort'])[1]/following::span[4]'.

2023-12-19 14:04:55 - [MESSAGE][PASSED] - Object: 'Object Repository/Page_Daily_Buyer_CAC_Report/Page_/span_30' is clicked on

2023-12-19 14:04:55 - [TEST_STEP][PASSED] - verifyElementClickable(findTestObject("Object Repository/Page_Daily_Buyer_CAC_Report/Page_/svg_Items per page_mat-paginator-icon_1_2")): Object 'Object Repository/Page_Daily_Buyer_CAC_Report/Page_/svg_Items per page_mat-paginator-icon_1_2' is clickable

2023-12-19 14:04:56 - [MESSAGE][PASSED] - Object 'Object Repository/Page_Daily_Buyer_CAC_Report/Page_/svg_Items per page_mat-paginator-icon_1_2' is clickable

2023-12-19 14:04:56 - [TEST_STEP][PASSED] - verifyElementText(findTestObject("Object Repository/Page_Daily_Buyer_CAC_Report/Page_/h2_Project By Campaign Source"), "Project By Campaign Source"): Actual text and expected text of test object 'Object Repository/Page_Daily_Buyer_CAC_Report/Page_/h2_Project By Campaign Source' are matched.

2023-12-19 14:04:56 - [MESSAGE][PASSED] - Actual text and expected text of test object 'Object Repository/Page_Daily_Buyer_CAC_Report/Page_/h2_Project By Campaign Source' are matched.

2023-12-19 14:04:56 - [TEST_STEP][PASSED] - verifyElementText(findTestObject("Object Repository/Page_Daily_Buyer_CAC_Report/Page_/div_Date"), "Date"): Actual text and expected text of test object 'Object Repository/Page_Daily_Buyer_CAC_Report/Page_/div_Date' are matched.

2023-12-19 14:04:56 - [MESSAGE][PASSED] - Actual text and expected text of test object 'Object Repository/Page_Daily_Buyer_CAC_Report/Page_/div_Date' are matched.

2023-12-19 14:04:56 - [TEST_STEP][PASSED] - verifyElementClickable(findTestObject("Object Repository/Page_Daily_Buyer_CAC_Report/Page_/div_Date_mat-sort-header-pointer-left ng-tn_4ba7f5")): Object 'Object Repository/Page_Daily_Buyer_CAC_Report/Page_/div_Date_mat-sort-header-pointer-left ng-tn_4ba7f5' is clickable

2023-12-19 14:04:57 - [MESSAGE][PASSED] - Object 'Object Repository/Page_Daily_Buyer_CAC_Report/Page_/div_Date_mat-sort-header-pointer-left ng-tn_4ba7f5' is clickable

2023-12-19 14:04:57 - [TEST_STEP][PASSED] - click(findTestObject("Object Repository/Page_Daily_Buyer_CAC_Report/Page_/div_Date_mat-sort-header-stem ng-tns-c99-22")): Object: 'Object Repository/Page_Daily_Buyer_CAC_Report/Page_/div_Date_mat-sort-header-stem ng-tns-c99-22' is clicked on

2023-12-19 14:04:57 - [MESSAGE][PASSED] - Object: 'Object Repository/Page_Daily_Buyer_CAC_Report/Page_/div_Date_mat-sort-header-stem ng-tns-c99-22' is clicked on

2023-12-19 14:04:57 - [TEST_STEP][PASSED] - verifyElementText(findTestObject("Object Repository/Page_Daily_Buyer_CAC_Report/Page_/div_Day"), "Day"): Actual text and expected text of test object 'Object Repository/Page_Daily_Buyer_CAC_Report/Page_/div_Day' are matched.

2023-12-19 14:04:58 - [MESSAGE][PASSED] - Actual text and expected text of test object 'Object Repository/Page_Daily_Buyer_CAC_Report/Page_/div_Day' are matched.

2023-12-19 14:04:58 - [TEST_STEP][PASSED] - verifyElementClickable(findTestObject("Object Repository/Page_Daily_Buyer_CAC_Report/Page_/div_Day_mat-sort-header-stem ng-tns-c99-23_1")): Object 'Object Repository/Page_Daily_Buyer_CAC_Report/Page_/div_Day_mat-sort-header-stem ng-tns-c99-23_1' is clickable

2023-12-19 14:04:58 - [MESSAGE][PASSED] - Object 'Object Repository/Page_Daily_Buyer_CAC_Report/Page_/div_Day_mat-sort-header-stem ng-tns-c99-23_1' is clickable

2023-12-19 14:04:58 - [TEST_STEP][PASSED] - click(findTestObject("Object Repository/Page_Daily_Buyer_CAC_Report/Page_/div_Day_mat-sort-header-stem ng-tns-c99-23")): Object: 'Object Repository/Page_Daily_Buyer_CAC_Report/Page_/div_Day_mat-sort-header-stem ng-tns-c99-23' is clicked on

2023-12-19 14:04:58 - [MESSAGE][PASSED] - Object: 'Object Repository/Page_Daily_Buyer_CAC_Report/Page_/div_Day_mat-sort-header-stem ng-tns-c99-23' is clicked on

2023-12-19 14:04:58 - [TEST_STEP][PASSED] - verifyElementText(findTestObject("Object Repository/Page_Daily_Buyer_CAC_Report/Page_/div_Email"), "Email"): Actual text and expected text of test object 'Object Repository/Page_Daily_Buyer_CAC_Report/Page_/div_Email' are matched.

2023-12-19 14:04:59 - [MESSAGE][PASSED] - Actual text and expected text of test object 'Object Repository/Page_Daily_Buyer_CAC_Report/Page_/div_Email' are matched.

2023-12-19 14:04:59 - [TEST_STEP][PASSED] - verifyElementClickable(findTestObject("Object Repository/Page_Daily_Buyer_CAC_Report/Page_/div_Email_mat-sort-header-stem ng-tns-c99-24")): Object 'Object Repository/Page_Daily_Buyer_CAC_Report/Page_/div_Email_mat-sort-header-stem ng-tns-c99-24' is clickable

2023-12-19 14:04:59 - [MESSAGE][PASSED] - Object 'Object Repository/Page_Daily_Buyer_CAC_Report/Page_/div_Email_mat-sort-header-stem ng-tns-c99-24' is clickable

2023-12-19 14:04:59 - [TEST_STEP][PASSED] - verifyElementText(findTestObject("Object Repository/Page_Daily_Buyer_CAC_Report/Page_/div_Search 50 OFF"), "Search 50% OFF"): Actual text and expected text of test object 'Object Repository/Page_Daily_Buyer_CAC_Report/Page_/div_Search 50 OFF' are matched.

2023-12-19 14:05:00 - [MESSAGE][PASSED] - Actual text and expected text of test object 'Object Repository/Page_Daily_Buyer_CAC_Report/Page_/div_Search 50 OFF' are matched.

2023-12-19 14:05:00 - [TEST_STEP][PASSED] - verifyElementClickable(findTestObject("Object Repository/Page_Daily_Buyer_CAC_Report/Page_/div_Search 50 OFF_mat-sort-header-stem ng-t_55310d_1")): Object 'Object Repository/Page_Daily_Buyer_CAC_Report/Page_/div_Search 50 OFF_mat-sort-header-stem ng-t_55310d_1' is clickable

2023-12-19 14:05:00 - [MESSAGE][PASSED] - Object 'Object Repository/Page_Daily_Buyer_CAC_Report/Page_/div_Search 50 OFF_mat-sort-header-stem ng-t_55310d_1' is clickable

2023-12-19 14:05:00 - [TEST_STEP][PASSED] - click(findTestObject("Object Repository/Page_Daily_Buyer_CAC_Report/Page_/div_Search 50 OFF_mat-sort-header-arrow ng-_cf7398")): Object: 'Object Repository/Page_Daily_Buyer_CAC_Report/Page_/div_Search 50 OFF_mat-sort-header-arrow ng-_cf7398' is clicked on

2023-12-19 14:05:00 - [MESSAGE][PASSED] - Object: 'Object Repository/Page_Daily_Buyer_CAC_Report/Page_/div_Search 50 OFF_mat-sort-header-arrow ng-_cf7398' is clicked on

2023-12-19 14:05:00 - [TEST_STEP][PASSED] - verifyElementText(findTestObject("Object Repository/Page_Daily_Buyer_CAC_Report/Page_/div_WIZ_Moonlyte_Buyer_Freelancer_Google_Se_df922d"), "WIZ_Moonlyte_Buyer_Freelancer_Google_Search_Ads_Jan_2023"): Actual text and expected text of test object 'Object Repository/Page_Daily_Buyer_CAC_Report/Page_/div_WIZ_Moonlyte_Buyer_Freelancer_Google_Se_df922d' are matched.

2023-12-19 14:05:01 - [MESSAGE][PASSED] - Actual text and expected text of test object 'Object Repository/Page_Daily_Buyer_CAC_Report/Page_/div_WIZ_Moonlyte_Buyer_Freelancer_Google_Se_df922d' are matched.

2023-12-19 14:05:01 - [TEST_STEP][PASSED] - verifyElementClickable(findTestObject("Object Repository/Page_Daily_Buyer_CAC_Report/Page_/div_WIZ_Moonlyte_Buyer_Freelancer_Google_Se_81df23")): Object 'Object Repository/Page_Daily_Buyer_CAC_Report/Page_/div_WIZ_Moonlyte_Buyer_Freelancer_Google_Se_81df23' is clickable

2023-12-19 14:05:01 - [MESSAGE][PASSED] - Object 'Object Repository/Page_Daily_Buyer_CAC_Report/Page_/div_WIZ_Moonlyte_Buyer_Freelancer_Google_Se_81df23' is clickable

2023-12-19 14:05:01 - [TEST_STEP][PASSED] - click(findTestObject("Object Repository/Page_Daily_Buyer_CAC_Report/Page_/div_WIZ_Moonlyte_Buyer_Freelancer_Google_Se_6d66ee")): Object: 'Object Repository/Page_Daily_Buyer_CAC_Report/Page_/div_WIZ_Moonlyte_Buyer_Freelancer_Google_Se_6d66ee' is clicked on

2023-12-19 14:05:02 - [MESSAGE][PASSED] - Object: 'Object Repository/Page_Daily_Buyer_CAC_Report/Page_/div_WIZ_Moonlyte_Buyer_Freelancer_Google_Se_6d66ee' is clicked on

2023-12-19 14:05:02 - [TEST_STEP][PASSED] - verifyElementText(findTestObject("Object Repository/Page_Daily_Buyer_CAC_Report/Page_/div_Grand Total"), "Grand Total"): Actual text and expected text of test object 'Object Repository/Page_Daily_Buyer_CAC_Report/Page_/div_Grand Total' are matched.

2023-12-19 14:05:02 - [MESSAGE][PASSED] - Actual text and expected text of test object 'Object Repository/Page_Daily_Buyer_CAC_Report/Page_/div_Grand Total' are matched.

2023-12-19 14:05:02 - [TEST_STEP][PASSED] - verifyElementClickable(findTestObject("Object Repository/Page_Daily_Buyer_CAC_Report/Page_/div_Grand Total_mat-sort-header-stem ng-tns-c99-27")): Object 'Object Repository/Page_Daily_Buyer_CAC_Report/Page_/div_Grand Total_mat-sort-header-stem ng-tns-c99-27' is clickable

2023-12-19 14:05:02 - [MESSAGE][PASSED] - Object 'Object Repository/Page_Daily_Buyer_CAC_Report/Page_/div_Grand Total_mat-sort-header-stem ng-tns-c99-27' is clickable

2023-12-19 14:05:02 - [TEST_STEP][PASSED] - click(findTestObject("Object Repository/Page_Daily_Buyer_CAC_Report/Page_/div_Grand Total_mat-sort-header-stem ng-tns-c99-27")): Object: 'Object Repository/Page_Daily_Buyer_CAC_Report/Page_/div_Grand Total_mat-sort-header-stem ng-tns-c99-27' is clicked on

2023-12-19 14:05:03 - [MESSAGE][PASSED] - Object: 'Object Repository/Page_Daily_Buyer_CAC_Report/Page_/div_Grand Total_mat-sort-header-stem ng-tns-c99-27' is clicked on

2023-12-19 14:05:03 - [TEST_STEP][PASSED] - verifyElementText(findTestObject("Object Repository/Page_Daily_Buyer_CAC_Report/Page_/div_Items per page"), "Items per page:"): Actual text and expected text of test object 'Object Repository/Page_Daily_Buyer_CAC_Report/Page_/div_Items per page' are matched.

2023-12-19 14:05:03 - [MESSAGE][PASSED] - Actual text and expected text of test object 'Object Repository/Page_Daily_Buyer_CAC_Report/Page_/div_Items per page' are matched.

2023-12-19 14:05:03 - [TEST_STEP][PASSED] - verifyElementClickable(findTestObject("Object Repository/Page_Daily_Buyer_CAC_Report/Page_/div_Items per page_mat-select-arrow-wrapper_615eef")): Object 'Object Repository/Page_Daily_Buyer_CAC_Report/Page_/div_Items per page_mat-select-arrow-wrapper_615eef' is clickable

2023-12-19 14:05:04 - [MESSAGE][PASSED] - Object 'Object Repository/Page_Daily_Buyer_CAC_Report/Page_/div_Items per page_mat-select-arrow-wrapper_615eef' is clickable

2023-12-19 14:05:04 - [TEST_STEP][PASSED] - click(findTestObject("Object Repository/Page_Daily_Buyer_CAC_Report/Page_/div_Items per page_mat-select-arrow-wrapper_615eef")): Object: 'Object Repository/Page_Daily_Buyer_CAC_Report/Page_/div_Items per page_mat-select-arrow-wrapper_615eef' is clicked on

2023-12-19 14:05:04 - [MESSAGE][PASSED] - Object: 'Object Repository/Page_Daily_Buyer_CAC_Report/Page_/div_Items per page_mat-select-arrow-wrapper_615eef' is clicked on

2023-12-19 14:05:04 - [TEST_STEP][PASSED] - click(findTestObject("Object Repository/Page_Daily_Buyer_CAC_Report/Page_/span_10")): Object: 'Object Repository/Page_Daily_Buyer_CAC_Report/Page_/span_10' is clicked on

2023-12-19 14:05:35 - [MESSAGE][INFO] - Unable to find the element located by 'By.xpath: //mat-option[@id='mat-option-13']/span'. Please recheck the objects properties to make sure the desired element is located. 

2023-12-19 14:05:35 - [MESSAGE][WARNING] - [SELF-HEALING] Failed to find element with id 'Object Repository/Page_Daily_Buyer_CAC_Report/Page_/span_10'. Try using Self-healing.

2023-12-19 14:05:36 - [MESSAGE][WARNING] - [SELF-HEALING] The current locator of test object 'Object Repository/Page_Daily_Buyer_CAC_Report/Page_/span_10' was broken. Propose an alternative one: '(.//*[normalize-space(text()) and normalize-space(.)='Sort'])[1]/following::span[2]'.

2023-12-19 14:05:36 - [MESSAGE][PASSED] - Object: 'Object Repository/Page_Daily_Buyer_CAC_Report/Page_/span_10' is clicked on

2023-12-19 14:05:36 - [TEST_STEP][PASSED] - click(findTestObject("Object Repository/Page_Daily_Buyer_CAC_Report/Page_/div_Items per page_mat-select-arrow-wrapper_615eef")): Object: 'Object Repository/Page_Daily_Buyer_CAC_Report/Page_/div_Items per page_mat-select-arrow-wrapper_615eef' is clicked on

2023-12-19 14:05:36 - [MESSAGE][PASSED] - Object: 'Object Repository/Page_Daily_Buyer_CAC_Report/Page_/div_Items per page_mat-select-arrow-wrapper_615eef' is clicked on

2023-12-19 14:05:36 - [TEST_STEP][PASSED] - click(findTestObject("Object Repository/Page_Daily_Buyer_CAC_Report/Page_/span_20")): Object: 'Object Repository/Page_Daily_Buyer_CAC_Report/Page_/span_20' is clicked on

2023-12-19 14:06:08 - [MESSAGE][INFO] - Unable to find the element located by 'By.xpath: //mat-option[@id='mat-option-14']/span'. Please recheck the objects properties to make sure the desired element is located. 

2023-12-19 14:06:08 - [MESSAGE][WARNING] - [SELF-HEALING] Failed to find element with id 'Object Repository/Page_Daily_Buyer_CAC_Report/Page_/span_20'. Try using Self-healing.

2023-12-19 14:06:08 - [MESSAGE][WARNING] - [SELF-HEALING] The current locator of test object 'Object Repository/Page_Daily_Buyer_CAC_Report/Page_/span_20' was broken. Propose an alternative one: '(.//*[normalize-space(text()) and normalize-space(.)='Sort'])[1]/following::span[3]'.

2023-12-19 14:06:08 - [MESSAGE][PASSED] - Object: 'Object Repository/Page_Daily_Buyer_CAC_Report/Page_/span_20' is clicked on

2023-12-19 14:06:08 - [TEST_STEP][PASSED] - click(findTestObject("Object Repository/Page_Daily_Buyer_CAC_Report/Page_/div_Items per page_mat-select-arrow-wrapper_615eef")): Object: 'Object Repository/Page_Daily_Buyer_CAC_Report/Page_/div_Items per page_mat-select-arrow-wrapper_615eef' is clicked on

2023-12-19 14:06:09 - [MESSAGE][PASSED] - Object: 'Object Repository/Page_Daily_Buyer_CAC_Report/Page_/div_Items per page_mat-select-arrow-wrapper_615eef' is clicked on

2023-12-19 14:06:09 - [TEST_STEP][PASSED] - click(findTestObject("Object Repository/Page_Daily_Buyer_CAC_Report/Page_/span_30")): Object: 'Object Repository/Page_Daily_Buyer_CAC_Report/Page_/span_30' is clicked on

2023-12-19 14:06:40 - [MESSAGE][INFO] - Unable to find the element located by 'By.xpath: //mat-option[@id='mat-option-15']/span'. Please recheck the objects properties to make sure the desired element is located. 

2023-12-19 14:06:40 - [MESSAGE][WARNING] - [SELF-HEALING] Failed to find element with id 'Object Repository/Page_Daily_Buyer_CAC_Report/Page_/span_30'. Try using Self-healing.

2023-12-19 14:06:40 - [MESSAGE][WARNING] - [SELF-HEALING] The current locator of test object 'Object Repository/Page_Daily_Buyer_CAC_Report/Page_/span_30' was broken. Propose an alternative one: '(.//*[normalize-space(text()) and normalize-space(.)='Sort'])[1]/following::span[4]'.

2023-12-19 14:06:41 - [MESSAGE][PASSED] - Object: 'Object Repository/Page_Daily_Buyer_CAC_Report/Page_/span_30' is clicked on

2023-12-19 14:06:41 - [TEST_STEP][PASSED] - verifyElementClickable(findTestObject("Object Repository/Page_Daily_Buyer_CAC_Report/Page_/svg_Items per page_mat-paginator-icon_1_2_3")): Object 'Object Repository/Page_Daily_Buyer_CAC_Report/Page_/svg_Items per page_mat-paginator-icon_1_2_3' is clickable

2023-12-19 14:06:41 - [MESSAGE][PASSED] - Object 'Object Repository/Page_Daily_Buyer_CAC_Report/Page_/svg_Items per page_mat-paginator-icon_1_2_3' is clickable

2023-12-19 14:06:41 - [TEST_STEP][PASSED] - verifyElementClickable(findTestObject("Object Repository/Page_Daily_Buyer_CAC_Report/Page_/svg_Items per page_mat-paginator-icon_1_2_3_4")): Object 'Object Repository/Page_Daily_Buyer_CAC_Report/Page_/svg_Items per page_mat-paginator-icon_1_2_3_4' is clickable

2023-12-19 14:06:42 - [MESSAGE][PASSED] - Object 'Object Repository/Page_Daily_Buyer_CAC_Report/Page_/svg_Items per page_mat-paginator-icon_1_2_3_4' is clickable

2023-12-19 14:06:42 - [TEST_STEP][PASSED] - closeBrowser(): Browser is closed

2023-12-19 14:06:43 - [MESSAGE][PASSED] - Browser is closed]]></system-out>
         <system-err><![CDATA[]]></system-err>
      </testcase>
      <testcase name="Test Cases/Performance_Report/test_weekly_buyer_cac_report" time="29.407" classname="Test Cases/Performance_Report/test_weekly_buyer_cac_report" status="PASSED">
         <system-out><![CDATA[2023-12-19 14:06:43 - [TEST_CASE][PASSED] - Test Cases/Performance_Report/test_weekly_buyer_cac_report: Test Cases/Performance_Report/test_weekly_buyer_cac_report

2023-12-19 14:06:43 - [TEST_STEP][PASSED] - callTestCase(findTestCase("Reusable_Functions/Login"), [:], CONTINUE_ON_FAILURE): Call Test Case 'Test Cases/Reusable_Functions/Login' successfully

2023-12-19 14:06:43 - [TEST_CASE][PASSED] - Test Cases/Reusable_Functions/Login: Test Cases/Reusable_Functions/Login

2023-12-19 14:06:43 - [TEST_STEP][PASSED] - openBrowser(""): Browser is opened with url: ''

2023-12-19 14:06:43 - [MESSAGE][INFO] - Starting 'Chrome' driver

2023-12-19 14:06:43 - [MESSAGE][INFO] - Action delay is set to 0 milliseconds

2023-12-19 14:06:45 - [MESSAGE][PASSED] - Browser is opened with url: ''

2023-12-19 14:06:45 - [TEST_STEP][PASSED] - maximizeWindow(): Current window maximized

2023-12-19 14:06:45 - [MESSAGE][PASSED] - Current window maximized

2023-12-19 14:06:45 - [TEST_STEP][PASSED] - navigateToUrl("https://dev-dash.admetrics.ai/"): Navigate to 'https://dev-dash.admetrics.ai/' successfully

2023-12-19 14:06:46 - [MESSAGE][PASSED] - Navigate to 'https://dev-dash.admetrics.ai/' successfully

2023-12-19 14:06:46 - [TEST_STEP][PASSED] - setText(findTestObject("Object Repository/Page_Project_Title/input_User ID_username"), "admin"): Text 'admin' is set on object 'Object Repository/Page_Project_Title/input_User ID_username'

2023-12-19 14:06:49 - [MESSAGE][PASSED] - Text 'admin' is set on object 'Object Repository/Page_Project_Title/input_User ID_username'

2023-12-19 14:06:49 - [TEST_STEP][PASSED] - setEncryptedText(findTestObject("Object Repository/Page_Project_Title/input_Password_password"), "7Dxoto1EjKfQbGop/Ov+1g=="): Text ****** has been set on object 'Object Repository/Page_Project_Title/input_Password_password'

2023-12-19 14:06:49 - [MESSAGE][PASSED] - Text ****** has been set on object 'Object Repository/Page_Project_Title/input_Password_password'

2023-12-19 14:06:49 - [TEST_STEP][PASSED] - click(findTestObject("Object Repository/Page_Project_Title/button_Login")): Object: 'Object Repository/Page_Project_Title/button_Login' is clicked on

2023-12-19 14:06:50 - [MESSAGE][PASSED] - Object: 'Object Repository/Page_Project_Title/button_Login' is clicked on

2023-12-19 14:06:50 - [MESSAGE][PASSED] - Call Test Case 'Test Cases/Reusable_Functions/Login' successfully

2023-12-19 14:06:50 - [TEST_STEP][PASSED] - verifyElementClickable(findTestObject("Object Repository/Page_Weekly_Buyer_CAC_Report/Page_/li_Performance")): Object 'Object Repository/Page_Weekly_Buyer_CAC_Report/Page_/li_Performance' is clickable

2023-12-19 14:06:51 - [MESSAGE][PASSED] - Object 'Object Repository/Page_Weekly_Buyer_CAC_Report/Page_/li_Performance' is clickable

2023-12-19 14:06:51 - [TEST_STEP][PASSED] - click(findTestObject("Object Repository/Page_Weekly_Buyer_CAC_Report/Page_/li_Performance")): Object: 'Object Repository/Page_Weekly_Buyer_CAC_Report/Page_/li_Performance' is clicked on

2023-12-19 14:06:53 - [MESSAGE][PASSED] - Object: 'Object Repository/Page_Weekly_Buyer_CAC_Report/Page_/li_Performance' is clicked on

2023-12-19 14:06:53 - [TEST_STEP][PASSED] - verifyElementClickable(findTestObject("Object Repository/Page_Weekly_Buyer_CAC_Report/Page_/div_Weekly Buyer CAC Report")): Object 'Object Repository/Page_Weekly_Buyer_CAC_Report/Page_/div_Weekly Buyer CAC Report' is clickable

2023-12-19 14:06:55 - [MESSAGE][PASSED] - Object 'Object Repository/Page_Weekly_Buyer_CAC_Report/Page_/div_Weekly Buyer CAC Report' is clickable

2023-12-19 14:06:55 - [TEST_STEP][PASSED] - click(findTestObject("Object Repository/Page_Weekly_Buyer_CAC_Report/Page_/div_Weekly Buyer CAC Report")): Object: 'Object Repository/Page_Weekly_Buyer_CAC_Report/Page_/div_Weekly Buyer CAC Report' is clicked on

2023-12-19 14:06:56 - [MESSAGE][PASSED] - Object: 'Object Repository/Page_Weekly_Buyer_CAC_Report/Page_/div_Weekly Buyer CAC Report' is clicked on

2023-12-19 14:06:56 - [TEST_STEP][PASSED] - verifyElementClickable(findTestObject("Object Repository/Page_Weekly_Buyer_CAC_Report/Page_/svg_Enter a date range_mat-datepicker-toggl_ef015c")): Object 'Object Repository/Page_Weekly_Buyer_CAC_Report/Page_/svg_Enter a date range_mat-datepicker-toggl_ef015c' is clickable

2023-12-19 14:06:56 - [MESSAGE][PASSED] - Object 'Object Repository/Page_Weekly_Buyer_CAC_Report/Page_/svg_Enter a date range_mat-datepicker-toggl_ef015c' is clickable

2023-12-19 14:06:56 - [TEST_STEP][PASSED] - verifyElementClickable(findTestObject("Object Repository/Page_Weekly_Buyer_CAC_Report/Page_/mat-icon_clear")): Object 'Object Repository/Page_Weekly_Buyer_CAC_Report/Page_/mat-icon_clear' is clickable

2023-12-19 14:06:56 - [MESSAGE][PASSED] - Object 'Object Repository/Page_Weekly_Buyer_CAC_Report/Page_/mat-icon_clear' is clickable

2023-12-19 14:06:56 - [TEST_STEP][PASSED] - click(findTestObject("Object Repository/Page_Weekly_Buyer_CAC_Report/Page_/svg_Enter a date range_mat-datepicker-toggl_ef015c")): Object: 'Object Repository/Page_Weekly_Buyer_CAC_Report/Page_/svg_Enter a date range_mat-datepicker-toggl_ef015c' is clicked on

2023-12-19 14:06:56 - [MESSAGE][PASSED] - Object: 'Object Repository/Page_Weekly_Buyer_CAC_Report/Page_/svg_Enter a date range_mat-datepicker-toggl_ef015c' is clicked on

2023-12-19 14:06:56 - [TEST_STEP][PASSED] - click(findTestObject("Object Repository/Page_Weekly_Buyer_CAC_Report/Page_/button_NOV 2023_mat-focus-indicator mat-cal_145c8e")): Object: 'Object Repository/Page_Weekly_Buyer_CAC_Report/Page_/button_NOV 2023_mat-focus-indicator mat-cal_145c8e' is clicked on

2023-12-19 14:06:57 - [MESSAGE][PASSED] - Object: 'Object Repository/Page_Weekly_Buyer_CAC_Report/Page_/button_NOV 2023_mat-focus-indicator mat-cal_145c8e' is clicked on

2023-12-19 14:06:57 - [TEST_STEP][PASSED] - click(findTestObject("Object Repository/Page_Weekly_Buyer_CAC_Report/Page_/div_1")): Object: 'Object Repository/Page_Weekly_Buyer_CAC_Report/Page_/div_1' is clicked on

2023-12-19 14:06:58 - [MESSAGE][PASSED] - Object: 'Object Repository/Page_Weekly_Buyer_CAC_Report/Page_/div_1' is clicked on

2023-12-19 14:06:58 - [TEST_STEP][PASSED] - click(findTestObject("Object Repository/Page_Weekly_Buyer_CAC_Report/Page_/div_31")): Object: 'Object Repository/Page_Weekly_Buyer_CAC_Report/Page_/div_31' is clicked on

2023-12-19 14:06:59 - [MESSAGE][PASSED] - Object: 'Object Repository/Page_Weekly_Buyer_CAC_Report/Page_/div_31' is clicked on

2023-12-19 14:06:59 - [TEST_STEP][PASSED] - verifyElementText(findTestObject("Object Repository/Page_Weekly_Buyer_CAC_Report/Page_/h2_Buyer CAC"), "Buyer CAC"): Actual text and expected text of test object 'Object Repository/Page_Weekly_Buyer_CAC_Report/Page_/h2_Buyer CAC' are matched.

2023-12-19 14:07:01 - [MESSAGE][PASSED] - Actual text and expected text of test object 'Object Repository/Page_Weekly_Buyer_CAC_Report/Page_/h2_Buyer CAC' are matched.

2023-12-19 14:07:01 - [TEST_STEP][PASSED] - verifyElementText(findTestObject("Object Repository/Page_Weekly_Buyer_CAC_Report/Page_/div_Weeks"), "Weeks"): Actual text and expected text of test object 'Object Repository/Page_Weekly_Buyer_CAC_Report/Page_/div_Weeks' are matched.

2023-12-19 14:07:01 - [MESSAGE][PASSED] - Actual text and expected text of test object 'Object Repository/Page_Weekly_Buyer_CAC_Report/Page_/div_Weeks' are matched.

2023-12-19 14:07:01 - [TEST_STEP][PASSED] - verifyElementClickable(findTestObject("Object Repository/Page_Weekly_Buyer_CAC_Report/Page_/div_Weeks_mat-sort-header-arrow ng-trigger _303ad2")): Object 'Object Repository/Page_Weekly_Buyer_CAC_Report/Page_/div_Weeks_mat-sort-header-arrow ng-trigger _303ad2' is clickable

2023-12-19 14:07:02 - [MESSAGE][PASSED] - Object 'Object Repository/Page_Weekly_Buyer_CAC_Report/Page_/div_Weeks_mat-sort-header-arrow ng-trigger _303ad2' is clickable

2023-12-19 14:07:02 - [TEST_STEP][PASSED] - click(findTestObject("Object Repository/Page_Weekly_Buyer_CAC_Report/Page_/div_Weeks_mat-sort-header-arrow ng-trigger _303ad2")): Object: 'Object Repository/Page_Weekly_Buyer_CAC_Report/Page_/div_Weeks_mat-sort-header-arrow ng-trigger _303ad2' is clicked on

2023-12-19 14:07:02 - [MESSAGE][PASSED] - Object: 'Object Repository/Page_Weekly_Buyer_CAC_Report/Page_/div_Weeks_mat-sort-header-arrow ng-trigger _303ad2' is clicked on

2023-12-19 14:07:02 - [TEST_STEP][PASSED] - verifyElementText(findTestObject("Object Repository/Page_Weekly_Buyer_CAC_Report/Page_/div_Buyer Spend"), "Buyer Spend"): Actual text and expected text of test object 'Object Repository/Page_Weekly_Buyer_CAC_Report/Page_/div_Buyer Spend' are matched.

2023-12-19 14:07:02 - [MESSAGE][PASSED] - Actual text and expected text of test object 'Object Repository/Page_Weekly_Buyer_CAC_Report/Page_/div_Buyer Spend' are matched.

2023-12-19 14:07:02 - [TEST_STEP][PASSED] - verifyElementClickable(findTestObject("Object Repository/Page_Weekly_Buyer_CAC_Report/Page_/div_Buyer Spend_mat-sort-header-stem ng-tns-c99-12_1")): Object 'Object Repository/Page_Weekly_Buyer_CAC_Report/Page_/div_Buyer Spend_mat-sort-header-stem ng-tns-c99-12_1' is clickable

2023-12-19 14:07:03 - [MESSAGE][PASSED] - Object 'Object Repository/Page_Weekly_Buyer_CAC_Report/Page_/div_Buyer Spend_mat-sort-header-stem ng-tns-c99-12_1' is clickable

2023-12-19 14:07:03 - [TEST_STEP][PASSED] - click(findTestObject("Object Repository/Page_Weekly_Buyer_CAC_Report/Page_/div_Buyer Spend_mat-sort-header-stem ng-tns-c99-12")): Object: 'Object Repository/Page_Weekly_Buyer_CAC_Report/Page_/div_Buyer Spend_mat-sort-header-stem ng-tns-c99-12' is clicked on

2023-12-19 14:07:03 - [MESSAGE][PASSED] - Object: 'Object Repository/Page_Weekly_Buyer_CAC_Report/Page_/div_Buyer Spend_mat-sort-header-stem ng-tns-c99-12' is clicked on

2023-12-19 14:07:03 - [TEST_STEP][PASSED] - verifyElementText(findTestObject("Object Repository/Page_Weekly_Buyer_CAC_Report/Page_/div_Number of Project"), "Number of Project"): Actual text and expected text of test object 'Object Repository/Page_Weekly_Buyer_CAC_Report/Page_/div_Number of Project' are matched.

2023-12-19 14:07:04 - [MESSAGE][PASSED] - Actual text and expected text of test object 'Object Repository/Page_Weekly_Buyer_CAC_Report/Page_/div_Number of Project' are matched.

2023-12-19 14:07:04 - [TEST_STEP][PASSED] - verifyElementClickable(findTestObject("Object Repository/Page_Weekly_Buyer_CAC_Report/Page_/div_Number of Project_mat-sort-header-arrow_2710b1")): Object 'Object Repository/Page_Weekly_Buyer_CAC_Report/Page_/div_Number of Project_mat-sort-header-arrow_2710b1' is clickable

2023-12-19 14:07:04 - [MESSAGE][PASSED] - Object 'Object Repository/Page_Weekly_Buyer_CAC_Report/Page_/div_Number of Project_mat-sort-header-arrow_2710b1' is clickable

2023-12-19 14:07:04 - [TEST_STEP][PASSED] - click(findTestObject("Object Repository/Page_Weekly_Buyer_CAC_Report/Page_/div_Number of Project_mat-sort-header-arrow_de0971")): Object: 'Object Repository/Page_Weekly_Buyer_CAC_Report/Page_/div_Number of Project_mat-sort-header-arrow_de0971' is clicked on

2023-12-19 14:07:04 - [MESSAGE][PASSED] - Object: 'Object Repository/Page_Weekly_Buyer_CAC_Report/Page_/div_Number of Project_mat-sort-header-arrow_de0971' is clicked on

2023-12-19 14:07:04 - [TEST_STEP][PASSED] - verifyElementText(findTestObject("Object Repository/Page_Weekly_Buyer_CAC_Report/Page_/div_Buyer CAC"), "Buyer CAC"): Actual text and expected text of test object 'Object Repository/Page_Weekly_Buyer_CAC_Report/Page_/div_Buyer CAC' are matched.

2023-12-19 14:07:05 - [MESSAGE][PASSED] - Actual text and expected text of test object 'Object Repository/Page_Weekly_Buyer_CAC_Report/Page_/div_Buyer CAC' are matched.

2023-12-19 14:07:05 - [TEST_STEP][PASSED] - verifyElementClickable(findTestObject("Object Repository/Page_Weekly_Buyer_CAC_Report/Page_/div_Buyer CAC_mat-sort-header-arrow ng-trig_22d852")): Object 'Object Repository/Page_Weekly_Buyer_CAC_Report/Page_/div_Buyer CAC_mat-sort-header-arrow ng-trig_22d852' is clickable

2023-12-19 14:07:05 - [MESSAGE][PASSED] - Object 'Object Repository/Page_Weekly_Buyer_CAC_Report/Page_/div_Buyer CAC_mat-sort-header-arrow ng-trig_22d852' is clickable

2023-12-19 14:07:05 - [TEST_STEP][PASSED] - click(findTestObject("Object Repository/Page_Weekly_Buyer_CAC_Report/Page_/div_Buyer CAC_mat-sort-header-arrow ng-trig_6f2de1")): Object: 'Object Repository/Page_Weekly_Buyer_CAC_Report/Page_/div_Buyer CAC_mat-sort-header-arrow ng-trig_6f2de1' is clicked on

2023-12-19 14:07:06 - [MESSAGE][PASSED] - Object: 'Object Repository/Page_Weekly_Buyer_CAC_Report/Page_/div_Buyer CAC_mat-sort-header-arrow ng-trig_6f2de1' is clicked on

2023-12-19 14:07:06 - [TEST_STEP][PASSED] - verifyElementText(findTestObject("Object Repository/Page_Weekly_Buyer_CAC_Report/Page_/div_Items per page"), "Items per page:"): Actual text and expected text of test object 'Object Repository/Page_Weekly_Buyer_CAC_Report/Page_/div_Items per page' are matched.

2023-12-19 14:07:06 - [MESSAGE][PASSED] - Actual text and expected text of test object 'Object Repository/Page_Weekly_Buyer_CAC_Report/Page_/div_Items per page' are matched.

2023-12-19 14:07:06 - [TEST_STEP][PASSED] - verifyElementClickable(findTestObject("Object Repository/Page_Weekly_Buyer_CAC_Report/Page_/div_Items per page_mat-select-arrow-wrapper_b66081")): Object 'Object Repository/Page_Weekly_Buyer_CAC_Report/Page_/div_Items per page_mat-select-arrow-wrapper_b66081' is clickable

2023-12-19 14:07:07 - [MESSAGE][PASSED] - Object 'Object Repository/Page_Weekly_Buyer_CAC_Report/Page_/div_Items per page_mat-select-arrow-wrapper_b66081' is clickable

2023-12-19 14:07:07 - [TEST_STEP][PASSED] - click(findTestObject("Object Repository/Page_Weekly_Buyer_CAC_Report/Page_/div_Items per page_mat-select-arrow ng-tns-c110-10")): Object: 'Object Repository/Page_Weekly_Buyer_CAC_Report/Page_/div_Items per page_mat-select-arrow ng-tns-c110-10' is clicked on

2023-12-19 14:07:07 - [MESSAGE][PASSED] - Object: 'Object Repository/Page_Weekly_Buyer_CAC_Report/Page_/div_Items per page_mat-select-arrow ng-tns-c110-10' is clicked on

2023-12-19 14:07:07 - [TEST_STEP][PASSED] - click(findTestObject("Object Repository/Page_Weekly_Buyer_CAC_Report/Page_/span_10")): Object: 'Object Repository/Page_Weekly_Buyer_CAC_Report/Page_/span_10' is clicked on

2023-12-19 14:07:08 - [MESSAGE][PASSED] - Object: 'Object Repository/Page_Weekly_Buyer_CAC_Report/Page_/span_10' is clicked on

2023-12-19 14:07:08 - [TEST_STEP][PASSED] - click(findTestObject("Object Repository/Page_Weekly_Buyer_CAC_Report/Page_/div_Items per page_mat-select-arrow ng-tns-c110-10")): Object: 'Object Repository/Page_Weekly_Buyer_CAC_Report/Page_/div_Items per page_mat-select-arrow ng-tns-c110-10' is clicked on

2023-12-19 14:07:08 - [MESSAGE][PASSED] - Object: 'Object Repository/Page_Weekly_Buyer_CAC_Report/Page_/div_Items per page_mat-select-arrow ng-tns-c110-10' is clicked on

2023-12-19 14:07:08 - [TEST_STEP][PASSED] - click(findTestObject("Object Repository/Page_Weekly_Buyer_CAC_Report/Page_/span_20")): Object: 'Object Repository/Page_Weekly_Buyer_CAC_Report/Page_/span_20' is clicked on

2023-12-19 14:07:09 - [MESSAGE][PASSED] - Object: 'Object Repository/Page_Weekly_Buyer_CAC_Report/Page_/span_20' is clicked on

2023-12-19 14:07:09 - [TEST_STEP][PASSED] - click(findTestObject("Object Repository/Page_Weekly_Buyer_CAC_Report/Page_/div_20")): Object: 'Object Repository/Page_Weekly_Buyer_CAC_Report/Page_/div_20' is clicked on

2023-12-19 14:07:09 - [MESSAGE][PASSED] - Object: 'Object Repository/Page_Weekly_Buyer_CAC_Report/Page_/div_20' is clicked on

2023-12-19 14:07:09 - [TEST_STEP][PASSED] - click(findTestObject("Object Repository/Page_Weekly_Buyer_CAC_Report/Page_/span_30")): Object: 'Object Repository/Page_Weekly_Buyer_CAC_Report/Page_/span_30' is clicked on

2023-12-19 14:07:10 - [MESSAGE][PASSED] - Object: 'Object Repository/Page_Weekly_Buyer_CAC_Report/Page_/span_30' is clicked on

2023-12-19 14:07:10 - [TEST_STEP][PASSED] - verifyElementClickable(findTestObject("Object Repository/Page_Weekly_Buyer_CAC_Report/Page_/svg_Items per page_mat-paginator-icon")): Object 'Object Repository/Page_Weekly_Buyer_CAC_Report/Page_/svg_Items per page_mat-paginator-icon' is clickable

2023-12-19 14:07:10 - [MESSAGE][PASSED] - Object 'Object Repository/Page_Weekly_Buyer_CAC_Report/Page_/svg_Items per page_mat-paginator-icon' is clickable

2023-12-19 14:07:10 - [TEST_STEP][PASSED] - closeBrowser(): Browser is closed

2023-12-19 14:07:12 - [MESSAGE][PASSED] - Browser is closed]]></system-out>
         <system-err><![CDATA[]]></system-err>
      </testcase>
      <testcase name="Test Cases/Performance_Report/test_weekly_seller_cac_report" time="45.274" classname="Test Cases/Performance_Report/test_weekly_seller_cac_report" status="PASSED">
         <system-out><![CDATA[2023-12-19 14:07:12 - [TEST_CASE][PASSED] - Test Cases/Performance_Report/test_weekly_seller_cac_report: Test Cases/Performance_Report/test_weekly_seller_cac_report

2023-12-19 14:07:13 - [TEST_STEP][PASSED] - callTestCase(findTestCase("Reusable_Functions/Login"), [:], CONTINUE_ON_FAILURE): Call Test Case 'Test Cases/Reusable_Functions/Login' successfully

2023-12-19 14:07:13 - [TEST_CASE][PASSED] - Test Cases/Reusable_Functions/Login: Test Cases/Reusable_Functions/Login

2023-12-19 14:07:13 - [TEST_STEP][PASSED] - openBrowser(""): Browser is opened with url: ''

2023-12-19 14:07:13 - [MESSAGE][INFO] - Starting 'Chrome' driver

2023-12-19 14:07:13 - [MESSAGE][INFO] - Action delay is set to 0 milliseconds

2023-12-19 14:07:15 - [MESSAGE][PASSED] - Browser is opened with url: ''

2023-12-19 14:07:15 - [TEST_STEP][PASSED] - maximizeWindow(): Current window maximized

2023-12-19 14:07:15 - [MESSAGE][PASSED] - Current window maximized

2023-12-19 14:07:15 - [TEST_STEP][PASSED] - navigateToUrl("https://dev-dash.admetrics.ai/"): Navigate to 'https://dev-dash.admetrics.ai/' successfully

2023-12-19 14:07:16 - [MESSAGE][PASSED] - Navigate to 'https://dev-dash.admetrics.ai/' successfully

2023-12-19 14:07:16 - [TEST_STEP][PASSED] - setText(findTestObject("Object Repository/Page_Project_Title/input_User ID_username"), "admin"): Text 'admin' is set on object 'Object Repository/Page_Project_Title/input_User ID_username'

2023-12-19 14:07:21 - [MESSAGE][PASSED] - Text 'admin' is set on object 'Object Repository/Page_Project_Title/input_User ID_username'

2023-12-19 14:07:21 - [TEST_STEP][PASSED] - setEncryptedText(findTestObject("Object Repository/Page_Project_Title/input_Password_password"), "7Dxoto1EjKfQbGop/Ov+1g=="): Text ****** has been set on object 'Object Repository/Page_Project_Title/input_Password_password'

2023-12-19 14:07:22 - [MESSAGE][PASSED] - Text ****** has been set on object 'Object Repository/Page_Project_Title/input_Password_password'

2023-12-19 14:07:22 - [TEST_STEP][PASSED] - click(findTestObject("Object Repository/Page_Project_Title/button_Login")): Object: 'Object Repository/Page_Project_Title/button_Login' is clicked on

2023-12-19 14:07:22 - [MESSAGE][PASSED] - Object: 'Object Repository/Page_Project_Title/button_Login' is clicked on

2023-12-19 14:07:22 - [MESSAGE][PASSED] - Call Test Case 'Test Cases/Reusable_Functions/Login' successfully

2023-12-19 14:07:22 - [TEST_STEP][PASSED] - verifyElementClickable(findTestObject("Object Repository/Page_Weekly_Seller_CAC_Report/Page_/li_Performance")): Object 'Object Repository/Page_Weekly_Seller_CAC_Report/Page_/li_Performance' is clickable

2023-12-19 14:07:24 - [MESSAGE][PASSED] - Object 'Object Repository/Page_Weekly_Seller_CAC_Report/Page_/li_Performance' is clickable

2023-12-19 14:07:24 - [TEST_STEP][PASSED] - click(findTestObject("Object Repository/Page_Weekly_Seller_CAC_Report/Page_/li_Performance")): Object: 'Object Repository/Page_Weekly_Seller_CAC_Report/Page_/li_Performance' is clicked on

2023-12-19 14:07:26 - [MESSAGE][PASSED] - Object: 'Object Repository/Page_Weekly_Seller_CAC_Report/Page_/li_Performance' is clicked on

2023-12-19 14:07:26 - [TEST_STEP][PASSED] - verifyElementClickable(findTestObject("Object Repository/Page_Weekly_Seller_CAC_Report/Page_/div_Weekly Seller CAC Report")): Object 'Object Repository/Page_Weekly_Seller_CAC_Report/Page_/div_Weekly Seller CAC Report' is clickable

2023-12-19 14:07:29 - [MESSAGE][PASSED] - Object 'Object Repository/Page_Weekly_Seller_CAC_Report/Page_/div_Weekly Seller CAC Report' is clickable

2023-12-19 14:07:29 - [TEST_STEP][PASSED] - click(findTestObject("Object Repository/Page_Weekly_Seller_CAC_Report/Page_/div_Weekly Seller CAC Report")): Object: 'Object Repository/Page_Weekly_Seller_CAC_Report/Page_/div_Weekly Seller CAC Report' is clicked on

2023-12-19 14:07:30 - [MESSAGE][PASSED] - Object: 'Object Repository/Page_Weekly_Seller_CAC_Report/Page_/div_Weekly Seller CAC Report' is clicked on

2023-12-19 14:07:30 - [TEST_STEP][PASSED] - verifyElementClickable(findTestObject("Object Repository/Page_Weekly_Buyer_CAC_Report/Page_/svg_Enter a date range_mat-datepicker-toggl_ef015c")): Object 'Object Repository/Page_Weekly_Buyer_CAC_Report/Page_/svg_Enter a date range_mat-datepicker-toggl_ef015c' is clickable

2023-12-19 14:07:31 - [MESSAGE][PASSED] - Object 'Object Repository/Page_Weekly_Buyer_CAC_Report/Page_/svg_Enter a date range_mat-datepicker-toggl_ef015c' is clickable

2023-12-19 14:07:31 - [TEST_STEP][PASSED] - verifyElementClickable(findTestObject("Object Repository/Page_Weekly_Seller_CAC_Report/Page_/mat-icon_clear")): Object 'Object Repository/Page_Weekly_Seller_CAC_Report/Page_/mat-icon_clear' is clickable

2023-12-19 14:07:32 - [MESSAGE][PASSED] - Object 'Object Repository/Page_Weekly_Seller_CAC_Report/Page_/mat-icon_clear' is clickable

2023-12-19 14:07:32 - [TEST_STEP][PASSED] - click(findTestObject("Object Repository/Page_Weekly_Seller_CAC_Report/Page_/svg_Enter a date range_mat-datepicker-toggl_ef015c")): Object: 'Object Repository/Page_Weekly_Seller_CAC_Report/Page_/svg_Enter a date range_mat-datepicker-toggl_ef015c' is clicked on

2023-12-19 14:07:33 - [MESSAGE][PASSED] - Object: 'Object Repository/Page_Weekly_Seller_CAC_Report/Page_/svg_Enter a date range_mat-datepicker-toggl_ef015c' is clicked on

2023-12-19 14:07:33 - [TEST_STEP][PASSED] - verifyElementClickable(findTestObject("Object Repository/Page_Weekly_Seller_CAC_Report/Page_/button_NOV 2023_mat-focus-indicator mat-cal_145c8e")): Object 'Object Repository/Page_Weekly_Seller_CAC_Report/Page_/button_NOV 2023_mat-focus-indicator mat-cal_145c8e' is clickable

2023-12-19 14:07:34 - [MESSAGE][PASSED] - Object 'Object Repository/Page_Weekly_Seller_CAC_Report/Page_/button_NOV 2023_mat-focus-indicator mat-cal_145c8e' is clickable

2023-12-19 14:07:34 - [TEST_STEP][PASSED] - verifyElementClickable(findTestObject("Object Repository/Page_Weekly_Seller_CAC_Report/Page_/button_NOV 2023_mat-focus-indicator mat-cal_145c8e")): Object 'Object Repository/Page_Weekly_Seller_CAC_Report/Page_/button_NOV 2023_mat-focus-indicator mat-cal_145c8e' is clickable

2023-12-19 14:07:34 - [MESSAGE][PASSED] - Object 'Object Repository/Page_Weekly_Seller_CAC_Report/Page_/button_NOV 2023_mat-focus-indicator mat-cal_145c8e' is clickable

2023-12-19 14:07:34 - [TEST_STEP][PASSED] - click(findTestObject("Object Repository/Page_Weekly_Seller_CAC_Report/Page_/button_NOV 2023_mat-focus-indicator mat-cal_145c8e")): Object: 'Object Repository/Page_Weekly_Seller_CAC_Report/Page_/button_NOV 2023_mat-focus-indicator mat-cal_145c8e' is clicked on

2023-12-19 14:07:35 - [MESSAGE][PASSED] - Object: 'Object Repository/Page_Weekly_Seller_CAC_Report/Page_/button_NOV 2023_mat-focus-indicator mat-cal_145c8e' is clicked on

2023-12-19 14:07:35 - [TEST_STEP][PASSED] - click(findTestObject("Object Repository/Page_Weekly_Seller_CAC_Report/Page_/button_NOV 2023_mat-focus-indicator mat-cal_145c8e")): Object: 'Object Repository/Page_Weekly_Seller_CAC_Report/Page_/button_NOV 2023_mat-focus-indicator mat-cal_145c8e' is clicked on

2023-12-19 14:07:36 - [MESSAGE][PASSED] - Object: 'Object Repository/Page_Weekly_Seller_CAC_Report/Page_/button_NOV 2023_mat-focus-indicator mat-cal_145c8e' is clicked on

2023-12-19 14:07:36 - [TEST_STEP][PASSED] - click(findTestObject("Object Repository/Page_Weekly_Seller_CAC_Report/Page_/button_NOV 2023_mat-focus-indicator mat-cal_145c8e")): Object: 'Object Repository/Page_Weekly_Seller_CAC_Report/Page_/button_NOV 2023_mat-focus-indicator mat-cal_145c8e' is clicked on

2023-12-19 14:07:37 - [MESSAGE][PASSED] - Object: 'Object Repository/Page_Weekly_Seller_CAC_Report/Page_/button_NOV 2023_mat-focus-indicator mat-cal_145c8e' is clicked on

2023-12-19 14:07:37 - [TEST_STEP][PASSED] - click(findTestObject("Object Repository/Page_Weekly_Seller_CAC_Report/Page_/div_1")): Object: 'Object Repository/Page_Weekly_Seller_CAC_Report/Page_/div_1' is clicked on

2023-12-19 14:07:38 - [MESSAGE][PASSED] - Object: 'Object Repository/Page_Weekly_Seller_CAC_Report/Page_/div_1' is clicked on

2023-12-19 14:07:38 - [TEST_STEP][PASSED] - click(findTestObject("Object Repository/Page_Weekly_Seller_CAC_Report/Page_/div_31")): Object: 'Object Repository/Page_Weekly_Seller_CAC_Report/Page_/div_31' is clicked on

2023-12-19 14:07:38 - [MESSAGE][PASSED] - Object: 'Object Repository/Page_Weekly_Seller_CAC_Report/Page_/div_31' is clicked on

2023-12-19 14:07:38 - [TEST_STEP][PASSED] - verifyElementText(findTestObject("Object Repository/Page_Weekly_Seller_CAC_Report/Page_/h2_Seller CAC"), "Seller CAC"): Actual text and expected text of test object 'Object Repository/Page_Weekly_Seller_CAC_Report/Page_/h2_Seller CAC' are matched.

2023-12-19 14:07:41 - [MESSAGE][PASSED] - Actual text and expected text of test object 'Object Repository/Page_Weekly_Seller_CAC_Report/Page_/h2_Seller CAC' are matched.

2023-12-19 14:07:41 - [TEST_STEP][PASSED] - verifyElementText(findTestObject("Object Repository/Page_Weekly_Seller_CAC_Report/Page_/div_Weeks"), "Weeks"): Actual text and expected text of test object 'Object Repository/Page_Weekly_Seller_CAC_Report/Page_/div_Weeks' are matched.

2023-12-19 14:07:41 - [MESSAGE][PASSED] - Actual text and expected text of test object 'Object Repository/Page_Weekly_Seller_CAC_Report/Page_/div_Weeks' are matched.

2023-12-19 14:07:41 - [TEST_STEP][PASSED] - verifyElementClickable(findTestObject("Object Repository/Page_Weekly_Seller_CAC_Report/Page_/div_Weeks_mat-sort-header-stem ng-tns-c99-19")): Object 'Object Repository/Page_Weekly_Seller_CAC_Report/Page_/div_Weeks_mat-sort-header-stem ng-tns-c99-19' is clickable

2023-12-19 14:07:42 - [MESSAGE][PASSED] - Object 'Object Repository/Page_Weekly_Seller_CAC_Report/Page_/div_Weeks_mat-sort-header-stem ng-tns-c99-19' is clickable

2023-12-19 14:07:42 - [TEST_STEP][PASSED] - click(findTestObject("Object Repository/Page_Weekly_Seller_CAC_Report/Page_/div_Weeks_mat-sort-header-arrow ng-trigger _5f670c")): Object: 'Object Repository/Page_Weekly_Seller_CAC_Report/Page_/div_Weeks_mat-sort-header-arrow ng-trigger _5f670c' is clicked on

2023-12-19 14:07:42 - [MESSAGE][PASSED] - Object: 'Object Repository/Page_Weekly_Seller_CAC_Report/Page_/div_Weeks_mat-sort-header-arrow ng-trigger _5f670c' is clicked on

2023-12-19 14:07:42 - [TEST_STEP][PASSED] - verifyElementText(findTestObject("Object Repository/Page_Weekly_Seller_CAC_Report/Page_/div_Seller Spend"), "Seller Spend"): Actual text and expected text of test object 'Object Repository/Page_Weekly_Seller_CAC_Report/Page_/div_Seller Spend' are matched.

2023-12-19 14:07:43 - [MESSAGE][PASSED] - Actual text and expected text of test object 'Object Repository/Page_Weekly_Seller_CAC_Report/Page_/div_Seller Spend' are matched.

2023-12-19 14:07:43 - [TEST_STEP][PASSED] - verifyElementClickable(findTestObject("Object Repository/Page_Weekly_Seller_CAC_Report/Page_/div_Seller Spend_mat-sort-header-stem ng-tn_acea68")): Object 'Object Repository/Page_Weekly_Seller_CAC_Report/Page_/div_Seller Spend_mat-sort-header-stem ng-tn_acea68' is clickable

2023-12-19 14:07:44 - [MESSAGE][PASSED] - Object 'Object Repository/Page_Weekly_Seller_CAC_Report/Page_/div_Seller Spend_mat-sort-header-stem ng-tn_acea68' is clickable

2023-12-19 14:07:44 - [TEST_STEP][PASSED] - verifyElementText(findTestObject("Object Repository/Page_Weekly_Seller_CAC_Report/Page_/div_Number of Applications"), "Number of Applications"): Actual text and expected text of test object 'Object Repository/Page_Weekly_Seller_CAC_Report/Page_/div_Number of Applications' are matched.

2023-12-19 14:07:44 - [MESSAGE][PASSED] - Actual text and expected text of test object 'Object Repository/Page_Weekly_Seller_CAC_Report/Page_/div_Number of Applications' are matched.

2023-12-19 14:07:44 - [TEST_STEP][PASSED] - verifyElementClickable(findTestObject("Object Repository/Page_Weekly_Seller_CAC_Report/Page_/div_Number of Applications_mat-sort-header-_eaa14e_1")): Object 'Object Repository/Page_Weekly_Seller_CAC_Report/Page_/div_Number of Applications_mat-sort-header-_eaa14e_1' is clickable

2023-12-19 14:07:45 - [MESSAGE][PASSED] - Object 'Object Repository/Page_Weekly_Seller_CAC_Report/Page_/div_Number of Applications_mat-sort-header-_eaa14e_1' is clickable

2023-12-19 14:07:45 - [TEST_STEP][PASSED] - click(findTestObject("Object Repository/Page_Weekly_Seller_CAC_Report/Page_/div_Number of Applications_mat-sort-header-_eaa14e")): Object: 'Object Repository/Page_Weekly_Seller_CAC_Report/Page_/div_Number of Applications_mat-sort-header-_eaa14e' is clicked on

2023-12-19 14:07:45 - [MESSAGE][PASSED] - Object: 'Object Repository/Page_Weekly_Seller_CAC_Report/Page_/div_Number of Applications_mat-sort-header-_eaa14e' is clicked on

2023-12-19 14:07:45 - [TEST_STEP][PASSED] - verifyElementText(findTestObject("Object Repository/Page_Weekly_Seller_CAC_Report/Page_/div_Seller CAC"), "Seller CAC"): Actual text and expected text of test object 'Object Repository/Page_Weekly_Seller_CAC_Report/Page_/div_Seller CAC' are matched.

2023-12-19 14:07:46 - [MESSAGE][PASSED] - Actual text and expected text of test object 'Object Repository/Page_Weekly_Seller_CAC_Report/Page_/div_Seller CAC' are matched.

2023-12-19 14:07:46 - [TEST_STEP][PASSED] - verifyElementClickable(findTestObject("Object Repository/Page_Weekly_Seller_CAC_Report/Page_/div_Seller CAC_mat-sort-header-arrow ng-tri_917ba4")): Object 'Object Repository/Page_Weekly_Seller_CAC_Report/Page_/div_Seller CAC_mat-sort-header-arrow ng-tri_917ba4' is clickable

2023-12-19 14:07:47 - [MESSAGE][PASSED] - Object 'Object Repository/Page_Weekly_Seller_CAC_Report/Page_/div_Seller CAC_mat-sort-header-arrow ng-tri_917ba4' is clickable

2023-12-19 14:07:47 - [TEST_STEP][PASSED] - click(findTestObject("Object Repository/Page_Weekly_Seller_CAC_Report/Page_/div_Seller CAC_mat-sort-header-stem ng-tns-c99-22")): Object: 'Object Repository/Page_Weekly_Seller_CAC_Report/Page_/div_Seller CAC_mat-sort-header-stem ng-tns-c99-22' is clicked on

2023-12-19 14:07:47 - [MESSAGE][PASSED] - Object: 'Object Repository/Page_Weekly_Seller_CAC_Report/Page_/div_Seller CAC_mat-sort-header-stem ng-tns-c99-22' is clicked on

2023-12-19 14:07:47 - [TEST_STEP][PASSED] - verifyElementText(findTestObject("Object Repository/Page_Weekly_Seller_CAC_Report/Page_/div_Items per page"), "Items per page:"): Actual text and expected text of test object 'Object Repository/Page_Weekly_Seller_CAC_Report/Page_/div_Items per page' are matched.

2023-12-19 14:07:48 - [MESSAGE][PASSED] - Actual text and expected text of test object 'Object Repository/Page_Weekly_Seller_CAC_Report/Page_/div_Items per page' are matched.

2023-12-19 14:07:48 - [TEST_STEP][PASSED] - verifyElementClickable(findTestObject("Object Repository/Page_Weekly_Seller_CAC_Report/Page_/div_Items per page_mat-select-arrow-wrapper_f05958")): Object 'Object Repository/Page_Weekly_Seller_CAC_Report/Page_/div_Items per page_mat-select-arrow-wrapper_f05958' is clickable

2023-12-19 14:07:49 - [MESSAGE][PASSED] - Object 'Object Repository/Page_Weekly_Seller_CAC_Report/Page_/div_Items per page_mat-select-arrow-wrapper_f05958' is clickable

2023-12-19 14:07:49 - [TEST_STEP][PASSED] - click(findTestObject("Object Repository/Page_Weekly_Seller_CAC_Report/Page_/div_Items per page_mat-select-arrow ng-tns-c110-18")): Object: 'Object Repository/Page_Weekly_Seller_CAC_Report/Page_/div_Items per page_mat-select-arrow ng-tns-c110-18' is clicked on

2023-12-19 14:07:49 - [MESSAGE][PASSED] - Object: 'Object Repository/Page_Weekly_Seller_CAC_Report/Page_/div_Items per page_mat-select-arrow ng-tns-c110-18' is clicked on

2023-12-19 14:07:49 - [TEST_STEP][PASSED] - click(findTestObject("Object Repository/Page_Weekly_Seller_CAC_Report/Page_/span_10")): Object: 'Object Repository/Page_Weekly_Seller_CAC_Report/Page_/span_10' is clicked on

2023-12-19 14:07:51 - [MESSAGE][PASSED] - Object: 'Object Repository/Page_Weekly_Seller_CAC_Report/Page_/span_10' is clicked on

2023-12-19 14:07:51 - [TEST_STEP][PASSED] - click(findTestObject("Object Repository/Page_Weekly_Seller_CAC_Report/Page_/div_Items per page_mat-select-arrow-wrapper_f05958")): Object: 'Object Repository/Page_Weekly_Seller_CAC_Report/Page_/div_Items per page_mat-select-arrow-wrapper_f05958' is clicked on

2023-12-19 14:07:51 - [MESSAGE][PASSED] - Object: 'Object Repository/Page_Weekly_Seller_CAC_Report/Page_/div_Items per page_mat-select-arrow-wrapper_f05958' is clicked on

2023-12-19 14:07:51 - [TEST_STEP][PASSED] - click(findTestObject("Object Repository/Page_Weekly_Seller_CAC_Report/Page_/span_20")): Object: 'Object Repository/Page_Weekly_Seller_CAC_Report/Page_/span_20' is clicked on

2023-12-19 14:07:52 - [MESSAGE][PASSED] - Object: 'Object Repository/Page_Weekly_Seller_CAC_Report/Page_/span_20' is clicked on

2023-12-19 14:07:52 - [TEST_STEP][PASSED] - click(findTestObject("Object Repository/Page_Weekly_Seller_CAC_Report/Page_/div_Items per page_mat-select-arrow ng-tns-c110-18")): Object: 'Object Repository/Page_Weekly_Seller_CAC_Report/Page_/div_Items per page_mat-select-arrow ng-tns-c110-18' is clicked on

2023-12-19 14:07:53 - [MESSAGE][PASSED] - Object: 'Object Repository/Page_Weekly_Seller_CAC_Report/Page_/div_Items per page_mat-select-arrow ng-tns-c110-18' is clicked on

2023-12-19 14:07:53 - [TEST_STEP][PASSED] - click(findTestObject("Object Repository/Page_Weekly_Seller_CAC_Report/Page_/span_30")): Object: 'Object Repository/Page_Weekly_Seller_CAC_Report/Page_/span_30' is clicked on

2023-12-19 14:07:54 - [MESSAGE][PASSED] - Object: 'Object Repository/Page_Weekly_Seller_CAC_Report/Page_/span_30' is clicked on

2023-12-19 14:07:54 - [TEST_STEP][PASSED] - verifyElementClickable(findTestObject("Object Repository/Page_Weekly_Seller_CAC_Report/Page_/svg_Items per page_mat-paginator-icon")): Object 'Object Repository/Page_Weekly_Seller_CAC_Report/Page_/svg_Items per page_mat-paginator-icon' is clickable

2023-12-19 14:07:55 - [MESSAGE][PASSED] - Object 'Object Repository/Page_Weekly_Seller_CAC_Report/Page_/svg_Items per page_mat-paginator-icon' is clickable

2023-12-19 14:07:55 - [TEST_STEP][PASSED] - verifyElementClickable(findTestObject("Object Repository/Page_Weekly_Seller_CAC_Report/Page_/svg_Items per page_mat-paginator-icon_1")): Object 'Object Repository/Page_Weekly_Seller_CAC_Report/Page_/svg_Items per page_mat-paginator-icon_1' is clickable

2023-12-19 14:07:55 - [MESSAGE][PASSED] - Object 'Object Repository/Page_Weekly_Seller_CAC_Report/Page_/svg_Items per page_mat-paginator-icon_1' is clickable

2023-12-19 14:07:55 - [TEST_STEP][PASSED] - closeBrowser(): Browser is closed

2023-12-19 14:07:57 - [MESSAGE][PASSED] - Browser is closed]]></system-out>
         <system-err><![CDATA[]]></system-err>
      </testcase>
      <testcase name="Test Cases/Campaign/test_camaign_cac_report" time="60.371" classname="Test Cases/Campaign/test_camaign_cac_report" status="PASSED">
         <system-out><![CDATA[2023-12-19 14:07:58 - [TEST_CASE][PASSED] - Test Cases/Campaign/test_camaign_cac_report: Test Cases/Campaign/test_camaign_cac_report

2023-12-19 14:07:59 - [TEST_STEP][PASSED] - callTestCase(findTestCase("Reusable_Functions/Login"), [:], CONTINUE_ON_FAILURE): Call Test Case 'Test Cases/Reusable_Functions/Login' successfully

2023-12-19 14:07:59 - [TEST_CASE][PASSED] - Test Cases/Reusable_Functions/Login: Test Cases/Reusable_Functions/Login

2023-12-19 14:07:59 - [TEST_STEP][PASSED] - openBrowser(""): Browser is opened with url: ''

2023-12-19 14:07:59 - [MESSAGE][INFO] - Starting 'Chrome' driver

2023-12-19 14:07:59 - [MESSAGE][INFO] - Action delay is set to 0 milliseconds

2023-12-19 14:08:01 - [MESSAGE][PASSED] - Browser is opened with url: ''

2023-12-19 14:08:01 - [TEST_STEP][PASSED] - maximizeWindow(): Current window maximized

2023-12-19 14:08:01 - [MESSAGE][PASSED] - Current window maximized

2023-12-19 14:08:01 - [TEST_STEP][PASSED] - navigateToUrl("https://dev-dash.admetrics.ai/"): Navigate to 'https://dev-dash.admetrics.ai/' successfully

2023-12-19 14:08:03 - [MESSAGE][PASSED] - Navigate to 'https://dev-dash.admetrics.ai/' successfully

2023-12-19 14:08:03 - [TEST_STEP][PASSED] - setText(findTestObject("Object Repository/Page_Project_Title/input_User ID_username"), "admin"): Text 'admin' is set on object 'Object Repository/Page_Project_Title/input_User ID_username'

2023-12-19 14:08:10 - [MESSAGE][PASSED] - Text 'admin' is set on object 'Object Repository/Page_Project_Title/input_User ID_username'

2023-12-19 14:08:10 - [TEST_STEP][PASSED] - setEncryptedText(findTestObject("Object Repository/Page_Project_Title/input_Password_password"), "7Dxoto1EjKfQbGop/Ov+1g=="): Text ****** has been set on object 'Object Repository/Page_Project_Title/input_Password_password'

2023-12-19 14:08:11 - [MESSAGE][PASSED] - Text ****** has been set on object 'Object Repository/Page_Project_Title/input_Password_password'

2023-12-19 14:08:11 - [TEST_STEP][PASSED] - click(findTestObject("Object Repository/Page_Project_Title/button_Login")): Object: 'Object Repository/Page_Project_Title/button_Login' is clicked on

2023-12-19 14:08:11 - [MESSAGE][PASSED] - Object: 'Object Repository/Page_Project_Title/button_Login' is clicked on

2023-12-19 14:08:11 - [MESSAGE][PASSED] - Call Test Case 'Test Cases/Reusable_Functions/Login' successfully

2023-12-19 14:08:11 - [TEST_STEP][PASSED] - verifyElementClickable(findTestObject("Object Repository/Page_Campaign_CAC_Report1/Page_/img_Performance_menuIcon")): Object 'Object Repository/Page_Campaign_CAC_Report1/Page_/img_Performance_menuIcon' is clickable

2023-12-19 14:08:14 - [MESSAGE][PASSED] - Object 'Object Repository/Page_Campaign_CAC_Report1/Page_/img_Performance_menuIcon' is clickable

2023-12-19 14:08:14 - [TEST_STEP][PASSED] - click(findTestObject("Object Repository/Page_Campaign_CAC_Report1/Page_/li_Campaign")): Object: 'Object Repository/Page_Campaign_CAC_Report1/Page_/li_Campaign' is clicked on

2023-12-19 14:08:16 - [MESSAGE][PASSED] - Object: 'Object Repository/Page_Campaign_CAC_Report1/Page_/li_Campaign' is clicked on

2023-12-19 14:08:16 - [TEST_STEP][PASSED] - verifyElementClickable(findTestObject("Object Repository/Page_Campaign_CAC_Report1/Page_/div_Campaign CAC")): Object 'Object Repository/Page_Campaign_CAC_Report1/Page_/div_Campaign CAC' is clickable

2023-12-19 14:08:19 - [MESSAGE][PASSED] - Object 'Object Repository/Page_Campaign_CAC_Report1/Page_/div_Campaign CAC' is clickable

2023-12-19 14:08:19 - [TEST_STEP][PASSED] - click(findTestObject("Object Repository/Page_Campaign_CAC_Report1/Page_/div_Campaign CAC")): Object: 'Object Repository/Page_Campaign_CAC_Report1/Page_/div_Campaign CAC' is clicked on

2023-12-19 14:08:20 - [MESSAGE][PASSED] - Object: 'Object Repository/Page_Campaign_CAC_Report1/Page_/div_Campaign CAC' is clicked on

2023-12-19 14:08:20 - [TEST_STEP][PASSED] - verifyElementClickable(findTestObject("Object Repository/Page_Campaign_CAC_Report1/Page_/svg_Enter a date range_mat-datepicker-toggl_ef015c")): Object 'Object Repository/Page_Campaign_CAC_Report1/Page_/svg_Enter a date range_mat-datepicker-toggl_ef015c' is clickable

2023-12-19 14:08:20 - [MESSAGE][PASSED] - Object 'Object Repository/Page_Campaign_CAC_Report1/Page_/svg_Enter a date range_mat-datepicker-toggl_ef015c' is clickable

2023-12-19 14:08:20 - [TEST_STEP][PASSED] - verifyElementClickable(findTestObject("Object Repository/Page_Campaign_CAC_Report1/Page_/mat-icon_clear")): Object 'Object Repository/Page_Campaign_CAC_Report1/Page_/mat-icon_clear' is clickable

2023-12-19 14:08:21 - [MESSAGE][PASSED] - Object 'Object Repository/Page_Campaign_CAC_Report1/Page_/mat-icon_clear' is clickable

2023-12-19 14:08:21 - [TEST_STEP][PASSED] - click(findTestObject("Object Repository/Page_Campaign_CAC_Report1/Page_/svg_Enter a date range_mat-datepicker-toggl_ef015c")): Object: 'Object Repository/Page_Campaign_CAC_Report1/Page_/svg_Enter a date range_mat-datepicker-toggl_ef015c' is clicked on

2023-12-19 14:08:22 - [MESSAGE][PASSED] - Object: 'Object Repository/Page_Campaign_CAC_Report1/Page_/svg_Enter a date range_mat-datepicker-toggl_ef015c' is clicked on

2023-12-19 14:08:22 - [TEST_STEP][PASSED] - verifyElementClickable(findTestObject("Object Repository/Page_Campaign_CAC_Report1/Page_/button_DEC 2023_mat-focus-indicator mat-cal_bd9491")): Object 'Object Repository/Page_Campaign_CAC_Report1/Page_/button_DEC 2023_mat-focus-indicator mat-cal_bd9491' is clickable

2023-12-19 14:08:23 - [MESSAGE][PASSED] - Object 'Object Repository/Page_Campaign_CAC_Report1/Page_/button_DEC 2023_mat-focus-indicator mat-cal_bd9491' is clickable

2023-12-19 14:08:23 - [TEST_STEP][PASSED] - verifyElementClickable(findTestObject("Object Repository/Page_Campaign_CAC_Report1/Page_/button_DEC 2023_mat-focus-indicator mat-cal_bd9491")): Object 'Object Repository/Page_Campaign_CAC_Report1/Page_/button_DEC 2023_mat-focus-indicator mat-cal_bd9491' is clickable

2023-12-19 14:08:23 - [MESSAGE][PASSED] - Object 'Object Repository/Page_Campaign_CAC_Report1/Page_/button_DEC 2023_mat-focus-indicator mat-cal_bd9491' is clickable

2023-12-19 14:08:23 - [TEST_STEP][PASSED] - click(findTestObject("Object Repository/Page_Campaign_CAC_Report1/Page_/button_DEC 2023_mat-focus-indicator mat-cal_bd9491")): Object: 'Object Repository/Page_Campaign_CAC_Report1/Page_/button_DEC 2023_mat-focus-indicator mat-cal_bd9491' is clicked on

2023-12-19 14:08:24 - [MESSAGE][PASSED] - Object: 'Object Repository/Page_Campaign_CAC_Report1/Page_/button_DEC 2023_mat-focus-indicator mat-cal_bd9491' is clicked on

2023-12-19 14:08:24 - [TEST_STEP][PASSED] - click(findTestObject("Object Repository/Page_Campaign_CAC_Report1/Page_/button_DEC 2023_mat-focus-indicator mat-cal_bd9491")): Object: 'Object Repository/Page_Campaign_CAC_Report1/Page_/button_DEC 2023_mat-focus-indicator mat-cal_bd9491' is clicked on

2023-12-19 14:08:25 - [MESSAGE][PASSED] - Object: 'Object Repository/Page_Campaign_CAC_Report1/Page_/button_DEC 2023_mat-focus-indicator mat-cal_bd9491' is clicked on

2023-12-19 14:08:25 - [TEST_STEP][PASSED] - click(findTestObject("Object Repository/Page_Campaign_CAC_Report1/Page_/button_DEC 2023_mat-focus-indicator mat-cal_bd9491")): Object: 'Object Repository/Page_Campaign_CAC_Report1/Page_/button_DEC 2023_mat-focus-indicator mat-cal_bd9491' is clicked on

2023-12-19 14:08:26 - [MESSAGE][PASSED] - Object: 'Object Repository/Page_Campaign_CAC_Report1/Page_/button_DEC 2023_mat-focus-indicator mat-cal_bd9491' is clicked on

2023-12-19 14:08:26 - [TEST_STEP][PASSED] - click(findTestObject("Object Repository/Page_Campaign_CAC_Report1/Page_/button_DEC 2023_mat-focus-indicator mat-cal_bd9491")): Object: 'Object Repository/Page_Campaign_CAC_Report1/Page_/button_DEC 2023_mat-focus-indicator mat-cal_bd9491' is clicked on

2023-12-19 14:08:27 - [MESSAGE][PASSED] - Object: 'Object Repository/Page_Campaign_CAC_Report1/Page_/button_DEC 2023_mat-focus-indicator mat-cal_bd9491' is clicked on

2023-12-19 14:08:27 - [TEST_STEP][PASSED] - click(findTestObject("Object Repository/Page_Campaign_CAC_Report1/Page_/button_DEC 2023_mat-focus-indicator mat-cal_bd9491")): Object: 'Object Repository/Page_Campaign_CAC_Report1/Page_/button_DEC 2023_mat-focus-indicator mat-cal_bd9491' is clicked on

2023-12-19 14:08:28 - [MESSAGE][PASSED] - Object: 'Object Repository/Page_Campaign_CAC_Report1/Page_/button_DEC 2023_mat-focus-indicator mat-cal_bd9491' is clicked on

2023-12-19 14:08:28 - [TEST_STEP][PASSED] - click(findTestObject("Object Repository/Page_Campaign_CAC_Report1/Page_/div_1")): Object: 'Object Repository/Page_Campaign_CAC_Report1/Page_/div_1' is clicked on

2023-12-19 14:08:29 - [MESSAGE][PASSED] - Object: 'Object Repository/Page_Campaign_CAC_Report1/Page_/div_1' is clicked on

2023-12-19 14:08:29 - [TEST_STEP][PASSED] - click(findTestObject("Object Repository/Page_Campaign_CAC_Report1/Page_/div_31")): Object: 'Object Repository/Page_Campaign_CAC_Report1/Page_/div_31' is clicked on

2023-12-19 14:08:29 - [MESSAGE][PASSED] - Object: 'Object Repository/Page_Campaign_CAC_Report1/Page_/div_31' is clicked on

2023-12-19 14:08:29 - [TEST_STEP][PASSED] - verifyElementText(findTestObject("Object Repository/Page_Campaign_CAC_Report1/Page_/div_Select Channel"), "Select Channel"): Actual text and expected text of test object 'Object Repository/Page_Campaign_CAC_Report1/Page_/div_Select Channel' are matched.

2023-12-19 14:08:31 - [MESSAGE][PASSED] - Actual text and expected text of test object 'Object Repository/Page_Campaign_CAC_Report1/Page_/div_Select Channel' are matched.

2023-12-19 14:08:31 - [TEST_STEP][PASSED] - verifyElementClickable(findTestObject("Object Repository/Page_Campaign_CAC_Report1/Page_/span_Google Ads_ng-arrow-wrapper")): Object 'Object Repository/Page_Campaign_CAC_Report1/Page_/span_Google Ads_ng-arrow-wrapper' is clickable

2023-12-19 14:08:32 - [MESSAGE][PASSED] - Object 'Object Repository/Page_Campaign_CAC_Report1/Page_/span_Google Ads_ng-arrow-wrapper' is clickable

2023-12-19 14:08:32 - [TEST_STEP][PASSED] - click(findTestObject("Object Repository/Page_Campaign_CAC_Report1/Page_/span_Google Ads_ng-arrow-wrapper")): Object: 'Object Repository/Page_Campaign_CAC_Report1/Page_/span_Google Ads_ng-arrow-wrapper' is clicked on

2023-12-19 14:08:32 - [MESSAGE][PASSED] - Object: 'Object Repository/Page_Campaign_CAC_Report1/Page_/span_Google Ads_ng-arrow-wrapper' is clicked on

2023-12-19 14:08:32 - [TEST_STEP][PASSED] - click(findTestObject("Object Repository/Page_Campaign_CAC_Report1/Page_/span_Google Ads_ng-arrow-wrapper")): Object: 'Object Repository/Page_Campaign_CAC_Report1/Page_/span_Google Ads_ng-arrow-wrapper' is clicked on

2023-12-19 14:08:33 - [MESSAGE][PASSED] - Object: 'Object Repository/Page_Campaign_CAC_Report1/Page_/span_Google Ads_ng-arrow-wrapper' is clicked on

2023-12-19 14:08:33 - [TEST_STEP][PASSED] - verifyElementText(findTestObject("Object Repository/Page_Campaign_CAC_Report1/Page_/div_Select Businessline"), "Select Businessline"): Actual text and expected text of test object 'Object Repository/Page_Campaign_CAC_Report1/Page_/div_Select Businessline' are matched.

2023-12-19 14:08:33 - [MESSAGE][PASSED] - Actual text and expected text of test object 'Object Repository/Page_Campaign_CAC_Report1/Page_/div_Select Businessline' are matched.

2023-12-19 14:08:33 - [TEST_STEP][PASSED] - verifyElementClickable(findTestObject("Object Repository/Page_Campaign_CAC_Report1/Page_/span_Buyer_ng-arrow-wrapper")): Object 'Object Repository/Page_Campaign_CAC_Report1/Page_/span_Buyer_ng-arrow-wrapper' is clickable

2023-12-19 14:08:34 - [MESSAGE][PASSED] - Object 'Object Repository/Page_Campaign_CAC_Report1/Page_/span_Buyer_ng-arrow-wrapper' is clickable

2023-12-19 14:08:34 - [TEST_STEP][PASSED] - click(findTestObject("Object Repository/Page_Campaign_CAC_Report1/Page_/span_Buyer_ng-arrow-wrapper")): Object: 'Object Repository/Page_Campaign_CAC_Report1/Page_/span_Buyer_ng-arrow-wrapper' is clicked on

2023-12-19 14:08:35 - [MESSAGE][PASSED] - Object: 'Object Repository/Page_Campaign_CAC_Report1/Page_/span_Buyer_ng-arrow-wrapper' is clicked on

2023-12-19 14:08:35 - [TEST_STEP][PASSED] - click(findTestObject("Object Repository/Page_Campaign_CAC_Report1/Page_/span_Buyer_ng-arrow-wrapper")): Object: 'Object Repository/Page_Campaign_CAC_Report1/Page_/span_Buyer_ng-arrow-wrapper' is clicked on

2023-12-19 14:08:35 - [MESSAGE][PASSED] - Object: 'Object Repository/Page_Campaign_CAC_Report1/Page_/span_Buyer_ng-arrow-wrapper' is clicked on

2023-12-19 14:08:35 - [TEST_STEP][PASSED] - verifyElementText(findTestObject("Object Repository/Page_Campaign_CAC_Report1/Page_/div_Select Campaign Status"), "Select Campaign Status"): Actual text and expected text of test object 'Object Repository/Page_Campaign_CAC_Report1/Page_/div_Select Campaign Status' are matched.

2023-12-19 14:08:36 - [MESSAGE][PASSED] - Actual text and expected text of test object 'Object Repository/Page_Campaign_CAC_Report1/Page_/div_Select Campaign Status' are matched.

2023-12-19 14:08:36 - [TEST_STEP][PASSED] - verifyElementClickable(findTestObject("Object Repository/Page_Campaign_CAC_Report1/Page_/span_ENABLED_ng-arrow-wrapper")): Object 'Object Repository/Page_Campaign_CAC_Report1/Page_/span_ENABLED_ng-arrow-wrapper' is clickable

2023-12-19 14:08:37 - [MESSAGE][PASSED] - Object 'Object Repository/Page_Campaign_CAC_Report1/Page_/span_ENABLED_ng-arrow-wrapper' is clickable

2023-12-19 14:08:37 - [TEST_STEP][PASSED] - click(findTestObject("Object Repository/Page_Campaign_CAC_Report1/Page_/span_ENABLED_ng-arrow-wrapper")): Object: 'Object Repository/Page_Campaign_CAC_Report1/Page_/span_ENABLED_ng-arrow-wrapper' is clicked on

2023-12-19 14:08:37 - [MESSAGE][PASSED] - Object: 'Object Repository/Page_Campaign_CAC_Report1/Page_/span_ENABLED_ng-arrow-wrapper' is clicked on

2023-12-19 14:08:37 - [TEST_STEP][PASSED] - click(findTestObject("Object Repository/Page_Campaign_CAC_Report1/Page_/span_ENABLED_ng-arrow-wrapper")): Object: 'Object Repository/Page_Campaign_CAC_Report1/Page_/span_ENABLED_ng-arrow-wrapper' is clicked on

2023-12-19 14:08:38 - [MESSAGE][PASSED] - Object: 'Object Repository/Page_Campaign_CAC_Report1/Page_/span_ENABLED_ng-arrow-wrapper' is clicked on

2023-12-19 14:08:38 - [TEST_STEP][PASSED] - verifyElementText(findTestObject("Object Repository/Page_Campaign_CAC_Report1/Page_/input_text"), ""): Actual text and expected text of test object 'Object Repository/Page_Campaign_CAC_Report1/Page_/input_text' are matched.

2023-12-19 14:08:39 - [MESSAGE][PASSED] - Actual text and expected text of test object 'Object Repository/Page_Campaign_CAC_Report1/Page_/input_text' are matched.

2023-12-19 14:08:39 - [TEST_STEP][PASSED] - verifyElementClickable(findTestObject("Object Repository/Page_Campaign_CAC_Report1/Page_/span_Select Campaign Name_ng-arrow-wrapper")): Object 'Object Repository/Page_Campaign_CAC_Report1/Page_/span_Select Campaign Name_ng-arrow-wrapper' is clickable

2023-12-19 14:08:39 - [MESSAGE][PASSED] - Object 'Object Repository/Page_Campaign_CAC_Report1/Page_/span_Select Campaign Name_ng-arrow-wrapper' is clickable

2023-12-19 14:08:39 - [TEST_STEP][PASSED] - click(findTestObject("Object Repository/Page_Campaign_CAC_Report1/Page_/span_Select Campaign Name_ng-arrow-wrapper_1")): Object: 'Object Repository/Page_Campaign_CAC_Report1/Page_/span_Select Campaign Name_ng-arrow-wrapper_1' is clicked on

2023-12-19 14:08:40 - [MESSAGE][PASSED] - Object: 'Object Repository/Page_Campaign_CAC_Report1/Page_/span_Select Campaign Name_ng-arrow-wrapper_1' is clicked on

2023-12-19 14:08:40 - [TEST_STEP][PASSED] - click(findTestObject("Object Repository/Page_Campaign_CAC_Report1/Page_/span_Select Campaign Name_ng-arrow-wrapper_1_2")): Object: 'Object Repository/Page_Campaign_CAC_Report1/Page_/span_Select Campaign Name_ng-arrow-wrapper_1_2' is clicked on

2023-12-19 14:08:40 - [MESSAGE][PASSED] - Object: 'Object Repository/Page_Campaign_CAC_Report1/Page_/span_Select Campaign Name_ng-arrow-wrapper_1_2' is clicked on

2023-12-19 14:08:40 - [TEST_STEP][PASSED] - verifyElementText(findTestObject("Object Repository/Page_Campaign_CAC_Report1/Page_/h2_Campaign CAC"), "Campaign CAC"): Actual text and expected text of test object 'Object Repository/Page_Campaign_CAC_Report1/Page_/h2_Campaign CAC' are matched.

2023-12-19 14:08:41 - [MESSAGE][PASSED] - Actual text and expected text of test object 'Object Repository/Page_Campaign_CAC_Report1/Page_/h2_Campaign CAC' are matched.

2023-12-19 14:08:41 - [TEST_STEP][PASSED] - verifyElementText(findTestObject("Object Repository/Page_Campaign_CAC_Report1/Page_/div_Date"), "Date"): Actual text and expected text of test object 'Object Repository/Page_Campaign_CAC_Report1/Page_/div_Date' are matched.

2023-12-19 14:08:41 - [MESSAGE][PASSED] - Actual text and expected text of test object 'Object Repository/Page_Campaign_CAC_Report1/Page_/div_Date' are matched.

2023-12-19 14:08:41 - [TEST_STEP][PASSED] - verifyElementClickable(findTestObject("Object Repository/Page_Campaign_CAC_Report1/Page_/div_Date_mat-sort-header-stem ng-tns-c99-11_1")): Object 'Object Repository/Page_Campaign_CAC_Report1/Page_/div_Date_mat-sort-header-stem ng-tns-c99-11_1' is clickable

2023-12-19 14:08:42 - [MESSAGE][PASSED] - Object 'Object Repository/Page_Campaign_CAC_Report1/Page_/div_Date_mat-sort-header-stem ng-tns-c99-11_1' is clickable

2023-12-19 14:08:42 - [TEST_STEP][PASSED] - verifyElementText(findTestObject("Object Repository/Page_Campaign_CAC_Report1/Page_/div_Campaign Name"), "Campaign Name"): Actual text and expected text of test object 'Object Repository/Page_Campaign_CAC_Report1/Page_/div_Campaign Name' are matched.

2023-12-19 14:08:42 - [MESSAGE][PASSED] - Actual text and expected text of test object 'Object Repository/Page_Campaign_CAC_Report1/Page_/div_Campaign Name' are matched.

2023-12-19 14:08:42 - [TEST_STEP][PASSED] - verifyElementClickable(findTestObject("Object Repository/Page_Campaign_CAC_Report1/Page_/div_Campaign Name_mat-sort-header-arrow ng-_531ae5")): Object 'Object Repository/Page_Campaign_CAC_Report1/Page_/div_Campaign Name_mat-sort-header-arrow ng-_531ae5' is clickable

2023-12-19 14:08:43 - [MESSAGE][PASSED] - Object 'Object Repository/Page_Campaign_CAC_Report1/Page_/div_Campaign Name_mat-sort-header-arrow ng-_531ae5' is clickable

2023-12-19 14:08:43 - [TEST_STEP][PASSED] - click(findTestObject("Object Repository/Page_Campaign_CAC_Report1/Page_/div_Campaign Name_mat-sort-header-stem ng-t_af6e04")): Object: 'Object Repository/Page_Campaign_CAC_Report1/Page_/div_Campaign Name_mat-sort-header-stem ng-t_af6e04' is clicked on

2023-12-19 14:08:44 - [MESSAGE][PASSED] - Object: 'Object Repository/Page_Campaign_CAC_Report1/Page_/div_Campaign Name_mat-sort-header-stem ng-t_af6e04' is clicked on

2023-12-19 14:08:44 - [TEST_STEP][PASSED] - verifyElementText(findTestObject("Object Repository/Page_Campaign_CAC_Report1/Page_/div_Campaign Spend"), "Campaign Spend"): Actual text and expected text of test object 'Object Repository/Page_Campaign_CAC_Report1/Page_/div_Campaign Spend' are matched.

2023-12-19 14:08:44 - [MESSAGE][PASSED] - Actual text and expected text of test object 'Object Repository/Page_Campaign_CAC_Report1/Page_/div_Campaign Spend' are matched.

2023-12-19 14:08:44 - [TEST_STEP][PASSED] - verifyElementClickable(findTestObject("Object Repository/Page_Campaign_CAC_Report1/Page_/div_Campaign Spend_mat-sort-header-pointer-_6ba696")): Object 'Object Repository/Page_Campaign_CAC_Report1/Page_/div_Campaign Spend_mat-sort-header-pointer-_6ba696' is clickable

2023-12-19 14:08:45 - [MESSAGE][PASSED] - Object 'Object Repository/Page_Campaign_CAC_Report1/Page_/div_Campaign Spend_mat-sort-header-pointer-_6ba696' is clickable

2023-12-19 14:08:45 - [TEST_STEP][PASSED] - click(findTestObject("Object Repository/Page_Campaign_CAC_Report1/Page_/div_Campaign Spend_mat-sort-header-stem ng-_0cf940")): Object: 'Object Repository/Page_Campaign_CAC_Report1/Page_/div_Campaign Spend_mat-sort-header-stem ng-_0cf940' is clicked on

2023-12-19 14:08:45 - [MESSAGE][PASSED] - Object: 'Object Repository/Page_Campaign_CAC_Report1/Page_/div_Campaign Spend_mat-sort-header-stem ng-_0cf940' is clicked on

2023-12-19 14:08:45 - [TEST_STEP][PASSED] - verifyElementText(findTestObject("Object Repository/Page_Campaign_CAC_Report1/Page_/div_No Conversion"), "No Conversion"): Actual text and expected text of test object 'Object Repository/Page_Campaign_CAC_Report1/Page_/div_No Conversion' are matched.

2023-12-19 14:08:46 - [MESSAGE][PASSED] - Actual text and expected text of test object 'Object Repository/Page_Campaign_CAC_Report1/Page_/div_No Conversion' are matched.

2023-12-19 14:08:46 - [TEST_STEP][PASSED] - verifyElementClickable(findTestObject("Object Repository/Page_Campaign_CAC_Report1/Page_/div_No Conversion_mat-sort-header-arrow ng-_a84281")): Object 'Object Repository/Page_Campaign_CAC_Report1/Page_/div_No Conversion_mat-sort-header-arrow ng-_a84281' is clickable

2023-12-19 14:08:46 - [MESSAGE][PASSED] - Object 'Object Repository/Page_Campaign_CAC_Report1/Page_/div_No Conversion_mat-sort-header-arrow ng-_a84281' is clickable

2023-12-19 14:08:46 - [TEST_STEP][PASSED] - click(findTestObject("Object Repository/Page_Campaign_CAC_Report1/Page_/div_No Conversion_mat-sort-header-stem ng-t_f8e32e")): Object: 'Object Repository/Page_Campaign_CAC_Report1/Page_/div_No Conversion_mat-sort-header-stem ng-t_f8e32e' is clicked on

2023-12-19 14:08:47 - [MESSAGE][PASSED] - Object: 'Object Repository/Page_Campaign_CAC_Report1/Page_/div_No Conversion_mat-sort-header-stem ng-t_f8e32e' is clicked on

2023-12-19 14:08:47 - [TEST_STEP][PASSED] - verifyElementText(findTestObject("Object Repository/Page_Campaign_CAC_Report1/Page_/div_Campaign CAC"), "Campaign CAC"): Actual text and expected text of test object 'Object Repository/Page_Campaign_CAC_Report1/Page_/div_Campaign CAC' are matched.

2023-12-19 14:08:47 - [MESSAGE][PASSED] - Actual text and expected text of test object 'Object Repository/Page_Campaign_CAC_Report1/Page_/div_Campaign CAC' are matched.

2023-12-19 14:08:47 - [TEST_STEP][PASSED] - verifyElementClickable(findTestObject("Object Repository/Page_Campaign_CAC_Report1/Page_/div_Campaign CAC_mat-sort-header-indicator _5c10ee_1")): Object 'Object Repository/Page_Campaign_CAC_Report1/Page_/div_Campaign CAC_mat-sort-header-indicator _5c10ee_1' is clickable

2023-12-19 14:08:48 - [MESSAGE][PASSED] - Object 'Object Repository/Page_Campaign_CAC_Report1/Page_/div_Campaign CAC_mat-sort-header-indicator _5c10ee_1' is clickable

2023-12-19 14:08:48 - [TEST_STEP][PASSED] - click(findTestObject("Object Repository/Page_Campaign_CAC_Report1/Page_/div_Campaign CAC_mat-sort-header-arrow ng-t_da4635")): Object: 'Object Repository/Page_Campaign_CAC_Report1/Page_/div_Campaign CAC_mat-sort-header-arrow ng-t_da4635' is clicked on

2023-12-19 14:08:48 - [MESSAGE][PASSED] - Object: 'Object Repository/Page_Campaign_CAC_Report1/Page_/div_Campaign CAC_mat-sort-header-arrow ng-t_da4635' is clicked on

2023-12-19 14:08:48 - [TEST_STEP][PASSED] - verifyElementText(findTestObject("Object Repository/Page_Campaign_CAC_Report1/Page_/div_Items per page"), "Items per page:"): Actual text and expected text of test object 'Object Repository/Page_Campaign_CAC_Report1/Page_/div_Items per page' are matched.

2023-12-19 14:08:49 - [MESSAGE][PASSED] - Actual text and expected text of test object 'Object Repository/Page_Campaign_CAC_Report1/Page_/div_Items per page' are matched.

2023-12-19 14:08:49 - [TEST_STEP][PASSED] - verifyElementClickable(findTestObject("Object Repository/Page_Campaign_CAC_Report1/Page_/div_Items per page_mat-select-arrow-wrapper_b66081")): Object 'Object Repository/Page_Campaign_CAC_Report1/Page_/div_Items per page_mat-select-arrow-wrapper_b66081' is clickable

2023-12-19 14:08:49 - [MESSAGE][PASSED] - Object 'Object Repository/Page_Campaign_CAC_Report1/Page_/div_Items per page_mat-select-arrow-wrapper_b66081' is clickable

2023-12-19 14:08:49 - [TEST_STEP][PASSED] - click(findTestObject("Object Repository/Page_Campaign_CAC_Report1/Page_/div_Items per page_mat-select-arrow ng-tns-c110-10")): Object: 'Object Repository/Page_Campaign_CAC_Report1/Page_/div_Items per page_mat-select-arrow ng-tns-c110-10' is clicked on

2023-12-19 14:08:50 - [MESSAGE][PASSED] - Object: 'Object Repository/Page_Campaign_CAC_Report1/Page_/div_Items per page_mat-select-arrow ng-tns-c110-10' is clicked on

2023-12-19 14:08:50 - [TEST_STEP][PASSED] - click(findTestObject("Object Repository/Page_Campaign_CAC_Report1/Page_/span_10")): Object: 'Object Repository/Page_Campaign_CAC_Report1/Page_/span_10' is clicked on

2023-12-19 14:08:50 - [MESSAGE][PASSED] - Object: 'Object Repository/Page_Campaign_CAC_Report1/Page_/span_10' is clicked on

2023-12-19 14:08:50 - [TEST_STEP][PASSED] - click(findTestObject("Object Repository/Page_Campaign_CAC_Report1/Page_/div_Items per page_mat-select-arrow-wrapper_b66081")): Object: 'Object Repository/Page_Campaign_CAC_Report1/Page_/div_Items per page_mat-select-arrow-wrapper_b66081' is clicked on

2023-12-19 14:08:51 - [MESSAGE][PASSED] - Object: 'Object Repository/Page_Campaign_CAC_Report1/Page_/div_Items per page_mat-select-arrow-wrapper_b66081' is clicked on

2023-12-19 14:08:51 - [TEST_STEP][PASSED] - click(findTestObject("Object Repository/Page_Campaign_CAC_Report1/Page_/span_20")): Object: 'Object Repository/Page_Campaign_CAC_Report1/Page_/span_20' is clicked on

2023-12-19 14:08:52 - [MESSAGE][PASSED] - Object: 'Object Repository/Page_Campaign_CAC_Report1/Page_/span_20' is clicked on

2023-12-19 14:08:52 - [TEST_STEP][PASSED] - click(findTestObject("Object Repository/Page_Campaign_CAC_Report1/Page_/div_Items per page_mat-select-arrow ng-tns-c110-10")): Object: 'Object Repository/Page_Campaign_CAC_Report1/Page_/div_Items per page_mat-select-arrow ng-tns-c110-10' is clicked on

2023-12-19 14:08:53 - [MESSAGE][PASSED] - Object: 'Object Repository/Page_Campaign_CAC_Report1/Page_/div_Items per page_mat-select-arrow ng-tns-c110-10' is clicked on

2023-12-19 14:08:53 - [TEST_STEP][PASSED] - click(findTestObject("Object Repository/Page_Campaign_CAC_Report1/Page_/span_30")): Object: 'Object Repository/Page_Campaign_CAC_Report1/Page_/span_30' is clicked on

2023-12-19 14:08:53 - [MESSAGE][PASSED] - Object: 'Object Repository/Page_Campaign_CAC_Report1/Page_/span_30' is clicked on

2023-12-19 14:08:53 - [TEST_STEP][PASSED] - click(findTestObject("Object Repository/Page_Campaign_CAC_Report1/Page_/div_Items per page_mat-select-arrow-wrapper_b66081")): Object: 'Object Repository/Page_Campaign_CAC_Report1/Page_/div_Items per page_mat-select-arrow-wrapper_b66081' is clicked on

2023-12-19 14:08:54 - [MESSAGE][PASSED] - Object: 'Object Repository/Page_Campaign_CAC_Report1/Page_/div_Items per page_mat-select-arrow-wrapper_b66081' is clicked on

2023-12-19 14:08:54 - [TEST_STEP][PASSED] - click(findTestObject("Object Repository/Page_Campaign_CAC_Report1/Page_/span_5")): Object: 'Object Repository/Page_Campaign_CAC_Report1/Page_/span_5' is clicked on

2023-12-19 14:08:54 - [MESSAGE][PASSED] - Object: 'Object Repository/Page_Campaign_CAC_Report1/Page_/span_5' is clicked on

2023-12-19 14:08:54 - [TEST_STEP][PASSED] - verifyElementClickable(findTestObject("Object Repository/Page_Campaign_CAC_Report1/Page_/svg_Items per page_mat-paginator-icon")): Object 'Object Repository/Page_Campaign_CAC_Report1/Page_/svg_Items per page_mat-paginator-icon' is clickable

2023-12-19 14:08:55 - [MESSAGE][PASSED] - Object 'Object Repository/Page_Campaign_CAC_Report1/Page_/svg_Items per page_mat-paginator-icon' is clickable

2023-12-19 14:08:55 - [TEST_STEP][PASSED] - click(findTestObject("Object Repository/Page_Campaign_CAC_Report1/Page_/svg_Items per page_mat-paginator-icon")): Object: 'Object Repository/Page_Campaign_CAC_Report1/Page_/svg_Items per page_mat-paginator-icon' is clicked on

2023-12-19 14:08:56 - [MESSAGE][PASSED] - Object: 'Object Repository/Page_Campaign_CAC_Report1/Page_/svg_Items per page_mat-paginator-icon' is clicked on

2023-12-19 14:08:56 - [TEST_STEP][PASSED] - verifyElementClickable(findTestObject("Object Repository/Page_Campaign_CAC_Report1/Page_/svg_Items per page_mat-paginator-icon_1")): Object 'Object Repository/Page_Campaign_CAC_Report1/Page_/svg_Items per page_mat-paginator-icon_1' is clickable

2023-12-19 14:08:56 - [MESSAGE][PASSED] - Object 'Object Repository/Page_Campaign_CAC_Report1/Page_/svg_Items per page_mat-paginator-icon_1' is clickable

2023-12-19 14:08:56 - [TEST_STEP][PASSED] - click(findTestObject("Object Repository/Page_Campaign_CAC_Report1/Page_/svg_Items per page_mat-paginator-icon_1")): Object: 'Object Repository/Page_Campaign_CAC_Report1/Page_/svg_Items per page_mat-paginator-icon_1' is clicked on

2023-12-19 14:08:57 - [MESSAGE][PASSED] - Object: 'Object Repository/Page_Campaign_CAC_Report1/Page_/svg_Items per page_mat-paginator-icon_1' is clicked on

2023-12-19 14:08:57 - [TEST_STEP][PASSED] - closeBrowser(): Browser is closed

2023-12-19 14:08:58 - [MESSAGE][PASSED] - Browser is closed]]></system-out>
         <system-err><![CDATA[]]></system-err>
      </testcase>
      <testcase name="Test Cases/Campaign/test_campaign_conversion_report" time="38.446" classname="Test Cases/Campaign/test_campaign_conversion_report" status="PASSED">
         <system-out><![CDATA[2023-12-19 14:08:58 - [TEST_CASE][PASSED] - Test Cases/Campaign/test_campaign_conversion_report: Test Cases/Campaign/test_campaign_conversion_report

2023-12-19 14:08:59 - [TEST_STEP][PASSED] - callTestCase(findTestCase("Reusable_Functions/Login"), [:], CONTINUE_ON_FAILURE): Call Test Case 'Test Cases/Reusable_Functions/Login' successfully

2023-12-19 14:08:59 - [TEST_CASE][PASSED] - Test Cases/Reusable_Functions/Login: Test Cases/Reusable_Functions/Login

2023-12-19 14:08:59 - [TEST_STEP][PASSED] - openBrowser(""): Browser is opened with url: ''

2023-12-19 14:08:59 - [MESSAGE][INFO] - Starting 'Chrome' driver

2023-12-19 14:08:59 - [MESSAGE][INFO] - Action delay is set to 0 milliseconds

2023-12-19 14:09:00 - [MESSAGE][PASSED] - Browser is opened with url: ''

2023-12-19 14:09:00 - [TEST_STEP][PASSED] - maximizeWindow(): Current window maximized

2023-12-19 14:09:00 - [MESSAGE][PASSED] - Current window maximized

2023-12-19 14:09:00 - [TEST_STEP][PASSED] - navigateToUrl("https://dev-dash.admetrics.ai/"): Navigate to 'https://dev-dash.admetrics.ai/' successfully

2023-12-19 14:09:01 - [MESSAGE][PASSED] - Navigate to 'https://dev-dash.admetrics.ai/' successfully

2023-12-19 14:09:01 - [TEST_STEP][PASSED] - setText(findTestObject("Object Repository/Page_Project_Title/input_User ID_username"), "admin"): Text 'admin' is set on object 'Object Repository/Page_Project_Title/input_User ID_username'

2023-12-19 14:09:08 - [MESSAGE][PASSED] - Text 'admin' is set on object 'Object Repository/Page_Project_Title/input_User ID_username'

2023-12-19 14:09:08 - [TEST_STEP][PASSED] - setEncryptedText(findTestObject("Object Repository/Page_Project_Title/input_Password_password"), "7Dxoto1EjKfQbGop/Ov+1g=="): Text ****** has been set on object 'Object Repository/Page_Project_Title/input_Password_password'

2023-12-19 14:09:09 - [MESSAGE][PASSED] - Text ****** has been set on object 'Object Repository/Page_Project_Title/input_Password_password'

2023-12-19 14:09:09 - [TEST_STEP][PASSED] - click(findTestObject("Object Repository/Page_Project_Title/button_Login")): Object: 'Object Repository/Page_Project_Title/button_Login' is clicked on

2023-12-19 14:09:09 - [MESSAGE][PASSED] - Object: 'Object Repository/Page_Project_Title/button_Login' is clicked on

2023-12-19 14:09:09 - [MESSAGE][PASSED] - Call Test Case 'Test Cases/Reusable_Functions/Login' successfully

2023-12-19 14:09:09 - [TEST_STEP][PASSED] - verifyElementClickable(findTestObject("Object Repository/Page_Campaign_Conversion_Report/Page_/li_Campaign")): Object 'Object Repository/Page_Campaign_Conversion_Report/Page_/li_Campaign' is clickable

2023-12-19 14:09:12 - [MESSAGE][PASSED] - Object 'Object Repository/Page_Campaign_Conversion_Report/Page_/li_Campaign' is clickable

2023-12-19 14:09:12 - [TEST_STEP][PASSED] - click(findTestObject("Object Repository/Page_Campaign_Conversion_Report/Page_/i_Performance_img")): Object: 'Object Repository/Page_Campaign_Conversion_Report/Page_/i_Performance_img' is clicked on

2023-12-19 14:09:14 - [MESSAGE][PASSED] - Object: 'Object Repository/Page_Campaign_Conversion_Report/Page_/i_Performance_img' is clicked on

2023-12-19 14:09:14 - [TEST_STEP][PASSED] - verifyElementClickable(findTestObject("Object Repository/Page_Campaign_Conversion_Report/Page_/div_Campaign Conversions")): Object 'Object Repository/Page_Campaign_Conversion_Report/Page_/div_Campaign Conversions' is clickable

2023-12-19 14:09:17 - [MESSAGE][PASSED] - Object 'Object Repository/Page_Campaign_Conversion_Report/Page_/div_Campaign Conversions' is clickable

2023-12-19 14:09:17 - [TEST_STEP][PASSED] - click(findTestObject("Object Repository/Page_Campaign_Conversion_Report/Page_/div_Campaign Conversions")): Object: 'Object Repository/Page_Campaign_Conversion_Report/Page_/div_Campaign Conversions' is clicked on

2023-12-19 14:09:18 - [MESSAGE][PASSED] - Object: 'Object Repository/Page_Campaign_Conversion_Report/Page_/div_Campaign Conversions' is clicked on

2023-12-19 14:09:18 - [TEST_STEP][PASSED] - verifyElementClickable(findTestObject("Object Repository/Page_Campaign_CAC_Report1/Page_/svg_Enter a date range_mat-datepicker-toggl_ef015c")): Object 'Object Repository/Page_Campaign_CAC_Report1/Page_/svg_Enter a date range_mat-datepicker-toggl_ef015c' is clickable

2023-12-19 14:09:20 - [MESSAGE][PASSED] - Object 'Object Repository/Page_Campaign_CAC_Report1/Page_/svg_Enter a date range_mat-datepicker-toggl_ef015c' is clickable

2023-12-19 14:09:20 - [TEST_STEP][PASSED] - verifyElementClickable(findTestObject("Object Repository/Page_Campaign_Conversion_Report/Page_/mat-icon_clear")): Object 'Object Repository/Page_Campaign_Conversion_Report/Page_/mat-icon_clear' is clickable

2023-12-19 14:09:21 - [MESSAGE][PASSED] - Object 'Object Repository/Page_Campaign_Conversion_Report/Page_/mat-icon_clear' is clickable

2023-12-19 14:09:21 - [TEST_STEP][PASSED] - click(findTestObject("Object Repository/Page_Campaign_CAC_Report1/Page_/svg_Enter a date range_mat-datepicker-toggl_ef015c")): Object: 'Object Repository/Page_Campaign_CAC_Report1/Page_/svg_Enter a date range_mat-datepicker-toggl_ef015c' is clicked on

2023-12-19 14:09:21 - [MESSAGE][PASSED] - Object: 'Object Repository/Page_Campaign_CAC_Report1/Page_/svg_Enter a date range_mat-datepicker-toggl_ef015c' is clicked on

2023-12-19 14:09:21 - [TEST_STEP][PASSED] - verifyElementClickable(findTestObject("Object Repository/Page_Campaign_Conversion_Report/Page_/button_DEC 2023_mat-focus-indicator mat-cal_bd9491")): Object 'Object Repository/Page_Campaign_Conversion_Report/Page_/button_DEC 2023_mat-focus-indicator mat-cal_bd9491' is clickable

2023-12-19 14:09:22 - [MESSAGE][PASSED] - Object 'Object Repository/Page_Campaign_Conversion_Report/Page_/button_DEC 2023_mat-focus-indicator mat-cal_bd9491' is clickable

2023-12-19 14:09:22 - [TEST_STEP][PASSED] - verifyElementClickable(findTestObject("Object Repository/Page_Campaign_Conversion_Report/Page_/button_DEC 2023_mat-focus-indicator mat-cal_bd9491")): Object 'Object Repository/Page_Campaign_Conversion_Report/Page_/button_DEC 2023_mat-focus-indicator mat-cal_bd9491' is clickable

2023-12-19 14:09:23 - [MESSAGE][PASSED] - Object 'Object Repository/Page_Campaign_Conversion_Report/Page_/button_DEC 2023_mat-focus-indicator mat-cal_bd9491' is clickable

2023-12-19 14:09:23 - [TEST_STEP][PASSED] - click(findTestObject("Object Repository/Page_Campaign_Conversion_Report/Page_/button_DEC 2023_mat-focus-indicator mat-cal_bd9491")): Object: 'Object Repository/Page_Campaign_Conversion_Report/Page_/button_DEC 2023_mat-focus-indicator mat-cal_bd9491' is clicked on

2023-12-19 14:09:23 - [MESSAGE][PASSED] - Object: 'Object Repository/Page_Campaign_Conversion_Report/Page_/button_DEC 2023_mat-focus-indicator mat-cal_bd9491' is clicked on

2023-12-19 14:09:23 - [TEST_STEP][PASSED] - click(findTestObject("Object Repository/Page_Campaign_Conversion_Report/Page_/button_DEC 2023_mat-focus-indicator mat-cal_bd9491")): Object: 'Object Repository/Page_Campaign_Conversion_Report/Page_/button_DEC 2023_mat-focus-indicator mat-cal_bd9491' is clicked on

2023-12-19 14:09:24 - [MESSAGE][PASSED] - Object: 'Object Repository/Page_Campaign_Conversion_Report/Page_/button_DEC 2023_mat-focus-indicator mat-cal_bd9491' is clicked on

2023-12-19 14:09:24 - [TEST_STEP][PASSED] - click(findTestObject("Object Repository/Page_Campaign_Conversion_Report/Page_/div_1")): Object: 'Object Repository/Page_Campaign_Conversion_Report/Page_/div_1' is clicked on

2023-12-19 14:09:25 - [MESSAGE][PASSED] - Object: 'Object Repository/Page_Campaign_Conversion_Report/Page_/div_1' is clicked on

2023-12-19 14:09:25 - [TEST_STEP][PASSED] - click(findTestObject("Object Repository/Page_Campaign_Conversion_Report/Page_/div_31")): Object: 'Object Repository/Page_Campaign_Conversion_Report/Page_/div_31' is clicked on

2023-12-19 14:09:26 - [MESSAGE][PASSED] - Object: 'Object Repository/Page_Campaign_Conversion_Report/Page_/div_31' is clicked on

2023-12-19 14:09:26 - [TEST_STEP][PASSED] - verifyElementText(findTestObject("Object Repository/Page_Campaign_Conversion_Report/Page_/div_Select Channel"), "Select Channel"): Actual text and expected text of test object 'Object Repository/Page_Campaign_Conversion_Report/Page_/div_Select Channel' are matched.

2023-12-19 14:09:27 - [MESSAGE][PASSED] - Actual text and expected text of test object 'Object Repository/Page_Campaign_Conversion_Report/Page_/div_Select Channel' are matched.

2023-12-19 14:09:27 - [TEST_STEP][PASSED] - verifyElementClickable(findTestObject("Object Repository/Page_Campaign_Conversion_Report/Page_/span_Google Ads_ng-arrow-wrapper")): Object 'Object Repository/Page_Campaign_Conversion_Report/Page_/span_Google Ads_ng-arrow-wrapper' is clickable

2023-12-19 14:09:28 - [MESSAGE][PASSED] - Object 'Object Repository/Page_Campaign_Conversion_Report/Page_/span_Google Ads_ng-arrow-wrapper' is clickable

2023-12-19 14:09:28 - [TEST_STEP][PASSED] - click(findTestObject("Object Repository/Page_Campaign_Conversion_Report/Page_/input_text")): Object: 'Object Repository/Page_Campaign_Conversion_Report/Page_/input_text' is clicked on

2023-12-19 14:09:28 - [MESSAGE][PASSED] - Object: 'Object Repository/Page_Campaign_Conversion_Report/Page_/input_text' is clicked on

2023-12-19 14:09:28 - [TEST_STEP][PASSED] - click(findTestObject("Object Repository/Page_Campaign_Conversion_Report/Page_/input_text")): Object: 'Object Repository/Page_Campaign_Conversion_Report/Page_/input_text' is clicked on

2023-12-19 14:09:29 - [MESSAGE][PASSED] - Object: 'Object Repository/Page_Campaign_Conversion_Report/Page_/input_text' is clicked on

2023-12-19 14:09:29 - [TEST_STEP][PASSED] - click(findTestObject("Object Repository/Page_Campaign_Conversion_Report/Page_/span_Google Ads_ng-arrow-wrapper")): Object: 'Object Repository/Page_Campaign_Conversion_Report/Page_/span_Google Ads_ng-arrow-wrapper' is clicked on

2023-12-19 14:09:29 - [MESSAGE][PASSED] - Object: 'Object Repository/Page_Campaign_Conversion_Report/Page_/span_Google Ads_ng-arrow-wrapper' is clicked on

2023-12-19 14:09:29 - [TEST_STEP][PASSED] - verifyElementText(findTestObject("Object Repository/Page_Campaign_Conversion_Report/Page_/div_Select Businessline"), "Select Businessline"): Actual text and expected text of test object 'Object Repository/Page_Campaign_Conversion_Report/Page_/div_Select Businessline' are matched.

2023-12-19 14:09:30 - [MESSAGE][PASSED] - Actual text and expected text of test object 'Object Repository/Page_Campaign_Conversion_Report/Page_/div_Select Businessline' are matched.

2023-12-19 14:09:30 - [TEST_STEP][PASSED] - verifyElementClickable(findTestObject("Object Repository/Page_Campaign_Conversion_Report/Page_/span_Buyer_ng-arrow-wrapper")): Object 'Object Repository/Page_Campaign_Conversion_Report/Page_/span_Buyer_ng-arrow-wrapper' is clickable

2023-12-19 14:09:30 - [MESSAGE][PASSED] - Object 'Object Repository/Page_Campaign_Conversion_Report/Page_/span_Buyer_ng-arrow-wrapper' is clickable

2023-12-19 14:09:30 - [TEST_STEP][PASSED] - click(findTestObject("Object Repository/Page_Campaign_Conversion_Report/Page_/span_Buyer_ng-arrow-wrapper")): Object: 'Object Repository/Page_Campaign_Conversion_Report/Page_/span_Buyer_ng-arrow-wrapper' is clicked on

2023-12-19 14:09:31 - [MESSAGE][PASSED] - Object: 'Object Repository/Page_Campaign_Conversion_Report/Page_/span_Buyer_ng-arrow-wrapper' is clicked on

2023-12-19 14:09:31 - [TEST_STEP][PASSED] - click(findTestObject("Object Repository/Page_Campaign_Conversion_Report/Page_/span_Buyer_ng-arrow-wrapper")): Object: 'Object Repository/Page_Campaign_Conversion_Report/Page_/span_Buyer_ng-arrow-wrapper' is clicked on

2023-12-19 14:09:31 - [MESSAGE][PASSED] - Object: 'Object Repository/Page_Campaign_Conversion_Report/Page_/span_Buyer_ng-arrow-wrapper' is clicked on

2023-12-19 14:09:31 - [TEST_STEP][PASSED] - verifyElementText(findTestObject("Object Repository/Page_Campaign_Conversion_Report/Page_/div_Select Campaign Status"), "Select Campaign Status"): Actual text and expected text of test object 'Object Repository/Page_Campaign_Conversion_Report/Page_/div_Select Campaign Status' are matched.

2023-12-19 14:09:32 - [MESSAGE][PASSED] - Actual text and expected text of test object 'Object Repository/Page_Campaign_Conversion_Report/Page_/div_Select Campaign Status' are matched.

2023-12-19 14:09:32 - [TEST_STEP][PASSED] - verifyElementClickable(findTestObject("Object Repository/Page_Campaign_Conversion_Report/Page_/span_ENABLED_ng-arrow-wrapper")): Object 'Object Repository/Page_Campaign_Conversion_Report/Page_/span_ENABLED_ng-arrow-wrapper' is clickable

2023-12-19 14:09:32 - [MESSAGE][PASSED] - Object 'Object Repository/Page_Campaign_Conversion_Report/Page_/span_ENABLED_ng-arrow-wrapper' is clickable

2023-12-19 14:09:32 - [TEST_STEP][PASSED] - click(findTestObject("Object Repository/Page_Campaign_Conversion_Report/Page_/span_ENABLED_ng-arrow-wrapper")): Object: 'Object Repository/Page_Campaign_Conversion_Report/Page_/span_ENABLED_ng-arrow-wrapper' is clicked on

2023-12-19 14:09:33 - [MESSAGE][PASSED] - Object: 'Object Repository/Page_Campaign_Conversion_Report/Page_/span_ENABLED_ng-arrow-wrapper' is clicked on

2023-12-19 14:09:33 - [TEST_STEP][PASSED] - click(findTestObject("Object Repository/Page_Campaign_Conversion_Report/Page_/span_ENABLED_ng-arrow-wrapper")): Object: 'Object Repository/Page_Campaign_Conversion_Report/Page_/span_ENABLED_ng-arrow-wrapper' is clicked on

2023-12-19 14:09:33 - [MESSAGE][PASSED] - Object: 'Object Repository/Page_Campaign_Conversion_Report/Page_/span_ENABLED_ng-arrow-wrapper' is clicked on

2023-12-19 14:09:33 - [TEST_STEP][PASSED] - verifyElementText(findTestObject("Object Repository/Page_Campaign_Conversion_Report/Page_/input_text"), ""): Actual text and expected text of test object 'Object Repository/Page_Campaign_Conversion_Report/Page_/input_text' are matched.

2023-12-19 14:09:34 - [MESSAGE][PASSED] - Actual text and expected text of test object 'Object Repository/Page_Campaign_Conversion_Report/Page_/input_text' are matched.

2023-12-19 14:09:34 - [TEST_STEP][PASSED] - verifyElementClickable(findTestObject("Object Repository/Page_Campaign_Conversion_Report/Page_/span_Select Campaign Name_ng-arrow-wrapper")): Object 'Object Repository/Page_Campaign_Conversion_Report/Page_/span_Select Campaign Name_ng-arrow-wrapper' is clickable

2023-12-19 14:09:34 - [MESSAGE][PASSED] - Object 'Object Repository/Page_Campaign_Conversion_Report/Page_/span_Select Campaign Name_ng-arrow-wrapper' is clickable

2023-12-19 14:09:34 - [TEST_STEP][PASSED] - click(findTestObject("Object Repository/Page_Campaign_Conversion_Report/Page_/span_Select Campaign Name_ng-arrow-wrapper_1")): Object: 'Object Repository/Page_Campaign_Conversion_Report/Page_/span_Select Campaign Name_ng-arrow-wrapper_1' is clicked on

2023-12-19 14:09:35 - [MESSAGE][PASSED] - Object: 'Object Repository/Page_Campaign_Conversion_Report/Page_/span_Select Campaign Name_ng-arrow-wrapper_1' is clicked on

2023-12-19 14:09:35 - [TEST_STEP][PASSED] - click(findTestObject("Object Repository/Page_Campaign_Conversion_Report/Page_/span_Select Campaign Name_ng-arrow-wrapper_1_2")): Object: 'Object Repository/Page_Campaign_Conversion_Report/Page_/span_Select Campaign Name_ng-arrow-wrapper_1_2' is clicked on

2023-12-19 14:09:35 - [MESSAGE][PASSED] - Object: 'Object Repository/Page_Campaign_Conversion_Report/Page_/span_Select Campaign Name_ng-arrow-wrapper_1_2' is clicked on

2023-12-19 14:09:35 - [TEST_STEP][PASSED] - closeBrowser(): Browser is closed

2023-12-19 14:09:36 - [MESSAGE][PASSED] - Browser is closed]]></system-out>
         <system-err><![CDATA[]]></system-err>
      </testcase>
      <testcase name="Test Cases/Campaign/test_campaign_metric_table" time="54.058" classname="Test Cases/Campaign/test_campaign_metric_table" status="PASSED">
         <system-out><![CDATA[2023-12-19 14:09:36 - [TEST_CASE][PASSED] - Test Cases/Campaign/test_campaign_metric_table: Test Cases/Campaign/test_campaign_metric_table

2023-12-19 14:09:37 - [TEST_STEP][PASSED] - callTestCase(findTestCase("Reusable_Functions/Login"), [:], CONTINUE_ON_FAILURE): Call Test Case 'Test Cases/Reusable_Functions/Login' successfully

2023-12-19 14:09:37 - [TEST_CASE][PASSED] - Test Cases/Reusable_Functions/Login: Test Cases/Reusable_Functions/Login

2023-12-19 14:09:37 - [TEST_STEP][PASSED] - openBrowser(""): Browser is opened with url: ''

2023-12-19 14:09:37 - [MESSAGE][INFO] - Starting 'Chrome' driver

2023-12-19 14:09:37 - [MESSAGE][INFO] - Action delay is set to 0 milliseconds

2023-12-19 14:09:39 - [MESSAGE][PASSED] - Browser is opened with url: ''

2023-12-19 14:09:39 - [TEST_STEP][PASSED] - maximizeWindow(): Current window maximized

2023-12-19 14:09:39 - [MESSAGE][PASSED] - Current window maximized

2023-12-19 14:09:39 - [TEST_STEP][PASSED] - navigateToUrl("https://dev-dash.admetrics.ai/"): Navigate to 'https://dev-dash.admetrics.ai/' successfully

2023-12-19 14:09:40 - [MESSAGE][PASSED] - Navigate to 'https://dev-dash.admetrics.ai/' successfully

2023-12-19 14:09:40 - [TEST_STEP][PASSED] - setText(findTestObject("Object Repository/Page_Project_Title/input_User ID_username"), "admin"): Text 'admin' is set on object 'Object Repository/Page_Project_Title/input_User ID_username'

2023-12-19 14:09:45 - [MESSAGE][PASSED] - Text 'admin' is set on object 'Object Repository/Page_Project_Title/input_User ID_username'

2023-12-19 14:09:45 - [TEST_STEP][PASSED] - setEncryptedText(findTestObject("Object Repository/Page_Project_Title/input_Password_password"), "7Dxoto1EjKfQbGop/Ov+1g=="): Text ****** has been set on object 'Object Repository/Page_Project_Title/input_Password_password'

2023-12-19 14:09:46 - [MESSAGE][PASSED] - Text ****** has been set on object 'Object Repository/Page_Project_Title/input_Password_password'

2023-12-19 14:09:46 - [TEST_STEP][PASSED] - click(findTestObject("Object Repository/Page_Project_Title/button_Login")): Object: 'Object Repository/Page_Project_Title/button_Login' is clicked on

2023-12-19 14:09:46 - [MESSAGE][PASSED] - Object: 'Object Repository/Page_Project_Title/button_Login' is clicked on

2023-12-19 14:09:46 - [MESSAGE][PASSED] - Call Test Case 'Test Cases/Reusable_Functions/Login' successfully

2023-12-19 14:09:46 - [TEST_STEP][PASSED] - verifyElementClickable(findTestObject("Object Repository/Page_Campaign_Metric_Table/Page_/li_Campaign")): Object 'Object Repository/Page_Campaign_Metric_Table/Page_/li_Campaign' is clickable

2023-12-19 14:09:48 - [MESSAGE][PASSED] - Object 'Object Repository/Page_Campaign_Metric_Table/Page_/li_Campaign' is clickable

2023-12-19 14:09:48 - [TEST_STEP][PASSED] - click(findTestObject("Object Repository/Page_Campaign_Metric_Table/Page_/li_Campaign")): Object: 'Object Repository/Page_Campaign_Metric_Table/Page_/li_Campaign' is clicked on

2023-12-19 14:09:50 - [MESSAGE][PASSED] - Object: 'Object Repository/Page_Campaign_Metric_Table/Page_/li_Campaign' is clicked on

2023-12-19 14:09:50 - [TEST_STEP][PASSED] - verifyElementClickable(findTestObject("Object Repository/Page_Campaign_Metric_Table/Page_/div_Campaign Metrics")): Object 'Object Repository/Page_Campaign_Metric_Table/Page_/div_Campaign Metrics' is clickable

2023-12-19 14:09:53 - [MESSAGE][PASSED] - Object 'Object Repository/Page_Campaign_Metric_Table/Page_/div_Campaign Metrics' is clickable

2023-12-19 14:09:53 - [TEST_STEP][PASSED] - click(findTestObject("Object Repository/Page_Campaign_Metric_Table/Page_/div_Campaign Metrics")): Object: 'Object Repository/Page_Campaign_Metric_Table/Page_/div_Campaign Metrics' is clicked on

2023-12-19 14:09:54 - [MESSAGE][PASSED] - Object: 'Object Repository/Page_Campaign_Metric_Table/Page_/div_Campaign Metrics' is clicked on

2023-12-19 14:09:54 - [TEST_STEP][PASSED] - verifyElementClickable(findTestObject("Object Repository/Page_Campaign_Metric_Table/Page_/svg_Enter a date range_mat-datepicker-toggl_ef015c")): Object 'Object Repository/Page_Campaign_Metric_Table/Page_/svg_Enter a date range_mat-datepicker-toggl_ef015c' is clickable

2023-12-19 14:09:56 - [MESSAGE][PASSED] - Object 'Object Repository/Page_Campaign_Metric_Table/Page_/svg_Enter a date range_mat-datepicker-toggl_ef015c' is clickable

2023-12-19 14:09:56 - [TEST_STEP][PASSED] - verifyElementClickable(findTestObject("Object Repository/Page_Campaign_Metric_Table/Page_/mat-icon_clear")): Object 'Object Repository/Page_Campaign_Metric_Table/Page_/mat-icon_clear' is clickable

2023-12-19 14:09:56 - [MESSAGE][PASSED] - Object 'Object Repository/Page_Campaign_Metric_Table/Page_/mat-icon_clear' is clickable

2023-12-19 14:09:56 - [TEST_STEP][PASSED] - click(findTestObject("Object Repository/Page_Campaign_Metric_Table/Page_/svg_Enter a date range_mat-datepicker-toggl_ef015c")): Object: 'Object Repository/Page_Campaign_Metric_Table/Page_/svg_Enter a date range_mat-datepicker-toggl_ef015c' is clicked on

2023-12-19 14:09:57 - [MESSAGE][PASSED] - Object: 'Object Repository/Page_Campaign_Metric_Table/Page_/svg_Enter a date range_mat-datepicker-toggl_ef015c' is clicked on

2023-12-19 14:09:57 - [TEST_STEP][PASSED] - verifyElementClickable(findTestObject("Object Repository/Page_Campaign_Metric_Table/Page_/button_DEC 2023_mat-focus-indicator mat-cal_bd9491")): Object 'Object Repository/Page_Campaign_Metric_Table/Page_/button_DEC 2023_mat-focus-indicator mat-cal_bd9491' is clickable

2023-12-19 14:09:58 - [MESSAGE][PASSED] - Object 'Object Repository/Page_Campaign_Metric_Table/Page_/button_DEC 2023_mat-focus-indicator mat-cal_bd9491' is clickable

2023-12-19 14:09:58 - [TEST_STEP][PASSED] - verifyElementClickable(findTestObject("Object Repository/Page_Campaign_Metric_Table/Page_/button_DEC 2023_mat-focus-indicator mat-cal_bd9491")): Object 'Object Repository/Page_Campaign_Metric_Table/Page_/button_DEC 2023_mat-focus-indicator mat-cal_bd9491' is clickable

2023-12-19 14:09:58 - [MESSAGE][PASSED] - Object 'Object Repository/Page_Campaign_Metric_Table/Page_/button_DEC 2023_mat-focus-indicator mat-cal_bd9491' is clickable

2023-12-19 14:09:58 - [TEST_STEP][PASSED] - click(findTestObject("Object Repository/Page_Campaign_Metric_Table/Page_/button_DEC 2023_mat-focus-indicator mat-cal_bd9491")): Object: 'Object Repository/Page_Campaign_Metric_Table/Page_/button_DEC 2023_mat-focus-indicator mat-cal_bd9491' is clicked on

2023-12-19 14:09:59 - [MESSAGE][PASSED] - Object: 'Object Repository/Page_Campaign_Metric_Table/Page_/button_DEC 2023_mat-focus-indicator mat-cal_bd9491' is clicked on

2023-12-19 14:09:59 - [TEST_STEP][PASSED] - click(findTestObject("Object Repository/Page_Campaign_Metric_Table/Page_/button_DEC 2023_mat-focus-indicator mat-cal_bd9491")): Object: 'Object Repository/Page_Campaign_Metric_Table/Page_/button_DEC 2023_mat-focus-indicator mat-cal_bd9491' is clicked on

2023-12-19 14:10:00 - [MESSAGE][PASSED] - Object: 'Object Repository/Page_Campaign_Metric_Table/Page_/button_DEC 2023_mat-focus-indicator mat-cal_bd9491' is clicked on

2023-12-19 14:10:00 - [TEST_STEP][PASSED] - click(findTestObject("Object Repository/Page_Campaign_Metric_Table/Page_/button_DEC 2023_mat-focus-indicator mat-cal_bd9491")): Object: 'Object Repository/Page_Campaign_Metric_Table/Page_/button_DEC 2023_mat-focus-indicator mat-cal_bd9491' is clicked on

2023-12-19 14:10:01 - [MESSAGE][PASSED] - Object: 'Object Repository/Page_Campaign_Metric_Table/Page_/button_DEC 2023_mat-focus-indicator mat-cal_bd9491' is clicked on

2023-12-19 14:10:01 - [TEST_STEP][PASSED] - click(findTestObject("Object Repository/Page_Campaign_Metric_Table/Page_/div_1")): Object: 'Object Repository/Page_Campaign_Metric_Table/Page_/div_1' is clicked on

2023-12-19 14:10:02 - [MESSAGE][PASSED] - Object: 'Object Repository/Page_Campaign_Metric_Table/Page_/div_1' is clicked on

2023-12-19 14:10:02 - [TEST_STEP][PASSED] - click(findTestObject("Object Repository/Page_Campaign_Metric_Table/Page_/div_30")): Object: 'Object Repository/Page_Campaign_Metric_Table/Page_/div_30' is clicked on

2023-12-19 14:10:03 - [MESSAGE][PASSED] - Object: 'Object Repository/Page_Campaign_Metric_Table/Page_/div_30' is clicked on

2023-12-19 14:10:03 - [TEST_STEP][PASSED] - verifyElementText(findTestObject("Object Repository/Page_Campaign_Metric_Table/Page_/div_Select Channel"), "Select Channel"): Actual text and expected text of test object 'Object Repository/Page_Campaign_Metric_Table/Page_/div_Select Channel' are matched.

2023-12-19 14:10:04 - [MESSAGE][PASSED] - Actual text and expected text of test object 'Object Repository/Page_Campaign_Metric_Table/Page_/div_Select Channel' are matched.

2023-12-19 14:10:04 - [TEST_STEP][PASSED] - verifyElementClickable(findTestObject("Object Repository/Page_Campaign_Metric_Table/Page_/span_Google Ads_ng-arrow-wrapper")): Object 'Object Repository/Page_Campaign_Metric_Table/Page_/span_Google Ads_ng-arrow-wrapper' is clickable

2023-12-19 14:10:04 - [MESSAGE][PASSED] - Object 'Object Repository/Page_Campaign_Metric_Table/Page_/span_Google Ads_ng-arrow-wrapper' is clickable

2023-12-19 14:10:04 - [TEST_STEP][PASSED] - click(findTestObject("Object Repository/Page_Campaign_Metric_Table/Page_/span_Google Ads_ng-arrow-wrapper")): Object: 'Object Repository/Page_Campaign_Metric_Table/Page_/span_Google Ads_ng-arrow-wrapper' is clicked on

2023-12-19 14:10:05 - [MESSAGE][PASSED] - Object: 'Object Repository/Page_Campaign_Metric_Table/Page_/span_Google Ads_ng-arrow-wrapper' is clicked on

2023-12-19 14:10:05 - [TEST_STEP][PASSED] - click(findTestObject("Object Repository/Page_Campaign_Metric_Table/Page_/span_Google Ads_ng-arrow-wrapper")): Object: 'Object Repository/Page_Campaign_Metric_Table/Page_/span_Google Ads_ng-arrow-wrapper' is clicked on

2023-12-19 14:10:05 - [MESSAGE][PASSED] - Object: 'Object Repository/Page_Campaign_Metric_Table/Page_/span_Google Ads_ng-arrow-wrapper' is clicked on

2023-12-19 14:10:05 - [TEST_STEP][PASSED] - verifyElementText(findTestObject("Object Repository/Page_Campaign_Metric_Table/Page_/div_Select Businessline"), "Select Businessline"): Actual text and expected text of test object 'Object Repository/Page_Campaign_Metric_Table/Page_/div_Select Businessline' are matched.

2023-12-19 14:10:06 - [MESSAGE][PASSED] - Actual text and expected text of test object 'Object Repository/Page_Campaign_Metric_Table/Page_/div_Select Businessline' are matched.

2023-12-19 14:10:06 - [TEST_STEP][PASSED] - verifyElementClickable(findTestObject("Object Repository/Page_Campaign_Metric_Table/Page_/span_Buyer_ng-arrow-wrapper")): Object 'Object Repository/Page_Campaign_Metric_Table/Page_/span_Buyer_ng-arrow-wrapper' is clickable

2023-12-19 14:10:06 - [MESSAGE][PASSED] - Object 'Object Repository/Page_Campaign_Metric_Table/Page_/span_Buyer_ng-arrow-wrapper' is clickable

2023-12-19 14:10:06 - [TEST_STEP][PASSED] - click(findTestObject("Object Repository/Page_Campaign_Metric_Table/Page_/span_Buyer_ng-arrow-wrapper")): Object: 'Object Repository/Page_Campaign_Metric_Table/Page_/span_Buyer_ng-arrow-wrapper' is clicked on

2023-12-19 14:10:07 - [MESSAGE][PASSED] - Object: 'Object Repository/Page_Campaign_Metric_Table/Page_/span_Buyer_ng-arrow-wrapper' is clicked on

2023-12-19 14:10:07 - [TEST_STEP][PASSED] - click(findTestObject("Object Repository/Page_Campaign_Metric_Table/Page_/span_Buyer_ng-arrow-wrapper")): Object: 'Object Repository/Page_Campaign_Metric_Table/Page_/span_Buyer_ng-arrow-wrapper' is clicked on

2023-12-19 14:10:07 - [MESSAGE][PASSED] - Object: 'Object Repository/Page_Campaign_Metric_Table/Page_/span_Buyer_ng-arrow-wrapper' is clicked on

2023-12-19 14:10:07 - [TEST_STEP][PASSED] - verifyElementText(findTestObject("Object Repository/Page_Campaign_Metric_Table/Page_/div_Select Campaign Status"), "Select Campaign Status"): Actual text and expected text of test object 'Object Repository/Page_Campaign_Metric_Table/Page_/div_Select Campaign Status' are matched.

2023-12-19 14:10:08 - [MESSAGE][PASSED] - Actual text and expected text of test object 'Object Repository/Page_Campaign_Metric_Table/Page_/div_Select Campaign Status' are matched.

2023-12-19 14:10:08 - [TEST_STEP][PASSED] - verifyElementClickable(findTestObject("Object Repository/Page_Campaign_Metric_Table/Page_/span_ENABLED_ng-arrow-wrapper")): Object 'Object Repository/Page_Campaign_Metric_Table/Page_/span_ENABLED_ng-arrow-wrapper' is clickable

2023-12-19 14:10:08 - [MESSAGE][PASSED] - Object 'Object Repository/Page_Campaign_Metric_Table/Page_/span_ENABLED_ng-arrow-wrapper' is clickable

2023-12-19 14:10:08 - [TEST_STEP][PASSED] - click(findTestObject("Object Repository/Page_Campaign_Metric_Table/Page_/span_ENABLED_ng-arrow-wrapper")): Object: 'Object Repository/Page_Campaign_Metric_Table/Page_/span_ENABLED_ng-arrow-wrapper' is clicked on

2023-12-19 14:10:09 - [MESSAGE][PASSED] - Object: 'Object Repository/Page_Campaign_Metric_Table/Page_/span_ENABLED_ng-arrow-wrapper' is clicked on

2023-12-19 14:10:09 - [TEST_STEP][PASSED] - click(findTestObject("Object Repository/Page_Campaign_Metric_Table/Page_/span_ENABLED_ng-arrow-wrapper")): Object: 'Object Repository/Page_Campaign_Metric_Table/Page_/span_ENABLED_ng-arrow-wrapper' is clicked on

2023-12-19 14:10:09 - [MESSAGE][PASSED] - Object: 'Object Repository/Page_Campaign_Metric_Table/Page_/span_ENABLED_ng-arrow-wrapper' is clicked on

2023-12-19 14:10:09 - [TEST_STEP][PASSED] - verifyElementText(findTestObject("Object Repository/Page_Campaign_Metric_Table/Page_/input_text"), ""): Actual text and expected text of test object 'Object Repository/Page_Campaign_Metric_Table/Page_/input_text' are matched.

2023-12-19 14:10:10 - [MESSAGE][PASSED] - Actual text and expected text of test object 'Object Repository/Page_Campaign_Metric_Table/Page_/input_text' are matched.

2023-12-19 14:10:10 - [TEST_STEP][PASSED] - verifyElementClickable(findTestObject("Object Repository/Page_Campaign_Metric_Table/Page_/span_Select Campaign Name_ng-arrow-wrapper")): Object 'Object Repository/Page_Campaign_Metric_Table/Page_/span_Select Campaign Name_ng-arrow-wrapper' is clickable

2023-12-19 14:10:10 - [MESSAGE][PASSED] - Object 'Object Repository/Page_Campaign_Metric_Table/Page_/span_Select Campaign Name_ng-arrow-wrapper' is clickable

2023-12-19 14:10:10 - [TEST_STEP][PASSED] - click(findTestObject("Object Repository/Page_Campaign_Metric_Table/Page_/span_Select Campaign Name_ng-arrow-wrapper_1")): Object: 'Object Repository/Page_Campaign_Metric_Table/Page_/span_Select Campaign Name_ng-arrow-wrapper_1' is clicked on

2023-12-19 14:10:11 - [MESSAGE][PASSED] - Object: 'Object Repository/Page_Campaign_Metric_Table/Page_/span_Select Campaign Name_ng-arrow-wrapper_1' is clicked on

2023-12-19 14:10:11 - [TEST_STEP][PASSED] - click(findTestObject("Object Repository/Page_Campaign_Metric_Table/Page_/span_Select Campaign Name_ng-arrow-wrapper_1_2")): Object: 'Object Repository/Page_Campaign_Metric_Table/Page_/span_Select Campaign Name_ng-arrow-wrapper_1_2' is clicked on

2023-12-19 14:10:11 - [MESSAGE][PASSED] - Object: 'Object Repository/Page_Campaign_Metric_Table/Page_/span_Select Campaign Name_ng-arrow-wrapper_1_2' is clicked on

2023-12-19 14:10:11 - [TEST_STEP][PASSED] - verifyElementText(findTestObject("Object Repository/Page_Campaign_Metric_Table/Page_/h2_Campaign Metrics"), "Campaign Metrics"): Actual text and expected text of test object 'Object Repository/Page_Campaign_Metric_Table/Page_/h2_Campaign Metrics' are matched.

2023-12-19 14:10:12 - [MESSAGE][PASSED] - Actual text and expected text of test object 'Object Repository/Page_Campaign_Metric_Table/Page_/h2_Campaign Metrics' are matched.

2023-12-19 14:10:12 - [TEST_STEP][PASSED] - verifyElementText(findTestObject("Object Repository/Page_Campaign_Metric_Table/Page_/div_Date"), "Date"): Actual text and expected text of test object 'Object Repository/Page_Campaign_Metric_Table/Page_/div_Date' are matched.

2023-12-19 14:10:12 - [MESSAGE][PASSED] - Actual text and expected text of test object 'Object Repository/Page_Campaign_Metric_Table/Page_/div_Date' are matched.

2023-12-19 14:10:12 - [TEST_STEP][PASSED] - verifyElementClickable(findTestObject("Object Repository/Page_Campaign_Metric_Table/Page_/div_Date_mat-sort-header-stem ng-tns-c99-19")): Object 'Object Repository/Page_Campaign_Metric_Table/Page_/div_Date_mat-sort-header-stem ng-tns-c99-19' is clickable

2023-12-19 14:10:13 - [MESSAGE][PASSED] - Object 'Object Repository/Page_Campaign_Metric_Table/Page_/div_Date_mat-sort-header-stem ng-tns-c99-19' is clickable

2023-12-19 14:10:13 - [TEST_STEP][PASSED] - verifyElementText(findTestObject("Object Repository/Page_Campaign_Metric_Table/Page_/div_Channel"), "Channel"): Actual text and expected text of test object 'Object Repository/Page_Campaign_Metric_Table/Page_/div_Channel' are matched.

2023-12-19 14:10:13 - [MESSAGE][PASSED] - Actual text and expected text of test object 'Object Repository/Page_Campaign_Metric_Table/Page_/div_Channel' are matched.

2023-12-19 14:10:13 - [TEST_STEP][PASSED] - verifyElementClickable(findTestObject("Object Repository/Page_Campaign_Metric_Table/Page_/div_Channel_mat-sort-header-arrow ng-trigge_f57087")): Object 'Object Repository/Page_Campaign_Metric_Table/Page_/div_Channel_mat-sort-header-arrow ng-trigge_f57087' is clickable

2023-12-19 14:10:13 - [MESSAGE][PASSED] - Object 'Object Repository/Page_Campaign_Metric_Table/Page_/div_Channel_mat-sort-header-arrow ng-trigge_f57087' is clickable

2023-12-19 14:10:13 - [TEST_STEP][PASSED] - verifyElementText(findTestObject("Object Repository/Page_Campaign_Metric_Table/Page_/div_Campaign Name"), "Campaign Name"): Actual text and expected text of test object 'Object Repository/Page_Campaign_Metric_Table/Page_/div_Campaign Name' are matched.

2023-12-19 14:10:14 - [MESSAGE][PASSED] - Actual text and expected text of test object 'Object Repository/Page_Campaign_Metric_Table/Page_/div_Campaign Name' are matched.

2023-12-19 14:10:14 - [TEST_STEP][PASSED] - verifyElementClickable(findTestObject("Object Repository/Page_Campaign_Metric_Table/Page_/div_Campaign Name_mat-sort-header-arrow ng-_8987ad")): Object 'Object Repository/Page_Campaign_Metric_Table/Page_/div_Campaign Name_mat-sort-header-arrow ng-_8987ad' is clickable

2023-12-19 14:10:14 - [MESSAGE][PASSED] - Object 'Object Repository/Page_Campaign_Metric_Table/Page_/div_Campaign Name_mat-sort-header-arrow ng-_8987ad' is clickable

2023-12-19 14:10:14 - [TEST_STEP][PASSED] - click(findTestObject("Object Repository/Page_Campaign_Metric_Table/Page_/div_Campaign Name_mat-sort-header-arrow ng-_8987ad")): Object: 'Object Repository/Page_Campaign_Metric_Table/Page_/div_Campaign Name_mat-sort-header-arrow ng-_8987ad' is clicked on

2023-12-19 14:10:15 - [MESSAGE][PASSED] - Object: 'Object Repository/Page_Campaign_Metric_Table/Page_/div_Campaign Name_mat-sort-header-arrow ng-_8987ad' is clicked on

2023-12-19 14:10:15 - [TEST_STEP][PASSED] - verifyElementText(findTestObject("Object Repository/Page_Campaign_Metric_Table/Page_/div_Clicks"), "Clicks"): Actual text and expected text of test object 'Object Repository/Page_Campaign_Metric_Table/Page_/div_Clicks' are matched.

2023-12-19 14:10:15 - [MESSAGE][PASSED] - Actual text and expected text of test object 'Object Repository/Page_Campaign_Metric_Table/Page_/div_Clicks' are matched.

2023-12-19 14:10:15 - [TEST_STEP][PASSED] - verifyElementClickable(findTestObject("Object Repository/Page_Campaign_Metric_Table/Page_/div_Clicks_mat-sort-header-arrow ng-trigger_b734c1")): Object 'Object Repository/Page_Campaign_Metric_Table/Page_/div_Clicks_mat-sort-header-arrow ng-trigger_b734c1' is clickable

2023-12-19 14:10:16 - [MESSAGE][PASSED] - Object 'Object Repository/Page_Campaign_Metric_Table/Page_/div_Clicks_mat-sort-header-arrow ng-trigger_b734c1' is clickable

2023-12-19 14:10:16 - [TEST_STEP][PASSED] - click(findTestObject("Object Repository/Page_Campaign_Metric_Table/Page_/div_Clicks_mat-sort-header-pointer-right ng_476778")): Object: 'Object Repository/Page_Campaign_Metric_Table/Page_/div_Clicks_mat-sort-header-pointer-right ng_476778' is clicked on

2023-12-19 14:10:16 - [MESSAGE][PASSED] - Object: 'Object Repository/Page_Campaign_Metric_Table/Page_/div_Clicks_mat-sort-header-pointer-right ng_476778' is clicked on

2023-12-19 14:10:16 - [TEST_STEP][PASSED] - verifyElementText(findTestObject("Object Repository/Page_Campaign_Metric_Table/Page_/div_Impressions"), "Impressions"): Actual text and expected text of test object 'Object Repository/Page_Campaign_Metric_Table/Page_/div_Impressions' are matched.

2023-12-19 14:10:17 - [MESSAGE][PASSED] - Actual text and expected text of test object 'Object Repository/Page_Campaign_Metric_Table/Page_/div_Impressions' are matched.

2023-12-19 14:10:17 - [TEST_STEP][PASSED] - verifyElementClickable(findTestObject("Object Repository/Page_Campaign_Metric_Table/Page_/div_Impressions_mat-sort-header-arrow ng-tr_ed34d1")): Object 'Object Repository/Page_Campaign_Metric_Table/Page_/div_Impressions_mat-sort-header-arrow ng-tr_ed34d1' is clickable

2023-12-19 14:10:17 - [MESSAGE][PASSED] - Object 'Object Repository/Page_Campaign_Metric_Table/Page_/div_Impressions_mat-sort-header-arrow ng-tr_ed34d1' is clickable

2023-12-19 14:10:17 - [TEST_STEP][PASSED] - click(findTestObject("Object Repository/Page_Campaign_Metric_Table/Page_/div_Impressions_mat-sort-header-arrow ng-tr_f28acf")): Object: 'Object Repository/Page_Campaign_Metric_Table/Page_/div_Impressions_mat-sort-header-arrow ng-tr_f28acf' is clicked on

2023-12-19 14:10:17 - [MESSAGE][PASSED] - Object: 'Object Repository/Page_Campaign_Metric_Table/Page_/div_Impressions_mat-sort-header-arrow ng-tr_f28acf' is clicked on

2023-12-19 14:10:17 - [TEST_STEP][PASSED] - verifyElementText(findTestObject("Object Repository/Page_Campaign_Metric_Table/Page_/div_CTR"), "CTR"): Actual text and expected text of test object 'Object Repository/Page_Campaign_Metric_Table/Page_/div_CTR' are matched.

2023-12-19 14:10:18 - [MESSAGE][PASSED] - Actual text and expected text of test object 'Object Repository/Page_Campaign_Metric_Table/Page_/div_CTR' are matched.

2023-12-19 14:10:18 - [TEST_STEP][PASSED] - verifyElementClickable(findTestObject("Object Repository/Page_Campaign_Metric_Table/Page_/div_CTR_mat-sort-header-pointer-right ng-tn_aed4c2")): Object 'Object Repository/Page_Campaign_Metric_Table/Page_/div_CTR_mat-sort-header-pointer-right ng-tn_aed4c2' is clickable

2023-12-19 14:10:18 - [MESSAGE][PASSED] - Object 'Object Repository/Page_Campaign_Metric_Table/Page_/div_CTR_mat-sort-header-pointer-right ng-tn_aed4c2' is clickable

2023-12-19 14:10:18 - [TEST_STEP][PASSED] - click(findTestObject("Object Repository/Page_Campaign_Metric_Table/Page_/div_CTR_mat-sort-header-stem ng-tns-c99-24")): Object: 'Object Repository/Page_Campaign_Metric_Table/Page_/div_CTR_mat-sort-header-stem ng-tns-c99-24' is clicked on

2023-12-19 14:10:19 - [MESSAGE][PASSED] - Object: 'Object Repository/Page_Campaign_Metric_Table/Page_/div_CTR_mat-sort-header-stem ng-tns-c99-24' is clicked on

2023-12-19 14:10:19 - [TEST_STEP][PASSED] - verifyElementText(findTestObject("Object Repository/Page_Campaign_Metric_Table/Page_/div_Reach"), "Reach"): Actual text and expected text of test object 'Object Repository/Page_Campaign_Metric_Table/Page_/div_Reach' are matched.

2023-12-19 14:10:19 - [MESSAGE][PASSED] - Actual text and expected text of test object 'Object Repository/Page_Campaign_Metric_Table/Page_/div_Reach' are matched.

2023-12-19 14:10:19 - [TEST_STEP][PASSED] - verifyElementClickable(findTestObject("Object Repository/Page_Campaign_Metric_Table/Page_/div_Reach_mat-sort-header-arrow ng-trigger _8c97b8")): Object 'Object Repository/Page_Campaign_Metric_Table/Page_/div_Reach_mat-sort-header-arrow ng-trigger _8c97b8' is clickable

2023-12-19 14:10:20 - [MESSAGE][PASSED] - Object 'Object Repository/Page_Campaign_Metric_Table/Page_/div_Reach_mat-sort-header-arrow ng-trigger _8c97b8' is clickable

2023-12-19 14:10:20 - [TEST_STEP][PASSED] - click(findTestObject("Object Repository/Page_Campaign_Metric_Table/Page_/div_Reach_mat-sort-header-pointer-right ng-_fc1ecb")): Object: 'Object Repository/Page_Campaign_Metric_Table/Page_/div_Reach_mat-sort-header-pointer-right ng-_fc1ecb' is clicked on

2023-12-19 14:10:20 - [MESSAGE][PASSED] - Object: 'Object Repository/Page_Campaign_Metric_Table/Page_/div_Reach_mat-sort-header-pointer-right ng-_fc1ecb' is clicked on

2023-12-19 14:10:20 - [TEST_STEP][PASSED] - verifyElementText(findTestObject("Object Repository/Page_Campaign_Metric_Table/Page_/div_Spend"), "Spend"): Actual text and expected text of test object 'Object Repository/Page_Campaign_Metric_Table/Page_/div_Spend' are matched.

2023-12-19 14:10:21 - [MESSAGE][PASSED] - Actual text and expected text of test object 'Object Repository/Page_Campaign_Metric_Table/Page_/div_Spend' are matched.

2023-12-19 14:10:21 - [TEST_STEP][PASSED] - verifyElementClickable(findTestObject("Object Repository/Page_Campaign_Metric_Table/Page_/div_Spend_mat-sort-header-arrow ng-trigger _30b2bc")): Object 'Object Repository/Page_Campaign_Metric_Table/Page_/div_Spend_mat-sort-header-arrow ng-trigger _30b2bc' is clickable

2023-12-19 14:10:21 - [MESSAGE][PASSED] - Object 'Object Repository/Page_Campaign_Metric_Table/Page_/div_Spend_mat-sort-header-arrow ng-trigger _30b2bc' is clickable

2023-12-19 14:10:21 - [TEST_STEP][PASSED] - click(findTestObject("Object Repository/Page_Campaign_Metric_Table/Page_/div_Spend_mat-sort-header-pointer-right ng-_841ab6")): Object: 'Object Repository/Page_Campaign_Metric_Table/Page_/div_Spend_mat-sort-header-pointer-right ng-_841ab6' is clicked on

2023-12-19 14:10:22 - [MESSAGE][PASSED] - Object: 'Object Repository/Page_Campaign_Metric_Table/Page_/div_Spend_mat-sort-header-pointer-right ng-_841ab6' is clicked on

2023-12-19 14:10:22 - [TEST_STEP][PASSED] - verifyElementText(findTestObject("Object Repository/Page_Campaign_Metric_Table/Page_/div_Items per page"), "Items per page:"): Actual text and expected text of test object 'Object Repository/Page_Campaign_Metric_Table/Page_/div_Items per page' are matched.

2023-12-19 14:10:22 - [MESSAGE][PASSED] - Actual text and expected text of test object 'Object Repository/Page_Campaign_Metric_Table/Page_/div_Items per page' are matched.

2023-12-19 14:10:22 - [TEST_STEP][PASSED] - verifyElementClickable(findTestObject("Object Repository/Page_Campaign_Metric_Table/Page_/div_Items per page_mat-select-arrow-wrapper_f05958")): Object 'Object Repository/Page_Campaign_Metric_Table/Page_/div_Items per page_mat-select-arrow-wrapper_f05958' is clickable

2023-12-19 14:10:23 - [MESSAGE][PASSED] - Object 'Object Repository/Page_Campaign_Metric_Table/Page_/div_Items per page_mat-select-arrow-wrapper_f05958' is clickable

2023-12-19 14:10:23 - [TEST_STEP][PASSED] - click(findTestObject("Object Repository/Page_Campaign_Metric_Table/Page_/div_Items per page_mat-select-arrow-wrapper_f05958")): Object: 'Object Repository/Page_Campaign_Metric_Table/Page_/div_Items per page_mat-select-arrow-wrapper_f05958' is clicked on

2023-12-19 14:10:23 - [MESSAGE][PASSED] - Object: 'Object Repository/Page_Campaign_Metric_Table/Page_/div_Items per page_mat-select-arrow-wrapper_f05958' is clicked on

2023-12-19 14:10:23 - [TEST_STEP][PASSED] - click(findTestObject("Object Repository/Page_Campaign_Metric_Table/Page_/span_10")): Object: 'Object Repository/Page_Campaign_Metric_Table/Page_/span_10' is clicked on

2023-12-19 14:10:24 - [MESSAGE][PASSED] - Object: 'Object Repository/Page_Campaign_Metric_Table/Page_/span_10' is clicked on

2023-12-19 14:10:24 - [TEST_STEP][PASSED] - click(findTestObject("Object Repository/Page_Campaign_Metric_Table/Page_/div_Items per page_mat-select-arrow ng-tns-c110-18")): Object: 'Object Repository/Page_Campaign_Metric_Table/Page_/div_Items per page_mat-select-arrow ng-tns-c110-18' is clicked on

2023-12-19 14:10:24 - [MESSAGE][PASSED] - Object: 'Object Repository/Page_Campaign_Metric_Table/Page_/div_Items per page_mat-select-arrow ng-tns-c110-18' is clicked on

2023-12-19 14:10:24 - [TEST_STEP][PASSED] - click(findTestObject("Object Repository/Page_Campaign_Metric_Table/Page_/span_20")): Object: 'Object Repository/Page_Campaign_Metric_Table/Page_/span_20' is clicked on

2023-12-19 14:10:25 - [MESSAGE][PASSED] - Object: 'Object Repository/Page_Campaign_Metric_Table/Page_/span_20' is clicked on

2023-12-19 14:10:25 - [TEST_STEP][PASSED] - click(findTestObject("Object Repository/Page_Campaign_Metric_Table/Page_/div_Items per page_mat-select-arrow ng-tns-c110-18")): Object: 'Object Repository/Page_Campaign_Metric_Table/Page_/div_Items per page_mat-select-arrow ng-tns-c110-18' is clicked on

2023-12-19 14:10:26 - [MESSAGE][PASSED] - Object: 'Object Repository/Page_Campaign_Metric_Table/Page_/div_Items per page_mat-select-arrow ng-tns-c110-18' is clicked on

2023-12-19 14:10:26 - [TEST_STEP][PASSED] - click(findTestObject("Object Repository/Page_Campaign_Metric_Table/Page_/span_30")): Object: 'Object Repository/Page_Campaign_Metric_Table/Page_/span_30' is clicked on

2023-12-19 14:10:26 - [MESSAGE][PASSED] - Object: 'Object Repository/Page_Campaign_Metric_Table/Page_/span_30' is clicked on

2023-12-19 14:10:26 - [TEST_STEP][PASSED] - click(findTestObject("Object Repository/Page_Campaign_Metric_Table/Page_/div_Items per page_mat-select-arrow-wrapper_f05958")): Object: 'Object Repository/Page_Campaign_Metric_Table/Page_/div_Items per page_mat-select-arrow-wrapper_f05958' is clicked on

2023-12-19 14:10:27 - [MESSAGE][PASSED] - Object: 'Object Repository/Page_Campaign_Metric_Table/Page_/div_Items per page_mat-select-arrow-wrapper_f05958' is clicked on

2023-12-19 14:10:27 - [TEST_STEP][PASSED] - click(findTestObject("Object Repository/Page_Campaign_Metric_Table/Page_/span_5")): Object: 'Object Repository/Page_Campaign_Metric_Table/Page_/span_5' is clicked on

2023-12-19 14:10:27 - [MESSAGE][PASSED] - Object: 'Object Repository/Page_Campaign_Metric_Table/Page_/span_5' is clicked on

2023-12-19 14:10:27 - [TEST_STEP][PASSED] - verifyElementClickable(findTestObject("Object Repository/Page_Campaign_Metric_Table/Page_/svg_Items per page_mat-paginator-icon")): Object 'Object Repository/Page_Campaign_Metric_Table/Page_/svg_Items per page_mat-paginator-icon' is clickable

2023-12-19 14:10:28 - [MESSAGE][PASSED] - Object 'Object Repository/Page_Campaign_Metric_Table/Page_/svg_Items per page_mat-paginator-icon' is clickable

2023-12-19 14:10:28 - [TEST_STEP][PASSED] - click(findTestObject("Object Repository/Page_Campaign_Metric_Table/Page_/svg_Items per page_mat-paginator-icon")): Object: 'Object Repository/Page_Campaign_Metric_Table/Page_/svg_Items per page_mat-paginator-icon' is clicked on

2023-12-19 14:10:29 - [MESSAGE][PASSED] - Object: 'Object Repository/Page_Campaign_Metric_Table/Page_/svg_Items per page_mat-paginator-icon' is clicked on

2023-12-19 14:10:29 - [TEST_STEP][PASSED] - click(findTestObject("Object Repository/Page_Campaign_Metric_Table/Page_/svg_Items per page_mat-paginator-icon_1")): Object: 'Object Repository/Page_Campaign_Metric_Table/Page_/svg_Items per page_mat-paginator-icon_1' is clicked on

2023-12-19 14:10:29 - [MESSAGE][PASSED] - Object: 'Object Repository/Page_Campaign_Metric_Table/Page_/svg_Items per page_mat-paginator-icon_1' is clicked on

2023-12-19 14:10:29 - [TEST_STEP][PASSED] - closeBrowser(): Browser is closed

2023-12-19 14:10:30 - [MESSAGE][PASSED] - Browser is closed]]></system-out>
         <system-err><![CDATA[]]></system-err>
      </testcase>
      <system-out><![CDATA[2023-12-19 13:55:50 - [TEST_SUITE][PASSED] - Function_test: Test Cases/Campaign/test_campaign_metric_table]]></system-out>
      <system-err><![CDATA[]]></system-err>
   </testsuite>
</testsuites>
