<?xml version="1.0" encoding="UTF-8"?>
<testsuites name="Demo_test" time="10.418" tests="1" failures="0" errors="0">
   <testsuite name="Demo_test" tests="1" failures="0" errors="0" time="10.418" skipped="0" timestamp="2023-12-20 11:11:18" hostname="Pavitra I R - DESKTOP-MFB1Q4P" id="Test Suites/Demo_test">
      <properties>
         <property name="deviceName" value=""/>
         <property name="devicePlatform" value=""/>
         <property name="logFolder" value="C:\\Users\\Pavitra I R\\Katalon Studio\\Admetrics\\Reports\\20231220_111059\\Demo_test\\20231220_111059"/>
         <property name="logFiles" value="C:\\Users\\Pavitra I R\\Katalon Studio\\Admetrics\\Reports\\20231220_111059\\Demo_test\\20231220_111059\\execution0.log"/>
         <property name="attachments" value=""/>
         <property name="hostName" value="Pavitra I R - DESKTOP-MFB1Q4P"/>
         <property name="os" value="Windows 10 64bit"/>
         <property name="katalonVersion" value="8.6.8.208"/>
         <property name="browser" value="Chrome 120.0.0.0"/>
         <property name="hostAddress" value="192.168.1.92"/>
         <property name="sessionId" value="32250e9a6e88d36b8a4a6131971cb13b"/>
         <property name="seleniumVersion" value="3.141.59"/>
         <property name="proxyInformation" value="ProxyInformation { proxyOption=NO_PROXY, proxyServerType=HTTP, username=, password=********, proxyServerAddress=, proxyServerPort=0, executionList=&quot;&quot;, isApplyToDesiredCapabilities=true }"/>
         <property name="platform" value="Windows 10"/>
      </properties>
      <testcase name="Test Cases/Login_Page/test_validate_login_page" time="10.083" classname="Test Cases/Login_Page/test_validate_login_page" status="PASSED">
         <system-out><![CDATA[2023-12-20 11:11:18 - [TEST_CASE][PASSED] - Test Cases/Login_Page/test_validate_login_page: Test Cases/Login_Page/test_validate_login_page

2023-12-20 11:11:19 - [TEST_STEP][PASSED] - openBrowser(""): Browser is opened with url: ''

2023-12-20 11:11:19 - [MESSAGE][INFO] - Starting 'Chrome' driver

2023-12-20 11:11:19 - [MESSAGE][INFO] - Action delay is set to 0 milliseconds

2023-12-20 11:11:22 - [MESSAGE][PASSED] - Browser is opened with url: ''

2023-12-20 11:11:22 - [TEST_STEP][PASSED] - maximizeWindow(): Current window maximized

2023-12-20 11:11:22 - [MESSAGE][PASSED] - Current window maximized

2023-12-20 11:11:22 - [TEST_STEP][PASSED] - navigateToUrl(url): Navigate to 'https://dev-dash.admetrics.ai/' successfully

2023-12-20 11:11:23 - [MESSAGE][PASSED] - Navigate to 'https://dev-dash.admetrics.ai/' successfully

2023-12-20 11:11:23 - [TEST_STEP][PASSED] - setText(findTestObject("Object Repository/Page_Invalid/Page_/input_User ID_username"), username): Text '' is set on object 'Object Repository/Page_Invalid/Page_/input_User ID_username'

2023-12-20 11:11:26 - [MESSAGE][PASSED] - Text '' is set on object 'Object Repository/Page_Invalid/Page_/input_User ID_username'

2023-12-20 11:11:26 - [TEST_STEP][PASSED] - setEncryptedText(findTestObject("Object Repository/Page_Invalid/Page_/input_Password_password"), password): Text ****** has been set on object 'Object Repository/Page_Invalid/Page_/input_Password_password'

2023-12-20 11:11:27 - [MESSAGE][PASSED] - Text ****** has been set on object 'Object Repository/Page_Invalid/Page_/input_Password_password'

2023-12-20 11:11:27 - [TEST_STEP][PASSED] - click(findTestObject("Object Repository/Page_Invalid/Page_/button_Login")): Object: 'Object Repository/Page_Invalid/Page_/button_Login' is clicked on

2023-12-20 11:11:27 - [MESSAGE][PASSED] - Object: 'Object Repository/Page_Invalid/Page_/button_Login' is clicked on

2023-12-20 11:11:27 - [TEST_STEP][PASSED] - verifyElementText(findTestObject("Object Repository/Page_Invalid/Page_/span_Invalid Credentials"), "Invalid Credentials"): Actual text and expected text of test object 'Object Repository/Page_Invalid/Page_/span_Invalid Credentials' are matched.

2023-12-20 11:11:28 - [MESSAGE][PASSED] - Actual text and expected text of test object 'Object Repository/Page_Invalid/Page_/span_Invalid Credentials' are matched.

2023-12-20 11:11:28 - [TEST_STEP][PASSED] - closeBrowser(): Browser is closed

2023-12-20 11:11:28 - [MESSAGE][PASSED] - Browser is closed]]></system-out>
         <system-err><![CDATA[]]></system-err>
      </testcase>
      <system-out><![CDATA[2023-12-20 11:11:18 - [TEST_SUITE][PASSED] - Demo_test: Test Cases/Login_Page/test_validate_login_page]]></system-out>
      <system-err><![CDATA[]]></system-err>
   </testsuite>
</testsuites>
