<?xml version="1.0" encoding="UTF-8"?>
<testsuites name="browser_test" time="19.475" tests="2" failures="0" errors="0">
   <testsuite name="browser_test" tests="2" failures="0" errors="0" time="19.475" skipped="0" timestamp="2023-12-21 12:04:50" hostname="Pavitra I R - DESKTOP-MFB1Q4P" id="Test Suites/browser_test">
      <properties>
         <property name="deviceName" value=""/>
         <property name="devicePlatform" value=""/>
         <property name="logFolder" value="C:\\Users\\Pavitra I R\\Katalon Studio\\Admetrics\\Reports\\20231221_120442\\browser_test\\20231221_120442"/>
         <property name="logFiles" value="C:\\Users\\Pavitra I R\\Katalon Studio\\Admetrics\\Reports\\20231221_120442\\browser_test\\20231221_120442\\execution0.log"/>
         <property name="attachments" value=""/>
         <property name="hostName" value="Pavitra I R - DESKTOP-MFB1Q4P"/>
         <property name="os" value="Windows 10 64bit"/>
         <property name="katalonVersion" value="8.6.8.208"/>
         <property name="browser" value="Chrome 120.0.0.0"/>
         <property name="hostAddress" value="192.168.29.24"/>
         <property name="sessionId" value="93f1bf9dacef9bcf1dbe542f5e2bd19b"/>
         <property name="seleniumVersion" value="3.141.59"/>
         <property name="proxyInformation" value="ProxyInformation { proxyOption=NO_PROXY, proxyServerType=HTTP, username=, password=********, proxyServerAddress=, proxyServerPort=0, executionList=&quot;&quot;, isApplyToDesiredCapabilities=true }"/>
         <property name="platform" value="Windows 10"/>
      </properties>
      <testcase name="Test Cases/Dashboard_Page/test_login_demo" time="7.034" classname="Test Cases/Dashboard_Page/test_login_demo" status="PASSED">
         <system-out><![CDATA[2023-12-21 12:04:51 - [TEST_CASE][PASSED] - Test Cases/Dashboard_Page/test_login_demo: Test Cases/Dashboard_Page/test_login_demo

2023-12-21 12:04:51 - [TEST_STEP][PASSED] - openBrowser(""): Browser is opened with url: ''

2023-12-21 12:04:51 - [MESSAGE][INFO] - Starting 'Chrome' driver

2023-12-21 12:04:51 - [MESSAGE][INFO] - Action delay is set to 0 milliseconds

2023-12-21 12:04:54 - [MESSAGE][PASSED] - Browser is opened with url: ''

2023-12-21 12:04:54 - [TEST_STEP][PASSED] - maximizeWindow(): Current window maximized

2023-12-21 12:04:54 - [MESSAGE][PASSED] - Current window maximized

2023-12-21 12:04:54 - [TEST_STEP][PASSED] - navigateToUrl("https://dev-dash.admetrics.ai/"): Navigate to 'https://dev-dash.admetrics.ai/' successfully

2023-12-21 12:04:55 - [MESSAGE][PASSED] - Navigate to 'https://dev-dash.admetrics.ai/' successfully

2023-12-21 12:04:55 - [TEST_STEP][PASSED] - setText(findTestObject("Object Repository/page_login_demo/Page_/input_User ID_username"), "admin"): Text 'admin' is set on object 'Object Repository/page_login_demo/Page_/input_User ID_username'

2023-12-21 12:04:56 - [MESSAGE][PASSED] - Text 'admin' is set on object 'Object Repository/page_login_demo/Page_/input_User ID_username'

2023-12-21 12:04:56 - [TEST_STEP][PASSED] - setEncryptedText(findTestObject("Object Repository/page_login_demo/Page_/input_Password_password"), "7Dxoto1EjKfQbGop/Ov+1g=="): Text ****** has been set on object 'Object Repository/page_login_demo/Page_/input_Password_password'

2023-12-21 12:04:57 - [MESSAGE][PASSED] - Text ****** has been set on object 'Object Repository/page_login_demo/Page_/input_Password_password'

2023-12-21 12:04:57 - [TEST_STEP][PASSED] - click(findTestObject("Object Repository/page_login_demo/Page_/button_Login")): Object: 'Object Repository/page_login_demo/Page_/button_Login' is clicked on

2023-12-21 12:04:58 - [MESSAGE][PASSED] - Object: 'Object Repository/page_login_demo/Page_/button_Login' is clicked on]]></system-out>
         <system-err><![CDATA[]]></system-err>
      </testcase>
      <testcase name="Test Cases/Dashboard_Page/test_report" time="12.147" classname="Test Cases/Dashboard_Page/test_report" status="PASSED">
         <system-out><![CDATA[2023-12-21 12:04:58 - [TEST_CASE][PASSED] - Test Cases/Dashboard_Page/test_report: Test Cases/Dashboard_Page/test_report

2023-12-21 12:04:58 - [TEST_STEP][PASSED] - click(findTestObject("Object Repository/page_report_demo/Page_/div_Monthly Spend Report")): Object: 'Object Repository/page_report_demo/Page_/div_Monthly Spend Report' is clicked on

2023-12-21 12:05:02 - [MESSAGE][PASSED] - Object: 'Object Repository/page_report_demo/Page_/div_Monthly Spend Report' is clicked on

2023-12-21 12:05:02 - [TEST_STEP][PASSED] - click(findTestObject("Object Repository/page_report_demo/Page_/svg_Enter a date range_mat-datepicker-toggl_ef015c")): Object: 'Object Repository/page_report_demo/Page_/svg_Enter a date range_mat-datepicker-toggl_ef015c' is clicked on

2023-12-21 12:05:05 - [MESSAGE][PASSED] - Object: 'Object Repository/page_report_demo/Page_/svg_Enter a date range_mat-datepicker-toggl_ef015c' is clicked on

2023-12-21 12:05:05 - [TEST_STEP][PASSED] - click(findTestObject("Object Repository/page_report_demo/Page_/button_SEPT 2023_mat-focus-indicator mat-ca_7a0138")): Object: 'Object Repository/page_report_demo/Page_/button_SEPT 2023_mat-focus-indicator mat-ca_7a0138' is clicked on

2023-12-21 12:05:06 - [MESSAGE][PASSED] - Object: 'Object Repository/page_report_demo/Page_/button_SEPT 2023_mat-focus-indicator mat-ca_7a0138' is clicked on

2023-12-21 12:05:06 - [TEST_STEP][PASSED] - click(findTestObject("Object Repository/page_report_demo/Page_/button_SEPT 2023_mat-focus-indicator mat-ca_7a0138")): Object: 'Object Repository/page_report_demo/Page_/button_SEPT 2023_mat-focus-indicator mat-ca_7a0138' is clicked on

2023-12-21 12:05:07 - [MESSAGE][PASSED] - Object: 'Object Repository/page_report_demo/Page_/button_SEPT 2023_mat-focus-indicator mat-ca_7a0138' is clicked on

2023-12-21 12:05:07 - [TEST_STEP][PASSED] - click(findTestObject("Object Repository/page_report_demo/Page_/div_1")): Object: 'Object Repository/page_report_demo/Page_/div_1' is clicked on

2023-12-21 12:05:08 - [MESSAGE][PASSED] - Object: 'Object Repository/page_report_demo/Page_/div_1' is clicked on

2023-12-21 12:05:08 - [TEST_STEP][PASSED] - click(findTestObject("Object Repository/page_report_demo/Page_/div_31")): Object: 'Object Repository/page_report_demo/Page_/div_31' is clicked on

2023-12-21 12:05:09 - [MESSAGE][PASSED] - Object: 'Object Repository/page_report_demo/Page_/div_31' is clicked on

2023-12-21 12:05:09 - [TEST_STEP][PASSED] - closeBrowser(): Browser is closed

2023-12-21 12:05:10 - [MESSAGE][PASSED] - Browser is closed]]></system-out>
         <system-err><![CDATA[]]></system-err>
      </testcase>
      <system-out><![CDATA[2023-12-21 12:04:50 - [TEST_SUITE][PASSED] - browser_test: Test Cases/Dashboard_Page/test_report]]></system-out>
      <system-err><![CDATA[]]></system-err>
   </testsuite>
</testsuites>
