<?xml version="1.0" encoding="UTF-8"?>
<testsuites name="performance_report" time="1848.221" tests="25" failures="0" errors="0">
   <testsuite name="performance_report" tests="25" failures="0" errors="0" time="1848.221" skipped="0" timestamp="18-01-2024T06:41:17" hostname="Pavitra I R - DESKTOP-MFB1Q4P" id="Test Suites/performance_report">
      <properties>
         <property name="deviceName" value=""/>
         <property name="devicePlatform" value=""/>
         <property name="logFolder" value="C:\\Users\\Pavitra I R\\Katalon Studio\\Admetrics\\Reports\\20240118_064107\\performance_report\\20240118_064108"/>
         <property name="logFiles" value="C:\\Users\\Pavitra I R\\Katalon Studio\\Admetrics\\Reports\\20240118_064107\\performance_report\\20240118_064108\\execution0.log"/>
         <property name="attachments" value=""/>
         <property name="hostName" value="Pavitra I R - DESKTOP-MFB1Q4P"/>
         <property name="os" value="Windows 10 64bit"/>
         <property name="katalonVersion" value="9.2.0.212"/>
         <property name="browser" value="Chrome 120.0.0.0"/>
         <property name="hostAddress" value="192.168.1.102"/>
         <property name="sessionId" value="4b79e391ef208ef9673e3e307575e512"/>
         <property name="seleniumVersion" value="3.141.59"/>
         <property name="proxyInformation" value="ProxyInformation { proxyOption=NO_PROXY, proxyServerType=HTTP, username=, password=********, proxyServerAddress=, proxyServerPort=0, executionList=&quot;&quot;, isApplyToDesiredCapabilities=true }"/>
         <property name="platform" value="Windows 10"/>
      </properties>
      <testcase name="Test Cases/Performance Report/test_verify_navigating_performance_report" time="10.751" classname="Test Cases/Performance Report/test_verify_navigating_performance_report" status="PASSED">
         <system-out><![CDATA[18-01-2024T06:41:17 - [TEST_CASE][PASSED] - Test Cases/Performance Report/test_verify_navigating_performance_report: Test Cases/Performance Report/test_verify_navigating_performance_report

18-01-2024T06:41:17 - [TEST_STEP][PASSED] - callTestCase(findTestCase("Reusable_Functions/Login"), [:], CONTINUE_ON_FAILURE): Call Test Case 'Test Cases/Reusable_Functions/Login' successfully

18-01-2024T06:41:18 - [TEST_CASE][PASSED] - Test Cases/Reusable_Functions/Login: Test Cases/Reusable_Functions/Login

18-01-2024T06:41:18 - [TEST_STEP][PASSED] - openBrowser(""): Browser is opened with url: ''

18-01-2024T06:41:18 - [MESSAGE][INFO] - Starting 'Chrome' driver

18-01-2024T06:41:18 - [MESSAGE][INFO] - Action delay is set to 0 milliseconds

18-01-2024T06:41:19 - [MESSAGE][PASSED] - Browser is opened with url: ''

18-01-2024T06:41:19 - [TEST_STEP][PASSED] - maximizeWindow(): Current window maximized

18-01-2024T06:41:20 - [MESSAGE][PASSED] - Current window maximized

18-01-2024T06:41:20 - [TEST_STEP][PASSED] - navigateToUrl(url): Navigate to 'https://dash.admetrics.ai/' successfully

18-01-2024T06:41:21 - [MESSAGE][PASSED] - Navigate to 'https://dash.admetrics.ai/' successfully

18-01-2024T06:41:21 - [TEST_STEP][PASSED] - setText(findTestObject("Page_valid_login/Page_/input_User ID_username"), username): Text 'moonlyte_admin' is set on object 'Object Repository/Page_valid_login/Page_/input_User ID_username'

18-01-2024T06:41:23 - [MESSAGE][PASSED] - Text 'moonlyte_admin' is set on object 'Object Repository/Page_valid_login/Page_/input_User ID_username'

18-01-2024T06:41:23 - [TEST_STEP][PASSED] - setEncryptedText(findTestObject("Page_valid_login/Page_/input_Password_password"), password): Text ****** has been set on object 'Object Repository/Page_valid_login/Page_/input_Password_password'

18-01-2024T06:41:23 - [MESSAGE][PASSED] - Text ****** has been set on object 'Object Repository/Page_valid_login/Page_/input_Password_password'

18-01-2024T06:41:23 - [TEST_STEP][PASSED] - click(findTestObject("Page_valid_login/Page_/button_Login")): Object: 'Object Repository/Page_valid_login/Page_/button_Login' is clicked on

18-01-2024T06:41:24 - [MESSAGE][PASSED] - Object: 'Object Repository/Page_valid_login/Page_/button_Login' is clicked on

18-01-2024T06:41:24 - [MESSAGE][PASSED] - Call Test Case 'Test Cases/Reusable_Functions/Login' successfully

18-01-2024T06:41:24 - [TEST_STEP][PASSED] - verifyElementClickable(findTestObject("Object Repository/Page_Verify_Navigating_Performance_Report/Page_/li_Performance")): Object 'Object Repository/Page_Verify_Navigating_Performance_Report/Page_/li_Performance' is clickable

18-01-2024T06:41:26 - [MESSAGE][PASSED] - Object 'Object Repository/Page_Verify_Navigating_Performance_Report/Page_/li_Performance' is clickable

18-01-2024T06:41:26 - [TEST_STEP][PASSED] - click(findTestObject("Object Repository/Page_Verify_Navigating_Performance_Report/Page_/li_Performance")): Object: 'Object Repository/Page_Verify_Navigating_Performance_Report/Page_/li_Performance' is clicked on

18-01-2024T06:41:26 - [MESSAGE][PASSED] - Object: 'Object Repository/Page_Verify_Navigating_Performance_Report/Page_/li_Performance' is clicked on

18-01-2024T06:41:26 - [TEST_STEP][PASSED] - verifyElementText(findTestObject("Object Repository/Page_Verify_Navigating_Performance_Report/Page_/p_Performance Report"), "Performance Report"): Actual text and expected text of test object 'Object Repository/Page_Verify_Navigating_Performance_Report/Page_/p_Performance Report' are matched.

18-01-2024T06:41:28 - [MESSAGE][PASSED] - Actual text and expected text of test object 'Object Repository/Page_Verify_Navigating_Performance_Report/Page_/p_Performance Report' are matched.]]></system-out>
         <system-err><![CDATA[]]></system-err>
      </testcase>
      <testcase name="Test Cases/Performance Report/test_weekly_buyer_cac_tab" time="3.614" classname="Test Cases/Performance Report/test_weekly_buyer_cac_tab" status="PASSED">
         <system-out><![CDATA[18-01-2024T06:41:28 - [TEST_CASE][PASSED] - Test Cases/Performance Report/test_weekly_buyer_cac_tab: Test Cases/Performance Report/test_weekly_buyer_cac_tab

18-01-2024T06:41:28 - [TEST_STEP][PASSED] - verifyElementText(findTestObject("Object Repository/Page_Weekly_Buyer_CAC_Tab/Page_/div_Weekly Buyer CAC Report"), "Weekly Buyer CAC Report"): Actual text and expected text of test object 'Object Repository/Page_Weekly_Buyer_CAC_Tab/Page_/div_Weekly Buyer CAC Report' are matched.

18-01-2024T06:41:28 - [MESSAGE][PASSED] - Actual text and expected text of test object 'Object Repository/Page_Weekly_Buyer_CAC_Tab/Page_/div_Weekly Buyer CAC Report' are matched.

18-01-2024T06:41:28 - [TEST_STEP][PASSED] - verifyElementClickable(findTestObject("Object Repository/Page_Weekly_Buyer_CAC_Tab/Page_/div_Weekly Buyer CAC Report")): Object 'Object Repository/Page_Weekly_Buyer_CAC_Tab/Page_/div_Weekly Buyer CAC Report' is clickable

18-01-2024T06:41:29 - [MESSAGE][PASSED] - Object 'Object Repository/Page_Weekly_Buyer_CAC_Tab/Page_/div_Weekly Buyer CAC Report' is clickable

18-01-2024T06:41:29 - [TEST_STEP][PASSED] - click(findTestObject("Object Repository/Page_Weekly_Buyer_CAC_Tab/Page_/div_Weekly Buyer CAC Report")): Object: 'Object Repository/Page_Weekly_Buyer_CAC_Tab/Page_/div_Weekly Buyer CAC Report' is clicked on

18-01-2024T06:41:29 - [MESSAGE][PASSED] - Object: 'Object Repository/Page_Weekly_Buyer_CAC_Tab/Page_/div_Weekly Buyer CAC Report' is clicked on

18-01-2024T06:41:29 - [TEST_STEP][PASSED] - delay(2): Delayed 2 second(s)

18-01-2024T06:41:31 - [MESSAGE][PASSED] - Delayed 2 second(s)]]></system-out>
         <system-err><![CDATA[]]></system-err>
      </testcase>
      <testcase name="Test Cases/Performance Report/test_weely_buyer_cac_calender" time="133.086" classname="Test Cases/Performance Report/test_weely_buyer_cac_calender" status="PASSED">
         <system-out><![CDATA[18-01-2024T06:41:31 - [TEST_CASE][PASSED] - Test Cases/Performance Report/test_weely_buyer_cac_calender: Test Cases/Performance Report/test_weely_buyer_cac_calender

18-01-2024T06:41:32 - [TEST_STEP][PASSED] - verifyElementClickable(findTestObject("Object Repository/Page_Weekly_Buyer_CAC_Calender/Page_/mat-icon_clear")): Object 'Object Repository/Page_Weekly_Buyer_CAC_Calender/Page_/mat-icon_clear' is clickable

18-01-2024T06:41:32 - [MESSAGE][PASSED] - Object 'Object Repository/Page_Weekly_Buyer_CAC_Calender/Page_/mat-icon_clear' is clickable

18-01-2024T06:41:32 - [TEST_STEP][PASSED] - click(findTestObject("Object Repository/Page_Weekly_Buyer_CAC_Calender/Page_/mat-icon_clear")): Object: 'Object Repository/Page_Weekly_Buyer_CAC_Calender/Page_/mat-icon_clear' is clicked on

18-01-2024T06:41:33 - [MESSAGE][PASSED] - Object: 'Object Repository/Page_Weekly_Buyer_CAC_Calender/Page_/mat-icon_clear' is clicked on

18-01-2024T06:41:33 - [TEST_STEP][PASSED] - verifyElementClickable(findTestObject("Object Repository/Page_Weekly_Buyer_CAC_Calender/Page_/svg_mat-datepicker-toggle-default-icon ng-s_f1b13c")): Object 'Object Repository/Page_Weekly_Buyer_CAC_Calender/Page_/svg_mat-datepicker-toggle-default-icon ng-s_f1b13c' is clickable

18-01-2024T06:42:04 - [MESSAGE][INFO] - Unable to find the element located by 'By.xpath: '. Please recheck the objects properties to make sure the desired element is located. 

18-01-2024T06:42:04 - [MESSAGE][WARNING] - [SELF-HEALING] Failed to find element with id 'Object Repository/Page_Weekly_Buyer_CAC_Calender/Page_/svg_mat-datepicker-toggle-default-icon ng-s_f1b13c'. Try using Self-healing.

18-01-2024T06:42:04 - [MESSAGE][WARNING] - [SELF-HEALING] The current locator of test object 'Object Repository/Page_Weekly_Buyer_CAC_Calender/Page_/svg_mat-datepicker-toggle-default-icon ng-s_f1b13c' was broken. Propose an alternative one: 'svg.mat-datepicker-toggle-default-icon.ng-star-inserted'.

18-01-2024T06:42:04 - [MESSAGE][PASSED] - Object 'Object Repository/Page_Weekly_Buyer_CAC_Calender/Page_/svg_mat-datepicker-toggle-default-icon ng-s_f1b13c' is clickable

18-01-2024T06:42:04 - [TEST_STEP][PASSED] - click(findTestObject("Object Repository/Page_Weekly_Buyer_CAC_Calender/Page_/svg_mat-datepicker-toggle-default-icon ng-s_f1b13c")): Object: 'Object Repository/Page_Weekly_Buyer_CAC_Calender/Page_/svg_mat-datepicker-toggle-default-icon ng-s_f1b13c' is clicked on

18-01-2024T06:42:35 - [MESSAGE][INFO] - Unable to find the element located by 'By.xpath: '. Please recheck the objects properties to make sure the desired element is located. 

18-01-2024T06:42:35 - [MESSAGE][WARNING] - [SELF-HEALING] Failed to find element with id 'Object Repository/Page_Weekly_Buyer_CAC_Calender/Page_/svg_mat-datepicker-toggle-default-icon ng-s_f1b13c'. Try using Self-healing.

18-01-2024T06:42:36 - [MESSAGE][WARNING] - [SELF-HEALING] The current locator of test object 'Object Repository/Page_Weekly_Buyer_CAC_Calender/Page_/svg_mat-datepicker-toggle-default-icon ng-s_f1b13c' was broken. Propose an alternative one: 'svg.mat-datepicker-toggle-default-icon.ng-star-inserted'.

18-01-2024T06:42:36 - [MESSAGE][PASSED] - Object: 'Object Repository/Page_Weekly_Buyer_CAC_Calender/Page_/svg_mat-datepicker-toggle-default-icon ng-s_f1b13c' is clicked on

18-01-2024T06:42:36 - [TEST_STEP][PASSED] - verifyElementClickable(findTestObject("Object Repository/Page_Weekly_Buyer_CAC_Calender/Page_/polygon")): Object 'Object Repository/Page_Weekly_Buyer_CAC_Calender/Page_/polygon' is clickable

18-01-2024T06:43:07 - [MESSAGE][INFO] - Unable to find the element located by 'By.xpath: '. Please recheck the objects properties to make sure the desired element is located. 

18-01-2024T06:43:07 - [MESSAGE][WARNING] - [SELF-HEALING] Failed to find element with id 'Object Repository/Page_Weekly_Buyer_CAC_Calender/Page_/polygon'. Try using Self-healing.

18-01-2024T06:43:07 - [MESSAGE][WARNING] - [SELF-HEALING] The current locator of test object 'Object Repository/Page_Weekly_Buyer_CAC_Calender/Page_/polygon' was broken. Propose an alternative one: 'polygon'.

18-01-2024T06:43:07 - [MESSAGE][PASSED] - Object 'Object Repository/Page_Weekly_Buyer_CAC_Calender/Page_/polygon' is clickable

18-01-2024T06:43:07 - [TEST_STEP][PASSED] - verifyElementClickable(findTestObject("Object Repository/Page_Weekly_Buyer_CAC_Calender/Page_/button_mat-focus-indicator mat-calendar-pre_09dfc7")): Object 'Object Repository/Page_Weekly_Buyer_CAC_Calender/Page_/button_mat-focus-indicator mat-calendar-pre_09dfc7' is clickable

18-01-2024T06:43:08 - [MESSAGE][PASSED] - Object 'Object Repository/Page_Weekly_Buyer_CAC_Calender/Page_/button_mat-focus-indicator mat-calendar-pre_09dfc7' is clickable

18-01-2024T06:43:08 - [TEST_STEP][PASSED] - verifyElementClickable(findTestObject("Object Repository/Page_Weekly_Buyer_CAC_Calender/Page_/button_mat-focus-indicator mat-calendar-pre_09dfc7")): Object 'Object Repository/Page_Weekly_Buyer_CAC_Calender/Page_/button_mat-focus-indicator mat-calendar-pre_09dfc7' is clickable

18-01-2024T06:43:08 - [MESSAGE][PASSED] - Object 'Object Repository/Page_Weekly_Buyer_CAC_Calender/Page_/button_mat-focus-indicator mat-calendar-pre_09dfc7' is clickable

18-01-2024T06:43:08 - [TEST_STEP][PASSED] - click(findTestObject("Object Repository/Page_Weekly_Buyer_CAC_Calender/Page_/polygon")): Object: 'Object Repository/Page_Weekly_Buyer_CAC_Calender/Page_/polygon' is clicked on

18-01-2024T06:43:39 - [MESSAGE][INFO] - Unable to find the element located by 'By.xpath: '. Please recheck the objects properties to make sure the desired element is located. 

18-01-2024T06:43:39 - [MESSAGE][WARNING] - [SELF-HEALING] Failed to find element with id 'Object Repository/Page_Weekly_Buyer_CAC_Calender/Page_/polygon'. Try using Self-healing.

18-01-2024T06:43:39 - [MESSAGE][WARNING] - [SELF-HEALING] The current locator of test object 'Object Repository/Page_Weekly_Buyer_CAC_Calender/Page_/polygon' was broken. Propose an alternative one: 'polygon'.

18-01-2024T06:43:40 - [MESSAGE][PASSED] - Object: 'Object Repository/Page_Weekly_Buyer_CAC_Calender/Page_/polygon' is clicked on

18-01-2024T06:43:40 - [TEST_STEP][PASSED] - click(findTestObject("Object Repository/Page_Weekly_Buyer_CAC_Calender/Page_/span_2016  2039")): Object: 'Object Repository/Page_Weekly_Buyer_CAC_Calender/Page_/span_2016  2039' is clicked on

18-01-2024T06:43:41 - [MESSAGE][PASSED] - Object: 'Object Repository/Page_Weekly_Buyer_CAC_Calender/Page_/span_2016  2039' is clicked on

18-01-2024T06:43:41 - [TEST_STEP][PASSED] - click(findTestObject("Object Repository/Page_Weekly_Buyer_CAC_Calender/Page_/button_mat-focus-indicator mat-calendar-pre_09dfc7")): Object: 'Object Repository/Page_Weekly_Buyer_CAC_Calender/Page_/button_mat-focus-indicator mat-calendar-pre_09dfc7' is clicked on

18-01-2024T06:43:42 - [MESSAGE][PASSED] - Object: 'Object Repository/Page_Weekly_Buyer_CAC_Calender/Page_/button_mat-focus-indicator mat-calendar-pre_09dfc7' is clicked on

18-01-2024T06:43:42 - [TEST_STEP][PASSED] - click(findTestObject("Object Repository/Page_Weekly_Buyer_CAC_Calender/Page_/button_mat-focus-indicator mat-calendar-pre_09dfc7")): Object: 'Object Repository/Page_Weekly_Buyer_CAC_Calender/Page_/button_mat-focus-indicator mat-calendar-pre_09dfc7' is clicked on

18-01-2024T06:43:43 - [MESSAGE][PASSED] - Object: 'Object Repository/Page_Weekly_Buyer_CAC_Calender/Page_/button_mat-focus-indicator mat-calendar-pre_09dfc7' is clicked on

18-01-2024T06:43:43 - [TEST_STEP][PASSED] - click(findTestObject("Object Repository/Page_Weekly_Buyer_CAC_Calender/Page_/div_1")): Object: 'Object Repository/Page_Weekly_Buyer_CAC_Calender/Page_/div_1' is clicked on

18-01-2024T06:43:44 - [MESSAGE][PASSED] - Object: 'Object Repository/Page_Weekly_Buyer_CAC_Calender/Page_/div_1' is clicked on

18-01-2024T06:43:44 - [TEST_STEP][PASSED] - click(findTestObject("Object Repository/Page_Weekly_Buyer_CAC_Calender/Page_/div_31")): Object: 'Object Repository/Page_Weekly_Buyer_CAC_Calender/Page_/div_31' is clicked on

18-01-2024T06:43:44 - [MESSAGE][PASSED] - Object: 'Object Repository/Page_Weekly_Buyer_CAC_Calender/Page_/div_31' is clicked on]]></system-out>
         <system-err><![CDATA[]]></system-err>
      </testcase>
      <testcase name="Test Cases/Performance Report/test_weekly_buyer_cac_table_title" time="3.113" classname="Test Cases/Performance Report/test_weekly_buyer_cac_table_title" status="PASSED">
         <system-out><![CDATA[18-01-2024T06:43:44 - [TEST_CASE][PASSED] - Test Cases/Performance Report/test_weekly_buyer_cac_table_title: Test Cases/Performance Report/test_weekly_buyer_cac_table_title

18-01-2024T06:43:45 - [TEST_STEP][PASSED] - verifyElementText(findTestObject("Object Repository/Page_Weekly_Buyer_CAC_Table_Title/Page_/h2_Buyer CAC"), "Buyer CAC"): Actual text and expected text of test object 'Object Repository/Page_Weekly_Buyer_CAC_Table_Title/Page_/h2_Buyer CAC' are matched.

18-01-2024T06:43:46 - [MESSAGE][PASSED] - Actual text and expected text of test object 'Object Repository/Page_Weekly_Buyer_CAC_Table_Title/Page_/h2_Buyer CAC' are matched.

18-01-2024T06:43:46 - [TEST_STEP][PASSED] - verifyElementText(findTestObject("Object Repository/Page_Weekly_Buyer_CAC_Table_Title/Page_/div_Weeks"), "Weeks"): Actual text and expected text of test object 'Object Repository/Page_Weekly_Buyer_CAC_Table_Title/Page_/div_Weeks' are matched.

18-01-2024T06:43:46 - [MESSAGE][PASSED] - Actual text and expected text of test object 'Object Repository/Page_Weekly_Buyer_CAC_Table_Title/Page_/div_Weeks' are matched.

18-01-2024T06:43:46 - [TEST_STEP][PASSED] - verifyElementText(findTestObject("Object Repository/Page_Weekly_Buyer_CAC_Table_Title/Page_/div_Buyer Spend"), "Buyer Spend"): Actual text and expected text of test object 'Object Repository/Page_Weekly_Buyer_CAC_Table_Title/Page_/div_Buyer Spend' are matched.

18-01-2024T06:43:47 - [MESSAGE][PASSED] - Actual text and expected text of test object 'Object Repository/Page_Weekly_Buyer_CAC_Table_Title/Page_/div_Buyer Spend' are matched.

18-01-2024T06:43:47 - [TEST_STEP][PASSED] - verifyElementText(findTestObject("Object Repository/Page_Weekly_Buyer_CAC_Table_Title/Page_/div_Number of Project"), "Number of Project"): Actual text and expected text of test object 'Object Repository/Page_Weekly_Buyer_CAC_Table_Title/Page_/div_Number of Project' are matched.

18-01-2024T06:43:47 - [MESSAGE][PASSED] - Actual text and expected text of test object 'Object Repository/Page_Weekly_Buyer_CAC_Table_Title/Page_/div_Number of Project' are matched.

18-01-2024T06:43:47 - [TEST_STEP][PASSED] - verifyElementText(findTestObject("Object Repository/Page_Weekly_Buyer_CAC_Table_Title/Page_/div_Buyer CAC"), "Buyer CAC"): Actual text and expected text of test object 'Object Repository/Page_Weekly_Buyer_CAC_Table_Title/Page_/div_Buyer CAC' are matched.

18-01-2024T06:43:48 - [MESSAGE][PASSED] - Actual text and expected text of test object 'Object Repository/Page_Weekly_Buyer_CAC_Table_Title/Page_/div_Buyer CAC' are matched.]]></system-out>
         <system-err><![CDATA[]]></system-err>
      </testcase>
      <testcase name="Test Cases/Performance Report/test_weekly_buyer_cac_ascending_decending" time="6.778" classname="Test Cases/Performance Report/test_weekly_buyer_cac_ascending_decending" status="PASSED">
         <system-out><![CDATA[18-01-2024T06:43:48 - [TEST_CASE][PASSED] - Test Cases/Performance Report/test_weekly_buyer_cac_ascending_decending: Test Cases/Performance Report/test_weekly_buyer_cac_ascending_decending

18-01-2024T06:43:48 - [TEST_STEP][PASSED] - verifyElementClickable(findTestObject("Object Repository/Page_Weekly_Buyer_CAC_Ascending_Decending/Page_/div_mat-sort-header-stem ng-tns-c99-11_1")): Object 'Object Repository/Page_Weekly_Buyer_CAC_Ascending_Decending/Page_/div_mat-sort-header-stem ng-tns-c99-11_1' is clickable

18-01-2024T06:43:48 - [MESSAGE][PASSED] - Object 'Object Repository/Page_Weekly_Buyer_CAC_Ascending_Decending/Page_/div_mat-sort-header-stem ng-tns-c99-11_1' is clickable

18-01-2024T06:43:48 - [TEST_STEP][PASSED] - verifyElementClickable(findTestObject("Object Repository/Page_Weekly_Buyer_CAC_Ascending_Decending/Page_/div_mat-sort-header-stem ng-tns-c99-12_1")): Object 'Object Repository/Page_Weekly_Buyer_CAC_Ascending_Decending/Page_/div_mat-sort-header-stem ng-tns-c99-12_1' is clickable

18-01-2024T06:43:49 - [MESSAGE][PASSED] - Object 'Object Repository/Page_Weekly_Buyer_CAC_Ascending_Decending/Page_/div_mat-sort-header-stem ng-tns-c99-12_1' is clickable

18-01-2024T06:43:49 - [TEST_STEP][PASSED] - verifyElementClickable(findTestObject("Object Repository/Page_Weekly_Buyer_CAC_Ascending_Decending/Page_/div_mat-sort-header-stem ng-tns-c99-13_1")): Object 'Object Repository/Page_Weekly_Buyer_CAC_Ascending_Decending/Page_/div_mat-sort-header-stem ng-tns-c99-13_1' is clickable

18-01-2024T06:43:49 - [MESSAGE][PASSED] - Object 'Object Repository/Page_Weekly_Buyer_CAC_Ascending_Decending/Page_/div_mat-sort-header-stem ng-tns-c99-13_1' is clickable

18-01-2024T06:43:49 - [TEST_STEP][PASSED] - verifyElementClickable(findTestObject("Object Repository/Page_Weekly_Buyer_CAC_Ascending_Decending/Page_/div_mat-sort-header-stem ng-tns-c99-14_1")): Object 'Object Repository/Page_Weekly_Buyer_CAC_Ascending_Decending/Page_/div_mat-sort-header-stem ng-tns-c99-14_1' is clickable

18-01-2024T06:43:50 - [MESSAGE][PASSED] - Object 'Object Repository/Page_Weekly_Buyer_CAC_Ascending_Decending/Page_/div_mat-sort-header-stem ng-tns-c99-14_1' is clickable

18-01-2024T06:43:50 - [TEST_STEP][PASSED] - click(findTestObject("Object Repository/Page_Weekly_Buyer_CAC_Ascending_Decending/Page_/div_mat-sort-header-arrow ng-trigger ng-tri_4c1f59")): Object: 'Object Repository/Page_Weekly_Buyer_CAC_Ascending_Decending/Page_/div_mat-sort-header-arrow ng-trigger ng-tri_4c1f59' is clicked on

18-01-2024T06:43:50 - [MESSAGE][PASSED] - Object: 'Object Repository/Page_Weekly_Buyer_CAC_Ascending_Decending/Page_/div_mat-sort-header-arrow ng-trigger ng-tri_4c1f59' is clicked on

18-01-2024T06:43:50 - [TEST_STEP][PASSED] - click(findTestObject("Object Repository/Page_Weekly_Buyer_CAC_Ascending_Decending/Page_/div_mat-sort-header-arrow ng-trigger ng-tri_4c1f59_1")): Object: 'Object Repository/Page_Weekly_Buyer_CAC_Ascending_Decending/Page_/div_mat-sort-header-arrow ng-trigger ng-tri_4c1f59_1' is clicked on

18-01-2024T06:43:51 - [MESSAGE][PASSED] - Object: 'Object Repository/Page_Weekly_Buyer_CAC_Ascending_Decending/Page_/div_mat-sort-header-arrow ng-trigger ng-tri_4c1f59_1' is clicked on

18-01-2024T06:43:51 - [TEST_STEP][PASSED] - click(findTestObject("Object Repository/Page_Weekly_Buyer_CAC_Ascending_Decending/Page_/div_mat-sort-header-arrow ng-trigger ng-tri_b60667")): Object: 'Object Repository/Page_Weekly_Buyer_CAC_Ascending_Decending/Page_/div_mat-sort-header-arrow ng-trigger ng-tri_b60667' is clicked on

18-01-2024T06:43:51 - [MESSAGE][PASSED] - Object: 'Object Repository/Page_Weekly_Buyer_CAC_Ascending_Decending/Page_/div_mat-sort-header-arrow ng-trigger ng-tri_b60667' is clicked on

18-01-2024T06:43:51 - [TEST_STEP][PASSED] - click(findTestObject("Object Repository/Page_Weekly_Buyer_CAC_Ascending_Decending/Page_/div_mat-sort-header-arrow ng-trigger ng-tri_b60667_1")): Object: 'Object Repository/Page_Weekly_Buyer_CAC_Ascending_Decending/Page_/div_mat-sort-header-arrow ng-trigger ng-tri_b60667_1' is clicked on

18-01-2024T06:43:52 - [MESSAGE][PASSED] - Object: 'Object Repository/Page_Weekly_Buyer_CAC_Ascending_Decending/Page_/div_mat-sort-header-arrow ng-trigger ng-tri_b60667_1' is clicked on

18-01-2024T06:43:52 - [TEST_STEP][PASSED] - click(findTestObject("Object Repository/Page_Weekly_Buyer_CAC_Ascending_Decending/Page_/div_mat-sort-header-stem ng-tns-c99-13")): Object: 'Object Repository/Page_Weekly_Buyer_CAC_Ascending_Decending/Page_/div_mat-sort-header-stem ng-tns-c99-13' is clicked on

18-01-2024T06:43:53 - [MESSAGE][PASSED] - Object: 'Object Repository/Page_Weekly_Buyer_CAC_Ascending_Decending/Page_/div_mat-sort-header-stem ng-tns-c99-13' is clicked on

18-01-2024T06:43:53 - [TEST_STEP][PASSED] - click(findTestObject("Object Repository/Page_Weekly_Buyer_CAC_Ascending_Decending/Page_/div_mat-sort-header-stem ng-tns-c99-13_1_2")): Object: 'Object Repository/Page_Weekly_Buyer_CAC_Ascending_Decending/Page_/div_mat-sort-header-stem ng-tns-c99-13_1_2' is clicked on

18-01-2024T06:43:53 - [MESSAGE][PASSED] - Object: 'Object Repository/Page_Weekly_Buyer_CAC_Ascending_Decending/Page_/div_mat-sort-header-stem ng-tns-c99-13_1_2' is clicked on

18-01-2024T06:43:53 - [TEST_STEP][PASSED] - click(findTestObject("Object Repository/Page_Weekly_Buyer_CAC_Ascending_Decending/Page_/div_mat-sort-header-stem ng-tns-c99-14")): Object: 'Object Repository/Page_Weekly_Buyer_CAC_Ascending_Decending/Page_/div_mat-sort-header-stem ng-tns-c99-14' is clicked on

18-01-2024T06:43:54 - [MESSAGE][PASSED] - Object: 'Object Repository/Page_Weekly_Buyer_CAC_Ascending_Decending/Page_/div_mat-sort-header-stem ng-tns-c99-14' is clicked on

18-01-2024T06:43:54 - [TEST_STEP][PASSED] - click(findTestObject("Object Repository/Page_Weekly_Buyer_CAC_Ascending_Decending/Page_/div_mat-sort-header-stem ng-tns-c99-14_1_2")): Object: 'Object Repository/Page_Weekly_Buyer_CAC_Ascending_Decending/Page_/div_mat-sort-header-stem ng-tns-c99-14_1_2' is clicked on

18-01-2024T06:43:54 - [MESSAGE][PASSED] - Object: 'Object Repository/Page_Weekly_Buyer_CAC_Ascending_Decending/Page_/div_mat-sort-header-stem ng-tns-c99-14_1_2' is clicked on]]></system-out>
         <system-err><![CDATA[]]></system-err>
      </testcase>
      <testcase name="Test Cases/Performance Report/test_weekly_buyer_cac_items_dropdown" time="6.478" classname="Test Cases/Performance Report/test_weekly_buyer_cac_items_dropdown" status="PASSED">
         <system-out><![CDATA[18-01-2024T06:43:54 - [TEST_CASE][PASSED] - Test Cases/Performance Report/test_weekly_buyer_cac_items_dropdown: Test Cases/Performance Report/test_weekly_buyer_cac_items_dropdown

18-01-2024T06:43:55 - [TEST_STEP][PASSED] - callTestCase(findTestCase("Reusable_Functions/Items_per_page"), [:], CONTINUE_ON_FAILURE): Call Test Case 'Test Cases/Reusable_Functions/Items_per_page' successfully

18-01-2024T06:43:55 - [TEST_CASE][PASSED] - Test Cases/Reusable_Functions/Items_per_page: Test Cases/Reusable_Functions/Items_per_page

18-01-2024T06:43:55 - [TEST_STEP][PASSED] - verifyElementText(findTestObject("Object Repository/Page_Items_Per_Page/Page_/div_Items per page"), "Items per page:"): Actual text and expected text of test object 'Object Repository/Page_Items_Per_Page/Page_/div_Items per page' are matched.

18-01-2024T06:43:55 - [MESSAGE][PASSED] - Actual text and expected text of test object 'Object Repository/Page_Items_Per_Page/Page_/div_Items per page' are matched.

18-01-2024T06:43:55 - [TEST_STEP][PASSED] - verifyElementClickable(findTestObject("Object Repository/Page_Items_Per_Page/Page_/div_mat-select-arrow ng-tns-c110-10")): Object 'Object Repository/Page_Items_Per_Page/Page_/div_mat-select-arrow ng-tns-c110-10' is clickable

18-01-2024T06:43:56 - [MESSAGE][PASSED] - Object 'Object Repository/Page_Items_Per_Page/Page_/div_mat-select-arrow ng-tns-c110-10' is clickable

18-01-2024T06:43:56 - [TEST_STEP][PASSED] - click(findTestObject("Object Repository/Page_Items_Per_Page/Page_/div_mat-select-arrow-wrapper ng-tns-c110-10")): Object: 'Object Repository/Page_Items_Per_Page/Page_/div_mat-select-arrow-wrapper ng-tns-c110-10' is clicked on

18-01-2024T06:43:56 - [MESSAGE][PASSED] - Object: 'Object Repository/Page_Items_Per_Page/Page_/div_mat-select-arrow-wrapper ng-tns-c110-10' is clicked on

18-01-2024T06:43:56 - [TEST_STEP][PASSED] - click(findTestObject("Object Repository/Page_Items_Per_Page/Page_/span_10")): Object: 'Object Repository/Page_Items_Per_Page/Page_/span_10' is clicked on

18-01-2024T06:43:57 - [MESSAGE][PASSED] - Object: 'Object Repository/Page_Items_Per_Page/Page_/span_10' is clicked on

18-01-2024T06:43:57 - [TEST_STEP][PASSED] - click(findTestObject("Object Repository/Page_Items_Per_Page/Page_/div_mat-select-arrow-wrapper ng-tns-c110-10")): Object: 'Object Repository/Page_Items_Per_Page/Page_/div_mat-select-arrow-wrapper ng-tns-c110-10' is clicked on

18-01-2024T06:43:58 - [MESSAGE][PASSED] - Object: 'Object Repository/Page_Items_Per_Page/Page_/div_mat-select-arrow-wrapper ng-tns-c110-10' is clicked on

18-01-2024T06:43:58 - [TEST_STEP][PASSED] - click(findTestObject("Object Repository/Page_Items_Per_Page/Page_/span_20")): Object: 'Object Repository/Page_Items_Per_Page/Page_/span_20' is clicked on

18-01-2024T06:43:58 - [MESSAGE][PASSED] - Object: 'Object Repository/Page_Items_Per_Page/Page_/span_20' is clicked on

18-01-2024T06:43:58 - [TEST_STEP][PASSED] - click(findTestObject("Object Repository/Page_Items_Per_Page/Page_/div_mat-select-arrow-wrapper ng-tns-c110-10")): Object: 'Object Repository/Page_Items_Per_Page/Page_/div_mat-select-arrow-wrapper ng-tns-c110-10' is clicked on

18-01-2024T06:43:59 - [MESSAGE][PASSED] - Object: 'Object Repository/Page_Items_Per_Page/Page_/div_mat-select-arrow-wrapper ng-tns-c110-10' is clicked on

18-01-2024T06:43:59 - [TEST_STEP][PASSED] - click(findTestObject("Object Repository/Page_Items_Per_Page/Page_/span_30")): Object: 'Object Repository/Page_Items_Per_Page/Page_/span_30' is clicked on

18-01-2024T06:44:00 - [MESSAGE][PASSED] - Object: 'Object Repository/Page_Items_Per_Page/Page_/span_30' is clicked on

18-01-2024T06:44:00 - [TEST_STEP][PASSED] - click(findTestObject("Object Repository/Page_Items_Per_Page/Page_/div_mat-select-arrow ng-tns-c110-10")): Object: 'Object Repository/Page_Items_Per_Page/Page_/div_mat-select-arrow ng-tns-c110-10' is clicked on

18-01-2024T06:44:00 - [MESSAGE][PASSED] - Object: 'Object Repository/Page_Items_Per_Page/Page_/div_mat-select-arrow ng-tns-c110-10' is clicked on

18-01-2024T06:44:00 - [TEST_STEP][PASSED] - click(findTestObject("Object Repository/Page_Items_Per_Page/Page_/span_5")): Object: 'Object Repository/Page_Items_Per_Page/Page_/span_5' is clicked on

18-01-2024T06:44:01 - [MESSAGE][PASSED] - Object: 'Object Repository/Page_Items_Per_Page/Page_/span_5' is clicked on

18-01-2024T06:44:01 - [MESSAGE][PASSED] - Call Test Case 'Test Cases/Reusable_Functions/Items_per_page' successfully]]></system-out>
         <system-err><![CDATA[]]></system-err>
      </testcase>
      <testcase name="Test Cases/Performance Report/test_weekly_seller_cac_tab" time="1.546" classname="Test Cases/Performance Report/test_weekly_seller_cac_tab" status="PASSED">
         <system-out><![CDATA[18-01-2024T06:44:01 - [TEST_CASE][PASSED] - Test Cases/Performance Report/test_weekly_seller_cac_tab: Test Cases/Performance Report/test_weekly_seller_cac_tab

18-01-2024T06:44:01 - [TEST_STEP][PASSED] - verifyElementText(findTestObject("Object Repository/Page_Weekly_Seller_CAC_Tab/Page_/div_Weekly Seller CAC Report"), "Weekly Seller CAC Report"): Actual text and expected text of test object 'Object Repository/Page_Weekly_Seller_CAC_Tab/Page_/div_Weekly Seller CAC Report' are matched.

18-01-2024T06:44:01 - [MESSAGE][PASSED] - Actual text and expected text of test object 'Object Repository/Page_Weekly_Seller_CAC_Tab/Page_/div_Weekly Seller CAC Report' are matched.

18-01-2024T06:44:01 - [TEST_STEP][PASSED] - verifyElementClickable(findTestObject("Object Repository/Page_Weekly_Seller_CAC_Tab/Page_/div_Weekly Seller CAC Report")): Object 'Object Repository/Page_Weekly_Seller_CAC_Tab/Page_/div_Weekly Seller CAC Report' is clickable

18-01-2024T06:44:02 - [MESSAGE][PASSED] - Object 'Object Repository/Page_Weekly_Seller_CAC_Tab/Page_/div_Weekly Seller CAC Report' is clickable

18-01-2024T06:44:02 - [TEST_STEP][PASSED] - click(findTestObject("Object Repository/Page_Weekly_Seller_CAC_Tab/Page_/div_Weekly Seller CAC Report")): Object: 'Object Repository/Page_Weekly_Seller_CAC_Tab/Page_/div_Weekly Seller CAC Report' is clicked on

18-01-2024T06:44:02 - [MESSAGE][PASSED] - Object: 'Object Repository/Page_Weekly_Seller_CAC_Tab/Page_/div_Weekly Seller CAC Report' is clicked on]]></system-out>
         <system-err><![CDATA[]]></system-err>
      </testcase>
      <testcase name="Test Cases/Performance Report/test_weekly_seller_cac_calender" time="289.487" classname="Test Cases/Performance Report/test_weekly_seller_cac_calender" status="PASSED">
         <system-out><![CDATA[18-01-2024T06:44:02 - [TEST_CASE][PASSED] - Test Cases/Performance Report/test_weekly_seller_cac_calender: Test Cases/Performance Report/test_weekly_seller_cac_calender

18-01-2024T06:44:03 - [TEST_STEP][PASSED] - callTestCase(findTestCase("Reusable_Functions/Calender"), [:], CONTINUE_ON_FAILURE): Call Test Case 'Test Cases/Reusable_Functions/Calender' successfully

18-01-2024T06:44:03 - [TEST_CASE][PASSED] - Test Cases/Reusable_Functions/Calender: Test Cases/Reusable_Functions/Calender

18-01-2024T06:44:03 - [TEST_STEP][PASSED] - verifyElementClickable(findTestObject("Object Repository/Page_Calender/Page_/mat-icon_clear")): Object 'Object Repository/Page_Calender/Page_/mat-icon_clear' is clickable

18-01-2024T06:44:34 - [MESSAGE][INFO] - Unable to find the element located by 'By.xpath: //mat-tab-body[@id='mat-tab-content-0-0']/div/app-weekly-admetric/div/div/div/app-time-series-filter-panel/div/mat-form-field/div/div/div/mat-icon'. Please recheck the objects properties to make sure the desired element is located. 

18-01-2024T06:44:34 - [MESSAGE][WARNING] - [SELF-HEALING] Failed to find element with id 'Object Repository/Page_Calender/Page_/mat-icon_clear'. Try using Self-healing.

18-01-2024T06:44:35 - [MESSAGE][WARNING] - [SELF-HEALING] The current locator of test object 'Object Repository/Page_Calender/Page_/mat-icon_clear' was broken. Propose an alternative one: '//mat-icon'.

18-01-2024T06:44:35 - [MESSAGE][PASSED] - Object 'Object Repository/Page_Calender/Page_/mat-icon_clear' is clickable

18-01-2024T06:44:35 - [TEST_STEP][PASSED] - click(findTestObject("Object Repository/Page_Calender/Page_/mat-icon_clear")): Object: 'Object Repository/Page_Calender/Page_/mat-icon_clear' is clicked on

18-01-2024T06:45:06 - [MESSAGE][INFO] - Unable to find the element located by 'By.xpath: //mat-tab-body[@id='mat-tab-content-0-0']/div/app-weekly-admetric/div/div/div/app-time-series-filter-panel/div/mat-form-field/div/div/div/mat-icon'. Please recheck the objects properties to make sure the desired element is located. 

18-01-2024T06:45:06 - [MESSAGE][WARNING] - [SELF-HEALING] Failed to find element with id 'Object Repository/Page_Calender/Page_/mat-icon_clear'. Try using Self-healing.

18-01-2024T06:45:06 - [MESSAGE][WARNING] - [SELF-HEALING] The current locator of test object 'Object Repository/Page_Calender/Page_/mat-icon_clear' was broken. Propose an alternative one: '//mat-icon'.

18-01-2024T06:45:06 - [MESSAGE][PASSED] - Object: 'Object Repository/Page_Calender/Page_/mat-icon_clear' is clicked on

18-01-2024T06:45:06 - [TEST_STEP][PASSED] - verifyElementClickable(findTestObject("Object Repository/Page_Calender/Page_/svg_mat-datepicker-toggle-default-icon ng-s_f1b13c")): Object 'Object Repository/Page_Calender/Page_/svg_mat-datepicker-toggle-default-icon ng-s_f1b13c' is clickable

18-01-2024T06:45:37 - [MESSAGE][INFO] - Unable to find the element located by 'By.xpath: '. Please recheck the objects properties to make sure the desired element is located. 

18-01-2024T06:45:37 - [MESSAGE][WARNING] - [SELF-HEALING] Failed to find element with id 'Object Repository/Page_Calender/Page_/svg_mat-datepicker-toggle-default-icon ng-s_f1b13c'. Try using Self-healing.

18-01-2024T06:45:38 - [MESSAGE][WARNING] - [SELF-HEALING] The current locator of test object 'Object Repository/Page_Calender/Page_/svg_mat-datepicker-toggle-default-icon ng-s_f1b13c' was broken. Propose an alternative one: 'svg.mat-datepicker-toggle-default-icon.ng-star-inserted'.

18-01-2024T06:45:38 - [MESSAGE][PASSED] - Object 'Object Repository/Page_Calender/Page_/svg_mat-datepicker-toggle-default-icon ng-s_f1b13c' is clickable

18-01-2024T06:45:38 - [TEST_STEP][PASSED] - click(findTestObject("Object Repository/Page_Calender/Page_/svg_mat-datepicker-toggle-default-icon ng-s_f1b13c")): Object: 'Object Repository/Page_Calender/Page_/svg_mat-datepicker-toggle-default-icon ng-s_f1b13c' is clicked on

18-01-2024T06:46:09 - [MESSAGE][INFO] - Unable to find the element located by 'By.xpath: '. Please recheck the objects properties to make sure the desired element is located. 

18-01-2024T06:46:09 - [MESSAGE][WARNING] - [SELF-HEALING] Failed to find element with id 'Object Repository/Page_Calender/Page_/svg_mat-datepicker-toggle-default-icon ng-s_f1b13c'. Try using Self-healing.

18-01-2024T06:46:09 - [MESSAGE][WARNING] - [SELF-HEALING] The current locator of test object 'Object Repository/Page_Calender/Page_/svg_mat-datepicker-toggle-default-icon ng-s_f1b13c' was broken. Propose an alternative one: 'svg.mat-datepicker-toggle-default-icon.ng-star-inserted'.

18-01-2024T06:46:09 - [MESSAGE][PASSED] - Object: 'Object Repository/Page_Calender/Page_/svg_mat-datepicker-toggle-default-icon ng-s_f1b13c' is clicked on

18-01-2024T06:46:09 - [TEST_STEP][PASSED] - verifyElementClickable(findTestObject("Object Repository/Page_Calender/Page_/button_mat-focus-indicator mat-calendar-pre_09dfc7")): Object 'Object Repository/Page_Calender/Page_/button_mat-focus-indicator mat-calendar-pre_09dfc7' is clickable

18-01-2024T06:46:10 - [MESSAGE][PASSED] - Object 'Object Repository/Page_Calender/Page_/button_mat-focus-indicator mat-calendar-pre_09dfc7' is clickable

18-01-2024T06:46:10 - [TEST_STEP][PASSED] - verifyElementClickable(findTestObject("Object Repository/Page_Calender/Page_/button_mat-focus-indicator mat-calendar-pre_09dfc7")): Object 'Object Repository/Page_Calender/Page_/button_mat-focus-indicator mat-calendar-pre_09dfc7' is clickable

18-01-2024T06:46:11 - [MESSAGE][PASSED] - Object 'Object Repository/Page_Calender/Page_/button_mat-focus-indicator mat-calendar-pre_09dfc7' is clickable

18-01-2024T06:46:11 - [TEST_STEP][PASSED] - verifyElementClickable(findTestObject("Object Repository/Page_Calender/Page_/span_DEC 2023")): Object 'Object Repository/Page_Calender/Page_/span_DEC 2023' is clickable

18-01-2024T06:46:42 - [MESSAGE][INFO] - Unable to find the element located by 'By.xpath: //mat-calendar[@id='mat-datepicker-0']/mat-calendar-header/div/div/button/span'. Please recheck the objects properties to make sure the desired element is located. 

18-01-2024T06:46:42 - [MESSAGE][WARNING] - [SELF-HEALING] Failed to find element with id 'Object Repository/Page_Calender/Page_/span_DEC 2023'. Try using Self-healing.

18-01-2024T06:46:43 - [MESSAGE][WARNING] - [SELF-HEALING] The current locator of test object 'Object Repository/Page_Calender/Page_/span_DEC 2023' was broken. Propose an alternative one: '//div/div/button/span'.

18-01-2024T06:46:43 - [MESSAGE][PASSED] - Object 'Object Repository/Page_Calender/Page_/span_DEC 2023' is clickable

18-01-2024T06:46:43 - [TEST_STEP][PASSED] - click(findTestObject("Object Repository/Page_Calender/Page_/polygon")): Object: 'Object Repository/Page_Calender/Page_/polygon' is clicked on

18-01-2024T06:47:14 - [MESSAGE][INFO] - Unable to find the element located by 'By.xpath: '. Please recheck the objects properties to make sure the desired element is located. 

18-01-2024T06:47:14 - [MESSAGE][WARNING] - [SELF-HEALING] Failed to find element with id 'Object Repository/Page_Calender/Page_/polygon'. Try using Self-healing.

18-01-2024T06:47:14 - [MESSAGE][WARNING] - [SELF-HEALING] The current locator of test object 'Object Repository/Page_Calender/Page_/polygon' was broken. Propose an alternative one: 'polygon'.

18-01-2024T06:47:14 - [MESSAGE][PASSED] - Object: 'Object Repository/Page_Calender/Page_/polygon' is clicked on

18-01-2024T06:47:14 - [TEST_STEP][PASSED] - click(findTestObject("Object Repository/Page_Calender/Page_/svg_mat-calendar-arrow mat-calendar-invert")): Object: 'Object Repository/Page_Calender/Page_/svg_mat-calendar-arrow mat-calendar-invert' is clicked on

18-01-2024T06:47:46 - [MESSAGE][INFO] - Unable to find the element located by 'By.xpath: '. Please recheck the objects properties to make sure the desired element is located. 

18-01-2024T06:47:46 - [MESSAGE][WARNING] - [SELF-HEALING] Failed to find element with id 'Object Repository/Page_Calender/Page_/svg_mat-calendar-arrow mat-calendar-invert'. Try using Self-healing.

18-01-2024T06:47:46 - [MESSAGE][WARNING] - [SELF-HEALING] The current locator of test object 'Object Repository/Page_Calender/Page_/svg_mat-calendar-arrow mat-calendar-invert' was broken. Propose an alternative one: 'svg.mat-calendar-arrow.mat-calendar-invert'.

18-01-2024T06:47:46 - [MESSAGE][PASSED] - Object: 'Object Repository/Page_Calender/Page_/svg_mat-calendar-arrow mat-calendar-invert' is clicked on

18-01-2024T06:47:46 - [TEST_STEP][PASSED] - click(findTestObject("Object Repository/Page_Calender/Page_/button_mat-focus-indicator mat-calendar-pre_09dfc7")): Object: 'Object Repository/Page_Calender/Page_/button_mat-focus-indicator mat-calendar-pre_09dfc7' is clicked on

18-01-2024T06:47:47 - [MESSAGE][PASSED] - Object: 'Object Repository/Page_Calender/Page_/button_mat-focus-indicator mat-calendar-pre_09dfc7' is clicked on

18-01-2024T06:47:47 - [TEST_STEP][PASSED] - click(findTestObject("Object Repository/Page_Calender/Page_/button_mat-focus-indicator mat-calendar-pre_09dfc7")): Object: 'Object Repository/Page_Calender/Page_/button_mat-focus-indicator mat-calendar-pre_09dfc7' is clicked on

18-01-2024T06:47:48 - [MESSAGE][PASSED] - Object: 'Object Repository/Page_Calender/Page_/button_mat-focus-indicator mat-calendar-pre_09dfc7' is clicked on

18-01-2024T06:47:48 - [TEST_STEP][PASSED] - click(findTestObject("Object Repository/Page_Calender/Page_/div_1")): Object: 'Object Repository/Page_Calender/Page_/div_1' is clicked on

18-01-2024T06:48:20 - [MESSAGE][INFO] - Unable to find the element located by 'By.xpath: //mat-calendar[@id='mat-datepicker-0']/div/mat-month-view/table/tbody/tr[2]/td/button/div'. Please recheck the objects properties to make sure the desired element is located. 

18-01-2024T06:48:20 - [MESSAGE][WARNING] - [SELF-HEALING] Failed to find element with id 'Object Repository/Page_Calender/Page_/div_1'. Try using Self-healing.

18-01-2024T06:48:20 - [MESSAGE][WARNING] - [SELF-HEALING] The current locator of test object 'Object Repository/Page_Calender/Page_/div_1' was broken. Propose an alternative one: '//td/button/div'.

18-01-2024T06:48:20 - [MESSAGE][PASSED] - Object: 'Object Repository/Page_Calender/Page_/div_1' is clicked on

18-01-2024T06:48:20 - [TEST_STEP][PASSED] - click(findTestObject("Object Repository/Page_Calender/Page_/div_31")): Object: 'Object Repository/Page_Calender/Page_/div_31' is clicked on

18-01-2024T06:48:51 - [MESSAGE][INFO] - Unable to find the element located by 'By.xpath: //mat-calendar[@id='mat-datepicker-0']/div/mat-month-view/table/tbody/tr[6]/td[3]/button/div'. Please recheck the objects properties to make sure the desired element is located. 

18-01-2024T06:48:51 - [MESSAGE][WARNING] - [SELF-HEALING] Failed to find element with id 'Object Repository/Page_Calender/Page_/div_31'. Try using Self-healing.

18-01-2024T06:48:52 - [MESSAGE][WARNING] - [SELF-HEALING] The current locator of test object 'Object Repository/Page_Calender/Page_/div_31' was broken. Propose an alternative one: '//tr[6]/td[3]/button/div'.

18-01-2024T06:48:52 - [MESSAGE][PASSED] - Object: 'Object Repository/Page_Calender/Page_/div_31' is clicked on

18-01-2024T06:48:52 - [MESSAGE][INFO] - 

18-01-2024T06:48:52 - [MESSAGE][INFO] - ===================== Self-healing Report ====================

18-01-2024T06:48:52 - [MESSAGE][INFO] - One of the failed test object locators has been recovered by Self-healing. Please refer to the Self-healing Insights tab for more details.

18-01-2024T06:48:52 - [MESSAGE][INFO] - To learn more about Self-healing, please read https://docs.katalon.com/katalon-studio/docs/self-healing.html

18-01-2024T06:48:52 - [MESSAGE][INFO] - ==============================================================

18-01-2024T06:48:52 - [MESSAGE][PASSED] - Call Test Case 'Test Cases/Reusable_Functions/Calender' successfully]]></system-out>
         <system-err><![CDATA[]]></system-err>
      </testcase>
      <testcase name="Test Cases/Performance Report/test_weekly_seller_cac_table_title" time="3.1" classname="Test Cases/Performance Report/test_weekly_seller_cac_table_title" status="PASSED">
         <system-out><![CDATA[18-01-2024T06:48:52 - [TEST_CASE][PASSED] - Test Cases/Performance Report/test_weekly_seller_cac_table_title: Test Cases/Performance Report/test_weekly_seller_cac_table_title

18-01-2024T06:48:52 - [TEST_STEP][PASSED] - verifyElementText(findTestObject("Object Repository/Page_Weekly_Seller_CAC_Table_Title/Page_/h2_Seller CAC"), "Seller CAC"): Actual text and expected text of test object 'Object Repository/Page_Weekly_Seller_CAC_Table_Title/Page_/h2_Seller CAC' are matched.

18-01-2024T06:48:53 - [MESSAGE][PASSED] - Actual text and expected text of test object 'Object Repository/Page_Weekly_Seller_CAC_Table_Title/Page_/h2_Seller CAC' are matched.

18-01-2024T06:48:53 - [TEST_STEP][PASSED] - verifyElementText(findTestObject("Object Repository/Page_Weekly_Seller_CAC_Table_Title/Page_/div_Weeks"), "Weeks"): Actual text and expected text of test object 'Object Repository/Page_Weekly_Seller_CAC_Table_Title/Page_/div_Weeks' are matched.

18-01-2024T06:48:54 - [MESSAGE][PASSED] - Actual text and expected text of test object 'Object Repository/Page_Weekly_Seller_CAC_Table_Title/Page_/div_Weeks' are matched.

18-01-2024T06:48:54 - [TEST_STEP][PASSED] - verifyElementText(findTestObject("Object Repository/Page_Weekly_Seller_CAC_Table_Title/Page_/div_Seller Spend"), "Seller Spend"): Actual text and expected text of test object 'Object Repository/Page_Weekly_Seller_CAC_Table_Title/Page_/div_Seller Spend' are matched.

18-01-2024T06:48:54 - [MESSAGE][PASSED] - Actual text and expected text of test object 'Object Repository/Page_Weekly_Seller_CAC_Table_Title/Page_/div_Seller Spend' are matched.

18-01-2024T06:48:54 - [TEST_STEP][PASSED] - verifyElementText(findTestObject("Object Repository/Page_Weekly_Seller_CAC_Table_Title/Page_/div_Number of Applications"), "Number of Applications"): Actual text and expected text of test object 'Object Repository/Page_Weekly_Seller_CAC_Table_Title/Page_/div_Number of Applications' are matched.

18-01-2024T06:48:55 - [MESSAGE][PASSED] - Actual text and expected text of test object 'Object Repository/Page_Weekly_Seller_CAC_Table_Title/Page_/div_Number of Applications' are matched.

18-01-2024T06:48:55 - [TEST_STEP][PASSED] - verifyElementText(findTestObject("Object Repository/Page_Weekly_Seller_CAC_Table_Title/Page_/div_Seller CAC"), "Seller CAC"): Actual text and expected text of test object 'Object Repository/Page_Weekly_Seller_CAC_Table_Title/Page_/div_Seller CAC' are matched.

18-01-2024T06:48:55 - [MESSAGE][PASSED] - Actual text and expected text of test object 'Object Repository/Page_Weekly_Seller_CAC_Table_Title/Page_/div_Seller CAC' are matched.]]></system-out>
         <system-err><![CDATA[]]></system-err>
      </testcase>
      <testcase name="Test Cases/Performance Report/test_weekly_seller_cac_asending_decending" time="6.595" classname="Test Cases/Performance Report/test_weekly_seller_cac_asending_decending" status="PASSED">
         <system-out><![CDATA[18-01-2024T06:48:55 - [TEST_CASE][PASSED] - Test Cases/Performance Report/test_weekly_seller_cac_asending_decending: Test Cases/Performance Report/test_weekly_seller_cac_asending_decending

18-01-2024T06:48:55 - [TEST_STEP][PASSED] - verifyElementClickable(findTestObject("Object Repository/Page_Weekly_Seller_CAC_Ascending_Decending/Page_/div_mat-sort-header-arrow ng-trigger ng-tri_de4702")): Object 'Object Repository/Page_Weekly_Seller_CAC_Ascending_Decending/Page_/div_mat-sort-header-arrow ng-trigger ng-tri_de4702' is clickable

18-01-2024T06:48:56 - [MESSAGE][PASSED] - Object 'Object Repository/Page_Weekly_Seller_CAC_Ascending_Decending/Page_/div_mat-sort-header-arrow ng-trigger ng-tri_de4702' is clickable

18-01-2024T06:48:56 - [TEST_STEP][PASSED] - verifyElementClickable(findTestObject("Object Repository/Page_Weekly_Seller_CAC_Ascending_Decending/Page_/div_mat-sort-header-arrow ng-trigger ng-tri_506a70")): Object 'Object Repository/Page_Weekly_Seller_CAC_Ascending_Decending/Page_/div_mat-sort-header-arrow ng-trigger ng-tri_506a70' is clickable

18-01-2024T06:48:56 - [MESSAGE][PASSED] - Object 'Object Repository/Page_Weekly_Seller_CAC_Ascending_Decending/Page_/div_mat-sort-header-arrow ng-trigger ng-tri_506a70' is clickable

18-01-2024T06:48:56 - [TEST_STEP][PASSED] - verifyElementClickable(findTestObject("Object Repository/Page_Weekly_Seller_CAC_Ascending_Decending/Page_/div_mat-sort-header-arrow ng-trigger ng-tri_6cc990")): Object 'Object Repository/Page_Weekly_Seller_CAC_Ascending_Decending/Page_/div_mat-sort-header-arrow ng-trigger ng-tri_6cc990' is clickable

18-01-2024T06:48:57 - [MESSAGE][PASSED] - Object 'Object Repository/Page_Weekly_Seller_CAC_Ascending_Decending/Page_/div_mat-sort-header-arrow ng-trigger ng-tri_6cc990' is clickable

18-01-2024T06:48:57 - [TEST_STEP][PASSED] - verifyElementClickable(findTestObject("Object Repository/Page_Weekly_Seller_CAC_Ascending_Decending/Page_/div_mat-sort-header-arrow ng-trigger ng-tri_a7da72")): Object 'Object Repository/Page_Weekly_Seller_CAC_Ascending_Decending/Page_/div_mat-sort-header-arrow ng-trigger ng-tri_a7da72' is clickable

18-01-2024T06:48:57 - [MESSAGE][PASSED] - Object 'Object Repository/Page_Weekly_Seller_CAC_Ascending_Decending/Page_/div_mat-sort-header-arrow ng-trigger ng-tri_a7da72' is clickable

18-01-2024T06:48:57 - [TEST_STEP][PASSED] - click(findTestObject("Object Repository/Page_Weekly_Seller_CAC_Ascending_Decending/Page_/div_mat-sort-header-arrow ng-trigger ng-tri_c2f568")): Object: 'Object Repository/Page_Weekly_Seller_CAC_Ascending_Decending/Page_/div_mat-sort-header-arrow ng-trigger ng-tri_c2f568' is clicked on

18-01-2024T06:48:57 - [MESSAGE][PASSED] - Object: 'Object Repository/Page_Weekly_Seller_CAC_Ascending_Decending/Page_/div_mat-sort-header-arrow ng-trigger ng-tri_c2f568' is clicked on

18-01-2024T06:48:57 - [TEST_STEP][PASSED] - click(findTestObject("Object Repository/Page_Weekly_Seller_CAC_Ascending_Decending/Page_/div_mat-sort-header-arrow ng-trigger ng-tri_c2f568_1")): Object: 'Object Repository/Page_Weekly_Seller_CAC_Ascending_Decending/Page_/div_mat-sort-header-arrow ng-trigger ng-tri_c2f568_1' is clicked on

18-01-2024T06:48:58 - [MESSAGE][PASSED] - Object: 'Object Repository/Page_Weekly_Seller_CAC_Ascending_Decending/Page_/div_mat-sort-header-arrow ng-trigger ng-tri_c2f568_1' is clicked on

18-01-2024T06:48:58 - [TEST_STEP][PASSED] - click(findTestObject("Object Repository/Page_Weekly_Seller_CAC_Ascending_Decending/Page_/div_mat-sort-header-pointer-right ng-tns-c9_150dad")): Object: 'Object Repository/Page_Weekly_Seller_CAC_Ascending_Decending/Page_/div_mat-sort-header-pointer-right ng-tns-c9_150dad' is clicked on

18-01-2024T06:48:59 - [MESSAGE][PASSED] - Object: 'Object Repository/Page_Weekly_Seller_CAC_Ascending_Decending/Page_/div_mat-sort-header-pointer-right ng-tns-c9_150dad' is clicked on

18-01-2024T06:48:59 - [TEST_STEP][PASSED] - click(findTestObject("Object Repository/Page_Weekly_Seller_CAC_Ascending_Decending/Page_/div_mat-sort-header-pointer-right ng-tns-c9_150dad_1")): Object: 'Object Repository/Page_Weekly_Seller_CAC_Ascending_Decending/Page_/div_mat-sort-header-pointer-right ng-tns-c9_150dad_1' is clicked on

18-01-2024T06:48:59 - [MESSAGE][PASSED] - Object: 'Object Repository/Page_Weekly_Seller_CAC_Ascending_Decending/Page_/div_mat-sort-header-pointer-right ng-tns-c9_150dad_1' is clicked on

18-01-2024T06:48:59 - [TEST_STEP][PASSED] - click(findTestObject("Object Repository/Page_Weekly_Seller_CAC_Ascending_Decending/Page_/div_mat-sort-header-arrow ng-trigger ng-tri_52b0b7")): Object: 'Object Repository/Page_Weekly_Seller_CAC_Ascending_Decending/Page_/div_mat-sort-header-arrow ng-trigger ng-tri_52b0b7' is clicked on

18-01-2024T06:49:00 - [MESSAGE][PASSED] - Object: 'Object Repository/Page_Weekly_Seller_CAC_Ascending_Decending/Page_/div_mat-sort-header-arrow ng-trigger ng-tri_52b0b7' is clicked on

18-01-2024T06:49:00 - [TEST_STEP][PASSED] - click(findTestObject("Object Repository/Page_Weekly_Seller_CAC_Ascending_Decending/Page_/div_mat-sort-header-arrow ng-trigger ng-tri_52b0b7_1")): Object: 'Object Repository/Page_Weekly_Seller_CAC_Ascending_Decending/Page_/div_mat-sort-header-arrow ng-trigger ng-tri_52b0b7_1' is clicked on

18-01-2024T06:49:00 - [MESSAGE][PASSED] - Object: 'Object Repository/Page_Weekly_Seller_CAC_Ascending_Decending/Page_/div_mat-sort-header-arrow ng-trigger ng-tri_52b0b7_1' is clicked on

18-01-2024T06:49:00 - [TEST_STEP][PASSED] - click(findTestObject("Object Repository/Page_Weekly_Seller_CAC_Ascending_Decending/Page_/div_mat-sort-header-stem ng-tns-c99-22")): Object: 'Object Repository/Page_Weekly_Seller_CAC_Ascending_Decending/Page_/div_mat-sort-header-stem ng-tns-c99-22' is clicked on

18-01-2024T06:49:01 - [MESSAGE][PASSED] - Object: 'Object Repository/Page_Weekly_Seller_CAC_Ascending_Decending/Page_/div_mat-sort-header-stem ng-tns-c99-22' is clicked on

18-01-2024T06:49:01 - [TEST_STEP][PASSED] - click(findTestObject("Object Repository/Page_Weekly_Seller_CAC_Ascending_Decending/Page_/div_mat-sort-header-stem ng-tns-c99-22_1")): Object: 'Object Repository/Page_Weekly_Seller_CAC_Ascending_Decending/Page_/div_mat-sort-header-stem ng-tns-c99-22_1' is clicked on

18-01-2024T06:49:02 - [MESSAGE][PASSED] - Object: 'Object Repository/Page_Weekly_Seller_CAC_Ascending_Decending/Page_/div_mat-sort-header-stem ng-tns-c99-22_1' is clicked on]]></system-out>
         <system-err><![CDATA[]]></system-err>
      </testcase>
      <testcase name="Test Cases/Performance Report/test_weekly_seller_cac_items_dropdown" time="322.262" classname="Test Cases/Performance Report/test_weekly_seller_cac_items_dropdown" status="PASSED">
         <system-out><![CDATA[18-01-2024T06:49:02 - [TEST_CASE][PASSED] - Test Cases/Performance Report/test_weekly_seller_cac_items_dropdown: Test Cases/Performance Report/test_weekly_seller_cac_items_dropdown

18-01-2024T06:49:02 - [TEST_STEP][PASSED] - callTestCase(findTestCase("Reusable_Functions/Items_per_page"), [:], CONTINUE_ON_FAILURE): Call Test Case 'Test Cases/Reusable_Functions/Items_per_page' successfully

18-01-2024T06:49:02 - [TEST_CASE][PASSED] - Test Cases/Reusable_Functions/Items_per_page: Test Cases/Reusable_Functions/Items_per_page

18-01-2024T06:49:02 - [TEST_STEP][PASSED] - verifyElementText(findTestObject("Object Repository/Page_Items_Per_Page/Page_/div_Items per page"), "Items per page:"): Actual text and expected text of test object 'Object Repository/Page_Items_Per_Page/Page_/div_Items per page' are matched.

18-01-2024T06:49:33 - [MESSAGE][INFO] - Unable to find the element located by 'By.xpath: //div[@id='table1']/app-weekly-approved-vs-campaign-table/div/div/div/app-material-heat-chart-drilldown-table/div/mat-paginator/div/div/div/div'. Please recheck the objects properties to make sure the desired element is located. 

18-01-2024T06:49:33 - [MESSAGE][WARNING] - [SELF-HEALING] Failed to find element with id 'Object Repository/Page_Items_Per_Page/Page_/div_Items per page'. Try using Self-healing.

18-01-2024T06:49:33 - [MESSAGE][WARNING] - [SELF-HEALING] The current locator of test object 'Object Repository/Page_Items_Per_Page/Page_/div_Items per page' was broken. Propose an alternative one: '//mat-paginator/div/div/div/div'.

18-01-2024T06:49:33 - [MESSAGE][PASSED] - Actual text and expected text of test object 'Object Repository/Page_Items_Per_Page/Page_/div_Items per page' are matched.

18-01-2024T06:49:33 - [TEST_STEP][PASSED] - verifyElementClickable(findTestObject("Object Repository/Page_Items_Per_Page/Page_/div_mat-select-arrow ng-tns-c110-10")): Object 'Object Repository/Page_Items_Per_Page/Page_/div_mat-select-arrow ng-tns-c110-10' is clickable

18-01-2024T06:50:05 - [MESSAGE][INFO] - Unable to find the element located by 'By.xpath: //mat-select[@id='mat-select-0']/div/div[2]/div'. Please recheck the objects properties to make sure the desired element is located. 

18-01-2024T06:50:05 - [MESSAGE][WARNING] - [SELF-HEALING] Failed to find element with id 'Object Repository/Page_Items_Per_Page/Page_/div_mat-select-arrow ng-tns-c110-10'. Try using Self-healing.

18-01-2024T06:50:05 - [MESSAGE][WARNING] - [SELF-HEALING] The current locator of test object 'Object Repository/Page_Items_Per_Page/Page_/div_mat-select-arrow ng-tns-c110-10' was broken. Propose an alternative one: '//mat-select/div/div[2]/div'.

18-01-2024T06:50:05 - [MESSAGE][PASSED] - Object 'Object Repository/Page_Items_Per_Page/Page_/div_mat-select-arrow ng-tns-c110-10' is clickable

18-01-2024T06:50:05 - [TEST_STEP][PASSED] - click(findTestObject("Object Repository/Page_Items_Per_Page/Page_/div_mat-select-arrow-wrapper ng-tns-c110-10")): Object: 'Object Repository/Page_Items_Per_Page/Page_/div_mat-select-arrow-wrapper ng-tns-c110-10' is clicked on

18-01-2024T06:50:36 - [MESSAGE][INFO] - Unable to find the element located by 'By.xpath: //mat-select[@id='mat-select-0']/div/div[2]'. Please recheck the objects properties to make sure the desired element is located. 

18-01-2024T06:50:36 - [MESSAGE][WARNING] - [SELF-HEALING] Failed to find element with id 'Object Repository/Page_Items_Per_Page/Page_/div_mat-select-arrow-wrapper ng-tns-c110-10'. Try using Self-healing.

18-01-2024T06:50:36 - [MESSAGE][WARNING] - [SELF-HEALING] The current locator of test object 'Object Repository/Page_Items_Per_Page/Page_/div_mat-select-arrow-wrapper ng-tns-c110-10' was broken. Propose an alternative one: '//mat-select/div/div[2]'.

18-01-2024T06:50:37 - [MESSAGE][PASSED] - Object: 'Object Repository/Page_Items_Per_Page/Page_/div_mat-select-arrow-wrapper ng-tns-c110-10' is clicked on

18-01-2024T06:50:37 - [TEST_STEP][PASSED] - click(findTestObject("Object Repository/Page_Items_Per_Page/Page_/span_10")): Object: 'Object Repository/Page_Items_Per_Page/Page_/span_10' is clicked on

18-01-2024T06:51:08 - [MESSAGE][INFO] - Unable to find the element located by 'By.xpath: //mat-option[@id='mat-option-1']/span'. Please recheck the objects properties to make sure the desired element is located. 

18-01-2024T06:51:08 - [MESSAGE][WARNING] - [SELF-HEALING] Failed to find element with id 'Object Repository/Page_Items_Per_Page/Page_/span_10'. Try using Self-healing.

18-01-2024T06:51:08 - [MESSAGE][WARNING] - [SELF-HEALING] The current locator of test object 'Object Repository/Page_Items_Per_Page/Page_/span_10' was broken. Propose an alternative one: '//mat-option[2]/span'.

18-01-2024T06:51:08 - [MESSAGE][PASSED] - Object: 'Object Repository/Page_Items_Per_Page/Page_/span_10' is clicked on

18-01-2024T06:51:08 - [TEST_STEP][PASSED] - click(findTestObject("Object Repository/Page_Items_Per_Page/Page_/div_mat-select-arrow-wrapper ng-tns-c110-10")): Object: 'Object Repository/Page_Items_Per_Page/Page_/div_mat-select-arrow-wrapper ng-tns-c110-10' is clicked on

18-01-2024T06:51:40 - [MESSAGE][INFO] - Unable to find the element located by 'By.xpath: //mat-select[@id='mat-select-0']/div/div[2]'. Please recheck the objects properties to make sure the desired element is located. 

18-01-2024T06:51:40 - [MESSAGE][WARNING] - [SELF-HEALING] Failed to find element with id 'Object Repository/Page_Items_Per_Page/Page_/div_mat-select-arrow-wrapper ng-tns-c110-10'. Try using Self-healing.

18-01-2024T06:51:40 - [MESSAGE][WARNING] - [SELF-HEALING] The current locator of test object 'Object Repository/Page_Items_Per_Page/Page_/div_mat-select-arrow-wrapper ng-tns-c110-10' was broken. Propose an alternative one: '//mat-select/div/div[2]'.

18-01-2024T06:51:40 - [MESSAGE][PASSED] - Object: 'Object Repository/Page_Items_Per_Page/Page_/div_mat-select-arrow-wrapper ng-tns-c110-10' is clicked on

18-01-2024T06:51:40 - [TEST_STEP][PASSED] - click(findTestObject("Object Repository/Page_Items_Per_Page/Page_/span_20")): Object: 'Object Repository/Page_Items_Per_Page/Page_/span_20' is clicked on

18-01-2024T06:52:11 - [MESSAGE][INFO] - Unable to find the element located by 'By.xpath: //mat-option[@id='mat-option-2']/span'. Please recheck the objects properties to make sure the desired element is located. 

18-01-2024T06:52:11 - [MESSAGE][WARNING] - [SELF-HEALING] Failed to find element with id 'Object Repository/Page_Items_Per_Page/Page_/span_20'. Try using Self-healing.

18-01-2024T06:52:12 - [MESSAGE][WARNING] - [SELF-HEALING] The current locator of test object 'Object Repository/Page_Items_Per_Page/Page_/span_20' was broken. Propose an alternative one: '//mat-option[3]/span'.

18-01-2024T06:52:12 - [MESSAGE][PASSED] - Object: 'Object Repository/Page_Items_Per_Page/Page_/span_20' is clicked on

18-01-2024T06:52:12 - [TEST_STEP][PASSED] - click(findTestObject("Object Repository/Page_Items_Per_Page/Page_/div_mat-select-arrow-wrapper ng-tns-c110-10")): Object: 'Object Repository/Page_Items_Per_Page/Page_/div_mat-select-arrow-wrapper ng-tns-c110-10' is clicked on

18-01-2024T06:52:43 - [MESSAGE][INFO] - Unable to find the element located by 'By.xpath: //mat-select[@id='mat-select-0']/div/div[2]'. Please recheck the objects properties to make sure the desired element is located. 

18-01-2024T06:52:43 - [MESSAGE][WARNING] - [SELF-HEALING] Failed to find element with id 'Object Repository/Page_Items_Per_Page/Page_/div_mat-select-arrow-wrapper ng-tns-c110-10'. Try using Self-healing.

18-01-2024T06:52:43 - [MESSAGE][WARNING] - [SELF-HEALING] The current locator of test object 'Object Repository/Page_Items_Per_Page/Page_/div_mat-select-arrow-wrapper ng-tns-c110-10' was broken. Propose an alternative one: '//mat-select/div/div[2]'.

18-01-2024T06:52:43 - [MESSAGE][PASSED] - Object: 'Object Repository/Page_Items_Per_Page/Page_/div_mat-select-arrow-wrapper ng-tns-c110-10' is clicked on

18-01-2024T06:52:43 - [TEST_STEP][PASSED] - click(findTestObject("Object Repository/Page_Items_Per_Page/Page_/span_30")): Object: 'Object Repository/Page_Items_Per_Page/Page_/span_30' is clicked on

18-01-2024T06:53:15 - [MESSAGE][INFO] - Unable to find the element located by 'By.xpath: //mat-option[@id='mat-option-3']/span'. Please recheck the objects properties to make sure the desired element is located. 

18-01-2024T06:53:15 - [MESSAGE][WARNING] - [SELF-HEALING] Failed to find element with id 'Object Repository/Page_Items_Per_Page/Page_/span_30'. Try using Self-healing.

18-01-2024T06:53:15 - [MESSAGE][WARNING] - [SELF-HEALING] The current locator of test object 'Object Repository/Page_Items_Per_Page/Page_/span_30' was broken. Propose an alternative one: '//mat-option[4]/span'.

18-01-2024T06:53:15 - [MESSAGE][PASSED] - Object: 'Object Repository/Page_Items_Per_Page/Page_/span_30' is clicked on

18-01-2024T06:53:15 - [TEST_STEP][PASSED] - click(findTestObject("Object Repository/Page_Items_Per_Page/Page_/div_mat-select-arrow ng-tns-c110-10")): Object: 'Object Repository/Page_Items_Per_Page/Page_/div_mat-select-arrow ng-tns-c110-10' is clicked on

18-01-2024T06:53:46 - [MESSAGE][INFO] - Unable to find the element located by 'By.xpath: //mat-select[@id='mat-select-0']/div/div[2]/div'. Please recheck the objects properties to make sure the desired element is located. 

18-01-2024T06:53:46 - [MESSAGE][WARNING] - [SELF-HEALING] Failed to find element with id 'Object Repository/Page_Items_Per_Page/Page_/div_mat-select-arrow ng-tns-c110-10'. Try using Self-healing.

18-01-2024T06:53:47 - [MESSAGE][WARNING] - [SELF-HEALING] The current locator of test object 'Object Repository/Page_Items_Per_Page/Page_/div_mat-select-arrow ng-tns-c110-10' was broken. Propose an alternative one: '//mat-select/div/div[2]/div'.

18-01-2024T06:53:47 - [MESSAGE][PASSED] - Object: 'Object Repository/Page_Items_Per_Page/Page_/div_mat-select-arrow ng-tns-c110-10' is clicked on

18-01-2024T06:53:47 - [TEST_STEP][PASSED] - click(findTestObject("Object Repository/Page_Items_Per_Page/Page_/span_5")): Object: 'Object Repository/Page_Items_Per_Page/Page_/span_5' is clicked on

18-01-2024T06:54:18 - [MESSAGE][INFO] - Unable to find the element located by 'By.xpath: //mat-option[@id='mat-option-0']/span'. Please recheck the objects properties to make sure the desired element is located. 

18-01-2024T06:54:18 - [MESSAGE][WARNING] - [SELF-HEALING] Failed to find element with id 'Object Repository/Page_Items_Per_Page/Page_/span_5'. Try using Self-healing.

18-01-2024T06:54:18 - [MESSAGE][WARNING] - [SELF-HEALING] The current locator of test object 'Object Repository/Page_Items_Per_Page/Page_/span_5' was broken. Propose an alternative one: '//mat-option/span'.

18-01-2024T06:54:18 - [MESSAGE][PASSED] - Object: 'Object Repository/Page_Items_Per_Page/Page_/span_5' is clicked on

18-01-2024T06:54:18 - [MESSAGE][INFO] - 

18-01-2024T06:54:18 - [MESSAGE][INFO] - ===================== Self-healing Report ====================

18-01-2024T06:54:18 - [MESSAGE][INFO] - One of the failed test object locators has been recovered by Self-healing. Please refer to the Self-healing Insights tab for more details.

18-01-2024T06:54:18 - [MESSAGE][INFO] - To learn more about Self-healing, please read https://docs.katalon.com/katalon-studio/docs/self-healing.html

18-01-2024T06:54:18 - [MESSAGE][INFO] - ==============================================================

18-01-2024T06:54:18 - [MESSAGE][PASSED] - Call Test Case 'Test Cases/Reusable_Functions/Items_per_page' successfully

18-01-2024T06:54:18 - [TEST_STEP][PASSED] - callTestCase(findTestCase("Reusable_Functions/Fullscreen"), [:], CONTINUE_ON_FAILURE): Call Test Case 'Test Cases/Reusable_Functions/Fullscreen' successfully

18-01-2024T06:54:18 - [TEST_CASE][PASSED] - Test Cases/Reusable_Functions/Fullscreen: Test Cases/Reusable_Functions/Fullscreen

18-01-2024T06:54:19 - [TEST_STEP][PASSED] - verifyElementClickable(findTestObject("Object Repository/Page_Fullscreen/Page_/img")): Object 'Object Repository/Page_Fullscreen/Page_/img' is clickable

18-01-2024T06:54:19 - [MESSAGE][PASSED] - Object 'Object Repository/Page_Fullscreen/Page_/img' is clickable

18-01-2024T06:54:19 - [TEST_STEP][PASSED] - click(findTestObject("Object Repository/Page_Fullscreen/Page_/img")): Object: 'Object Repository/Page_Fullscreen/Page_/img' is clicked on

18-01-2024T06:54:20 - [MESSAGE][PASSED] - Object: 'Object Repository/Page_Fullscreen/Page_/img' is clicked on

18-01-2024T06:54:20 - [TEST_STEP][PASSED] - delay(2): Delayed 2 second(s)

18-01-2024T06:54:22 - [MESSAGE][PASSED] - Delayed 2 second(s)

18-01-2024T06:54:22 - [TEST_STEP][PASSED] - executeJavaScript("document.exitFullscreen();", null): Execute JavaScript 'document.exitFullscreen();' successfully

18-01-2024T06:54:22 - [MESSAGE][PASSED] - Execute JavaScript 'document.exitFullscreen();' successfully

18-01-2024T06:54:22 - [TEST_STEP][PASSED] - delay(2): Delayed 2 second(s)

18-01-2024T06:54:24 - [MESSAGE][PASSED] - Delayed 2 second(s)

18-01-2024T06:54:24 - [MESSAGE][INFO] - 

18-01-2024T06:54:24 - [MESSAGE][INFO] - ===================== Self-healing Report ====================

18-01-2024T06:54:24 - [MESSAGE][INFO] - One of the failed test object locators has been recovered by Self-healing. Please refer to the Self-healing Insights tab for more details.

18-01-2024T06:54:24 - [MESSAGE][INFO] - To learn more about Self-healing, please read https://docs.katalon.com/katalon-studio/docs/self-healing.html

18-01-2024T06:54:24 - [MESSAGE][INFO] - ==============================================================

18-01-2024T06:54:24 - [MESSAGE][PASSED] - Call Test Case 'Test Cases/Reusable_Functions/Fullscreen' successfully]]></system-out>
         <system-err><![CDATA[]]></system-err>
      </testcase>
      <testcase name="Test Cases/Performance Report/test_daily_buyer_cac_tab" time="1.551" classname="Test Cases/Performance Report/test_daily_buyer_cac_tab" status="PASSED">
         <system-out><![CDATA[18-01-2024T06:54:24 - [TEST_CASE][PASSED] - Test Cases/Performance Report/test_daily_buyer_cac_tab: Test Cases/Performance Report/test_daily_buyer_cac_tab

18-01-2024T06:54:24 - [TEST_STEP][PASSED] - verifyElementText(findTestObject("Object Repository/Page_Daily_Buyer_CAC_Tab/Page_/div_Daily Buyer CAC Report"), "Daily Buyer CAC Report"): Actual text and expected text of test object 'Object Repository/Page_Daily_Buyer_CAC_Tab/Page_/div_Daily Buyer CAC Report' are matched.

18-01-2024T06:54:25 - [MESSAGE][PASSED] - Actual text and expected text of test object 'Object Repository/Page_Daily_Buyer_CAC_Tab/Page_/div_Daily Buyer CAC Report' are matched.

18-01-2024T06:54:25 - [TEST_STEP][PASSED] - verifyElementClickable(findTestObject("Object Repository/Page_Daily_Buyer_CAC_Tab/Page_/div_Daily Buyer CAC Report")): Object 'Object Repository/Page_Daily_Buyer_CAC_Tab/Page_/div_Daily Buyer CAC Report' is clickable

18-01-2024T06:54:25 - [MESSAGE][PASSED] - Object 'Object Repository/Page_Daily_Buyer_CAC_Tab/Page_/div_Daily Buyer CAC Report' is clickable

18-01-2024T06:54:25 - [TEST_STEP][PASSED] - click(findTestObject("Object Repository/Page_Daily_Buyer_CAC_Tab/Page_/div_Daily Buyer CAC Report")): Object: 'Object Repository/Page_Daily_Buyer_CAC_Tab/Page_/div_Daily Buyer CAC Report' is clicked on

18-01-2024T06:54:25 - [MESSAGE][PASSED] - Object: 'Object Repository/Page_Daily_Buyer_CAC_Tab/Page_/div_Daily Buyer CAC Report' is clicked on]]></system-out>
         <system-err><![CDATA[]]></system-err>
      </testcase>
      <testcase name="Test Cases/Performance Report/test_daily_buyer_csc_calender" time="132.409" classname="Test Cases/Performance Report/test_daily_buyer_csc_calender" status="PASSED">
         <system-out><![CDATA[18-01-2024T06:54:26 - [TEST_CASE][PASSED] - Test Cases/Performance Report/test_daily_buyer_csc_calender: Test Cases/Performance Report/test_daily_buyer_csc_calender

18-01-2024T06:54:26 - [TEST_STEP][PASSED] - click(findTestObject("Object Repository/Page_Daily_Buyer_CAC_Calender/Page_/div_18122023clearEnter a date range")): Object: 'Object Repository/Page_Daily_Buyer_CAC_Calender/Page_/div_18122023clearEnter a date range' is clicked on

18-01-2024T06:54:27 - [MESSAGE][PASSED] - Object: 'Object Repository/Page_Daily_Buyer_CAC_Calender/Page_/div_18122023clearEnter a date range' is clicked on

18-01-2024T06:54:27 - [TEST_STEP][PASSED] - verifyElementClickable(findTestObject("Object Repository/Page_Daily_Buyer_CAC_Calender/Page_/svg_mat-datepicker-toggle-default-icon ng-s_f1b13c")): Object 'Object Repository/Page_Daily_Buyer_CAC_Calender/Page_/svg_mat-datepicker-toggle-default-icon ng-s_f1b13c' is clickable

18-01-2024T06:54:58 - [MESSAGE][INFO] - Unable to find the element located by 'By.xpath: '. Please recheck the objects properties to make sure the desired element is located. 

18-01-2024T06:54:58 - [MESSAGE][WARNING] - [SELF-HEALING] Failed to find element with id 'Object Repository/Page_Daily_Buyer_CAC_Calender/Page_/svg_mat-datepicker-toggle-default-icon ng-s_f1b13c'. Try using Self-healing.

18-01-2024T06:54:58 - [MESSAGE][WARNING] - [SELF-HEALING] The current locator of test object 'Object Repository/Page_Daily_Buyer_CAC_Calender/Page_/svg_mat-datepicker-toggle-default-icon ng-s_f1b13c' was broken. Propose an alternative one: 'svg.mat-datepicker-toggle-default-icon.ng-star-inserted'.

18-01-2024T06:54:59 - [MESSAGE][PASSED] - Object 'Object Repository/Page_Daily_Buyer_CAC_Calender/Page_/svg_mat-datepicker-toggle-default-icon ng-s_f1b13c' is clickable

18-01-2024T06:54:59 - [TEST_STEP][PASSED] - click(findTestObject("Object Repository/Page_Daily_Buyer_CAC_Calender/Page_/svg_mat-datepicker-toggle-default-icon ng-s_f1b13c")): Object: 'Object Repository/Page_Daily_Buyer_CAC_Calender/Page_/svg_mat-datepicker-toggle-default-icon ng-s_f1b13c' is clicked on

18-01-2024T06:55:30 - [MESSAGE][INFO] - Unable to find the element located by 'By.xpath: '. Please recheck the objects properties to make sure the desired element is located. 

18-01-2024T06:55:30 - [MESSAGE][WARNING] - [SELF-HEALING] Failed to find element with id 'Object Repository/Page_Daily_Buyer_CAC_Calender/Page_/svg_mat-datepicker-toggle-default-icon ng-s_f1b13c'. Try using Self-healing.

18-01-2024T06:55:30 - [MESSAGE][WARNING] - [SELF-HEALING] The current locator of test object 'Object Repository/Page_Daily_Buyer_CAC_Calender/Page_/svg_mat-datepicker-toggle-default-icon ng-s_f1b13c' was broken. Propose an alternative one: 'svg.mat-datepicker-toggle-default-icon.ng-star-inserted'.

18-01-2024T06:55:30 - [MESSAGE][PASSED] - Object: 'Object Repository/Page_Daily_Buyer_CAC_Calender/Page_/svg_mat-datepicker-toggle-default-icon ng-s_f1b13c' is clicked on

18-01-2024T06:55:30 - [TEST_STEP][PASSED] - verifyElementClickable(findTestObject("Object Repository/Page_Daily_Buyer_CAC_Calender/Page_/button_mat-focus-indicator mat-calendar-pre_09dfc7")): Object 'Object Repository/Page_Daily_Buyer_CAC_Calender/Page_/button_mat-focus-indicator mat-calendar-pre_09dfc7' is clickable

18-01-2024T06:55:31 - [MESSAGE][PASSED] - Object 'Object Repository/Page_Daily_Buyer_CAC_Calender/Page_/button_mat-focus-indicator mat-calendar-pre_09dfc7' is clickable

18-01-2024T06:55:31 - [TEST_STEP][PASSED] - verifyElementClickable(findTestObject("Object Repository/Page_Daily_Buyer_CAC_Calender/Page_/button_mat-focus-indicator mat-calendar-pre_09dfc7")): Object 'Object Repository/Page_Daily_Buyer_CAC_Calender/Page_/button_mat-focus-indicator mat-calendar-pre_09dfc7' is clickable

18-01-2024T06:55:32 - [MESSAGE][PASSED] - Object 'Object Repository/Page_Daily_Buyer_CAC_Calender/Page_/button_mat-focus-indicator mat-calendar-pre_09dfc7' is clickable

18-01-2024T06:55:32 - [TEST_STEP][PASSED] - click(findTestObject("Object Repository/Page_Daily_Buyer_CAC_Calender/Page_/button_mat-focus-indicator mat-calendar-pre_09dfc7")): Object: 'Object Repository/Page_Daily_Buyer_CAC_Calender/Page_/button_mat-focus-indicator mat-calendar-pre_09dfc7' is clicked on

18-01-2024T06:55:32 - [MESSAGE][PASSED] - Object: 'Object Repository/Page_Daily_Buyer_CAC_Calender/Page_/button_mat-focus-indicator mat-calendar-pre_09dfc7' is clicked on

18-01-2024T06:55:32 - [TEST_STEP][PASSED] - click(findTestObject("Object Repository/Page_Daily_Buyer_CAC_Calender/Page_/button_mat-focus-indicator mat-calendar-pre_09dfc7")): Object: 'Object Repository/Page_Daily_Buyer_CAC_Calender/Page_/button_mat-focus-indicator mat-calendar-pre_09dfc7' is clicked on

18-01-2024T06:55:33 - [MESSAGE][PASSED] - Object: 'Object Repository/Page_Daily_Buyer_CAC_Calender/Page_/button_mat-focus-indicator mat-calendar-pre_09dfc7' is clicked on

18-01-2024T06:55:33 - [TEST_STEP][PASSED] - click(findTestObject("Object Repository/Page_Daily_Buyer_CAC_Calender/Page_/button_mat-focus-indicator mat-calendar-pre_09dfc7")): Object: 'Object Repository/Page_Daily_Buyer_CAC_Calender/Page_/button_mat-focus-indicator mat-calendar-pre_09dfc7' is clicked on

18-01-2024T06:55:34 - [MESSAGE][PASSED] - Object: 'Object Repository/Page_Daily_Buyer_CAC_Calender/Page_/button_mat-focus-indicator mat-calendar-pre_09dfc7' is clicked on

18-01-2024T06:55:34 - [TEST_STEP][PASSED] - click(findTestObject("Object Repository/Page_Daily_Buyer_CAC_Calender/Page_/div_1")): Object: 'Object Repository/Page_Daily_Buyer_CAC_Calender/Page_/div_1' is clicked on

18-01-2024T06:56:06 - [MESSAGE][INFO] - Unable to find the element located by 'By.xpath: //mat-calendar[@id='mat-datepicker-2']/div/mat-month-view/table/tbody/tr/td[2]/button/div'. Please recheck the objects properties to make sure the desired element is located. 

18-01-2024T06:56:06 - [MESSAGE][WARNING] - [SELF-HEALING] Failed to find element with id 'Object Repository/Page_Daily_Buyer_CAC_Calender/Page_/div_1'. Try using Self-healing.

18-01-2024T06:56:06 - [MESSAGE][WARNING] - [SELF-HEALING] The current locator of test object 'Object Repository/Page_Daily_Buyer_CAC_Calender/Page_/div_1' was broken. Propose an alternative one: '//td[2]/button/div'.

18-01-2024T06:56:06 - [MESSAGE][PASSED] - Object: 'Object Repository/Page_Daily_Buyer_CAC_Calender/Page_/div_1' is clicked on

18-01-2024T06:56:06 - [TEST_STEP][PASSED] - click(findTestObject("Object Repository/Page_Daily_Buyer_CAC_Calender/Page_/div_30")): Object: 'Object Repository/Page_Daily_Buyer_CAC_Calender/Page_/div_30' is clicked on

18-01-2024T06:56:37 - [MESSAGE][INFO] - Unable to find the element located by 'By.xpath: //mat-calendar[@id='mat-datepicker-2']/div/mat-month-view/table/tbody/tr[5]/td[7]/button/div'. Please recheck the objects properties to make sure the desired element is located. 

18-01-2024T06:56:37 - [MESSAGE][WARNING] - [SELF-HEALING] Failed to find element with id 'Object Repository/Page_Daily_Buyer_CAC_Calender/Page_/div_30'. Try using Self-healing.

18-01-2024T06:56:38 - [MESSAGE][WARNING] - [SELF-HEALING] The current locator of test object 'Object Repository/Page_Daily_Buyer_CAC_Calender/Page_/div_30' was broken. Propose an alternative one: '//tr[5]/td[7]/button/div'.

18-01-2024T06:56:38 - [MESSAGE][PASSED] - Object: 'Object Repository/Page_Daily_Buyer_CAC_Calender/Page_/div_30' is clicked on]]></system-out>
         <system-err><![CDATA[]]></system-err>
      </testcase>
      <testcase name="Test Cases/Performance Report/test_daily_buyer_cac_table1" time="5.318" classname="Test Cases/Performance Report/test_daily_buyer_cac_table1" status="PASSED">
         <system-out><![CDATA[18-01-2024T06:56:38 - [TEST_CASE][PASSED] - Test Cases/Performance Report/test_daily_buyer_cac_table1: Test Cases/Performance Report/test_daily_buyer_cac_table1

18-01-2024T06:56:38 - [TEST_STEP][PASSED] - verifyElementText(findTestObject("Object Repository/Page_Daily_Buyer_CAC_Table1/Page_/h2_Buyer CAC"), "Buyer CAC"): Actual text and expected text of test object 'Object Repository/Page_Daily_Buyer_CAC_Table1/Page_/h2_Buyer CAC' are matched.

18-01-2024T06:56:39 - [MESSAGE][PASSED] - Actual text and expected text of test object 'Object Repository/Page_Daily_Buyer_CAC_Table1/Page_/h2_Buyer CAC' are matched.

18-01-2024T06:56:39 - [TEST_STEP][PASSED] - verifyElementPresent(findTestObject("Object Repository/Page_Daily_Buyer_CAC_Table1/Page_/h2_Buyer CAC"), 0): Object 'Object Repository/Page_Daily_Buyer_CAC_Table1/Page_/h2_Buyer CAC' is present

18-01-2024T06:56:40 - [MESSAGE][WARNING] - Timeout '0' is invalid. Using default page load timeout: '30'

18-01-2024T06:56:40 - [MESSAGE][PASSED] - Object 'Object Repository/Page_Daily_Buyer_CAC_Table1/Page_/h2_Buyer CAC' is present

18-01-2024T06:56:40 - [TEST_STEP][PASSED] - verifyElementText(findTestObject("Object Repository/Page_Daily_Buyer_CAC_Table1/Page_/div_Date"), "Date"): Actual text and expected text of test object 'Object Repository/Page_Daily_Buyer_CAC_Table1/Page_/div_Date' are matched.

18-01-2024T06:56:40 - [MESSAGE][PASSED] - Actual text and expected text of test object 'Object Repository/Page_Daily_Buyer_CAC_Table1/Page_/div_Date' are matched.

18-01-2024T06:56:40 - [TEST_STEP][PASSED] - verifyElementPresent(findTestObject("Object Repository/Page_Daily_Buyer_CAC_Table1/Page_/div_Date"), 0): Object 'Object Repository/Page_Daily_Buyer_CAC_Table1/Page_/div_Date' is present

18-01-2024T06:56:40 - [MESSAGE][WARNING] - Timeout '0' is invalid. Using default page load timeout: '30'

18-01-2024T06:56:41 - [MESSAGE][PASSED] - Object 'Object Repository/Page_Daily_Buyer_CAC_Table1/Page_/div_Date' is present

18-01-2024T06:56:41 - [TEST_STEP][PASSED] - verifyElementText(findTestObject("Object Repository/Page_Daily_Buyer_CAC_Table1/Page_/div_Campaign Spend"), "Campaign Spend"): Actual text and expected text of test object 'Object Repository/Page_Daily_Buyer_CAC_Table1/Page_/div_Campaign Spend' are matched.

18-01-2024T06:56:41 - [MESSAGE][PASSED] - Actual text and expected text of test object 'Object Repository/Page_Daily_Buyer_CAC_Table1/Page_/div_Campaign Spend' are matched.

18-01-2024T06:56:41 - [TEST_STEP][PASSED] - verifyElementPresent(findTestObject("Object Repository/Page_Daily_Buyer_CAC_Table1/Page_/div_Campaign Spend"), 0): Object 'Object Repository/Page_Daily_Buyer_CAC_Table1/Page_/div_Campaign Spend' is present

18-01-2024T06:56:41 - [MESSAGE][WARNING] - Timeout '0' is invalid. Using default page load timeout: '30'

18-01-2024T06:56:42 - [MESSAGE][PASSED] - Object 'Object Repository/Page_Daily_Buyer_CAC_Table1/Page_/div_Campaign Spend' is present

18-01-2024T06:56:42 - [TEST_STEP][PASSED] - verifyElementText(findTestObject("Object Repository/Page_Daily_Buyer_CAC_Table1/Page_/div_Approved Projects"), "Approved Projects"): Actual text and expected text of test object 'Object Repository/Page_Daily_Buyer_CAC_Table1/Page_/div_Approved Projects' are matched.

18-01-2024T06:56:42 - [MESSAGE][PASSED] - Actual text and expected text of test object 'Object Repository/Page_Daily_Buyer_CAC_Table1/Page_/div_Approved Projects' are matched.

18-01-2024T06:56:42 - [TEST_STEP][PASSED] - verifyElementPresent(findTestObject("Object Repository/Page_Daily_Buyer_CAC_Table1/Page_/div_Approved Projects"), 0): Object 'Object Repository/Page_Daily_Buyer_CAC_Table1/Page_/div_Approved Projects' is present

18-01-2024T06:56:42 - [MESSAGE][WARNING] - Timeout '0' is invalid. Using default page load timeout: '30'

18-01-2024T06:56:42 - [MESSAGE][PASSED] - Object 'Object Repository/Page_Daily_Buyer_CAC_Table1/Page_/div_Approved Projects' is present

18-01-2024T06:56:42 - [TEST_STEP][PASSED] - verifyElementText(findTestObject("Object Repository/Page_Daily_Buyer_CAC_Table1/Page_/div_Buyer CAC"), "Buyer CAC"): Actual text and expected text of test object 'Object Repository/Page_Daily_Buyer_CAC_Table1/Page_/div_Buyer CAC' are matched.

18-01-2024T06:56:43 - [MESSAGE][PASSED] - Actual text and expected text of test object 'Object Repository/Page_Daily_Buyer_CAC_Table1/Page_/div_Buyer CAC' are matched.

18-01-2024T06:56:43 - [TEST_STEP][PASSED] - verifyElementPresent(findTestObject("Object Repository/Page_Daily_Buyer_CAC_Table1/Page_/div_Buyer CAC"), 0): Object 'Object Repository/Page_Daily_Buyer_CAC_Table1/Page_/div_Buyer CAC' is present

18-01-2024T06:56:43 - [MESSAGE][WARNING] - Timeout '0' is invalid. Using default page load timeout: '30'

18-01-2024T06:56:43 - [MESSAGE][PASSED] - Object 'Object Repository/Page_Daily_Buyer_CAC_Table1/Page_/div_Buyer CAC' is present]]></system-out>
         <system-err><![CDATA[]]></system-err>
      </testcase>
      <testcase name="Test Cases/Performance Report/test_daily_buyer_cac_ascending_decending_table1" time="6.996" classname="Test Cases/Performance Report/test_daily_buyer_cac_ascending_decending_table1" status="PASSED">
         <system-out><![CDATA[18-01-2024T06:56:43 - [TEST_CASE][PASSED] - Test Cases/Performance Report/test_daily_buyer_cac_ascending_decending_table1: Test Cases/Performance Report/test_daily_buyer_cac_ascending_decending_table1

18-01-2024T06:56:43 - [TEST_STEP][PASSED] - verifyElementClickable(findTestObject("Object Repository/Page_Daily_Buyer_CAC_Ascending_Descending_Table1/Page_/div_mat-sort-header-arrow ng-trigger ng-tri_60a63d")): Object 'Object Repository/Page_Daily_Buyer_CAC_Ascending_Descending_Table1/Page_/div_mat-sort-header-arrow ng-trigger ng-tri_60a63d' is clickable

18-01-2024T06:56:44 - [MESSAGE][PASSED] - Object 'Object Repository/Page_Daily_Buyer_CAC_Ascending_Descending_Table1/Page_/div_mat-sort-header-arrow ng-trigger ng-tri_60a63d' is clickable

18-01-2024T06:56:44 - [TEST_STEP][PASSED] - click(findTestObject("Object Repository/Page_Daily_Buyer_CAC_Ascending_Descending_Table1/Page_/div_mat-sort-header-arrow ng-trigger ng-tri_4c39c1")): Object: 'Object Repository/Page_Daily_Buyer_CAC_Ascending_Descending_Table1/Page_/div_mat-sort-header-arrow ng-trigger ng-tri_4c39c1' is clicked on

18-01-2024T06:56:44 - [MESSAGE][PASSED] - Object: 'Object Repository/Page_Daily_Buyer_CAC_Ascending_Descending_Table1/Page_/div_mat-sort-header-arrow ng-trigger ng-tri_4c39c1' is clicked on

18-01-2024T06:56:44 - [TEST_STEP][PASSED] - click(findTestObject("Object Repository/Page_Daily_Buyer_CAC_Ascending_Descending_Table1/Page_/div_mat-sort-header-arrow ng-trigger ng-tri_4c39c1_1")): Object: 'Object Repository/Page_Daily_Buyer_CAC_Ascending_Descending_Table1/Page_/div_mat-sort-header-arrow ng-trigger ng-tri_4c39c1_1' is clicked on

18-01-2024T06:56:45 - [MESSAGE][PASSED] - Object: 'Object Repository/Page_Daily_Buyer_CAC_Ascending_Descending_Table1/Page_/div_mat-sort-header-arrow ng-trigger ng-tri_4c39c1_1' is clicked on

18-01-2024T06:56:45 - [TEST_STEP][PASSED] - verifyElementClickable(findTestObject("Object Repository/Page_Daily_Buyer_CAC_Ascending_Descending_Table1/Page_/div_mat-sort-header-arrow ng-trigger ng-tri_1c7ba8")): Object 'Object Repository/Page_Daily_Buyer_CAC_Ascending_Descending_Table1/Page_/div_mat-sort-header-arrow ng-trigger ng-tri_1c7ba8' is clickable

18-01-2024T06:56:46 - [MESSAGE][PASSED] - Object 'Object Repository/Page_Daily_Buyer_CAC_Ascending_Descending_Table1/Page_/div_mat-sort-header-arrow ng-trigger ng-tri_1c7ba8' is clickable

18-01-2024T06:56:46 - [TEST_STEP][PASSED] - click(findTestObject("Object Repository/Page_Daily_Buyer_CAC_Ascending_Descending_Table1/Page_/div_mat-sort-header-arrow ng-trigger ng-tri_1c7ba8")): Object: 'Object Repository/Page_Daily_Buyer_CAC_Ascending_Descending_Table1/Page_/div_mat-sort-header-arrow ng-trigger ng-tri_1c7ba8' is clicked on

18-01-2024T06:56:46 - [MESSAGE][PASSED] - Object: 'Object Repository/Page_Daily_Buyer_CAC_Ascending_Descending_Table1/Page_/div_mat-sort-header-arrow ng-trigger ng-tri_1c7ba8' is clicked on

18-01-2024T06:56:46 - [TEST_STEP][PASSED] - click(findTestObject("Object Repository/Page_Daily_Buyer_CAC_Ascending_Descending_Table1/Page_/div_mat-sort-header-arrow ng-trigger ng-tri_1c7ba8_1")): Object: 'Object Repository/Page_Daily_Buyer_CAC_Ascending_Descending_Table1/Page_/div_mat-sort-header-arrow ng-trigger ng-tri_1c7ba8_1' is clicked on

18-01-2024T06:56:47 - [MESSAGE][PASSED] - Object: 'Object Repository/Page_Daily_Buyer_CAC_Ascending_Descending_Table1/Page_/div_mat-sort-header-arrow ng-trigger ng-tri_1c7ba8_1' is clicked on

18-01-2024T06:56:47 - [TEST_STEP][PASSED] - verifyElementClickable(findTestObject("Object Repository/Page_Daily_Buyer_CAC_Ascending_Descending_Table1/Page_/div_mat-sort-header-stem ng-tns-c99-36_1")): Object 'Object Repository/Page_Daily_Buyer_CAC_Ascending_Descending_Table1/Page_/div_mat-sort-header-stem ng-tns-c99-36_1' is clickable

18-01-2024T06:56:47 - [MESSAGE][PASSED] - Object 'Object Repository/Page_Daily_Buyer_CAC_Ascending_Descending_Table1/Page_/div_mat-sort-header-stem ng-tns-c99-36_1' is clickable

18-01-2024T06:56:47 - [TEST_STEP][PASSED] - click(findTestObject("Object Repository/Page_Daily_Buyer_CAC_Ascending_Descending_Table1/Page_/div_mat-sort-header-arrow ng-trigger ng-tri_ab1b58")): Object: 'Object Repository/Page_Daily_Buyer_CAC_Ascending_Descending_Table1/Page_/div_mat-sort-header-arrow ng-trigger ng-tri_ab1b58' is clicked on

18-01-2024T06:56:48 - [MESSAGE][PASSED] - Object: 'Object Repository/Page_Daily_Buyer_CAC_Ascending_Descending_Table1/Page_/div_mat-sort-header-arrow ng-trigger ng-tri_ab1b58' is clicked on

18-01-2024T06:56:48 - [TEST_STEP][PASSED] - click(findTestObject("Object Repository/Page_Daily_Buyer_CAC_Ascending_Descending_Table1/Page_/div_mat-sort-header-arrow ng-trigger ng-tri_ab1b58_1")): Object: 'Object Repository/Page_Daily_Buyer_CAC_Ascending_Descending_Table1/Page_/div_mat-sort-header-arrow ng-trigger ng-tri_ab1b58_1' is clicked on

18-01-2024T06:56:48 - [MESSAGE][PASSED] - Object: 'Object Repository/Page_Daily_Buyer_CAC_Ascending_Descending_Table1/Page_/div_mat-sort-header-arrow ng-trigger ng-tri_ab1b58_1' is clicked on

18-01-2024T06:56:48 - [TEST_STEP][PASSED] - verifyElementClickable(findTestObject("Object Repository/Page_Daily_Buyer_CAC_Ascending_Descending_Table1/Page_/div_mat-sort-header-stem ng-tns-c99-37")): Object 'Object Repository/Page_Daily_Buyer_CAC_Ascending_Descending_Table1/Page_/div_mat-sort-header-stem ng-tns-c99-37' is clickable

18-01-2024T06:56:49 - [MESSAGE][PASSED] - Object 'Object Repository/Page_Daily_Buyer_CAC_Ascending_Descending_Table1/Page_/div_mat-sort-header-stem ng-tns-c99-37' is clickable

18-01-2024T06:56:49 - [TEST_STEP][PASSED] - click(findTestObject("Object Repository/Page_Daily_Buyer_CAC_Ascending_Descending_Table1/Page_/div_mat-sort-header-stem ng-tns-c99-37")): Object: 'Object Repository/Page_Daily_Buyer_CAC_Ascending_Descending_Table1/Page_/div_mat-sort-header-stem ng-tns-c99-37' is clicked on

18-01-2024T06:56:50 - [MESSAGE][PASSED] - Object: 'Object Repository/Page_Daily_Buyer_CAC_Ascending_Descending_Table1/Page_/div_mat-sort-header-stem ng-tns-c99-37' is clicked on

18-01-2024T06:56:50 - [TEST_STEP][PASSED] - click(findTestObject("Object Repository/Page_Daily_Buyer_CAC_Ascending_Descending_Table1/Page_/div_mat-sort-header-stem ng-tns-c99-37_1")): Object: 'Object Repository/Page_Daily_Buyer_CAC_Ascending_Descending_Table1/Page_/div_mat-sort-header-stem ng-tns-c99-37_1' is clicked on

18-01-2024T06:56:50 - [MESSAGE][PASSED] - Object: 'Object Repository/Page_Daily_Buyer_CAC_Ascending_Descending_Table1/Page_/div_mat-sort-header-stem ng-tns-c99-37_1' is clicked on]]></system-out>
         <system-err><![CDATA[]]></system-err>
      </testcase>
      <testcase name="Test Cases/Performance Report/test_daily_buyer_cac_items_dropdown_table1" time="316.516" classname="Test Cases/Performance Report/test_daily_buyer_cac_items_dropdown_table1" status="PASSED">
         <system-out><![CDATA[18-01-2024T06:56:50 - [TEST_CASE][PASSED] - Test Cases/Performance Report/test_daily_buyer_cac_items_dropdown_table1: Test Cases/Performance Report/test_daily_buyer_cac_items_dropdown_table1

18-01-2024T06:56:50 - [TEST_STEP][PASSED] - callTestCase(findTestCase("Reusable_Functions/Items_per_page"), [:], CONTINUE_ON_FAILURE): Call Test Case 'Test Cases/Reusable_Functions/Items_per_page' successfully

18-01-2024T06:56:51 - [TEST_CASE][PASSED] - Test Cases/Reusable_Functions/Items_per_page: Test Cases/Reusable_Functions/Items_per_page

18-01-2024T06:56:51 - [TEST_STEP][PASSED] - verifyElementText(findTestObject("Object Repository/Page_Items_Per_Page/Page_/div_Items per page"), "Items per page:"): Actual text and expected text of test object 'Object Repository/Page_Items_Per_Page/Page_/div_Items per page' are matched.

18-01-2024T06:57:22 - [MESSAGE][INFO] - Unable to find the element located by 'By.xpath: //div[@id='table1']/app-weekly-approved-vs-campaign-table/div/div/div/app-material-heat-chart-drilldown-table/div/mat-paginator/div/div/div/div'. Please recheck the objects properties to make sure the desired element is located. 

18-01-2024T06:57:22 - [MESSAGE][WARNING] - [SELF-HEALING] Failed to find element with id 'Object Repository/Page_Items_Per_Page/Page_/div_Items per page'. Try using Self-healing.

18-01-2024T06:57:22 - [MESSAGE][WARNING] - [SELF-HEALING] The current locator of test object 'Object Repository/Page_Items_Per_Page/Page_/div_Items per page' was broken. Propose an alternative one: '//mat-paginator/div/div/div/div'.

18-01-2024T06:57:22 - [MESSAGE][PASSED] - Actual text and expected text of test object 'Object Repository/Page_Items_Per_Page/Page_/div_Items per page' are matched.

18-01-2024T06:57:22 - [TEST_STEP][PASSED] - verifyElementClickable(findTestObject("Object Repository/Page_Items_Per_Page/Page_/div_mat-select-arrow ng-tns-c110-10")): Object 'Object Repository/Page_Items_Per_Page/Page_/div_mat-select-arrow ng-tns-c110-10' is clickable

18-01-2024T06:57:53 - [MESSAGE][INFO] - Unable to find the element located by 'By.xpath: //mat-select[@id='mat-select-0']/div/div[2]/div'. Please recheck the objects properties to make sure the desired element is located. 

18-01-2024T06:57:53 - [MESSAGE][WARNING] - [SELF-HEALING] Failed to find element with id 'Object Repository/Page_Items_Per_Page/Page_/div_mat-select-arrow ng-tns-c110-10'. Try using Self-healing.

18-01-2024T06:57:54 - [MESSAGE][WARNING] - [SELF-HEALING] The current locator of test object 'Object Repository/Page_Items_Per_Page/Page_/div_mat-select-arrow ng-tns-c110-10' was broken. Propose an alternative one: '//mat-select/div/div[2]/div'.

18-01-2024T06:57:54 - [MESSAGE][PASSED] - Object 'Object Repository/Page_Items_Per_Page/Page_/div_mat-select-arrow ng-tns-c110-10' is clickable

18-01-2024T06:57:54 - [TEST_STEP][PASSED] - click(findTestObject("Object Repository/Page_Items_Per_Page/Page_/div_mat-select-arrow-wrapper ng-tns-c110-10")): Object: 'Object Repository/Page_Items_Per_Page/Page_/div_mat-select-arrow-wrapper ng-tns-c110-10' is clicked on

18-01-2024T06:58:25 - [MESSAGE][INFO] - Unable to find the element located by 'By.xpath: //mat-select[@id='mat-select-0']/div/div[2]'. Please recheck the objects properties to make sure the desired element is located. 

18-01-2024T06:58:25 - [MESSAGE][WARNING] - [SELF-HEALING] Failed to find element with id 'Object Repository/Page_Items_Per_Page/Page_/div_mat-select-arrow-wrapper ng-tns-c110-10'. Try using Self-healing.

18-01-2024T06:58:25 - [MESSAGE][WARNING] - [SELF-HEALING] The current locator of test object 'Object Repository/Page_Items_Per_Page/Page_/div_mat-select-arrow-wrapper ng-tns-c110-10' was broken. Propose an alternative one: '//mat-select/div/div[2]'.

18-01-2024T06:58:25 - [MESSAGE][PASSED] - Object: 'Object Repository/Page_Items_Per_Page/Page_/div_mat-select-arrow-wrapper ng-tns-c110-10' is clicked on

18-01-2024T06:58:25 - [TEST_STEP][PASSED] - click(findTestObject("Object Repository/Page_Items_Per_Page/Page_/span_10")): Object: 'Object Repository/Page_Items_Per_Page/Page_/span_10' is clicked on

18-01-2024T06:58:57 - [MESSAGE][INFO] - Unable to find the element located by 'By.xpath: //mat-option[@id='mat-option-1']/span'. Please recheck the objects properties to make sure the desired element is located. 

18-01-2024T06:58:57 - [MESSAGE][WARNING] - [SELF-HEALING] Failed to find element with id 'Object Repository/Page_Items_Per_Page/Page_/span_10'. Try using Self-healing.

18-01-2024T06:58:57 - [MESSAGE][WARNING] - [SELF-HEALING] The current locator of test object 'Object Repository/Page_Items_Per_Page/Page_/span_10' was broken. Propose an alternative one: '//mat-option[2]/span'.

18-01-2024T06:58:57 - [MESSAGE][PASSED] - Object: 'Object Repository/Page_Items_Per_Page/Page_/span_10' is clicked on

18-01-2024T06:58:57 - [TEST_STEP][PASSED] - click(findTestObject("Object Repository/Page_Items_Per_Page/Page_/div_mat-select-arrow-wrapper ng-tns-c110-10")): Object: 'Object Repository/Page_Items_Per_Page/Page_/div_mat-select-arrow-wrapper ng-tns-c110-10' is clicked on

18-01-2024T06:59:28 - [MESSAGE][INFO] - Unable to find the element located by 'By.xpath: //mat-select[@id='mat-select-0']/div/div[2]'. Please recheck the objects properties to make sure the desired element is located. 

18-01-2024T06:59:28 - [MESSAGE][WARNING] - [SELF-HEALING] Failed to find element with id 'Object Repository/Page_Items_Per_Page/Page_/div_mat-select-arrow-wrapper ng-tns-c110-10'. Try using Self-healing.

18-01-2024T06:59:28 - [MESSAGE][WARNING] - [SELF-HEALING] The current locator of test object 'Object Repository/Page_Items_Per_Page/Page_/div_mat-select-arrow-wrapper ng-tns-c110-10' was broken. Propose an alternative one: '//mat-select/div/div[2]'.

18-01-2024T06:59:29 - [MESSAGE][PASSED] - Object: 'Object Repository/Page_Items_Per_Page/Page_/div_mat-select-arrow-wrapper ng-tns-c110-10' is clicked on

18-01-2024T06:59:29 - [TEST_STEP][PASSED] - click(findTestObject("Object Repository/Page_Items_Per_Page/Page_/span_20")): Object: 'Object Repository/Page_Items_Per_Page/Page_/span_20' is clicked on

18-01-2024T07:00:00 - [MESSAGE][INFO] - Unable to find the element located by 'By.xpath: //mat-option[@id='mat-option-2']/span'. Please recheck the objects properties to make sure the desired element is located. 

18-01-2024T07:00:00 - [MESSAGE][WARNING] - [SELF-HEALING] Failed to find element with id 'Object Repository/Page_Items_Per_Page/Page_/span_20'. Try using Self-healing.

18-01-2024T07:00:00 - [MESSAGE][WARNING] - [SELF-HEALING] The current locator of test object 'Object Repository/Page_Items_Per_Page/Page_/span_20' was broken. Propose an alternative one: '//mat-option[3]/span'.

18-01-2024T07:00:00 - [MESSAGE][PASSED] - Object: 'Object Repository/Page_Items_Per_Page/Page_/span_20' is clicked on

18-01-2024T07:00:00 - [TEST_STEP][PASSED] - click(findTestObject("Object Repository/Page_Items_Per_Page/Page_/div_mat-select-arrow-wrapper ng-tns-c110-10")): Object: 'Object Repository/Page_Items_Per_Page/Page_/div_mat-select-arrow-wrapper ng-tns-c110-10' is clicked on

18-01-2024T07:00:32 - [MESSAGE][INFO] - Unable to find the element located by 'By.xpath: //mat-select[@id='mat-select-0']/div/div[2]'. Please recheck the objects properties to make sure the desired element is located. 

18-01-2024T07:00:32 - [MESSAGE][WARNING] - [SELF-HEALING] Failed to find element with id 'Object Repository/Page_Items_Per_Page/Page_/div_mat-select-arrow-wrapper ng-tns-c110-10'. Try using Self-healing.

18-01-2024T07:00:32 - [MESSAGE][WARNING] - [SELF-HEALING] The current locator of test object 'Object Repository/Page_Items_Per_Page/Page_/div_mat-select-arrow-wrapper ng-tns-c110-10' was broken. Propose an alternative one: '//mat-select/div/div[2]'.

18-01-2024T07:00:32 - [MESSAGE][PASSED] - Object: 'Object Repository/Page_Items_Per_Page/Page_/div_mat-select-arrow-wrapper ng-tns-c110-10' is clicked on

18-01-2024T07:00:32 - [TEST_STEP][PASSED] - click(findTestObject("Object Repository/Page_Items_Per_Page/Page_/span_30")): Object: 'Object Repository/Page_Items_Per_Page/Page_/span_30' is clicked on

18-01-2024T07:01:03 - [MESSAGE][INFO] - Unable to find the element located by 'By.xpath: //mat-option[@id='mat-option-3']/span'. Please recheck the objects properties to make sure the desired element is located. 

18-01-2024T07:01:03 - [MESSAGE][WARNING] - [SELF-HEALING] Failed to find element with id 'Object Repository/Page_Items_Per_Page/Page_/span_30'. Try using Self-healing.

18-01-2024T07:01:04 - [MESSAGE][WARNING] - [SELF-HEALING] The current locator of test object 'Object Repository/Page_Items_Per_Page/Page_/span_30' was broken. Propose an alternative one: '//mat-option[4]/span'.

18-01-2024T07:01:04 - [MESSAGE][PASSED] - Object: 'Object Repository/Page_Items_Per_Page/Page_/span_30' is clicked on

18-01-2024T07:01:04 - [TEST_STEP][PASSED] - click(findTestObject("Object Repository/Page_Items_Per_Page/Page_/div_mat-select-arrow ng-tns-c110-10")): Object: 'Object Repository/Page_Items_Per_Page/Page_/div_mat-select-arrow ng-tns-c110-10' is clicked on

18-01-2024T07:01:35 - [MESSAGE][INFO] - Unable to find the element located by 'By.xpath: //mat-select[@id='mat-select-0']/div/div[2]/div'. Please recheck the objects properties to make sure the desired element is located. 

18-01-2024T07:01:35 - [MESSAGE][WARNING] - [SELF-HEALING] Failed to find element with id 'Object Repository/Page_Items_Per_Page/Page_/div_mat-select-arrow ng-tns-c110-10'. Try using Self-healing.

18-01-2024T07:01:35 - [MESSAGE][WARNING] - [SELF-HEALING] The current locator of test object 'Object Repository/Page_Items_Per_Page/Page_/div_mat-select-arrow ng-tns-c110-10' was broken. Propose an alternative one: '//mat-select/div/div[2]/div'.

18-01-2024T07:01:35 - [MESSAGE][PASSED] - Object: 'Object Repository/Page_Items_Per_Page/Page_/div_mat-select-arrow ng-tns-c110-10' is clicked on

18-01-2024T07:01:35 - [TEST_STEP][PASSED] - click(findTestObject("Object Repository/Page_Items_Per_Page/Page_/span_5")): Object: 'Object Repository/Page_Items_Per_Page/Page_/span_5' is clicked on

18-01-2024T07:02:06 - [MESSAGE][INFO] - Unable to find the element located by 'By.xpath: //mat-option[@id='mat-option-0']/span'. Please recheck the objects properties to make sure the desired element is located. 

18-01-2024T07:02:06 - [MESSAGE][WARNING] - [SELF-HEALING] Failed to find element with id 'Object Repository/Page_Items_Per_Page/Page_/span_5'. Try using Self-healing.

18-01-2024T07:02:07 - [MESSAGE][WARNING] - [SELF-HEALING] The current locator of test object 'Object Repository/Page_Items_Per_Page/Page_/span_5' was broken. Propose an alternative one: '//mat-option/span'.

18-01-2024T07:02:07 - [MESSAGE][PASSED] - Object: 'Object Repository/Page_Items_Per_Page/Page_/span_5' is clicked on

18-01-2024T07:02:07 - [MESSAGE][INFO] - 

18-01-2024T07:02:07 - [MESSAGE][INFO] - ===================== Self-healing Report ====================

18-01-2024T07:02:07 - [MESSAGE][INFO] - One of the failed test object locators has been recovered by Self-healing. Please refer to the Self-healing Insights tab for more details.

18-01-2024T07:02:07 - [MESSAGE][INFO] - To learn more about Self-healing, please read https://docs.katalon.com/katalon-studio/docs/self-healing.html

18-01-2024T07:02:07 - [MESSAGE][INFO] - ==============================================================

18-01-2024T07:02:07 - [MESSAGE][PASSED] - Call Test Case 'Test Cases/Reusable_Functions/Items_per_page' successfully]]></system-out>
         <system-err><![CDATA[]]></system-err>
      </testcase>
      <testcase name="Test Cases/Performance Report/test_daily_buyer_cac_table2" time="4.997" classname="Test Cases/Performance Report/test_daily_buyer_cac_table2" status="PASSED">
         <system-out><![CDATA[18-01-2024T07:02:07 - [TEST_CASE][PASSED] - Test Cases/Performance Report/test_daily_buyer_cac_table2: Test Cases/Performance Report/test_daily_buyer_cac_table2

18-01-2024T07:02:07 - [TEST_STEP][PASSED] - verifyElementText(findTestObject("Object Repository/Page_Daily_Buyer_CAC_Table2/Page_/h2_Project By Channel Source"), "Project By Channel Source"): Actual text and expected text of test object 'Object Repository/Page_Daily_Buyer_CAC_Table2/Page_/h2_Project By Channel Source' are matched.

18-01-2024T07:02:07 - [MESSAGE][PASSED] - Actual text and expected text of test object 'Object Repository/Page_Daily_Buyer_CAC_Table2/Page_/h2_Project By Channel Source' are matched.

18-01-2024T07:02:07 - [TEST_STEP][PASSED] - verifyElementPresent(findTestObject("Object Repository/Page_Daily_Buyer_CAC_Table2/Page_/h2_Project By Channel Source"), 0): Object 'Object Repository/Page_Daily_Buyer_CAC_Table2/Page_/h2_Project By Channel Source' is present

18-01-2024T07:02:07 - [MESSAGE][WARNING] - Timeout '0' is invalid. Using default page load timeout: '30'

18-01-2024T07:02:08 - [MESSAGE][PASSED] - Object 'Object Repository/Page_Daily_Buyer_CAC_Table2/Page_/h2_Project By Channel Source' is present

18-01-2024T07:02:08 - [TEST_STEP][PASSED] - verifyElementText(findTestObject("Object Repository/Page_Daily_Buyer_CAC_Table2/Page_/div_Date"), "Date"): Actual text and expected text of test object 'Object Repository/Page_Daily_Buyer_CAC_Table2/Page_/div_Date' are matched.

18-01-2024T07:02:08 - [MESSAGE][PASSED] - Actual text and expected text of test object 'Object Repository/Page_Daily_Buyer_CAC_Table2/Page_/div_Date' are matched.

18-01-2024T07:02:08 - [TEST_STEP][PASSED] - verifyElementPresent(findTestObject("Object Repository/Page_Daily_Buyer_CAC_Table2/Page_/div_Date"), 0): Object 'Object Repository/Page_Daily_Buyer_CAC_Table2/Page_/div_Date' is present

18-01-2024T07:02:08 - [MESSAGE][WARNING] - Timeout '0' is invalid. Using default page load timeout: '30'

18-01-2024T07:02:09 - [MESSAGE][PASSED] - Object 'Object Repository/Page_Daily_Buyer_CAC_Table2/Page_/div_Date' is present

18-01-2024T07:02:09 - [TEST_STEP][PASSED] - verifyElementText(findTestObject("Object Repository/Page_Daily_Buyer_CAC_Table2/Page_/div_Day"), "Day"): Actual text and expected text of test object 'Object Repository/Page_Daily_Buyer_CAC_Table2/Page_/div_Day' are matched.

18-01-2024T07:02:09 - [MESSAGE][PASSED] - Actual text and expected text of test object 'Object Repository/Page_Daily_Buyer_CAC_Table2/Page_/div_Day' are matched.

18-01-2024T07:02:09 - [TEST_STEP][PASSED] - verifyElementPresent(findTestObject("Object Repository/Page_Daily_Buyer_CAC_Table2/Page_/div_Day"), 0): Object 'Object Repository/Page_Daily_Buyer_CAC_Table2/Page_/div_Day' is present

18-01-2024T07:02:09 - [MESSAGE][WARNING] - Timeout '0' is invalid. Using default page load timeout: '30'

18-01-2024T07:02:09 - [MESSAGE][PASSED] - Object 'Object Repository/Page_Daily_Buyer_CAC_Table2/Page_/div_Day' is present

18-01-2024T07:02:09 - [TEST_STEP][PASSED] - verifyElementText(findTestObject("Object Repository/Page_Daily_Buyer_CAC_Table2/Page_/div_GoogleCPC"), "Google/CPC"): Actual text and expected text of test object 'Object Repository/Page_Daily_Buyer_CAC_Table2/Page_/div_GoogleCPC' are matched.

18-01-2024T07:02:10 - [MESSAGE][PASSED] - Actual text and expected text of test object 'Object Repository/Page_Daily_Buyer_CAC_Table2/Page_/div_GoogleCPC' are matched.

18-01-2024T07:02:10 - [TEST_STEP][PASSED] - verifyElementPresent(findTestObject("Object Repository/Page_Daily_Buyer_CAC_Table2/Page_/th_GoogleCPC"), 0): Object 'Object Repository/Page_Daily_Buyer_CAC_Table2/Page_/th_GoogleCPC' is present

18-01-2024T07:02:10 - [MESSAGE][WARNING] - Timeout '0' is invalid. Using default page load timeout: '30'

18-01-2024T07:02:10 - [MESSAGE][PASSED] - Object 'Object Repository/Page_Daily_Buyer_CAC_Table2/Page_/th_GoogleCPC' is present

18-01-2024T07:02:10 - [TEST_STEP][PASSED] - verifyElementText(findTestObject("Object Repository/Page_Daily_Buyer_CAC_Table2/Page_/div_Others"), "Others"): Actual text and expected text of test object 'Object Repository/Page_Daily_Buyer_CAC_Table2/Page_/div_Others' are matched.

18-01-2024T07:02:11 - [MESSAGE][PASSED] - Actual text and expected text of test object 'Object Repository/Page_Daily_Buyer_CAC_Table2/Page_/div_Others' are matched.

18-01-2024T07:02:11 - [TEST_STEP][PASSED] - verifyElementPresent(findTestObject("Object Repository/Page_Daily_Buyer_CAC_Table2/Page_/div_Others"), 0): Object 'Object Repository/Page_Daily_Buyer_CAC_Table2/Page_/div_Others' is present

18-01-2024T07:02:11 - [MESSAGE][WARNING] - Timeout '0' is invalid. Using default page load timeout: '30'

18-01-2024T07:02:11 - [MESSAGE][PASSED] - Object 'Object Repository/Page_Daily_Buyer_CAC_Table2/Page_/div_Others' is present

18-01-2024T07:02:11 - [TEST_STEP][PASSED] - verifyElementText(findTestObject("Object Repository/Page_Daily_Buyer_CAC_Table2/Page_/div_Grand Total"), "Grand Total"): Actual text and expected text of test object 'Object Repository/Page_Daily_Buyer_CAC_Table2/Page_/div_Grand Total' are matched.

18-01-2024T07:02:11 - [MESSAGE][PASSED] - Actual text and expected text of test object 'Object Repository/Page_Daily_Buyer_CAC_Table2/Page_/div_Grand Total' are matched.

18-01-2024T07:02:11 - [TEST_STEP][PASSED] - verifyElementPresent(findTestObject("Object Repository/Page_Daily_Buyer_CAC_Table2/Page_/div_Grand Total"), 0): Object 'Object Repository/Page_Daily_Buyer_CAC_Table2/Page_/div_Grand Total' is present

18-01-2024T07:02:12 - [MESSAGE][WARNING] - Timeout '0' is invalid. Using default page load timeout: '30'

18-01-2024T07:02:12 - [MESSAGE][PASSED] - Object 'Object Repository/Page_Daily_Buyer_CAC_Table2/Page_/div_Grand Total' is present]]></system-out>
         <system-err><![CDATA[]]></system-err>
      </testcase>
      <testcase name="Test Cases/Performance Report/test_daily_buyer_ascending_decending_table2" time="7.952" classname="Test Cases/Performance Report/test_daily_buyer_ascending_decending_table2" status="PASSED">
         <system-out><![CDATA[18-01-2024T07:02:12 - [TEST_CASE][PASSED] - Test Cases/Performance Report/test_daily_buyer_ascending_decending_table2: Test Cases/Performance Report/test_daily_buyer_ascending_decending_table2

18-01-2024T07:02:12 - [TEST_STEP][PASSED] - verifyElementClickable(findTestObject("Object Repository/Page_Daily_Buyer_Ascending_Decending_Table2/Page_/div_mat-sort-header-arrow ng-trigger ng-tri_c508c6")): Object 'Object Repository/Page_Daily_Buyer_Ascending_Decending_Table2/Page_/div_mat-sort-header-arrow ng-trigger ng-tri_c508c6' is clickable

18-01-2024T07:02:12 - [MESSAGE][PASSED] - Object 'Object Repository/Page_Daily_Buyer_Ascending_Decending_Table2/Page_/div_mat-sort-header-arrow ng-trigger ng-tri_c508c6' is clickable

18-01-2024T07:02:12 - [TEST_STEP][PASSED] - click(findTestObject("Object Repository/Page_Daily_Buyer_Ascending_Decending_Table2/Page_/div_mat-sort-header-stem ng-tns-c99-26")): Object: 'Object Repository/Page_Daily_Buyer_Ascending_Decending_Table2/Page_/div_mat-sort-header-stem ng-tns-c99-26' is clicked on

18-01-2024T07:02:13 - [MESSAGE][PASSED] - Object: 'Object Repository/Page_Daily_Buyer_Ascending_Decending_Table2/Page_/div_mat-sort-header-stem ng-tns-c99-26' is clicked on

18-01-2024T07:02:13 - [TEST_STEP][PASSED] - click(findTestObject("Object Repository/Page_Daily_Buyer_Ascending_Decending_Table2/Page_/div_mat-sort-header-stem ng-tns-c99-26_1")): Object: 'Object Repository/Page_Daily_Buyer_Ascending_Decending_Table2/Page_/div_mat-sort-header-stem ng-tns-c99-26_1' is clicked on

18-01-2024T07:02:14 - [MESSAGE][PASSED] - Object: 'Object Repository/Page_Daily_Buyer_Ascending_Decending_Table2/Page_/div_mat-sort-header-stem ng-tns-c99-26_1' is clicked on

18-01-2024T07:02:14 - [TEST_STEP][PASSED] - verifyElementClickable(findTestObject("Object Repository/Page_Daily_Buyer_Ascending_Decending_Table2/Page_/div_mat-sort-header-arrow ng-trigger ng-tri_8a7df0")): Object 'Object Repository/Page_Daily_Buyer_Ascending_Decending_Table2/Page_/div_mat-sort-header-arrow ng-trigger ng-tri_8a7df0' is clickable

18-01-2024T07:02:14 - [MESSAGE][PASSED] - Object 'Object Repository/Page_Daily_Buyer_Ascending_Decending_Table2/Page_/div_mat-sort-header-arrow ng-trigger ng-tri_8a7df0' is clickable

18-01-2024T07:02:14 - [TEST_STEP][PASSED] - click(findTestObject("Object Repository/Page_Daily_Buyer_Ascending_Decending_Table2/Page_/div_mat-sort-header-stem ng-tns-c99-27")): Object: 'Object Repository/Page_Daily_Buyer_Ascending_Decending_Table2/Page_/div_mat-sort-header-stem ng-tns-c99-27' is clicked on

18-01-2024T07:02:15 - [MESSAGE][PASSED] - Object: 'Object Repository/Page_Daily_Buyer_Ascending_Decending_Table2/Page_/div_mat-sort-header-stem ng-tns-c99-27' is clicked on

18-01-2024T07:02:15 - [TEST_STEP][PASSED] - click(findTestObject("Object Repository/Page_Daily_Buyer_Ascending_Decending_Table2/Page_/div_mat-sort-header-arrow ng-trigger ng-tri_1b4cce_1")): Object: 'Object Repository/Page_Daily_Buyer_Ascending_Decending_Table2/Page_/div_mat-sort-header-arrow ng-trigger ng-tri_1b4cce_1' is clicked on

18-01-2024T07:02:15 - [MESSAGE][PASSED] - Object: 'Object Repository/Page_Daily_Buyer_Ascending_Decending_Table2/Page_/div_mat-sort-header-arrow ng-trigger ng-tri_1b4cce_1' is clicked on

18-01-2024T07:02:15 - [TEST_STEP][PASSED] - verifyElementClickable(findTestObject("Object Repository/Page_Daily_Buyer_Ascending_Decending_Table2/Page_/div_mat-sort-header-arrow ng-trigger ng-tri_51eee6")): Object 'Object Repository/Page_Daily_Buyer_Ascending_Decending_Table2/Page_/div_mat-sort-header-arrow ng-trigger ng-tri_51eee6' is clickable

18-01-2024T07:02:16 - [MESSAGE][PASSED] - Object 'Object Repository/Page_Daily_Buyer_Ascending_Decending_Table2/Page_/div_mat-sort-header-arrow ng-trigger ng-tri_51eee6' is clickable

18-01-2024T07:02:16 - [TEST_STEP][PASSED] - click(findTestObject("Object Repository/Page_Daily_Buyer_Ascending_Decending_Table2/Page_/div_mat-sort-header-arrow ng-trigger ng-tri_51eee6")): Object: 'Object Repository/Page_Daily_Buyer_Ascending_Decending_Table2/Page_/div_mat-sort-header-arrow ng-trigger ng-tri_51eee6' is clicked on

18-01-2024T07:02:16 - [MESSAGE][PASSED] - Object: 'Object Repository/Page_Daily_Buyer_Ascending_Decending_Table2/Page_/div_mat-sort-header-arrow ng-trigger ng-tri_51eee6' is clicked on

18-01-2024T07:02:16 - [TEST_STEP][PASSED] - click(findTestObject("Object Repository/Page_Daily_Buyer_Ascending_Decending_Table2/Page_/div_mat-sort-header-arrow ng-trigger ng-tri_51eee6_1")): Object: 'Object Repository/Page_Daily_Buyer_Ascending_Decending_Table2/Page_/div_mat-sort-header-arrow ng-trigger ng-tri_51eee6_1' is clicked on

18-01-2024T07:02:17 - [MESSAGE][PASSED] - Object: 'Object Repository/Page_Daily_Buyer_Ascending_Decending_Table2/Page_/div_mat-sort-header-arrow ng-trigger ng-tri_51eee6_1' is clicked on

18-01-2024T07:02:17 - [TEST_STEP][PASSED] - verifyElementClickable(findTestObject("Object Repository/Page_Daily_Buyer_Ascending_Decending_Table2/Page_/div_mat-sort-header-stem ng-tns-c99-29_1")): Object 'Object Repository/Page_Daily_Buyer_Ascending_Decending_Table2/Page_/div_mat-sort-header-stem ng-tns-c99-29_1' is clickable

18-01-2024T07:02:17 - [MESSAGE][PASSED] - Object 'Object Repository/Page_Daily_Buyer_Ascending_Decending_Table2/Page_/div_mat-sort-header-stem ng-tns-c99-29_1' is clickable

18-01-2024T07:02:17 - [TEST_STEP][PASSED] - click(findTestObject("Object Repository/Page_Daily_Buyer_Ascending_Decending_Table2/Page_/div_mat-sort-header-stem ng-tns-c99-29")): Object: 'Object Repository/Page_Daily_Buyer_Ascending_Decending_Table2/Page_/div_mat-sort-header-stem ng-tns-c99-29' is clicked on

18-01-2024T07:02:18 - [MESSAGE][PASSED] - Object: 'Object Repository/Page_Daily_Buyer_Ascending_Decending_Table2/Page_/div_mat-sort-header-stem ng-tns-c99-29' is clicked on

18-01-2024T07:02:18 - [TEST_STEP][PASSED] - click(findTestObject("Object Repository/Page_Daily_Buyer_Ascending_Decending_Table2/Page_/div_mat-sort-header-stem ng-tns-c99-29_1_2")): Object: 'Object Repository/Page_Daily_Buyer_Ascending_Decending_Table2/Page_/div_mat-sort-header-stem ng-tns-c99-29_1_2' is clicked on

18-01-2024T07:02:18 - [MESSAGE][PASSED] - Object: 'Object Repository/Page_Daily_Buyer_Ascending_Decending_Table2/Page_/div_mat-sort-header-stem ng-tns-c99-29_1_2' is clicked on

18-01-2024T07:02:18 - [TEST_STEP][PASSED] - verifyElementClickable(findTestObject("Object Repository/Page_Daily_Buyer_Ascending_Decending_Table2/Page_/div_mat-sort-header-stem ng-tns-c99-30_1")): Object 'Object Repository/Page_Daily_Buyer_Ascending_Decending_Table2/Page_/div_mat-sort-header-stem ng-tns-c99-30_1' is clickable

18-01-2024T07:02:19 - [MESSAGE][PASSED] - Object 'Object Repository/Page_Daily_Buyer_Ascending_Decending_Table2/Page_/div_mat-sort-header-stem ng-tns-c99-30_1' is clickable

18-01-2024T07:02:19 - [TEST_STEP][PASSED] - click(findTestObject("Object Repository/Page_Daily_Buyer_Ascending_Decending_Table2/Page_/div_mat-sort-header-arrow ng-trigger ng-tri_659679")): Object: 'Object Repository/Page_Daily_Buyer_Ascending_Decending_Table2/Page_/div_mat-sort-header-arrow ng-trigger ng-tri_659679' is clicked on

18-01-2024T07:02:19 - [MESSAGE][PASSED] - Object: 'Object Repository/Page_Daily_Buyer_Ascending_Decending_Table2/Page_/div_mat-sort-header-arrow ng-trigger ng-tri_659679' is clicked on

18-01-2024T07:02:19 - [TEST_STEP][PASSED] - click(findTestObject("Object Repository/Page_Daily_Buyer_Ascending_Decending_Table2/Page_/div_mat-sort-header-arrow ng-trigger ng-tri_659679_1")): Object: 'Object Repository/Page_Daily_Buyer_Ascending_Decending_Table2/Page_/div_mat-sort-header-arrow ng-trigger ng-tri_659679_1' is clicked on

18-01-2024T07:02:20 - [MESSAGE][PASSED] - Object: 'Object Repository/Page_Daily_Buyer_Ascending_Decending_Table2/Page_/div_mat-sort-header-arrow ng-trigger ng-tri_659679_1' is clicked on]]></system-out>
         <system-err><![CDATA[]]></system-err>
      </testcase>
      <testcase name="Test Cases/Performance Report/test_daily_buyer_items_dropdown_table2" time="224.846" classname="Test Cases/Performance Report/test_daily_buyer_items_dropdown_table2" status="PASSED">
         <system-out><![CDATA[18-01-2024T07:02:20 - [TEST_CASE][PASSED] - Test Cases/Performance Report/test_daily_buyer_items_dropdown_table2: Test Cases/Performance Report/test_daily_buyer_items_dropdown_table2

18-01-2024T07:02:20 - [TEST_STEP][PASSED] - verifyElementText(findTestObject("Object Repository/Page_Daily_Buyer_Items_Dropdown_Table2/Page_/div_Items per page"), "Items per page:"): Actual text and expected text of test object 'Object Repository/Page_Daily_Buyer_Items_Dropdown_Table2/Page_/div_Items per page' are matched.

18-01-2024T07:02:20 - [MESSAGE][PASSED] - Actual text and expected text of test object 'Object Repository/Page_Daily_Buyer_Items_Dropdown_Table2/Page_/div_Items per page' are matched.

18-01-2024T07:02:20 - [TEST_STEP][PASSED] - verifyElementClickable(findTestObject("Object Repository/Page_Daily_Buyer_Items_Dropdown_Table2/Page_/div_mat-select-arrow-wrapper ng-tns-c109-17")): Object 'Object Repository/Page_Daily_Buyer_Items_Dropdown_Table2/Page_/div_mat-select-arrow-wrapper ng-tns-c109-17' is clickable

18-01-2024T07:02:52 - [MESSAGE][INFO] - Unable to find the element located by 'By.xpath: //mat-select[@id='mat-select-2']/div/div[2]'. Please recheck the objects properties to make sure the desired element is located. 

18-01-2024T07:02:52 - [MESSAGE][WARNING] - [SELF-HEALING] Failed to find element with id 'Object Repository/Page_Daily_Buyer_Items_Dropdown_Table2/Page_/div_mat-select-arrow-wrapper ng-tns-c109-17'. Try using Self-healing.

18-01-2024T07:02:52 - [MESSAGE][INFO] - [SELF-HEALING] Failed Locator: '//mat-select[@id='mat-select-2']/div/div[2]'.

18-01-2024T07:02:52 - [MESSAGE][INFO] - [SELF-HEALING] Working Locator: '//app-total-projects-by-source-channel-table/div/div/div/app-material-heat-chart-drilldown-table/div/mat-paginator/div/div/div/mat-form-field/div/div/div/mat-select/div/div[2]'.

18-01-2024T07:02:53 - [MESSAGE][INFO] - [SELF-HEALING] Screenshot: C:/Users/Pavitra I R/Katalon Studio/Admetrics/Reports/Self-healing/Object Repository/Page_Daily_Buyer_Items_Dropdown_Table2/Page_/div_mat-select-arrow-wrapper ng-tns-c109-17_position.png

18-01-2024T07:02:53 - [MESSAGE][WARNING] - [SELF-HEALING] The current locator of test object 'Object Repository/Page_Daily_Buyer_Items_Dropdown_Table2/Page_/div_mat-select-arrow-wrapper ng-tns-c109-17' was broken. Propose an alternative one: '//app-total-projects-by-source-channel-table/div/div/div/app-material-heat-chart-drilldown-table/div/mat-paginator/div/div/div/mat-form-field/div/div/div/mat-select/div/div[2]'.

18-01-2024T07:02:53 - [MESSAGE][PASSED] - Object 'Object Repository/Page_Daily_Buyer_Items_Dropdown_Table2/Page_/div_mat-select-arrow-wrapper ng-tns-c109-17' is clickable

18-01-2024T07:02:53 - [TEST_STEP][PASSED] - click(findTestObject("Object Repository/Page_Daily_Buyer_Items_Dropdown_Table2/Page_/div_mat-select-arrow-wrapper ng-tns-c109-17")): Object: 'Object Repository/Page_Daily_Buyer_Items_Dropdown_Table2/Page_/div_mat-select-arrow-wrapper ng-tns-c109-17' is clicked on

18-01-2024T07:03:24 - [MESSAGE][INFO] - Unable to find the element located by 'By.xpath: //mat-select[@id='mat-select-2']/div/div[2]'. Please recheck the objects properties to make sure the desired element is located. 

18-01-2024T07:03:24 - [MESSAGE][WARNING] - [SELF-HEALING] Failed to find element with id 'Object Repository/Page_Daily_Buyer_Items_Dropdown_Table2/Page_/div_mat-select-arrow-wrapper ng-tns-c109-17'. Try using Self-healing.

18-01-2024T07:03:25 - [MESSAGE][WARNING] - [SELF-HEALING] The current locator of test object 'Object Repository/Page_Daily_Buyer_Items_Dropdown_Table2/Page_/div_mat-select-arrow-wrapper ng-tns-c109-17' was broken. Propose an alternative one: '//app-total-projects-by-source-channel-table/div/div/div/app-material-heat-chart-drilldown-table/div/mat-paginator/div/div/div/mat-form-field/div/div/div/mat-select/div/div[2]'.

18-01-2024T07:03:25 - [MESSAGE][PASSED] - Object: 'Object Repository/Page_Daily_Buyer_Items_Dropdown_Table2/Page_/div_mat-select-arrow-wrapper ng-tns-c109-17' is clicked on

18-01-2024T07:03:25 - [TEST_STEP][PASSED] - click(findTestObject("Object Repository/Page_Daily_Buyer_Items_Dropdown_Table2/Page_/span_10")): Object: 'Object Repository/Page_Daily_Buyer_Items_Dropdown_Table2/Page_/span_10' is clicked on

18-01-2024T07:03:56 - [MESSAGE][INFO] - Unable to find the element located by 'By.xpath: //mat-option[@id='mat-option-5']/span'. Please recheck the objects properties to make sure the desired element is located. 

18-01-2024T07:03:56 - [MESSAGE][WARNING] - [SELF-HEALING] Failed to find element with id 'Object Repository/Page_Daily_Buyer_Items_Dropdown_Table2/Page_/span_10'. Try using Self-healing.

18-01-2024T07:03:56 - [MESSAGE][INFO] - [SELF-HEALING] Failed Locator: '//mat-option[@id='mat-option-5']/span'.

18-01-2024T07:03:56 - [MESSAGE][INFO] - [SELF-HEALING] Working Locator: '//mat-option[2]/span'.

18-01-2024T07:03:57 - [MESSAGE][INFO] - [SELF-HEALING] Screenshot: C:/Users/Pavitra I R/Katalon Studio/Admetrics/Reports/Self-healing/Object Repository/Page_Daily_Buyer_Items_Dropdown_Table2/Page_/span_10_position.png

18-01-2024T07:03:57 - [MESSAGE][WARNING] - [SELF-HEALING] The current locator of test object 'Object Repository/Page_Daily_Buyer_Items_Dropdown_Table2/Page_/span_10' was broken. Propose an alternative one: '//mat-option[2]/span'.

18-01-2024T07:03:57 - [MESSAGE][PASSED] - Object: 'Object Repository/Page_Daily_Buyer_Items_Dropdown_Table2/Page_/span_10' is clicked on

18-01-2024T07:03:57 - [TEST_STEP][PASSED] - click(findTestObject("Object Repository/Page_Daily_Buyer_Items_Dropdown_Table2/Page_/div_mat-select-arrow-wrapper ng-tns-c109-17")): Object: 'Object Repository/Page_Daily_Buyer_Items_Dropdown_Table2/Page_/div_mat-select-arrow-wrapper ng-tns-c109-17' is clicked on

18-01-2024T07:04:28 - [MESSAGE][INFO] - Unable to find the element located by 'By.xpath: //mat-select[@id='mat-select-2']/div/div[2]'. Please recheck the objects properties to make sure the desired element is located. 

18-01-2024T07:04:28 - [MESSAGE][WARNING] - [SELF-HEALING] Failed to find element with id 'Object Repository/Page_Daily_Buyer_Items_Dropdown_Table2/Page_/div_mat-select-arrow-wrapper ng-tns-c109-17'. Try using Self-healing.

18-01-2024T07:04:29 - [MESSAGE][WARNING] - [SELF-HEALING] The current locator of test object 'Object Repository/Page_Daily_Buyer_Items_Dropdown_Table2/Page_/div_mat-select-arrow-wrapper ng-tns-c109-17' was broken. Propose an alternative one: '//app-total-projects-by-source-channel-table/div/div/div/app-material-heat-chart-drilldown-table/div/mat-paginator/div/div/div/mat-form-field/div/div/div/mat-select/div/div[2]'.

18-01-2024T07:04:29 - [MESSAGE][PASSED] - Object: 'Object Repository/Page_Daily_Buyer_Items_Dropdown_Table2/Page_/div_mat-select-arrow-wrapper ng-tns-c109-17' is clicked on

18-01-2024T07:04:29 - [TEST_STEP][PASSED] - click(findTestObject("Object Repository/Page_Daily_Buyer_Items_Dropdown_Table2/Page_/span_20")): Object: 'Object Repository/Page_Daily_Buyer_Items_Dropdown_Table2/Page_/span_20' is clicked on

18-01-2024T07:05:00 - [MESSAGE][INFO] - Unable to find the element located by 'By.xpath: //mat-option[@id='mat-option-6']/span'. Please recheck the objects properties to make sure the desired element is located. 

18-01-2024T07:05:00 - [MESSAGE][WARNING] - [SELF-HEALING] Failed to find element with id 'Object Repository/Page_Daily_Buyer_Items_Dropdown_Table2/Page_/span_20'. Try using Self-healing.

18-01-2024T07:05:00 - [MESSAGE][INFO] - [SELF-HEALING] Failed Locator: '//mat-option[@id='mat-option-6']/span'.

18-01-2024T07:05:00 - [MESSAGE][INFO] - [SELF-HEALING] Working Locator: '//mat-option[3]/span'.

18-01-2024T07:05:01 - [MESSAGE][INFO] - [SELF-HEALING] Screenshot: C:/Users/Pavitra I R/Katalon Studio/Admetrics/Reports/Self-healing/Object Repository/Page_Daily_Buyer_Items_Dropdown_Table2/Page_/span_20_position.png

18-01-2024T07:05:01 - [MESSAGE][WARNING] - [SELF-HEALING] The current locator of test object 'Object Repository/Page_Daily_Buyer_Items_Dropdown_Table2/Page_/span_20' was broken. Propose an alternative one: '//mat-option[3]/span'.

18-01-2024T07:05:01 - [MESSAGE][PASSED] - Object: 'Object Repository/Page_Daily_Buyer_Items_Dropdown_Table2/Page_/span_20' is clicked on

18-01-2024T07:05:01 - [TEST_STEP][PASSED] - click(findTestObject("Object Repository/Page_Daily_Buyer_Items_Dropdown_Table2/Page_/div_mat-select-arrow-wrapper ng-tns-c109-17")): Object: 'Object Repository/Page_Daily_Buyer_Items_Dropdown_Table2/Page_/div_mat-select-arrow-wrapper ng-tns-c109-17' is clicked on

18-01-2024T07:05:32 - [MESSAGE][INFO] - Unable to find the element located by 'By.xpath: //mat-select[@id='mat-select-2']/div/div[2]'. Please recheck the objects properties to make sure the desired element is located. 

18-01-2024T07:05:32 - [MESSAGE][WARNING] - [SELF-HEALING] Failed to find element with id 'Object Repository/Page_Daily_Buyer_Items_Dropdown_Table2/Page_/div_mat-select-arrow-wrapper ng-tns-c109-17'. Try using Self-healing.

18-01-2024T07:05:32 - [MESSAGE][WARNING] - [SELF-HEALING] The current locator of test object 'Object Repository/Page_Daily_Buyer_Items_Dropdown_Table2/Page_/div_mat-select-arrow-wrapper ng-tns-c109-17' was broken. Propose an alternative one: '//app-total-projects-by-source-channel-table/div/div/div/app-material-heat-chart-drilldown-table/div/mat-paginator/div/div/div/mat-form-field/div/div/div/mat-select/div/div[2]'.

18-01-2024T07:05:33 - [MESSAGE][PASSED] - Object: 'Object Repository/Page_Daily_Buyer_Items_Dropdown_Table2/Page_/div_mat-select-arrow-wrapper ng-tns-c109-17' is clicked on

18-01-2024T07:05:33 - [TEST_STEP][PASSED] - click(findTestObject("Object Repository/Page_Daily_Buyer_Items_Dropdown_Table2/Page_/span_30")): Object: 'Object Repository/Page_Daily_Buyer_Items_Dropdown_Table2/Page_/span_30' is clicked on

18-01-2024T07:06:04 - [MESSAGE][INFO] - Unable to find the element located by 'By.xpath: //mat-option[@id='mat-option-7']/span'. Please recheck the objects properties to make sure the desired element is located. 

18-01-2024T07:06:04 - [MESSAGE][WARNING] - [SELF-HEALING] Failed to find element with id 'Object Repository/Page_Daily_Buyer_Items_Dropdown_Table2/Page_/span_30'. Try using Self-healing.

18-01-2024T07:06:04 - [MESSAGE][INFO] - [SELF-HEALING] Failed Locator: '//mat-option[@id='mat-option-7']/span'.

18-01-2024T07:06:04 - [MESSAGE][INFO] - [SELF-HEALING] Working Locator: '//mat-option[4]/span'.

18-01-2024T07:06:05 - [MESSAGE][INFO] - [SELF-HEALING] Screenshot: C:/Users/Pavitra I R/Katalon Studio/Admetrics/Reports/Self-healing/Object Repository/Page_Daily_Buyer_Items_Dropdown_Table2/Page_/span_30_position.png

18-01-2024T07:06:05 - [MESSAGE][WARNING] - [SELF-HEALING] The current locator of test object 'Object Repository/Page_Daily_Buyer_Items_Dropdown_Table2/Page_/span_30' was broken. Propose an alternative one: '//mat-option[4]/span'.

18-01-2024T07:06:05 - [MESSAGE][PASSED] - Object: 'Object Repository/Page_Daily_Buyer_Items_Dropdown_Table2/Page_/span_30' is clicked on]]></system-out>
         <system-err><![CDATA[]]></system-err>
      </testcase>
      <testcase name="Test Cases/Performance Report/test_daily_buyer_cac_table3" time="6.054" classname="Test Cases/Performance Report/test_daily_buyer_cac_table3" status="PASSED">
         <system-out><![CDATA[18-01-2024T07:06:05 - [TEST_CASE][PASSED] - Test Cases/Performance Report/test_daily_buyer_cac_table3: Test Cases/Performance Report/test_daily_buyer_cac_table3

18-01-2024T07:06:05 - [TEST_STEP][PASSED] - verifyElementText(findTestObject("Object Repository/Page_Daily_Buyer_CAC_Table3/Page_/h2_Project By Campaign Source"), "Project By Campaign Source"): Actual text and expected text of test object 'Object Repository/Page_Daily_Buyer_CAC_Table3/Page_/h2_Project By Campaign Source' are matched.

18-01-2024T07:06:05 - [MESSAGE][PASSED] - Actual text and expected text of test object 'Object Repository/Page_Daily_Buyer_CAC_Table3/Page_/h2_Project By Campaign Source' are matched.

18-01-2024T07:06:05 - [TEST_STEP][PASSED] - verifyElementPresent(findTestObject("Object Repository/Page_Daily_Buyer_CAC_Table3/Page_/h2_Project By Campaign Source"), 0): Object 'Object Repository/Page_Daily_Buyer_CAC_Table3/Page_/h2_Project By Campaign Source' is present

18-01-2024T07:06:05 - [MESSAGE][WARNING] - Timeout '0' is invalid. Using default page load timeout: '30'

18-01-2024T07:06:06 - [MESSAGE][PASSED] - Object 'Object Repository/Page_Daily_Buyer_CAC_Table3/Page_/h2_Project By Campaign Source' is present

18-01-2024T07:06:06 - [TEST_STEP][PASSED] - verifyElementText(findTestObject("Object Repository/Page_Daily_Buyer_CAC_Table3/Page_/div_Date"), "Date"): Actual text and expected text of test object 'Object Repository/Page_Daily_Buyer_CAC_Table3/Page_/div_Date' are matched.

18-01-2024T07:06:06 - [MESSAGE][PASSED] - Actual text and expected text of test object 'Object Repository/Page_Daily_Buyer_CAC_Table3/Page_/div_Date' are matched.

18-01-2024T07:06:06 - [TEST_STEP][PASSED] - verifyElementPresent(findTestObject("Object Repository/Page_Daily_Buyer_CAC_Table3/Page_/div_Date"), 0): Object 'Object Repository/Page_Daily_Buyer_CAC_Table3/Page_/div_Date' is present

18-01-2024T07:06:06 - [MESSAGE][WARNING] - Timeout '0' is invalid. Using default page load timeout: '30'

18-01-2024T07:06:07 - [MESSAGE][PASSED] - Object 'Object Repository/Page_Daily_Buyer_CAC_Table3/Page_/div_Date' is present

18-01-2024T07:06:07 - [TEST_STEP][PASSED] - verifyElementText(findTestObject("Object Repository/Page_Daily_Buyer_CAC_Table3/Page_/div_Day"), "Day"): Actual text and expected text of test object 'Object Repository/Page_Daily_Buyer_CAC_Table3/Page_/div_Day' are matched.

18-01-2024T07:06:07 - [MESSAGE][PASSED] - Actual text and expected text of test object 'Object Repository/Page_Daily_Buyer_CAC_Table3/Page_/div_Day' are matched.

18-01-2024T07:06:07 - [TEST_STEP][PASSED] - verifyElementPresent(findTestObject("Object Repository/Page_Daily_Buyer_CAC_Table3/Page_/div_Day"), 0): Object 'Object Repository/Page_Daily_Buyer_CAC_Table3/Page_/div_Day' is present

18-01-2024T07:06:07 - [MESSAGE][WARNING] - Timeout '0' is invalid. Using default page load timeout: '30'

18-01-2024T07:06:07 - [MESSAGE][PASSED] - Object 'Object Repository/Page_Daily_Buyer_CAC_Table3/Page_/div_Day' is present

18-01-2024T07:06:07 - [TEST_STEP][PASSED] - verifyElementText(findTestObject("Object Repository/Page_Daily_Buyer_CAC_Table3/Page_/div_Email"), "Email"): Actual text and expected text of test object 'Object Repository/Page_Daily_Buyer_CAC_Table3/Page_/div_Email' are matched.

18-01-2024T07:06:08 - [MESSAGE][PASSED] - Actual text and expected text of test object 'Object Repository/Page_Daily_Buyer_CAC_Table3/Page_/div_Email' are matched.

18-01-2024T07:06:08 - [TEST_STEP][PASSED] - verifyElementPresent(findTestObject("Object Repository/Page_Daily_Buyer_CAC_Table3/Page_/div_Email"), 0): Object 'Object Repository/Page_Daily_Buyer_CAC_Table3/Page_/div_Email' is present

18-01-2024T07:06:08 - [MESSAGE][WARNING] - Timeout '0' is invalid. Using default page load timeout: '30'

18-01-2024T07:06:08 - [MESSAGE][PASSED] - Object 'Object Repository/Page_Daily_Buyer_CAC_Table3/Page_/div_Email' is present

18-01-2024T07:06:08 - [TEST_STEP][PASSED] - verifyElementText(findTestObject("Object Repository/Page_Daily_Buyer_CAC_Table3/Page_/div_Search 50 OFF"), "Search 50% OFF"): Actual text and expected text of test object 'Object Repository/Page_Daily_Buyer_CAC_Table3/Page_/div_Search 50 OFF' are matched.

18-01-2024T07:06:09 - [MESSAGE][PASSED] - Actual text and expected text of test object 'Object Repository/Page_Daily_Buyer_CAC_Table3/Page_/div_Search 50 OFF' are matched.

18-01-2024T07:06:09 - [TEST_STEP][PASSED] - verifyElementPresent(findTestObject("Object Repository/Page_Daily_Buyer_CAC_Table3/Page_/div_Search 50 OFF"), 0): Object 'Object Repository/Page_Daily_Buyer_CAC_Table3/Page_/div_Search 50 OFF' is present

18-01-2024T07:06:09 - [MESSAGE][WARNING] - Timeout '0' is invalid. Using default page load timeout: '30'

18-01-2024T07:06:09 - [MESSAGE][PASSED] - Object 'Object Repository/Page_Daily_Buyer_CAC_Table3/Page_/div_Search 50 OFF' is present

18-01-2024T07:06:09 - [TEST_STEP][PASSED] - verifyElementText(findTestObject("Object Repository/Page_Daily_Buyer_CAC_Table3/Page_/div_WIZ_Moonlyte_Buyer_Freelancer_Google_Se_df922d"), "WIZ_Moonlyte_Buyer_Freelancer_Google_Search_Ads_Jan_2023"): Actual text and expected text of test object 'Object Repository/Page_Daily_Buyer_CAC_Table3/Page_/div_WIZ_Moonlyte_Buyer_Freelancer_Google_Se_df922d' are matched.

18-01-2024T07:06:09 - [MESSAGE][PASSED] - Actual text and expected text of test object 'Object Repository/Page_Daily_Buyer_CAC_Table3/Page_/div_WIZ_Moonlyte_Buyer_Freelancer_Google_Se_df922d' are matched.

18-01-2024T07:06:09 - [TEST_STEP][PASSED] - verifyElementPresent(findTestObject("Object Repository/Page_Daily_Buyer_CAC_Table3/Page_/div_WIZ_Moonlyte_Buyer_Freelancer_Google_Se_df922d"), 0): Object 'Object Repository/Page_Daily_Buyer_CAC_Table3/Page_/div_WIZ_Moonlyte_Buyer_Freelancer_Google_Se_df922d' is present

18-01-2024T07:06:10 - [MESSAGE][WARNING] - Timeout '0' is invalid. Using default page load timeout: '30'

18-01-2024T07:06:10 - [MESSAGE][PASSED] - Object 'Object Repository/Page_Daily_Buyer_CAC_Table3/Page_/div_WIZ_Moonlyte_Buyer_Freelancer_Google_Se_df922d' is present

18-01-2024T07:06:10 - [TEST_STEP][PASSED] - verifyElementText(findTestObject("Object Repository/Page_Daily_Buyer_CAC_Table3/Page_/div_Grand Total"), "Grand Total"): Actual text and expected text of test object 'Object Repository/Page_Daily_Buyer_CAC_Table3/Page_/div_Grand Total' are matched.

18-01-2024T07:06:10 - [MESSAGE][PASSED] - Actual text and expected text of test object 'Object Repository/Page_Daily_Buyer_CAC_Table3/Page_/div_Grand Total' are matched.

18-01-2024T07:06:10 - [TEST_STEP][PASSED] - verifyElementPresent(findTestObject("Object Repository/Page_Daily_Buyer_CAC_Table3/Page_/div_Grand Total"), 0): Object 'Object Repository/Page_Daily_Buyer_CAC_Table3/Page_/div_Grand Total' is present

18-01-2024T07:06:10 - [MESSAGE][WARNING] - Timeout '0' is invalid. Using default page load timeout: '30'

18-01-2024T07:06:11 - [MESSAGE][PASSED] - Object 'Object Repository/Page_Daily_Buyer_CAC_Table3/Page_/div_Grand Total' is present]]></system-out>
         <system-err><![CDATA[]]></system-err>
      </testcase>
      <testcase name="Test Cases/Performance Report/test_daily_buyer_cac_ascending_decending_table3" time="8.321" classname="Test Cases/Performance Report/test_daily_buyer_cac_ascending_decending_table3" status="PASSED">
         <system-out><![CDATA[18-01-2024T07:06:11 - [TEST_CASE][PASSED] - Test Cases/Performance Report/test_daily_buyer_cac_ascending_decending_table3: Test Cases/Performance Report/test_daily_buyer_cac_ascending_decending_table3

18-01-2024T07:06:11 - [TEST_STEP][PASSED] - verifyElementClickable(findTestObject("Object Repository/Page_Daily_Buyer_Ascending_Decending_Table3/Page_/div_mat-sort-header-stem ng-tns-c99-18_1")): Object 'Object Repository/Page_Daily_Buyer_Ascending_Decending_Table3/Page_/div_mat-sort-header-stem ng-tns-c99-18_1' is clickable

18-01-2024T07:06:11 - [MESSAGE][PASSED] - Object 'Object Repository/Page_Daily_Buyer_Ascending_Decending_Table3/Page_/div_mat-sort-header-stem ng-tns-c99-18_1' is clickable

18-01-2024T07:06:11 - [TEST_STEP][PASSED] - verifyElementClickable(findTestObject("Object Repository/Page_Daily_Buyer_Ascending_Decending_Table3/Page_/div_mat-sort-header-stem ng-tns-c99-19_1")): Object 'Object Repository/Page_Daily_Buyer_Ascending_Decending_Table3/Page_/div_mat-sort-header-stem ng-tns-c99-19_1' is clickable

18-01-2024T07:06:12 - [MESSAGE][PASSED] - Object 'Object Repository/Page_Daily_Buyer_Ascending_Decending_Table3/Page_/div_mat-sort-header-stem ng-tns-c99-19_1' is clickable

18-01-2024T07:06:12 - [TEST_STEP][PASSED] - verifyElementClickable(findTestObject("Object Repository/Page_Daily_Buyer_Ascending_Decending_Table3/Page_/div_mat-sort-header-arrow ng-trigger ng-tri_506a70")): Object 'Object Repository/Page_Daily_Buyer_Ascending_Decending_Table3/Page_/div_mat-sort-header-arrow ng-trigger ng-tri_506a70' is clickable

18-01-2024T07:06:12 - [MESSAGE][PASSED] - Object 'Object Repository/Page_Daily_Buyer_Ascending_Decending_Table3/Page_/div_mat-sort-header-arrow ng-trigger ng-tri_506a70' is clickable

18-01-2024T07:06:12 - [TEST_STEP][PASSED] - verifyElementClickable(findTestObject("Object Repository/Page_Daily_Buyer_Ascending_Decending_Table3/Page_/div_mat-sort-header-stem ng-tns-c99-21_1")): Object 'Object Repository/Page_Daily_Buyer_Ascending_Decending_Table3/Page_/div_mat-sort-header-stem ng-tns-c99-21_1' is clickable

18-01-2024T07:06:13 - [MESSAGE][PASSED] - Object 'Object Repository/Page_Daily_Buyer_Ascending_Decending_Table3/Page_/div_mat-sort-header-stem ng-tns-c99-21_1' is clickable

18-01-2024T07:06:13 - [TEST_STEP][PASSED] - verifyElementClickable(findTestObject("Object Repository/Page_Daily_Buyer_Ascending_Decending_Table3/Page_/div_mat-sort-header-stem ng-tns-c99-22_1")): Object 'Object Repository/Page_Daily_Buyer_Ascending_Decending_Table3/Page_/div_mat-sort-header-stem ng-tns-c99-22_1' is clickable

18-01-2024T07:06:13 - [MESSAGE][PASSED] - Object 'Object Repository/Page_Daily_Buyer_Ascending_Decending_Table3/Page_/div_mat-sort-header-stem ng-tns-c99-22_1' is clickable

18-01-2024T07:06:13 - [TEST_STEP][PASSED] - verifyElementClickable(findTestObject("Object Repository/Page_Daily_Buyer_Ascending_Decending_Table3/Page_/div_mat-sort-header-stem ng-tns-c99-23_1")): Object 'Object Repository/Page_Daily_Buyer_Ascending_Decending_Table3/Page_/div_mat-sort-header-stem ng-tns-c99-23_1' is clickable

18-01-2024T07:06:14 - [MESSAGE][PASSED] - Object 'Object Repository/Page_Daily_Buyer_Ascending_Decending_Table3/Page_/div_mat-sort-header-stem ng-tns-c99-23_1' is clickable

18-01-2024T07:06:14 - [TEST_STEP][PASSED] - click(findTestObject("Object Repository/Page_Daily_Buyer_Ascending_Decending_Table3/Page_/div_mat-sort-header-stem ng-tns-c99-18")): Object: 'Object Repository/Page_Daily_Buyer_Ascending_Decending_Table3/Page_/div_mat-sort-header-stem ng-tns-c99-18' is clicked on

18-01-2024T07:06:14 - [MESSAGE][PASSED] - Object: 'Object Repository/Page_Daily_Buyer_Ascending_Decending_Table3/Page_/div_mat-sort-header-stem ng-tns-c99-18' is clicked on

18-01-2024T07:06:14 - [TEST_STEP][PASSED] - click(findTestObject("Object Repository/Page_Daily_Buyer_Ascending_Decending_Table3/Page_/div_mat-sort-header-stem ng-tns-c99-18_1_2")): Object: 'Object Repository/Page_Daily_Buyer_Ascending_Decending_Table3/Page_/div_mat-sort-header-stem ng-tns-c99-18_1_2' is clicked on

18-01-2024T07:06:15 - [MESSAGE][PASSED] - Object: 'Object Repository/Page_Daily_Buyer_Ascending_Decending_Table3/Page_/div_mat-sort-header-stem ng-tns-c99-18_1_2' is clicked on

18-01-2024T07:06:15 - [TEST_STEP][PASSED] - click(findTestObject("Object Repository/Page_Daily_Buyer_Ascending_Decending_Table3/Page_/div_mat-sort-header-stem ng-tns-c99-19")): Object: 'Object Repository/Page_Daily_Buyer_Ascending_Decending_Table3/Page_/div_mat-sort-header-stem ng-tns-c99-19' is clicked on

18-01-2024T07:06:15 - [MESSAGE][PASSED] - Object: 'Object Repository/Page_Daily_Buyer_Ascending_Decending_Table3/Page_/div_mat-sort-header-stem ng-tns-c99-19' is clicked on

18-01-2024T07:06:15 - [TEST_STEP][PASSED] - click(findTestObject("Object Repository/Page_Daily_Buyer_Ascending_Decending_Table3/Page_/div_mat-sort-header-arrow ng-trigger ng-tri_c2f568")): Object: 'Object Repository/Page_Daily_Buyer_Ascending_Decending_Table3/Page_/div_mat-sort-header-arrow ng-trigger ng-tri_c2f568' is clicked on

18-01-2024T07:06:16 - [MESSAGE][PASSED] - Object: 'Object Repository/Page_Daily_Buyer_Ascending_Decending_Table3/Page_/div_mat-sort-header-arrow ng-trigger ng-tri_c2f568' is clicked on

18-01-2024T07:06:16 - [TEST_STEP][PASSED] - click(findTestObject("Object Repository/Page_Daily_Buyer_Ascending_Decending_Table3/Page_/div_mat-sort-header-stem ng-tns-c99-20")): Object: 'Object Repository/Page_Daily_Buyer_Ascending_Decending_Table3/Page_/div_mat-sort-header-stem ng-tns-c99-20' is clicked on

18-01-2024T07:06:16 - [MESSAGE][PASSED] - Object: 'Object Repository/Page_Daily_Buyer_Ascending_Decending_Table3/Page_/div_mat-sort-header-stem ng-tns-c99-20' is clicked on

18-01-2024T07:06:16 - [TEST_STEP][PASSED] - click(findTestObject("Object Repository/Page_Daily_Buyer_Ascending_Decending_Table3/Page_/div_mat-sort-header-stem ng-tns-c99-20_1")): Object: 'Object Repository/Page_Daily_Buyer_Ascending_Decending_Table3/Page_/div_mat-sort-header-stem ng-tns-c99-20_1' is clicked on

18-01-2024T07:06:17 - [MESSAGE][PASSED] - Object: 'Object Repository/Page_Daily_Buyer_Ascending_Decending_Table3/Page_/div_mat-sort-header-stem ng-tns-c99-20_1' is clicked on

18-01-2024T07:06:17 - [TEST_STEP][PASSED] - click(findTestObject("Object Repository/Page_Daily_Buyer_Ascending_Decending_Table3/Page_/div_mat-sort-header-stem ng-tns-c99-22")): Object: 'Object Repository/Page_Daily_Buyer_Ascending_Decending_Table3/Page_/div_mat-sort-header-stem ng-tns-c99-22' is clicked on

18-01-2024T07:06:17 - [MESSAGE][PASSED] - Object: 'Object Repository/Page_Daily_Buyer_Ascending_Decending_Table3/Page_/div_mat-sort-header-stem ng-tns-c99-22' is clicked on

18-01-2024T07:06:17 - [TEST_STEP][PASSED] - click(findTestObject("Object Repository/Page_Daily_Buyer_Ascending_Decending_Table3/Page_/div_mat-sort-header-stem ng-tns-c99-22_1_2")): Object: 'Object Repository/Page_Daily_Buyer_Ascending_Decending_Table3/Page_/div_mat-sort-header-stem ng-tns-c99-22_1_2' is clicked on

18-01-2024T07:06:18 - [MESSAGE][PASSED] - Object: 'Object Repository/Page_Daily_Buyer_Ascending_Decending_Table3/Page_/div_mat-sort-header-stem ng-tns-c99-22_1_2' is clicked on

18-01-2024T07:06:18 - [TEST_STEP][PASSED] - click(findTestObject("Object Repository/Page_Daily_Buyer_Ascending_Decending_Table3/Page_/div_mat-sort-header-arrow ng-trigger ng-tri_23569a")): Object: 'Object Repository/Page_Daily_Buyer_Ascending_Decending_Table3/Page_/div_mat-sort-header-arrow ng-trigger ng-tri_23569a' is clicked on

18-01-2024T07:06:19 - [MESSAGE][PASSED] - Object: 'Object Repository/Page_Daily_Buyer_Ascending_Decending_Table3/Page_/div_mat-sort-header-arrow ng-trigger ng-tri_23569a' is clicked on

18-01-2024T07:06:19 - [TEST_STEP][PASSED] - click(findTestObject("Object Repository/Page_Daily_Buyer_Ascending_Decending_Table3/Page_/div_mat-sort-header-arrow ng-trigger ng-tri_23569a_1")): Object: 'Object Repository/Page_Daily_Buyer_Ascending_Decending_Table3/Page_/div_mat-sort-header-arrow ng-trigger ng-tri_23569a_1' is clicked on

18-01-2024T07:06:19 - [MESSAGE][PASSED] - Object: 'Object Repository/Page_Daily_Buyer_Ascending_Decending_Table3/Page_/div_mat-sort-header-arrow ng-trigger ng-tri_23569a_1' is clicked on]]></system-out>
         <system-err><![CDATA[]]></system-err>
      </testcase>
      <testcase name="Test Cases/Performance Report/test_daily_buyer_csc_items_dropdown_table3" time="322.234" classname="Test Cases/Performance Report/test_daily_buyer_csc_items_dropdown_table3" status="PASSED">
         <system-out><![CDATA[18-01-2024T07:06:19 - [TEST_CASE][PASSED] - Test Cases/Performance Report/test_daily_buyer_csc_items_dropdown_table3: Test Cases/Performance Report/test_daily_buyer_csc_items_dropdown_table3

18-01-2024T07:06:19 - [TEST_STEP][PASSED] - callTestCase(findTestCase("Reusable_Functions/Items_per_page"), [:], CONTINUE_ON_FAILURE): Call Test Case 'Test Cases/Reusable_Functions/Items_per_page' successfully

18-01-2024T07:06:19 - [TEST_CASE][PASSED] - Test Cases/Reusable_Functions/Items_per_page: Test Cases/Reusable_Functions/Items_per_page

18-01-2024T07:06:19 - [TEST_STEP][PASSED] - verifyElementText(findTestObject("Object Repository/Page_Items_Per_Page/Page_/div_Items per page"), "Items per page:"): Actual text and expected text of test object 'Object Repository/Page_Items_Per_Page/Page_/div_Items per page' are matched.

18-01-2024T07:06:50 - [MESSAGE][INFO] - Unable to find the element located by 'By.xpath: //div[@id='table1']/app-weekly-approved-vs-campaign-table/div/div/div/app-material-heat-chart-drilldown-table/div/mat-paginator/div/div/div/div'. Please recheck the objects properties to make sure the desired element is located. 

18-01-2024T07:06:50 - [MESSAGE][WARNING] - [SELF-HEALING] Failed to find element with id 'Object Repository/Page_Items_Per_Page/Page_/div_Items per page'. Try using Self-healing.

18-01-2024T07:06:51 - [MESSAGE][WARNING] - [SELF-HEALING] The current locator of test object 'Object Repository/Page_Items_Per_Page/Page_/div_Items per page' was broken. Propose an alternative one: '//mat-paginator/div/div/div/div'.

18-01-2024T07:06:51 - [MESSAGE][PASSED] - Actual text and expected text of test object 'Object Repository/Page_Items_Per_Page/Page_/div_Items per page' are matched.

18-01-2024T07:06:51 - [TEST_STEP][PASSED] - verifyElementClickable(findTestObject("Object Repository/Page_Items_Per_Page/Page_/div_mat-select-arrow ng-tns-c110-10")): Object 'Object Repository/Page_Items_Per_Page/Page_/div_mat-select-arrow ng-tns-c110-10' is clickable

18-01-2024T07:07:22 - [MESSAGE][INFO] - Unable to find the element located by 'By.xpath: //mat-select[@id='mat-select-0']/div/div[2]/div'. Please recheck the objects properties to make sure the desired element is located. 

18-01-2024T07:07:22 - [MESSAGE][WARNING] - [SELF-HEALING] Failed to find element with id 'Object Repository/Page_Items_Per_Page/Page_/div_mat-select-arrow ng-tns-c110-10'. Try using Self-healing.

18-01-2024T07:07:22 - [MESSAGE][WARNING] - [SELF-HEALING] The current locator of test object 'Object Repository/Page_Items_Per_Page/Page_/div_mat-select-arrow ng-tns-c110-10' was broken. Propose an alternative one: '//mat-select/div/div[2]/div'.

18-01-2024T07:07:22 - [MESSAGE][PASSED] - Object 'Object Repository/Page_Items_Per_Page/Page_/div_mat-select-arrow ng-tns-c110-10' is clickable

18-01-2024T07:07:22 - [TEST_STEP][PASSED] - click(findTestObject("Object Repository/Page_Items_Per_Page/Page_/div_mat-select-arrow-wrapper ng-tns-c110-10")): Object: 'Object Repository/Page_Items_Per_Page/Page_/div_mat-select-arrow-wrapper ng-tns-c110-10' is clicked on

18-01-2024T07:07:54 - [MESSAGE][INFO] - Unable to find the element located by 'By.xpath: //mat-select[@id='mat-select-0']/div/div[2]'. Please recheck the objects properties to make sure the desired element is located. 

18-01-2024T07:07:54 - [MESSAGE][WARNING] - [SELF-HEALING] Failed to find element with id 'Object Repository/Page_Items_Per_Page/Page_/div_mat-select-arrow-wrapper ng-tns-c110-10'. Try using Self-healing.

18-01-2024T07:07:54 - [MESSAGE][WARNING] - [SELF-HEALING] The current locator of test object 'Object Repository/Page_Items_Per_Page/Page_/div_mat-select-arrow-wrapper ng-tns-c110-10' was broken. Propose an alternative one: '//mat-select/div/div[2]'.

18-01-2024T07:07:54 - [MESSAGE][PASSED] - Object: 'Object Repository/Page_Items_Per_Page/Page_/div_mat-select-arrow-wrapper ng-tns-c110-10' is clicked on

18-01-2024T07:07:54 - [TEST_STEP][PASSED] - click(findTestObject("Object Repository/Page_Items_Per_Page/Page_/span_10")): Object: 'Object Repository/Page_Items_Per_Page/Page_/span_10' is clicked on

18-01-2024T07:08:25 - [MESSAGE][INFO] - Unable to find the element located by 'By.xpath: //mat-option[@id='mat-option-1']/span'. Please recheck the objects properties to make sure the desired element is located. 

18-01-2024T07:08:25 - [MESSAGE][WARNING] - [SELF-HEALING] Failed to find element with id 'Object Repository/Page_Items_Per_Page/Page_/span_10'. Try using Self-healing.

18-01-2024T07:08:26 - [MESSAGE][WARNING] - [SELF-HEALING] The current locator of test object 'Object Repository/Page_Items_Per_Page/Page_/span_10' was broken. Propose an alternative one: '//mat-option[2]/span'.

18-01-2024T07:08:26 - [MESSAGE][PASSED] - Object: 'Object Repository/Page_Items_Per_Page/Page_/span_10' is clicked on

18-01-2024T07:08:26 - [TEST_STEP][PASSED] - click(findTestObject("Object Repository/Page_Items_Per_Page/Page_/div_mat-select-arrow-wrapper ng-tns-c110-10")): Object: 'Object Repository/Page_Items_Per_Page/Page_/div_mat-select-arrow-wrapper ng-tns-c110-10' is clicked on

18-01-2024T07:08:57 - [MESSAGE][INFO] - Unable to find the element located by 'By.xpath: //mat-select[@id='mat-select-0']/div/div[2]'. Please recheck the objects properties to make sure the desired element is located. 

18-01-2024T07:08:57 - [MESSAGE][WARNING] - [SELF-HEALING] Failed to find element with id 'Object Repository/Page_Items_Per_Page/Page_/div_mat-select-arrow-wrapper ng-tns-c110-10'. Try using Self-healing.

18-01-2024T07:08:57 - [MESSAGE][WARNING] - [SELF-HEALING] The current locator of test object 'Object Repository/Page_Items_Per_Page/Page_/div_mat-select-arrow-wrapper ng-tns-c110-10' was broken. Propose an alternative one: '//mat-select/div/div[2]'.

18-01-2024T07:08:57 - [MESSAGE][PASSED] - Object: 'Object Repository/Page_Items_Per_Page/Page_/div_mat-select-arrow-wrapper ng-tns-c110-10' is clicked on

18-01-2024T07:08:57 - [TEST_STEP][PASSED] - click(findTestObject("Object Repository/Page_Items_Per_Page/Page_/span_20")): Object: 'Object Repository/Page_Items_Per_Page/Page_/span_20' is clicked on

18-01-2024T07:09:29 - [MESSAGE][INFO] - Unable to find the element located by 'By.xpath: //mat-option[@id='mat-option-2']/span'. Please recheck the objects properties to make sure the desired element is located. 

18-01-2024T07:09:29 - [MESSAGE][WARNING] - [SELF-HEALING] Failed to find element with id 'Object Repository/Page_Items_Per_Page/Page_/span_20'. Try using Self-healing.

18-01-2024T07:09:29 - [MESSAGE][WARNING] - [SELF-HEALING] The current locator of test object 'Object Repository/Page_Items_Per_Page/Page_/span_20' was broken. Propose an alternative one: '//mat-option[3]/span'.

18-01-2024T07:09:29 - [MESSAGE][PASSED] - Object: 'Object Repository/Page_Items_Per_Page/Page_/span_20' is clicked on

18-01-2024T07:09:29 - [TEST_STEP][PASSED] - click(findTestObject("Object Repository/Page_Items_Per_Page/Page_/div_mat-select-arrow-wrapper ng-tns-c110-10")): Object: 'Object Repository/Page_Items_Per_Page/Page_/div_mat-select-arrow-wrapper ng-tns-c110-10' is clicked on

18-01-2024T07:10:00 - [MESSAGE][INFO] - Unable to find the element located by 'By.xpath: //mat-select[@id='mat-select-0']/div/div[2]'. Please recheck the objects properties to make sure the desired element is located. 

18-01-2024T07:10:00 - [MESSAGE][WARNING] - [SELF-HEALING] Failed to find element with id 'Object Repository/Page_Items_Per_Page/Page_/div_mat-select-arrow-wrapper ng-tns-c110-10'. Try using Self-healing.

18-01-2024T07:10:01 - [MESSAGE][WARNING] - [SELF-HEALING] The current locator of test object 'Object Repository/Page_Items_Per_Page/Page_/div_mat-select-arrow-wrapper ng-tns-c110-10' was broken. Propose an alternative one: '//mat-select/div/div[2]'.

18-01-2024T07:10:01 - [MESSAGE][PASSED] - Object: 'Object Repository/Page_Items_Per_Page/Page_/div_mat-select-arrow-wrapper ng-tns-c110-10' is clicked on

18-01-2024T07:10:01 - [TEST_STEP][PASSED] - click(findTestObject("Object Repository/Page_Items_Per_Page/Page_/span_30")): Object: 'Object Repository/Page_Items_Per_Page/Page_/span_30' is clicked on

18-01-2024T07:10:32 - [MESSAGE][INFO] - Unable to find the element located by 'By.xpath: //mat-option[@id='mat-option-3']/span'. Please recheck the objects properties to make sure the desired element is located. 

18-01-2024T07:10:32 - [MESSAGE][WARNING] - [SELF-HEALING] Failed to find element with id 'Object Repository/Page_Items_Per_Page/Page_/span_30'. Try using Self-healing.

18-01-2024T07:10:32 - [MESSAGE][WARNING] - [SELF-HEALING] The current locator of test object 'Object Repository/Page_Items_Per_Page/Page_/span_30' was broken. Propose an alternative one: '//mat-option[4]/span'.

18-01-2024T07:10:32 - [MESSAGE][PASSED] - Object: 'Object Repository/Page_Items_Per_Page/Page_/span_30' is clicked on

18-01-2024T07:10:32 - [TEST_STEP][PASSED] - click(findTestObject("Object Repository/Page_Items_Per_Page/Page_/div_mat-select-arrow ng-tns-c110-10")): Object: 'Object Repository/Page_Items_Per_Page/Page_/div_mat-select-arrow ng-tns-c110-10' is clicked on

18-01-2024T07:11:04 - [MESSAGE][INFO] - Unable to find the element located by 'By.xpath: //mat-select[@id='mat-select-0']/div/div[2]/div'. Please recheck the objects properties to make sure the desired element is located. 

18-01-2024T07:11:04 - [MESSAGE][WARNING] - [SELF-HEALING] Failed to find element with id 'Object Repository/Page_Items_Per_Page/Page_/div_mat-select-arrow ng-tns-c110-10'. Try using Self-healing.

18-01-2024T07:11:04 - [MESSAGE][WARNING] - [SELF-HEALING] The current locator of test object 'Object Repository/Page_Items_Per_Page/Page_/div_mat-select-arrow ng-tns-c110-10' was broken. Propose an alternative one: '//mat-select/div/div[2]/div'.

18-01-2024T07:11:04 - [MESSAGE][PASSED] - Object: 'Object Repository/Page_Items_Per_Page/Page_/div_mat-select-arrow ng-tns-c110-10' is clicked on

18-01-2024T07:11:04 - [TEST_STEP][PASSED] - click(findTestObject("Object Repository/Page_Items_Per_Page/Page_/span_5")): Object: 'Object Repository/Page_Items_Per_Page/Page_/span_5' is clicked on

18-01-2024T07:11:35 - [MESSAGE][INFO] - Unable to find the element located by 'By.xpath: //mat-option[@id='mat-option-0']/span'. Please recheck the objects properties to make sure the desired element is located. 

18-01-2024T07:11:35 - [MESSAGE][WARNING] - [SELF-HEALING] Failed to find element with id 'Object Repository/Page_Items_Per_Page/Page_/span_5'. Try using Self-healing.

18-01-2024T07:11:36 - [MESSAGE][WARNING] - [SELF-HEALING] The current locator of test object 'Object Repository/Page_Items_Per_Page/Page_/span_5' was broken. Propose an alternative one: '//mat-option/span'.

18-01-2024T07:11:36 - [MESSAGE][PASSED] - Object: 'Object Repository/Page_Items_Per_Page/Page_/span_5' is clicked on

18-01-2024T07:11:36 - [MESSAGE][INFO] - 

18-01-2024T07:11:36 - [MESSAGE][INFO] - ===================== Self-healing Report ====================

18-01-2024T07:11:36 - [MESSAGE][INFO] - One of the failed test object locators has been recovered by Self-healing. Please refer to the Self-healing Insights tab for more details.

18-01-2024T07:11:36 - [MESSAGE][INFO] - To learn more about Self-healing, please read https://docs.katalon.com/katalon-studio/docs/self-healing.html

18-01-2024T07:11:36 - [MESSAGE][INFO] - ==============================================================

18-01-2024T07:11:36 - [MESSAGE][PASSED] - Call Test Case 'Test Cases/Reusable_Functions/Items_per_page' successfully

18-01-2024T07:11:36 - [TEST_STEP][PASSED] - callTestCase(findTestCase("Reusable_Functions/Fullscreen"), [:], CONTINUE_ON_FAILURE): Call Test Case 'Test Cases/Reusable_Functions/Fullscreen' successfully

18-01-2024T07:11:36 - [TEST_CASE][PASSED] - Test Cases/Reusable_Functions/Fullscreen: Test Cases/Reusable_Functions/Fullscreen

18-01-2024T07:11:36 - [TEST_STEP][PASSED] - verifyElementClickable(findTestObject("Object Repository/Page_Fullscreen/Page_/img")): Object 'Object Repository/Page_Fullscreen/Page_/img' is clickable

18-01-2024T07:11:37 - [MESSAGE][PASSED] - Object 'Object Repository/Page_Fullscreen/Page_/img' is clickable

18-01-2024T07:11:37 - [TEST_STEP][PASSED] - click(findTestObject("Object Repository/Page_Fullscreen/Page_/img")): Object: 'Object Repository/Page_Fullscreen/Page_/img' is clicked on

18-01-2024T07:11:37 - [MESSAGE][PASSED] - Object: 'Object Repository/Page_Fullscreen/Page_/img' is clicked on

18-01-2024T07:11:37 - [TEST_STEP][PASSED] - delay(2): Delayed 2 second(s)

18-01-2024T07:11:39 - [MESSAGE][PASSED] - Delayed 2 second(s)

18-01-2024T07:11:39 - [TEST_STEP][PASSED] - executeJavaScript("document.exitFullscreen();", null): Execute JavaScript 'document.exitFullscreen();' successfully

18-01-2024T07:11:39 - [MESSAGE][PASSED] - Execute JavaScript 'document.exitFullscreen();' successfully

18-01-2024T07:11:39 - [TEST_STEP][PASSED] - delay(2): Delayed 2 second(s)

18-01-2024T07:11:41 - [MESSAGE][PASSED] - Delayed 2 second(s)

18-01-2024T07:11:41 - [MESSAGE][INFO] - 

18-01-2024T07:11:41 - [MESSAGE][INFO] - ===================== Self-healing Report ====================

18-01-2024T07:11:41 - [MESSAGE][INFO] - One of the failed test object locators has been recovered by Self-healing. Please refer to the Self-healing Insights tab for more details.

18-01-2024T07:11:41 - [MESSAGE][INFO] - To learn more about Self-healing, please read https://docs.katalon.com/katalon-studio/docs/self-healing.html

18-01-2024T07:11:41 - [MESSAGE][INFO] - ==============================================================

18-01-2024T07:11:41 - [MESSAGE][PASSED] - Call Test Case 'Test Cases/Reusable_Functions/Fullscreen' successfully]]></system-out>
         <system-err><![CDATA[]]></system-err>
      </testcase>
      <testcase name="Test Cases/Performance Report/test_weekly_buyer_cac_zoom" time="7.411" classname="Test Cases/Performance Report/test_weekly_buyer_cac_zoom" status="PASSED">
         <system-out><![CDATA[18-01-2024T07:11:41 - [TEST_CASE][PASSED] - Test Cases/Performance Report/test_weekly_buyer_cac_zoom: Test Cases/Performance Report/test_weekly_buyer_cac_zoom

18-01-2024T07:11:42 - [TEST_STEP][PASSED] - click(findTestObject("Object Repository/Page_Weekly_Buyer_CAC_Zoom/Page_/div_Weekly Buyer CAC Report")): Object: 'Object Repository/Page_Weekly_Buyer_CAC_Zoom/Page_/div_Weekly Buyer CAC Report' is clicked on

18-01-2024T07:11:42 - [MESSAGE][PASSED] - Object: 'Object Repository/Page_Weekly_Buyer_CAC_Zoom/Page_/div_Weekly Buyer CAC Report' is clicked on

18-01-2024T07:11:42 - [TEST_STEP][PASSED] - verifyElementPresent(findTestObject("Object Repository/Page_Weekly_Buyer_CAC_Zoom/Page_/img"), 0): Object 'Object Repository/Page_Weekly_Buyer_CAC_Zoom/Page_/img' is present

18-01-2024T07:11:42 - [MESSAGE][WARNING] - Timeout '0' is invalid. Using default page load timeout: '30'

18-01-2024T07:11:43 - [MESSAGE][PASSED] - Object 'Object Repository/Page_Weekly_Buyer_CAC_Zoom/Page_/img' is present

18-01-2024T07:11:43 - [TEST_STEP][PASSED] - verifyElementClickable(findTestObject("Object Repository/Page_Weekly_Buyer_CAC_Zoom/Page_/img")): Object 'Object Repository/Page_Weekly_Buyer_CAC_Zoom/Page_/img' is clickable

18-01-2024T07:11:44 - [MESSAGE][PASSED] - Object 'Object Repository/Page_Weekly_Buyer_CAC_Zoom/Page_/img' is clickable

18-01-2024T07:11:44 - [TEST_STEP][PASSED] - callTestCase(findTestCase("Reusable_Functions/Fullscreen"), [:], CONTINUE_ON_FAILURE): Call Test Case 'Test Cases/Reusable_Functions/Fullscreen' successfully

18-01-2024T07:11:44 - [TEST_CASE][PASSED] - Test Cases/Reusable_Functions/Fullscreen: Test Cases/Reusable_Functions/Fullscreen

18-01-2024T07:11:44 - [TEST_STEP][PASSED] - verifyElementClickable(findTestObject("Object Repository/Page_Fullscreen/Page_/img")): Object 'Object Repository/Page_Fullscreen/Page_/img' is clickable

18-01-2024T07:11:44 - [MESSAGE][PASSED] - Object 'Object Repository/Page_Fullscreen/Page_/img' is clickable

18-01-2024T07:11:44 - [TEST_STEP][PASSED] - click(findTestObject("Object Repository/Page_Fullscreen/Page_/img")): Object: 'Object Repository/Page_Fullscreen/Page_/img' is clicked on

18-01-2024T07:11:45 - [MESSAGE][PASSED] - Object: 'Object Repository/Page_Fullscreen/Page_/img' is clicked on

18-01-2024T07:11:45 - [TEST_STEP][PASSED] - delay(2): Delayed 2 second(s)

18-01-2024T07:11:47 - [MESSAGE][PASSED] - Delayed 2 second(s)

18-01-2024T07:11:47 - [TEST_STEP][PASSED] - executeJavaScript("document.exitFullscreen();", null): Execute JavaScript 'document.exitFullscreen();' successfully

18-01-2024T07:11:47 - [MESSAGE][PASSED] - Execute JavaScript 'document.exitFullscreen();' successfully

18-01-2024T07:11:47 - [TEST_STEP][PASSED] - delay(2): Delayed 2 second(s)

18-01-2024T07:11:49 - [MESSAGE][PASSED] - Delayed 2 second(s)

18-01-2024T07:11:49 - [MESSAGE][PASSED] - Call Test Case 'Test Cases/Reusable_Functions/Fullscreen' successfully]]></system-out>
         <system-err><![CDATA[]]></system-err>
      </testcase>
      <testcase name="Test Cases/Performance Report/test_weekly_seller_cac_zoom" time="9.234" classname="Test Cases/Performance Report/test_weekly_seller_cac_zoom" status="PASSED">
         <system-out><![CDATA[18-01-2024T07:11:49 - [TEST_CASE][PASSED] - Test Cases/Performance Report/test_weekly_seller_cac_zoom: Test Cases/Performance Report/test_weekly_seller_cac_zoom

18-01-2024T07:11:49 - [TEST_STEP][PASSED] - click(findTestObject("Object Repository/Page_Weekly_Seller_CAC_Zoom/Page_/div_Weekly Seller CAC Report")): Object: 'Object Repository/Page_Weekly_Seller_CAC_Zoom/Page_/div_Weekly Seller CAC Report' is clicked on

18-01-2024T07:11:50 - [MESSAGE][PASSED] - Object: 'Object Repository/Page_Weekly_Seller_CAC_Zoom/Page_/div_Weekly Seller CAC Report' is clicked on

18-01-2024T07:11:50 - [TEST_STEP][PASSED] - verifyElementPresent(findTestObject("Object Repository/Page_Weekly_Seller_CAC_Zoom/Page_/img"), 0): Object 'Object Repository/Page_Weekly_Seller_CAC_Zoom/Page_/img' is present

18-01-2024T07:11:50 - [MESSAGE][WARNING] - Timeout '0' is invalid. Using default page load timeout: '30'

18-01-2024T07:11:51 - [MESSAGE][PASSED] - Object 'Object Repository/Page_Weekly_Seller_CAC_Zoom/Page_/img' is present

18-01-2024T07:11:51 - [TEST_STEP][PASSED] - verifyElementClickable(findTestObject("Object Repository/Page_Weekly_Seller_CAC_Zoom/Page_/img")): Object 'Object Repository/Page_Weekly_Seller_CAC_Zoom/Page_/img' is clickable

18-01-2024T07:11:51 - [MESSAGE][PASSED] - Object 'Object Repository/Page_Weekly_Seller_CAC_Zoom/Page_/img' is clickable

18-01-2024T07:11:51 - [TEST_STEP][PASSED] - callTestCase(findTestCase("Reusable_Functions/Fullscreen"), [:], CONTINUE_ON_FAILURE): Call Test Case 'Test Cases/Reusable_Functions/Fullscreen' successfully

18-01-2024T07:11:51 - [TEST_CASE][PASSED] - Test Cases/Reusable_Functions/Fullscreen: Test Cases/Reusable_Functions/Fullscreen

18-01-2024T07:11:51 - [TEST_STEP][PASSED] - verifyElementClickable(findTestObject("Object Repository/Page_Fullscreen/Page_/img")): Object 'Object Repository/Page_Fullscreen/Page_/img' is clickable

18-01-2024T07:11:51 - [MESSAGE][PASSED] - Object 'Object Repository/Page_Fullscreen/Page_/img' is clickable

18-01-2024T07:11:51 - [TEST_STEP][PASSED] - click(findTestObject("Object Repository/Page_Fullscreen/Page_/img")): Object: 'Object Repository/Page_Fullscreen/Page_/img' is clicked on

18-01-2024T07:11:52 - [MESSAGE][PASSED] - Object: 'Object Repository/Page_Fullscreen/Page_/img' is clicked on

18-01-2024T07:11:52 - [TEST_STEP][PASSED] - delay(2): Delayed 2 second(s)

18-01-2024T07:11:54 - [MESSAGE][PASSED] - Delayed 2 second(s)

18-01-2024T07:11:54 - [TEST_STEP][PASSED] - executeJavaScript("document.exitFullscreen();", null): Execute JavaScript 'document.exitFullscreen();' successfully

18-01-2024T07:11:54 - [MESSAGE][PASSED] - Execute JavaScript 'document.exitFullscreen();' successfully

18-01-2024T07:11:54 - [TEST_STEP][PASSED] - delay(2): Delayed 2 second(s)

18-01-2024T07:11:56 - [MESSAGE][PASSED] - Delayed 2 second(s)

18-01-2024T07:11:56 - [MESSAGE][PASSED] - Call Test Case 'Test Cases/Reusable_Functions/Fullscreen' successfully

18-01-2024T07:11:56 - [TEST_STEP][PASSED] - delay(2): Delayed 2 second(s)

18-01-2024T07:11:58 - [MESSAGE][PASSED] - Delayed 2 second(s)]]></system-out>
         <system-err><![CDATA[]]></system-err>
      </testcase>
      <testcase name="Test Cases/Performance Report/test_daily_buyer_cac_zoom" time="6.978" classname="Test Cases/Performance Report/test_daily_buyer_cac_zoom" status="PASSED">
         <system-out><![CDATA[18-01-2024T07:11:58 - [TEST_CASE][PASSED] - Test Cases/Performance Report/test_daily_buyer_cac_zoom: Test Cases/Performance Report/test_daily_buyer_cac_zoom

18-01-2024T07:11:58 - [TEST_STEP][PASSED] - click(findTestObject("Object Repository/Page_Daily_Buyer_CAC_Zoom/Page_/div_Daily Buyer CAC Report")): Object: 'Object Repository/Page_Daily_Buyer_CAC_Zoom/Page_/div_Daily Buyer CAC Report' is clicked on

18-01-2024T07:11:59 - [MESSAGE][PASSED] - Object: 'Object Repository/Page_Daily_Buyer_CAC_Zoom/Page_/div_Daily Buyer CAC Report' is clicked on

18-01-2024T07:11:59 - [TEST_STEP][PASSED] - verifyElementClickable(findTestObject("Object Repository/Page_Daily_Buyer_CAC_Zoom/Page_/img")): Object 'Object Repository/Page_Daily_Buyer_CAC_Zoom/Page_/img' is clickable

18-01-2024T07:12:00 - [MESSAGE][PASSED] - Object 'Object Repository/Page_Daily_Buyer_CAC_Zoom/Page_/img' is clickable

18-01-2024T07:12:00 - [TEST_STEP][PASSED] - callTestCase(findTestCase("Reusable_Functions/Fullscreen"), [:], CONTINUE_ON_FAILURE): Call Test Case 'Test Cases/Reusable_Functions/Fullscreen' successfully

18-01-2024T07:12:00 - [TEST_CASE][PASSED] - Test Cases/Reusable_Functions/Fullscreen: Test Cases/Reusable_Functions/Fullscreen

18-01-2024T07:12:00 - [TEST_STEP][PASSED] - verifyElementClickable(findTestObject("Object Repository/Page_Fullscreen/Page_/img")): Object 'Object Repository/Page_Fullscreen/Page_/img' is clickable

18-01-2024T07:12:00 - [MESSAGE][PASSED] - Object 'Object Repository/Page_Fullscreen/Page_/img' is clickable

18-01-2024T07:12:00 - [TEST_STEP][PASSED] - click(findTestObject("Object Repository/Page_Fullscreen/Page_/img")): Object: 'Object Repository/Page_Fullscreen/Page_/img' is clicked on

18-01-2024T07:12:01 - [MESSAGE][PASSED] - Object: 'Object Repository/Page_Fullscreen/Page_/img' is clicked on

18-01-2024T07:12:01 - [TEST_STEP][PASSED] - delay(2): Delayed 2 second(s)

18-01-2024T07:12:03 - [MESSAGE][PASSED] - Delayed 2 second(s)

18-01-2024T07:12:03 - [TEST_STEP][PASSED] - executeJavaScript("document.exitFullscreen();", null): Execute JavaScript 'document.exitFullscreen();' successfully

18-01-2024T07:12:03 - [MESSAGE][PASSED] - Execute JavaScript 'document.exitFullscreen();' successfully

18-01-2024T07:12:03 - [TEST_STEP][PASSED] - delay(2): Delayed 2 second(s)

18-01-2024T07:12:05 - [MESSAGE][PASSED] - Delayed 2 second(s)

18-01-2024T07:12:05 - [MESSAGE][PASSED] - Call Test Case 'Test Cases/Reusable_Functions/Fullscreen' successfully]]></system-out>
         <system-err><![CDATA[]]></system-err>
      </testcase>
      <system-out><![CDATA[18-01-2024T06:41:17 - [TEST_SUITE][PASSED] - performance_report: Test Cases/Performance Report/test_daily_buyer_cac_zoom]]></system-out>
      <system-err><![CDATA[]]></system-err>
   </testsuite>
</testsuites>
