<?xml version="1.0" encoding="UTF-8"?>
<testsuites name="Function_test" time="964.632" tests="23" failures="0" errors="0">
   <testsuite name="Function_test" tests="23" failures="0" errors="0" time="964.632" skipped="0" timestamp="2023-12-14 09:16:25" hostname="Pavitra I R - DESKTOP-MFB1Q4P" id="Test Suites/Function_test">
      <properties>
         <property name="deviceName" value=""/>
         <property name="devicePlatform" value=""/>
         <property name="logFolder" value="C:\\Users\\Pavitra I R\\Katalon Studio\\Admetrics\\Reports\\20231214_091616\\Function_test\\20231214_091616"/>
         <property name="logFiles" value="C:\\Users\\Pavitra I R\\Katalon Studio\\Admetrics\\Reports\\20231214_091616\\Function_test\\20231214_091616\\execution0.log"/>
         <property name="attachments" value=""/>
         <property name="hostName" value="Pavitra I R - DESKTOP-MFB1Q4P"/>
         <property name="os" value="Windows 10 64bit"/>
         <property name="katalonVersion" value="8.6.8.208"/>
         <property name="browser" value="Chrome 120.0.0.0"/>
         <property name="hostAddress" value="192.168.1.110"/>
         <property name="sessionId" value="053e46a4b5c13a6171d90b7771447b64"/>
         <property name="seleniumVersion" value="3.141.59"/>
         <property name="proxyInformation" value="ProxyInformation { proxyOption=NO_PROXY, proxyServerType=HTTP, username=, password=********, proxyServerAddress=, proxyServerPort=0, executionList=&quot;&quot;, isApplyToDesiredCapabilities=true }"/>
         <property name="platform" value="Windows 10"/>
      </properties>
      <testcase name="Test Cases/Login_Page/test_verify_project_title" time="10.842" classname="Test Cases/Login_Page/test_verify_project_title" status="PASSED">
         <system-out><![CDATA[2023-12-14 09:16:25 - [TEST_CASE][PASSED] - Test Cases/Login_Page/test_verify_project_title: Test Cases/Login_Page/test_verify_project_title

2023-12-14 09:16:26 - [TEST_STEP][PASSED] - openBrowser(""): Browser is opened with url: ''

2023-12-14 09:16:26 - [MESSAGE][INFO] - Starting 'Chrome' driver

2023-12-14 09:16:26 - [MESSAGE][INFO] - Action delay is set to 0 milliseconds

2023-12-14 09:16:28 - [MESSAGE][PASSED] - Browser is opened with url: ''

2023-12-14 09:16:28 - [TEST_STEP][PASSED] - maximizeWindow(): Current window maximized

2023-12-14 09:16:28 - [MESSAGE][PASSED] - Current window maximized

2023-12-14 09:16:28 - [TEST_STEP][PASSED] - navigateToUrl("https://dev-dash.admetrics.ai/"): Navigate to 'https://dev-dash.admetrics.ai/' successfully

2023-12-14 09:16:29 - [MESSAGE][PASSED] - Navigate to 'https://dev-dash.admetrics.ai/' successfully

2023-12-14 09:16:29 - [TEST_STEP][PASSED] - verifyElementText(findTestObject("Object Repository/Page_Project_Title/p_Admetrics"), "Admetrics"): Actual text and expected text of test object 'Object Repository/Page_Project_Title/p_Admetrics' are matched.

2023-12-14 09:16:32 - [MESSAGE][PASSED] - Actual text and expected text of test object 'Object Repository/Page_Project_Title/p_Admetrics' are matched.

2023-12-14 09:16:32 - [TEST_STEP][PASSED] - verifyElementVisible(findTestObject("Object Repository/Page_Project_Title/img_User ID_logoImg mr-3")): Object 'Object Repository/Page_Project_Title/img_User ID_logoImg mr-3' is visible

2023-12-14 09:16:33 - [MESSAGE][PASSED] - Object 'Object Repository/Page_Project_Title/img_User ID_logoImg mr-3' is visible

2023-12-14 09:16:33 - [TEST_STEP][PASSED] - verifyElementText(findTestObject("Object Repository/Page_Project_Title/p_India"), "India"): Actual text and expected text of test object 'Object Repository/Page_Project_Title/p_India' are matched.

2023-12-14 09:16:33 - [MESSAGE][PASSED] - Actual text and expected text of test object 'Object Repository/Page_Project_Title/p_India' are matched.

2023-12-14 09:16:33 - [TEST_STEP][PASSED] - verifyElementText(findTestObject("Object Repository/Page_Project_Title/input_User ID_username"), ""): Actual text and expected text of test object 'Object Repository/Page_Project_Title/input_User ID_username' are matched.

2023-12-14 09:16:34 - [MESSAGE][PASSED] - Actual text and expected text of test object 'Object Repository/Page_Project_Title/input_User ID_username' are matched.

2023-12-14 09:16:34 - [TEST_STEP][PASSED] - verifyElementText(findTestObject("Object Repository/Page_Project_Title/input_Password_password"), ""): Actual text and expected text of test object 'Object Repository/Page_Project_Title/input_Password_password' are matched.

2023-12-14 09:16:34 - [MESSAGE][PASSED] - Actual text and expected text of test object 'Object Repository/Page_Project_Title/input_Password_password' are matched.

2023-12-14 09:16:34 - [TEST_STEP][PASSED] - verifyElementClickable(findTestObject("Object Repository/Page_Project_Title/button_Login")): Object 'Object Repository/Page_Project_Title/button_Login' is clickable

2023-12-14 09:16:35 - [MESSAGE][PASSED] - Object 'Object Repository/Page_Project_Title/button_Login' is clickable

2023-12-14 09:16:35 - [TEST_STEP][PASSED] - closeBrowser(): Browser is closed

2023-12-14 09:16:36 - [MESSAGE][PASSED] - Browser is closed]]></system-out>
         <system-err><![CDATA[]]></system-err>
      </testcase>
      <testcase name="Test Cases/Login_Page/test_empty_credentials" time="6.939" classname="Test Cases/Login_Page/test_empty_credentials" status="PASSED">
         <system-out><![CDATA[2023-12-14 09:16:36 - [TEST_CASE][PASSED] - Test Cases/Login_Page/test_empty_credentials: Test Cases/Login_Page/test_empty_credentials

2023-12-14 09:16:36 - [TEST_STEP][PASSED] - openBrowser(""): Browser is opened with url: ''

2023-12-14 09:16:36 - [MESSAGE][INFO] - Starting 'Chrome' driver

2023-12-14 09:16:36 - [MESSAGE][INFO] - Action delay is set to 0 milliseconds

2023-12-14 09:16:38 - [MESSAGE][PASSED] - Browser is opened with url: ''

2023-12-14 09:16:38 - [TEST_STEP][PASSED] - maximizeWindow(): Current window maximized

2023-12-14 09:16:38 - [MESSAGE][PASSED] - Current window maximized

2023-12-14 09:16:38 - [TEST_STEP][PASSED] - navigateToUrl("https://dev-dash.admetrics.ai/"): Navigate to 'https://dev-dash.admetrics.ai/' successfully

2023-12-14 09:16:38 - [MESSAGE][PASSED] - Navigate to 'https://dev-dash.admetrics.ai/' successfully

2023-12-14 09:16:38 - [TEST_STEP][PASSED] - click(findTestObject("Object Repository/Page_Empty_credentials/Page_/input_User ID_username")): Object: 'Object Repository/Page_Empty_credentials/Page_/input_User ID_username' is clicked on

2023-12-14 09:16:41 - [MESSAGE][PASSED] - Object: 'Object Repository/Page_Empty_credentials/Page_/input_User ID_username' is clicked on

2023-12-14 09:16:41 - [TEST_STEP][PASSED] - click(findTestObject("Object Repository/Page_Empty_credentials/Page_/button_Login")): Object: 'Object Repository/Page_Empty_credentials/Page_/button_Login' is clicked on

2023-12-14 09:16:42 - [MESSAGE][PASSED] - Object: 'Object Repository/Page_Empty_credentials/Page_/button_Login' is clicked on

2023-12-14 09:16:42 - [TEST_STEP][PASSED] - verifyElementText(findTestObject("Object Repository/Page_Empty_credentials/Page_/span_Invalid Credentials"), "Invalid Credentials"): Actual text and expected text of test object 'Object Repository/Page_Empty_credentials/Page_/span_Invalid Credentials' are matched.

2023-12-14 09:16:42 - [MESSAGE][PASSED] - Actual text and expected text of test object 'Object Repository/Page_Empty_credentials/Page_/span_Invalid Credentials' are matched.

2023-12-14 09:16:42 - [TEST_STEP][PASSED] - closeBrowser(): Browser is closed

2023-12-14 09:16:43 - [MESSAGE][PASSED] - Browser is closed]]></system-out>
         <system-err><![CDATA[]]></system-err>
      </testcase>
      <testcase name="Test Cases/Login_Page/test_invalidusername_validpassword" time="8.38" classname="Test Cases/Login_Page/test_invalidusername_validpassword" status="PASSED">
         <system-out><![CDATA[2023-12-14 09:16:43 - [TEST_CASE][PASSED] - Test Cases/Login_Page/test_invalidusername_validpassword: Test Cases/Login_Page/test_invalidusername_validpassword

2023-12-14 09:16:43 - [TEST_STEP][PASSED] - openBrowser(""): Browser is opened with url: ''

2023-12-14 09:16:43 - [MESSAGE][INFO] - Starting 'Chrome' driver

2023-12-14 09:16:43 - [MESSAGE][INFO] - Action delay is set to 0 milliseconds

2023-12-14 09:16:45 - [MESSAGE][PASSED] - Browser is opened with url: ''

2023-12-14 09:16:45 - [TEST_STEP][PASSED] - maximizeWindow(): Current window maximized

2023-12-14 09:16:45 - [MESSAGE][PASSED] - Current window maximized

2023-12-14 09:16:45 - [TEST_STEP][PASSED] - navigateToUrl("https://dev-dash.admetrics.ai/"): Navigate to 'https://dev-dash.admetrics.ai/' successfully

2023-12-14 09:16:46 - [MESSAGE][PASSED] - Navigate to 'https://dev-dash.admetrics.ai/' successfully

2023-12-14 09:16:46 - [TEST_STEP][PASSED] - setText(findTestObject("Object Repository/Page_invalid_valid/Page_/input_User ID_username"), "tibil"): Text 'tibil' is set on object 'Object Repository/Page_invalid_valid/Page_/input_User ID_username'

2023-12-14 09:16:49 - [MESSAGE][PASSED] - Text 'tibil' is set on object 'Object Repository/Page_invalid_valid/Page_/input_User ID_username'

2023-12-14 09:16:49 - [TEST_STEP][PASSED] - setEncryptedText(findTestObject("Object Repository/Page_invalid_valid/Page_/input_Password_password"), "7Dxoto1EjKfQbGop/Ov+1g=="): Text ****** has been set on object 'Object Repository/Page_invalid_valid/Page_/input_Password_password'

2023-12-14 09:16:49 - [MESSAGE][PASSED] - Text ****** has been set on object 'Object Repository/Page_invalid_valid/Page_/input_Password_password'

2023-12-14 09:16:49 - [TEST_STEP][PASSED] - click(findTestObject("Object Repository/Page_invalid_valid/Page_/button_Login")): Object: 'Object Repository/Page_invalid_valid/Page_/button_Login' is clicked on

2023-12-14 09:16:50 - [MESSAGE][PASSED] - Object: 'Object Repository/Page_invalid_valid/Page_/button_Login' is clicked on

2023-12-14 09:16:50 - [TEST_STEP][PASSED] - verifyElementText(findTestObject("Object Repository/Page_invalid_valid/Page_/span_Invalid Credentials"), "Invalid Credentials"): Actual text and expected text of test object 'Object Repository/Page_invalid_valid/Page_/span_Invalid Credentials' are matched.

2023-12-14 09:16:50 - [MESSAGE][PASSED] - Actual text and expected text of test object 'Object Repository/Page_invalid_valid/Page_/span_Invalid Credentials' are matched.

2023-12-14 09:16:50 - [TEST_STEP][PASSED] - closeBrowser(): Browser is closed

2023-12-14 09:16:51 - [MESSAGE][PASSED] - Browser is closed]]></system-out>
         <system-err><![CDATA[]]></system-err>
      </testcase>
      <testcase name="Test Cases/Login_Page/test_invalid_username_password" time="7.838" classname="Test Cases/Login_Page/test_invalid_username_password" status="PASSED">
         <system-out><![CDATA[2023-12-14 09:16:51 - [TEST_CASE][PASSED] - Test Cases/Login_Page/test_invalid_username_password: Test Cases/Login_Page/test_invalid_username_password

2023-12-14 09:16:52 - [TEST_STEP][PASSED] - openBrowser(""): Browser is opened with url: ''

2023-12-14 09:16:52 - [MESSAGE][INFO] - Starting 'Chrome' driver

2023-12-14 09:16:52 - [MESSAGE][INFO] - Action delay is set to 0 milliseconds

2023-12-14 09:16:53 - [MESSAGE][PASSED] - Browser is opened with url: ''

2023-12-14 09:16:53 - [TEST_STEP][PASSED] - maximizeWindow(): Current window maximized

2023-12-14 09:16:53 - [MESSAGE][PASSED] - Current window maximized

2023-12-14 09:16:53 - [TEST_STEP][PASSED] - navigateToUrl("https://dev-dash.admetrics.ai/"): Navigate to 'https://dev-dash.admetrics.ai/' successfully

2023-12-14 09:16:54 - [MESSAGE][PASSED] - Navigate to 'https://dev-dash.admetrics.ai/' successfully

2023-12-14 09:16:54 - [TEST_STEP][PASSED] - setText(findTestObject("Object Repository/Page_Invalid/Page_/input_User ID_username"), "cqube"): Text 'cqube' is set on object 'Object Repository/Page_Invalid/Page_/input_User ID_username'

2023-12-14 09:16:57 - [MESSAGE][PASSED] - Text 'cqube' is set on object 'Object Repository/Page_Invalid/Page_/input_User ID_username'

2023-12-14 09:16:57 - [TEST_STEP][PASSED] - setEncryptedText(findTestObject("Object Repository/Page_Invalid/Page_/input_Password_password"), "KNgadmoWMNQLHR89HR7ydQ=="): Text ****** has been set on object 'Object Repository/Page_Invalid/Page_/input_Password_password'

2023-12-14 09:16:57 - [MESSAGE][PASSED] - Text ****** has been set on object 'Object Repository/Page_Invalid/Page_/input_Password_password'

2023-12-14 09:16:57 - [TEST_STEP][PASSED] - click(findTestObject("Object Repository/Page_Invalid/Page_/button_Login")): Object: 'Object Repository/Page_Invalid/Page_/button_Login' is clicked on

2023-12-14 09:16:58 - [MESSAGE][PASSED] - Object: 'Object Repository/Page_Invalid/Page_/button_Login' is clicked on

2023-12-14 09:16:58 - [TEST_STEP][PASSED] - verifyElementText(findTestObject("Object Repository/Page_Invalid/Page_/span_Invalid Credentials"), "Invalid Credentials"): Actual text and expected text of test object 'Object Repository/Page_Invalid/Page_/span_Invalid Credentials' are matched.

2023-12-14 09:16:58 - [MESSAGE][PASSED] - Actual text and expected text of test object 'Object Repository/Page_Invalid/Page_/span_Invalid Credentials' are matched.

2023-12-14 09:16:58 - [TEST_STEP][PASSED] - closeBrowser(): Browser is closed

2023-12-14 09:16:59 - [MESSAGE][PASSED] - Browser is closed]]></system-out>
         <system-err><![CDATA[]]></system-err>
      </testcase>
      <testcase name="Test Cases/Login_Page/test_validusername_invalipassword" time="7.45" classname="Test Cases/Login_Page/test_validusername_invalipassword" status="PASSED">
         <system-out><![CDATA[2023-12-14 09:16:59 - [TEST_CASE][PASSED] - Test Cases/Login_Page/test_validusername_invalipassword: Test Cases/Login_Page/test_validusername_invalipassword

2023-12-14 09:17:00 - [TEST_STEP][PASSED] - openBrowser(""): Browser is opened with url: ''

2023-12-14 09:17:00 - [MESSAGE][INFO] - Starting 'Chrome' driver

2023-12-14 09:17:00 - [MESSAGE][INFO] - Action delay is set to 0 milliseconds

2023-12-14 09:17:01 - [MESSAGE][PASSED] - Browser is opened with url: ''

2023-12-14 09:17:01 - [TEST_STEP][PASSED] - maximizeWindow(): Current window maximized

2023-12-14 09:17:01 - [MESSAGE][PASSED] - Current window maximized

2023-12-14 09:17:01 - [TEST_STEP][PASSED] - navigateToUrl("https://dev-dash.admetrics.ai/"): Navigate to 'https://dev-dash.admetrics.ai/' successfully

2023-12-14 09:17:02 - [MESSAGE][PASSED] - Navigate to 'https://dev-dash.admetrics.ai/' successfully

2023-12-14 09:17:02 - [TEST_STEP][PASSED] - setText(findTestObject("Object Repository/Page_valid_invalid/Page_/input_User ID_username"), "admin"): Text 'admin' is set on object 'Object Repository/Page_valid_invalid/Page_/input_User ID_username'

2023-12-14 09:17:04 - [MESSAGE][PASSED] - Text 'admin' is set on object 'Object Repository/Page_valid_invalid/Page_/input_User ID_username'

2023-12-14 09:17:04 - [TEST_STEP][PASSED] - setEncryptedText(findTestObject("Object Repository/Page_valid_invalid/Page_/input_Password_password"), "RSNArcc3BqI="): Text ****** has been set on object 'Object Repository/Page_valid_invalid/Page_/input_Password_password'

2023-12-14 09:17:05 - [MESSAGE][PASSED] - Text ****** has been set on object 'Object Repository/Page_valid_invalid/Page_/input_Password_password'

2023-12-14 09:17:05 - [TEST_STEP][PASSED] - click(findTestObject("Object Repository/Page_valid_invalid/Page_/button_Login")): Object: 'Object Repository/Page_valid_invalid/Page_/button_Login' is clicked on

2023-12-14 09:17:05 - [MESSAGE][PASSED] - Object: 'Object Repository/Page_valid_invalid/Page_/button_Login' is clicked on

2023-12-14 09:17:05 - [TEST_STEP][PASSED] - verifyElementText(findTestObject("Object Repository/Page_valid_invalid/Page_/span_Invalid Credentials"), "Invalid Credentials"): Actual text and expected text of test object 'Object Repository/Page_valid_invalid/Page_/span_Invalid Credentials' are matched.

2023-12-14 09:17:06 - [MESSAGE][PASSED] - Actual text and expected text of test object 'Object Repository/Page_valid_invalid/Page_/span_Invalid Credentials' are matched.

2023-12-14 09:17:06 - [TEST_STEP][PASSED] - closeBrowser(): Browser is closed

2023-12-14 09:17:07 - [MESSAGE][PASSED] - Browser is closed]]></system-out>
         <system-err><![CDATA[]]></system-err>
      </testcase>
      <testcase name="Test Cases/Login_Page/test_valid_login" time="9.593" classname="Test Cases/Login_Page/test_valid_login" status="PASSED">
         <system-out><![CDATA[2023-12-14 09:17:07 - [TEST_CASE][PASSED] - Test Cases/Login_Page/test_valid_login: Test Cases/Login_Page/test_valid_login

2023-12-14 09:17:07 - [TEST_STEP][PASSED] - openBrowser(""): Browser is opened with url: ''

2023-12-14 09:17:07 - [MESSAGE][INFO] - Starting 'Chrome' driver

2023-12-14 09:17:07 - [MESSAGE][INFO] - Action delay is set to 0 milliseconds

2023-12-14 09:17:08 - [MESSAGE][PASSED] - Browser is opened with url: ''

2023-12-14 09:17:08 - [TEST_STEP][PASSED] - maximizeWindow(): Current window maximized

2023-12-14 09:17:09 - [MESSAGE][PASSED] - Current window maximized

2023-12-14 09:17:09 - [TEST_STEP][PASSED] - navigateToUrl("https://dev-dash.admetrics.ai/"): Navigate to 'https://dev-dash.admetrics.ai/' successfully

2023-12-14 09:17:09 - [MESSAGE][PASSED] - Navigate to 'https://dev-dash.admetrics.ai/' successfully

2023-12-14 09:17:09 - [TEST_STEP][PASSED] - setText(findTestObject("Object Repository/Page_valid_login/Page_/input_User ID_username"), "admin"): Text 'admin' is set on object 'Object Repository/Page_valid_login/Page_/input_User ID_username'

2023-12-14 09:17:12 - [MESSAGE][PASSED] - Text 'admin' is set on object 'Object Repository/Page_valid_login/Page_/input_User ID_username'

2023-12-14 09:17:12 - [TEST_STEP][PASSED] - setEncryptedText(findTestObject("Object Repository/Page_valid_login/Page_/input_Password_password"), "7Dxoto1EjKfQbGop/Ov+1g=="): Text ****** has been set on object 'Object Repository/Page_valid_login/Page_/input_Password_password'

2023-12-14 09:17:13 - [MESSAGE][PASSED] - Text ****** has been set on object 'Object Repository/Page_valid_login/Page_/input_Password_password'

2023-12-14 09:17:13 - [TEST_STEP][PASSED] - click(findTestObject("Object Repository/Page_valid_login/Page_/button_Login")): Object: 'Object Repository/Page_valid_login/Page_/button_Login' is clicked on

2023-12-14 09:17:13 - [MESSAGE][PASSED] - Object: 'Object Repository/Page_valid_login/Page_/button_Login' is clicked on

2023-12-14 09:17:13 - [TEST_STEP][PASSED] - verifyElementText(findTestObject("Object Repository/Page_valid_login/Page_/p_Summary Statistics"), "Summary Statistics"): Actual text and expected text of test object 'Object Repository/Page_valid_login/Page_/p_Summary Statistics' are matched.

2023-12-14 09:17:15 - [MESSAGE][PASSED] - Actual text and expected text of test object 'Object Repository/Page_valid_login/Page_/p_Summary Statistics' are matched.

2023-12-14 09:17:15 - [TEST_STEP][PASSED] - closeBrowser(): Browser is closed

2023-12-14 09:17:16 - [MESSAGE][PASSED] - Browser is closed]]></system-out>
         <system-err><![CDATA[]]></system-err>
      </testcase>
      <testcase name="Test Cases/Dashboard_Page/test_verify_menu" time="42.902" classname="Test Cases/Dashboard_Page/test_verify_menu" status="PASSED">
         <system-out><![CDATA[2023-12-14 09:17:16 - [TEST_CASE][PASSED] - Test Cases/Dashboard_Page/test_verify_menu: Test Cases/Dashboard_Page/test_verify_menu

2023-12-14 09:17:17 - [TEST_STEP][PASSED] - callTestCase(findTestCase("Reusable_Functions/Login"), [:], CONTINUE_ON_FAILURE): Call Test Case 'Test Cases/Reusable_Functions/Login' successfully

2023-12-14 09:17:17 - [TEST_CASE][PASSED] - Test Cases/Reusable_Functions/Login: Test Cases/Reusable_Functions/Login

2023-12-14 09:17:17 - [TEST_STEP][PASSED] - openBrowser(""): Browser is opened with url: ''

2023-12-14 09:17:17 - [MESSAGE][INFO] - Starting 'Chrome' driver

2023-12-14 09:17:17 - [MESSAGE][INFO] - Action delay is set to 0 milliseconds

2023-12-14 09:17:18 - [MESSAGE][PASSED] - Browser is opened with url: ''

2023-12-14 09:17:18 - [TEST_STEP][PASSED] - maximizeWindow(): Current window maximized

2023-12-14 09:17:19 - [MESSAGE][PASSED] - Current window maximized

2023-12-14 09:17:19 - [TEST_STEP][PASSED] - navigateToUrl("https://dev-dash.admetrics.ai/"): Navigate to 'https://dev-dash.admetrics.ai/' successfully

2023-12-14 09:17:19 - [MESSAGE][PASSED] - Navigate to 'https://dev-dash.admetrics.ai/' successfully

2023-12-14 09:17:19 - [TEST_STEP][PASSED] - setText(findTestObject("Object Repository/Page_Project_Title/input_User ID_username"), "admin"): Text 'admin' is set on object 'Object Repository/Page_Project_Title/input_User ID_username'

2023-12-14 09:17:22 - [MESSAGE][PASSED] - Text 'admin' is set on object 'Object Repository/Page_Project_Title/input_User ID_username'

2023-12-14 09:17:22 - [TEST_STEP][PASSED] - setEncryptedText(findTestObject("Object Repository/Page_Project_Title/input_Password_password"), "7Dxoto1EjKfQbGop/Ov+1g=="): Text ****** has been set on object 'Object Repository/Page_Project_Title/input_Password_password'

2023-12-14 09:17:23 - [MESSAGE][PASSED] - Text ****** has been set on object 'Object Repository/Page_Project_Title/input_Password_password'

2023-12-14 09:17:23 - [TEST_STEP][PASSED] - click(findTestObject("Object Repository/Page_Project_Title/button_Login")): Object: 'Object Repository/Page_Project_Title/button_Login' is clicked on

2023-12-14 09:17:23 - [MESSAGE][PASSED] - Object: 'Object Repository/Page_Project_Title/button_Login' is clicked on

2023-12-14 09:17:23 - [MESSAGE][PASSED] - Call Test Case 'Test Cases/Reusable_Functions/Login' successfully

2023-12-14 09:17:23 - [TEST_STEP][PASSED] - verifyElementText(findTestObject("Object Repository/Page_Menu/Page_/p_Summary Statistics"), "Summary Statistics"): Actual text and expected text of test object 'Object Repository/Page_Menu/Page_/p_Summary Statistics' are matched.

2023-12-14 09:17:26 - [MESSAGE][PASSED] - Actual text and expected text of test object 'Object Repository/Page_Menu/Page_/p_Summary Statistics' are matched.

2023-12-14 09:17:26 - [TEST_STEP][PASSED] - verifyElementVisible(findTestObject("Object Repository/Page_Menu/Page_/img")): Object 'Object Repository/Page_Menu/Page_/img' is visible

2023-12-14 09:17:26 - [MESSAGE][PASSED] - Object 'Object Repository/Page_Menu/Page_/img' is visible

2023-12-14 09:17:26 - [TEST_STEP][PASSED] - verifyElementText(findTestObject("Object Repository/Page_Menu/Page_/span_admetrics"), "admetrics"): Actual text and expected text of test object 'Object Repository/Page_Menu/Page_/span_admetrics' are matched.

2023-12-14 09:17:27 - [MESSAGE][PASSED] - Actual text and expected text of test object 'Object Repository/Page_Menu/Page_/span_admetrics' are matched.

2023-12-14 09:17:27 - [TEST_STEP][PASSED] - verifyElementClickable(findTestObject("Object Repository/Page_Menu/Page_/div_admetrics_spinner diagonal part-2")): Object 'Object Repository/Page_Menu/Page_/div_admetrics_spinner diagonal part-2' is clickable

2023-12-14 09:17:27 - [MESSAGE][PASSED] - Object 'Object Repository/Page_Menu/Page_/div_admetrics_spinner diagonal part-2' is clickable

2023-12-14 09:17:27 - [TEST_STEP][PASSED] - click(findTestObject("Object Repository/Page_Menu/Page_/div_admetrics_spinner diagonal part-2")): Object: 'Object Repository/Page_Menu/Page_/div_admetrics_spinner diagonal part-2' is clicked on

2023-12-14 09:17:28 - [MESSAGE][PASSED] - Object: 'Object Repository/Page_Menu/Page_/div_admetrics_spinner diagonal part-2' is clicked on

2023-12-14 09:17:28 - [TEST_STEP][PASSED] - click(findTestObject("Object Repository/Page_Menu/Page_/div_admetrics_RespMenuIcon")): Object: 'Object Repository/Page_Menu/Page_/div_admetrics_RespMenuIcon' is clicked on

2023-12-14 09:17:28 - [MESSAGE][PASSED] - Object: 'Object Repository/Page_Menu/Page_/div_admetrics_RespMenuIcon' is clicked on

2023-12-14 09:17:28 - [TEST_STEP][PASSED] - verifyElementClickable(findTestObject("Object Repository/Page_Menu/Page_/div_admetrics_spinner diagonal part-2_1")): Object 'Object Repository/Page_Menu/Page_/div_admetrics_spinner diagonal part-2_1' is clickable

2023-12-14 09:17:29 - [MESSAGE][PASSED] - Object 'Object Repository/Page_Menu/Page_/div_admetrics_spinner diagonal part-2_1' is clickable

2023-12-14 09:17:29 - [TEST_STEP][PASSED] - click(findTestObject("Object Repository/Page_Menu/Page_/div_admetrics_spinner horizontal")): Object: 'Object Repository/Page_Menu/Page_/div_admetrics_spinner horizontal' is clicked on

2023-12-14 09:17:29 - [MESSAGE][PASSED] - Object: 'Object Repository/Page_Menu/Page_/div_admetrics_spinner horizontal' is clicked on

2023-12-14 09:17:29 - [TEST_STEP][PASSED] - click(findTestObject("Object Repository/Page_Menu/Page_/label_admetrics_sidebarIconToggle")): Object: 'Object Repository/Page_Menu/Page_/label_admetrics_sidebarIconToggle' is clicked on

2023-12-14 09:17:30 - [MESSAGE][PASSED] - Object: 'Object Repository/Page_Menu/Page_/label_admetrics_sidebarIconToggle' is clicked on

2023-12-14 09:17:30 - [TEST_STEP][PASSED] - mouseOver(findTestObject("Object Repository/Page_Menu/Page_/img_admetrics_menuIcon")): Object: 'Object Repository/Page_Menu/Page_/img_admetrics_menuIcon' is hovered

2023-12-14 09:17:31 - [MESSAGE][PASSED] - Object: 'Object Repository/Page_Menu/Page_/img_admetrics_menuIcon' is hovered

2023-12-14 09:17:31 - [TEST_STEP][PASSED] - mouseOver(findTestObject("Object Repository/Page_Menu/Page_/img_Summary Statistics_menuIcon")): Object: 'Object Repository/Page_Menu/Page_/img_Summary Statistics_menuIcon' is hovered

2023-12-14 09:17:31 - [MESSAGE][PASSED] - Object: 'Object Repository/Page_Menu/Page_/img_Summary Statistics_menuIcon' is hovered

2023-12-14 09:17:31 - [TEST_STEP][PASSED] - mouseOver(findTestObject("Object Repository/Page_Menu/Page_/img_Spend Report_menuIcon")): Object: 'Object Repository/Page_Menu/Page_/img_Spend Report_menuIcon' is hovered

2023-12-14 09:17:32 - [MESSAGE][PASSED] - Object: 'Object Repository/Page_Menu/Page_/img_Spend Report_menuIcon' is hovered

2023-12-14 09:17:32 - [TEST_STEP][PASSED] - mouseOver(findTestObject("Object Repository/Page_Menu/Page_/img_Spend Monitoring_menuIcon")): Object: 'Object Repository/Page_Menu/Page_/img_Spend Monitoring_menuIcon' is hovered

2023-12-14 09:17:33 - [MESSAGE][PASSED] - Object: 'Object Repository/Page_Menu/Page_/img_Spend Monitoring_menuIcon' is hovered

2023-12-14 09:17:33 - [TEST_STEP][PASSED] - mouseOver(findTestObject("Object Repository/Page_Menu/Page_/img_Performance_menuIcon")): Object: 'Object Repository/Page_Menu/Page_/img_Performance_menuIcon' is hovered

2023-12-14 09:17:34 - [MESSAGE][PASSED] - Object: 'Object Repository/Page_Menu/Page_/img_Performance_menuIcon' is hovered

2023-12-14 09:17:34 - [TEST_STEP][PASSED] - click(findTestObject("Object Repository/Page_Menu/Page_/div_admetrics_spinner diagonal part-2_1")): Object: 'Object Repository/Page_Menu/Page_/div_admetrics_spinner diagonal part-2_1' is clicked on

2023-12-14 09:17:34 - [MESSAGE][PASSED] - Object: 'Object Repository/Page_Menu/Page_/div_admetrics_spinner diagonal part-2_1' is clicked on

2023-12-14 09:17:34 - [TEST_STEP][PASSED] - verifyElementText(findTestObject("Object Repository/Page_Menu/Page_/span_Summary Statistics"), "Summary Statistics"): Actual text and expected text of test object 'Object Repository/Page_Menu/Page_/span_Summary Statistics' are matched.

2023-12-14 09:17:35 - [MESSAGE][PASSED] - Actual text and expected text of test object 'Object Repository/Page_Menu/Page_/span_Summary Statistics' are matched.

2023-12-14 09:17:35 - [TEST_STEP][PASSED] - verifyElementVisible(findTestObject("Object Repository/Page_Menu/Page_/img_admetrics_menuIcon")): Object 'Object Repository/Page_Menu/Page_/img_admetrics_menuIcon' is visible

2023-12-14 09:17:35 - [MESSAGE][PASSED] - Object 'Object Repository/Page_Menu/Page_/img_admetrics_menuIcon' is visible

2023-12-14 09:17:35 - [TEST_STEP][PASSED] - verifyElementText(findTestObject("Object Repository/Page_Menu/Page_/span_Spend Report"), "Spend Report"): Actual text and expected text of test object 'Object Repository/Page_Menu/Page_/span_Spend Report' are matched.

2023-12-14 09:17:36 - [MESSAGE][PASSED] - Actual text and expected text of test object 'Object Repository/Page_Menu/Page_/span_Spend Report' are matched.

2023-12-14 09:17:36 - [TEST_STEP][PASSED] - verifyElementVisible(findTestObject("Object Repository/Page_Menu/Page_/img_Summary Statistics_menuIcon")): Object 'Object Repository/Page_Menu/Page_/img_Summary Statistics_menuIcon' is visible

2023-12-14 09:17:36 - [MESSAGE][PASSED] - Object 'Object Repository/Page_Menu/Page_/img_Summary Statistics_menuIcon' is visible

2023-12-14 09:17:36 - [TEST_STEP][PASSED] - click(findTestObject("Object Repository/Page_Menu/Page_/div_Spend Report")): Object: 'Object Repository/Page_Menu/Page_/div_Spend Report' is clicked on

2023-12-14 09:17:37 - [MESSAGE][PASSED] - Object: 'Object Repository/Page_Menu/Page_/div_Spend Report' is clicked on

2023-12-14 09:17:37 - [TEST_STEP][PASSED] - click(findTestObject("Object Repository/Page_Menu/Page_/div_admetrics_spinner horizontal")): Object: 'Object Repository/Page_Menu/Page_/div_admetrics_spinner horizontal' is clicked on

2023-12-14 09:17:39 - [MESSAGE][PASSED] - Object: 'Object Repository/Page_Menu/Page_/div_admetrics_spinner horizontal' is clicked on

2023-12-14 09:17:39 - [TEST_STEP][PASSED] - verifyElementText(findTestObject("Object Repository/Page_Menu/Page_/span_Spend Monitoring"), "Spend Monitoring"): Actual text and expected text of test object 'Object Repository/Page_Menu/Page_/span_Spend Monitoring' are matched.

2023-12-14 09:17:40 - [MESSAGE][PASSED] - Actual text and expected text of test object 'Object Repository/Page_Menu/Page_/span_Spend Monitoring' are matched.

2023-12-14 09:17:40 - [TEST_STEP][PASSED] - verifyElementVisible(findTestObject("Object Repository/Page_Menu/Page_/img_Spend Report_menuIcon")): Object 'Object Repository/Page_Menu/Page_/img_Spend Report_menuIcon' is visible

2023-12-14 09:17:40 - [MESSAGE][PASSED] - Object 'Object Repository/Page_Menu/Page_/img_Spend Report_menuIcon' is visible

2023-12-14 09:17:40 - [TEST_STEP][PASSED] - click(findTestObject("Object Repository/Page_Menu/Page_/span_Spend Monitoring")): Object: 'Object Repository/Page_Menu/Page_/span_Spend Monitoring' is clicked on

2023-12-14 09:17:41 - [MESSAGE][PASSED] - Object: 'Object Repository/Page_Menu/Page_/span_Spend Monitoring' is clicked on

2023-12-14 09:17:41 - [TEST_STEP][PASSED] - click(findTestObject("Object Repository/Page_Menu/Page_/div_admetrics_spinner diagonal part-2_1")): Object: 'Object Repository/Page_Menu/Page_/div_admetrics_spinner diagonal part-2_1' is clicked on

2023-12-14 09:17:43 - [MESSAGE][PASSED] - Object: 'Object Repository/Page_Menu/Page_/div_admetrics_spinner diagonal part-2_1' is clicked on

2023-12-14 09:17:43 - [TEST_STEP][PASSED] - verifyElementText(findTestObject("Object Repository/Page_Menu/Page_/span_Performance"), "Performance"): Actual text and expected text of test object 'Object Repository/Page_Menu/Page_/span_Performance' are matched.

2023-12-14 09:17:44 - [MESSAGE][PASSED] - Actual text and expected text of test object 'Object Repository/Page_Menu/Page_/span_Performance' are matched.

2023-12-14 09:17:44 - [TEST_STEP][PASSED] - verifyElementVisible(findTestObject("Object Repository/Page_Menu/Page_/img_Spend Monitoring_menuIcon")): Object 'Object Repository/Page_Menu/Page_/img_Spend Monitoring_menuIcon' is visible

2023-12-14 09:17:44 - [MESSAGE][PASSED] - Object 'Object Repository/Page_Menu/Page_/img_Spend Monitoring_menuIcon' is visible

2023-12-14 09:17:44 - [TEST_STEP][PASSED] - click(findTestObject("Object Repository/Page_Menu/Page_/div_Performance")): Object: 'Object Repository/Page_Menu/Page_/div_Performance' is clicked on

2023-12-14 09:17:45 - [MESSAGE][PASSED] - Object: 'Object Repository/Page_Menu/Page_/div_Performance' is clicked on

2023-12-14 09:17:45 - [TEST_STEP][PASSED] - click(findTestObject("Object Repository/Page_Menu/Page_/label_admetrics_sidebarIconToggle_1")): Object: 'Object Repository/Page_Menu/Page_/label_admetrics_sidebarIconToggle_1' is clicked on

2023-12-14 09:17:47 - [MESSAGE][PASSED] - Object: 'Object Repository/Page_Menu/Page_/label_admetrics_sidebarIconToggle_1' is clicked on

2023-12-14 09:17:47 - [TEST_STEP][PASSED] - verifyElementText(findTestObject("Object Repository/Page_Menu/Page_/span_Campaign"), "Campaign"): Actual text and expected text of test object 'Object Repository/Page_Menu/Page_/span_Campaign' are matched.

2023-12-14 09:17:48 - [MESSAGE][PASSED] - Actual text and expected text of test object 'Object Repository/Page_Menu/Page_/span_Campaign' are matched.

2023-12-14 09:17:48 - [TEST_STEP][PASSED] - verifyElementVisible(findTestObject("Object Repository/Page_Menu/Page_/img_Spend Monitoring_menuIcon")): Object 'Object Repository/Page_Menu/Page_/img_Spend Monitoring_menuIcon' is visible

2023-12-14 09:17:48 - [MESSAGE][PASSED] - Object 'Object Repository/Page_Menu/Page_/img_Spend Monitoring_menuIcon' is visible

2023-12-14 09:17:48 - [TEST_STEP][PASSED] - click(findTestObject("Object Repository/Page_Menu/Page_/span_Performance")): Object: 'Object Repository/Page_Menu/Page_/span_Performance' is clicked on

2023-12-14 09:17:49 - [MESSAGE][PASSED] - Object: 'Object Repository/Page_Menu/Page_/span_Performance' is clicked on

2023-12-14 09:17:49 - [TEST_STEP][PASSED] - click(findTestObject("Object Repository/Page_Menu/Page_/label_admetrics_sidebarIconToggle_1")): Object: 'Object Repository/Page_Menu/Page_/label_admetrics_sidebarIconToggle_1' is clicked on

2023-12-14 09:17:49 - [MESSAGE][PASSED] - Object: 'Object Repository/Page_Menu/Page_/label_admetrics_sidebarIconToggle_1' is clicked on

2023-12-14 09:17:49 - [TEST_STEP][PASSED] - verifyElementText(findTestObject("Object Repository/Page_Menu/Page_/span_Campaign"), "Campaign"): Actual text and expected text of test object 'Object Repository/Page_Menu/Page_/span_Campaign' are matched.

2023-12-14 09:17:50 - [MESSAGE][PASSED] - Actual text and expected text of test object 'Object Repository/Page_Menu/Page_/span_Campaign' are matched.

2023-12-14 09:17:50 - [TEST_STEP][PASSED] - verifyElementVisible(findTestObject("Object Repository/Page_Menu/Page_/img_Performance_menuIcon")): Object 'Object Repository/Page_Menu/Page_/img_Performance_menuIcon' is visible

2023-12-14 09:17:50 - [MESSAGE][PASSED] - Object 'Object Repository/Page_Menu/Page_/img_Performance_menuIcon' is visible

2023-12-14 09:17:50 - [TEST_STEP][PASSED] - click(findTestObject("Object Repository/Page_Menu/Page_/span_Campaign")): Object: 'Object Repository/Page_Menu/Page_/span_Campaign' is clicked on

2023-12-14 09:17:51 - [MESSAGE][PASSED] - Object: 'Object Repository/Page_Menu/Page_/span_Campaign' is clicked on

2023-12-14 09:17:51 - [TEST_STEP][PASSED] - click(findTestObject("Object Repository/Page_Menu/Page_/label_admetrics_sidebarIconToggle_1")): Object: 'Object Repository/Page_Menu/Page_/label_admetrics_sidebarIconToggle_1' is clicked on

2023-12-14 09:17:55 - [MESSAGE][PASSED] - Object: 'Object Repository/Page_Menu/Page_/label_admetrics_sidebarIconToggle_1' is clicked on

2023-12-14 09:17:55 - [TEST_STEP][PASSED] - verifyElementVisible(findTestObject("Object Repository/Page_Menu/Page_/i_Campaign_signOut")): Object 'Object Repository/Page_Menu/Page_/i_Campaign_signOut' is visible

2023-12-14 09:17:55 - [MESSAGE][PASSED] - Object 'Object Repository/Page_Menu/Page_/i_Campaign_signOut' is visible

2023-12-14 09:17:55 - [TEST_STEP][PASSED] - verifyElementClickable(findTestObject("Object Repository/Page_Menu/Page_/i_Campaign_signOut")): Object 'Object Repository/Page_Menu/Page_/i_Campaign_signOut' is clickable

2023-12-14 09:17:56 - [MESSAGE][PASSED] - Object 'Object Repository/Page_Menu/Page_/i_Campaign_signOut' is clickable

2023-12-14 09:17:56 - [TEST_STEP][PASSED] - click(findTestObject("Object Repository/Page_Menu/Page_/i_Campaign_signOut")): Object: 'Object Repository/Page_Menu/Page_/i_Campaign_signOut' is clicked on

2023-12-14 09:17:56 - [MESSAGE][PASSED] - Object: 'Object Repository/Page_Menu/Page_/i_Campaign_signOut' is clicked on

2023-12-14 09:17:56 - [TEST_STEP][PASSED] - delay(2): Delayed 2 second(s)

2023-12-14 09:17:58 - [MESSAGE][PASSED] - Delayed 2 second(s)

2023-12-14 09:17:58 - [TEST_STEP][PASSED] - closeBrowser(): Browser is closed

2023-12-14 09:17:59 - [MESSAGE][PASSED] - Browser is closed]]></system-out>
         <system-err><![CDATA[]]></system-err>
      </testcase>
      <testcase name="Test Cases/Dashboard_Page/test_spend_report" time="15.514" classname="Test Cases/Dashboard_Page/test_spend_report" status="PASSED">
         <system-out><![CDATA[2023-12-14 09:17:59 - [TEST_CASE][PASSED] - Test Cases/Dashboard_Page/test_spend_report: Test Cases/Dashboard_Page/test_spend_report

2023-12-14 09:18:00 - [TEST_STEP][PASSED] - callTestCase(findTestCase("Reusable_Functions/Login"), [:], CONTINUE_ON_FAILURE): Call Test Case 'Test Cases/Reusable_Functions/Login' successfully

2023-12-14 09:18:00 - [TEST_CASE][PASSED] - Test Cases/Reusable_Functions/Login: Test Cases/Reusable_Functions/Login

2023-12-14 09:18:00 - [TEST_STEP][PASSED] - openBrowser(""): Browser is opened with url: ''

2023-12-14 09:18:00 - [MESSAGE][INFO] - Starting 'Chrome' driver

2023-12-14 09:18:00 - [MESSAGE][INFO] - Action delay is set to 0 milliseconds

2023-12-14 09:18:01 - [MESSAGE][PASSED] - Browser is opened with url: ''

2023-12-14 09:18:01 - [TEST_STEP][PASSED] - maximizeWindow(): Current window maximized

2023-12-14 09:18:01 - [MESSAGE][PASSED] - Current window maximized

2023-12-14 09:18:01 - [TEST_STEP][PASSED] - navigateToUrl("https://dev-dash.admetrics.ai/"): Navigate to 'https://dev-dash.admetrics.ai/' successfully

2023-12-14 09:18:02 - [MESSAGE][PASSED] - Navigate to 'https://dev-dash.admetrics.ai/' successfully

2023-12-14 09:18:02 - [TEST_STEP][PASSED] - setText(findTestObject("Object Repository/Page_Project_Title/input_User ID_username"), "admin"): Text 'admin' is set on object 'Object Repository/Page_Project_Title/input_User ID_username'

2023-12-14 09:18:05 - [MESSAGE][PASSED] - Text 'admin' is set on object 'Object Repository/Page_Project_Title/input_User ID_username'

2023-12-14 09:18:05 - [TEST_STEP][PASSED] - setEncryptedText(findTestObject("Object Repository/Page_Project_Title/input_Password_password"), "7Dxoto1EjKfQbGop/Ov+1g=="): Text ****** has been set on object 'Object Repository/Page_Project_Title/input_Password_password'

2023-12-14 09:18:05 - [MESSAGE][PASSED] - Text ****** has been set on object 'Object Repository/Page_Project_Title/input_Password_password'

2023-12-14 09:18:05 - [TEST_STEP][PASSED] - click(findTestObject("Object Repository/Page_Project_Title/button_Login")): Object: 'Object Repository/Page_Project_Title/button_Login' is clicked on

2023-12-14 09:18:06 - [MESSAGE][PASSED] - Object: 'Object Repository/Page_Project_Title/button_Login' is clicked on

2023-12-14 09:18:06 - [MESSAGE][PASSED] - Call Test Case 'Test Cases/Reusable_Functions/Login' successfully

2023-12-14 09:18:06 - [TEST_STEP][PASSED] - verifyElementText(findTestObject("Object Repository/Page_Spend_Report/Page_/div_Spend Report"), "Spend Report"): Actual text and expected text of test object 'Object Repository/Page_Spend_Report/Page_/div_Spend Report' are matched.

2023-12-14 09:18:08 - [MESSAGE][PASSED] - Actual text and expected text of test object 'Object Repository/Page_Spend_Report/Page_/div_Spend Report' are matched.

2023-12-14 09:18:08 - [TEST_STEP][PASSED] - verifyElementVisible(findTestObject("Object Repository/Page_Spend_Report/Page_/img_Spend Report_mg-0")): Object 'Object Repository/Page_Spend_Report/Page_/img_Spend Report_mg-0' is visible

2023-12-14 09:18:09 - [MESSAGE][PASSED] - Object 'Object Repository/Page_Spend_Report/Page_/img_Spend Report_mg-0' is visible

2023-12-14 09:18:09 - [TEST_STEP][PASSED] - mouseOver(findTestObject("Object Repository/Page_Spend_Report/Page_/img_Spend Report_infoIconImage")): Object: 'Object Repository/Page_Spend_Report/Page_/img_Spend Report_infoIconImage' is hovered

2023-12-14 09:18:09 - [MESSAGE][PASSED] - Object: 'Object Repository/Page_Spend_Report/Page_/img_Spend Report_infoIconImage' is hovered

2023-12-14 09:18:09 - [TEST_STEP][PASSED] - verifyElementText(findTestObject("Object Repository/Page_Spend_Report/Page_/p_Access dashboard to"), "Access dashboard to"): Actual text and expected text of test object 'Object Repository/Page_Spend_Report/Page_/p_Access dashboard to' are matched.

2023-12-14 09:18:10 - [MESSAGE][PASSED] - Actual text and expected text of test object 'Object Repository/Page_Spend_Report/Page_/p_Access dashboard to' are matched.

2023-12-14 09:18:10 - [TEST_STEP][PASSED] - verifyElementText(findTestObject("Object Repository/Page_Spend_Report/Page_/p_view details"), "view details"): Actual text and expected text of test object 'Object Repository/Page_Spend_Report/Page_/p_view details' are matched.

2023-12-14 09:18:10 - [MESSAGE][PASSED] - Actual text and expected text of test object 'Object Repository/Page_Spend_Report/Page_/p_view details' are matched.

2023-12-14 09:18:10 - [TEST_STEP][PASSED] - verifyElementText(findTestObject("Object Repository/Page_Spend_Report/Page_/button_Access dashboard"), "Access dashboard →"): Actual text and expected text of test object 'Object Repository/Page_Spend_Report/Page_/button_Access dashboard' are matched.

2023-12-14 09:18:10 - [MESSAGE][PASSED] - Actual text and expected text of test object 'Object Repository/Page_Spend_Report/Page_/button_Access dashboard' are matched.

2023-12-14 09:18:10 - [TEST_STEP][PASSED] - verifyElementClickable(findTestObject("Object Repository/Page_Spend_Report/Page_/button_Access dashboard")): Object 'Object Repository/Page_Spend_Report/Page_/button_Access dashboard' is clickable

2023-12-14 09:18:11 - [MESSAGE][PASSED] - Object 'Object Repository/Page_Spend_Report/Page_/button_Access dashboard' is clickable

2023-12-14 09:18:11 - [TEST_STEP][PASSED] - click(findTestObject("Object Repository/Page_Spend_Report/Page_/button_Access dashboard")): Object: 'Object Repository/Page_Spend_Report/Page_/button_Access dashboard' is clicked on

2023-12-14 09:18:11 - [MESSAGE][PASSED] - Object: 'Object Repository/Page_Spend_Report/Page_/button_Access dashboard' is clicked on

2023-12-14 09:18:11 - [TEST_STEP][PASSED] - verifyElementText(findTestObject("Object Repository/Page_Spend_Report/Page_/p_Spend Report"), "Spend Report"): Actual text and expected text of test object 'Object Repository/Page_Spend_Report/Page_/p_Spend Report' are matched.

2023-12-14 09:18:14 - [MESSAGE][PASSED] - Actual text and expected text of test object 'Object Repository/Page_Spend_Report/Page_/p_Spend Report' are matched.

2023-12-14 09:18:14 - [TEST_STEP][PASSED] - closeBrowser(): Browser is closed

2023-12-14 09:18:15 - [MESSAGE][PASSED] - Browser is closed]]></system-out>
         <system-err><![CDATA[]]></system-err>
      </testcase>
      <testcase name="Test Cases/Dashboard_Page/test_spend_monitoring_report" time="15.718" classname="Test Cases/Dashboard_Page/test_spend_monitoring_report" status="PASSED">
         <system-out><![CDATA[2023-12-14 09:18:15 - [TEST_CASE][PASSED] - Test Cases/Dashboard_Page/test_spend_monitoring_report: Test Cases/Dashboard_Page/test_spend_monitoring_report

2023-12-14 09:18:15 - [TEST_STEP][PASSED] - callTestCase(findTestCase("Reusable_Functions/Login"), [:], CONTINUE_ON_FAILURE): Call Test Case 'Test Cases/Reusable_Functions/Login' successfully

2023-12-14 09:18:15 - [TEST_CASE][PASSED] - Test Cases/Reusable_Functions/Login: Test Cases/Reusable_Functions/Login

2023-12-14 09:18:15 - [TEST_STEP][PASSED] - openBrowser(""): Browser is opened with url: ''

2023-12-14 09:18:15 - [MESSAGE][INFO] - Starting 'Chrome' driver

2023-12-14 09:18:15 - [MESSAGE][INFO] - Action delay is set to 0 milliseconds

2023-12-14 09:18:17 - [MESSAGE][PASSED] - Browser is opened with url: ''

2023-12-14 09:18:17 - [TEST_STEP][PASSED] - maximizeWindow(): Current window maximized

2023-12-14 09:18:17 - [MESSAGE][PASSED] - Current window maximized

2023-12-14 09:18:17 - [TEST_STEP][PASSED] - navigateToUrl("https://dev-dash.admetrics.ai/"): Navigate to 'https://dev-dash.admetrics.ai/' successfully

2023-12-14 09:18:17 - [MESSAGE][PASSED] - Navigate to 'https://dev-dash.admetrics.ai/' successfully

2023-12-14 09:18:17 - [TEST_STEP][PASSED] - setText(findTestObject("Object Repository/Page_Project_Title/input_User ID_username"), "admin"): Text 'admin' is set on object 'Object Repository/Page_Project_Title/input_User ID_username'

2023-12-14 09:18:20 - [MESSAGE][PASSED] - Text 'admin' is set on object 'Object Repository/Page_Project_Title/input_User ID_username'

2023-12-14 09:18:20 - [TEST_STEP][PASSED] - setEncryptedText(findTestObject("Object Repository/Page_Project_Title/input_Password_password"), "7Dxoto1EjKfQbGop/Ov+1g=="): Text ****** has been set on object 'Object Repository/Page_Project_Title/input_Password_password'

2023-12-14 09:18:21 - [MESSAGE][PASSED] - Text ****** has been set on object 'Object Repository/Page_Project_Title/input_Password_password'

2023-12-14 09:18:21 - [TEST_STEP][PASSED] - click(findTestObject("Object Repository/Page_Project_Title/button_Login")): Object: 'Object Repository/Page_Project_Title/button_Login' is clicked on

2023-12-14 09:18:21 - [MESSAGE][PASSED] - Object: 'Object Repository/Page_Project_Title/button_Login' is clicked on

2023-12-14 09:18:21 - [MESSAGE][PASSED] - Call Test Case 'Test Cases/Reusable_Functions/Login' successfully

2023-12-14 09:18:21 - [TEST_STEP][PASSED] - verifyElementText(findTestObject("Object Repository/Page_Spend_Monitoring/Page_/div_Spend Monitoring"), "Spend Monitoring"): Actual text and expected text of test object 'Object Repository/Page_Spend_Monitoring/Page_/div_Spend Monitoring' are matched.

2023-12-14 09:18:24 - [MESSAGE][PASSED] - Actual text and expected text of test object 'Object Repository/Page_Spend_Monitoring/Page_/div_Spend Monitoring' are matched.

2023-12-14 09:18:24 - [TEST_STEP][PASSED] - verifyElementVisible(findTestObject("Object Repository/Page_Spend_Monitoring/Page_/img_Spend Monitoring_mg-0")): Object 'Object Repository/Page_Spend_Monitoring/Page_/img_Spend Monitoring_mg-0' is visible

2023-12-14 09:18:25 - [MESSAGE][PASSED] - Object 'Object Repository/Page_Spend_Monitoring/Page_/img_Spend Monitoring_mg-0' is visible

2023-12-14 09:18:25 - [TEST_STEP][PASSED] - mouseOver(findTestObject("Object Repository/Page_Spend_Monitoring/Page_/img_Spend Monitoring_infoIconImage")): Object: 'Object Repository/Page_Spend_Monitoring/Page_/img_Spend Monitoring_infoIconImage' is hovered

2023-12-14 09:18:25 - [MESSAGE][PASSED] - Object: 'Object Repository/Page_Spend_Monitoring/Page_/img_Spend Monitoring_infoIconImage' is hovered

2023-12-14 09:18:25 - [TEST_STEP][PASSED] - verifyElementText(findTestObject("Object Repository/Page_Spend_Monitoring/Page_/p_Access dashboard to"), "Access dashboard to"): Actual text and expected text of test object 'Object Repository/Page_Spend_Monitoring/Page_/p_Access dashboard to' are matched.

2023-12-14 09:18:26 - [MESSAGE][PASSED] - Actual text and expected text of test object 'Object Repository/Page_Spend_Monitoring/Page_/p_Access dashboard to' are matched.

2023-12-14 09:18:26 - [TEST_STEP][PASSED] - verifyElementText(findTestObject("Object Repository/Page_Spend_Monitoring/Page_/p_view details"), "view details"): Actual text and expected text of test object 'Object Repository/Page_Spend_Monitoring/Page_/p_view details' are matched.

2023-12-14 09:18:26 - [MESSAGE][PASSED] - Actual text and expected text of test object 'Object Repository/Page_Spend_Monitoring/Page_/p_view details' are matched.

2023-12-14 09:18:26 - [TEST_STEP][PASSED] - verifyElementText(findTestObject("Object Repository/Page_Spend_Monitoring/Page_/button_Access dashboard"), "Access dashboard →"): Actual text and expected text of test object 'Object Repository/Page_Spend_Monitoring/Page_/button_Access dashboard' are matched.

2023-12-14 09:18:26 - [MESSAGE][PASSED] - Actual text and expected text of test object 'Object Repository/Page_Spend_Monitoring/Page_/button_Access dashboard' are matched.

2023-12-14 09:18:26 - [TEST_STEP][PASSED] - verifyElementClickable(findTestObject("Object Repository/Page_Spend_Monitoring/Page_/button_Access dashboard")): Object 'Object Repository/Page_Spend_Monitoring/Page_/button_Access dashboard' is clickable

2023-12-14 09:18:27 - [MESSAGE][PASSED] - Object 'Object Repository/Page_Spend_Monitoring/Page_/button_Access dashboard' is clickable

2023-12-14 09:18:27 - [TEST_STEP][PASSED] - click(findTestObject("Object Repository/Page_Spend_Monitoring/Page_/button_Access dashboard")): Object: 'Object Repository/Page_Spend_Monitoring/Page_/button_Access dashboard' is clicked on

2023-12-14 09:18:27 - [MESSAGE][PASSED] - Object: 'Object Repository/Page_Spend_Monitoring/Page_/button_Access dashboard' is clicked on

2023-12-14 09:18:27 - [TEST_STEP][PASSED] - verifyElementText(findTestObject("Object Repository/Page_Spend_Monitoring/Page_/p_Spend Monitoring Report"), "Spend Monitoring Report"): Actual text and expected text of test object 'Object Repository/Page_Spend_Monitoring/Page_/p_Spend Monitoring Report' are matched.

2023-12-14 09:18:30 - [MESSAGE][PASSED] - Actual text and expected text of test object 'Object Repository/Page_Spend_Monitoring/Page_/p_Spend Monitoring Report' are matched.

2023-12-14 09:18:30 - [TEST_STEP][PASSED] - closeBrowser(): Browser is closed

2023-12-14 09:18:30 - [MESSAGE][PASSED] - Browser is closed]]></system-out>
         <system-err><![CDATA[]]></system-err>
      </testcase>
      <testcase name="Test Cases/Dashboard_Page/test_performance_report" time="15.223" classname="Test Cases/Dashboard_Page/test_performance_report" status="PASSED">
         <system-out><![CDATA[2023-12-14 09:18:30 - [TEST_CASE][PASSED] - Test Cases/Dashboard_Page/test_performance_report: Test Cases/Dashboard_Page/test_performance_report

2023-12-14 09:18:31 - [TEST_STEP][PASSED] - callTestCase(findTestCase("Reusable_Functions/Login"), [:], CONTINUE_ON_FAILURE): Call Test Case 'Test Cases/Reusable_Functions/Login' successfully

2023-12-14 09:18:31 - [TEST_CASE][PASSED] - Test Cases/Reusable_Functions/Login: Test Cases/Reusable_Functions/Login

2023-12-14 09:18:31 - [TEST_STEP][PASSED] - openBrowser(""): Browser is opened with url: ''

2023-12-14 09:18:31 - [MESSAGE][INFO] - Starting 'Chrome' driver

2023-12-14 09:18:31 - [MESSAGE][INFO] - Action delay is set to 0 milliseconds

2023-12-14 09:18:32 - [MESSAGE][PASSED] - Browser is opened with url: ''

2023-12-14 09:18:32 - [TEST_STEP][PASSED] - maximizeWindow(): Current window maximized

2023-12-14 09:18:33 - [MESSAGE][PASSED] - Current window maximized

2023-12-14 09:18:33 - [TEST_STEP][PASSED] - navigateToUrl("https://dev-dash.admetrics.ai/"): Navigate to 'https://dev-dash.admetrics.ai/' successfully

2023-12-14 09:18:33 - [MESSAGE][PASSED] - Navigate to 'https://dev-dash.admetrics.ai/' successfully

2023-12-14 09:18:33 - [TEST_STEP][PASSED] - setText(findTestObject("Object Repository/Page_Project_Title/input_User ID_username"), "admin"): Text 'admin' is set on object 'Object Repository/Page_Project_Title/input_User ID_username'

2023-12-14 09:18:36 - [MESSAGE][PASSED] - Text 'admin' is set on object 'Object Repository/Page_Project_Title/input_User ID_username'

2023-12-14 09:18:36 - [TEST_STEP][PASSED] - setEncryptedText(findTestObject("Object Repository/Page_Project_Title/input_Password_password"), "7Dxoto1EjKfQbGop/Ov+1g=="): Text ****** has been set on object 'Object Repository/Page_Project_Title/input_Password_password'

2023-12-14 09:18:36 - [MESSAGE][PASSED] - Text ****** has been set on object 'Object Repository/Page_Project_Title/input_Password_password'

2023-12-14 09:18:36 - [TEST_STEP][PASSED] - click(findTestObject("Object Repository/Page_Project_Title/button_Login")): Object: 'Object Repository/Page_Project_Title/button_Login' is clicked on

2023-12-14 09:18:37 - [MESSAGE][PASSED] - Object: 'Object Repository/Page_Project_Title/button_Login' is clicked on

2023-12-14 09:18:37 - [MESSAGE][PASSED] - Call Test Case 'Test Cases/Reusable_Functions/Login' successfully

2023-12-14 09:18:37 - [TEST_STEP][PASSED] - verifyElementText(findTestObject("Object Repository/Page_Performance/Page_/div_Performance"), "Performance"): Actual text and expected text of test object 'Object Repository/Page_Performance/Page_/div_Performance' are matched.

2023-12-14 09:18:39 - [MESSAGE][PASSED] - Actual text and expected text of test object 'Object Repository/Page_Performance/Page_/div_Performance' are matched.

2023-12-14 09:18:39 - [TEST_STEP][PASSED] - verifyElementVisible(findTestObject("Object Repository/Page_Performance/Page_/img_Performance_mg-0")): Object 'Object Repository/Page_Performance/Page_/img_Performance_mg-0' is visible

2023-12-14 09:18:40 - [MESSAGE][PASSED] - Object 'Object Repository/Page_Performance/Page_/img_Performance_mg-0' is visible

2023-12-14 09:18:40 - [TEST_STEP][PASSED] - mouseOver(findTestObject("Object Repository/Page_Performance/Page_/img_Performance_infoIconImage")): Object: 'Object Repository/Page_Performance/Page_/img_Performance_infoIconImage' is hovered

2023-12-14 09:18:40 - [MESSAGE][PASSED] - Object: 'Object Repository/Page_Performance/Page_/img_Performance_infoIconImage' is hovered

2023-12-14 09:18:40 - [TEST_STEP][PASSED] - verifyElementText(findTestObject("Object Repository/Page_Performance/Page_/p_Access dashboard to"), "Access dashboard to"): Actual text and expected text of test object 'Object Repository/Page_Performance/Page_/p_Access dashboard to' are matched.

2023-12-14 09:18:41 - [MESSAGE][PASSED] - Actual text and expected text of test object 'Object Repository/Page_Performance/Page_/p_Access dashboard to' are matched.

2023-12-14 09:18:41 - [TEST_STEP][PASSED] - verifyElementText(findTestObject("Object Repository/Page_Performance/Page_/p_view details"), "view details"): Actual text and expected text of test object 'Object Repository/Page_Performance/Page_/p_view details' are matched.

2023-12-14 09:18:41 - [MESSAGE][PASSED] - Actual text and expected text of test object 'Object Repository/Page_Performance/Page_/p_view details' are matched.

2023-12-14 09:18:41 - [TEST_STEP][PASSED] - verifyElementText(findTestObject("Object Repository/Page_Performance/Page_/button_Access dashboard"), "Access dashboard →"): Actual text and expected text of test object 'Object Repository/Page_Performance/Page_/button_Access dashboard' are matched.

2023-12-14 09:18:42 - [MESSAGE][PASSED] - Actual text and expected text of test object 'Object Repository/Page_Performance/Page_/button_Access dashboard' are matched.

2023-12-14 09:18:42 - [TEST_STEP][PASSED] - verifyElementClickable(findTestObject("Object Repository/Page_Performance/Page_/button_Access dashboard")): Object 'Object Repository/Page_Performance/Page_/button_Access dashboard' is clickable

2023-12-14 09:18:42 - [MESSAGE][PASSED] - Object 'Object Repository/Page_Performance/Page_/button_Access dashboard' is clickable

2023-12-14 09:18:42 - [TEST_STEP][PASSED] - click(findTestObject("Object Repository/Page_Performance/Page_/button_Access dashboard")): Object: 'Object Repository/Page_Performance/Page_/button_Access dashboard' is clicked on

2023-12-14 09:18:42 - [MESSAGE][PASSED] - Object: 'Object Repository/Page_Performance/Page_/button_Access dashboard' is clicked on

2023-12-14 09:18:42 - [TEST_STEP][PASSED] - verifyElementText(findTestObject("Object Repository/Page_Performance/Page_/p_Performance Report"), "Performance Report"): Actual text and expected text of test object 'Object Repository/Page_Performance/Page_/p_Performance Report' are matched.

2023-12-14 09:18:45 - [MESSAGE][PASSED] - Actual text and expected text of test object 'Object Repository/Page_Performance/Page_/p_Performance Report' are matched.

2023-12-14 09:18:45 - [TEST_STEP][PASSED] - closeBrowser(): Browser is closed

2023-12-14 09:18:46 - [MESSAGE][PASSED] - Browser is closed]]></system-out>
         <system-err><![CDATA[]]></system-err>
      </testcase>
      <testcase name="Test Cases/Dashboard_Page/test_campaign_report" time="16.819" classname="Test Cases/Dashboard_Page/test_campaign_report" status="PASSED">
         <system-out><![CDATA[2023-12-14 09:18:46 - [TEST_CASE][PASSED] - Test Cases/Dashboard_Page/test_campaign_report: Test Cases/Dashboard_Page/test_campaign_report

2023-12-14 09:18:46 - [TEST_STEP][PASSED] - callTestCase(findTestCase("Reusable_Functions/Login"), [:], CONTINUE_ON_FAILURE): Call Test Case 'Test Cases/Reusable_Functions/Login' successfully

2023-12-14 09:18:46 - [TEST_CASE][PASSED] - Test Cases/Reusable_Functions/Login: Test Cases/Reusable_Functions/Login

2023-12-14 09:18:46 - [TEST_STEP][PASSED] - openBrowser(""): Browser is opened with url: ''

2023-12-14 09:18:46 - [MESSAGE][INFO] - Starting 'Chrome' driver

2023-12-14 09:18:46 - [MESSAGE][INFO] - Action delay is set to 0 milliseconds

2023-12-14 09:18:47 - [MESSAGE][PASSED] - Browser is opened with url: ''

2023-12-14 09:18:47 - [TEST_STEP][PASSED] - maximizeWindow(): Current window maximized

2023-12-14 09:18:48 - [MESSAGE][PASSED] - Current window maximized

2023-12-14 09:18:48 - [TEST_STEP][PASSED] - navigateToUrl("https://dev-dash.admetrics.ai/"): Navigate to 'https://dev-dash.admetrics.ai/' successfully

2023-12-14 09:18:48 - [MESSAGE][PASSED] - Navigate to 'https://dev-dash.admetrics.ai/' successfully

2023-12-14 09:18:48 - [TEST_STEP][PASSED] - setText(findTestObject("Object Repository/Page_Project_Title/input_User ID_username"), "admin"): Text 'admin' is set on object 'Object Repository/Page_Project_Title/input_User ID_username'

2023-12-14 09:18:51 - [MESSAGE][PASSED] - Text 'admin' is set on object 'Object Repository/Page_Project_Title/input_User ID_username'

2023-12-14 09:18:51 - [TEST_STEP][PASSED] - setEncryptedText(findTestObject("Object Repository/Page_Project_Title/input_Password_password"), "7Dxoto1EjKfQbGop/Ov+1g=="): Text ****** has been set on object 'Object Repository/Page_Project_Title/input_Password_password'

2023-12-14 09:18:52 - [MESSAGE][PASSED] - Text ****** has been set on object 'Object Repository/Page_Project_Title/input_Password_password'

2023-12-14 09:18:52 - [TEST_STEP][PASSED] - click(findTestObject("Object Repository/Page_Project_Title/button_Login")): Object: 'Object Repository/Page_Project_Title/button_Login' is clicked on

2023-12-14 09:18:52 - [MESSAGE][PASSED] - Object: 'Object Repository/Page_Project_Title/button_Login' is clicked on

2023-12-14 09:18:52 - [MESSAGE][PASSED] - Call Test Case 'Test Cases/Reusable_Functions/Login' successfully

2023-12-14 09:18:52 - [TEST_STEP][PASSED] - verifyElementText(findTestObject("Object Repository/Page_Campaign/Page_/div_Campaign"), "Campaign"): Actual text and expected text of test object 'Object Repository/Page_Campaign/Page_/div_Campaign' are matched.

2023-12-14 09:18:55 - [MESSAGE][PASSED] - Actual text and expected text of test object 'Object Repository/Page_Campaign/Page_/div_Campaign' are matched.

2023-12-14 09:18:55 - [TEST_STEP][PASSED] - verifyElementVisible(findTestObject("Object Repository/Page_Campaign/Page_/img_Campaign_mg-0")): Object 'Object Repository/Page_Campaign/Page_/img_Campaign_mg-0' is visible

2023-12-14 09:18:55 - [MESSAGE][PASSED] - Object 'Object Repository/Page_Campaign/Page_/img_Campaign_mg-0' is visible

2023-12-14 09:18:55 - [TEST_STEP][PASSED] - mouseOver(findTestObject("Object Repository/Page_Campaign/Page_/img_Campaign_infoIconImage")): Object: 'Object Repository/Page_Campaign/Page_/img_Campaign_infoIconImage' is hovered

2023-12-14 09:18:56 - [MESSAGE][PASSED] - Object: 'Object Repository/Page_Campaign/Page_/img_Campaign_infoIconImage' is hovered

2023-12-14 09:18:56 - [TEST_STEP][PASSED] - verifyElementText(findTestObject("Object Repository/Page_Campaign/Page_/p_Access dashboard to"), "Access dashboard to"): Actual text and expected text of test object 'Object Repository/Page_Campaign/Page_/p_Access dashboard to' are matched.

2023-12-14 09:18:56 - [MESSAGE][PASSED] - Actual text and expected text of test object 'Object Repository/Page_Campaign/Page_/p_Access dashboard to' are matched.

2023-12-14 09:18:56 - [TEST_STEP][PASSED] - verifyElementText(findTestObject("Object Repository/Page_Campaign/Page_/p_view details"), "view details"): Actual text and expected text of test object 'Object Repository/Page_Campaign/Page_/p_view details' are matched.

2023-12-14 09:18:57 - [MESSAGE][PASSED] - Actual text and expected text of test object 'Object Repository/Page_Campaign/Page_/p_view details' are matched.

2023-12-14 09:18:57 - [TEST_STEP][PASSED] - verifyElementText(findTestObject("Object Repository/Page_Campaign/Page_/button_Access dashboard"), "Access dashboard →"): Actual text and expected text of test object 'Object Repository/Page_Campaign/Page_/button_Access dashboard' are matched.

2023-12-14 09:18:57 - [MESSAGE][PASSED] - Actual text and expected text of test object 'Object Repository/Page_Campaign/Page_/button_Access dashboard' are matched.

2023-12-14 09:18:57 - [TEST_STEP][PASSED] - verifyElementClickable(findTestObject("Object Repository/Page_Campaign/Page_/button_Access dashboard")): Object 'Object Repository/Page_Campaign/Page_/button_Access dashboard' is clickable

2023-12-14 09:18:57 - [MESSAGE][PASSED] - Object 'Object Repository/Page_Campaign/Page_/button_Access dashboard' is clickable

2023-12-14 09:18:57 - [TEST_STEP][PASSED] - click(findTestObject("Object Repository/Page_Campaign/Page_/button_Access dashboard")): Object: 'Object Repository/Page_Campaign/Page_/button_Access dashboard' is clicked on

2023-12-14 09:18:58 - [MESSAGE][PASSED] - Object: 'Object Repository/Page_Campaign/Page_/button_Access dashboard' is clicked on

2023-12-14 09:18:58 - [TEST_STEP][PASSED] - verifyElementText(findTestObject("Object Repository/Page_Campaign/Page_/p_Campaign Analytics"), "Campaign Analytics"): Actual text and expected text of test object 'Object Repository/Page_Campaign/Page_/p_Campaign Analytics' are matched.

2023-12-14 09:19:02 - [MESSAGE][PASSED] - Actual text and expected text of test object 'Object Repository/Page_Campaign/Page_/p_Campaign Analytics' are matched.

2023-12-14 09:19:02 - [TEST_STEP][PASSED] - closeBrowser(): Browser is closed

2023-12-14 09:19:03 - [MESSAGE][PASSED] - Browser is closed]]></system-out>
         <system-err><![CDATA[]]></system-err>
      </testcase>
      <testcase name="Test Cases/Spend_Report/test_monthly_spend_report" time="184.32" classname="Test Cases/Spend_Report/test_monthly_spend_report" status="PASSED">
         <system-out><![CDATA[2023-12-14 09:19:03 - [TEST_CASE][PASSED] - Test Cases/Spend_Report/test_monthly_spend_report: Test Cases/Spend_Report/test_monthly_spend_report

2023-12-14 09:19:03 - [TEST_STEP][PASSED] - callTestCase(findTestCase("Reusable_Functions/Login"), [:], CONTINUE_ON_FAILURE): Call Test Case 'Test Cases/Reusable_Functions/Login' successfully

2023-12-14 09:19:03 - [TEST_CASE][PASSED] - Test Cases/Reusable_Functions/Login: Test Cases/Reusable_Functions/Login

2023-12-14 09:19:03 - [TEST_STEP][PASSED] - openBrowser(""): Browser is opened with url: ''

2023-12-14 09:19:03 - [MESSAGE][INFO] - Starting 'Chrome' driver

2023-12-14 09:19:03 - [MESSAGE][INFO] - Action delay is set to 0 milliseconds

2023-12-14 09:19:04 - [MESSAGE][PASSED] - Browser is opened with url: ''

2023-12-14 09:19:04 - [TEST_STEP][PASSED] - maximizeWindow(): Current window maximized

2023-12-14 09:19:05 - [MESSAGE][PASSED] - Current window maximized

2023-12-14 09:19:05 - [TEST_STEP][PASSED] - navigateToUrl("https://dev-dash.admetrics.ai/"): Navigate to 'https://dev-dash.admetrics.ai/' successfully

2023-12-14 09:19:05 - [MESSAGE][PASSED] - Navigate to 'https://dev-dash.admetrics.ai/' successfully

2023-12-14 09:19:05 - [TEST_STEP][PASSED] - setText(findTestObject("Object Repository/Page_Project_Title/input_User ID_username"), "admin"): Text 'admin' is set on object 'Object Repository/Page_Project_Title/input_User ID_username'

2023-12-14 09:19:08 - [MESSAGE][PASSED] - Text 'admin' is set on object 'Object Repository/Page_Project_Title/input_User ID_username'

2023-12-14 09:19:08 - [TEST_STEP][PASSED] - setEncryptedText(findTestObject("Object Repository/Page_Project_Title/input_Password_password"), "7Dxoto1EjKfQbGop/Ov+1g=="): Text ****** has been set on object 'Object Repository/Page_Project_Title/input_Password_password'

2023-12-14 09:19:08 - [MESSAGE][PASSED] - Text ****** has been set on object 'Object Repository/Page_Project_Title/input_Password_password'

2023-12-14 09:19:08 - [TEST_STEP][PASSED] - click(findTestObject("Object Repository/Page_Project_Title/button_Login")): Object: 'Object Repository/Page_Project_Title/button_Login' is clicked on

2023-12-14 09:19:09 - [MESSAGE][PASSED] - Object: 'Object Repository/Page_Project_Title/button_Login' is clicked on

2023-12-14 09:19:09 - [MESSAGE][PASSED] - Call Test Case 'Test Cases/Reusable_Functions/Login' successfully

2023-12-14 09:19:09 - [TEST_STEP][PASSED] - click(findTestObject("Object Repository/Page_Monthly_Spend_Report/Page_/button_Access dashboard")): Object: 'Object Repository/Page_Monthly_Spend_Report/Page_/button_Access dashboard' is clicked on

2023-12-14 09:19:11 - [MESSAGE][PASSED] - Object: 'Object Repository/Page_Monthly_Spend_Report/Page_/button_Access dashboard' is clicked on

2023-12-14 09:19:11 - [TEST_STEP][PASSED] - verifyElementClickable(findTestObject("Object Repository/Page_Monthly_Spend_Report/Page_/div_Monthly Spend Report")): Object 'Object Repository/Page_Monthly_Spend_Report/Page_/div_Monthly Spend Report' is clickable

2023-12-14 09:19:14 - [MESSAGE][PASSED] - Object 'Object Repository/Page_Monthly_Spend_Report/Page_/div_Monthly Spend Report' is clickable

2023-12-14 09:19:14 - [TEST_STEP][PASSED] - click(findTestObject("Object Repository/Page_Monthly_Spend_Report/Page_/div_Monthly Spend Report")): Object: 'Object Repository/Page_Monthly_Spend_Report/Page_/div_Monthly Spend Report' is clicked on

2023-12-14 09:19:14 - [MESSAGE][PASSED] - Object: 'Object Repository/Page_Monthly_Spend_Report/Page_/div_Monthly Spend Report' is clicked on

2023-12-14 09:19:14 - [TEST_STEP][PASSED] - verifyElementClickable(findTestObject("Object Repository/Page_Monthly_Spend_Report/Page_/svg_Enter a date range_mat-datepicker-toggl_ef015c")): Object 'Object Repository/Page_Monthly_Spend_Report/Page_/svg_Enter a date range_mat-datepicker-toggl_ef015c' is clickable

2023-12-14 09:19:17 - [MESSAGE][PASSED] - Object 'Object Repository/Page_Monthly_Spend_Report/Page_/svg_Enter a date range_mat-datepicker-toggl_ef015c' is clickable

2023-12-14 09:19:17 - [TEST_STEP][PASSED] - verifyElementClickable(findTestObject("Object Repository/Page_Monthly_Spend_Report/Page_/mat-icon_clear")): Object 'Object Repository/Page_Monthly_Spend_Report/Page_/mat-icon_clear' is clickable

2023-12-14 09:19:48 - [MESSAGE][INFO] - Unable to find the element located by 'By.xpath: //mat-tab-body[@id='mat-tab-content-0-0']/div/app-monthly-admetric/div/div/div/app-time-series-filter-panel/div/mat-form-field/div/div/div/mat-icon'. Please recheck the objects properties to make sure the desired element is located. 

2023-12-14 09:19:48 - [MESSAGE][WARNING] - [SELF-HEALING] Failed to find element with id 'Object Repository/Page_Monthly_Spend_Report/Page_/mat-icon_clear'. Try using Self-healing.

2023-12-14 09:19:48 - [MESSAGE][WARNING] - [SELF-HEALING] The current locator of test object 'Object Repository/Page_Monthly_Spend_Report/Page_/mat-icon_clear' was broken. Propose an alternative one: '(.//*[normalize-space(text()) and normalize-space(.)='–'])[1]/following::mat-icon[1]'.

2023-12-14 09:19:48 - [MESSAGE][PASSED] - Object 'Object Repository/Page_Monthly_Spend_Report/Page_/mat-icon_clear' is clickable

2023-12-14 09:19:48 - [TEST_STEP][PASSED] - click(findTestObject("Object Repository/Page_Monthly_Spend_Report/Page_/svg_Enter a date range_mat-datepicker-toggl_ef015c")): Object: 'Object Repository/Page_Monthly_Spend_Report/Page_/svg_Enter a date range_mat-datepicker-toggl_ef015c' is clicked on

2023-12-14 09:19:49 - [MESSAGE][PASSED] - Object: 'Object Repository/Page_Monthly_Spend_Report/Page_/svg_Enter a date range_mat-datepicker-toggl_ef015c' is clicked on

2023-12-14 09:19:49 - [TEST_STEP][PASSED] - click(findTestObject("Object Repository/Page_Monthly_Spend_Report/Page_/button_SEPT 2023_mat-focus-indicator mat-ca_7a0138")): Object: 'Object Repository/Page_Monthly_Spend_Report/Page_/button_SEPT 2023_mat-focus-indicator mat-ca_7a0138' is clicked on

2023-12-14 09:19:50 - [MESSAGE][PASSED] - Object: 'Object Repository/Page_Monthly_Spend_Report/Page_/button_SEPT 2023_mat-focus-indicator mat-ca_7a0138' is clicked on

2023-12-14 09:19:50 - [TEST_STEP][PASSED] - click(findTestObject("Object Repository/Page_Monthly_Spend_Report/Page_/button_SEPT 2023_mat-focus-indicator mat-ca_7a0138")): Object: 'Object Repository/Page_Monthly_Spend_Report/Page_/button_SEPT 2023_mat-focus-indicator mat-ca_7a0138' is clicked on

2023-12-14 09:19:51 - [MESSAGE][PASSED] - Object: 'Object Repository/Page_Monthly_Spend_Report/Page_/button_SEPT 2023_mat-focus-indicator mat-ca_7a0138' is clicked on

2023-12-14 09:19:51 - [TEST_STEP][PASSED] - click(findTestObject("Object Repository/Page_Monthly_Spend_Report/Page_/button_SEPT 2023_mat-focus-indicator mat-ca_7a0138")): Object: 'Object Repository/Page_Monthly_Spend_Report/Page_/button_SEPT 2023_mat-focus-indicator mat-ca_7a0138' is clicked on

2023-12-14 09:19:52 - [MESSAGE][PASSED] - Object: 'Object Repository/Page_Monthly_Spend_Report/Page_/button_SEPT 2023_mat-focus-indicator mat-ca_7a0138' is clicked on

2023-12-14 09:19:52 - [TEST_STEP][PASSED] - click(findTestObject("Object Repository/Page_Monthly_Spend_Report/Page_/div_1")): Object: 'Object Repository/Page_Monthly_Spend_Report/Page_/div_1' is clicked on

2023-12-14 09:20:24 - [MESSAGE][INFO] - Unable to find the element located by 'By.xpath: //mat-calendar[@id='mat-datepicker-0']/div/mat-month-view/table/tbody/tr/td[2]/button/div'. Please recheck the objects properties to make sure the desired element is located. 

2023-12-14 09:20:24 - [MESSAGE][WARNING] - [SELF-HEALING] Failed to find element with id 'Object Repository/Page_Monthly_Spend_Report/Page_/div_1'. Try using Self-healing.

2023-12-14 09:20:24 - [MESSAGE][WARNING] - [SELF-HEALING] The current locator of test object 'Object Repository/Page_Monthly_Spend_Report/Page_/div_1' was broken. Propose an alternative one: '(.//*[normalize-space(text()) and normalize-space(.)='JUN'])[1]/following::div[1]'.

2023-12-14 09:20:24 - [MESSAGE][PASSED] - Object: 'Object Repository/Page_Monthly_Spend_Report/Page_/div_1' is clicked on

2023-12-14 09:20:24 - [TEST_STEP][PASSED] - click(findTestObject("Object Repository/Page_Monthly_Spend_Report/Page_/div_30")): Object: 'Object Repository/Page_Monthly_Spend_Report/Page_/div_30' is clicked on

2023-12-14 09:20:55 - [MESSAGE][INFO] - Unable to find the element located by 'By.xpath: //mat-calendar[@id='mat-datepicker-0']/div/mat-month-view/table/tbody/tr[5]/td[6]/button/div'. Please recheck the objects properties to make sure the desired element is located. 

2023-12-14 09:20:55 - [MESSAGE][WARNING] - [SELF-HEALING] Failed to find element with id 'Object Repository/Page_Monthly_Spend_Report/Page_/div_30'. Try using Self-healing.

2023-12-14 09:20:56 - [MESSAGE][WARNING] - [SELF-HEALING] The current locator of test object 'Object Repository/Page_Monthly_Spend_Report/Page_/div_30' was broken. Propose an alternative one: '(.//*[normalize-space(text()) and normalize-space(.)='JUN'])[1]/following::div[59]'.

2023-12-14 09:20:56 - [MESSAGE][PASSED] - Object: 'Object Repository/Page_Monthly_Spend_Report/Page_/div_30' is clicked on

2023-12-14 09:20:56 - [TEST_STEP][PASSED] - click(findTestObject("Object Repository/Page_Monthly_Spend_Report/Page_/svg_Enter a date range_mat-datepicker-toggl_ef015c_1")): Object: 'Object Repository/Page_Monthly_Spend_Report/Page_/svg_Enter a date range_mat-datepicker-toggl_ef015c_1' is clicked on

2023-12-14 09:20:58 - [MESSAGE][PASSED] - Object: 'Object Repository/Page_Monthly_Spend_Report/Page_/svg_Enter a date range_mat-datepicker-toggl_ef015c_1' is clicked on

2023-12-14 09:20:58 - [TEST_STEP][PASSED] - click(findTestObject("Object Repository/Page_Monthly_Spend_Report/Page_/button_SEPT 2023_mat-focus-indicator mat-ca_7a0138")): Object: 'Object Repository/Page_Monthly_Spend_Report/Page_/button_SEPT 2023_mat-focus-indicator mat-ca_7a0138' is clicked on

2023-12-14 09:20:59 - [MESSAGE][PASSED] - Object: 'Object Repository/Page_Monthly_Spend_Report/Page_/button_SEPT 2023_mat-focus-indicator mat-ca_7a0138' is clicked on

2023-12-14 09:20:59 - [TEST_STEP][PASSED] - click(findTestObject("Object Repository/Page_Monthly_Spend_Report/Page_/div_1")): Object: 'Object Repository/Page_Monthly_Spend_Report/Page_/div_1' is clicked on

2023-12-14 09:21:30 - [MESSAGE][INFO] - Unable to find the element located by 'By.xpath: //mat-calendar[@id='mat-datepicker-0']/div/mat-month-view/table/tbody/tr/td[2]/button/div'. Please recheck the objects properties to make sure the desired element is located. 

2023-12-14 09:21:30 - [MESSAGE][WARNING] - [SELF-HEALING] Failed to find element with id 'Object Repository/Page_Monthly_Spend_Report/Page_/div_1'. Try using Self-healing.

2023-12-14 09:21:32 - [MESSAGE][INFO] - Unable to find the element located by 'By.xpath: (.//*[normalize-space(text()) and normalize-space(.)='JUN'])[1]/following::div[1]'. Please recheck the objects properties to make sure the desired element is located. 

2023-12-14 09:21:32 - [MESSAGE][WARNING] - [SELF-HEALING] The current locator of test object 'Object Repository/Page_Monthly_Spend_Report/Page_/div_1' was broken. Propose an alternative one: '(.//*[normalize-space(text()) and normalize-space(.)='Saturday'])[1]/following::div[1]'.

2023-12-14 09:21:32 - [MESSAGE][PASSED] - Object: 'Object Repository/Page_Monthly_Spend_Report/Page_/div_1' is clicked on

2023-12-14 09:21:32 - [TEST_STEP][PASSED] - click(findTestObject("Object Repository/Page_Monthly_Spend_Report/Page_/div_31")): Object: 'Object Repository/Page_Monthly_Spend_Report/Page_/div_31' is clicked on

2023-12-14 09:22:03 - [MESSAGE][INFO] - Unable to find the element located by 'By.xpath: //mat-calendar[@id='mat-datepicker-0']/div/mat-month-view/table/tbody/tr[6]/td[4]/button/div'. Please recheck the objects properties to make sure the desired element is located. 

2023-12-14 09:22:03 - [MESSAGE][WARNING] - [SELF-HEALING] Failed to find element with id 'Object Repository/Page_Monthly_Spend_Report/Page_/div_31'. Try using Self-healing.

2023-12-14 09:22:04 - [MESSAGE][WARNING] - [SELF-HEALING] The current locator of test object 'Object Repository/Page_Monthly_Spend_Report/Page_/div_31' was broken. Propose an alternative one: '(.//*[normalize-space(text()) and normalize-space(.)='Saturday'])[1]/following::div[61]'.

2023-12-14 09:22:04 - [MESSAGE][PASSED] - Object: 'Object Repository/Page_Monthly_Spend_Report/Page_/div_31' is clicked on

2023-12-14 09:22:04 - [TEST_STEP][PASSED] - delay(2): Delayed 2 second(s)

2023-12-14 09:22:06 - [MESSAGE][PASSED] - Delayed 2 second(s)

2023-12-14 09:22:06 - [TEST_STEP][PASSED] - closeBrowser(): Browser is closed

2023-12-14 09:22:07 - [MESSAGE][PASSED] - Browser is closed]]></system-out>
         <system-err><![CDATA[]]></system-err>
      </testcase>
      <testcase name="Test Cases/Spend_Report/test_weekly_spend_report" time="112.045" classname="Test Cases/Spend_Report/test_weekly_spend_report" status="PASSED">
         <system-out><![CDATA[2023-12-14 09:22:07 - [TEST_CASE][PASSED] - Test Cases/Spend_Report/test_weekly_spend_report: Test Cases/Spend_Report/test_weekly_spend_report

2023-12-14 09:22:07 - [TEST_STEP][PASSED] - callTestCase(findTestCase("Reusable_Functions/Login"), [:], CONTINUE_ON_FAILURE): Call Test Case 'Test Cases/Reusable_Functions/Login' successfully

2023-12-14 09:22:07 - [TEST_CASE][PASSED] - Test Cases/Reusable_Functions/Login: Test Cases/Reusable_Functions/Login

2023-12-14 09:22:07 - [TEST_STEP][PASSED] - openBrowser(""): Browser is opened with url: ''

2023-12-14 09:22:07 - [MESSAGE][INFO] - Starting 'Chrome' driver

2023-12-14 09:22:07 - [MESSAGE][INFO] - Action delay is set to 0 milliseconds

2023-12-14 09:22:09 - [MESSAGE][PASSED] - Browser is opened with url: ''

2023-12-14 09:22:09 - [TEST_STEP][PASSED] - maximizeWindow(): Current window maximized

2023-12-14 09:22:09 - [MESSAGE][PASSED] - Current window maximized

2023-12-14 09:22:09 - [TEST_STEP][PASSED] - navigateToUrl("https://dev-dash.admetrics.ai/"): Navigate to 'https://dev-dash.admetrics.ai/' successfully

2023-12-14 09:22:09 - [MESSAGE][PASSED] - Navigate to 'https://dev-dash.admetrics.ai/' successfully

2023-12-14 09:22:09 - [TEST_STEP][PASSED] - setText(findTestObject("Object Repository/Page_Project_Title/input_User ID_username"), "admin"): Text 'admin' is set on object 'Object Repository/Page_Project_Title/input_User ID_username'

2023-12-14 09:22:12 - [MESSAGE][PASSED] - Text 'admin' is set on object 'Object Repository/Page_Project_Title/input_User ID_username'

2023-12-14 09:22:12 - [TEST_STEP][PASSED] - setEncryptedText(findTestObject("Object Repository/Page_Project_Title/input_Password_password"), "7Dxoto1EjKfQbGop/Ov+1g=="): Text ****** has been set on object 'Object Repository/Page_Project_Title/input_Password_password'

2023-12-14 09:22:13 - [MESSAGE][PASSED] - Text ****** has been set on object 'Object Repository/Page_Project_Title/input_Password_password'

2023-12-14 09:22:13 - [TEST_STEP][PASSED] - click(findTestObject("Object Repository/Page_Project_Title/button_Login")): Object: 'Object Repository/Page_Project_Title/button_Login' is clicked on

2023-12-14 09:22:13 - [MESSAGE][PASSED] - Object: 'Object Repository/Page_Project_Title/button_Login' is clicked on

2023-12-14 09:22:13 - [MESSAGE][PASSED] - Call Test Case 'Test Cases/Reusable_Functions/Login' successfully

2023-12-14 09:22:13 - [TEST_STEP][PASSED] - click(findTestObject("Object Repository/Page_Weekly_Spend_Report/Page_/button_Access dashboard")): Object: 'Object Repository/Page_Weekly_Spend_Report/Page_/button_Access dashboard' is clicked on

2023-12-14 09:22:15 - [MESSAGE][PASSED] - Object: 'Object Repository/Page_Weekly_Spend_Report/Page_/button_Access dashboard' is clicked on

2023-12-14 09:22:15 - [TEST_STEP][PASSED] - verifyElementClickable(findTestObject("Object Repository/Page_Weekly_Spend_Report/Page_/div_Weekly Spend Report")): Object 'Object Repository/Page_Weekly_Spend_Report/Page_/div_Weekly Spend Report' is clickable

2023-12-14 09:22:18 - [MESSAGE][PASSED] - Object 'Object Repository/Page_Weekly_Spend_Report/Page_/div_Weekly Spend Report' is clickable

2023-12-14 09:22:18 - [TEST_STEP][PASSED] - click(findTestObject("Object Repository/Page_Weekly_Spend_Report/Page_/div_Weekly Spend Report")): Object: 'Object Repository/Page_Weekly_Spend_Report/Page_/div_Weekly Spend Report' is clicked on

2023-12-14 09:22:19 - [MESSAGE][PASSED] - Object: 'Object Repository/Page_Weekly_Spend_Report/Page_/div_Weekly Spend Report' is clicked on

2023-12-14 09:22:19 - [TEST_STEP][PASSED] - verifyElementClickable(findTestObject("Object Repository/Page_Weekly_Spend_Report/Page_/svg_Enter a date range_mat-datepicker-toggl_ef015c")): Object 'Object Repository/Page_Weekly_Spend_Report/Page_/svg_Enter a date range_mat-datepicker-toggl_ef015c' is clickable

2023-12-14 09:22:20 - [MESSAGE][PASSED] - Object 'Object Repository/Page_Weekly_Spend_Report/Page_/svg_Enter a date range_mat-datepicker-toggl_ef015c' is clickable

2023-12-14 09:22:20 - [TEST_STEP][PASSED] - verifyElementClickable(findTestObject("Object Repository/Page_Weekly_Spend_Report/Page_/mat-icon_clear")): Object 'Object Repository/Page_Weekly_Spend_Report/Page_/mat-icon_clear' is clickable

2023-12-14 09:22:51 - [MESSAGE][INFO] - Unable to find the element located by 'By.xpath: //mat-tab-body[@id='mat-tab-content-0-1']/div/app-weekly-admetric/div/div/div/app-time-series-filter-panel/div/mat-form-field/div/div/div/mat-icon'. Please recheck the objects properties to make sure the desired element is located. 

2023-12-14 09:22:51 - [MESSAGE][WARNING] - [SELF-HEALING] Failed to find element with id 'Object Repository/Page_Weekly_Spend_Report/Page_/mat-icon_clear'. Try using Self-healing.

2023-12-14 09:22:51 - [MESSAGE][WARNING] - [SELF-HEALING] The current locator of test object 'Object Repository/Page_Weekly_Spend_Report/Page_/mat-icon_clear' was broken. Propose an alternative one: '(.//*[normalize-space(text()) and normalize-space(.)='–'])[1]/following::mat-icon[1]'.

2023-12-14 09:22:51 - [MESSAGE][PASSED] - Object 'Object Repository/Page_Weekly_Spend_Report/Page_/mat-icon_clear' is clickable

2023-12-14 09:22:51 - [TEST_STEP][PASSED] - click(findTestObject("Object Repository/Page_Monthly_Spend_Report/Page_/svg_Enter a date range_mat-datepicker-toggl_ef015c")): Object: 'Object Repository/Page_Monthly_Spend_Report/Page_/svg_Enter a date range_mat-datepicker-toggl_ef015c' is clicked on

2023-12-14 09:22:52 - [MESSAGE][PASSED] - Object: 'Object Repository/Page_Monthly_Spend_Report/Page_/svg_Enter a date range_mat-datepicker-toggl_ef015c' is clicked on

2023-12-14 09:22:52 - [TEST_STEP][PASSED] - click(findTestObject("Object Repository/Page_Weekly_Spend_Report/Page_/button_OCT 2023_mat-focus-indicator mat-cal_844237")): Object: 'Object Repository/Page_Weekly_Spend_Report/Page_/button_OCT 2023_mat-focus-indicator mat-cal_844237' is clicked on

2023-12-14 09:22:52 - [MESSAGE][PASSED] - Object: 'Object Repository/Page_Weekly_Spend_Report/Page_/button_OCT 2023_mat-focus-indicator mat-cal_844237' is clicked on

2023-12-14 09:22:52 - [TEST_STEP][PASSED] - click(findTestObject("Object Repository/Page_Weekly_Spend_Report/Page_/div_1")): Object: 'Object Repository/Page_Weekly_Spend_Report/Page_/div_1' is clicked on

2023-12-14 09:23:24 - [MESSAGE][INFO] - Unable to find the element located by 'By.xpath: //mat-calendar[@id='mat-datepicker-1']/div/mat-month-view/table/tbody/tr/td[2]/button/div'. Please recheck the objects properties to make sure the desired element is located. 

2023-12-14 09:23:24 - [MESSAGE][WARNING] - [SELF-HEALING] Failed to find element with id 'Object Repository/Page_Weekly_Spend_Report/Page_/div_1'. Try using Self-healing.

2023-12-14 09:23:24 - [MESSAGE][WARNING] - [SELF-HEALING] The current locator of test object 'Object Repository/Page_Weekly_Spend_Report/Page_/div_1' was broken. Propose an alternative one: '(.//*[normalize-space(text()) and normalize-space(.)='Saturday'])[1]/following::div[1]'.

2023-12-14 09:23:24 - [MESSAGE][PASSED] - Object: 'Object Repository/Page_Weekly_Spend_Report/Page_/div_1' is clicked on

2023-12-14 09:23:24 - [TEST_STEP][PASSED] - click(findTestObject("Object Repository/Page_Weekly_Spend_Report/Page_/div_30")): Object: 'Object Repository/Page_Weekly_Spend_Report/Page_/div_30' is clicked on

2023-12-14 09:23:55 - [MESSAGE][INFO] - Unable to find the element located by 'By.xpath: //mat-calendar[@id='mat-datepicker-1']/div/mat-month-view/table/tbody/tr[5]/td[7]/button/div'. Please recheck the objects properties to make sure the desired element is located. 

2023-12-14 09:23:55 - [MESSAGE][WARNING] - [SELF-HEALING] Failed to find element with id 'Object Repository/Page_Weekly_Spend_Report/Page_/div_30'. Try using Self-healing.

2023-12-14 09:23:56 - [MESSAGE][WARNING] - [SELF-HEALING] The current locator of test object 'Object Repository/Page_Weekly_Spend_Report/Page_/div_30' was broken. Propose an alternative one: '(.//*[normalize-space(text()) and normalize-space(.)='Saturday'])[1]/following::div[59]'.

2023-12-14 09:23:56 - [MESSAGE][PASSED] - Object: 'Object Repository/Page_Weekly_Spend_Report/Page_/div_30' is clicked on

2023-12-14 09:23:56 - [TEST_STEP][PASSED] - delay(2): Delayed 2 second(s)

2023-12-14 09:23:58 - [MESSAGE][PASSED] - Delayed 2 second(s)

2023-12-14 09:23:58 - [TEST_STEP][PASSED] - closeBrowser(): Browser is closed

2023-12-14 09:23:59 - [MESSAGE][PASSED] - Browser is closed]]></system-out>
         <system-err><![CDATA[]]></system-err>
      </testcase>
      <testcase name="Test Cases/Spend_Report/test_daily_spend_report" time="22.728" classname="Test Cases/Spend_Report/test_daily_spend_report" status="PASSED">
         <system-out><![CDATA[2023-12-14 09:23:59 - [TEST_CASE][PASSED] - Test Cases/Spend_Report/test_daily_spend_report: Test Cases/Spend_Report/test_daily_spend_report

2023-12-14 09:23:59 - [TEST_STEP][PASSED] - callTestCase(findTestCase("Reusable_Functions/Login"), [:], CONTINUE_ON_FAILURE): Call Test Case 'Test Cases/Reusable_Functions/Login' successfully

2023-12-14 09:23:59 - [TEST_CASE][PASSED] - Test Cases/Reusable_Functions/Login: Test Cases/Reusable_Functions/Login

2023-12-14 09:23:59 - [TEST_STEP][PASSED] - openBrowser(""): Browser is opened with url: ''

2023-12-14 09:23:59 - [MESSAGE][INFO] - Starting 'Chrome' driver

2023-12-14 09:23:59 - [MESSAGE][INFO] - Action delay is set to 0 milliseconds

2023-12-14 09:24:01 - [MESSAGE][PASSED] - Browser is opened with url: ''

2023-12-14 09:24:01 - [TEST_STEP][PASSED] - maximizeWindow(): Current window maximized

2023-12-14 09:24:01 - [MESSAGE][PASSED] - Current window maximized

2023-12-14 09:24:01 - [TEST_STEP][PASSED] - navigateToUrl("https://dev-dash.admetrics.ai/"): Navigate to 'https://dev-dash.admetrics.ai/' successfully

2023-12-14 09:24:01 - [MESSAGE][PASSED] - Navigate to 'https://dev-dash.admetrics.ai/' successfully

2023-12-14 09:24:01 - [TEST_STEP][PASSED] - setText(findTestObject("Object Repository/Page_Project_Title/input_User ID_username"), "admin"): Text 'admin' is set on object 'Object Repository/Page_Project_Title/input_User ID_username'

2023-12-14 09:24:04 - [MESSAGE][PASSED] - Text 'admin' is set on object 'Object Repository/Page_Project_Title/input_User ID_username'

2023-12-14 09:24:04 - [TEST_STEP][PASSED] - setEncryptedText(findTestObject("Object Repository/Page_Project_Title/input_Password_password"), "7Dxoto1EjKfQbGop/Ov+1g=="): Text ****** has been set on object 'Object Repository/Page_Project_Title/input_Password_password'

2023-12-14 09:24:05 - [MESSAGE][PASSED] - Text ****** has been set on object 'Object Repository/Page_Project_Title/input_Password_password'

2023-12-14 09:24:05 - [TEST_STEP][PASSED] - click(findTestObject("Object Repository/Page_Project_Title/button_Login")): Object: 'Object Repository/Page_Project_Title/button_Login' is clicked on

2023-12-14 09:24:05 - [MESSAGE][PASSED] - Object: 'Object Repository/Page_Project_Title/button_Login' is clicked on

2023-12-14 09:24:05 - [MESSAGE][PASSED] - Call Test Case 'Test Cases/Reusable_Functions/Login' successfully

2023-12-14 09:24:05 - [TEST_STEP][PASSED] - click(findTestObject("Object Repository/Page_Daily_Spend_Report/Page_/button_Access dashboard")): Object: 'Object Repository/Page_Daily_Spend_Report/Page_/button_Access dashboard' is clicked on

2023-12-14 09:24:08 - [MESSAGE][PASSED] - Object: 'Object Repository/Page_Daily_Spend_Report/Page_/button_Access dashboard' is clicked on

2023-12-14 09:24:08 - [TEST_STEP][PASSED] - verifyElementClickable(findTestObject("Object Repository/Page_Daily_Spend_Report/Page_/div_Daily Spend Report")): Object 'Object Repository/Page_Daily_Spend_Report/Page_/div_Daily Spend Report' is clickable

2023-12-14 09:24:11 - [MESSAGE][PASSED] - Object 'Object Repository/Page_Daily_Spend_Report/Page_/div_Daily Spend Report' is clickable

2023-12-14 09:24:11 - [TEST_STEP][PASSED] - click(findTestObject("Object Repository/Page_Daily_Spend_Report/Page_/div_Daily Spend Report")): Object: 'Object Repository/Page_Daily_Spend_Report/Page_/div_Daily Spend Report' is clicked on

2023-12-14 09:24:11 - [MESSAGE][PASSED] - Object: 'Object Repository/Page_Daily_Spend_Report/Page_/div_Daily Spend Report' is clicked on

2023-12-14 09:24:11 - [TEST_STEP][PASSED] - verifyElementClickable(findTestObject("Object Repository/Page_Daily_Spend_Report/Page_/svg_Enter a date range_mat-datepicker-toggl_ef015c")): Object 'Object Repository/Page_Daily_Spend_Report/Page_/svg_Enter a date range_mat-datepicker-toggl_ef015c' is clickable

2023-12-14 09:24:13 - [MESSAGE][PASSED] - Object 'Object Repository/Page_Daily_Spend_Report/Page_/svg_Enter a date range_mat-datepicker-toggl_ef015c' is clickable

2023-12-14 09:24:13 - [TEST_STEP][PASSED] - verifyElementClickable(findTestObject("Object Repository/Page_Daily_Spend_Report/Page_/mat-icon_clear")): Object 'Object Repository/Page_Daily_Spend_Report/Page_/mat-icon_clear' is clickable

2023-12-14 09:24:14 - [MESSAGE][PASSED] - Object 'Object Repository/Page_Daily_Spend_Report/Page_/mat-icon_clear' is clickable

2023-12-14 09:24:14 - [TEST_STEP][PASSED] - click(findTestObject("Object Repository/Page_Monthly_Spend_Report/Page_/svg_Enter a date range_mat-datepicker-toggl_ef015c")): Object: 'Object Repository/Page_Monthly_Spend_Report/Page_/svg_Enter a date range_mat-datepicker-toggl_ef015c' is clicked on

2023-12-14 09:24:15 - [MESSAGE][PASSED] - Object: 'Object Repository/Page_Monthly_Spend_Report/Page_/svg_Enter a date range_mat-datepicker-toggl_ef015c' is clicked on

2023-12-14 09:24:15 - [TEST_STEP][PASSED] - click(findTestObject("Object Repository/Page_Daily_Spend_Report/Page_/button_NOV 2023_mat-focus-indicator mat-cal_145c8e")): Object: 'Object Repository/Page_Daily_Spend_Report/Page_/button_NOV 2023_mat-focus-indicator mat-cal_145c8e' is clicked on

2023-12-14 09:24:15 - [MESSAGE][PASSED] - Object: 'Object Repository/Page_Daily_Spend_Report/Page_/button_NOV 2023_mat-focus-indicator mat-cal_145c8e' is clicked on

2023-12-14 09:24:15 - [TEST_STEP][PASSED] - click(findTestObject("Object Repository/Page_Daily_Spend_Report/Page_/button_NOV 2023_mat-focus-indicator mat-cal_145c8e")): Object: 'Object Repository/Page_Daily_Spend_Report/Page_/button_NOV 2023_mat-focus-indicator mat-cal_145c8e' is clicked on

2023-12-14 09:24:16 - [MESSAGE][PASSED] - Object: 'Object Repository/Page_Daily_Spend_Report/Page_/button_NOV 2023_mat-focus-indicator mat-cal_145c8e' is clicked on

2023-12-14 09:24:16 - [TEST_STEP][PASSED] - click(findTestObject("Object Repository/Page_Daily_Spend_Report/Page_/div_1")): Object: 'Object Repository/Page_Daily_Spend_Report/Page_/div_1' is clicked on

2023-12-14 09:24:17 - [MESSAGE][PASSED] - Object: 'Object Repository/Page_Daily_Spend_Report/Page_/div_1' is clicked on

2023-12-14 09:24:17 - [TEST_STEP][PASSED] - click(findTestObject("Object Repository/Page_Daily_Spend_Report/Page_/div_30")): Object: 'Object Repository/Page_Daily_Spend_Report/Page_/div_30' is clicked on

2023-12-14 09:24:17 - [MESSAGE][PASSED] - Object: 'Object Repository/Page_Daily_Spend_Report/Page_/div_30' is clicked on

2023-12-14 09:24:17 - [TEST_STEP][PASSED] - delay(2): Delayed 2 second(s)

2023-12-14 09:24:19 - [MESSAGE][PASSED] - Delayed 2 second(s)

2023-12-14 09:24:19 - [TEST_STEP][PASSED] - click(findTestObject("Object Repository/Page_Daily_Spend_Report/Page_/canvas_Enter a date range_chartjs-render-monitor")): Object: 'Object Repository/Page_Daily_Spend_Report/Page_/canvas_Enter a date range_chartjs-render-monitor' is clicked on

2023-12-14 09:24:20 - [MESSAGE][PASSED] - Object: 'Object Repository/Page_Daily_Spend_Report/Page_/canvas_Enter a date range_chartjs-render-monitor' is clicked on

2023-12-14 09:24:20 - [TEST_STEP][PASSED] - click(findTestObject("Object Repository/Page_Daily_Spend_Report/Page_/canvas_Enter a date range_chartjs-render-monitor")): Object: 'Object Repository/Page_Daily_Spend_Report/Page_/canvas_Enter a date range_chartjs-render-monitor' is clicked on

2023-12-14 09:24:20 - [MESSAGE][PASSED] - Object: 'Object Repository/Page_Daily_Spend_Report/Page_/canvas_Enter a date range_chartjs-render-monitor' is clicked on

2023-12-14 09:24:20 - [TEST_STEP][PASSED] - click(findTestObject("Object Repository/Page_Daily_Spend_Report/Page_/canvas_Enter a date range_chartjs-render-monitor")): Object: 'Object Repository/Page_Daily_Spend_Report/Page_/canvas_Enter a date range_chartjs-render-monitor' is clicked on

2023-12-14 09:24:21 - [MESSAGE][PASSED] - Object: 'Object Repository/Page_Daily_Spend_Report/Page_/canvas_Enter a date range_chartjs-render-monitor' is clicked on

2023-12-14 09:24:21 - [TEST_STEP][PASSED] - closeBrowser(): Browser is closed

2023-12-14 09:24:22 - [MESSAGE][PASSED] - Browser is closed]]></system-out>
         <system-err><![CDATA[]]></system-err>
      </testcase>
      <testcase name="Test Cases/Spend_Monitoring/test_daily_spend_monitoring_report" time="20.334" classname="Test Cases/Spend_Monitoring/test_daily_spend_monitoring_report" status="PASSED">
         <system-out><![CDATA[2023-12-14 09:24:22 - [TEST_CASE][PASSED] - Test Cases/Spend_Monitoring/test_daily_spend_monitoring_report: Test Cases/Spend_Monitoring/test_daily_spend_monitoring_report

2023-12-14 09:24:22 - [TEST_STEP][PASSED] - callTestCase(findTestCase("Reusable_Functions/Login"), [:], CONTINUE_ON_FAILURE): Call Test Case 'Test Cases/Reusable_Functions/Login' successfully

2023-12-14 09:24:22 - [TEST_CASE][PASSED] - Test Cases/Reusable_Functions/Login: Test Cases/Reusable_Functions/Login

2023-12-14 09:24:22 - [TEST_STEP][PASSED] - openBrowser(""): Browser is opened with url: ''

2023-12-14 09:24:22 - [MESSAGE][INFO] - Starting 'Chrome' driver

2023-12-14 09:24:22 - [MESSAGE][INFO] - Action delay is set to 0 milliseconds

2023-12-14 09:24:23 - [MESSAGE][PASSED] - Browser is opened with url: ''

2023-12-14 09:24:23 - [TEST_STEP][PASSED] - maximizeWindow(): Current window maximized

2023-12-14 09:24:24 - [MESSAGE][PASSED] - Current window maximized

2023-12-14 09:24:24 - [TEST_STEP][PASSED] - navigateToUrl("https://dev-dash.admetrics.ai/"): Navigate to 'https://dev-dash.admetrics.ai/' successfully

2023-12-14 09:24:24 - [MESSAGE][PASSED] - Navigate to 'https://dev-dash.admetrics.ai/' successfully

2023-12-14 09:24:24 - [TEST_STEP][PASSED] - setText(findTestObject("Object Repository/Page_Project_Title/input_User ID_username"), "admin"): Text 'admin' is set on object 'Object Repository/Page_Project_Title/input_User ID_username'

2023-12-14 09:24:27 - [MESSAGE][PASSED] - Text 'admin' is set on object 'Object Repository/Page_Project_Title/input_User ID_username'

2023-12-14 09:24:27 - [TEST_STEP][PASSED] - setEncryptedText(findTestObject("Object Repository/Page_Project_Title/input_Password_password"), "7Dxoto1EjKfQbGop/Ov+1g=="): Text ****** has been set on object 'Object Repository/Page_Project_Title/input_Password_password'

2023-12-14 09:24:28 - [MESSAGE][PASSED] - Text ****** has been set on object 'Object Repository/Page_Project_Title/input_Password_password'

2023-12-14 09:24:28 - [TEST_STEP][PASSED] - click(findTestObject("Object Repository/Page_Project_Title/button_Login")): Object: 'Object Repository/Page_Project_Title/button_Login' is clicked on

2023-12-14 09:24:28 - [MESSAGE][PASSED] - Object: 'Object Repository/Page_Project_Title/button_Login' is clicked on

2023-12-14 09:24:28 - [MESSAGE][PASSED] - Call Test Case 'Test Cases/Reusable_Functions/Login' successfully

2023-12-14 09:24:28 - [TEST_STEP][PASSED] - click(findTestObject("Object Repository/Page_Daily_Spends_Monitoring_Report/Page_/button_Access dashboard")): Object: 'Object Repository/Page_Daily_Spends_Monitoring_Report/Page_/button_Access dashboard' is clicked on

2023-12-14 09:24:31 - [MESSAGE][PASSED] - Object: 'Object Repository/Page_Daily_Spends_Monitoring_Report/Page_/button_Access dashboard' is clicked on

2023-12-14 09:24:31 - [TEST_STEP][PASSED] - verifyElementClickable(findTestObject("Object Repository/Page_Daily_Spends_Monitoring_Report/Page_/div_Daily Spends Monitoring Report")): Object 'Object Repository/Page_Daily_Spends_Monitoring_Report/Page_/div_Daily Spends Monitoring Report' is clickable

2023-12-14 09:24:33 - [MESSAGE][PASSED] - Object 'Object Repository/Page_Daily_Spends_Monitoring_Report/Page_/div_Daily Spends Monitoring Report' is clickable

2023-12-14 09:24:33 - [TEST_STEP][PASSED] - click(findTestObject("Object Repository/Page_Daily_Spends_Monitoring_Report/Page_/div_Daily Spends Monitoring Report")): Object: 'Object Repository/Page_Daily_Spends_Monitoring_Report/Page_/div_Daily Spends Monitoring Report' is clicked on

2023-12-14 09:24:33 - [MESSAGE][PASSED] - Object: 'Object Repository/Page_Daily_Spends_Monitoring_Report/Page_/div_Daily Spends Monitoring Report' is clicked on

2023-12-14 09:24:33 - [TEST_STEP][PASSED] - verifyElementClickable(findTestObject("Object Repository/Page_Daily_Spends_Monitoring_Report/Page_/svg_Enter a date range_mat-datepicker-toggl_ef015c")): Object 'Object Repository/Page_Daily_Spends_Monitoring_Report/Page_/svg_Enter a date range_mat-datepicker-toggl_ef015c' is clickable

2023-12-14 09:24:35 - [MESSAGE][PASSED] - Object 'Object Repository/Page_Daily_Spends_Monitoring_Report/Page_/svg_Enter a date range_mat-datepicker-toggl_ef015c' is clickable

2023-12-14 09:24:35 - [TEST_STEP][PASSED] - verifyElementClickable(findTestObject("Object Repository/Page_Daily_Spends_Monitoring_Report/Page_/mat-icon_clear")): Object 'Object Repository/Page_Daily_Spends_Monitoring_Report/Page_/mat-icon_clear' is clickable

2023-12-14 09:24:35 - [MESSAGE][PASSED] - Object 'Object Repository/Page_Daily_Spends_Monitoring_Report/Page_/mat-icon_clear' is clickable

2023-12-14 09:24:35 - [TEST_STEP][PASSED] - click(findTestObject("Object Repository/Page_Daily_Spends_Monitoring_Report/Page_/svg_Enter a date range_mat-datepicker-toggl_ef015c")): Object: 'Object Repository/Page_Daily_Spends_Monitoring_Report/Page_/svg_Enter a date range_mat-datepicker-toggl_ef015c' is clicked on

2023-12-14 09:24:36 - [MESSAGE][PASSED] - Object: 'Object Repository/Page_Daily_Spends_Monitoring_Report/Page_/svg_Enter a date range_mat-datepicker-toggl_ef015c' is clicked on

2023-12-14 09:24:36 - [TEST_STEP][PASSED] - verifyElementClickable(findTestObject("Object Repository/Page_Daily_Spends_Monitoring_Report/Page_/button_DEC 2023_mat-focus-indicator mat-cal_bd9491")): Object 'Object Repository/Page_Daily_Spends_Monitoring_Report/Page_/button_DEC 2023_mat-focus-indicator mat-cal_bd9491' is clickable

2023-12-14 09:24:37 - [MESSAGE][PASSED] - Object 'Object Repository/Page_Daily_Spends_Monitoring_Report/Page_/button_DEC 2023_mat-focus-indicator mat-cal_bd9491' is clickable

2023-12-14 09:24:37 - [TEST_STEP][PASSED] - verifyElementClickable(findTestObject("Object Repository/Page_Daily_Spends_Monitoring_Report/Page_/button_DEC 2023_mat-focus-indicator mat-cal_bd9491")): Object 'Object Repository/Page_Daily_Spends_Monitoring_Report/Page_/button_DEC 2023_mat-focus-indicator mat-cal_bd9491' is clickable

2023-12-14 09:24:37 - [MESSAGE][PASSED] - Object 'Object Repository/Page_Daily_Spends_Monitoring_Report/Page_/button_DEC 2023_mat-focus-indicator mat-cal_bd9491' is clickable

2023-12-14 09:24:37 - [TEST_STEP][PASSED] - click(findTestObject("Object Repository/Page_Daily_Spends_Monitoring_Report/Page_/button_DEC 2023_mat-focus-indicator mat-cal_bd9491")): Object: 'Object Repository/Page_Daily_Spends_Monitoring_Report/Page_/button_DEC 2023_mat-focus-indicator mat-cal_bd9491' is clicked on

2023-12-14 09:24:38 - [MESSAGE][PASSED] - Object: 'Object Repository/Page_Daily_Spends_Monitoring_Report/Page_/button_DEC 2023_mat-focus-indicator mat-cal_bd9491' is clicked on

2023-12-14 09:24:38 - [TEST_STEP][PASSED] - click(findTestObject("Object Repository/Page_Daily_Spends_Monitoring_Report/Page_/button_DEC 2023_mat-focus-indicator mat-cal_bd9491")): Object: 'Object Repository/Page_Daily_Spends_Monitoring_Report/Page_/button_DEC 2023_mat-focus-indicator mat-cal_bd9491' is clicked on

2023-12-14 09:24:39 - [MESSAGE][PASSED] - Object: 'Object Repository/Page_Daily_Spends_Monitoring_Report/Page_/button_DEC 2023_mat-focus-indicator mat-cal_bd9491' is clicked on

2023-12-14 09:24:39 - [TEST_STEP][PASSED] - click(findTestObject("Object Repository/Page_Daily_Spends_Monitoring_Report/Page_/button_DEC 2023_mat-focus-indicator mat-cal_bd9491")): Object: 'Object Repository/Page_Daily_Spends_Monitoring_Report/Page_/button_DEC 2023_mat-focus-indicator mat-cal_bd9491' is clicked on

2023-12-14 09:24:40 - [MESSAGE][PASSED] - Object: 'Object Repository/Page_Daily_Spends_Monitoring_Report/Page_/button_DEC 2023_mat-focus-indicator mat-cal_bd9491' is clicked on

2023-12-14 09:24:40 - [TEST_STEP][PASSED] - click(findTestObject("Object Repository/Page_Daily_Spends_Monitoring_Report/Page_/div_1")): Object: 'Object Repository/Page_Daily_Spends_Monitoring_Report/Page_/div_1' is clicked on

2023-12-14 09:24:41 - [MESSAGE][PASSED] - Object: 'Object Repository/Page_Daily_Spends_Monitoring_Report/Page_/div_1' is clicked on

2023-12-14 09:24:41 - [TEST_STEP][PASSED] - click(findTestObject("Object Repository/Page_Daily_Spends_Monitoring_Report/Page_/div_30")): Object: 'Object Repository/Page_Daily_Spends_Monitoring_Report/Page_/div_30' is clicked on

2023-12-14 09:24:41 - [MESSAGE][PASSED] - Object: 'Object Repository/Page_Daily_Spends_Monitoring_Report/Page_/div_30' is clicked on

2023-12-14 09:24:41 - [TEST_STEP][PASSED] - closeBrowser(): Browser is closed

2023-12-14 09:24:42 - [MESSAGE][PASSED] - Browser is closed]]></system-out>
         <system-err><![CDATA[]]></system-err>
      </testcase>
      <testcase name="Test Cases/Spend_Monitoring/test_weekly_spend_monitoring_report" time="19.418" classname="Test Cases/Spend_Monitoring/test_weekly_spend_monitoring_report" status="PASSED">
         <system-out><![CDATA[2023-12-14 09:24:42 - [TEST_CASE][PASSED] - Test Cases/Spend_Monitoring/test_weekly_spend_monitoring_report: Test Cases/Spend_Monitoring/test_weekly_spend_monitoring_report

2023-12-14 09:24:42 - [TEST_STEP][PASSED] - callTestCase(findTestCase("Reusable_Functions/Login"), [:], CONTINUE_ON_FAILURE): Call Test Case 'Test Cases/Reusable_Functions/Login' successfully

2023-12-14 09:24:42 - [TEST_CASE][PASSED] - Test Cases/Reusable_Functions/Login: Test Cases/Reusable_Functions/Login

2023-12-14 09:24:42 - [TEST_STEP][PASSED] - openBrowser(""): Browser is opened with url: ''

2023-12-14 09:24:42 - [MESSAGE][INFO] - Starting 'Chrome' driver

2023-12-14 09:24:42 - [MESSAGE][INFO] - Action delay is set to 0 milliseconds

2023-12-14 09:24:44 - [MESSAGE][PASSED] - Browser is opened with url: ''

2023-12-14 09:24:44 - [TEST_STEP][PASSED] - maximizeWindow(): Current window maximized

2023-12-14 09:24:44 - [MESSAGE][PASSED] - Current window maximized

2023-12-14 09:24:44 - [TEST_STEP][PASSED] - navigateToUrl("https://dev-dash.admetrics.ai/"): Navigate to 'https://dev-dash.admetrics.ai/' successfully

2023-12-14 09:24:45 - [MESSAGE][PASSED] - Navigate to 'https://dev-dash.admetrics.ai/' successfully

2023-12-14 09:24:45 - [TEST_STEP][PASSED] - setText(findTestObject("Object Repository/Page_Project_Title/input_User ID_username"), "admin"): Text 'admin' is set on object 'Object Repository/Page_Project_Title/input_User ID_username'

2023-12-14 09:24:48 - [MESSAGE][PASSED] - Text 'admin' is set on object 'Object Repository/Page_Project_Title/input_User ID_username'

2023-12-14 09:24:48 - [TEST_STEP][PASSED] - setEncryptedText(findTestObject("Object Repository/Page_Project_Title/input_Password_password"), "7Dxoto1EjKfQbGop/Ov+1g=="): Text ****** has been set on object 'Object Repository/Page_Project_Title/input_Password_password'

2023-12-14 09:24:48 - [MESSAGE][PASSED] - Text ****** has been set on object 'Object Repository/Page_Project_Title/input_Password_password'

2023-12-14 09:24:48 - [TEST_STEP][PASSED] - click(findTestObject("Object Repository/Page_Project_Title/button_Login")): Object: 'Object Repository/Page_Project_Title/button_Login' is clicked on

2023-12-14 09:24:49 - [MESSAGE][PASSED] - Object: 'Object Repository/Page_Project_Title/button_Login' is clicked on

2023-12-14 09:24:49 - [MESSAGE][PASSED] - Call Test Case 'Test Cases/Reusable_Functions/Login' successfully

2023-12-14 09:24:49 - [TEST_STEP][PASSED] - click(findTestObject("Object Repository/Page_Weekly_Spend_Monitoring_Report/Page_/button_Access dashboard")): Object: 'Object Repository/Page_Weekly_Spend_Monitoring_Report/Page_/button_Access dashboard' is clicked on

2023-12-14 09:24:50 - [MESSAGE][PASSED] - Object: 'Object Repository/Page_Weekly_Spend_Monitoring_Report/Page_/button_Access dashboard' is clicked on

2023-12-14 09:24:50 - [TEST_STEP][PASSED] - verifyElementClickable(findTestObject("Object Repository/Page_Weekly_Spend_Monitoring_Report/Page_/div_Weekly Spends Monitoring Report")): Object 'Object Repository/Page_Weekly_Spend_Monitoring_Report/Page_/div_Weekly Spends Monitoring Report' is clickable

2023-12-14 09:24:53 - [MESSAGE][PASSED] - Object 'Object Repository/Page_Weekly_Spend_Monitoring_Report/Page_/div_Weekly Spends Monitoring Report' is clickable

2023-12-14 09:24:53 - [TEST_STEP][PASSED] - click(findTestObject("Object Repository/Page_Weekly_Spend_Monitoring_Report/Page_/div_Weekly Spends Monitoring Report")): Object: 'Object Repository/Page_Weekly_Spend_Monitoring_Report/Page_/div_Weekly Spends Monitoring Report' is clicked on

2023-12-14 09:24:53 - [MESSAGE][PASSED] - Object: 'Object Repository/Page_Weekly_Spend_Monitoring_Report/Page_/div_Weekly Spends Monitoring Report' is clicked on

2023-12-14 09:24:53 - [TEST_STEP][PASSED] - verifyElementClickable(findTestObject("Object Repository/Page_Daily_Spends_Monitoring_Report/Page_/svg_Enter a date range_mat-datepicker-toggl_ef015c")): Object 'Object Repository/Page_Daily_Spends_Monitoring_Report/Page_/svg_Enter a date range_mat-datepicker-toggl_ef015c' is clickable

2023-12-14 09:24:54 - [MESSAGE][PASSED] - Object 'Object Repository/Page_Daily_Spends_Monitoring_Report/Page_/svg_Enter a date range_mat-datepicker-toggl_ef015c' is clickable

2023-12-14 09:24:54 - [TEST_STEP][PASSED] - verifyElementClickable(findTestObject("Object Repository/Page_Weekly_Spend_Monitoring_Report/Page_/mat-icon_clear")): Object 'Object Repository/Page_Weekly_Spend_Monitoring_Report/Page_/mat-icon_clear' is clickable

2023-12-14 09:24:55 - [MESSAGE][PASSED] - Object 'Object Repository/Page_Weekly_Spend_Monitoring_Report/Page_/mat-icon_clear' is clickable

2023-12-14 09:24:55 - [TEST_STEP][PASSED] - click(findTestObject("Object Repository/Page_Weekly_Spend_Monitoring_Report/Page_/button_Enter a date range_mat-focus-indicat_88834b")): Object: 'Object Repository/Page_Weekly_Spend_Monitoring_Report/Page_/button_Enter a date range_mat-focus-indicat_88834b' is clicked on

2023-12-14 09:24:55 - [MESSAGE][PASSED] - Object: 'Object Repository/Page_Weekly_Spend_Monitoring_Report/Page_/button_Enter a date range_mat-focus-indicat_88834b' is clicked on

2023-12-14 09:24:55 - [TEST_STEP][PASSED] - verifyElementClickable(findTestObject("Object Repository/Page_Daily_Spends_Monitoring_Report/Page_/button_DEC 2023_mat-focus-indicator mat-cal_bd9491")): Object 'Object Repository/Page_Daily_Spends_Monitoring_Report/Page_/button_DEC 2023_mat-focus-indicator mat-cal_bd9491' is clickable

2023-12-14 09:24:56 - [MESSAGE][PASSED] - Object 'Object Repository/Page_Daily_Spends_Monitoring_Report/Page_/button_DEC 2023_mat-focus-indicator mat-cal_bd9491' is clickable

2023-12-14 09:24:56 - [TEST_STEP][PASSED] - verifyElementClickable(findTestObject("Object Repository/Page_Daily_Spends_Monitoring_Report/Page_/button_DEC 2023_mat-focus-indicator mat-cal_bd9491")): Object 'Object Repository/Page_Daily_Spends_Monitoring_Report/Page_/button_DEC 2023_mat-focus-indicator mat-cal_bd9491' is clickable

2023-12-14 09:24:56 - [MESSAGE][PASSED] - Object 'Object Repository/Page_Daily_Spends_Monitoring_Report/Page_/button_DEC 2023_mat-focus-indicator mat-cal_bd9491' is clickable

2023-12-14 09:24:56 - [TEST_STEP][PASSED] - click(findTestObject("Object Repository/Page_Daily_Spend_Report/Page_/button_NOV 2023_mat-focus-indicator mat-cal_145c8e")): Object: 'Object Repository/Page_Daily_Spend_Report/Page_/button_NOV 2023_mat-focus-indicator mat-cal_145c8e' is clicked on

2023-12-14 09:24:57 - [MESSAGE][PASSED] - Object: 'Object Repository/Page_Daily_Spend_Report/Page_/button_NOV 2023_mat-focus-indicator mat-cal_145c8e' is clicked on

2023-12-14 09:24:57 - [TEST_STEP][PASSED] - click(findTestObject("Object Repository/Page_Weekly_Spend_Monitoring_Report/Page_/div_1")): Object: 'Object Repository/Page_Weekly_Spend_Monitoring_Report/Page_/div_1' is clicked on

2023-12-14 09:24:58 - [MESSAGE][PASSED] - Object: 'Object Repository/Page_Weekly_Spend_Monitoring_Report/Page_/div_1' is clicked on

2023-12-14 09:24:58 - [TEST_STEP][PASSED] - click(findTestObject("Object Repository/Page_Weekly_Spend_Monitoring_Report/Page_/div_30")): Object: 'Object Repository/Page_Weekly_Spend_Monitoring_Report/Page_/div_30' is clicked on

2023-12-14 09:24:58 - [MESSAGE][PASSED] - Object: 'Object Repository/Page_Weekly_Spend_Monitoring_Report/Page_/div_30' is clicked on

2023-12-14 09:24:58 - [TEST_STEP][PASSED] - delay(2): Delayed 2 second(s)

2023-12-14 09:25:00 - [MESSAGE][PASSED] - Delayed 2 second(s)

2023-12-14 09:25:00 - [TEST_STEP][PASSED] - closeBrowser(): Browser is closed

2023-12-14 09:25:01 - [MESSAGE][PASSED] - Browser is closed]]></system-out>
         <system-err><![CDATA[]]></system-err>
      </testcase>
      <testcase name="Test Cases/Spend_Monitoring/test_mtd_spend_monitor" time="220.738" classname="Test Cases/Spend_Monitoring/test_mtd_spend_monitor" status="PASSED">
         <system-out><![CDATA[2023-12-14 09:25:01 - [TEST_CASE][PASSED] - Test Cases/Spend_Monitoring/test_mtd_spend_monitor: Test Cases/Spend_Monitoring/test_mtd_spend_monitor

2023-12-14 09:25:02 - [TEST_STEP][PASSED] - callTestCase(findTestCase("Reusable_Functions/Login"), [:], CONTINUE_ON_FAILURE): Call Test Case 'Test Cases/Reusable_Functions/Login' successfully

2023-12-14 09:25:02 - [TEST_CASE][PASSED] - Test Cases/Reusable_Functions/Login: Test Cases/Reusable_Functions/Login

2023-12-14 09:25:02 - [TEST_STEP][PASSED] - openBrowser(""): Browser is opened with url: ''

2023-12-14 09:25:02 - [MESSAGE][INFO] - Starting 'Chrome' driver

2023-12-14 09:25:02 - [MESSAGE][INFO] - Action delay is set to 0 milliseconds

2023-12-14 09:25:03 - [MESSAGE][PASSED] - Browser is opened with url: ''

2023-12-14 09:25:03 - [TEST_STEP][PASSED] - maximizeWindow(): Current window maximized

2023-12-14 09:25:03 - [MESSAGE][PASSED] - Current window maximized

2023-12-14 09:25:03 - [TEST_STEP][PASSED] - navigateToUrl("https://dev-dash.admetrics.ai/"): Navigate to 'https://dev-dash.admetrics.ai/' successfully

2023-12-14 09:25:04 - [MESSAGE][PASSED] - Navigate to 'https://dev-dash.admetrics.ai/' successfully

2023-12-14 09:25:04 - [TEST_STEP][PASSED] - setText(findTestObject("Object Repository/Page_Project_Title/input_User ID_username"), "admin"): Text 'admin' is set on object 'Object Repository/Page_Project_Title/input_User ID_username'

2023-12-14 09:25:07 - [MESSAGE][PASSED] - Text 'admin' is set on object 'Object Repository/Page_Project_Title/input_User ID_username'

2023-12-14 09:25:07 - [TEST_STEP][PASSED] - setEncryptedText(findTestObject("Object Repository/Page_Project_Title/input_Password_password"), "7Dxoto1EjKfQbGop/Ov+1g=="): Text ****** has been set on object 'Object Repository/Page_Project_Title/input_Password_password'

2023-12-14 09:25:08 - [MESSAGE][PASSED] - Text ****** has been set on object 'Object Repository/Page_Project_Title/input_Password_password'

2023-12-14 09:25:08 - [TEST_STEP][PASSED] - click(findTestObject("Object Repository/Page_Project_Title/button_Login")): Object: 'Object Repository/Page_Project_Title/button_Login' is clicked on

2023-12-14 09:25:08 - [MESSAGE][PASSED] - Object: 'Object Repository/Page_Project_Title/button_Login' is clicked on

2023-12-14 09:25:08 - [MESSAGE][PASSED] - Call Test Case 'Test Cases/Reusable_Functions/Login' successfully

2023-12-14 09:25:08 - [TEST_STEP][PASSED] - click(findTestObject("Object Repository/mtd_spend_monitoring/Page_/button_Access dashboard")): Object: 'Object Repository/mtd_spend_monitoring/Page_/button_Access dashboard' is clicked on

2023-12-14 09:25:11 - [MESSAGE][PASSED] - Object: 'Object Repository/mtd_spend_monitoring/Page_/button_Access dashboard' is clicked on

2023-12-14 09:25:11 - [TEST_STEP][PASSED] - verifyElementClickable(findTestObject("Object Repository/mtd_spend_monitoring/Page_/div_MTD Spend Monitoring")): Object 'Object Repository/mtd_spend_monitoring/Page_/div_MTD Spend Monitoring' is clickable

2023-12-14 09:25:13 - [MESSAGE][PASSED] - Object 'Object Repository/mtd_spend_monitoring/Page_/div_MTD Spend Monitoring' is clickable

2023-12-14 09:25:13 - [TEST_STEP][PASSED] - click(findTestObject("Object Repository/mtd_spend_monitoring/Page_/div_MTD Spend Monitoring")): Object: 'Object Repository/mtd_spend_monitoring/Page_/div_MTD Spend Monitoring' is clicked on

2023-12-14 09:25:14 - [MESSAGE][PASSED] - Object: 'Object Repository/mtd_spend_monitoring/Page_/div_MTD Spend Monitoring' is clicked on

2023-12-14 09:25:14 - [TEST_STEP][PASSED] - verifyElementVisible(findTestObject("Object Repository/mtd_spend_monitoring/Page_/h1_70.19")): Object 'Object Repository/mtd_spend_monitoring/Page_/h1_70.19' is visible

2023-12-14 09:25:16 - [MESSAGE][PASSED] - Object 'Object Repository/mtd_spend_monitoring/Page_/h1_70.19' is visible

2023-12-14 09:25:16 - [TEST_STEP][PASSED] - verifyElementText(findTestObject("Object Repository/mtd_spend_monitoring/Page_/div_achievement"), "% achievement"): Actual text and expected text of test object 'Object Repository/mtd_spend_monitoring/Page_/div_achievement' are matched.

2023-12-14 09:25:17 - [MESSAGE][PASSED] - Actual text and expected text of test object 'Object Repository/mtd_spend_monitoring/Page_/div_achievement' are matched.

2023-12-14 09:25:17 - [TEST_STEP][PASSED] - verifyElementText(findTestObject("Object Repository/mtd_spend_monitoring/Page_/p_MTD Spend Prorated"), "MTD Spend Prorated"): Actual text and expected text of test object 'Object Repository/mtd_spend_monitoring/Page_/p_MTD Spend Prorated' are matched.

2023-12-14 09:25:17 - [MESSAGE][PASSED] - Actual text and expected text of test object 'Object Repository/mtd_spend_monitoring/Page_/p_MTD Spend Prorated' are matched.

2023-12-14 09:25:17 - [TEST_STEP][PASSED] - verifyElementText(findTestObject("Object Repository/mtd_spend_monitoring/Page_/div_Items per page"), "Items per page:"): Actual text and expected text of test object 'Object Repository/mtd_spend_monitoring/Page_/div_Items per page' are matched.

2023-12-14 09:25:18 - [MESSAGE][PASSED] - Actual text and expected text of test object 'Object Repository/mtd_spend_monitoring/Page_/div_Items per page' are matched.

2023-12-14 09:25:18 - [TEST_STEP][PASSED] - verifyElementClickable(findTestObject("Object Repository/mtd_spend_monitoring/Page_/div_Items per page_mat-select-arrow-wrapper_41ac4a")): Object 'Object Repository/mtd_spend_monitoring/Page_/div_Items per page_mat-select-arrow-wrapper_41ac4a' is clickable

2023-12-14 09:25:18 - [MESSAGE][PASSED] - Object 'Object Repository/mtd_spend_monitoring/Page_/div_Items per page_mat-select-arrow-wrapper_41ac4a' is clickable

2023-12-14 09:25:18 - [TEST_STEP][PASSED] - verifyElementClickable(findTestObject("Object Repository/mtd_spend_monitoring/Page_/svg_Items per page_mat-paginator-icon")): Object 'Object Repository/mtd_spend_monitoring/Page_/svg_Items per page_mat-paginator-icon' is clickable

2023-12-14 09:25:18 - [MESSAGE][PASSED] - Object 'Object Repository/mtd_spend_monitoring/Page_/svg_Items per page_mat-paginator-icon' is clickable

2023-12-14 09:25:18 - [TEST_STEP][PASSED] - verifyElementClickable(findTestObject("Object Repository/mtd_spend_monitoring/Page_/svg_Items per page_mat-paginator-icon_1")): Object 'Object Repository/mtd_spend_monitoring/Page_/svg_Items per page_mat-paginator-icon_1' is clickable

2023-12-14 09:25:19 - [MESSAGE][PASSED] - Object 'Object Repository/mtd_spend_monitoring/Page_/svg_Items per page_mat-paginator-icon_1' is clickable

2023-12-14 09:25:19 - [TEST_STEP][PASSED] - click(findTestObject("Object Repository/mtd_spend_monitoring/Page_/div_Items per page_mat-select-arrow-wrapper_41ac4a")): Object: 'Object Repository/mtd_spend_monitoring/Page_/div_Items per page_mat-select-arrow-wrapper_41ac4a' is clicked on

2023-12-14 09:25:19 - [MESSAGE][PASSED] - Object: 'Object Repository/mtd_spend_monitoring/Page_/div_Items per page_mat-select-arrow-wrapper_41ac4a' is clicked on

2023-12-14 09:25:19 - [TEST_STEP][PASSED] - click(findTestObject("Object Repository/mtd_spend_monitoring/Page_/span_20")): Object: 'Object Repository/mtd_spend_monitoring/Page_/span_20' is clicked on

2023-12-14 09:25:20 - [MESSAGE][PASSED] - Object: 'Object Repository/mtd_spend_monitoring/Page_/span_20' is clicked on

2023-12-14 09:25:20 - [TEST_STEP][PASSED] - click(findTestObject("Object Repository/mtd_spend_monitoring/Page_/div_Items per page_mat-select-arrow-wrapper_41ac4a")): Object: 'Object Repository/mtd_spend_monitoring/Page_/div_Items per page_mat-select-arrow-wrapper_41ac4a' is clicked on

2023-12-14 09:25:21 - [MESSAGE][PASSED] - Object: 'Object Repository/mtd_spend_monitoring/Page_/div_Items per page_mat-select-arrow-wrapper_41ac4a' is clicked on

2023-12-14 09:25:21 - [TEST_STEP][PASSED] - click(findTestObject("Object Repository/mtd_spend_monitoring/Page_/span_10")): Object: 'Object Repository/mtd_spend_monitoring/Page_/span_10' is clicked on

2023-12-14 09:25:21 - [MESSAGE][PASSED] - Object: 'Object Repository/mtd_spend_monitoring/Page_/span_10' is clicked on

2023-12-14 09:25:21 - [TEST_STEP][PASSED] - click(findTestObject("Object Repository/mtd_spend_monitoring/Page_/div_Items per page_mat-select-arrow-wrapper_41ac4a")): Object: 'Object Repository/mtd_spend_monitoring/Page_/div_Items per page_mat-select-arrow-wrapper_41ac4a' is clicked on

2023-12-14 09:25:22 - [MESSAGE][PASSED] - Object: 'Object Repository/mtd_spend_monitoring/Page_/div_Items per page_mat-select-arrow-wrapper_41ac4a' is clicked on

2023-12-14 09:25:22 - [TEST_STEP][PASSED] - click(findTestObject("Object Repository/mtd_spend_monitoring/Page_/span_5")): Object: 'Object Repository/mtd_spend_monitoring/Page_/span_5' is clicked on

2023-12-14 09:25:22 - [MESSAGE][PASSED] - Object: 'Object Repository/mtd_spend_monitoring/Page_/span_5' is clicked on

2023-12-14 09:25:22 - [TEST_STEP][PASSED] - verifyElementText(findTestObject("Object Repository/mtd_spend_monitoring/Page_/p_Monthly Spend Vs Target"), "Monthly Spend Vs Target"): Actual text and expected text of test object 'Object Repository/mtd_spend_monitoring/Page_/p_Monthly Spend Vs Target' are matched.

2023-12-14 09:25:23 - [MESSAGE][PASSED] - Actual text and expected text of test object 'Object Repository/mtd_spend_monitoring/Page_/p_Monthly Spend Vs Target' are matched.

2023-12-14 09:25:23 - [TEST_STEP][PASSED] - verifyElementText(findTestObject("Object Repository/mtd_spend_monitoring/Page_/div_Items per page"), "Items per page:"): Actual text and expected text of test object 'Object Repository/mtd_spend_monitoring/Page_/div_Items per page' are matched.

2023-12-14 09:25:23 - [MESSAGE][PASSED] - Actual text and expected text of test object 'Object Repository/mtd_spend_monitoring/Page_/div_Items per page' are matched.

2023-12-14 09:25:23 - [TEST_STEP][PASSED] - verifyElementClickable(findTestObject("Object Repository/mtd_spend_monitoring/Page_/div_Items per page_mat-select-arrow-wrapper_128e9d")): Object 'Object Repository/mtd_spend_monitoring/Page_/div_Items per page_mat-select-arrow-wrapper_128e9d' is clickable

2023-12-14 09:25:24 - [MESSAGE][PASSED] - Object 'Object Repository/mtd_spend_monitoring/Page_/div_Items per page_mat-select-arrow-wrapper_128e9d' is clickable

2023-12-14 09:25:24 - [TEST_STEP][PASSED] - verifyElementClickable(findTestObject("Object Repository/mtd_spend_monitoring/Page_/svg_Items per page_mat-paginator-icon_1_2")): Object 'Object Repository/mtd_spend_monitoring/Page_/svg_Items per page_mat-paginator-icon_1_2' is clickable

2023-12-14 09:25:24 - [MESSAGE][PASSED] - Object 'Object Repository/mtd_spend_monitoring/Page_/svg_Items per page_mat-paginator-icon_1_2' is clickable

2023-12-14 09:25:24 - [TEST_STEP][PASSED] - verifyElementClickable(findTestObject("Object Repository/mtd_spend_monitoring/Page_/svg_Items per page_mat-paginator-icon_1_2_3")): Object 'Object Repository/mtd_spend_monitoring/Page_/svg_Items per page_mat-paginator-icon_1_2_3' is clickable

2023-12-14 09:25:25 - [MESSAGE][PASSED] - Object 'Object Repository/mtd_spend_monitoring/Page_/svg_Items per page_mat-paginator-icon_1_2_3' is clickable

2023-12-14 09:25:25 - [TEST_STEP][PASSED] - click(findTestObject("Object Repository/mtd_spend_monitoring/Page_/div_Items per page_mat-select-arrow ng-tns-c110-8")): Object: 'Object Repository/mtd_spend_monitoring/Page_/div_Items per page_mat-select-arrow ng-tns-c110-8' is clicked on

2023-12-14 09:25:25 - [MESSAGE][PASSED] - Object: 'Object Repository/mtd_spend_monitoring/Page_/div_Items per page_mat-select-arrow ng-tns-c110-8' is clicked on

2023-12-14 09:25:25 - [TEST_STEP][PASSED] - click(findTestObject("Object Repository/mtd_spend_monitoring/Page_/span_20")): Object: 'Object Repository/mtd_spend_monitoring/Page_/span_20' is clicked on

2023-12-14 09:25:56 - [MESSAGE][INFO] - Unable to find the element located by 'By.xpath: //mat-option[@id='mat-option-2']/span'. Please recheck the objects properties to make sure the desired element is located. 

2023-12-14 09:25:56 - [MESSAGE][WARNING] - [SELF-HEALING] Failed to find element with id 'Object Repository/mtd_spend_monitoring/Page_/span_20'. Try using Self-healing.

2023-12-14 09:25:56 - [MESSAGE][WARNING] - [SELF-HEALING] The current locator of test object 'Object Repository/mtd_spend_monitoring/Page_/span_20' was broken. Propose an alternative one: '(.//*[normalize-space(text()) and normalize-space(.)='Logout'])[1]/following::span[3]'.

2023-12-14 09:25:57 - [MESSAGE][PASSED] - Object: 'Object Repository/mtd_spend_monitoring/Page_/span_20' is clicked on

2023-12-14 09:25:57 - [TEST_STEP][PASSED] - click(findTestObject("Object Repository/mtd_spend_monitoring/Page_/div_Items per page_mat-select-arrow-wrapper_128e9d")): Object: 'Object Repository/mtd_spend_monitoring/Page_/div_Items per page_mat-select-arrow-wrapper_128e9d' is clicked on

2023-12-14 09:25:57 - [MESSAGE][PASSED] - Object: 'Object Repository/mtd_spend_monitoring/Page_/div_Items per page_mat-select-arrow-wrapper_128e9d' is clicked on

2023-12-14 09:25:57 - [TEST_STEP][PASSED] - click(findTestObject("Object Repository/mtd_spend_monitoring/Page_/span_10")): Object: 'Object Repository/mtd_spend_monitoring/Page_/span_10' is clicked on

2023-12-14 09:26:29 - [MESSAGE][INFO] - Unable to find the element located by 'By.xpath: //mat-option[@id='mat-option-1']/span'. Please recheck the objects properties to make sure the desired element is located. 

2023-12-14 09:26:29 - [MESSAGE][WARNING] - [SELF-HEALING] Failed to find element with id 'Object Repository/mtd_spend_monitoring/Page_/span_10'. Try using Self-healing.

2023-12-14 09:26:29 - [MESSAGE][WARNING] - [SELF-HEALING] The current locator of test object 'Object Repository/mtd_spend_monitoring/Page_/span_10' was broken. Propose an alternative one: '(.//*[normalize-space(text()) and normalize-space(.)='Logout'])[1]/following::span[2]'.

2023-12-14 09:26:29 - [MESSAGE][PASSED] - Object: 'Object Repository/mtd_spend_monitoring/Page_/span_10' is clicked on

2023-12-14 09:26:29 - [TEST_STEP][PASSED] - click(findTestObject("Object Repository/mtd_spend_monitoring/Page_/div_Items per page_mat-select-arrow-wrapper_128e9d")): Object: 'Object Repository/mtd_spend_monitoring/Page_/div_Items per page_mat-select-arrow-wrapper_128e9d' is clicked on

2023-12-14 09:26:30 - [MESSAGE][PASSED] - Object: 'Object Repository/mtd_spend_monitoring/Page_/div_Items per page_mat-select-arrow-wrapper_128e9d' is clicked on

2023-12-14 09:26:30 - [TEST_STEP][PASSED] - click(findTestObject("Object Repository/mtd_spend_monitoring/Page_/span_5")): Object: 'Object Repository/mtd_spend_monitoring/Page_/span_5' is clicked on

2023-12-14 09:27:02 - [MESSAGE][INFO] - Unable to find the element located by 'By.xpath: //mat-option[@id='mat-option-0']/span'. Please recheck the objects properties to make sure the desired element is located. 

2023-12-14 09:27:02 - [MESSAGE][WARNING] - [SELF-HEALING] Failed to find element with id 'Object Repository/mtd_spend_monitoring/Page_/span_5'. Try using Self-healing.

2023-12-14 09:27:02 - [MESSAGE][WARNING] - [SELF-HEALING] The current locator of test object 'Object Repository/mtd_spend_monitoring/Page_/span_5' was broken. Propose an alternative one: '(.//*[normalize-space(text()) and normalize-space(.)='Logout'])[1]/following::span[1]'.

2023-12-14 09:27:02 - [MESSAGE][PASSED] - Object: 'Object Repository/mtd_spend_monitoring/Page_/span_5' is clicked on

2023-12-14 09:27:02 - [TEST_STEP][PASSED] - verifyElementText(findTestObject("Object Repository/mtd_spend_monitoring/Page_/p_MTD Spend VS Target by Channel"), "MTD Spend VS Target by Channel"): Actual text and expected text of test object 'Object Repository/mtd_spend_monitoring/Page_/p_MTD Spend VS Target by Channel' are matched.

2023-12-14 09:27:03 - [MESSAGE][PASSED] - Actual text and expected text of test object 'Object Repository/mtd_spend_monitoring/Page_/p_MTD Spend VS Target by Channel' are matched.

2023-12-14 09:27:03 - [TEST_STEP][PASSED] - verifyElementText(findTestObject("Object Repository/mtd_spend_monitoring/Page_/div_Items per page"), "Items per page:"): Actual text and expected text of test object 'Object Repository/mtd_spend_monitoring/Page_/div_Items per page' are matched.

2023-12-14 09:27:03 - [MESSAGE][PASSED] - Actual text and expected text of test object 'Object Repository/mtd_spend_monitoring/Page_/div_Items per page' are matched.

2023-12-14 09:27:03 - [TEST_STEP][PASSED] - verifyElementClickable(findTestObject("Object Repository/mtd_spend_monitoring/Page_/div_Items per page_mat-select-arrow ng-tns-c110-10")): Object 'Object Repository/mtd_spend_monitoring/Page_/div_Items per page_mat-select-arrow ng-tns-c110-10' is clickable

2023-12-14 09:27:04 - [MESSAGE][PASSED] - Object 'Object Repository/mtd_spend_monitoring/Page_/div_Items per page_mat-select-arrow ng-tns-c110-10' is clickable

2023-12-14 09:27:04 - [TEST_STEP][PASSED] - click(findTestObject("Object Repository/mtd_spend_monitoring/Page_/div_Items per page_mat-select-arrow-wrapper_b66081")): Object: 'Object Repository/mtd_spend_monitoring/Page_/div_Items per page_mat-select-arrow-wrapper_b66081' is clicked on

2023-12-14 09:27:04 - [MESSAGE][PASSED] - Object: 'Object Repository/mtd_spend_monitoring/Page_/div_Items per page_mat-select-arrow-wrapper_b66081' is clicked on

2023-12-14 09:27:04 - [TEST_STEP][PASSED] - click(findTestObject("Object Repository/mtd_spend_monitoring/Page_/span_20")): Object: 'Object Repository/mtd_spend_monitoring/Page_/span_20' is clicked on

2023-12-14 09:27:36 - [MESSAGE][INFO] - Unable to find the element located by 'By.xpath: //mat-option[@id='mat-option-2']/span'. Please recheck the objects properties to make sure the desired element is located. 

2023-12-14 09:27:36 - [MESSAGE][WARNING] - [SELF-HEALING] Failed to find element with id 'Object Repository/mtd_spend_monitoring/Page_/span_20'. Try using Self-healing.

2023-12-14 09:27:36 - [MESSAGE][WARNING] - [SELF-HEALING] The current locator of test object 'Object Repository/mtd_spend_monitoring/Page_/span_20' was broken. Propose an alternative one: '(.//*[normalize-space(text()) and normalize-space(.)='Logout'])[1]/following::span[3]'.

2023-12-14 09:27:36 - [MESSAGE][PASSED] - Object: 'Object Repository/mtd_spend_monitoring/Page_/span_20' is clicked on

2023-12-14 09:27:36 - [TEST_STEP][PASSED] - click(findTestObject("Object Repository/mtd_spend_monitoring/Page_/div_Items per page_mat-select-arrow-wrapper_b66081")): Object: 'Object Repository/mtd_spend_monitoring/Page_/div_Items per page_mat-select-arrow-wrapper_b66081' is clicked on

2023-12-14 09:27:37 - [MESSAGE][PASSED] - Object: 'Object Repository/mtd_spend_monitoring/Page_/div_Items per page_mat-select-arrow-wrapper_b66081' is clicked on

2023-12-14 09:27:37 - [TEST_STEP][PASSED] - click(findTestObject("Object Repository/mtd_spend_monitoring/Page_/span_10")): Object: 'Object Repository/mtd_spend_monitoring/Page_/span_10' is clicked on

2023-12-14 09:28:08 - [MESSAGE][INFO] - Unable to find the element located by 'By.xpath: //mat-option[@id='mat-option-1']/span'. Please recheck the objects properties to make sure the desired element is located. 

2023-12-14 09:28:08 - [MESSAGE][WARNING] - [SELF-HEALING] Failed to find element with id 'Object Repository/mtd_spend_monitoring/Page_/span_10'. Try using Self-healing.

2023-12-14 09:28:09 - [MESSAGE][WARNING] - [SELF-HEALING] The current locator of test object 'Object Repository/mtd_spend_monitoring/Page_/span_10' was broken. Propose an alternative one: '(.//*[normalize-space(text()) and normalize-space(.)='Logout'])[1]/following::span[2]'.

2023-12-14 09:28:09 - [MESSAGE][PASSED] - Object: 'Object Repository/mtd_spend_monitoring/Page_/span_10' is clicked on

2023-12-14 09:28:09 - [TEST_STEP][PASSED] - click(findTestObject("Object Repository/mtd_spend_monitoring/Page_/div_Items per page_mat-select-arrow ng-tns-c110-10")): Object: 'Object Repository/mtd_spend_monitoring/Page_/div_Items per page_mat-select-arrow ng-tns-c110-10' is clicked on

2023-12-14 09:28:10 - [MESSAGE][PASSED] - Object: 'Object Repository/mtd_spend_monitoring/Page_/div_Items per page_mat-select-arrow ng-tns-c110-10' is clicked on

2023-12-14 09:28:10 - [TEST_STEP][PASSED] - click(findTestObject("Object Repository/mtd_spend_monitoring/Page_/span_5")): Object: 'Object Repository/mtd_spend_monitoring/Page_/span_5' is clicked on

2023-12-14 09:28:41 - [MESSAGE][INFO] - Unable to find the element located by 'By.xpath: //mat-option[@id='mat-option-0']/span'. Please recheck the objects properties to make sure the desired element is located. 

2023-12-14 09:28:41 - [MESSAGE][WARNING] - [SELF-HEALING] Failed to find element with id 'Object Repository/mtd_spend_monitoring/Page_/span_5'. Try using Self-healing.

2023-12-14 09:28:41 - [MESSAGE][WARNING] - [SELF-HEALING] The current locator of test object 'Object Repository/mtd_spend_monitoring/Page_/span_5' was broken. Propose an alternative one: '(.//*[normalize-space(text()) and normalize-space(.)='Logout'])[1]/following::span[1]'.

2023-12-14 09:28:41 - [MESSAGE][PASSED] - Object: 'Object Repository/mtd_spend_monitoring/Page_/span_5' is clicked on

2023-12-14 09:28:41 - [TEST_STEP][PASSED] - closeBrowser(): Browser is closed

2023-12-14 09:28:42 - [MESSAGE][PASSED] - Browser is closed]]></system-out>
         <system-err><![CDATA[]]></system-err>
      </testcase>
      <testcase name="Test Cases/Performance_Report/test_daily_buyer_cac_report" time="34.098" classname="Test Cases/Performance_Report/test_daily_buyer_cac_report" status="PASSED">
         <system-out><![CDATA[2023-12-14 09:28:42 - [TEST_CASE][PASSED] - Test Cases/Performance_Report/test_daily_buyer_cac_report: Test Cases/Performance_Report/test_daily_buyer_cac_report

2023-12-14 09:28:43 - [TEST_STEP][PASSED] - callTestCase(findTestCase("Reusable_Functions/Login"), [:], CONTINUE_ON_FAILURE): Call Test Case 'Test Cases/Reusable_Functions/Login' successfully

2023-12-14 09:28:43 - [TEST_CASE][PASSED] - Test Cases/Reusable_Functions/Login: Test Cases/Reusable_Functions/Login

2023-12-14 09:28:43 - [TEST_STEP][PASSED] - openBrowser(""): Browser is opened with url: ''

2023-12-14 09:28:43 - [MESSAGE][INFO] - Starting 'Chrome' driver

2023-12-14 09:28:43 - [MESSAGE][INFO] - Action delay is set to 0 milliseconds

2023-12-14 09:28:44 - [MESSAGE][PASSED] - Browser is opened with url: ''

2023-12-14 09:28:44 - [TEST_STEP][PASSED] - maximizeWindow(): Current window maximized

2023-12-14 09:28:44 - [MESSAGE][PASSED] - Current window maximized

2023-12-14 09:28:44 - [TEST_STEP][PASSED] - navigateToUrl("https://dev-dash.admetrics.ai/"): Navigate to 'https://dev-dash.admetrics.ai/' successfully

2023-12-14 09:28:45 - [MESSAGE][PASSED] - Navigate to 'https://dev-dash.admetrics.ai/' successfully

2023-12-14 09:28:45 - [TEST_STEP][PASSED] - setText(findTestObject("Object Repository/Page_Project_Title/input_User ID_username"), "admin"): Text 'admin' is set on object 'Object Repository/Page_Project_Title/input_User ID_username'

2023-12-14 09:28:47 - [MESSAGE][PASSED] - Text 'admin' is set on object 'Object Repository/Page_Project_Title/input_User ID_username'

2023-12-14 09:28:47 - [TEST_STEP][PASSED] - setEncryptedText(findTestObject("Object Repository/Page_Project_Title/input_Password_password"), "7Dxoto1EjKfQbGop/Ov+1g=="): Text ****** has been set on object 'Object Repository/Page_Project_Title/input_Password_password'

2023-12-14 09:28:48 - [MESSAGE][PASSED] - Text ****** has been set on object 'Object Repository/Page_Project_Title/input_Password_password'

2023-12-14 09:28:48 - [TEST_STEP][PASSED] - click(findTestObject("Object Repository/Page_Project_Title/button_Login")): Object: 'Object Repository/Page_Project_Title/button_Login' is clicked on

2023-12-14 09:28:48 - [MESSAGE][PASSED] - Object: 'Object Repository/Page_Project_Title/button_Login' is clicked on

2023-12-14 09:28:48 - [MESSAGE][PASSED] - Call Test Case 'Test Cases/Reusable_Functions/Login' successfully

2023-12-14 09:28:48 - [TEST_STEP][PASSED] - click(findTestObject("Object Repository/Page_Daily_Buyer_CAC_Report/Page_/button_Access dashboard")): Object: 'Object Repository/Page_Daily_Buyer_CAC_Report/Page_/button_Access dashboard' is clicked on

2023-12-14 09:28:51 - [MESSAGE][PASSED] - Object: 'Object Repository/Page_Daily_Buyer_CAC_Report/Page_/button_Access dashboard' is clicked on

2023-12-14 09:28:51 - [TEST_STEP][PASSED] - verifyElementClickable(findTestObject("Object Repository/Page_Daily_Buyer_CAC_Report/Page_/div_Daily Buyer CAC Report")): Object 'Object Repository/Page_Daily_Buyer_CAC_Report/Page_/div_Daily Buyer CAC Report' is clickable

2023-12-14 09:28:53 - [MESSAGE][PASSED] - Object 'Object Repository/Page_Daily_Buyer_CAC_Report/Page_/div_Daily Buyer CAC Report' is clickable

2023-12-14 09:28:53 - [TEST_STEP][PASSED] - click(findTestObject("Object Repository/Page_Daily_Buyer_CAC_Report/Page_/div_Daily Buyer CAC Report")): Object: 'Object Repository/Page_Daily_Buyer_CAC_Report/Page_/div_Daily Buyer CAC Report' is clicked on

2023-12-14 09:28:54 - [MESSAGE][PASSED] - Object: 'Object Repository/Page_Daily_Buyer_CAC_Report/Page_/div_Daily Buyer CAC Report' is clicked on

2023-12-14 09:28:54 - [TEST_STEP][PASSED] - verifyElementClickable(findTestObject("Object Repository/Page_Daily_Buyer_CAC_Report/Page_/svg_Enter a date range_mat-datepicker-toggl_ef015c")): Object 'Object Repository/Page_Daily_Buyer_CAC_Report/Page_/svg_Enter a date range_mat-datepicker-toggl_ef015c' is clickable

2023-12-14 09:28:55 - [MESSAGE][PASSED] - Object 'Object Repository/Page_Daily_Buyer_CAC_Report/Page_/svg_Enter a date range_mat-datepicker-toggl_ef015c' is clickable

2023-12-14 09:28:55 - [TEST_STEP][PASSED] - verifyElementClickable(findTestObject("Object Repository/Page_Daily_Buyer_CAC_Report/Page_/mat-icon_clear")): Object 'Object Repository/Page_Daily_Buyer_CAC_Report/Page_/mat-icon_clear' is clickable

2023-12-14 09:28:56 - [MESSAGE][PASSED] - Object 'Object Repository/Page_Daily_Buyer_CAC_Report/Page_/mat-icon_clear' is clickable

2023-12-14 09:28:56 - [TEST_STEP][PASSED] - click(findTestObject("Object Repository/Page_Daily_Buyer_CAC_Report/Page_/svg_Enter a date range_mat-datepicker-toggl_ef015c")): Object: 'Object Repository/Page_Daily_Buyer_CAC_Report/Page_/svg_Enter a date range_mat-datepicker-toggl_ef015c' is clicked on

2023-12-14 09:28:56 - [MESSAGE][PASSED] - Object: 'Object Repository/Page_Daily_Buyer_CAC_Report/Page_/svg_Enter a date range_mat-datepicker-toggl_ef015c' is clicked on

2023-12-14 09:28:56 - [TEST_STEP][PASSED] - verifyElementClickable(findTestObject("Object Repository/Page_Daily_Buyer_CAC_Report/Page_/button_DEC 2023_mat-focus-indicator mat-cal_bd9491")): Object 'Object Repository/Page_Daily_Buyer_CAC_Report/Page_/button_DEC 2023_mat-focus-indicator mat-cal_bd9491' is clickable

2023-12-14 09:28:57 - [MESSAGE][PASSED] - Object 'Object Repository/Page_Daily_Buyer_CAC_Report/Page_/button_DEC 2023_mat-focus-indicator mat-cal_bd9491' is clickable

2023-12-14 09:28:57 - [TEST_STEP][PASSED] - verifyElementClickable(findTestObject("Object Repository/Page_Daily_Buyer_CAC_Report/Page_/button_DEC 2023_mat-focus-indicator mat-cal_bd9491")): Object 'Object Repository/Page_Daily_Buyer_CAC_Report/Page_/button_DEC 2023_mat-focus-indicator mat-cal_bd9491' is clickable

2023-12-14 09:28:58 - [MESSAGE][PASSED] - Object 'Object Repository/Page_Daily_Buyer_CAC_Report/Page_/button_DEC 2023_mat-focus-indicator mat-cal_bd9491' is clickable

2023-12-14 09:28:58 - [TEST_STEP][PASSED] - click(findTestObject("Object Repository/Page_Daily_Buyer_CAC_Report/Page_/button_DEC 2023_mat-focus-indicator mat-cal_bd9491")): Object: 'Object Repository/Page_Daily_Buyer_CAC_Report/Page_/button_DEC 2023_mat-focus-indicator mat-cal_bd9491' is clicked on

2023-12-14 09:28:59 - [MESSAGE][PASSED] - Object: 'Object Repository/Page_Daily_Buyer_CAC_Report/Page_/button_DEC 2023_mat-focus-indicator mat-cal_bd9491' is clicked on

2023-12-14 09:28:59 - [TEST_STEP][PASSED] - click(findTestObject("Object Repository/Page_Daily_Buyer_CAC_Report/Page_/div_1")): Object: 'Object Repository/Page_Daily_Buyer_CAC_Report/Page_/div_1' is clicked on

2023-12-14 09:29:00 - [MESSAGE][PASSED] - Object: 'Object Repository/Page_Daily_Buyer_CAC_Report/Page_/div_1' is clicked on

2023-12-14 09:29:00 - [TEST_STEP][PASSED] - click(findTestObject("Object Repository/Page_Daily_Buyer_CAC_Report/Page_/div_30")): Object: 'Object Repository/Page_Daily_Buyer_CAC_Report/Page_/div_30' is clicked on

2023-12-14 09:29:00 - [MESSAGE][PASSED] - Object: 'Object Repository/Page_Daily_Buyer_CAC_Report/Page_/div_30' is clicked on

2023-12-14 09:29:00 - [TEST_STEP][PASSED] - verifyElementText(findTestObject("Object Repository/Page_Daily_Buyer_CAC_Report/Page_/h2_Buyer CAC"), "Buyer CAC"): Actual text and expected text of test object 'Object Repository/Page_Daily_Buyer_CAC_Report/Page_/h2_Buyer CAC' are matched.

2023-12-14 09:29:02 - [MESSAGE][PASSED] - Actual text and expected text of test object 'Object Repository/Page_Daily_Buyer_CAC_Report/Page_/h2_Buyer CAC' are matched.

2023-12-14 09:29:02 - [TEST_STEP][PASSED] - verifyElementText(findTestObject("Object Repository/Page_Daily_Buyer_CAC_Report/Page_/div_Date"), "Date"): Actual text and expected text of test object 'Object Repository/Page_Daily_Buyer_CAC_Report/Page_/div_Date' are matched.

2023-12-14 09:29:03 - [MESSAGE][PASSED] - Actual text and expected text of test object 'Object Repository/Page_Daily_Buyer_CAC_Report/Page_/div_Date' are matched.

2023-12-14 09:29:03 - [TEST_STEP][PASSED] - verifyElementClickable(findTestObject("Object Repository/Page_Daily_Buyer_CAC_Report/Page_/div_Date_mat-sort-header-arrow ng-trigger n_c000d3")): Object 'Object Repository/Page_Daily_Buyer_CAC_Report/Page_/div_Date_mat-sort-header-arrow ng-trigger n_c000d3' is clickable

2023-12-14 09:29:03 - [MESSAGE][PASSED] - Object 'Object Repository/Page_Daily_Buyer_CAC_Report/Page_/div_Date_mat-sort-header-arrow ng-trigger n_c000d3' is clickable

2023-12-14 09:29:03 - [TEST_STEP][PASSED] - click(findTestObject("Object Repository/Page_Daily_Buyer_CAC_Report/Page_/div_Date_mat-sort-header-arrow ng-trigger n_a75bf5")): Object: 'Object Repository/Page_Daily_Buyer_CAC_Report/Page_/div_Date_mat-sort-header-arrow ng-trigger n_a75bf5' is clicked on

2023-12-14 09:29:03 - [MESSAGE][PASSED] - Object: 'Object Repository/Page_Daily_Buyer_CAC_Report/Page_/div_Date_mat-sort-header-arrow ng-trigger n_a75bf5' is clicked on

2023-12-14 09:29:03 - [TEST_STEP][PASSED] - verifyElementText(findTestObject("Object Repository/Page_Daily_Buyer_CAC_Report/Page_/div_Campaign Spend"), "Campaign Spend"): Actual text and expected text of test object 'Object Repository/Page_Daily_Buyer_CAC_Report/Page_/div_Campaign Spend' are matched.

2023-12-14 09:29:04 - [MESSAGE][PASSED] - Actual text and expected text of test object 'Object Repository/Page_Daily_Buyer_CAC_Report/Page_/div_Campaign Spend' are matched.

2023-12-14 09:29:04 - [TEST_STEP][PASSED] - verifyElementClickable(findTestObject("Object Repository/Page_Daily_Buyer_CAC_Report/Page_/div_Campaign Spend_mat-sort-header-stem ng-_7ba624_1")): Object 'Object Repository/Page_Daily_Buyer_CAC_Report/Page_/div_Campaign Spend_mat-sort-header-stem ng-_7ba624_1' is clickable

2023-12-14 09:29:04 - [MESSAGE][PASSED] - Object 'Object Repository/Page_Daily_Buyer_CAC_Report/Page_/div_Campaign Spend_mat-sort-header-stem ng-_7ba624_1' is clickable

2023-12-14 09:29:04 - [TEST_STEP][PASSED] - click(findTestObject("Object Repository/Page_Daily_Buyer_CAC_Report/Page_/div_Campaign Spend_mat-sort-header-arrow ng_245f3a")): Object: 'Object Repository/Page_Daily_Buyer_CAC_Report/Page_/div_Campaign Spend_mat-sort-header-arrow ng_245f3a' is clicked on

2023-12-14 09:29:05 - [MESSAGE][PASSED] - Object: 'Object Repository/Page_Daily_Buyer_CAC_Report/Page_/div_Campaign Spend_mat-sort-header-arrow ng_245f3a' is clicked on

2023-12-14 09:29:05 - [TEST_STEP][PASSED] - verifyElementText(findTestObject("Object Repository/Page_Daily_Buyer_CAC_Report/Page_/div_Approved Projects"), "Approved Projects"): Actual text and expected text of test object 'Object Repository/Page_Daily_Buyer_CAC_Report/Page_/div_Approved Projects' are matched.

2023-12-14 09:29:05 - [MESSAGE][PASSED] - Actual text and expected text of test object 'Object Repository/Page_Daily_Buyer_CAC_Report/Page_/div_Approved Projects' are matched.

2023-12-14 09:29:05 - [TEST_STEP][PASSED] - verifyElementClickable(findTestObject("Object Repository/Page_Daily_Buyer_CAC_Report/Page_/div_Approved Projects_mat-sort-header-arrow_a29898")): Object 'Object Repository/Page_Daily_Buyer_CAC_Report/Page_/div_Approved Projects_mat-sort-header-arrow_a29898' is clickable

2023-12-14 09:29:06 - [MESSAGE][PASSED] - Object 'Object Repository/Page_Daily_Buyer_CAC_Report/Page_/div_Approved Projects_mat-sort-header-arrow_a29898' is clickable

2023-12-14 09:29:06 - [TEST_STEP][PASSED] - click(findTestObject("Object Repository/Page_Daily_Buyer_CAC_Report/Page_/div_Approved Projects_mat-sort-header-arrow_811cc7")): Object: 'Object Repository/Page_Daily_Buyer_CAC_Report/Page_/div_Approved Projects_mat-sort-header-arrow_811cc7' is clicked on

2023-12-14 09:29:06 - [MESSAGE][PASSED] - Object: 'Object Repository/Page_Daily_Buyer_CAC_Report/Page_/div_Approved Projects_mat-sort-header-arrow_811cc7' is clicked on

2023-12-14 09:29:06 - [TEST_STEP][PASSED] - verifyElementText(findTestObject("Object Repository/Page_Daily_Buyer_CAC_Report/Page_/div_Buyer CAC"), "Buyer CAC"): Actual text and expected text of test object 'Object Repository/Page_Daily_Buyer_CAC_Report/Page_/div_Buyer CAC' are matched.

2023-12-14 09:29:07 - [MESSAGE][PASSED] - Actual text and expected text of test object 'Object Repository/Page_Daily_Buyer_CAC_Report/Page_/div_Buyer CAC' are matched.

2023-12-14 09:29:07 - [TEST_STEP][PASSED] - verifyElementClickable(findTestObject("Object Repository/Page_Daily_Buyer_CAC_Report/Page_/div_Buyer CAC_mat-sort-header-stem ng-tns-c99-17")): Object 'Object Repository/Page_Daily_Buyer_CAC_Report/Page_/div_Buyer CAC_mat-sort-header-stem ng-tns-c99-17' is clickable

2023-12-14 09:29:07 - [MESSAGE][PASSED] - Object 'Object Repository/Page_Daily_Buyer_CAC_Report/Page_/div_Buyer CAC_mat-sort-header-stem ng-tns-c99-17' is clickable

2023-12-14 09:29:07 - [TEST_STEP][PASSED] - click(findTestObject("Object Repository/Page_Daily_Buyer_CAC_Report/Page_/div_Buyer CAC_mat-sort-header-arrow ng-trig_d49ddb")): Object: 'Object Repository/Page_Daily_Buyer_CAC_Report/Page_/div_Buyer CAC_mat-sort-header-arrow ng-trig_d49ddb' is clicked on

2023-12-14 09:29:08 - [MESSAGE][PASSED] - Object: 'Object Repository/Page_Daily_Buyer_CAC_Report/Page_/div_Buyer CAC_mat-sort-header-arrow ng-trig_d49ddb' is clicked on

2023-12-14 09:29:08 - [TEST_STEP][PASSED] - verifyElementText(findTestObject("Object Repository/Page_Daily_Buyer_CAC_Report/Page_/div_Items per page"), "Items per page:"): Actual text and expected text of test object 'Object Repository/Page_Daily_Buyer_CAC_Report/Page_/div_Items per page' are matched.

2023-12-14 09:29:08 - [MESSAGE][PASSED] - Actual text and expected text of test object 'Object Repository/Page_Daily_Buyer_CAC_Report/Page_/div_Items per page' are matched.

2023-12-14 09:29:08 - [TEST_STEP][PASSED] - verifyElementClickable(findTestObject("Object Repository/Page_Daily_Buyer_CAC_Report/Page_/div_Items per page_mat-select-arrow-wrapper_ea04dd")): Object 'Object Repository/Page_Daily_Buyer_CAC_Report/Page_/div_Items per page_mat-select-arrow-wrapper_ea04dd' is clickable

2023-12-14 09:29:08 - [MESSAGE][PASSED] - Object 'Object Repository/Page_Daily_Buyer_CAC_Report/Page_/div_Items per page_mat-select-arrow-wrapper_ea04dd' is clickable

2023-12-14 09:29:08 - [TEST_STEP][PASSED] - verifyElementClickable(findTestObject("Object Repository/Page_Daily_Buyer_CAC_Report/Page_/svg_Items per page_mat-paginator-icon")): Object 'Object Repository/Page_Daily_Buyer_CAC_Report/Page_/svg_Items per page_mat-paginator-icon' is clickable

2023-12-14 09:29:09 - [MESSAGE][PASSED] - Object 'Object Repository/Page_Daily_Buyer_CAC_Report/Page_/svg_Items per page_mat-paginator-icon' is clickable

2023-12-14 09:29:09 - [TEST_STEP][PASSED] - verifyElementClickable(findTestObject("Object Repository/Page_Daily_Buyer_CAC_Report/Page_/svg_Items per page_mat-paginator-icon_1")): Object 'Object Repository/Page_Daily_Buyer_CAC_Report/Page_/svg_Items per page_mat-paginator-icon_1' is clickable

2023-12-14 09:29:09 - [MESSAGE][PASSED] - Object 'Object Repository/Page_Daily_Buyer_CAC_Report/Page_/svg_Items per page_mat-paginator-icon_1' is clickable

2023-12-14 09:29:09 - [TEST_STEP][PASSED] - click(findTestObject("Object Repository/Page_Daily_Buyer_CAC_Report/Page_/svg_Items per page_mat-paginator-icon_1")): Object: 'Object Repository/Page_Daily_Buyer_CAC_Report/Page_/svg_Items per page_mat-paginator-icon_1' is clicked on

2023-12-14 09:29:10 - [MESSAGE][PASSED] - Object: 'Object Repository/Page_Daily_Buyer_CAC_Report/Page_/svg_Items per page_mat-paginator-icon_1' is clicked on

2023-12-14 09:29:10 - [TEST_STEP][PASSED] - click(findTestObject("Object Repository/Page_Daily_Buyer_CAC_Report/Page_/div_Items per page_mat-select-arrow ng-tns-c110-13")): Object: 'Object Repository/Page_Daily_Buyer_CAC_Report/Page_/div_Items per page_mat-select-arrow ng-tns-c110-13' is clicked on

2023-12-14 09:29:11 - [MESSAGE][PASSED] - Object: 'Object Repository/Page_Daily_Buyer_CAC_Report/Page_/div_Items per page_mat-select-arrow ng-tns-c110-13' is clicked on

2023-12-14 09:29:11 - [TEST_STEP][PASSED] - click(findTestObject("Object Repository/Page_Daily_Buyer_CAC_Report/Page_/span_10")): Object: 'Object Repository/Page_Daily_Buyer_CAC_Report/Page_/span_10' is clicked on

2023-12-14 09:29:11 - [MESSAGE][PASSED] - Object: 'Object Repository/Page_Daily_Buyer_CAC_Report/Page_/span_10' is clicked on

2023-12-14 09:29:11 - [TEST_STEP][PASSED] - click(findTestObject("Object Repository/Page_Daily_Buyer_CAC_Report/Page_/div_Items per page_mat-select-arrow ng-tns-c110-13")): Object: 'Object Repository/Page_Daily_Buyer_CAC_Report/Page_/div_Items per page_mat-select-arrow ng-tns-c110-13' is clicked on

2023-12-14 09:29:12 - [MESSAGE][PASSED] - Object: 'Object Repository/Page_Daily_Buyer_CAC_Report/Page_/div_Items per page_mat-select-arrow ng-tns-c110-13' is clicked on

2023-12-14 09:29:12 - [TEST_STEP][PASSED] - click(findTestObject("Object Repository/Page_Daily_Buyer_CAC_Report/Page_/span_20")): Object: 'Object Repository/Page_Daily_Buyer_CAC_Report/Page_/span_20' is clicked on

2023-12-14 09:29:13 - [MESSAGE][PASSED] - Object: 'Object Repository/Page_Daily_Buyer_CAC_Report/Page_/span_20' is clicked on

2023-12-14 09:29:13 - [TEST_STEP][PASSED] - click(findTestObject("Object Repository/Page_Daily_Buyer_CAC_Report/Page_/div_Items per page_mat-select-arrow-wrapper_ea04dd")): Object: 'Object Repository/Page_Daily_Buyer_CAC_Report/Page_/div_Items per page_mat-select-arrow-wrapper_ea04dd' is clicked on

2023-12-14 09:29:13 - [MESSAGE][PASSED] - Object: 'Object Repository/Page_Daily_Buyer_CAC_Report/Page_/div_Items per page_mat-select-arrow-wrapper_ea04dd' is clicked on

2023-12-14 09:29:13 - [TEST_STEP][PASSED] - click(findTestObject("Object Repository/Page_Daily_Buyer_CAC_Report/Page_/span_30")): Object: 'Object Repository/Page_Daily_Buyer_CAC_Report/Page_/span_30' is clicked on

2023-12-14 09:29:14 - [MESSAGE][PASSED] - Object: 'Object Repository/Page_Daily_Buyer_CAC_Report/Page_/span_30' is clicked on

2023-12-14 09:29:14 - [TEST_STEP][PASSED] - click(findTestObject("Object Repository/Page_Daily_Buyer_CAC_Report/Page_/div_Items per page_mat-select-arrow-wrapper_ea04dd")): Object: 'Object Repository/Page_Daily_Buyer_CAC_Report/Page_/div_Items per page_mat-select-arrow-wrapper_ea04dd' is clicked on

2023-12-14 09:29:15 - [MESSAGE][PASSED] - Object: 'Object Repository/Page_Daily_Buyer_CAC_Report/Page_/div_Items per page_mat-select-arrow-wrapper_ea04dd' is clicked on

2023-12-14 09:29:15 - [TEST_STEP][PASSED] - click(findTestObject("Object Repository/Page_Daily_Buyer_CAC_Report/Page_/span_5")): Object: 'Object Repository/Page_Daily_Buyer_CAC_Report/Page_/span_5' is clicked on

2023-12-14 09:29:15 - [MESSAGE][PASSED] - Object: 'Object Repository/Page_Daily_Buyer_CAC_Report/Page_/span_5' is clicked on

2023-12-14 09:29:15 - [TEST_STEP][PASSED] - closeBrowser(): Browser is closed

2023-12-14 09:29:16 - [MESSAGE][PASSED] - Browser is closed]]></system-out>
         <system-err><![CDATA[]]></system-err>
      </testcase>
      <testcase name="Test Cases/Performance_Report/test_weekly_buyer_cac_report" time="31.407" classname="Test Cases/Performance_Report/test_weekly_buyer_cac_report" status="PASSED">
         <system-out><![CDATA[2023-12-14 09:29:16 - [TEST_CASE][PASSED] - Test Cases/Performance_Report/test_weekly_buyer_cac_report: Test Cases/Performance_Report/test_weekly_buyer_cac_report

2023-12-14 09:29:17 - [TEST_STEP][PASSED] - callTestCase(findTestCase("Reusable_Functions/Login"), [:], CONTINUE_ON_FAILURE): Call Test Case 'Test Cases/Reusable_Functions/Login' successfully

2023-12-14 09:29:17 - [TEST_CASE][PASSED] - Test Cases/Reusable_Functions/Login: Test Cases/Reusable_Functions/Login

2023-12-14 09:29:17 - [TEST_STEP][PASSED] - openBrowser(""): Browser is opened with url: ''

2023-12-14 09:29:17 - [MESSAGE][INFO] - Starting 'Chrome' driver

2023-12-14 09:29:17 - [MESSAGE][INFO] - Action delay is set to 0 milliseconds

2023-12-14 09:29:18 - [MESSAGE][PASSED] - Browser is opened with url: ''

2023-12-14 09:29:18 - [TEST_STEP][PASSED] - maximizeWindow(): Current window maximized

2023-12-14 09:29:18 - [MESSAGE][PASSED] - Current window maximized

2023-12-14 09:29:18 - [TEST_STEP][PASSED] - navigateToUrl("https://dev-dash.admetrics.ai/"): Navigate to 'https://dev-dash.admetrics.ai/' successfully

2023-12-14 09:29:19 - [MESSAGE][PASSED] - Navigate to 'https://dev-dash.admetrics.ai/' successfully

2023-12-14 09:29:19 - [TEST_STEP][PASSED] - setText(findTestObject("Object Repository/Page_Project_Title/input_User ID_username"), "admin"): Text 'admin' is set on object 'Object Repository/Page_Project_Title/input_User ID_username'

2023-12-14 09:29:22 - [MESSAGE][PASSED] - Text 'admin' is set on object 'Object Repository/Page_Project_Title/input_User ID_username'

2023-12-14 09:29:22 - [TEST_STEP][PASSED] - setEncryptedText(findTestObject("Object Repository/Page_Project_Title/input_Password_password"), "7Dxoto1EjKfQbGop/Ov+1g=="): Text ****** has been set on object 'Object Repository/Page_Project_Title/input_Password_password'

2023-12-14 09:29:22 - [MESSAGE][PASSED] - Text ****** has been set on object 'Object Repository/Page_Project_Title/input_Password_password'

2023-12-14 09:29:22 - [TEST_STEP][PASSED] - click(findTestObject("Object Repository/Page_Project_Title/button_Login")): Object: 'Object Repository/Page_Project_Title/button_Login' is clicked on

2023-12-14 09:29:23 - [MESSAGE][PASSED] - Object: 'Object Repository/Page_Project_Title/button_Login' is clicked on

2023-12-14 09:29:23 - [MESSAGE][PASSED] - Call Test Case 'Test Cases/Reusable_Functions/Login' successfully

2023-12-14 09:29:23 - [TEST_STEP][PASSED] - click(findTestObject("Object Repository/Page_Weekly_Buyer_CAC_Report/Page_/button_Access dashboard")): Object: 'Object Repository/Page_Weekly_Buyer_CAC_Report/Page_/button_Access dashboard' is clicked on

2023-12-14 09:29:25 - [MESSAGE][PASSED] - Object: 'Object Repository/Page_Weekly_Buyer_CAC_Report/Page_/button_Access dashboard' is clicked on

2023-12-14 09:29:25 - [TEST_STEP][PASSED] - verifyElementClickable(findTestObject("Object Repository/Page_Weekly_Buyer_CAC_Report/Page_/div_Weekly Buyer CAC Report")): Object 'Object Repository/Page_Weekly_Buyer_CAC_Report/Page_/div_Weekly Buyer CAC Report' is clickable

2023-12-14 09:29:27 - [MESSAGE][PASSED] - Object 'Object Repository/Page_Weekly_Buyer_CAC_Report/Page_/div_Weekly Buyer CAC Report' is clickable

2023-12-14 09:29:27 - [TEST_STEP][PASSED] - click(findTestObject("Object Repository/Page_Weekly_Buyer_CAC_Report/Page_/div_Weekly Buyer CAC Report")): Object: 'Object Repository/Page_Weekly_Buyer_CAC_Report/Page_/div_Weekly Buyer CAC Report' is clicked on

2023-12-14 09:29:27 - [MESSAGE][PASSED] - Object: 'Object Repository/Page_Weekly_Buyer_CAC_Report/Page_/div_Weekly Buyer CAC Report' is clicked on

2023-12-14 09:29:27 - [TEST_STEP][PASSED] - verifyElementClickable(findTestObject("Object Repository/Page_Weekly_Buyer_CAC_Report/Page_/svg_Enter a date range_mat-datepicker-toggl_ef015c")): Object 'Object Repository/Page_Weekly_Buyer_CAC_Report/Page_/svg_Enter a date range_mat-datepicker-toggl_ef015c' is clickable

2023-12-14 09:29:28 - [MESSAGE][PASSED] - Object 'Object Repository/Page_Weekly_Buyer_CAC_Report/Page_/svg_Enter a date range_mat-datepicker-toggl_ef015c' is clickable

2023-12-14 09:29:28 - [TEST_STEP][PASSED] - verifyElementClickable(findTestObject("Object Repository/Page_Weekly_Buyer_CAC_Report/Page_/mat-icon_clear")): Object 'Object Repository/Page_Weekly_Buyer_CAC_Report/Page_/mat-icon_clear' is clickable

2023-12-14 09:29:29 - [MESSAGE][PASSED] - Object 'Object Repository/Page_Weekly_Buyer_CAC_Report/Page_/mat-icon_clear' is clickable

2023-12-14 09:29:29 - [TEST_STEP][PASSED] - click(findTestObject("Object Repository/Page_Weekly_Buyer_CAC_Report/Page_/svg_Enter a date range_mat-datepicker-toggl_ef015c")): Object: 'Object Repository/Page_Weekly_Buyer_CAC_Report/Page_/svg_Enter a date range_mat-datepicker-toggl_ef015c' is clicked on

2023-12-14 09:29:29 - [MESSAGE][PASSED] - Object: 'Object Repository/Page_Weekly_Buyer_CAC_Report/Page_/svg_Enter a date range_mat-datepicker-toggl_ef015c' is clicked on

2023-12-14 09:29:29 - [TEST_STEP][PASSED] - verifyElementClickable(findTestObject("Object Repository/Page_Weekly_Buyer_CAC_Report/Page_/button_NOV 2023_mat-focus-indicator mat-cal_145c8e")): Object 'Object Repository/Page_Weekly_Buyer_CAC_Report/Page_/button_NOV 2023_mat-focus-indicator mat-cal_145c8e' is clickable

2023-12-14 09:29:30 - [MESSAGE][PASSED] - Object 'Object Repository/Page_Weekly_Buyer_CAC_Report/Page_/button_NOV 2023_mat-focus-indicator mat-cal_145c8e' is clickable

2023-12-14 09:29:30 - [TEST_STEP][PASSED] - verifyElementClickable(findTestObject("Object Repository/Page_Weekly_Buyer_CAC_Report/Page_/button_NOV 2023_mat-focus-indicator mat-cal_145c8e")): Object 'Object Repository/Page_Weekly_Buyer_CAC_Report/Page_/button_NOV 2023_mat-focus-indicator mat-cal_145c8e' is clickable

2023-12-14 09:29:31 - [MESSAGE][PASSED] - Object 'Object Repository/Page_Weekly_Buyer_CAC_Report/Page_/button_NOV 2023_mat-focus-indicator mat-cal_145c8e' is clickable

2023-12-14 09:29:31 - [TEST_STEP][PASSED] - click(findTestObject("Object Repository/Page_Weekly_Buyer_CAC_Report/Page_/button_NOV 2023_mat-focus-indicator mat-cal_145c8e")): Object: 'Object Repository/Page_Weekly_Buyer_CAC_Report/Page_/button_NOV 2023_mat-focus-indicator mat-cal_145c8e' is clicked on

2023-12-14 09:29:31 - [MESSAGE][PASSED] - Object: 'Object Repository/Page_Weekly_Buyer_CAC_Report/Page_/button_NOV 2023_mat-focus-indicator mat-cal_145c8e' is clicked on

2023-12-14 09:29:31 - [TEST_STEP][PASSED] - click(findTestObject("Object Repository/Page_Weekly_Buyer_CAC_Report/Page_/button_NOV 2023_mat-focus-indicator mat-cal_145c8e")): Object: 'Object Repository/Page_Weekly_Buyer_CAC_Report/Page_/button_NOV 2023_mat-focus-indicator mat-cal_145c8e' is clicked on

2023-12-14 09:29:32 - [MESSAGE][PASSED] - Object: 'Object Repository/Page_Weekly_Buyer_CAC_Report/Page_/button_NOV 2023_mat-focus-indicator mat-cal_145c8e' is clicked on

2023-12-14 09:29:32 - [TEST_STEP][PASSED] - click(findTestObject("Object Repository/Page_Weekly_Buyer_CAC_Report/Page_/div_1")): Object: 'Object Repository/Page_Weekly_Buyer_CAC_Report/Page_/div_1' is clicked on

2023-12-14 09:29:34 - [MESSAGE][PASSED] - Object: 'Object Repository/Page_Weekly_Buyer_CAC_Report/Page_/div_1' is clicked on

2023-12-14 09:29:34 - [TEST_STEP][PASSED] - click(findTestObject("Object Repository/Page_Weekly_Buyer_CAC_Report/Page_/div_30")): Object: 'Object Repository/Page_Weekly_Buyer_CAC_Report/Page_/div_30' is clicked on

2023-12-14 09:29:34 - [MESSAGE][PASSED] - Object: 'Object Repository/Page_Weekly_Buyer_CAC_Report/Page_/div_30' is clicked on

2023-12-14 09:29:34 - [TEST_STEP][PASSED] - verifyElementText(findTestObject("Object Repository/Page_Weekly_Buyer_CAC_Report/Page_/h2_Buyer CAC"), "Buyer CAC"): Actual text and expected text of test object 'Object Repository/Page_Weekly_Buyer_CAC_Report/Page_/h2_Buyer CAC' are matched.

2023-12-14 09:29:36 - [MESSAGE][PASSED] - Actual text and expected text of test object 'Object Repository/Page_Weekly_Buyer_CAC_Report/Page_/h2_Buyer CAC' are matched.

2023-12-14 09:29:36 - [TEST_STEP][PASSED] - verifyElementText(findTestObject("Object Repository/Page_Weekly_Buyer_CAC_Report/Page_/div_Weeks"), "Weeks"): Actual text and expected text of test object 'Object Repository/Page_Weekly_Buyer_CAC_Report/Page_/div_Weeks' are matched.

2023-12-14 09:29:36 - [MESSAGE][PASSED] - Actual text and expected text of test object 'Object Repository/Page_Weekly_Buyer_CAC_Report/Page_/div_Weeks' are matched.

2023-12-14 09:29:36 - [TEST_STEP][PASSED] - verifyElementClickable(findTestObject("Object Repository/Page_Weekly_Buyer_CAC_Report/Page_/div_Weeks_mat-sort-header-arrow ng-trigger _34a4f7")): Object 'Object Repository/Page_Weekly_Buyer_CAC_Report/Page_/div_Weeks_mat-sort-header-arrow ng-trigger _34a4f7' is clickable

2023-12-14 09:29:37 - [MESSAGE][PASSED] - Object 'Object Repository/Page_Weekly_Buyer_CAC_Report/Page_/div_Weeks_mat-sort-header-arrow ng-trigger _34a4f7' is clickable

2023-12-14 09:29:37 - [TEST_STEP][PASSED] - click(findTestObject("Object Repository/Page_Weekly_Buyer_CAC_Report/Page_/div_Weeks_mat-sort-header-arrow ng-trigger _34a4f7")): Object: 'Object Repository/Page_Weekly_Buyer_CAC_Report/Page_/div_Weeks_mat-sort-header-arrow ng-trigger _34a4f7' is clicked on

2023-12-14 09:29:37 - [MESSAGE][PASSED] - Object: 'Object Repository/Page_Weekly_Buyer_CAC_Report/Page_/div_Weeks_mat-sort-header-arrow ng-trigger _34a4f7' is clicked on

2023-12-14 09:29:37 - [TEST_STEP][PASSED] - verifyElementText(findTestObject("Object Repository/Page_Weekly_Buyer_CAC_Report/Page_/div_Buyer Spend"), "Buyer Spend"): Actual text and expected text of test object 'Object Repository/Page_Weekly_Buyer_CAC_Report/Page_/div_Buyer Spend' are matched.

2023-12-14 09:29:37 - [MESSAGE][PASSED] - Actual text and expected text of test object 'Object Repository/Page_Weekly_Buyer_CAC_Report/Page_/div_Buyer Spend' are matched.

2023-12-14 09:29:37 - [TEST_STEP][PASSED] - verifyElementClickable(findTestObject("Object Repository/Page_Weekly_Buyer_CAC_Report/Page_/div_Buyer Spend_mat-sort-header-arrow ng-tr_4de16c")): Object 'Object Repository/Page_Weekly_Buyer_CAC_Report/Page_/div_Buyer Spend_mat-sort-header-arrow ng-tr_4de16c' is clickable

2023-12-14 09:29:38 - [MESSAGE][PASSED] - Object 'Object Repository/Page_Weekly_Buyer_CAC_Report/Page_/div_Buyer Spend_mat-sort-header-arrow ng-tr_4de16c' is clickable

2023-12-14 09:29:38 - [TEST_STEP][PASSED] - click(findTestObject("Object Repository/Page_Weekly_Buyer_CAC_Report/Page_/div_Buyer Spend_mat-sort-header-arrow ng-tr_4de16c")): Object: 'Object Repository/Page_Weekly_Buyer_CAC_Report/Page_/div_Buyer Spend_mat-sort-header-arrow ng-tr_4de16c' is clicked on

2023-12-14 09:29:38 - [MESSAGE][PASSED] - Object: 'Object Repository/Page_Weekly_Buyer_CAC_Report/Page_/div_Buyer Spend_mat-sort-header-arrow ng-tr_4de16c' is clicked on

2023-12-14 09:29:38 - [TEST_STEP][PASSED] - verifyElementText(findTestObject("Object Repository/Page_Weekly_Buyer_CAC_Report/Page_/div_Number of Project"), "Number of Project"): Actual text and expected text of test object 'Object Repository/Page_Weekly_Buyer_CAC_Report/Page_/div_Number of Project' are matched.

2023-12-14 09:29:38 - [MESSAGE][PASSED] - Actual text and expected text of test object 'Object Repository/Page_Weekly_Buyer_CAC_Report/Page_/div_Number of Project' are matched.

2023-12-14 09:29:38 - [TEST_STEP][PASSED] - verifyElementClickable(findTestObject("Object Repository/Page_Weekly_Buyer_CAC_Report/Page_/div_Number of Project_mat-sort-header-stem _ee8890")): Object 'Object Repository/Page_Weekly_Buyer_CAC_Report/Page_/div_Number of Project_mat-sort-header-stem _ee8890' is clickable

2023-12-14 09:29:39 - [MESSAGE][PASSED] - Object 'Object Repository/Page_Weekly_Buyer_CAC_Report/Page_/div_Number of Project_mat-sort-header-stem _ee8890' is clickable

2023-12-14 09:29:39 - [TEST_STEP][PASSED] - click(findTestObject("Object Repository/Page_Weekly_Buyer_CAC_Report/Page_/div_Number of Project_mat-sort-header-arrow_5a1703")): Object: 'Object Repository/Page_Weekly_Buyer_CAC_Report/Page_/div_Number of Project_mat-sort-header-arrow_5a1703' is clicked on

2023-12-14 09:29:39 - [MESSAGE][PASSED] - Object: 'Object Repository/Page_Weekly_Buyer_CAC_Report/Page_/div_Number of Project_mat-sort-header-arrow_5a1703' is clicked on

2023-12-14 09:29:39 - [TEST_STEP][PASSED] - verifyElementText(findTestObject("Object Repository/Page_Weekly_Buyer_CAC_Report/Page_/div_Buyer CAC"), "Buyer CAC"): Actual text and expected text of test object 'Object Repository/Page_Weekly_Buyer_CAC_Report/Page_/div_Buyer CAC' are matched.

2023-12-14 09:29:40 - [MESSAGE][PASSED] - Actual text and expected text of test object 'Object Repository/Page_Weekly_Buyer_CAC_Report/Page_/div_Buyer CAC' are matched.

2023-12-14 09:29:40 - [TEST_STEP][PASSED] - verifyElementClickable(findTestObject("Object Repository/Page_Weekly_Buyer_CAC_Report/Page_/div_Buyer CAC_mat-sort-header-arrow ng-trig_2aa099")): Object 'Object Repository/Page_Weekly_Buyer_CAC_Report/Page_/div_Buyer CAC_mat-sort-header-arrow ng-trig_2aa099' is clickable

2023-12-14 09:29:40 - [MESSAGE][PASSED] - Object 'Object Repository/Page_Weekly_Buyer_CAC_Report/Page_/div_Buyer CAC_mat-sort-header-arrow ng-trig_2aa099' is clickable

2023-12-14 09:29:40 - [TEST_STEP][PASSED] - click(findTestObject("Object Repository/Page_Weekly_Buyer_CAC_Report/Page_/div_Buyer CAC_mat-sort-header-stem ng-tns-c99-10")): Object: 'Object Repository/Page_Weekly_Buyer_CAC_Report/Page_/div_Buyer CAC_mat-sort-header-stem ng-tns-c99-10' is clicked on

2023-12-14 09:29:41 - [MESSAGE][PASSED] - Object: 'Object Repository/Page_Weekly_Buyer_CAC_Report/Page_/div_Buyer CAC_mat-sort-header-stem ng-tns-c99-10' is clicked on

2023-12-14 09:29:41 - [TEST_STEP][PASSED] - verifyElementText(findTestObject("Object Repository/Page_Weekly_Buyer_CAC_Report/Page_/div_Items per page"), "Items per page:"): Actual text and expected text of test object 'Object Repository/Page_Weekly_Buyer_CAC_Report/Page_/div_Items per page' are matched.

2023-12-14 09:29:41 - [MESSAGE][PASSED] - Actual text and expected text of test object 'Object Repository/Page_Weekly_Buyer_CAC_Report/Page_/div_Items per page' are matched.

2023-12-14 09:29:41 - [TEST_STEP][PASSED] - verifyElementClickable(findTestObject("Object Repository/Page_Weekly_Buyer_CAC_Report/Page_/div_Items per page_mat-select-arrow-wrapper_41ac4a")): Object 'Object Repository/Page_Weekly_Buyer_CAC_Report/Page_/div_Items per page_mat-select-arrow-wrapper_41ac4a' is clickable

2023-12-14 09:29:42 - [MESSAGE][PASSED] - Object 'Object Repository/Page_Weekly_Buyer_CAC_Report/Page_/div_Items per page_mat-select-arrow-wrapper_41ac4a' is clickable

2023-12-14 09:29:42 - [TEST_STEP][PASSED] - verifyElementClickable(findTestObject("Object Repository/Page_Weekly_Buyer_CAC_Report/Page_/svg_Items per page_mat-paginator-icon")): Object 'Object Repository/Page_Weekly_Buyer_CAC_Report/Page_/svg_Items per page_mat-paginator-icon' is clickable

2023-12-14 09:29:42 - [MESSAGE][PASSED] - Object 'Object Repository/Page_Weekly_Buyer_CAC_Report/Page_/svg_Items per page_mat-paginator-icon' is clickable

2023-12-14 09:29:42 - [TEST_STEP][PASSED] - verifyElementClickable(findTestObject("Object Repository/Page_Weekly_Buyer_CAC_Report/Page_/svg_Items per page_mat-paginator-icon_1")): Object 'Object Repository/Page_Weekly_Buyer_CAC_Report/Page_/svg_Items per page_mat-paginator-icon_1' is clickable

2023-12-14 09:29:43 - [MESSAGE][PASSED] - Object 'Object Repository/Page_Weekly_Buyer_CAC_Report/Page_/svg_Items per page_mat-paginator-icon_1' is clickable

2023-12-14 09:29:43 - [TEST_STEP][PASSED] - click(findTestObject("Object Repository/Page_Weekly_Buyer_CAC_Report/Page_/div_Items per page_mat-select-arrow ng-tns-c110-6")): Object: 'Object Repository/Page_Weekly_Buyer_CAC_Report/Page_/div_Items per page_mat-select-arrow ng-tns-c110-6' is clicked on

2023-12-14 09:29:43 - [MESSAGE][PASSED] - Object: 'Object Repository/Page_Weekly_Buyer_CAC_Report/Page_/div_Items per page_mat-select-arrow ng-tns-c110-6' is clicked on

2023-12-14 09:29:43 - [TEST_STEP][PASSED] - click(findTestObject("Object Repository/Page_Weekly_Buyer_CAC_Report/Page_/span_10")): Object: 'Object Repository/Page_Weekly_Buyer_CAC_Report/Page_/span_10' is clicked on

2023-12-14 09:29:44 - [MESSAGE][PASSED] - Object: 'Object Repository/Page_Weekly_Buyer_CAC_Report/Page_/span_10' is clicked on

2023-12-14 09:29:44 - [TEST_STEP][PASSED] - click(findTestObject("Object Repository/Page_Weekly_Buyer_CAC_Report/Page_/div_Items per page_mat-select-arrow ng-tns-c110-6")): Object: 'Object Repository/Page_Weekly_Buyer_CAC_Report/Page_/div_Items per page_mat-select-arrow ng-tns-c110-6' is clicked on

2023-12-14 09:29:45 - [MESSAGE][PASSED] - Object: 'Object Repository/Page_Weekly_Buyer_CAC_Report/Page_/div_Items per page_mat-select-arrow ng-tns-c110-6' is clicked on

2023-12-14 09:29:45 - [TEST_STEP][PASSED] - click(findTestObject("Object Repository/Page_Weekly_Buyer_CAC_Report/Page_/span_20")): Object: 'Object Repository/Page_Weekly_Buyer_CAC_Report/Page_/span_20' is clicked on

2023-12-14 09:29:45 - [MESSAGE][PASSED] - Object: 'Object Repository/Page_Weekly_Buyer_CAC_Report/Page_/span_20' is clicked on

2023-12-14 09:29:45 - [TEST_STEP][PASSED] - click(findTestObject("Object Repository/Page_Weekly_Buyer_CAC_Report/Page_/div_Items per page_mat-select-arrow-wrapper_41ac4a")): Object: 'Object Repository/Page_Weekly_Buyer_CAC_Report/Page_/div_Items per page_mat-select-arrow-wrapper_41ac4a' is clicked on

2023-12-14 09:29:46 - [MESSAGE][PASSED] - Object: 'Object Repository/Page_Weekly_Buyer_CAC_Report/Page_/div_Items per page_mat-select-arrow-wrapper_41ac4a' is clicked on

2023-12-14 09:29:46 - [TEST_STEP][PASSED] - click(findTestObject("Object Repository/Page_Weekly_Buyer_CAC_Report/Page_/span_30")): Object: 'Object Repository/Page_Weekly_Buyer_CAC_Report/Page_/span_30' is clicked on

2023-12-14 09:29:47 - [MESSAGE][PASSED] - Object: 'Object Repository/Page_Weekly_Buyer_CAC_Report/Page_/span_30' is clicked on

2023-12-14 09:29:47 - [TEST_STEP][PASSED] - closeBrowser(): Browser is closed

2023-12-14 09:29:48 - [MESSAGE][PASSED] - Browser is closed]]></system-out>
         <system-err><![CDATA[]]></system-err>
      </testcase>
      <testcase name="Test Cases/Performance_Report/test_weekly_seller_cac_report" time="33.575" classname="Test Cases/Performance_Report/test_weekly_seller_cac_report" status="PASSED">
         <system-out><![CDATA[2023-12-14 09:29:48 - [TEST_CASE][PASSED] - Test Cases/Performance_Report/test_weekly_seller_cac_report: Test Cases/Performance_Report/test_weekly_seller_cac_report

2023-12-14 09:29:48 - [TEST_STEP][PASSED] - callTestCase(findTestCase("Reusable_Functions/Login"), [:], CONTINUE_ON_FAILURE): Call Test Case 'Test Cases/Reusable_Functions/Login' successfully

2023-12-14 09:29:48 - [TEST_CASE][PASSED] - Test Cases/Reusable_Functions/Login: Test Cases/Reusable_Functions/Login

2023-12-14 09:29:48 - [TEST_STEP][PASSED] - openBrowser(""): Browser is opened with url: ''

2023-12-14 09:29:48 - [MESSAGE][INFO] - Starting 'Chrome' driver

2023-12-14 09:29:48 - [MESSAGE][INFO] - Action delay is set to 0 milliseconds

2023-12-14 09:29:49 - [MESSAGE][PASSED] - Browser is opened with url: ''

2023-12-14 09:29:49 - [TEST_STEP][PASSED] - maximizeWindow(): Current window maximized

2023-12-14 09:29:50 - [MESSAGE][PASSED] - Current window maximized

2023-12-14 09:29:50 - [TEST_STEP][PASSED] - navigateToUrl("https://dev-dash.admetrics.ai/"): Navigate to 'https://dev-dash.admetrics.ai/' successfully

2023-12-14 09:29:50 - [MESSAGE][PASSED] - Navigate to 'https://dev-dash.admetrics.ai/' successfully

2023-12-14 09:29:50 - [TEST_STEP][PASSED] - setText(findTestObject("Object Repository/Page_Project_Title/input_User ID_username"), "admin"): Text 'admin' is set on object 'Object Repository/Page_Project_Title/input_User ID_username'

2023-12-14 09:29:53 - [MESSAGE][PASSED] - Text 'admin' is set on object 'Object Repository/Page_Project_Title/input_User ID_username'

2023-12-14 09:29:53 - [TEST_STEP][PASSED] - setEncryptedText(findTestObject("Object Repository/Page_Project_Title/input_Password_password"), "7Dxoto1EjKfQbGop/Ov+1g=="): Text ****** has been set on object 'Object Repository/Page_Project_Title/input_Password_password'

2023-12-14 09:29:54 - [MESSAGE][PASSED] - Text ****** has been set on object 'Object Repository/Page_Project_Title/input_Password_password'

2023-12-14 09:29:54 - [TEST_STEP][PASSED] - click(findTestObject("Object Repository/Page_Project_Title/button_Login")): Object: 'Object Repository/Page_Project_Title/button_Login' is clicked on

2023-12-14 09:29:54 - [MESSAGE][PASSED] - Object: 'Object Repository/Page_Project_Title/button_Login' is clicked on

2023-12-14 09:29:54 - [MESSAGE][PASSED] - Call Test Case 'Test Cases/Reusable_Functions/Login' successfully

2023-12-14 09:29:54 - [TEST_STEP][PASSED] - click(findTestObject("Object Repository/Page_Weekly_Seller_CAC_Report/Page_/button_Access dashboard")): Object: 'Object Repository/Page_Weekly_Seller_CAC_Report/Page_/button_Access dashboard' is clicked on

2023-12-14 09:29:56 - [MESSAGE][PASSED] - Object: 'Object Repository/Page_Weekly_Seller_CAC_Report/Page_/button_Access dashboard' is clicked on

2023-12-14 09:29:56 - [TEST_STEP][PASSED] - verifyElementClickable(findTestObject("Object Repository/Page_Weekly_Seller_CAC_Report/Page_/div_Weekly Seller CAC Report")): Object 'Object Repository/Page_Weekly_Seller_CAC_Report/Page_/div_Weekly Seller CAC Report' is clickable

2023-12-14 09:29:59 - [MESSAGE][PASSED] - Object 'Object Repository/Page_Weekly_Seller_CAC_Report/Page_/div_Weekly Seller CAC Report' is clickable

2023-12-14 09:29:59 - [TEST_STEP][PASSED] - click(findTestObject("Object Repository/Page_Weekly_Seller_CAC_Report/Page_/div_Weekly Seller CAC Report")): Object: 'Object Repository/Page_Weekly_Seller_CAC_Report/Page_/div_Weekly Seller CAC Report' is clicked on

2023-12-14 09:30:00 - [MESSAGE][PASSED] - Object: 'Object Repository/Page_Weekly_Seller_CAC_Report/Page_/div_Weekly Seller CAC Report' is clicked on

2023-12-14 09:30:00 - [TEST_STEP][PASSED] - verifyElementClickable(findTestObject("Object Repository/Page_Weekly_Seller_CAC_Report/Page_/svg_Enter a date range_mat-datepicker-toggl_ef015c")): Object 'Object Repository/Page_Weekly_Seller_CAC_Report/Page_/svg_Enter a date range_mat-datepicker-toggl_ef015c' is clickable

2023-12-14 09:30:01 - [MESSAGE][PASSED] - Object 'Object Repository/Page_Weekly_Seller_CAC_Report/Page_/svg_Enter a date range_mat-datepicker-toggl_ef015c' is clickable

2023-12-14 09:30:01 - [TEST_STEP][PASSED] - verifyElementClickable(findTestObject("Object Repository/Page_Weekly_Seller_CAC_Report/Page_/mat-icon_clear")): Object 'Object Repository/Page_Weekly_Seller_CAC_Report/Page_/mat-icon_clear' is clickable

2023-12-14 09:30:02 - [MESSAGE][PASSED] - Object 'Object Repository/Page_Weekly_Seller_CAC_Report/Page_/mat-icon_clear' is clickable

2023-12-14 09:30:02 - [TEST_STEP][PASSED] - click(findTestObject("Object Repository/Page_Weekly_Seller_CAC_Report/Page_/svg_Enter a date range_mat-datepicker-toggl_ef015c")): Object: 'Object Repository/Page_Weekly_Seller_CAC_Report/Page_/svg_Enter a date range_mat-datepicker-toggl_ef015c' is clicked on

2023-12-14 09:30:02 - [MESSAGE][PASSED] - Object: 'Object Repository/Page_Weekly_Seller_CAC_Report/Page_/svg_Enter a date range_mat-datepicker-toggl_ef015c' is clicked on

2023-12-14 09:30:02 - [TEST_STEP][PASSED] - verifyElementClickable(findTestObject("Object Repository/Page_Weekly_Seller_CAC_Report/Page_/button_NOV 2023_mat-focus-indicator mat-cal_145c8e")): Object 'Object Repository/Page_Weekly_Seller_CAC_Report/Page_/button_NOV 2023_mat-focus-indicator mat-cal_145c8e' is clickable

2023-12-14 09:30:03 - [MESSAGE][PASSED] - Object 'Object Repository/Page_Weekly_Seller_CAC_Report/Page_/button_NOV 2023_mat-focus-indicator mat-cal_145c8e' is clickable

2023-12-14 09:30:03 - [TEST_STEP][PASSED] - verifyElementClickable(findTestObject("Object Repository/Page_Weekly_Seller_CAC_Report/Page_/button_NOV 2023_mat-focus-indicator mat-cal_145c8e")): Object 'Object Repository/Page_Weekly_Seller_CAC_Report/Page_/button_NOV 2023_mat-focus-indicator mat-cal_145c8e' is clickable

2023-12-14 09:30:03 - [MESSAGE][PASSED] - Object 'Object Repository/Page_Weekly_Seller_CAC_Report/Page_/button_NOV 2023_mat-focus-indicator mat-cal_145c8e' is clickable

2023-12-14 09:30:03 - [TEST_STEP][PASSED] - click(findTestObject("Object Repository/Page_Weekly_Seller_CAC_Report/Page_/button_NOV 2023_mat-focus-indicator mat-cal_145c8e")): Object: 'Object Repository/Page_Weekly_Seller_CAC_Report/Page_/button_NOV 2023_mat-focus-indicator mat-cal_145c8e' is clicked on

2023-12-14 09:30:04 - [MESSAGE][PASSED] - Object: 'Object Repository/Page_Weekly_Seller_CAC_Report/Page_/button_NOV 2023_mat-focus-indicator mat-cal_145c8e' is clicked on

2023-12-14 09:30:04 - [TEST_STEP][PASSED] - click(findTestObject("Object Repository/Page_Weekly_Seller_CAC_Report/Page_/button_NOV 2023_mat-focus-indicator mat-cal_145c8e")): Object: 'Object Repository/Page_Weekly_Seller_CAC_Report/Page_/button_NOV 2023_mat-focus-indicator mat-cal_145c8e' is clicked on

2023-12-14 09:30:05 - [MESSAGE][PASSED] - Object: 'Object Repository/Page_Weekly_Seller_CAC_Report/Page_/button_NOV 2023_mat-focus-indicator mat-cal_145c8e' is clicked on

2023-12-14 09:30:05 - [TEST_STEP][PASSED] - click(findTestObject("Object Repository/Page_Weekly_Seller_CAC_Report/Page_/button_NOV 2023_mat-focus-indicator mat-cal_145c8e")): Object: 'Object Repository/Page_Weekly_Seller_CAC_Report/Page_/button_NOV 2023_mat-focus-indicator mat-cal_145c8e' is clicked on

2023-12-14 09:30:06 - [MESSAGE][PASSED] - Object: 'Object Repository/Page_Weekly_Seller_CAC_Report/Page_/button_NOV 2023_mat-focus-indicator mat-cal_145c8e' is clicked on

2023-12-14 09:30:06 - [TEST_STEP][PASSED] - click(findTestObject("Object Repository/Page_Weekly_Seller_CAC_Report/Page_/div_1")): Object: 'Object Repository/Page_Weekly_Seller_CAC_Report/Page_/div_1' is clicked on

2023-12-14 09:30:07 - [MESSAGE][PASSED] - Object: 'Object Repository/Page_Weekly_Seller_CAC_Report/Page_/div_1' is clicked on

2023-12-14 09:30:07 - [TEST_STEP][PASSED] - click(findTestObject("Object Repository/Page_Weekly_Seller_CAC_Report/Page_/div_31")): Object: 'Object Repository/Page_Weekly_Seller_CAC_Report/Page_/div_31' is clicked on

2023-12-14 09:30:07 - [MESSAGE][PASSED] - Object: 'Object Repository/Page_Weekly_Seller_CAC_Report/Page_/div_31' is clicked on

2023-12-14 09:30:07 - [TEST_STEP][PASSED] - verifyElementText(findTestObject("Object Repository/Page_Weekly_Seller_CAC_Report/Page_/h2_Seller CAC"), "Seller CAC"): Actual text and expected text of test object 'Object Repository/Page_Weekly_Seller_CAC_Report/Page_/h2_Seller CAC' are matched.

2023-12-14 09:30:09 - [MESSAGE][PASSED] - Actual text and expected text of test object 'Object Repository/Page_Weekly_Seller_CAC_Report/Page_/h2_Seller CAC' are matched.

2023-12-14 09:30:09 - [TEST_STEP][PASSED] - verifyElementText(findTestObject("Object Repository/Page_Weekly_Seller_CAC_Report/Page_/div_Weeks"), "Weeks"): Actual text and expected text of test object 'Object Repository/Page_Weekly_Seller_CAC_Report/Page_/div_Weeks' are matched.

2023-12-14 09:30:10 - [MESSAGE][PASSED] - Actual text and expected text of test object 'Object Repository/Page_Weekly_Seller_CAC_Report/Page_/div_Weeks' are matched.

2023-12-14 09:30:10 - [TEST_STEP][PASSED] - verifyElementClickable(findTestObject("Object Repository/Page_Weekly_Seller_CAC_Report/Page_/div_Weeks_mat-sort-header-arrow ng-trigger _1dd384")): Object 'Object Repository/Page_Weekly_Seller_CAC_Report/Page_/div_Weeks_mat-sort-header-arrow ng-trigger _1dd384' is clickable

2023-12-14 09:30:10 - [MESSAGE][PASSED] - Object 'Object Repository/Page_Weekly_Seller_CAC_Report/Page_/div_Weeks_mat-sort-header-arrow ng-trigger _1dd384' is clickable

2023-12-14 09:30:10 - [TEST_STEP][PASSED] - click(findTestObject("Object Repository/Page_Weekly_Seller_CAC_Report/Page_/div_Weeks_mat-sort-header-stem ng-tns-c99-15")): Object: 'Object Repository/Page_Weekly_Seller_CAC_Report/Page_/div_Weeks_mat-sort-header-stem ng-tns-c99-15' is clicked on

2023-12-14 09:30:11 - [MESSAGE][PASSED] - Object: 'Object Repository/Page_Weekly_Seller_CAC_Report/Page_/div_Weeks_mat-sort-header-stem ng-tns-c99-15' is clicked on

2023-12-14 09:30:11 - [TEST_STEP][PASSED] - verifyElementText(findTestObject("Object Repository/Page_Weekly_Seller_CAC_Report/Page_/div_Seller Spend"), "Seller Spend"): Actual text and expected text of test object 'Object Repository/Page_Weekly_Seller_CAC_Report/Page_/div_Seller Spend' are matched.

2023-12-14 09:30:11 - [MESSAGE][PASSED] - Actual text and expected text of test object 'Object Repository/Page_Weekly_Seller_CAC_Report/Page_/div_Seller Spend' are matched.

2023-12-14 09:30:11 - [TEST_STEP][PASSED] - verifyElementClickable(findTestObject("Object Repository/Page_Weekly_Seller_CAC_Report/Page_/div_Seller Spend_mat-sort-header-arrow ng-t_ae8b9d")): Object 'Object Repository/Page_Weekly_Seller_CAC_Report/Page_/div_Seller Spend_mat-sort-header-arrow ng-t_ae8b9d' is clickable

2023-12-14 09:30:12 - [MESSAGE][PASSED] - Object 'Object Repository/Page_Weekly_Seller_CAC_Report/Page_/div_Seller Spend_mat-sort-header-arrow ng-t_ae8b9d' is clickable

2023-12-14 09:30:12 - [TEST_STEP][PASSED] - click(findTestObject("Object Repository/Page_Weekly_Seller_CAC_Report/Page_/div_Seller Spend_mat-sort-header-arrow ng-t_ae8b9d")): Object: 'Object Repository/Page_Weekly_Seller_CAC_Report/Page_/div_Seller Spend_mat-sort-header-arrow ng-t_ae8b9d' is clicked on

2023-12-14 09:30:12 - [MESSAGE][PASSED] - Object: 'Object Repository/Page_Weekly_Seller_CAC_Report/Page_/div_Seller Spend_mat-sort-header-arrow ng-t_ae8b9d' is clicked on

2023-12-14 09:30:12 - [TEST_STEP][PASSED] - verifyElementText(findTestObject("Object Repository/Page_Weekly_Seller_CAC_Report/Page_/div_Number of Applications"), "Number of Applications"): Actual text and expected text of test object 'Object Repository/Page_Weekly_Seller_CAC_Report/Page_/div_Number of Applications' are matched.

2023-12-14 09:30:13 - [MESSAGE][PASSED] - Actual text and expected text of test object 'Object Repository/Page_Weekly_Seller_CAC_Report/Page_/div_Number of Applications' are matched.

2023-12-14 09:30:13 - [TEST_STEP][PASSED] - verifyElementClickable(findTestObject("Object Repository/Page_Weekly_Seller_CAC_Report/Page_/div_Number of Applications_mat-sort-header-_6f7cb0")): Object 'Object Repository/Page_Weekly_Seller_CAC_Report/Page_/div_Number of Applications_mat-sort-header-_6f7cb0' is clickable

2023-12-14 09:30:13 - [MESSAGE][PASSED] - Object 'Object Repository/Page_Weekly_Seller_CAC_Report/Page_/div_Number of Applications_mat-sort-header-_6f7cb0' is clickable

2023-12-14 09:30:13 - [TEST_STEP][PASSED] - click(findTestObject("Object Repository/Page_Weekly_Seller_CAC_Report/Page_/div_Number of Applications_mat-sort-header-_8c7491")): Object: 'Object Repository/Page_Weekly_Seller_CAC_Report/Page_/div_Number of Applications_mat-sort-header-_8c7491' is clicked on

2023-12-14 09:30:13 - [MESSAGE][PASSED] - Object: 'Object Repository/Page_Weekly_Seller_CAC_Report/Page_/div_Number of Applications_mat-sort-header-_8c7491' is clicked on

2023-12-14 09:30:13 - [TEST_STEP][PASSED] - verifyElementText(findTestObject("Object Repository/Page_Weekly_Seller_CAC_Report/Page_/div_Seller CAC"), "Seller CAC"): Actual text and expected text of test object 'Object Repository/Page_Weekly_Seller_CAC_Report/Page_/div_Seller CAC' are matched.

2023-12-14 09:30:14 - [MESSAGE][PASSED] - Actual text and expected text of test object 'Object Repository/Page_Weekly_Seller_CAC_Report/Page_/div_Seller CAC' are matched.

2023-12-14 09:30:14 - [TEST_STEP][PASSED] - verifyElementClickable(findTestObject("Object Repository/Page_Weekly_Seller_CAC_Report/Page_/div_Seller CAC_mat-sort-header-arrow ng-tri_cebc44")): Object 'Object Repository/Page_Weekly_Seller_CAC_Report/Page_/div_Seller CAC_mat-sort-header-arrow ng-tri_cebc44' is clickable

2023-12-14 09:30:14 - [MESSAGE][PASSED] - Object 'Object Repository/Page_Weekly_Seller_CAC_Report/Page_/div_Seller CAC_mat-sort-header-arrow ng-tri_cebc44' is clickable

2023-12-14 09:30:14 - [TEST_STEP][PASSED] - click(findTestObject("Object Repository/Page_Weekly_Seller_CAC_Report/Page_/div_Seller CAC_mat-sort-header-stem ng-tns-c99-18")): Object: 'Object Repository/Page_Weekly_Seller_CAC_Report/Page_/div_Seller CAC_mat-sort-header-stem ng-tns-c99-18' is clicked on

2023-12-14 09:30:15 - [MESSAGE][PASSED] - Object: 'Object Repository/Page_Weekly_Seller_CAC_Report/Page_/div_Seller CAC_mat-sort-header-stem ng-tns-c99-18' is clicked on

2023-12-14 09:30:15 - [TEST_STEP][PASSED] - verifyElementText(findTestObject("Object Repository/Page_Weekly_Seller_CAC_Report/Page_/div_Items per page"), "Items per page:"): Actual text and expected text of test object 'Object Repository/Page_Weekly_Seller_CAC_Report/Page_/div_Items per page' are matched.

2023-12-14 09:30:15 - [MESSAGE][PASSED] - Actual text and expected text of test object 'Object Repository/Page_Weekly_Seller_CAC_Report/Page_/div_Items per page' are matched.

2023-12-14 09:30:15 - [TEST_STEP][PASSED] - verifyElementClickable(findTestObject("Object Repository/Page_Weekly_Seller_CAC_Report/Page_/div_Items per page_mat-select-arrow ng-tns-c110-14")): Object 'Object Repository/Page_Weekly_Seller_CAC_Report/Page_/div_Items per page_mat-select-arrow ng-tns-c110-14' is clickable

2023-12-14 09:30:15 - [MESSAGE][PASSED] - Object 'Object Repository/Page_Weekly_Seller_CAC_Report/Page_/div_Items per page_mat-select-arrow ng-tns-c110-14' is clickable

2023-12-14 09:30:15 - [TEST_STEP][PASSED] - click(findTestObject("Object Repository/Page_Weekly_Seller_CAC_Report/Page_/div_Items per page_mat-select-arrow ng-tns-c110-14")): Object: 'Object Repository/Page_Weekly_Seller_CAC_Report/Page_/div_Items per page_mat-select-arrow ng-tns-c110-14' is clicked on

2023-12-14 09:30:16 - [MESSAGE][PASSED] - Object: 'Object Repository/Page_Weekly_Seller_CAC_Report/Page_/div_Items per page_mat-select-arrow ng-tns-c110-14' is clicked on

2023-12-14 09:30:16 - [TEST_STEP][PASSED] - click(findTestObject("Object Repository/Page_Weekly_Seller_CAC_Report/Page_/span_10")): Object: 'Object Repository/Page_Weekly_Seller_CAC_Report/Page_/span_10' is clicked on

2023-12-14 09:30:16 - [MESSAGE][PASSED] - Object: 'Object Repository/Page_Weekly_Seller_CAC_Report/Page_/span_10' is clicked on

2023-12-14 09:30:16 - [TEST_STEP][PASSED] - click(findTestObject("Object Repository/Page_Weekly_Seller_CAC_Report/Page_/div_Items per page_mat-select-arrow-wrapper_9322e4")): Object: 'Object Repository/Page_Weekly_Seller_CAC_Report/Page_/div_Items per page_mat-select-arrow-wrapper_9322e4' is clicked on

2023-12-14 09:30:17 - [MESSAGE][PASSED] - Object: 'Object Repository/Page_Weekly_Seller_CAC_Report/Page_/div_Items per page_mat-select-arrow-wrapper_9322e4' is clicked on

2023-12-14 09:30:17 - [TEST_STEP][PASSED] - click(findTestObject("Object Repository/Page_Weekly_Seller_CAC_Report/Page_/span_20")): Object: 'Object Repository/Page_Weekly_Seller_CAC_Report/Page_/span_20' is clicked on

2023-12-14 09:30:18 - [MESSAGE][PASSED] - Object: 'Object Repository/Page_Weekly_Seller_CAC_Report/Page_/span_20' is clicked on

2023-12-14 09:30:18 - [TEST_STEP][PASSED] - click(findTestObject("Object Repository/Page_Weekly_Seller_CAC_Report/Page_/div_Items per page_mat-select-arrow ng-tns-c110-14")): Object: 'Object Repository/Page_Weekly_Seller_CAC_Report/Page_/div_Items per page_mat-select-arrow ng-tns-c110-14' is clicked on

2023-12-14 09:30:19 - [MESSAGE][PASSED] - Object: 'Object Repository/Page_Weekly_Seller_CAC_Report/Page_/div_Items per page_mat-select-arrow ng-tns-c110-14' is clicked on

2023-12-14 09:30:19 - [TEST_STEP][PASSED] - click(findTestObject("Object Repository/Page_Weekly_Seller_CAC_Report/Page_/span_30")): Object: 'Object Repository/Page_Weekly_Seller_CAC_Report/Page_/span_30' is clicked on

2023-12-14 09:30:19 - [MESSAGE][PASSED] - Object: 'Object Repository/Page_Weekly_Seller_CAC_Report/Page_/span_30' is clicked on

2023-12-14 09:30:19 - [TEST_STEP][PASSED] - verifyElementClickable(findTestObject("Object Repository/Page_Weekly_Seller_CAC_Report/Page_/svg_Items per page_mat-paginator-icon")): Object 'Object Repository/Page_Weekly_Seller_CAC_Report/Page_/svg_Items per page_mat-paginator-icon' is clickable

2023-12-14 09:30:20 - [MESSAGE][PASSED] - Object 'Object Repository/Page_Weekly_Seller_CAC_Report/Page_/svg_Items per page_mat-paginator-icon' is clickable

2023-12-14 09:30:20 - [TEST_STEP][PASSED] - verifyElementClickable(findTestObject("Object Repository/Page_Weekly_Seller_CAC_Report/Page_/svg_Items per page_mat-paginator-icon_1")): Object 'Object Repository/Page_Weekly_Seller_CAC_Report/Page_/svg_Items per page_mat-paginator-icon_1' is clickable

2023-12-14 09:30:20 - [MESSAGE][PASSED] - Object 'Object Repository/Page_Weekly_Seller_CAC_Report/Page_/svg_Items per page_mat-paginator-icon_1' is clickable

2023-12-14 09:30:20 - [TEST_STEP][PASSED] - closeBrowser(): Browser is closed

2023-12-14 09:30:21 - [MESSAGE][PASSED] - Browser is closed]]></system-out>
         <system-err><![CDATA[]]></system-err>
      </testcase>
      <testcase name="Test Cases/Campaign/test_camaign_cac_report" time="45.614" classname="Test Cases/Campaign/test_camaign_cac_report" status="PASSED">
         <system-out><![CDATA[2023-12-14 09:30:21 - [TEST_CASE][PASSED] - Test Cases/Campaign/test_camaign_cac_report: Test Cases/Campaign/test_camaign_cac_report

2023-12-14 09:30:22 - [TEST_STEP][PASSED] - callTestCase(findTestCase("Reusable_Functions/Login"), [:], CONTINUE_ON_FAILURE): Call Test Case 'Test Cases/Reusable_Functions/Login' successfully

2023-12-14 09:30:22 - [TEST_CASE][PASSED] - Test Cases/Reusable_Functions/Login: Test Cases/Reusable_Functions/Login

2023-12-14 09:30:22 - [TEST_STEP][PASSED] - openBrowser(""): Browser is opened with url: ''

2023-12-14 09:30:22 - [MESSAGE][INFO] - Starting 'Chrome' driver

2023-12-14 09:30:22 - [MESSAGE][INFO] - Action delay is set to 0 milliseconds

2023-12-14 09:30:23 - [MESSAGE][PASSED] - Browser is opened with url: ''

2023-12-14 09:30:23 - [TEST_STEP][PASSED] - maximizeWindow(): Current window maximized

2023-12-14 09:30:23 - [MESSAGE][PASSED] - Current window maximized

2023-12-14 09:30:23 - [TEST_STEP][PASSED] - navigateToUrl("https://dev-dash.admetrics.ai/"): Navigate to 'https://dev-dash.admetrics.ai/' successfully

2023-12-14 09:30:24 - [MESSAGE][PASSED] - Navigate to 'https://dev-dash.admetrics.ai/' successfully

2023-12-14 09:30:24 - [TEST_STEP][PASSED] - setText(findTestObject("Object Repository/Page_Project_Title/input_User ID_username"), "admin"): Text 'admin' is set on object 'Object Repository/Page_Project_Title/input_User ID_username'

2023-12-14 09:30:27 - [MESSAGE][PASSED] - Text 'admin' is set on object 'Object Repository/Page_Project_Title/input_User ID_username'

2023-12-14 09:30:27 - [TEST_STEP][PASSED] - setEncryptedText(findTestObject("Object Repository/Page_Project_Title/input_Password_password"), "7Dxoto1EjKfQbGop/Ov+1g=="): Text ****** has been set on object 'Object Repository/Page_Project_Title/input_Password_password'

2023-12-14 09:30:27 - [MESSAGE][PASSED] - Text ****** has been set on object 'Object Repository/Page_Project_Title/input_Password_password'

2023-12-14 09:30:27 - [TEST_STEP][PASSED] - click(findTestObject("Object Repository/Page_Project_Title/button_Login")): Object: 'Object Repository/Page_Project_Title/button_Login' is clicked on

2023-12-14 09:30:28 - [MESSAGE][PASSED] - Object: 'Object Repository/Page_Project_Title/button_Login' is clicked on

2023-12-14 09:30:28 - [MESSAGE][PASSED] - Call Test Case 'Test Cases/Reusable_Functions/Login' successfully

2023-12-14 09:30:28 - [TEST_STEP][PASSED] - click(findTestObject("Object Repository/Page_Campaign_CAC_Report1/Page_/button_Access dashboard")): Object: 'Object Repository/Page_Campaign_CAC_Report1/Page_/button_Access dashboard' is clicked on

2023-12-14 09:30:30 - [MESSAGE][PASSED] - Object: 'Object Repository/Page_Campaign_CAC_Report1/Page_/button_Access dashboard' is clicked on

2023-12-14 09:30:30 - [TEST_STEP][PASSED] - verifyElementClickable(findTestObject("Object Repository/Page_Campaign_CAC_Report1/Page_/div_Campaign CAC")): Object 'Object Repository/Page_Campaign_CAC_Report1/Page_/div_Campaign CAC' is clickable

2023-12-14 09:30:34 - [MESSAGE][PASSED] - Object 'Object Repository/Page_Campaign_CAC_Report1/Page_/div_Campaign CAC' is clickable

2023-12-14 09:30:34 - [TEST_STEP][PASSED] - click(findTestObject("Object Repository/Page_Campaign_CAC_Report1/Page_/div_Campaign CAC")): Object: 'Object Repository/Page_Campaign_CAC_Report1/Page_/div_Campaign CAC' is clicked on

2023-12-14 09:30:34 - [MESSAGE][PASSED] - Object: 'Object Repository/Page_Campaign_CAC_Report1/Page_/div_Campaign CAC' is clicked on

2023-12-14 09:30:34 - [TEST_STEP][PASSED] - verifyElementClickable(findTestObject("Object Repository/Page_Campaign_CAC_Report1/Page_/mat-icon_clear")): Object 'Object Repository/Page_Campaign_CAC_Report1/Page_/mat-icon_clear' is clickable

2023-12-14 09:30:35 - [MESSAGE][PASSED] - Object 'Object Repository/Page_Campaign_CAC_Report1/Page_/mat-icon_clear' is clickable

2023-12-14 09:30:35 - [TEST_STEP][PASSED] - click(findTestObject("Object Repository/Page_Campaign_CAC_Report1/Page_/svg_Enter a date range_mat-datepicker-toggl_ef015c")): Object: 'Object Repository/Page_Campaign_CAC_Report1/Page_/svg_Enter a date range_mat-datepicker-toggl_ef015c' is clicked on

2023-12-14 09:30:36 - [MESSAGE][PASSED] - Object: 'Object Repository/Page_Campaign_CAC_Report1/Page_/svg_Enter a date range_mat-datepicker-toggl_ef015c' is clicked on

2023-12-14 09:30:36 - [TEST_STEP][PASSED] - verifyElementClickable(findTestObject("Object Repository/Page_Campaign_CAC_Report1/Page_/button_DEC 2023_mat-focus-indicator mat-cal_bd9491")): Object 'Object Repository/Page_Campaign_CAC_Report1/Page_/button_DEC 2023_mat-focus-indicator mat-cal_bd9491' is clickable

2023-12-14 09:30:37 - [MESSAGE][PASSED] - Object 'Object Repository/Page_Campaign_CAC_Report1/Page_/button_DEC 2023_mat-focus-indicator mat-cal_bd9491' is clickable

2023-12-14 09:30:37 - [TEST_STEP][PASSED] - click(findTestObject("Object Repository/Page_Campaign_CAC_Report1/Page_/button_DEC 2023_mat-focus-indicator mat-cal_bd9491")): Object: 'Object Repository/Page_Campaign_CAC_Report1/Page_/button_DEC 2023_mat-focus-indicator mat-cal_bd9491' is clicked on

2023-12-14 09:30:37 - [MESSAGE][PASSED] - Object: 'Object Repository/Page_Campaign_CAC_Report1/Page_/button_DEC 2023_mat-focus-indicator mat-cal_bd9491' is clicked on

2023-12-14 09:30:37 - [TEST_STEP][PASSED] - click(findTestObject("Object Repository/Page_Campaign_CAC_Report1/Page_/button_DEC 2023_mat-focus-indicator mat-cal_bd9491")): Object: 'Object Repository/Page_Campaign_CAC_Report1/Page_/button_DEC 2023_mat-focus-indicator mat-cal_bd9491' is clicked on

2023-12-14 09:30:38 - [MESSAGE][PASSED] - Object: 'Object Repository/Page_Campaign_CAC_Report1/Page_/button_DEC 2023_mat-focus-indicator mat-cal_bd9491' is clicked on

2023-12-14 09:30:38 - [TEST_STEP][PASSED] - click(findTestObject("Object Repository/Page_Campaign_CAC_Report1/Page_/div_1")): Object: 'Object Repository/Page_Campaign_CAC_Report1/Page_/div_1' is clicked on

2023-12-14 09:30:39 - [MESSAGE][PASSED] - Object: 'Object Repository/Page_Campaign_CAC_Report1/Page_/div_1' is clicked on

2023-12-14 09:30:39 - [TEST_STEP][PASSED] - click(findTestObject("Object Repository/Page_Campaign_CAC_Report1/Page_/div_31")): Object: 'Object Repository/Page_Campaign_CAC_Report1/Page_/div_31' is clicked on

2023-12-14 09:30:40 - [MESSAGE][PASSED] - Object: 'Object Repository/Page_Campaign_CAC_Report1/Page_/div_31' is clicked on

2023-12-14 09:30:40 - [TEST_STEP][PASSED] - verifyElementText(findTestObject("Object Repository/Page_Campaign_CAC_Report1/Page_/div_Select Channel"), "Select Channel"): Actual text and expected text of test object 'Object Repository/Page_Campaign_CAC_Report1/Page_/div_Select Channel' are matched.

2023-12-14 09:30:41 - [MESSAGE][PASSED] - Actual text and expected text of test object 'Object Repository/Page_Campaign_CAC_Report1/Page_/div_Select Channel' are matched.

2023-12-14 09:30:41 - [TEST_STEP][PASSED] - verifyElementClickable(findTestObject("Object Repository/Page_Campaign_CAC_Report1/Page_/span_Google Ads_ng-arrow-wrapper")): Object 'Object Repository/Page_Campaign_CAC_Report1/Page_/span_Google Ads_ng-arrow-wrapper' is clickable

2023-12-14 09:30:42 - [MESSAGE][PASSED] - Object 'Object Repository/Page_Campaign_CAC_Report1/Page_/span_Google Ads_ng-arrow-wrapper' is clickable

2023-12-14 09:30:42 - [TEST_STEP][PASSED] - click(findTestObject("Object Repository/Page_Campaign_CAC_Report1/Page_/span_Google Ads_ng-arrow-wrapper")): Object: 'Object Repository/Page_Campaign_CAC_Report1/Page_/span_Google Ads_ng-arrow-wrapper' is clicked on

2023-12-14 09:30:42 - [MESSAGE][PASSED] - Object: 'Object Repository/Page_Campaign_CAC_Report1/Page_/span_Google Ads_ng-arrow-wrapper' is clicked on

2023-12-14 09:30:42 - [TEST_STEP][PASSED] - click(findTestObject("Object Repository/Page_Campaign_CAC_Report1/Page_/span_Google Ads_ng-arrow-wrapper")): Object: 'Object Repository/Page_Campaign_CAC_Report1/Page_/span_Google Ads_ng-arrow-wrapper' is clicked on

2023-12-14 09:30:43 - [MESSAGE][PASSED] - Object: 'Object Repository/Page_Campaign_CAC_Report1/Page_/span_Google Ads_ng-arrow-wrapper' is clicked on

2023-12-14 09:30:43 - [TEST_STEP][PASSED] - verifyElementText(findTestObject("Object Repository/Page_Campaign_CAC_Report1/Page_/div_Select Businessline"), "Select Businessline"): Actual text and expected text of test object 'Object Repository/Page_Campaign_CAC_Report1/Page_/div_Select Businessline' are matched.

2023-12-14 09:30:43 - [MESSAGE][PASSED] - Actual text and expected text of test object 'Object Repository/Page_Campaign_CAC_Report1/Page_/div_Select Businessline' are matched.

2023-12-14 09:30:43 - [TEST_STEP][PASSED] - verifyElementClickable(findTestObject("Object Repository/Page_Campaign_CAC_Report1/Page_/span_Buyer_ng-arrow-wrapper")): Object 'Object Repository/Page_Campaign_CAC_Report1/Page_/span_Buyer_ng-arrow-wrapper' is clickable

2023-12-14 09:30:44 - [MESSAGE][PASSED] - Object 'Object Repository/Page_Campaign_CAC_Report1/Page_/span_Buyer_ng-arrow-wrapper' is clickable

2023-12-14 09:30:44 - [TEST_STEP][PASSED] - click(findTestObject("Object Repository/Page_Campaign_CAC_Report1/Page_/span_Buyer_ng-arrow-wrapper")): Object: 'Object Repository/Page_Campaign_CAC_Report1/Page_/span_Buyer_ng-arrow-wrapper' is clicked on

2023-12-14 09:30:44 - [MESSAGE][PASSED] - Object: 'Object Repository/Page_Campaign_CAC_Report1/Page_/span_Buyer_ng-arrow-wrapper' is clicked on

2023-12-14 09:30:44 - [TEST_STEP][PASSED] - click(findTestObject("Object Repository/Page_Campaign_CAC_Report1/Page_/span_Buyer_ng-arrow-wrapper")): Object: 'Object Repository/Page_Campaign_CAC_Report1/Page_/span_Buyer_ng-arrow-wrapper' is clicked on

2023-12-14 09:30:45 - [MESSAGE][PASSED] - Object: 'Object Repository/Page_Campaign_CAC_Report1/Page_/span_Buyer_ng-arrow-wrapper' is clicked on

2023-12-14 09:30:45 - [TEST_STEP][PASSED] - verifyElementText(findTestObject("Object Repository/Page_Campaign_CAC_Report1/Page_/div_Select Campaign Status"), "Select Campaign Status"): Actual text and expected text of test object 'Object Repository/Page_Campaign_CAC_Report1/Page_/div_Select Campaign Status' are matched.

2023-12-14 09:30:45 - [MESSAGE][PASSED] - Actual text and expected text of test object 'Object Repository/Page_Campaign_CAC_Report1/Page_/div_Select Campaign Status' are matched.

2023-12-14 09:30:45 - [TEST_STEP][PASSED] - verifyElementClickable(findTestObject("Object Repository/Page_Campaign_CAC_Report1/Page_/span_ENABLED_ng-arrow-wrapper")): Object 'Object Repository/Page_Campaign_CAC_Report1/Page_/span_ENABLED_ng-arrow-wrapper' is clickable

2023-12-14 09:30:45 - [MESSAGE][PASSED] - Object 'Object Repository/Page_Campaign_CAC_Report1/Page_/span_ENABLED_ng-arrow-wrapper' is clickable

2023-12-14 09:30:45 - [TEST_STEP][PASSED] - click(findTestObject("Object Repository/Page_Campaign_CAC_Report1/Page_/span_ENABLED_ng-arrow-wrapper")): Object: 'Object Repository/Page_Campaign_CAC_Report1/Page_/span_ENABLED_ng-arrow-wrapper' is clicked on

2023-12-14 09:30:46 - [MESSAGE][PASSED] - Object: 'Object Repository/Page_Campaign_CAC_Report1/Page_/span_ENABLED_ng-arrow-wrapper' is clicked on

2023-12-14 09:30:46 - [TEST_STEP][PASSED] - click(findTestObject("Object Repository/Page_Campaign_CAC_Report1/Page_/span_ENABLED_ng-arrow-wrapper")): Object: 'Object Repository/Page_Campaign_CAC_Report1/Page_/span_ENABLED_ng-arrow-wrapper' is clicked on

2023-12-14 09:30:47 - [MESSAGE][PASSED] - Object: 'Object Repository/Page_Campaign_CAC_Report1/Page_/span_ENABLED_ng-arrow-wrapper' is clicked on

2023-12-14 09:30:47 - [TEST_STEP][PASSED] - verifyElementText(findTestObject("Object Repository/Page_Campaign_CAC_Report1/Page_/input_text"), ""): Actual text and expected text of test object 'Object Repository/Page_Campaign_CAC_Report1/Page_/input_text' are matched.

2023-12-14 09:30:47 - [MESSAGE][PASSED] - Actual text and expected text of test object 'Object Repository/Page_Campaign_CAC_Report1/Page_/input_text' are matched.

2023-12-14 09:30:47 - [TEST_STEP][PASSED] - verifyElementClickable(findTestObject("Object Repository/Page_Campaign_CAC_Report1/Page_/span_Select Campaign Name_ng-arrow-wrapper")): Object 'Object Repository/Page_Campaign_CAC_Report1/Page_/span_Select Campaign Name_ng-arrow-wrapper' is clickable

2023-12-14 09:30:48 - [MESSAGE][PASSED] - Object 'Object Repository/Page_Campaign_CAC_Report1/Page_/span_Select Campaign Name_ng-arrow-wrapper' is clickable

2023-12-14 09:30:48 - [TEST_STEP][PASSED] - click(findTestObject("Object Repository/Page_Campaign_CAC_Report1/Page_/span_Select Campaign Name_ng-arrow-wrapper_1")): Object: 'Object Repository/Page_Campaign_CAC_Report1/Page_/span_Select Campaign Name_ng-arrow-wrapper_1' is clicked on

2023-12-14 09:30:48 - [MESSAGE][PASSED] - Object: 'Object Repository/Page_Campaign_CAC_Report1/Page_/span_Select Campaign Name_ng-arrow-wrapper_1' is clicked on

2023-12-14 09:30:48 - [TEST_STEP][PASSED] - click(findTestObject("Object Repository/Page_Campaign_CAC_Report1/Page_/span_Select Campaign Name_ng-arrow-wrapper_1_2")): Object: 'Object Repository/Page_Campaign_CAC_Report1/Page_/span_Select Campaign Name_ng-arrow-wrapper_1_2' is clicked on

2023-12-14 09:30:49 - [MESSAGE][PASSED] - Object: 'Object Repository/Page_Campaign_CAC_Report1/Page_/span_Select Campaign Name_ng-arrow-wrapper_1_2' is clicked on

2023-12-14 09:30:49 - [TEST_STEP][PASSED] - verifyElementText(findTestObject("Object Repository/Page_Campaign_CAC_Report1/Page_/h2_Campaign CAC"), "Campaign CAC"): Actual text and expected text of test object 'Object Repository/Page_Campaign_CAC_Report1/Page_/h2_Campaign CAC' are matched.

2023-12-14 09:30:49 - [MESSAGE][PASSED] - Actual text and expected text of test object 'Object Repository/Page_Campaign_CAC_Report1/Page_/h2_Campaign CAC' are matched.

2023-12-14 09:30:49 - [TEST_STEP][PASSED] - verifyElementText(findTestObject("Object Repository/Page_Campaign_CAC_Report1/Page_/div_Date"), "Date"): Actual text and expected text of test object 'Object Repository/Page_Campaign_CAC_Report1/Page_/div_Date' are matched.

2023-12-14 09:30:50 - [MESSAGE][PASSED] - Actual text and expected text of test object 'Object Repository/Page_Campaign_CAC_Report1/Page_/div_Date' are matched.

2023-12-14 09:30:50 - [TEST_STEP][PASSED] - verifyElementClickable(findTestObject("Object Repository/Page_Campaign_CAC_Report1/Page_/div_Date_mat-sort-header-arrow ng-trigger n_bf2713")): Object 'Object Repository/Page_Campaign_CAC_Report1/Page_/div_Date_mat-sort-header-arrow ng-trigger n_bf2713' is clickable

2023-12-14 09:30:50 - [MESSAGE][PASSED] - Object 'Object Repository/Page_Campaign_CAC_Report1/Page_/div_Date_mat-sort-header-arrow ng-trigger n_bf2713' is clickable

2023-12-14 09:30:50 - [TEST_STEP][PASSED] - click(findTestObject("Object Repository/Page_Campaign_CAC_Report1/Page_/div_Date_mat-sort-header-arrow ng-trigger n_bf2713")): Object: 'Object Repository/Page_Campaign_CAC_Report1/Page_/div_Date_mat-sort-header-arrow ng-trigger n_bf2713' is clicked on

2023-12-14 09:30:51 - [MESSAGE][PASSED] - Object: 'Object Repository/Page_Campaign_CAC_Report1/Page_/div_Date_mat-sort-header-arrow ng-trigger n_bf2713' is clicked on

2023-12-14 09:30:51 - [TEST_STEP][PASSED] - verifyElementText(findTestObject("Object Repository/Page_Campaign_CAC_Report1/Page_/div_Campaign Name"), "Campaign Name"): Actual text and expected text of test object 'Object Repository/Page_Campaign_CAC_Report1/Page_/div_Campaign Name' are matched.

2023-12-14 09:30:51 - [MESSAGE][PASSED] - Actual text and expected text of test object 'Object Repository/Page_Campaign_CAC_Report1/Page_/div_Campaign Name' are matched.

2023-12-14 09:30:51 - [TEST_STEP][PASSED] - verifyElementClickable(findTestObject("Object Repository/Page_Campaign_CAC_Report1/Page_/div_Campaign Name_mat-sort-header-arrow ng-_c4f4d9")): Object 'Object Repository/Page_Campaign_CAC_Report1/Page_/div_Campaign Name_mat-sort-header-arrow ng-_c4f4d9' is clickable

2023-12-14 09:30:52 - [MESSAGE][PASSED] - Object 'Object Repository/Page_Campaign_CAC_Report1/Page_/div_Campaign Name_mat-sort-header-arrow ng-_c4f4d9' is clickable

2023-12-14 09:30:52 - [TEST_STEP][PASSED] - click(findTestObject("Object Repository/Page_Campaign_CAC_Report1/Page_/div_Campaign Name_mat-sort-header-arrow ng-_09318d")): Object: 'Object Repository/Page_Campaign_CAC_Report1/Page_/div_Campaign Name_mat-sort-header-arrow ng-_09318d' is clicked on

2023-12-14 09:30:52 - [MESSAGE][PASSED] - Object: 'Object Repository/Page_Campaign_CAC_Report1/Page_/div_Campaign Name_mat-sort-header-arrow ng-_09318d' is clicked on

2023-12-14 09:30:52 - [TEST_STEP][PASSED] - verifyElementText(findTestObject("Object Repository/Page_Campaign_CAC_Report1/Page_/div_Campaign Spend"), "Campaign Spend"): Actual text and expected text of test object 'Object Repository/Page_Campaign_CAC_Report1/Page_/div_Campaign Spend' are matched.

2023-12-14 09:30:53 - [MESSAGE][PASSED] - Actual text and expected text of test object 'Object Repository/Page_Campaign_CAC_Report1/Page_/div_Campaign Spend' are matched.

2023-12-14 09:30:53 - [TEST_STEP][PASSED] - verifyElementClickable(findTestObject("Object Repository/Page_Campaign_CAC_Report1/Page_/div_Campaign Spend_mat-sort-header-arrow ng_a7c7c4")): Object 'Object Repository/Page_Campaign_CAC_Report1/Page_/div_Campaign Spend_mat-sort-header-arrow ng_a7c7c4' is clickable

2023-12-14 09:30:53 - [MESSAGE][PASSED] - Object 'Object Repository/Page_Campaign_CAC_Report1/Page_/div_Campaign Spend_mat-sort-header-arrow ng_a7c7c4' is clickable

2023-12-14 09:30:53 - [TEST_STEP][PASSED] - click(findTestObject("Object Repository/Page_Campaign_CAC_Report1/Page_/div_Campaign Spend_mat-sort-header-arrow ng_a7c7c4")): Object: 'Object Repository/Page_Campaign_CAC_Report1/Page_/div_Campaign Spend_mat-sort-header-arrow ng_a7c7c4' is clicked on

2023-12-14 09:30:54 - [MESSAGE][PASSED] - Object: 'Object Repository/Page_Campaign_CAC_Report1/Page_/div_Campaign Spend_mat-sort-header-arrow ng_a7c7c4' is clicked on

2023-12-14 09:30:54 - [TEST_STEP][PASSED] - verifyElementText(findTestObject("Object Repository/Page_Campaign_CAC_Report1/Page_/div_No Conversion"), "No Conversion"): Actual text and expected text of test object 'Object Repository/Page_Campaign_CAC_Report1/Page_/div_No Conversion' are matched.

2023-12-14 09:30:55 - [MESSAGE][PASSED] - Actual text and expected text of test object 'Object Repository/Page_Campaign_CAC_Report1/Page_/div_No Conversion' are matched.

2023-12-14 09:30:55 - [TEST_STEP][PASSED] - verifyElementClickable(findTestObject("Object Repository/Page_Campaign_CAC_Report1/Page_/div_No Conversion_mat-sort-header-arrow ng-_a14c03")): Object 'Object Repository/Page_Campaign_CAC_Report1/Page_/div_No Conversion_mat-sort-header-arrow ng-_a14c03' is clickable

2023-12-14 09:30:55 - [MESSAGE][PASSED] - Object 'Object Repository/Page_Campaign_CAC_Report1/Page_/div_No Conversion_mat-sort-header-arrow ng-_a14c03' is clickable

2023-12-14 09:30:55 - [TEST_STEP][PASSED] - click(findTestObject("Object Repository/Page_Campaign_CAC_Report1/Page_/div_No Conversion_mat-sort-header-arrow ng-_c5e7de")): Object: 'Object Repository/Page_Campaign_CAC_Report1/Page_/div_No Conversion_mat-sort-header-arrow ng-_c5e7de' is clicked on

2023-12-14 09:30:56 - [MESSAGE][PASSED] - Object: 'Object Repository/Page_Campaign_CAC_Report1/Page_/div_No Conversion_mat-sort-header-arrow ng-_c5e7de' is clicked on

2023-12-14 09:30:56 - [TEST_STEP][PASSED] - verifyElementText(findTestObject("Object Repository/Page_Campaign_CAC_Report1/Page_/div_Campaign CAC"), "Campaign CAC"): Actual text and expected text of test object 'Object Repository/Page_Campaign_CAC_Report1/Page_/div_Campaign CAC' are matched.

2023-12-14 09:30:56 - [MESSAGE][PASSED] - Actual text and expected text of test object 'Object Repository/Page_Campaign_CAC_Report1/Page_/div_Campaign CAC' are matched.

2023-12-14 09:30:56 - [TEST_STEP][PASSED] - verifyElementClickable(findTestObject("Object Repository/Page_Campaign_CAC_Report1/Page_/div_Campaign CAC_mat-sort-header-arrow ng-t_f154cb")): Object 'Object Repository/Page_Campaign_CAC_Report1/Page_/div_Campaign CAC_mat-sort-header-arrow ng-t_f154cb' is clickable

2023-12-14 09:30:57 - [MESSAGE][PASSED] - Object 'Object Repository/Page_Campaign_CAC_Report1/Page_/div_Campaign CAC_mat-sort-header-arrow ng-t_f154cb' is clickable

2023-12-14 09:30:57 - [TEST_STEP][PASSED] - click(findTestObject("Object Repository/Page_Campaign_CAC_Report1/Page_/div_Campaign CAC_mat-sort-header-arrow ng-t_9d4d41")): Object: 'Object Repository/Page_Campaign_CAC_Report1/Page_/div_Campaign CAC_mat-sort-header-arrow ng-t_9d4d41' is clicked on

2023-12-14 09:30:57 - [MESSAGE][PASSED] - Object: 'Object Repository/Page_Campaign_CAC_Report1/Page_/div_Campaign CAC_mat-sort-header-arrow ng-t_9d4d41' is clicked on

2023-12-14 09:30:57 - [TEST_STEP][PASSED] - verifyElementText(findTestObject("Object Repository/Page_Campaign_CAC_Report1/Page_/div_Items per page"), "Items per page:"): Actual text and expected text of test object 'Object Repository/Page_Campaign_CAC_Report1/Page_/div_Items per page' are matched.

2023-12-14 09:30:58 - [MESSAGE][PASSED] - Actual text and expected text of test object 'Object Repository/Page_Campaign_CAC_Report1/Page_/div_Items per page' are matched.

2023-12-14 09:30:58 - [TEST_STEP][PASSED] - verifyElementClickable(findTestObject("Object Repository/Page_Campaign_CAC_Report1/Page_/div_Items per page_mat-select-arrow ng-tns-c110-6")): Object 'Object Repository/Page_Campaign_CAC_Report1/Page_/div_Items per page_mat-select-arrow ng-tns-c110-6' is clickable

2023-12-14 09:30:58 - [MESSAGE][PASSED] - Object 'Object Repository/Page_Campaign_CAC_Report1/Page_/div_Items per page_mat-select-arrow ng-tns-c110-6' is clickable

2023-12-14 09:30:58 - [TEST_STEP][PASSED] - verifyElementClickable(findTestObject("Object Repository/Page_Campaign_CAC_Report1/Page_/svg_Items per page_mat-paginator-icon")): Object 'Object Repository/Page_Campaign_CAC_Report1/Page_/svg_Items per page_mat-paginator-icon' is clickable

2023-12-14 09:30:59 - [MESSAGE][PASSED] - Object 'Object Repository/Page_Campaign_CAC_Report1/Page_/svg_Items per page_mat-paginator-icon' is clickable

2023-12-14 09:30:59 - [TEST_STEP][PASSED] - click(findTestObject("Object Repository/Page_Campaign_CAC_Report1/Page_/svg_Items per page_mat-paginator-icon")): Object: 'Object Repository/Page_Campaign_CAC_Report1/Page_/svg_Items per page_mat-paginator-icon' is clicked on

2023-12-14 09:30:59 - [MESSAGE][PASSED] - Object: 'Object Repository/Page_Campaign_CAC_Report1/Page_/svg_Items per page_mat-paginator-icon' is clicked on

2023-12-14 09:30:59 - [TEST_STEP][PASSED] - verifyElementClickable(findTestObject("Object Repository/Page_Campaign_CAC_Report1/Page_/svg_Items per page_mat-paginator-icon_1")): Object 'Object Repository/Page_Campaign_CAC_Report1/Page_/svg_Items per page_mat-paginator-icon_1' is clickable

2023-12-14 09:31:00 - [MESSAGE][PASSED] - Object 'Object Repository/Page_Campaign_CAC_Report1/Page_/svg_Items per page_mat-paginator-icon_1' is clickable

2023-12-14 09:31:00 - [TEST_STEP][PASSED] - click(findTestObject("Object Repository/Page_Campaign_CAC_Report1/Page_/svg_Items per page_mat-paginator-icon_1")): Object: 'Object Repository/Page_Campaign_CAC_Report1/Page_/svg_Items per page_mat-paginator-icon_1' is clicked on

2023-12-14 09:31:01 - [MESSAGE][PASSED] - Object: 'Object Repository/Page_Campaign_CAC_Report1/Page_/svg_Items per page_mat-paginator-icon_1' is clicked on

2023-12-14 09:31:01 - [TEST_STEP][PASSED] - click(findTestObject("Object Repository/Page_Campaign_CAC_Report1/Page_/div_Items per page_mat-select-arrow ng-tns-c110-6")): Object: 'Object Repository/Page_Campaign_CAC_Report1/Page_/div_Items per page_mat-select-arrow ng-tns-c110-6' is clicked on

2023-12-14 09:31:01 - [MESSAGE][PASSED] - Object: 'Object Repository/Page_Campaign_CAC_Report1/Page_/div_Items per page_mat-select-arrow ng-tns-c110-6' is clicked on

2023-12-14 09:31:01 - [TEST_STEP][PASSED] - click(findTestObject("Object Repository/Page_Campaign_CAC_Report1/Page_/span_10")): Object: 'Object Repository/Page_Campaign_CAC_Report1/Page_/span_10' is clicked on

2023-12-14 09:31:02 - [MESSAGE][PASSED] - Object: 'Object Repository/Page_Campaign_CAC_Report1/Page_/span_10' is clicked on

2023-12-14 09:31:02 - [TEST_STEP][PASSED] - click(findTestObject("Object Repository/Page_Campaign_CAC_Report1/Page_/div_Items per page_mat-select-arrow-wrapper_41ac4a")): Object: 'Object Repository/Page_Campaign_CAC_Report1/Page_/div_Items per page_mat-select-arrow-wrapper_41ac4a' is clicked on

2023-12-14 09:31:03 - [MESSAGE][PASSED] - Object: 'Object Repository/Page_Campaign_CAC_Report1/Page_/div_Items per page_mat-select-arrow-wrapper_41ac4a' is clicked on

2023-12-14 09:31:03 - [TEST_STEP][PASSED] - click(findTestObject("Object Repository/Page_Campaign_CAC_Report1/Page_/span_20")): Object: 'Object Repository/Page_Campaign_CAC_Report1/Page_/span_20' is clicked on

2023-12-14 09:31:03 - [MESSAGE][PASSED] - Object: 'Object Repository/Page_Campaign_CAC_Report1/Page_/span_20' is clicked on

2023-12-14 09:31:03 - [TEST_STEP][PASSED] - click(findTestObject("Object Repository/Page_Campaign_CAC_Report1/Page_/div_Items per page_mat-select-arrow ng-tns-c110-6")): Object: 'Object Repository/Page_Campaign_CAC_Report1/Page_/div_Items per page_mat-select-arrow ng-tns-c110-6' is clicked on

2023-12-14 09:31:04 - [MESSAGE][PASSED] - Object: 'Object Repository/Page_Campaign_CAC_Report1/Page_/div_Items per page_mat-select-arrow ng-tns-c110-6' is clicked on

2023-12-14 09:31:04 - [TEST_STEP][PASSED] - click(findTestObject("Object Repository/Page_Campaign_CAC_Report1/Page_/span_30")): Object: 'Object Repository/Page_Campaign_CAC_Report1/Page_/span_30' is clicked on

2023-12-14 09:31:05 - [MESSAGE][PASSED] - Object: 'Object Repository/Page_Campaign_CAC_Report1/Page_/span_30' is clicked on

2023-12-14 09:31:05 - [TEST_STEP][PASSED] - click(findTestObject("Object Repository/Page_Campaign_CAC_Report1/Page_/div_Items per page_mat-select-arrow-wrapper_41ac4a")): Object: 'Object Repository/Page_Campaign_CAC_Report1/Page_/div_Items per page_mat-select-arrow-wrapper_41ac4a' is clicked on

2023-12-14 09:31:05 - [MESSAGE][PASSED] - Object: 'Object Repository/Page_Campaign_CAC_Report1/Page_/div_Items per page_mat-select-arrow-wrapper_41ac4a' is clicked on

2023-12-14 09:31:05 - [TEST_STEP][PASSED] - click(findTestObject("Object Repository/Page_Campaign_CAC_Report1/Page_/span_5")): Object: 'Object Repository/Page_Campaign_CAC_Report1/Page_/span_5' is clicked on

2023-12-14 09:31:06 - [MESSAGE][PASSED] - Object: 'Object Repository/Page_Campaign_CAC_Report1/Page_/span_5' is clicked on

2023-12-14 09:31:06 - [TEST_STEP][PASSED] - closeBrowser(): Browser is closed

2023-12-14 09:31:07 - [MESSAGE][PASSED] - Browser is closed]]></system-out>
         <system-err><![CDATA[]]></system-err>
      </testcase>
      <testcase name="Test Cases/Campaign/test_campaign_conversion_report" time="29.375" classname="Test Cases/Campaign/test_campaign_conversion_report" status="PASSED">
         <system-out><![CDATA[2023-12-14 09:31:07 - [TEST_CASE][PASSED] - Test Cases/Campaign/test_campaign_conversion_report: Test Cases/Campaign/test_campaign_conversion_report

2023-12-14 09:31:07 - [TEST_STEP][PASSED] - callTestCase(findTestCase("Reusable_Functions/Login"), [:], CONTINUE_ON_FAILURE): Call Test Case 'Test Cases/Reusable_Functions/Login' successfully

2023-12-14 09:31:07 - [TEST_CASE][PASSED] - Test Cases/Reusable_Functions/Login: Test Cases/Reusable_Functions/Login

2023-12-14 09:31:07 - [TEST_STEP][PASSED] - openBrowser(""): Browser is opened with url: ''

2023-12-14 09:31:07 - [MESSAGE][INFO] - Starting 'Chrome' driver

2023-12-14 09:31:07 - [MESSAGE][INFO] - Action delay is set to 0 milliseconds

2023-12-14 09:31:09 - [MESSAGE][PASSED] - Browser is opened with url: ''

2023-12-14 09:31:09 - [TEST_STEP][PASSED] - maximizeWindow(): Current window maximized

2023-12-14 09:31:09 - [MESSAGE][PASSED] - Current window maximized

2023-12-14 09:31:09 - [TEST_STEP][PASSED] - navigateToUrl("https://dev-dash.admetrics.ai/"): Navigate to 'https://dev-dash.admetrics.ai/' successfully

2023-12-14 09:31:09 - [MESSAGE][PASSED] - Navigate to 'https://dev-dash.admetrics.ai/' successfully

2023-12-14 09:31:09 - [TEST_STEP][PASSED] - setText(findTestObject("Object Repository/Page_Project_Title/input_User ID_username"), "admin"): Text 'admin' is set on object 'Object Repository/Page_Project_Title/input_User ID_username'

2023-12-14 09:31:12 - [MESSAGE][PASSED] - Text 'admin' is set on object 'Object Repository/Page_Project_Title/input_User ID_username'

2023-12-14 09:31:12 - [TEST_STEP][PASSED] - setEncryptedText(findTestObject("Object Repository/Page_Project_Title/input_Password_password"), "7Dxoto1EjKfQbGop/Ov+1g=="): Text ****** has been set on object 'Object Repository/Page_Project_Title/input_Password_password'

2023-12-14 09:31:13 - [MESSAGE][PASSED] - Text ****** has been set on object 'Object Repository/Page_Project_Title/input_Password_password'

2023-12-14 09:31:13 - [TEST_STEP][PASSED] - click(findTestObject("Object Repository/Page_Project_Title/button_Login")): Object: 'Object Repository/Page_Project_Title/button_Login' is clicked on

2023-12-14 09:31:13 - [MESSAGE][PASSED] - Object: 'Object Repository/Page_Project_Title/button_Login' is clicked on

2023-12-14 09:31:13 - [MESSAGE][PASSED] - Call Test Case 'Test Cases/Reusable_Functions/Login' successfully

2023-12-14 09:31:13 - [TEST_STEP][PASSED] - click(findTestObject("Object Repository/Page_Campaign_Conversion_Report/Page_/button_Access dashboard")): Object: 'Object Repository/Page_Campaign_Conversion_Report/Page_/button_Access dashboard' is clicked on

2023-12-14 09:31:16 - [MESSAGE][PASSED] - Object: 'Object Repository/Page_Campaign_Conversion_Report/Page_/button_Access dashboard' is clicked on

2023-12-14 09:31:16 - [TEST_STEP][PASSED] - verifyElementClickable(findTestObject("Object Repository/Page_Campaign_Conversion_Report/Page_/div_Campaign Conversions")): Object 'Object Repository/Page_Campaign_Conversion_Report/Page_/div_Campaign Conversions' is clickable

2023-12-14 09:31:19 - [MESSAGE][PASSED] - Object 'Object Repository/Page_Campaign_Conversion_Report/Page_/div_Campaign Conversions' is clickable

2023-12-14 09:31:19 - [TEST_STEP][PASSED] - click(findTestObject("Object Repository/Page_Campaign_Conversion_Report/Page_/div_Campaign Conversions")): Object: 'Object Repository/Page_Campaign_Conversion_Report/Page_/div_Campaign Conversions' is clicked on

2023-12-14 09:31:20 - [MESSAGE][PASSED] - Object: 'Object Repository/Page_Campaign_Conversion_Report/Page_/div_Campaign Conversions' is clicked on

2023-12-14 09:31:20 - [TEST_STEP][PASSED] - verifyElementClickable(findTestObject("Object Repository/Page_Campaign_Conversion_Report/Page_/svg_Enter a date range_mat-datepicker-toggl_ef015c")): Object 'Object Repository/Page_Campaign_Conversion_Report/Page_/svg_Enter a date range_mat-datepicker-toggl_ef015c' is clickable

2023-12-14 09:31:23 - [MESSAGE][PASSED] - Object 'Object Repository/Page_Campaign_Conversion_Report/Page_/svg_Enter a date range_mat-datepicker-toggl_ef015c' is clickable

2023-12-14 09:31:23 - [TEST_STEP][PASSED] - verifyElementClickable(findTestObject("Object Repository/Page_Campaign_Conversion_Report/Page_/mat-icon_clear")): Object 'Object Repository/Page_Campaign_Conversion_Report/Page_/mat-icon_clear' is clickable

2023-12-14 09:31:23 - [MESSAGE][PASSED] - Object 'Object Repository/Page_Campaign_Conversion_Report/Page_/mat-icon_clear' is clickable

2023-12-14 09:31:23 - [TEST_STEP][PASSED] - click(findTestObject("Object Repository/Page_Campaign_CAC_Report1/Page_/svg_Enter a date range_mat-datepicker-toggl_ef015c")): Object: 'Object Repository/Page_Campaign_CAC_Report1/Page_/svg_Enter a date range_mat-datepicker-toggl_ef015c' is clicked on

2023-12-14 09:31:24 - [MESSAGE][PASSED] - Object: 'Object Repository/Page_Campaign_CAC_Report1/Page_/svg_Enter a date range_mat-datepicker-toggl_ef015c' is clicked on

2023-12-14 09:31:24 - [TEST_STEP][PASSED] - verifyElementClickable(findTestObject("Object Repository/Page_Campaign_Conversion_Report/Page_/button_DEC 2023_mat-focus-indicator mat-cal_a1af07")): Object 'Object Repository/Page_Campaign_Conversion_Report/Page_/button_DEC 2023_mat-focus-indicator mat-cal_a1af07' is clickable

2023-12-14 09:31:25 - [MESSAGE][PASSED] - Object 'Object Repository/Page_Campaign_Conversion_Report/Page_/button_DEC 2023_mat-focus-indicator mat-cal_a1af07' is clickable

2023-12-14 09:31:25 - [TEST_STEP][PASSED] - verifyElementClickable(findTestObject("Object Repository/Page_Campaign_Conversion_Report/Page_/button_DEC 2023_mat-focus-indicator mat-cal_a1af07")): Object 'Object Repository/Page_Campaign_Conversion_Report/Page_/button_DEC 2023_mat-focus-indicator mat-cal_a1af07' is clickable

2023-12-14 09:31:25 - [MESSAGE][PASSED] - Object 'Object Repository/Page_Campaign_Conversion_Report/Page_/button_DEC 2023_mat-focus-indicator mat-cal_a1af07' is clickable

2023-12-14 09:31:25 - [TEST_STEP][PASSED] - click(findTestObject("Object Repository/Page_Campaign_Conversion_Report/Page_/button_DEC 2023_mat-focus-indicator mat-cal_a1af07")): Object: 'Object Repository/Page_Campaign_Conversion_Report/Page_/button_DEC 2023_mat-focus-indicator mat-cal_a1af07' is clicked on

2023-12-14 09:31:26 - [MESSAGE][PASSED] - Object: 'Object Repository/Page_Campaign_Conversion_Report/Page_/button_DEC 2023_mat-focus-indicator mat-cal_a1af07' is clicked on

2023-12-14 09:31:26 - [TEST_STEP][PASSED] - click(findTestObject("Object Repository/Page_Campaign_Conversion_Report/Page_/div_1")): Object: 'Object Repository/Page_Campaign_Conversion_Report/Page_/div_1' is clicked on

2023-12-14 09:31:27 - [MESSAGE][PASSED] - Object: 'Object Repository/Page_Campaign_Conversion_Report/Page_/div_1' is clicked on

2023-12-14 09:31:27 - [TEST_STEP][PASSED] - click(findTestObject("Object Repository/Page_Campaign_Conversion_Report/Page_/div_30")): Object: 'Object Repository/Page_Campaign_Conversion_Report/Page_/div_30' is clicked on

2023-12-14 09:31:27 - [MESSAGE][PASSED] - Object: 'Object Repository/Page_Campaign_Conversion_Report/Page_/div_30' is clicked on

2023-12-14 09:31:27 - [TEST_STEP][PASSED] - verifyElementText(findTestObject("Object Repository/Page_Campaign_Conversion_Report/Page_/div_Select Channel"), "Select Channel"): Actual text and expected text of test object 'Object Repository/Page_Campaign_Conversion_Report/Page_/div_Select Channel' are matched.

2023-12-14 09:31:28 - [MESSAGE][PASSED] - Actual text and expected text of test object 'Object Repository/Page_Campaign_Conversion_Report/Page_/div_Select Channel' are matched.

2023-12-14 09:31:28 - [TEST_STEP][PASSED] - verifyElementClickable(findTestObject("Object Repository/Page_Campaign_Conversion_Report/Page_/span_Google Ads_ng-arrow-wrapper")): Object 'Object Repository/Page_Campaign_Conversion_Report/Page_/span_Google Ads_ng-arrow-wrapper' is clickable

2023-12-14 09:31:29 - [MESSAGE][PASSED] - Object 'Object Repository/Page_Campaign_Conversion_Report/Page_/span_Google Ads_ng-arrow-wrapper' is clickable

2023-12-14 09:31:29 - [TEST_STEP][PASSED] - click(findTestObject("Object Repository/Page_Campaign_Conversion_Report/Page_/span_Google Ads_ng-arrow-wrapper")): Object: 'Object Repository/Page_Campaign_Conversion_Report/Page_/span_Google Ads_ng-arrow-wrapper' is clicked on

2023-12-14 09:31:29 - [MESSAGE][PASSED] - Object: 'Object Repository/Page_Campaign_Conversion_Report/Page_/span_Google Ads_ng-arrow-wrapper' is clicked on

2023-12-14 09:31:29 - [TEST_STEP][PASSED] - click(findTestObject("Object Repository/Page_Campaign_Conversion_Report/Page_/span_Google Ads_ng-arrow-wrapper")): Object: 'Object Repository/Page_Campaign_Conversion_Report/Page_/span_Google Ads_ng-arrow-wrapper' is clicked on

2023-12-14 09:31:30 - [MESSAGE][PASSED] - Object: 'Object Repository/Page_Campaign_Conversion_Report/Page_/span_Google Ads_ng-arrow-wrapper' is clicked on

2023-12-14 09:31:30 - [TEST_STEP][PASSED] - verifyElementText(findTestObject("Object Repository/Page_Campaign_Conversion_Report/Page_/div_Select Businessline"), "Select Businessline"): Actual text and expected text of test object 'Object Repository/Page_Campaign_Conversion_Report/Page_/div_Select Businessline' are matched.

2023-12-14 09:31:30 - [MESSAGE][PASSED] - Actual text and expected text of test object 'Object Repository/Page_Campaign_Conversion_Report/Page_/div_Select Businessline' are matched.

2023-12-14 09:31:30 - [TEST_STEP][PASSED] - verifyElementClickable(findTestObject("Object Repository/Page_Campaign_Conversion_Report/Page_/span_Buyer_ng-arrow-wrapper")): Object 'Object Repository/Page_Campaign_Conversion_Report/Page_/span_Buyer_ng-arrow-wrapper' is clickable

2023-12-14 09:31:31 - [MESSAGE][PASSED] - Object 'Object Repository/Page_Campaign_Conversion_Report/Page_/span_Buyer_ng-arrow-wrapper' is clickable

2023-12-14 09:31:31 - [TEST_STEP][PASSED] - click(findTestObject("Object Repository/Page_Campaign_Conversion_Report/Page_/span_Buyer_ng-arrow-wrapper")): Object: 'Object Repository/Page_Campaign_Conversion_Report/Page_/span_Buyer_ng-arrow-wrapper' is clicked on

2023-12-14 09:31:31 - [MESSAGE][PASSED] - Object: 'Object Repository/Page_Campaign_Conversion_Report/Page_/span_Buyer_ng-arrow-wrapper' is clicked on

2023-12-14 09:31:31 - [TEST_STEP][PASSED] - click(findTestObject("Object Repository/Page_Campaign_Conversion_Report/Page_/span_Buyer_ng-arrow-wrapper")): Object: 'Object Repository/Page_Campaign_Conversion_Report/Page_/span_Buyer_ng-arrow-wrapper' is clicked on

2023-12-14 09:31:32 - [MESSAGE][PASSED] - Object: 'Object Repository/Page_Campaign_Conversion_Report/Page_/span_Buyer_ng-arrow-wrapper' is clicked on

2023-12-14 09:31:32 - [TEST_STEP][PASSED] - verifyElementText(findTestObject("Object Repository/Page_Campaign_Conversion_Report/Page_/div_Select Campaign Status"), "Select Campaign Status"): Actual text and expected text of test object 'Object Repository/Page_Campaign_Conversion_Report/Page_/div_Select Campaign Status' are matched.

2023-12-14 09:31:32 - [MESSAGE][PASSED] - Actual text and expected text of test object 'Object Repository/Page_Campaign_Conversion_Report/Page_/div_Select Campaign Status' are matched.

2023-12-14 09:31:32 - [TEST_STEP][PASSED] - verifyElementClickable(findTestObject("Object Repository/Page_Campaign_Conversion_Report/Page_/span_ENABLED_ng-arrow-wrapper")): Object 'Object Repository/Page_Campaign_Conversion_Report/Page_/span_ENABLED_ng-arrow-wrapper' is clickable

2023-12-14 09:31:33 - [MESSAGE][PASSED] - Object 'Object Repository/Page_Campaign_Conversion_Report/Page_/span_ENABLED_ng-arrow-wrapper' is clickable

2023-12-14 09:31:33 - [TEST_STEP][PASSED] - click(findTestObject("Object Repository/Page_Campaign_Conversion_Report/Page_/span_ENABLED_ng-arrow-wrapper")): Object: 'Object Repository/Page_Campaign_Conversion_Report/Page_/span_ENABLED_ng-arrow-wrapper' is clicked on

2023-12-14 09:31:33 - [MESSAGE][PASSED] - Object: 'Object Repository/Page_Campaign_Conversion_Report/Page_/span_ENABLED_ng-arrow-wrapper' is clicked on

2023-12-14 09:31:33 - [TEST_STEP][PASSED] - click(findTestObject("Object Repository/Page_Campaign_Conversion_Report/Page_/span_ENABLED_ng-arrow-wrapper")): Object: 'Object Repository/Page_Campaign_Conversion_Report/Page_/span_ENABLED_ng-arrow-wrapper' is clicked on

2023-12-14 09:31:34 - [MESSAGE][PASSED] - Object: 'Object Repository/Page_Campaign_Conversion_Report/Page_/span_ENABLED_ng-arrow-wrapper' is clicked on

2023-12-14 09:31:34 - [TEST_STEP][PASSED] - verifyElementText(findTestObject("Object Repository/Page_Campaign_Conversion_Report/Page_/div_Select Campaign Name"), "Select Campaign Name"): Actual text and expected text of test object 'Object Repository/Page_Campaign_Conversion_Report/Page_/div_Select Campaign Name' are matched.

2023-12-14 09:31:34 - [MESSAGE][PASSED] - Actual text and expected text of test object 'Object Repository/Page_Campaign_Conversion_Report/Page_/div_Select Campaign Name' are matched.

2023-12-14 09:31:34 - [TEST_STEP][PASSED] - verifyElementClickable(findTestObject("Object Repository/Page_Campaign_Conversion_Report/Page_/span_Select Campaign Name_ng-arrow-wrapper")): Object 'Object Repository/Page_Campaign_Conversion_Report/Page_/span_Select Campaign Name_ng-arrow-wrapper' is clickable

2023-12-14 09:31:35 - [MESSAGE][PASSED] - Object 'Object Repository/Page_Campaign_Conversion_Report/Page_/span_Select Campaign Name_ng-arrow-wrapper' is clickable

2023-12-14 09:31:35 - [TEST_STEP][PASSED] - click(findTestObject("Object Repository/Page_Campaign_Conversion_Report/Page_/span_Select Campaign Name_ng-arrow-wrapper_1")): Object: 'Object Repository/Page_Campaign_Conversion_Report/Page_/span_Select Campaign Name_ng-arrow-wrapper_1' is clicked on

2023-12-14 09:31:35 - [MESSAGE][PASSED] - Object: 'Object Repository/Page_Campaign_Conversion_Report/Page_/span_Select Campaign Name_ng-arrow-wrapper_1' is clicked on

2023-12-14 09:31:35 - [TEST_STEP][PASSED] - closeBrowser(): Browser is closed

2023-12-14 09:31:36 - [MESSAGE][PASSED] - Browser is closed]]></system-out>
         <system-err><![CDATA[]]></system-err>
      </testcase>
      <testcase name="Test Cases/Campaign/test_campaign_metric_table" time="53.23" classname="Test Cases/Campaign/test_campaign_metric_table" status="PASSED">
         <system-out><![CDATA[2023-12-14 09:31:36 - [TEST_CASE][PASSED] - Test Cases/Campaign/test_campaign_metric_table: Test Cases/Campaign/test_campaign_metric_table

2023-12-14 09:31:37 - [TEST_STEP][PASSED] - callTestCase(findTestCase("Reusable_Functions/Login"), [:], CONTINUE_ON_FAILURE): Call Test Case 'Test Cases/Reusable_Functions/Login' successfully

2023-12-14 09:31:37 - [TEST_CASE][PASSED] - Test Cases/Reusable_Functions/Login: Test Cases/Reusable_Functions/Login

2023-12-14 09:31:37 - [TEST_STEP][PASSED] - openBrowser(""): Browser is opened with url: ''

2023-12-14 09:31:37 - [MESSAGE][INFO] - Starting 'Chrome' driver

2023-12-14 09:31:37 - [MESSAGE][INFO] - Action delay is set to 0 milliseconds

2023-12-14 09:31:38 - [MESSAGE][PASSED] - Browser is opened with url: ''

2023-12-14 09:31:38 - [TEST_STEP][PASSED] - maximizeWindow(): Current window maximized

2023-12-14 09:31:38 - [MESSAGE][PASSED] - Current window maximized

2023-12-14 09:31:38 - [TEST_STEP][PASSED] - navigateToUrl("https://dev-dash.admetrics.ai/"): Navigate to 'https://dev-dash.admetrics.ai/' successfully

2023-12-14 09:31:39 - [MESSAGE][PASSED] - Navigate to 'https://dev-dash.admetrics.ai/' successfully

2023-12-14 09:31:39 - [TEST_STEP][PASSED] - setText(findTestObject("Object Repository/Page_Project_Title/input_User ID_username"), "admin"): Text 'admin' is set on object 'Object Repository/Page_Project_Title/input_User ID_username'

2023-12-14 09:31:42 - [MESSAGE][PASSED] - Text 'admin' is set on object 'Object Repository/Page_Project_Title/input_User ID_username'

2023-12-14 09:31:42 - [TEST_STEP][PASSED] - setEncryptedText(findTestObject("Object Repository/Page_Project_Title/input_Password_password"), "7Dxoto1EjKfQbGop/Ov+1g=="): Text ****** has been set on object 'Object Repository/Page_Project_Title/input_Password_password'

2023-12-14 09:31:43 - [MESSAGE][PASSED] - Text ****** has been set on object 'Object Repository/Page_Project_Title/input_Password_password'

2023-12-14 09:31:43 - [TEST_STEP][PASSED] - click(findTestObject("Object Repository/Page_Project_Title/button_Login")): Object: 'Object Repository/Page_Project_Title/button_Login' is clicked on

2023-12-14 09:31:43 - [MESSAGE][PASSED] - Object: 'Object Repository/Page_Project_Title/button_Login' is clicked on

2023-12-14 09:31:43 - [MESSAGE][PASSED] - Call Test Case 'Test Cases/Reusable_Functions/Login' successfully

2023-12-14 09:31:43 - [TEST_STEP][PASSED] - click(findTestObject("Object Repository/Page_Campaign_Metric_Table/Page_/button_Access dashboard")): Object: 'Object Repository/Page_Campaign_Metric_Table/Page_/button_Access dashboard' is clicked on

2023-12-14 09:31:45 - [MESSAGE][PASSED] - Object: 'Object Repository/Page_Campaign_Metric_Table/Page_/button_Access dashboard' is clicked on

2023-12-14 09:31:45 - [TEST_STEP][PASSED] - verifyElementClickable(findTestObject("Object Repository/Page_Campaign_Metric_Table/Page_/div_Campaign Metrics")): Object 'Object Repository/Page_Campaign_Metric_Table/Page_/div_Campaign Metrics' is clickable

2023-12-14 09:31:50 - [MESSAGE][PASSED] - Object 'Object Repository/Page_Campaign_Metric_Table/Page_/div_Campaign Metrics' is clickable

2023-12-14 09:31:50 - [TEST_STEP][PASSED] - click(findTestObject("Object Repository/Page_Campaign_Metric_Table/Page_/div_Campaign Metrics")): Object: 'Object Repository/Page_Campaign_Metric_Table/Page_/div_Campaign Metrics' is clicked on

2023-12-14 09:31:50 - [MESSAGE][PASSED] - Object: 'Object Repository/Page_Campaign_Metric_Table/Page_/div_Campaign Metrics' is clicked on

2023-12-14 09:31:50 - [TEST_STEP][PASSED] - verifyElementClickable(findTestObject("Object Repository/Page_Campaign_Metric_Table/Page_/svg_Enter a date range_mat-datepicker-toggl_ef015c")): Object 'Object Repository/Page_Campaign_Metric_Table/Page_/svg_Enter a date range_mat-datepicker-toggl_ef015c' is clickable

2023-12-14 09:31:53 - [MESSAGE][PASSED] - Object 'Object Repository/Page_Campaign_Metric_Table/Page_/svg_Enter a date range_mat-datepicker-toggl_ef015c' is clickable

2023-12-14 09:31:53 - [TEST_STEP][PASSED] - verifyElementClickable(findTestObject("Object Repository/Page_Campaign_Metric_Table/Page_/mat-icon_clear")): Object 'Object Repository/Page_Campaign_Metric_Table/Page_/mat-icon_clear' is clickable

2023-12-14 09:31:54 - [MESSAGE][PASSED] - Object 'Object Repository/Page_Campaign_Metric_Table/Page_/mat-icon_clear' is clickable

2023-12-14 09:31:54 - [TEST_STEP][PASSED] - click(findTestObject("Object Repository/Page_Campaign_Metric_Table/Page_/svg_Enter a date range_mat-datepicker-toggl_ef015c")): Object: 'Object Repository/Page_Campaign_Metric_Table/Page_/svg_Enter a date range_mat-datepicker-toggl_ef015c' is clicked on

2023-12-14 09:31:54 - [MESSAGE][PASSED] - Object: 'Object Repository/Page_Campaign_Metric_Table/Page_/svg_Enter a date range_mat-datepicker-toggl_ef015c' is clicked on

2023-12-14 09:31:54 - [TEST_STEP][PASSED] - verifyElementClickable(findTestObject("Object Repository/Page_Campaign_Metric_Table/Page_/button_DEC 2023_mat-focus-indicator mat-cal_bd9491")): Object 'Object Repository/Page_Campaign_Metric_Table/Page_/button_DEC 2023_mat-focus-indicator mat-cal_bd9491' is clickable

2023-12-14 09:31:55 - [MESSAGE][PASSED] - Object 'Object Repository/Page_Campaign_Metric_Table/Page_/button_DEC 2023_mat-focus-indicator mat-cal_bd9491' is clickable

2023-12-14 09:31:55 - [TEST_STEP][PASSED] - click(findTestObject("Object Repository/Page_Campaign_Metric_Table/Page_/button_DEC 2023_mat-focus-indicator mat-cal_bd9491")): Object: 'Object Repository/Page_Campaign_Metric_Table/Page_/button_DEC 2023_mat-focus-indicator mat-cal_bd9491' is clicked on

2023-12-14 09:31:56 - [MESSAGE][PASSED] - Object: 'Object Repository/Page_Campaign_Metric_Table/Page_/button_DEC 2023_mat-focus-indicator mat-cal_bd9491' is clicked on

2023-12-14 09:31:56 - [TEST_STEP][PASSED] - click(findTestObject("Object Repository/Page_Campaign_Metric_Table/Page_/button_DEC 2023_mat-focus-indicator mat-cal_bd9491")): Object: 'Object Repository/Page_Campaign_Metric_Table/Page_/button_DEC 2023_mat-focus-indicator mat-cal_bd9491' is clicked on

2023-12-14 09:31:57 - [MESSAGE][PASSED] - Object: 'Object Repository/Page_Campaign_Metric_Table/Page_/button_DEC 2023_mat-focus-indicator mat-cal_bd9491' is clicked on

2023-12-14 09:31:57 - [TEST_STEP][PASSED] - click(findTestObject("Object Repository/Page_Campaign_Metric_Table/Page_/div_1")): Object: 'Object Repository/Page_Campaign_Metric_Table/Page_/div_1' is clicked on

2023-12-14 09:31:58 - [MESSAGE][PASSED] - Object: 'Object Repository/Page_Campaign_Metric_Table/Page_/div_1' is clicked on

2023-12-14 09:31:58 - [TEST_STEP][PASSED] - click(findTestObject("Object Repository/Page_Campaign_Metric_Table/Page_/div_31")): Object: 'Object Repository/Page_Campaign_Metric_Table/Page_/div_31' is clicked on

2023-12-14 09:31:58 - [MESSAGE][PASSED] - Object: 'Object Repository/Page_Campaign_Metric_Table/Page_/div_31' is clicked on

2023-12-14 09:31:58 - [TEST_STEP][PASSED] - verifyElementText(findTestObject("Object Repository/Page_Campaign_Metric_Table/Page_/div_Select Channel"), "Select Channel"): Actual text and expected text of test object 'Object Repository/Page_Campaign_Metric_Table/Page_/div_Select Channel' are matched.

2023-12-14 09:31:59 - [MESSAGE][PASSED] - Actual text and expected text of test object 'Object Repository/Page_Campaign_Metric_Table/Page_/div_Select Channel' are matched.

2023-12-14 09:31:59 - [TEST_STEP][PASSED] - verifyElementClickable(findTestObject("Object Repository/Page_Campaign_Metric_Table/Page_/span_Google Ads_ng-arrow-wrapper")): Object 'Object Repository/Page_Campaign_Metric_Table/Page_/span_Google Ads_ng-arrow-wrapper' is clickable

2023-12-14 09:32:00 - [MESSAGE][PASSED] - Object 'Object Repository/Page_Campaign_Metric_Table/Page_/span_Google Ads_ng-arrow-wrapper' is clickable

2023-12-14 09:32:00 - [TEST_STEP][PASSED] - click(findTestObject("Object Repository/Page_Campaign_Metric_Table/Page_/span_Google Ads_ng-arrow-wrapper")): Object: 'Object Repository/Page_Campaign_Metric_Table/Page_/span_Google Ads_ng-arrow-wrapper' is clicked on

2023-12-14 09:32:00 - [MESSAGE][PASSED] - Object: 'Object Repository/Page_Campaign_Metric_Table/Page_/span_Google Ads_ng-arrow-wrapper' is clicked on

2023-12-14 09:32:00 - [TEST_STEP][PASSED] - click(findTestObject("Object Repository/Page_Campaign_Metric_Table/Page_/span_Google Ads_ng-arrow-wrapper")): Object: 'Object Repository/Page_Campaign_Metric_Table/Page_/span_Google Ads_ng-arrow-wrapper' is clicked on

2023-12-14 09:32:01 - [MESSAGE][PASSED] - Object: 'Object Repository/Page_Campaign_Metric_Table/Page_/span_Google Ads_ng-arrow-wrapper' is clicked on

2023-12-14 09:32:01 - [TEST_STEP][PASSED] - verifyElementText(findTestObject("Object Repository/Page_Campaign_Metric_Table/Page_/div_Select Businessline"), "Select Businessline"): Actual text and expected text of test object 'Object Repository/Page_Campaign_Metric_Table/Page_/div_Select Businessline' are matched.

2023-12-14 09:32:01 - [MESSAGE][PASSED] - Actual text and expected text of test object 'Object Repository/Page_Campaign_Metric_Table/Page_/div_Select Businessline' are matched.

2023-12-14 09:32:01 - [TEST_STEP][PASSED] - verifyElementClickable(findTestObject("Object Repository/Page_Campaign_Metric_Table/Page_/span_Buyer_ng-arrow-wrapper")): Object 'Object Repository/Page_Campaign_Metric_Table/Page_/span_Buyer_ng-arrow-wrapper' is clickable

2023-12-14 09:32:02 - [MESSAGE][PASSED] - Object 'Object Repository/Page_Campaign_Metric_Table/Page_/span_Buyer_ng-arrow-wrapper' is clickable

2023-12-14 09:32:02 - [TEST_STEP][PASSED] - doubleClick(findTestObject("Object Repository/Page_Campaign_Metric_Table/Page_/span_Buyer_ng-arrow-wrapper")): Object: 'Object Repository/Page_Campaign_Metric_Table/Page_/span_Buyer_ng-arrow-wrapper' is double clicked on

2023-12-14 09:32:02 - [MESSAGE][PASSED] - Object: 'Object Repository/Page_Campaign_Metric_Table/Page_/span_Buyer_ng-arrow-wrapper' is double clicked on

2023-12-14 09:32:02 - [TEST_STEP][PASSED] - verifyElementText(findTestObject("Object Repository/Page_Campaign_Metric_Table/Page_/div_Select Campaign Status"), "Select Campaign Status"): Actual text and expected text of test object 'Object Repository/Page_Campaign_Metric_Table/Page_/div_Select Campaign Status' are matched.

2023-12-14 09:32:03 - [MESSAGE][PASSED] - Actual text and expected text of test object 'Object Repository/Page_Campaign_Metric_Table/Page_/div_Select Campaign Status' are matched.

2023-12-14 09:32:03 - [TEST_STEP][PASSED] - verifyElementClickable(findTestObject("Object Repository/Page_Campaign_Metric_Table/Page_/span_ENABLED_ng-arrow-wrapper")): Object 'Object Repository/Page_Campaign_Metric_Table/Page_/span_ENABLED_ng-arrow-wrapper' is clickable

2023-12-14 09:32:03 - [MESSAGE][PASSED] - Object 'Object Repository/Page_Campaign_Metric_Table/Page_/span_ENABLED_ng-arrow-wrapper' is clickable

2023-12-14 09:32:03 - [TEST_STEP][PASSED] - click(findTestObject("Object Repository/Page_Campaign_Metric_Table/Page_/span_ENABLED_ng-arrow-wrapper")): Object: 'Object Repository/Page_Campaign_Metric_Table/Page_/span_ENABLED_ng-arrow-wrapper' is clicked on

2023-12-14 09:32:04 - [MESSAGE][PASSED] - Object: 'Object Repository/Page_Campaign_Metric_Table/Page_/span_ENABLED_ng-arrow-wrapper' is clicked on

2023-12-14 09:32:04 - [TEST_STEP][PASSED] - click(findTestObject("Object Repository/Page_Campaign_Metric_Table/Page_/span_ENABLED_ng-arrow-wrapper")): Object: 'Object Repository/Page_Campaign_Metric_Table/Page_/span_ENABLED_ng-arrow-wrapper' is clicked on

2023-12-14 09:32:05 - [MESSAGE][PASSED] - Object: 'Object Repository/Page_Campaign_Metric_Table/Page_/span_ENABLED_ng-arrow-wrapper' is clicked on

2023-12-14 09:32:05 - [TEST_STEP][PASSED] - verifyElementText(findTestObject("Object Repository/Page_Campaign_Metric_Table/Page_/input_text"), ""): Actual text and expected text of test object 'Object Repository/Page_Campaign_Metric_Table/Page_/input_text' are matched.

2023-12-14 09:32:05 - [MESSAGE][PASSED] - Actual text and expected text of test object 'Object Repository/Page_Campaign_Metric_Table/Page_/input_text' are matched.

2023-12-14 09:32:05 - [TEST_STEP][PASSED] - verifyElementClickable(findTestObject("Object Repository/Page_Campaign_Metric_Table/Page_/span_Select Campaign Name_ng-arrow-wrapper")): Object 'Object Repository/Page_Campaign_Metric_Table/Page_/span_Select Campaign Name_ng-arrow-wrapper' is clickable

2023-12-14 09:32:06 - [MESSAGE][PASSED] - Object 'Object Repository/Page_Campaign_Metric_Table/Page_/span_Select Campaign Name_ng-arrow-wrapper' is clickable

2023-12-14 09:32:06 - [TEST_STEP][PASSED] - click(findTestObject("Object Repository/Page_Campaign_Metric_Table/Page_/span_Select Campaign Name_ng-arrow-wrapper_1")): Object: 'Object Repository/Page_Campaign_Metric_Table/Page_/span_Select Campaign Name_ng-arrow-wrapper_1' is clicked on

2023-12-14 09:32:06 - [MESSAGE][PASSED] - Object: 'Object Repository/Page_Campaign_Metric_Table/Page_/span_Select Campaign Name_ng-arrow-wrapper_1' is clicked on

2023-12-14 09:32:06 - [TEST_STEP][PASSED] - click(findTestObject("Object Repository/Page_Campaign_Metric_Table/Page_/span_Select Campaign Name_ng-arrow-wrapper_1_2")): Object: 'Object Repository/Page_Campaign_Metric_Table/Page_/span_Select Campaign Name_ng-arrow-wrapper_1_2' is clicked on

2023-12-14 09:32:07 - [MESSAGE][PASSED] - Object: 'Object Repository/Page_Campaign_Metric_Table/Page_/span_Select Campaign Name_ng-arrow-wrapper_1_2' is clicked on

2023-12-14 09:32:07 - [TEST_STEP][PASSED] - verifyElementText(findTestObject("Object Repository/Page_Campaign_Metric_Table/Page_/h2_Campaign Metrics"), "Campaign Metrics"): Actual text and expected text of test object 'Object Repository/Page_Campaign_Metric_Table/Page_/h2_Campaign Metrics' are matched.

2023-12-14 09:32:07 - [MESSAGE][PASSED] - Actual text and expected text of test object 'Object Repository/Page_Campaign_Metric_Table/Page_/h2_Campaign Metrics' are matched.

2023-12-14 09:32:07 - [TEST_STEP][PASSED] - verifyElementText(findTestObject("Object Repository/Page_Campaign_Metric_Table/Page_/div_Date"), "Date"): Actual text and expected text of test object 'Object Repository/Page_Campaign_Metric_Table/Page_/div_Date' are matched.

2023-12-14 09:32:08 - [MESSAGE][PASSED] - Actual text and expected text of test object 'Object Repository/Page_Campaign_Metric_Table/Page_/div_Date' are matched.

2023-12-14 09:32:08 - [TEST_STEP][PASSED] - verifyElementClickable(findTestObject("Object Repository/Page_Campaign_Metric_Table/Page_/div_Date_mat-sort-header-arrow ng-trigger n_fe89c8")): Object 'Object Repository/Page_Campaign_Metric_Table/Page_/div_Date_mat-sort-header-arrow ng-trigger n_fe89c8' is clickable

2023-12-14 09:32:08 - [MESSAGE][PASSED] - Object 'Object Repository/Page_Campaign_Metric_Table/Page_/div_Date_mat-sort-header-arrow ng-trigger n_fe89c8' is clickable

2023-12-14 09:32:08 - [TEST_STEP][PASSED] - click(findTestObject("Object Repository/Page_Campaign_Metric_Table/Page_/div_Date_mat-sort-header-arrow ng-trigger n_b4c982")): Object: 'Object Repository/Page_Campaign_Metric_Table/Page_/div_Date_mat-sort-header-arrow ng-trigger n_b4c982' is clicked on

2023-12-14 09:32:09 - [MESSAGE][PASSED] - Object: 'Object Repository/Page_Campaign_Metric_Table/Page_/div_Date_mat-sort-header-arrow ng-trigger n_b4c982' is clicked on

2023-12-14 09:32:09 - [TEST_STEP][PASSED] - verifyElementText(findTestObject("Object Repository/Page_Campaign_Metric_Table/Page_/div_Channel"), "Channel"): Actual text and expected text of test object 'Object Repository/Page_Campaign_Metric_Table/Page_/div_Channel' are matched.

2023-12-14 09:32:09 - [MESSAGE][PASSED] - Actual text and expected text of test object 'Object Repository/Page_Campaign_Metric_Table/Page_/div_Channel' are matched.

2023-12-14 09:32:09 - [TEST_STEP][PASSED] - verifyElementClickable(findTestObject("Object Repository/Page_Campaign_Metric_Table/Page_/div_Channel_mat-sort-header-arrow ng-trigge_fafc0e")): Object 'Object Repository/Page_Campaign_Metric_Table/Page_/div_Channel_mat-sort-header-arrow ng-trigge_fafc0e' is clickable

2023-12-14 09:32:10 - [MESSAGE][PASSED] - Object 'Object Repository/Page_Campaign_Metric_Table/Page_/div_Channel_mat-sort-header-arrow ng-trigge_fafc0e' is clickable

2023-12-14 09:32:10 - [TEST_STEP][PASSED] - click(findTestObject("Object Repository/Page_Campaign_Metric_Table/Page_/div_Channel_mat-sort-header-stem ng-tns-c99-16")): Object: 'Object Repository/Page_Campaign_Metric_Table/Page_/div_Channel_mat-sort-header-stem ng-tns-c99-16' is clicked on

2023-12-14 09:32:10 - [MESSAGE][PASSED] - Object: 'Object Repository/Page_Campaign_Metric_Table/Page_/div_Channel_mat-sort-header-stem ng-tns-c99-16' is clicked on

2023-12-14 09:32:10 - [TEST_STEP][PASSED] - verifyElementText(findTestObject("Object Repository/Page_Campaign_Metric_Table/Page_/div_Campaign Name"), "Campaign Name"): Actual text and expected text of test object 'Object Repository/Page_Campaign_Metric_Table/Page_/div_Campaign Name' are matched.

2023-12-14 09:32:11 - [MESSAGE][PASSED] - Actual text and expected text of test object 'Object Repository/Page_Campaign_Metric_Table/Page_/div_Campaign Name' are matched.

2023-12-14 09:32:11 - [TEST_STEP][PASSED] - verifyElementClickable(findTestObject("Object Repository/Page_Campaign_Metric_Table/Page_/div_Campaign Name_mat-sort-header-arrow ng-_b639d6")): Object 'Object Repository/Page_Campaign_Metric_Table/Page_/div_Campaign Name_mat-sort-header-arrow ng-_b639d6' is clickable

2023-12-14 09:32:11 - [MESSAGE][PASSED] - Object 'Object Repository/Page_Campaign_Metric_Table/Page_/div_Campaign Name_mat-sort-header-arrow ng-_b639d6' is clickable

2023-12-14 09:32:11 - [TEST_STEP][PASSED] - click(findTestObject("Object Repository/Page_Campaign_Metric_Table/Page_/div_Campaign Name_mat-sort-header-stem ng-t_f89802")): Object: 'Object Repository/Page_Campaign_Metric_Table/Page_/div_Campaign Name_mat-sort-header-stem ng-t_f89802' is clicked on

2023-12-14 09:32:12 - [MESSAGE][PASSED] - Object: 'Object Repository/Page_Campaign_Metric_Table/Page_/div_Campaign Name_mat-sort-header-stem ng-t_f89802' is clicked on

2023-12-14 09:32:12 - [TEST_STEP][PASSED] - verifyElementText(findTestObject("Object Repository/Page_Campaign_Metric_Table/Page_/div_Clicks"), "Clicks"): Actual text and expected text of test object 'Object Repository/Page_Campaign_Metric_Table/Page_/div_Clicks' are matched.

2023-12-14 09:32:12 - [MESSAGE][PASSED] - Actual text and expected text of test object 'Object Repository/Page_Campaign_Metric_Table/Page_/div_Clicks' are matched.

2023-12-14 09:32:12 - [TEST_STEP][PASSED] - verifyElementClickable(findTestObject("Object Repository/Page_Campaign_Metric_Table/Page_/div_Clicks_mat-sort-header-stem ng-tns-c99-18_1")): Object 'Object Repository/Page_Campaign_Metric_Table/Page_/div_Clicks_mat-sort-header-stem ng-tns-c99-18_1' is clickable

2023-12-14 09:32:13 - [MESSAGE][PASSED] - Object 'Object Repository/Page_Campaign_Metric_Table/Page_/div_Clicks_mat-sort-header-stem ng-tns-c99-18_1' is clickable

2023-12-14 09:32:13 - [TEST_STEP][PASSED] - click(findTestObject("Object Repository/Page_Campaign_Metric_Table/Page_/div_Clicks_mat-sort-header-arrow ng-trigger_1fb1a2")): Object: 'Object Repository/Page_Campaign_Metric_Table/Page_/div_Clicks_mat-sort-header-arrow ng-trigger_1fb1a2' is clicked on

2023-12-14 09:32:14 - [MESSAGE][PASSED] - Object: 'Object Repository/Page_Campaign_Metric_Table/Page_/div_Clicks_mat-sort-header-arrow ng-trigger_1fb1a2' is clicked on

2023-12-14 09:32:14 - [TEST_STEP][PASSED] - verifyElementText(findTestObject("Object Repository/Page_Campaign_Metric_Table/Page_/div_Impressions"), "Impressions"): Actual text and expected text of test object 'Object Repository/Page_Campaign_Metric_Table/Page_/div_Impressions' are matched.

2023-12-14 09:32:14 - [MESSAGE][PASSED] - Actual text and expected text of test object 'Object Repository/Page_Campaign_Metric_Table/Page_/div_Impressions' are matched.

2023-12-14 09:32:14 - [TEST_STEP][PASSED] - verifyElementClickable(findTestObject("Object Repository/Page_Campaign_Metric_Table/Page_/div_Impressions_mat-sort-header-stem ng-tns-c99-19_1")): Object 'Object Repository/Page_Campaign_Metric_Table/Page_/div_Impressions_mat-sort-header-stem ng-tns-c99-19_1' is clickable

2023-12-14 09:32:15 - [MESSAGE][PASSED] - Object 'Object Repository/Page_Campaign_Metric_Table/Page_/div_Impressions_mat-sort-header-stem ng-tns-c99-19_1' is clickable

2023-12-14 09:32:15 - [TEST_STEP][PASSED] - click(findTestObject("Object Repository/Page_Campaign_Metric_Table/Page_/div_Impressions_mat-sort-header-stem ng-tns-c99-19")): Object: 'Object Repository/Page_Campaign_Metric_Table/Page_/div_Impressions_mat-sort-header-stem ng-tns-c99-19' is clicked on

2023-12-14 09:32:15 - [MESSAGE][PASSED] - Object: 'Object Repository/Page_Campaign_Metric_Table/Page_/div_Impressions_mat-sort-header-stem ng-tns-c99-19' is clicked on

2023-12-14 09:32:15 - [TEST_STEP][PASSED] - verifyElementText(findTestObject("Object Repository/Page_Campaign_Metric_Table/Page_/div_CTR"), "CTR"): Actual text and expected text of test object 'Object Repository/Page_Campaign_Metric_Table/Page_/div_CTR' are matched.

2023-12-14 09:32:16 - [MESSAGE][PASSED] - Actual text and expected text of test object 'Object Repository/Page_Campaign_Metric_Table/Page_/div_CTR' are matched.

2023-12-14 09:32:16 - [TEST_STEP][PASSED] - verifyElementClickable(findTestObject("Object Repository/Page_Campaign_Metric_Table/Page_/div_CTR_mat-sort-header-arrow ng-trigger ng_722320")): Object 'Object Repository/Page_Campaign_Metric_Table/Page_/div_CTR_mat-sort-header-arrow ng-trigger ng_722320' is clickable

2023-12-14 09:32:16 - [MESSAGE][PASSED] - Object 'Object Repository/Page_Campaign_Metric_Table/Page_/div_CTR_mat-sort-header-arrow ng-trigger ng_722320' is clickable

2023-12-14 09:32:16 - [TEST_STEP][PASSED] - click(findTestObject("Object Repository/Page_Campaign_Metric_Table/Page_/div_CTR_mat-sort-header-arrow ng-trigger ng_722320")): Object: 'Object Repository/Page_Campaign_Metric_Table/Page_/div_CTR_mat-sort-header-arrow ng-trigger ng_722320' is clicked on

2023-12-14 09:32:17 - [MESSAGE][PASSED] - Object: 'Object Repository/Page_Campaign_Metric_Table/Page_/div_CTR_mat-sort-header-arrow ng-trigger ng_722320' is clicked on

2023-12-14 09:32:17 - [TEST_STEP][PASSED] - verifyElementText(findTestObject("Object Repository/Page_Campaign_Metric_Table/Page_/div_Reach"), "Reach"): Actual text and expected text of test object 'Object Repository/Page_Campaign_Metric_Table/Page_/div_Reach' are matched.

2023-12-14 09:32:17 - [MESSAGE][PASSED] - Actual text and expected text of test object 'Object Repository/Page_Campaign_Metric_Table/Page_/div_Reach' are matched.

2023-12-14 09:32:17 - [TEST_STEP][PASSED] - verifyElementClickable(findTestObject("Object Repository/Page_Campaign_Metric_Table/Page_/div_Reach_mat-sort-header-arrow ng-trigger _a51bd7")): Object 'Object Repository/Page_Campaign_Metric_Table/Page_/div_Reach_mat-sort-header-arrow ng-trigger _a51bd7' is clickable

2023-12-14 09:32:18 - [MESSAGE][PASSED] - Object 'Object Repository/Page_Campaign_Metric_Table/Page_/div_Reach_mat-sort-header-arrow ng-trigger _a51bd7' is clickable

2023-12-14 09:32:18 - [TEST_STEP][PASSED] - click(findTestObject("Object Repository/Page_Campaign_Metric_Table/Page_/div_Reach_mat-sort-header-arrow ng-trigger _e0742d")): Object: 'Object Repository/Page_Campaign_Metric_Table/Page_/div_Reach_mat-sort-header-arrow ng-trigger _e0742d' is clicked on

2023-12-14 09:32:18 - [MESSAGE][PASSED] - Object: 'Object Repository/Page_Campaign_Metric_Table/Page_/div_Reach_mat-sort-header-arrow ng-trigger _e0742d' is clicked on

2023-12-14 09:32:18 - [TEST_STEP][PASSED] - verifyElementText(findTestObject("Object Repository/Page_Campaign_Metric_Table/Page_/div_Spend"), "Spend"): Actual text and expected text of test object 'Object Repository/Page_Campaign_Metric_Table/Page_/div_Spend' are matched.

2023-12-14 09:32:19 - [MESSAGE][PASSED] - Actual text and expected text of test object 'Object Repository/Page_Campaign_Metric_Table/Page_/div_Spend' are matched.

2023-12-14 09:32:19 - [TEST_STEP][PASSED] - verifyElementClickable(findTestObject("Object Repository/Page_Campaign_Metric_Table/Page_/div_Spend_mat-sort-header-stem ng-tns-c99-22_1")): Object 'Object Repository/Page_Campaign_Metric_Table/Page_/div_Spend_mat-sort-header-stem ng-tns-c99-22_1' is clickable

2023-12-14 09:32:19 - [MESSAGE][PASSED] - Object 'Object Repository/Page_Campaign_Metric_Table/Page_/div_Spend_mat-sort-header-stem ng-tns-c99-22_1' is clickable

2023-12-14 09:32:19 - [TEST_STEP][PASSED] - click(findTestObject("Object Repository/Page_Campaign_Metric_Table/Page_/div_Spend_mat-sort-header-arrow ng-trigger _df96b4")): Object: 'Object Repository/Page_Campaign_Metric_Table/Page_/div_Spend_mat-sort-header-arrow ng-trigger _df96b4' is clicked on

2023-12-14 09:32:20 - [MESSAGE][PASSED] - Object: 'Object Repository/Page_Campaign_Metric_Table/Page_/div_Spend_mat-sort-header-arrow ng-trigger _df96b4' is clicked on

2023-12-14 09:32:20 - [TEST_STEP][PASSED] - verifyElementText(findTestObject("Object Repository/Page_Campaign_Metric_Table/Page_/div_Items per page"), "Items per page:"): Actual text and expected text of test object 'Object Repository/Page_Campaign_Metric_Table/Page_/div_Items per page' are matched.

2023-12-14 09:32:20 - [MESSAGE][PASSED] - Actual text and expected text of test object 'Object Repository/Page_Campaign_Metric_Table/Page_/div_Items per page' are matched.

2023-12-14 09:32:20 - [TEST_STEP][PASSED] - verifyElementClickable(findTestObject("Object Repository/Page_Campaign_Metric_Table/Page_/div_Items per page_mat-select-arrow ng-tns-c110-14")): Object 'Object Repository/Page_Campaign_Metric_Table/Page_/div_Items per page_mat-select-arrow ng-tns-c110-14' is clickable

2023-12-14 09:32:21 - [MESSAGE][PASSED] - Object 'Object Repository/Page_Campaign_Metric_Table/Page_/div_Items per page_mat-select-arrow ng-tns-c110-14' is clickable

2023-12-14 09:32:21 - [TEST_STEP][PASSED] - verifyElementClickable(findTestObject("Object Repository/Page_Campaign_Metric_Table/Page_/svg_Items per page_mat-paginator-icon")): Object 'Object Repository/Page_Campaign_Metric_Table/Page_/svg_Items per page_mat-paginator-icon' is clickable

2023-12-14 09:32:21 - [MESSAGE][PASSED] - Object 'Object Repository/Page_Campaign_Metric_Table/Page_/svg_Items per page_mat-paginator-icon' is clickable

2023-12-14 09:32:21 - [TEST_STEP][PASSED] - click(findTestObject("Object Repository/Page_Campaign_Metric_Table/Page_/svg_Items per page_mat-paginator-icon")): Object: 'Object Repository/Page_Campaign_Metric_Table/Page_/svg_Items per page_mat-paginator-icon' is clicked on

2023-12-14 09:32:22 - [MESSAGE][PASSED] - Object: 'Object Repository/Page_Campaign_Metric_Table/Page_/svg_Items per page_mat-paginator-icon' is clicked on

2023-12-14 09:32:22 - [TEST_STEP][PASSED] - verifyElementClickable(findTestObject("Object Repository/Page_Campaign_Metric_Table/Page_/svg_Items per page_mat-paginator-icon_1")): Object 'Object Repository/Page_Campaign_Metric_Table/Page_/svg_Items per page_mat-paginator-icon_1' is clickable

2023-12-14 09:32:22 - [MESSAGE][PASSED] - Object 'Object Repository/Page_Campaign_Metric_Table/Page_/svg_Items per page_mat-paginator-icon_1' is clickable

2023-12-14 09:32:22 - [TEST_STEP][PASSED] - click(findTestObject("Object Repository/Page_Campaign_Metric_Table/Page_/svg_Items per page_mat-paginator-icon_1")): Object: 'Object Repository/Page_Campaign_Metric_Table/Page_/svg_Items per page_mat-paginator-icon_1' is clicked on

2023-12-14 09:32:23 - [MESSAGE][PASSED] - Object: 'Object Repository/Page_Campaign_Metric_Table/Page_/svg_Items per page_mat-paginator-icon_1' is clicked on

2023-12-14 09:32:23 - [TEST_STEP][PASSED] - click(findTestObject("Object Repository/Page_Campaign_Metric_Table/Page_/div_Items per page_mat-select-arrow ng-tns-c110-14")): Object: 'Object Repository/Page_Campaign_Metric_Table/Page_/div_Items per page_mat-select-arrow ng-tns-c110-14' is clicked on

2023-12-14 09:32:24 - [MESSAGE][PASSED] - Object: 'Object Repository/Page_Campaign_Metric_Table/Page_/div_Items per page_mat-select-arrow ng-tns-c110-14' is clicked on

2023-12-14 09:32:24 - [TEST_STEP][PASSED] - click(findTestObject("Object Repository/Page_Campaign_Metric_Table/Page_/span_10")): Object: 'Object Repository/Page_Campaign_Metric_Table/Page_/span_10' is clicked on

2023-12-14 09:32:24 - [MESSAGE][PASSED] - Object: 'Object Repository/Page_Campaign_Metric_Table/Page_/span_10' is clicked on

2023-12-14 09:32:24 - [TEST_STEP][PASSED] - click(findTestObject("Object Repository/Page_Campaign_Metric_Table/Page_/div_Items per page_mat-select-arrow-wrapper_9322e4")): Object: 'Object Repository/Page_Campaign_Metric_Table/Page_/div_Items per page_mat-select-arrow-wrapper_9322e4' is clicked on

2023-12-14 09:32:25 - [MESSAGE][PASSED] - Object: 'Object Repository/Page_Campaign_Metric_Table/Page_/div_Items per page_mat-select-arrow-wrapper_9322e4' is clicked on

2023-12-14 09:32:25 - [TEST_STEP][PASSED] - click(findTestObject("Object Repository/Page_Campaign_Metric_Table/Page_/span_20")): Object: 'Object Repository/Page_Campaign_Metric_Table/Page_/span_20' is clicked on

2023-12-14 09:32:26 - [MESSAGE][PASSED] - Object: 'Object Repository/Page_Campaign_Metric_Table/Page_/span_20' is clicked on

2023-12-14 09:32:26 - [TEST_STEP][PASSED] - click(findTestObject("Object Repository/Page_Campaign_Metric_Table/Page_/div_Items per page_mat-select-arrow-wrapper_9322e4")): Object: 'Object Repository/Page_Campaign_Metric_Table/Page_/div_Items per page_mat-select-arrow-wrapper_9322e4' is clicked on

2023-12-14 09:32:27 - [MESSAGE][PASSED] - Object: 'Object Repository/Page_Campaign_Metric_Table/Page_/div_Items per page_mat-select-arrow-wrapper_9322e4' is clicked on

2023-12-14 09:32:27 - [TEST_STEP][PASSED] - click(findTestObject("Object Repository/Page_Campaign_Metric_Table/Page_/span_30")): Object: 'Object Repository/Page_Campaign_Metric_Table/Page_/span_30' is clicked on

2023-12-14 09:32:27 - [MESSAGE][PASSED] - Object: 'Object Repository/Page_Campaign_Metric_Table/Page_/span_30' is clicked on

2023-12-14 09:32:27 - [TEST_STEP][PASSED] - click(findTestObject("Object Repository/Page_Campaign_Metric_Table/Page_/div_Items per page_mat-select-arrow ng-tns-c110-14")): Object: 'Object Repository/Page_Campaign_Metric_Table/Page_/div_Items per page_mat-select-arrow ng-tns-c110-14' is clicked on

2023-12-14 09:32:28 - [MESSAGE][PASSED] - Object: 'Object Repository/Page_Campaign_Metric_Table/Page_/div_Items per page_mat-select-arrow ng-tns-c110-14' is clicked on

2023-12-14 09:32:28 - [TEST_STEP][PASSED] - click(findTestObject("Object Repository/Page_Campaign_Metric_Table/Page_/span_5")): Object: 'Object Repository/Page_Campaign_Metric_Table/Page_/span_5' is clicked on

2023-12-14 09:32:29 - [MESSAGE][PASSED] - Object: 'Object Repository/Page_Campaign_Metric_Table/Page_/span_5' is clicked on

2023-12-14 09:32:29 - [TEST_STEP][PASSED] - closeBrowser(): Browser is closed

2023-12-14 09:32:30 - [MESSAGE][PASSED] - Browser is closed]]></system-out>
         <system-err><![CDATA[]]></system-err>
      </testcase>
      <system-out><![CDATA[2023-12-14 09:16:25 - [TEST_SUITE][PASSED] - Function_test: Test Cases/Campaign/test_campaign_metric_table]]></system-out>
      <system-err><![CDATA[]]></system-err>
   </testsuite>
</testsuites>
